nohup: ignoring input

 ****** Running generation 0 ****** 

Population's average fitness: 139057.82340 stdev: 62458.12510
Best fitness: 221053.72000 - size: (8, 37) - species 1 - id 1072
Average adjusted fitness: 0.682
Mean genetic distance 2.201, standard deviation 1.067
Population of 20 members in 2 species:
   ID   age  size  fitness  adj fit  stag
  ====  ===  ====  =======  =======  ====
     1    0     8  221053.7    0.637   -83
     2    0    12  199520.3    0.728   -81
Total extinctions: 0
Generation time: 855.113 sec
Saving checkpoint to neat-checkpoint-0

 ****** Running generation 1 ****** 

Population's average fitness: 74077.99115 stdev: 87396.00703
Best fitness: 221053.72000 - size: (8, 37) - species 1 - id 1072
Average adjusted fitness: 0.450
Mean genetic distance 2.257, standard deviation 0.979
Population of 20 members in 2 species:
   ID   age  size  fitness  adj fit  stag
  ====  ===  ====  =======  =======  ====
     1    1     9  221053.7    0.488   -82
     2    1    11  199520.3    0.411   -80
Total extinctions: 0
Generation time: 898.411 sec (876.762 average)
Saving checkpoint to neat-checkpoint-1

 ****** Running generation 2 ****** 

Population's average fitness: 49948.31740 stdev: 102486.07042
Best fitness: 221053.72000 - size: (8, 37) - species 1 - id 1072
Average adjusted fitness: 0.465
Mean genetic distance 2.201, standard deviation 1.041
Population of 20 members in 2 species:
   ID   age  size  fitness  adj fit  stag
  ====  ===  ====  =======  =======  ====
     1    2    10  221053.7    0.538   -81
     2    2    10  199520.3    0.392   -79
Total extinctions: 0
Generation time: 893.334 sec (882.286 average)
Saving checkpoint to neat-checkpoint-2

 ****** Running generation 3 ****** 

Population's average fitness: 60429.19720 stdev: 95967.23975
Best fitness: 221053.72000 - size: (8, 37) - species 1 - id 1072
Average adjusted fitness: 0.502
Mean genetic distance 2.192, standard deviation 1.046
Population of 20 members in 2 species:
   ID   age  size  fitness  adj fit  stag
  ====  ===  ====  =======  =======  ====
     1    3     9  221053.7    0.495   -80
     2    3    11  199520.3    0.508   -78
Total extinctions: 0
Generation time: 878.731 sec (881.397 average)
Saving checkpoint to neat-checkpoint-3

 ****** Running generation 4 ****** 

Population's average fitness: 70270.19165 stdev: 93877.05146
Best fitness: 221053.72000 - size: (8, 37) - species 1 - id 1072
Average adjusted fitness: 0.461
Mean genetic distance 2.217, standard deviation 0.965
Population of 20 members in 2 species:
   ID   age  size  fitness  adj fit  stag
  ====  ===  ====  =======  =======  ====
     1    4    10  221053.7    0.479   -79
     2    4    10  199520.3    0.444   -77
Total extinctions: 0
Generation time: 870.303 sec (879.178 average)
Saving checkpoint to neat-checkpoint-4

 ****** Running generation 5 ****** 

Population's average fitness: 75056.75250 stdev: 93846.32755
Best fitness: 221053.72000 - size: (8, 37) - species 1 - id 1072
Average adjusted fitness: 0.464
Mean genetic distance 2.178, standard deviation 1.073
Population of 20 members in 2 species:
   ID   age  size  fitness  adj fit  stag
  ====  ===  ====  =======  =======  ====
     1    5     9  221053.7    0.412   -78
     2    5    11  199520.3    0.516   -76
Total extinctions: 0
Generation time: 870.159 sec (877.675 average)
Saving checkpoint to neat-checkpoint-5

 ****** Running generation 6 ****** 

Population's average fitness: 74502.83320 stdev: 97255.62710
Best fitness: 221053.72000 - size: (8, 37) - species 1 - id 1072
Average adjusted fitness: 0.472
Mean genetic distance 2.208, standard deviation 1.073
Population of 20 members in 2 species:
   ID   age  size  fitness  adj fit  stag
  ====  ===  ====  =======  =======  ====
     1    6     8  221053.7    0.383   -77
     2    6    12  199520.3    0.561   -75
Total extinctions: 0
Generation time: 870.657 sec (876.673 average)
Saving checkpoint to neat-checkpoint-6

 ****** Running generation 7 ****** 

Population's average fitness: 93532.76715 stdev: 85793.04608
Best fitness: 221053.72000 - size: (8, 37) - species 1 - id 1072
Average adjusted fitness: 0.476
Mean genetic distance 2.187, standard deviation 0.937
Population of 19 members in 2 species:
   ID   age  size  fitness  adj fit  stag
  ====  ===  ====  =======  =======  ====
     1    7     9  221053.7    0.417   -76
     2    7    10  199520.3    0.535   -74
Total extinctions: 0
Generation time: 859.734 sec (874.555 average)
Saving checkpoint to neat-checkpoint-7

 ****** Running generation 8 ****** 

Population's average fitness: 76971.17495 stdev: 87755.74460
Best fitness: 221053.72000 - size: (8, 37) - species 1 - id 1072
Average adjusted fitness: 0.446
Mean genetic distance 2.277, standard deviation 0.986
Population of 20 members in 2 species:
   ID   age  size  fitness  adj fit  stag
  ====  ===  ====  =======  =======  ====
     1    8    11  221053.7    0.499   -75
     2    8     9  199520.3    0.393   -73
Total extinctions: 0
Generation time: 842.597 sec (871.004 average)
Saving checkpoint to neat-checkpoint-8

 ****** Running generation 9 ****** 

Population's average fitness: 56019.76525 stdev: 96887.62421
Best fitness: 221053.72000 - size: (8, 37) - species 1 - id 1072
Average adjusted fitness: 0.431
Mean genetic distance 2.214, standard deviation 1.061
Population of 20 members in 2 species:
   ID   age  size  fitness  adj fit  stag
  ====  ===  ====  =======  =======  ====
     1    9    10  221053.7    0.392   -74
     2    9    10  199520.3    0.470   -72
Total extinctions: 0
Generation time: 887.942 sec (872.698 average)
Saving checkpoint to neat-checkpoint-9

 ****** Running generation 10 ****** 

Population's average fitness: 46447.64455 stdev: 99116.16131
Best fitness: 221053.72000 - size: (8, 37) - species 1 - id 1072
Average adjusted fitness: 0.509
Mean genetic distance 2.268, standard deviation 0.995
Population of 20 members in 2 species:
   ID   age  size  fitness  adj fit  stag
  ====  ===  ====  =======  =======  ====
     1   10    11  221053.7    0.519   -73
     2   10     9  199520.3    0.499   -71
Total extinctions: 0
Generation time: 843.438 sec (871.531 average)
Saving checkpoint to neat-checkpoint-10

 ****** Running generation 11 ****** 

Population's average fitness: 68325.47820 stdev: 88992.71691
Best fitness: 221053.72000 - size: (8, 37) - species 1 - id 1072
Average adjusted fitness: 0.483
Mean genetic distance 2.215, standard deviation 1.066
Population of 20 members in 2 species:
   ID   age  size  fitness  adj fit  stag
  ====  ===  ====  =======  =======  ====
     1   11    10  221053.7    0.501   -72
     2   11    10  199520.3    0.464   -70
Total extinctions: 0
Generation time: 892.977 sec (870.987 average)
Saving checkpoint to neat-checkpoint-11

 ****** Running generation 12 ****** 

Population's average fitness: 83665.16945 stdev: 90879.35815
Best fitness: 221053.72000 - size: (8, 37) - species 1 - id 1072
Average adjusted fitness: 0.522
Mean genetic distance 2.213, standard deviation 1.052
Population of 20 members in 2 species:
   ID   age  size  fitness  adj fit  stag
  ====  ===  ====  =======  =======  ====
     1   12     9  221053.7    0.515   -71
     2   12    11  199520.3    0.529   -69
Total extinctions: 0
Generation time: 903.723 sec (872.026 average)
Saving checkpoint to neat-checkpoint-12

 ****** Running generation 13 ****** 

Population's average fitness: 61509.99045 stdev: 88994.09253
Best fitness: 221053.72000 - size: (8, 37) - species 1 - id 1072
Average adjusted fitness: 0.397
Mean genetic distance 2.229, standard deviation 1.058
Population of 20 members in 2 species:
   ID   age  size  fitness  adj fit  stag
  ====  ===  ====  =======  =======  ====
     1   13    10  221053.7    0.421   -70
     2   13    10  199520.3    0.372   -68
Total extinctions: 0
Generation time: 894.787 sec (873.632 average)
Saving checkpoint to neat-checkpoint-13

 ****** Running generation 14 ****** 

Population's average fitness: 64087.03295 stdev: 95337.46475
Best fitness: 221053.72000 - size: (8, 37) - species 1 - id 1072
Average adjusted fitness: 0.475
Mean genetic distance 2.236, standard deviation 1.022
Population of 20 members in 2 species:
   ID   age  size  fitness  adj fit  stag
  ====  ===  ====  =======  =======  ====
     1   14     9  221053.7    0.440   -69
     2   14    11  199520.3    0.510   -67
Total extinctions: 0
Generation time: 869.006 sec (873.502 average)
Saving checkpoint to neat-checkpoint-14

 ****** Running generation 15 ****** 

Population's average fitness: 80505.86120 stdev: 88687.85803
Best fitness: 221053.72000 - size: (8, 37) - species 1 - id 1072
Average adjusted fitness: 0.495
Mean genetic distance 2.212, standard deviation 1.086
Population of 20 members in 2 species:
   ID   age  size  fitness  adj fit  stag
  ====  ===  ====  =======  =======  ====
     1   15    10  221053.7    0.468   -68
     2   15    10  199520.3    0.522   -66
Total extinctions: 0
Generation time: 882.946 sec (874.781 average)
Saving checkpoint to neat-checkpoint-15

 ****** Running generation 16 ****** 

Population's average fitness: 72806.80885 stdev: 93929.66465
Best fitness: 221053.72000 - size: (8, 37) - species 1 - id 1072
Average adjusted fitness: 0.430
Mean genetic distance 2.202, standard deviation 1.023
Population of 20 members in 2 species:
   ID   age  size  fitness  adj fit  stag
  ====  ===  ====  =======  =======  ====
     1   16     9  221053.7    0.415   -67
     2   16    11  199520.3    0.444   -65
Total extinctions: 0
Generation time: 874.643 sec (875.179 average)
Saving checkpoint to neat-checkpoint-16

 ****** Running generation 17 ****** 

Population's average fitness: 67095.42500 stdev: 106578.06685
Best fitness: 221053.72000 - size: (8, 37) - species 1 - id 1072
Average adjusted fitness: 0.473
Mean genetic distance 2.192, standard deviation 1.094
Population of 20 members in 2 species:
   ID   age  size  fitness  adj fit  stag
  ====  ===  ====  =======  =======  ====
     1   17    10  221053.7    0.474   -66
     2   17    10  199520.3    0.471   -64
Total extinctions: 0
Generation time: 906.051 sec (879.811 average)
Saving checkpoint to neat-checkpoint-17

 ****** Running generation 18 ****** 

Population's average fitness: 90053.65320 stdev: 92585.26125
Best fitness: 221053.72000 - size: (8, 37) - species 1 - id 1072
Average adjusted fitness: 0.525
Mean genetic distance 2.144, standard deviation 1.003
Population of 20 members in 2 species:
   ID   age  size  fitness  adj fit  stag
  ====  ===  ====  =======  =======  ====
     1   18    11  221053.7    0.632   -65
     2   18     9  199520.3    0.417   -63
Total extinctions: 0
Generation time: 844.084 sec (879.960 average)
Saving checkpoint to neat-checkpoint-18

 ****** Running generation 19 ****** 

Population's average fitness: 63123.18575 stdev: 99635.22027
Best fitness: 221053.72000 - size: (8, 37) - species 1 - id 1072
Average adjusted fitness: 0.560
Mean genetic distance 2.187, standard deviation 1.039
Population of 20 members in 2 species:
   ID   age  size  fitness  adj fit  stag
  ====  ===  ====  =======  =======  ====
     1   19    10  221053.7    0.497   -64
     2   19    10  199520.3    0.623   -62
Total extinctions: 0
Generation time: 888.392 sec (880.005 average)
Saving checkpoint to neat-checkpoint-19

 ****** Running generation 20 ****** 

Population's average fitness: 88931.29300 stdev: 98778.34805
Best fitness: 234129.38100 - size: (7, 31) - species 1 - id 275
Average adjusted fitness: 0.583
Mean genetic distance 2.245, standard deviation 0.993
Population of 20 members in 2 species:
   ID   age  size  fitness  adj fit  stag
  ====  ===  ====  =======  =======  ====
     1   20    11  234129.4    0.609     0
     2   20     9  199520.3    0.557   -61
Total extinctions: 0
Generation time: 893.881 sec (885.049 average)
Saving checkpoint to neat-checkpoint-20

 ****** Running generation 21 ****** 

Population's average fitness: 63526.63300 stdev: 101067.62580
Best fitness: 234129.38100 - size: (7, 31) - species 1 - id 275
Average adjusted fitness: 0.486
Mean genetic distance 2.209, standard deviation 1.109
Population of 20 members in 2 species:
   ID   age  size  fitness  adj fit  stag
  ====  ===  ====  =======  =======  ====
     1   21    10  234129.4    0.478     1
     2   21    10  199520.3    0.494   -60
Total extinctions: 0
Generation time: 867.407 sec (882.492 average)
Saving checkpoint to neat-checkpoint-21

 ****** Running generation 22 ****** 

Population's average fitness: 75769.39155 stdev: 100145.57321
Best fitness: 234129.38100 - size: (7, 31) - species 1 - id 275
Average adjusted fitness: 0.454
Mean genetic distance 2.260, standard deviation 1.046
Population of 20 members in 2 species:
   ID   age  size  fitness  adj fit  stag
  ====  ===  ====  =======  =======  ====
     1   22     9  234129.4    0.371     2
     2   22    11  199520.3    0.537   -59
Total extinctions: 0
Generation time: 874.805 sec (879.600 average)
Saving checkpoint to neat-checkpoint-22

 ****** Running generation 23 ****** 

Population's average fitness: 72638.47065 stdev: 104181.92340
Best fitness: 234129.38100 - size: (7, 31) - species 1 - id 275
Average adjusted fitness: 0.460
Mean genetic distance 2.222, standard deviation 1.089
Population of 20 members in 2 species:
   ID   age  size  fitness  adj fit  stag
  ====  ===  ====  =======  =======  ====
     1   23    10  234129.4    0.459     3
     2   23    10  199520.3    0.462   -58
Total extinctions: 0
Generation time: 889.540 sec (879.076 average)
Saving checkpoint to neat-checkpoint-23

 ****** Running generation 24 ****** 

Population's average fitness: 53982.58780 stdev: 107198.59304
Best fitness: 234129.38100 - size: (7, 31) - species 1 - id 275
Average adjusted fitness: 0.444
Mean genetic distance 2.230, standard deviation 1.045
Population of 20 members in 2 species:
   ID   age  size  fitness  adj fit  stag
  ====  ===  ====  =======  =======  ====
     1   24    11  234129.4    0.464     4
     2   24     9  199520.3    0.425   -57
Total extinctions: 0
Generation time: 883.464 sec (880.521 average)
Saving checkpoint to neat-checkpoint-24

 ****** Running generation 25 ****** 

Population's average fitness: 56600.54335 stdev: 113203.44914
Best fitness: 234129.38100 - size: (7, 31) - species 1 - id 275
Average adjusted fitness: 0.559
Mean genetic distance 2.197, standard deviation 1.076
Population of 20 members in 2 species:
   ID   age  size  fitness  adj fit  stag
  ====  ===  ====  =======  =======  ====
     1   25    10  234129.4    0.609     5
     2   25    10  199520.3    0.509   -56
Total extinctions: 0
Generation time: 888.107 sec (881.037 average)
Saving checkpoint to neat-checkpoint-25

 ****** Running generation 26 ****** 

Population's average fitness: 71427.45625 stdev: 97982.70803
Best fitness: 234129.38100 - size: (7, 31) - species 1 - id 275
Average adjusted fitness: 0.497
Mean genetic distance 2.252, standard deviation 1.064
Population of 20 members in 2 species:
   ID   age  size  fitness  adj fit  stag
  ====  ===  ====  =======  =======  ====
     1   26    11  234129.4    0.529     6
     2   26     9  199520.3    0.465   -55
Total extinctions: 0
Generation time: 881.210 sec (881.694 average)
Saving checkpoint to neat-checkpoint-26

 ****** Running generation 27 ****** 

Population's average fitness: 65657.63590 stdev: 106601.46324
Best fitness: 234129.38100 - size: (7, 31) - species 1 - id 275
Average adjusted fitness: 0.429
Mean genetic distance 2.278, standard deviation 1.006
Population of 20 members in 2 species:
   ID   age  size  fitness  adj fit  stag
  ====  ===  ====  =======  =======  ====
     1   27    10  234129.4    0.362     7
     2   27    10  199520.3    0.496   -54
Total extinctions: 0
Generation time: 887.121 sec (879.801 average)
Saving checkpoint to neat-checkpoint-27

 ****** Running generation 28 ****** 

Population's average fitness: 92177.37195 stdev: 91201.71845
Best fitness: 234129.38100 - size: (7, 31) - species 1 - id 275
Average adjusted fitness: 0.470
Mean genetic distance 2.203, standard deviation 1.062
Population of 20 members in 2 species:
   ID   age  size  fitness  adj fit  stag
  ====  ===  ====  =======  =======  ====
     1   28    11  234129.4    0.573     8
     2   28     9  199520.3    0.366   -53
Total extinctions: 0
Generation time: 869.107 sec (882.304 average)Env #:0 Genome_id # :942 Fitness :148630.86 Final Amt :6584.52 Days :236 Avg Daily Profit :0.521 %
Env #:0 Genome_id # :1042 Fitness :199520.33 Final Amt :4101.31 Days :236 Avg Daily Profit :0.319 %
Env #:0 Genome_id # :1 Fitness :-42321.93 Final Amt :1476.29 Days :236 Avg Daily Profit :-0.117 %
Env #:0 Genome_id # :9 Fitness :1202.94 Final Amt :2021.7 Days :236 Avg Daily Profit :0.005 %
Env #:0 Genome_id # :1042 Fitness :199520.33 Final Amt :4101.31 Days :236 Avg Daily Profit :0.319 %
Env #:0 Genome_id # :24 Fitness :0.0 Final Amt :2000.0 Days :236 Avg Daily Profit :0.0 %
Env #:0 Genome_id # :1042 Fitness :199520.33 Final Amt :4101.31 Days :236 Avg Daily Profit :0.319 %
Env #:0 Genome_id # :39 Fitness :12328.71 Final Amt :2088.31 Days :236 Avg Daily Profit :0.034 %
Env #:0 Genome_id # :48 Fitness :-15681.36 Final Amt :1735.44 Days :236 Avg Daily Profit :-0.04 %
Env #:0 Genome_id # :51 Fitness :36503.57 Final Amt :2763.56 Days :236 Avg Daily Profit :0.158 %
Env #:0 Genome_id # :61 Fitness :-5109.47 Final Amt :1931.69 Days :236 Avg Daily Profit :-0.014 %
Env #:0 Genome_id # :1072 Fitness :221053.72 Final Amt :4025.71 Days :236 Avg Daily Profit :0.311 %
Env #:0 Genome_id # :99 Fitness :185165.94 Final Amt :7763.33 Days :236 Avg Daily Profit :0.589 %
Env #:0 Genome_id # :365 Fitness :179596.04 Final Amt :4241.39 Days :236 Avg Daily Profit :0.343 %
Env #:0 Genome_id # :99 Fitness :185165.94 Final Amt :7763.33 Days :236 Avg Daily Profit :0.589 %
Env #:0 Genome_id # :98 Fitness :-13260.29 Final Amt :1915.36 Days :236 Avg Daily Profit :-0.006 %
Env #:0 Genome_id # :104 Fitness :-37599.47 Final Amt :2036.53 Days :236 Avg Daily Profit :0.032 %
Env #:0 Genome_id # :108 Fitness :149077.06 Final Amt :7362.49 Days :236 Avg Daily Profit :0.574 %
Env #:0 Genome_id # :113 Fitness :-54602.09 Final Amt :1476.12 Days :236 Avg Daily Profit :-0.111 %
Env #:0 Genome_id # :125 Fitness :-36674.78 Final Amt :1030.56 Days :236 Avg Daily Profit :-0.268 %
Env #:0 Genome_id # :129 Fitness :3256.35 Final Amt :1502.95 Days :236 Avg Daily Profit :-0.098 %
Env #:0 Genome_id # :135 Fitness :-6275.56 Final Amt :1903.06 Days :236 Avg Daily Profit :-0.021 %
Env #:0 Genome_id # :1042 Fitness :199520.33 Final Amt :4101.31 Days :236 Avg Daily Profit :0.319 %
Env #:0 Genome_id # :150 Fitness :-75112.56 Final Amt :1853.99 Days :236 Avg Daily Profit :-0.023 %
Env #:0 Genome_id # :156 Fitness :30646.39 Final Amt :2442.88 Days :236 Avg Daily Profit :0.107 %
Env #:0 Genome_id # :166 Fitness :-19805.88 Final Amt :1856.89 Days :236 Avg Daily Profit :-0.015 %
Env #:0 Genome_id # :173 Fitness :72921.11 Final Amt :3505.66 Days :236 Avg Daily Profit :0.259 %
Env #:0 Genome_id # :178 Fitness :12160.02 Final Amt :2034.0 Days :236 Avg Daily Profit :0.035 %
Env #:0 Genome_id # :594 Fitness :181462.48 Final Amt :7789.56 Days :236 Avg Daily Profit :0.59 %
Env #:0 Genome_id # :193 Fitness :-7774.6 Final Amt :2042.29 Days :236 Avg Daily Profit :0.022 %
Env #:0 Genome_id # :200 Fitness :8379.94 Final Amt :3186.87 Days :236 Avg Daily Profit :0.218 %
Env #:0 Genome_id # :210 Fitness :62918.21 Final Amt :2194.02 Days :236 Avg Daily Profit :0.063 %
Env #:0 Genome_id # :217 Fitness :164909.8 Final Amt :7569.48 Days :236 Avg Daily Profit :0.582 %
Env #:0 Genome_id # :219 Fitness :48302.12 Final Amt :2403.43 Days :236 Avg Daily Profit :0.097 %
Env #:0 Genome_id # :230 Fitness :-48053.85 Final Amt :1559.23 Days :236 Avg Daily Profit :-0.088 %
Env #:0 Genome_id # :238 Fitness :-70755.39 Final Amt :3864.08 Days :236 Avg Daily Profit :0.297 %
Env #:0 Genome_id # :244 Fitness :133113.63 Final Amt :5073.36 Days :236 Avg Daily Profit :0.404 %
Env #:0 Genome_id # :246 Fitness :362.19 Final Amt :1922.84 Days :236 Avg Daily Profit :-0.015 %
Env #:0 Genome_id # :1042 Fitness :199520.33 Final Amt :4101.31 Days :236 Avg Daily Profit :0.319 %
Env #:0 Genome_id # :259 Fitness :90600.06 Final Amt :2437.83 Days :236 Avg Daily Profit :0.114 %
Env #:0 Genome_id # :270 Fitness :-33993.84 Final Amt :1622.39 Days :236 Avg Daily Profit :-0.069 %
Env #:0 Genome_id # :280 Fitness :-34974.06 Final Amt :1570.69 Days :236 Avg Daily Profit :-0.084 %
Env #:0 Genome_id # :275 Fitness :234129.38 Final Amt :2092.0 Days :236 Avg Daily Profit :0.044 %
Env #:0 Genome_id # :293 Fitness :17574.84 Final Amt :2168.48 Days :236 Avg Daily Profit :0.043 %
Env #:0 Genome_id # :295 Fitness :152911.57 Final Amt :7025.41 Days :236 Avg Daily Profit :0.549 %
Env #:0 Genome_id # :304 Fitness :-49525.98 Final Amt :1547.05 Days :236 Avg Daily Profit :-0.089 %
Env #:0 Genome_id # :314 Fitness :1210.99 Final Amt :1385.95 Days :236 Avg Daily Profit :-0.138 %
Env #:0 Genome_id # :317 Fitness :-65214.89 Final Amt :1774.37 Days :236 Avg Daily Profit :-0.037 %
Env #:0 Genome_id # :324 Fitness :-9787.61 Final Amt :1717.65 Days :236 Avg Daily Profit :-0.045 %
Env #:0 Genome_id # :275 Fitness :234129.38 Final Amt :2092.0 Days :236 Avg Daily Profit :0.044 %
Env #:0 Genome_id # :1042 Fitness :199520.33 Final Amt :4101.31 Days :236 Avg Daily Profit :0.319 %
Env #:0 Genome_id # :345 Fitness :-368.53 Final Amt :1993.29 Days :236 Avg Daily Profit :-0.001 %
Env #:0 Genome_id # :1042 Fitness :199520.33 Final Amt :4101.31 Days :236 Avg Daily Profit :0.319 %
Env #:0 Genome_id # :361 Fitness :17435.7 Final Amt :1962.44 Days :236 Avg Daily Profit :0.006 %
Env #:0 Genome_id # :227 Fitness :177221.07 Final Amt :7098.52 Days :236 Avg Daily Profit :0.553 %
Env #:0 Genome_id # :376 Fitness :-8407.1 Final Amt :1792.56 Days :236 Avg Daily Profit :-0.044 %
Env #:0 Genome_id # :1042 Fitness :199520.33 Final Amt :4101.31 Days :236 Avg Daily Profit :0.319 %
Env #:0 Genome_id # :388 Fitness :98314.7 Final Amt :2306.11 Days :236 Avg Daily Profit :0.088 %
Env #:0 Genome_id # :396 Fitness :134310.01 Final Amt :5777.89 Days :236 Avg Daily Profit :0.461 %
Env #:0 Genome_id # :401 Fitness :15093.31 Final Amt :2078.62 Days :236 Avg Daily Profit :0.037 %
Env #:0 Genome_id # :718 Fitness :182899.82 Final Amt :3284.67 Days :236 Avg Daily Profit :0.235 %
Env #:0 Genome_id # :937 Fitness :-52938.84 Final Amt :6836.39 Days :236 Avg Daily Profit :0.544 %
Env #:0 Genome_id # :4 Fitness :61159.58 Final Amt :2311.35 Days :236 Avg Daily Profit :0.08 %
Env #:0 Genome_id # :14 Fitness :-19141.21 Final Amt :2132.35 Days :236 Avg Daily Profit :0.044 %
Env #:0 Genome_id # :21 Fitness :-94267.93 Final Amt :1906.88 Days :236 Avg Daily Profit :-0.008 %
Env #:0 Genome_id # :365 Fitness :179596.04 Final Amt :4241.39 Days :236 Avg Daily Profit :0.343 %
Env #:0 Genome_id # :30 Fitness :-4710.73 Final Amt :2167.43 Days :236 Avg Daily Profit :0.038 %
Env #:0 Genome_id # :365 Fitness :179596.04 Final Amt :4241.39 Days :236 Avg Daily Profit :0.343 %
Env #:0 Genome_id # :594 Fitness :181462.48 Final Amt :7789.56 Days :236 Avg Daily Profit :0.59 %
Env #:0 Genome_id # :54 Fitness :-42566.8 Final Amt :1583.0 Days :236 Avg Daily Profit :-0.082 %
Env #:0 Genome_id # :62 Fitness :117141.24 Final Amt :4674.55 Days :236 Avg Daily Profit :0.37 %
Env #:0 Genome_id # :365 Fitness :179596.04 Final Amt :4241.39 Days :236 Avg Daily Profit :0.343 %
Env #:0 Genome_id # :74 Fitness :106160.75 Final Amt :7310.46 Days :236 Avg Daily Profit :0.575 %
Env #:0 Genome_id # :718 Fitness :182899.82 Final Amt :3284.67 Days :236 Avg Daily Profit :0.235 %
Env #:0 Genome_id # :85 Fitness :161013.46 Final Amt :6948.76 Days :236 Avg Daily Profit :0.541 %
Env #:0 Genome_id # :95 Fitness :-16935.93 Final Amt :1782.58 Days :236 Avg Daily Profit :-0.04 %
Env #:0 Genome_id # :100 Fitness :-24074.34 Final Amt :2636.56 Days :236 Avg Daily Profit :0.127 %
Env #:0 Genome_id # :110 Fitness :0.0 Final Amt :2000.0 Days :236 Avg Daily Profit :0.0 %
Env #:0 Genome_id # :594 Fitness :181462.48 Final Amt :7789.56 Days :236 Avg Daily Profit :0.59 %
Env #:0 Genome_id # :123 Fitness :58272.5 Final Amt :2726.34 Days :236 Avg Daily Profit :0.155 %
Env #:0 Genome_id # :130 Fitness :-52318.22 Final Amt :1205.32 Days :236 Avg Daily Profit :-0.189 %
Env #:0 Genome_id # :1072 Fitness :221053.72 Final Amt :4025.71 Days :236 Avg Daily Profit :0.311 %
Env #:0 Genome_id # :99 Fitness :151615.93 Final Amt :6372.92 Days :236 Avg Daily Profit :0.508 %
Env #:0 Genome_id # :148 Fitness :23305.97 Final Amt :2039.76 Days :236 Avg Daily Profit :0.038 %
Env #:0 Genome_id # :99 Fitness :151615.93 Final Amt :6372.92 Days :236 Avg Daily Profit :0.508 %
Env #:0 Genome_id # :164 Fitness :84384.36 Final Amt :3445.6 Days :236 Avg Daily Profit :0.258 %
Env #:0 Genome_id # :594 Fitness :181462.48 Final Amt :7789.56 Days :236 Avg Daily Profit :0.59 %
Env #:0 Genome_id # :718 Fitness :182899.82 Final Amt :3284.67 Days :236 Avg Daily Profit :0.235 %
Env #:0 Genome_id # :186 Fitness :107269.52 Final Amt :5667.06 Days :236 Avg Daily Profit :0.455 %
Env #:0 Genome_id # :365 Fitness :179596.04 Final Amt :4241.39 Days :236 Avg Daily Profit :0.343 %
Env #:0 Genome_id # :197 Fitness :167225.08 Final Amt :7247.47 Days :236 Avg Daily Profit :0.563 %
Env #:0 Genome_id # :209 Fitness :-58820.24 Final Amt :1528.13 Days :236 Avg Daily Profit :-0.095 %
Env #:0 Genome_id # :216 Fitness :172427.9 Final Amt :7024.5 Days :236 Avg Daily Profit :0.548 %
Env #:0 Genome_id # :224 Fitness :30515.06 Final Amt :2161.14 Days :236 Avg Daily Profit :0.052 %
Env #:0 Genome_id # :226 Fitness :-39398.17 Final Amt :1519.43 Days :236 Avg Daily Profit :-0.098 %
Env #:0 Genome_id # :233 Fitness :43051.45 Final Amt :2193.86 Days :236 Avg Daily Profit :0.057 %
Env #:0 Genome_id # :243 Fitness :-7813.77 Final Amt :1908.86 Days :236 Avg Daily Profit :0.001 %
Env #:0 Genome_id # :247 Fitness :17944.26 Final Amt :3900.98 Days :236 Avg Daily Profit :0.296 %
Env #:0 Genome_id # :255 Fitness :46534.87 Final Amt :3197.33 Days :236 Avg Daily Profit :0.208 %
Env #:0 Genome_id # :264 Fitness :-90620.76 Final Amt :2178.12 Days :236 Avg Daily Profit :0.049 %
Env #:0 Genome_id # :272 Fitness :87640.4 Final Amt :1970.72 Days :236 Avg Daily Profit :-0.001 %
Env #:0 Genome_id # :274 Fitness :17456.16 Final Amt :2197.87 Days :236 Avg Daily Profit :0.063 %
Env #:0 Genome_id # :1042 Fitness :199520.33 Final Amt :4101.31 Days :236 Avg Daily Profit :0.319 %
Env #:0 Genome_id # :291 Fitness :-97403.13 Final Amt :1619.08 Days :236 Avg Daily Profit :-0.079 %
Env #:0 Genome_id # :300 Fitness :-7282.58 Final Amt :1577.76 Days :236 Avg Daily Profit :-0.086 %
Env #:0 Genome_id # :275 Fitness :234129.38 Final Amt :2092.0 Days :236 Avg Daily Profit :0.044 %
Env #:0 Genome_id # :227 Fitness :177221.07 Final Amt :7098.52 Days :236 Avg Daily Profit :0.553 %
Env #:0 Genome_id # :249 Fitness :189430.37 Final Amt :3131.48 Days :236 Avg Daily Profit :0.211 %
Env #:0 Genome_id # :323 Fitness :-90086.37 Final Amt :1640.01 Days :236 Avg Daily Profit :-0.075 %
Env #:0 Genome_id # :249 Fitness :189430.37 Final Amt :3131.48 Days :236 Avg Daily Profit :0.211 %
Env #:0 Genome_id # :337 Fitness :-30284.71 Final Amt :1748.49 Days :236 Avg Daily Profit :-0.042 %
Env #:0 Genome_id # :350 Fitness :17612.12 Final Amt :1896.61 Days :236 Avg Daily Profit :-0.005 %
Env #:0 Genome_id # :355 Fitness :-50222.15 Final Amt :1783.19 Days :236 Avg Daily Profit :-0.038 %
Env #:0 Genome_id # :275 Fitness :234129.38 Final Amt :2092.0 Days :236 Avg Daily Profit :0.044 %
Env #:0 Genome_id # :365 Fitness :-47571.05 Final Amt :985.32 Days :236 Avg Daily Profit :-0.282 %
Env #:0 Genome_id # :372 Fitness :-41572.21 Final Amt :1126.95 Days :236 Avg Daily Profit :-0.222 %
Env #:0 Genome_id # :381 Fitness :-8638.04 Final Amt :1756.7 Days :236 Avg Daily Profit :-0.034 %
Env #:0 Genome_id # :386 Fitness :0.0 Final Amt :2000.0 Days :236 Avg Daily Profit :0.0 %
Env #:0 Genome_id # :1042 Fitness :199520.33 Final Amt :4101.31 Days :236 Avg Daily Profit :0.319 %
Env #:0 Genome_id # :402 Fitness :63892.36 Final Amt :3571.76 Days :236 Avg Daily Profit :0.273 %
Env #:0 Genome_id # :99 Fitness :185165.94 Final Amt :7763.33 Days :236 Avg Daily Profit :0.589 %
Env #:0 Genome_id # :785 Fitness :177248.44 Final Amt :8296.32 Days :236 Avg Daily Profit :0.617 %
Env #:0 Genome_id # :1042 Fitness :199520.33 Final Amt :4101.31 Days :236 Avg Daily Profit :0.319 %
Env #:0 Genome_id # :718 Fitness :182899.82 Final Amt :3284.67 Days :236 Avg Daily Profit :0.235 %
Env #:0 Genome_id # :16 Fitness :-54140.67 Final Amt :1621.56 Days :236 Avg Daily Profit :-0.069 %
Env #:0 Genome_id # :22 Fitness :-38633.53 Final Amt :1614.14 Days :236 Avg Daily Profit :-0.073 %
Env #:0 Genome_id # :594 Fitness :181462.48 Final Amt :7789.56 Days :236 Avg Daily Profit :0.59 %
Env #:0 Genome_id # :1072 Fitness :221053.72 Final Amt :4025.71 Days :236 Avg Daily Profit :0.311 %
Env #:0 Genome_id # :1042 Fitness :199520.33 Final Amt :4101.31 Days :236 Avg Daily Profit :0.319 %
Env #:0 Genome_id # :56 Fitness :110754.91 Final Amt :2605.36 Days :236 Avg Daily Profit :0.128 %
Env #:0 Genome_id # :63 Fitness :-43312.18 Final Amt :1548.46 Days :236 Avg Daily Profit :-0.088 %
Env #:0 Genome_id # :70 Fitness :0.0 Final Amt :2000.0 Days :236 Avg Daily Profit :0.0 %
Env #:0 Genome_id # :594 Fitness :181462.48 Final Amt :7789.56 Days :236 Avg Daily Profit :0.59 %
Env #:0 Genome_id # :82 Fitness :393.76 Final Amt :3143.8 Days :236 Avg Daily Profit :0.205 %
Env #:0 Genome_id # :87 Fitness :139726.8 Final Amt :5579.52 Days :236 Avg Daily Profit :0.45 %
Env #:0 Genome_id # :718 Fitness :182899.82 Final Amt :3284.67 Days :236 Avg Daily Profit :0.235 %
Env #:0 Genome_id # :102 Fitness :-10621.84 Final Amt :2748.03 Days :236 Avg Daily Profit :0.156 %
Env #:0 Genome_id # :718 Fitness :182899.82 Final Amt :3284.67 Days :236 Avg Daily Profit :0.235 %
Env #:0 Genome_id # :116 Fitness :63286.63 Final Amt :5973.02 Days :236 Avg Daily Profit :0.477 %
Env #:0 Genome_id # :121 Fitness :2144.23 Final Amt :1952.6 Days :236 Avg Daily Profit :0.02 %
Env #:0 Genome_id # :127 Fitness :21653.29 Final Amt :1997.66 Days :236 Avg Daily Profit :0.002 %
Env #:0 Genome_id # :138 Fitness :38667.49 Final Amt :3467.98 Days :236 Avg Daily Profit :0.254 %
Env #:0 Genome_id # :1072 Fitness :221053.72 Final Amt :4025.71 Days :236 Avg Daily Profit :0.311 %
Env #:0 Genome_id # :151 Fitness :60513.28 Final Amt :2304.95 Days :236 Avg Daily Profit :0.08 %
Env #:0 Genome_id # :159 Fitness :114232.98 Final Amt :2565.69 Days :236 Avg Daily Profit :0.129 %
Env #:0 Genome_id # :165 Fitness :78902.62 Final Amt :2468.09 Days :236 Avg Daily Profit :0.109 %
Env #:0 Genome_id # :172 Fitness :-33578.35 Final Amt :1543.59 Days :236 Avg Daily Profit :-0.09 %
Env #:0 Genome_id # :182 Fitness :14190.71 Final Amt :1998.69 Days :236 Avg Daily Profit :0.012 %
Env #:0 Genome_id # :189 Fitness :35299.49 Final Amt :2361.71 Days :236 Avg Daily Profit :0.08 %
Env #:0 Genome_id # :718 Fitness :182899.82 Final Amt :3284.67 Days :236 Avg Daily Profit :0.235 %
Env #:0 Genome_id # :99 Fitness :151615.93 Final Amt :6372.92 Days :236 Avg Daily Profit :0.508 %
Env #:0 Genome_id # :207 Fitness :11636.36 Final Amt :2135.23 Days :236 Avg Daily Profit :0.04 %
Env #:0 Genome_id # :214 Fitness :-9832.55 Final Amt :1866.44 Days :236 Avg Daily Profit :-0.02 %
Env #:0 Genome_id # :718 Fitness :182899.82 Final Amt :3284.67 Days :236 Avg Daily Profit :0.235 %
Env #:0 Genome_id # :216 Fitness :172427.9 Final Amt :7024.5 Days :236 Avg Daily Profit :0.548 %
Env #:0 Genome_id # :365 Fitness :179596.04 Final Amt :4241.39 Days :236 Avg Daily Profit :0.343 %
Env #:0 Genome_id # :594 Fitness :181462.48 Final Amt :7789.56 Days :236 Avg Daily Profit :0.59 %
Env #:0 Genome_id # :718 Fitness :182899.82 Final Amt :3284.67 Days :236 Avg Daily Profit :0.235 %
Env #:0 Genome_id # :227 Fitness :177221.07 Final Amt :7098.52 Days :236 Avg Daily Profit :0.553 %
Env #:0 Genome_id # :265 Fitness :15009.66 Final Amt :4438.73 Days :236 Avg Daily Profit :0.366 %
Env #:0 Genome_id # :267 Fitness :15949.5 Final Amt :2686.7 Days :236 Avg Daily Profit :0.142 %
Env #:0 Genome_id # :275 Fitness :234129.38 Final Amt :2092.0 Days :236 Avg Daily Profit :0.044 %
Env #:0 Genome_id # :283 Fitness :-49493.83 Final Amt :1955.39 Days :236 Avg Daily Profit :0.008 %
Env #:0 Genome_id # :294 Fitness :0.0 Final Amt :2000.0 Days :236 Avg Daily Profit :0.0 %
Env #:0 Genome_id # :594 Fitness :181462.48 Final Amt :7789.56 Days :236 Avg Daily Profit :0.59 %
Env #:0 Genome_id # :303 Fitness :-40786.37 Final Amt :1651.25 Days :236 Avg Daily Profit :-0.061 %
Env #:0 Genome_id # :311 Fitness :116452.66 Final Amt :4403.59 Days :236 Avg Daily Profit :0.35 %
Env #:0 Genome_id # :275 Fitness :234129.38 Final Amt :2092.0 Days :236 Avg Daily Profit :0.044 %
Env #:0 Genome_id # :594 Fitness :181462.48 Final Amt :7789.56 Days :236 Avg Daily Profit :0.59 %
Env #:0 Genome_id # :332 Fitness :-48500.52 Final Amt :1107.62 Days :236 Avg Daily Profit :-0.24 %
Env #:0 Genome_id # :339 Fitness :-172995.76 Final Amt :1728.73 Days :236 Avg Daily Profit :-0.047 %
Env #:0 Genome_id # :346 Fitness :-84739.02 Final Amt :1738.35 Days :236 Avg Daily Profit :-0.049 %
Env #:0 Genome_id # :354 Fitness :47100.07 Final Amt :2088.06 Days :236 Avg Daily Profit :0.037 %
Env #:0 Genome_id # :364 Fitness :-89435.06 Final Amt :2066.7 Days :236 Avg Daily Profit :0.026 %
Env #:0 Genome_id # :275 Fitness :234129.38 Final Amt :2092.0 Days :236 Avg Daily Profit :0.044 %
Env #:0 Genome_id # :378 Fitness :1944.68 Final Amt :1849.56 Days :236 Avg Daily Profit :-0.02 %
Env #:0 Genome_id # :383 Fitness :168658.64 Final Amt :6990.77 Days :236 Avg Daily Profit :0.546 %
Env #:0 Genome_id # :390 Fitness :34967.15 Final Amt :1966.05 Days :236 Avg Daily Profit :0.027 %
Env #:0 Genome_id # :395 Fitness :-45465.61 Final Amt :2448.85 Days :236 Avg Daily Profit :0.095 %
Env #:0 Genome_id # :405 Fitness :-21949.29 Final Amt :1723.56 Days :236 Avg Daily Profit :-0.043 %
Env #:0 Genome_id # :941 Fitness :100769.21 Final Amt :4199.08 Days :236 Avg Daily Profit :0.326 %
Env #:0 Genome_id # :927 Fitness :165502.55 Final Amt :7590.69 Days :236 Avg Daily Profit :0.578 %
Env #:0 Genome_id # :3 Fitness :20467.52 Final Amt :2863.5 Days :236 Avg Daily Profit :0.174 %
Env #:0 Genome_id # :1072 Fitness :221053.72 Final Amt :4025.71 Days :236 Avg Daily Profit :0.311 %
Env #:0 Genome_id # :15 Fitness :-22685.94 Final Amt :1605.67 Days :236 Avg Daily Profit :-0.073 %
Env #:0 Genome_id # :23 Fitness :3862.39 Final Amt :2089.79 Days :236 Avg Daily Profit :0.039 %
Env #:0 Genome_id # :32 Fitness :-14352.71 Final Amt :1646.01 Days :236 Avg Daily Profit :-0.064 %
Env #:0 Genome_id # :42 Fitness :-51478.5 Final Amt :1706.27 Days :236 Avg Daily Profit :-0.052 %
Env #:0 Genome_id # :49 Fitness :30175.01 Final Amt :2579.52 Days :236 Avg Daily Profit :0.125 %
Env #:0 Genome_id # :1072 Fitness :221053.72 Final Amt :4025.71 Days :236 Avg Daily Profit :0.311 %
Env #:0 Genome_id # :57 Fitness :-26356.8 Final Amt :1110.49 Days :236 Avg Daily Profit :-0.226 %
Env #:0 Genome_id # :64 Fitness :0.0 Final Amt :2000.0 Days :236 Avg Daily Profit :0.0 %
Env #:0 Genome_id # :1042 Fitness :199520.33 Final Amt :4101.31 Days :236 Avg Daily Profit :0.319 %
Env #:0 Genome_id # :83 Fitness :-35168.69 Final Amt :1946.47 Days :236 Avg Daily Profit :-0.005 %
Env #:0 Genome_id # :88 Fitness :-27826.81 Final Amt :1910.07 Days :236 Avg Daily Profit :-0.01 %
Env #:0 Genome_id # :365 Fitness :179596.04 Final Amt :4241.39 Days :236 Avg Daily Profit :0.343 %
Env #:0 Genome_id # :106 Fitness :47442.91 Final Amt :2242.17 Days :236 Avg Daily Profit :0.068 %
Env #:0 Genome_id # :112 Fitness :-17586.06 Final Amt :1869.42 Days :236 Avg Daily Profit :-0.018 %
Env #:0 Genome_id # :1072 Fitness :221053.72 Final Amt :4025.71 Days :236 Avg Daily Profit :0.311 %
Env #:0 Genome_id # :120 Fitness :-45366.79 Final Amt :1780.05 Days :236 Avg Daily Profit :-0.033 %
Env #:0 Genome_id # :99 Fitness :151615.93 Final Amt :6372.92 Days :236 Avg Daily Profit :0.508 %
Env #:0 Genome_id # :139 Fitness :21926.65 Final Amt :2321.97 Days :236 Avg Daily Profit :0.077 %
Env #:0 Genome_id # :146 Fitness :68459.05 Final Amt :1669.03 Days :236 Avg Daily Profit :-0.061 %
Env #:0 Genome_id # :365 Fitness :179596.04 Final Amt :4241.39 Days :236 Avg Daily Profit :0.343 %
Env #:0 Genome_id # :155 Fitness :-56934.52 Final Amt :1464.75 Days :236 Avg Daily Profit :-0.114 %
Env #:0 Genome_id # :168 Fitness :-35646.45 Final Amt :1883.43 Days :236 Avg Daily Profit :-0.017 %
Env #:0 Genome_id # :175 Fitness :-42407.18 Final Amt :1834.31 Days :236 Avg Daily Profit :-0.021 %
Env #:0 Genome_id # :176 Fitness :-14069.37 Final Amt :1733.0 Days :236 Avg Daily Profit :-0.041 %
Env #:0 Genome_id # :1042 Fitness :199520.33 Final Amt :4101.31 Days :236 Avg Daily Profit :0.319 %
Env #:0 Genome_id # :194 Fitness :-77864.6 Final Amt :1542.23 Days :236 Avg Daily Profit :-0.098 %
Env #:0 Genome_id # :203 Fitness :128433.33 Final Amt :3054.06 Days :236 Avg Daily Profit :0.19 %
Env #:0 Genome_id # :208 Fitness :66445.86 Final Amt :2854.82 Days :236 Avg Daily Profit :0.173 %
Env #:0 Genome_id # :215 Fitness :-24521.62 Final Amt :1749.2 Days :236 Avg Daily Profit :-0.05 %
Env #:0 Genome_id # :220 Fitness :-11365.78 Final Amt :1838.99 Days :236 Avg Daily Profit :-0.012 %
Env #:0 Genome_id # :228 Fitness :-56947.28 Final Amt :1471.6 Days :236 Avg Daily Profit :-0.112 %
Env #:0 Genome_id # :237 Fitness :49352.85 Final Amt :1906.14 Days :236 Avg Daily Profit :0.007 %
Env #:0 Genome_id # :245 Fitness :-32753.91 Final Amt :1614.47 Days :236 Avg Daily Profit :-0.071 %
Env #:0 Genome_id # :252 Fitness :124761.62 Final Amt :2764.59 Days :236 Avg Daily Profit :0.164 %
Env #:0 Genome_id # :258 Fitness :-13387.87 Final Amt :1722.79 Days :236 Avg Daily Profit :-0.043 %
Env #:0 Genome_id # :718 Fitness :182899.82 Final Amt :3284.67 Days :236 Avg Daily Profit :0.235 %
Env #:0 Genome_id # :268 Fitness :107082.66 Final Amt :3851.61 Days :236 Avg Daily Profit :0.305 %
Env #:0 Genome_id # :1072 Fitness :221053.72 Final Amt :4025.71 Days :236 Avg Daily Profit :0.311 %
Env #:0 Genome_id # :227 Fitness :177221.07 Final Amt :7098.52 Days :236 Avg Daily Profit :0.553 %
Env #:0 Genome_id # :288 Fitness :-57127.92 Final Amt :1546.05 Days :236 Avg Daily Profit :-0.09 %
Env #:0 Genome_id # :301 Fitness :-21447.06 Final Amt :1446.26 Days :236 Avg Daily Profit :-0.117 %
Env #:0 Genome_id # :307 Fitness :-55805.65 Final Amt :1564.9 Days :236 Avg Daily Profit :-0.084 %
Env #:0 Genome_id # :313 Fitness :-56388.75 Final Amt :1604.84 Days :236 Avg Daily Profit :-0.073 %
Env #:0 Genome_id # :1072 Fitness :221053.72 Final Amt :4025.71 Days :236 Avg Daily Profit :0.311 %
Env #:0 Genome_id # :325 Fitness :124374.9 Final Amt :6511.64 Days :236 Avg Daily Profit :0.517 %
Env #:0 Genome_id # :331 Fitness :-10599.96 Final Amt :1571.6 Days :236 Avg Daily Profit :-0.083 %
Env #:0 Genome_id # :342 Fitness :68234.23 Final Amt :3227.36 Days :236 Avg Daily Profit :0.219 %
Env #:0 Genome_id # :249 Fitness :189430.37 Final Amt :3131.48 Days :236 Avg Daily Profit :0.211 %
Env #:0 Genome_id # :352 Fitness :-17558.28 Final Amt :1686.75 Days :236 Avg Daily Profit :-0.052 %
Env #:0 Genome_id # :358 Fitness :36020.74 Final Amt :2165.8 Days :236 Avg Daily Profit :0.051 %
Env #:0 Genome_id # :369 Fitness :169415.44 Final Amt :2554.64 Days :236 Avg Daily Profit :0.13 %
Env #:0 Genome_id # :377 Fitness :-52243.65 Final Amt :1862.84 Days :236 Avg Daily Profit :-0.022 %
Env #:0 Genome_id # :380 Fitness :-10536.29 Final Amt :1816.09 Days :236 Avg Daily Profit :-0.032 %
Env #:0 Genome_id # :1072 Fitness :221053.72 Final Amt :4025.71 Days :236 Avg Daily Profit :0.311 %
Env #:0 Genome_id # :393 Fitness :1767.38 Final Amt :2158.49 Days :236 Avg Daily Profit :0.042 %
Env #:0 Genome_id # :1072 Fitness :221053.72 Final Amt :4025.71 Days :236 Avg Daily Profit :0.311 %
Env #:0 Genome_id # :242 Fitness :108489.56 Final Amt :5959.74 Days :236 Avg Daily Profit :0.481 %
Env #:0 Genome_id # :1072 Fitness :221053.72 Final Amt :4025.71 Days :236 Avg Daily Profit :0.311 %
Env #:0 Genome_id # :99 Fitness :185165.94 Final Amt :7763.33 Days :236 Avg Daily Profit :0.589 %
Env #:0 Genome_id # :12 Fitness :10344.81 Final Amt :2044.09 Days :236 Avg Daily Profit :0.022 %
Env #:0 Genome_id # :17 Fitness :-20678.91 Final Amt :1740.56 Days :236 Avg Daily Profit :-0.041 %
Env #:0 Genome_id # :25 Fitness :132375.26 Final Amt :7295.95 Days :236 Avg Daily Profit :0.563 %
Env #:0 Genome_id # :31 Fitness :-1442.04 Final Amt :3021.78 Days :236 Avg Daily Profit :0.19 %
Env #:0 Genome_id # :36 Fitness :-101321.48 Final Amt :1339.46 Days :236 Avg Daily Profit :-0.157 %
Env #:0 Genome_id # :43 Fitness :-14111.52 Final Amt :1661.41 Days :236 Avg Daily Profit :-0.065 %
Env #:0 Genome_id # :52 Fitness :7719.79 Final Amt :2102.58 Days :236 Avg Daily Profit :0.024 %
Env #:0 Genome_id # :1042 Fitness :199520.33 Final Amt :4101.31 Days :236 Avg Daily Profit :0.319 %
Env #:0 Genome_id # :718 Fitness :182899.82 Final Amt :3284.67 Days :236 Avg Daily Profit :0.235 %
Env #:0 Genome_id # :72 Fitness :-46640.72 Final Amt :1561.1 Days :236 Avg Daily Profit :-0.095 %
Env #:0 Genome_id # :84 Fitness :-21900.57 Final Amt :1656.92 Days :236 Avg Daily Profit :-0.06 %
Env #:0 Genome_id # :90 Fitness :135090.76 Final Amt :5181.47 Days :236 Avg Daily Profit :0.422 %
Env #:0 Genome_id # :96 Fitness :4547.51 Final Amt :2099.1 Days :236 Avg Daily Profit :0.021 %
Env #:0 Genome_id # :1042 Fitness :199520.33 Final Amt :4101.31 Days :236 Avg Daily Profit :0.319 %
Env #:0 Genome_id # :111 Fitness :45504.77 Final Amt :2274.39 Days :236 Avg Daily Profit :0.084 %
Env #:0 Genome_id # :117 Fitness :117635.7 Final Amt :4898.44 Days :236 Avg Daily Profit :0.4 %
Env #:0 Genome_id # :119 Fitness :-25468.17 Final Amt :1838.78 Days :236 Avg Daily Profit :-0.028 %
Env #:0 Genome_id # :128 Fitness :-14175.53 Final Amt :1698.0 Days :236 Avg Daily Profit :-0.049 %
Env #:0 Genome_id # :137 Fitness :51584.49 Final Amt :2424.34 Days :236 Avg Daily Profit :0.1 %
Env #:0 Genome_id # :145 Fitness :-31653.74 Final Amt :2114.7 Days :236 Avg Daily Profit :0.029 %
Env #:0 Genome_id # :149 Fitness :-28211.56 Final Amt :1726.47 Days :236 Avg Daily Profit :-0.045 %
Env #:0 Genome_id # :161 Fitness :128039.17 Final Amt :5216.28 Days :236 Avg Daily Profit :0.422 %
Env #:0 Genome_id # :162 Fitness :154350.05 Final Amt :3267.62 Days :236 Avg Daily Profit :0.225 %
Env #:0 Genome_id # :169 Fitness :101391.06 Final Amt :2779.37 Days :236 Avg Daily Profit :0.148 %
Env #:0 Genome_id # :181 Fitness :35671.57 Final Amt :2234.27 Days :236 Avg Daily Profit :0.068 %
Env #:0 Genome_id # :188 Fitness :127448.75 Final Amt :6404.83 Days :236 Avg Daily Profit :0.505 %
Env #:0 Genome_id # :190 Fitness :-10961.58 Final Amt :1730.13 Days :236 Avg Daily Profit :-0.041 %
Env #:0 Genome_id # :594 Fitness :181462.48 Final Amt :7789.56 Days :236 Avg Daily Profit :0.59 %
Env #:0 Genome_id # :718 Fitness :182899.82 Final Amt :3284.67 Days :236 Avg Daily Profit :0.235 %
Env #:0 Genome_id # :211 Fitness :-34175.83 Final Amt :1416.27 Days :236 Avg Daily Profit :-0.124 %
Env #:0 Genome_id # :218 Fitness :-1750.88 Final Amt :1968.76 Days :236 Avg Daily Profit :-0.007 %
Env #:0 Genome_id # :1042 Fitness :199520.33 Final Amt :4101.31 Days :236 Avg Daily Profit :0.319 %
Env #:0 Genome_id # :234 Fitness :-56774.55 Final Amt :1553.28 Days :236 Avg Daily Profit :-0.088 %
Env #:0 Genome_id # :242 Fitness :43581.44 Final Amt :3021.77 Days :236 Avg Daily Profit :0.198 %
Env #:0 Genome_id # :250 Fitness :28425.85 Final Amt :2597.25 Days :236 Avg Daily Profit :0.118 %
Env #:0 Genome_id # :256 Fitness :-13264.34 Final Amt :1831.15 Days :236 Avg Daily Profit :-0.024 %
Env #:0 Genome_id # :266 Fitness :50654.7 Final Amt :3515.72 Days :236 Avg Daily Profit :0.252 %
Env #:0 Genome_id # :271 Fitness :130443.0 Final Amt :4511.47 Days :236 Avg Daily Profit :0.369 %
Env #:0 Genome_id # :276 Fitness :21172.03 Final Amt :3794.04 Days :236 Avg Daily Profit :0.296 %
Env #:0 Genome_id # :281 Fitness :-7291.79 Final Amt :1949.74 Days :236 Avg Daily Profit :-0.01 %
Env #:0 Genome_id # :1072 Fitness :221053.72 Final Amt :4025.71 Days :236 Avg Daily Profit :0.311 %
Env #:0 Genome_id # :1042 Fitness :199520.33 Final Amt :4101.31 Days :236 Avg Daily Profit :0.319 %
Env #:0 Genome_id # :305 Fitness :0.0 Final Amt :2000.0 Days :236 Avg Daily Profit :0.0 %
Env #:0 Genome_id # :594 Fitness :181462.48 Final Amt :7789.56 Days :236 Avg Daily Profit :0.59 %
Env #:0 Genome_id # :319 Fitness :158151.45 Final Amt :2242.75 Days :236 Avg Daily Profit :0.075 %
Env #:0 Genome_id # :326 Fitness :-33752.49 Final Amt :1513.57 Days :236 Avg Daily Profit :-0.102 %
Env #:0 Genome_id # :1072 Fitness :221053.72 Final Amt :4025.71 Days :236 Avg Daily Profit :0.311 %
Env #:0 Genome_id # :227 Fitness :177221.07 Final Amt :7098.52 Days :236 Avg Daily Profit :0.553 %
Env #:0 Genome_id # :347 Fitness :-13362.07 Final Amt :1749.87 Days :236 Avg Daily Profit :-0.037 %
Env #:0 Genome_id # :227 Fitness :177221.07 Final Amt :7098.52 Days :236 Avg Daily Profit :0.553 %
Env #:0 Genome_id # :360 Fitness :40410.09 Final Amt :2330.89 Days :236 Avg Daily Profit :0.091 %
Env #:0 Genome_id # :368 Fitness :-14501.35 Final Amt :1732.98 Days :236 Avg Daily Profit :-0.041 %
Env #:0 Genome_id # :1072 Fitness :221053.72 Final Amt :4025.71 Days :236 Avg Daily Profit :0.311 %
Env #:0 Genome_id # :379 Fitness :5065.89 Final Amt :3312.05 Days :236 Avg Daily Profit :0.233 %
Env #:0 Genome_id # :391 Fitness :140515.22 Final Amt :2191.47 Days :236 Avg Daily Profit :0.068 %
Env #:0 Genome_id # :275 Fitness :234129.38 Final Amt :2092.0 Days :236 Avg Daily Profit :0.044 %
Env #:0 Genome_id # :403 Fitness :95235.44 Final Amt :2254.25 Days :236 Avg Daily Profit :0.078 %
Env #:0 Genome_id # :365 Fitness :179596.04 Final Amt :4241.39 Days :236 Avg Daily Profit :0.343 %
Env #:0 Genome_id # :594 Fitness :181462.48 Final Amt :7789.56 Days :236 Avg Daily Profit :0.59 %
Env #:0 Genome_id # :2 Fitness :-41259.45 Final Amt :1584.44 Days :236 Avg Daily Profit :-0.079 %
Env #:0 Genome_id # :13 Fitness :73932.23 Final Amt :1947.65 Days :236 Avg Daily Profit :0.019 %
Env #:0 Genome_id # :19 Fitness :43214.71 Final Amt :2314.86 Days :236 Avg Daily Profit :0.08 %
Env #:0 Genome_id # :28 Fitness :14984.02 Final Amt :2105.75 Days :236 Avg Daily Profit :0.044 %
Env #:0 Genome_id # :34 Fitness :4422.98 Final Amt :2019.37 Days :236 Avg Daily Profit :0.014 %
Env #:0 Genome_id # :37 Fitness :67110.9 Final Amt :1885.39 Days :236 Avg Daily Profit :0.004 %
Env #:0 Genome_id # :45 Fitness :-57823.13 Final Amt :1551.34 Days :236 Avg Daily Profit :-0.088 %
Env #:0 Genome_id # :50 Fitness :-4905.91 Final Amt :3118.19 Days :236 Avg Daily Profit :0.2 %
Env #:0 Genome_id # :594 Fitness :181462.48 Final Amt :7789.56 Days :236 Avg Daily Profit :0.59 %
Env #:0 Genome_id # :66 Fitness :17672.79 Final Amt :2048.07 Days :236 Avg Daily Profit :0.04 %
Env #:0 Genome_id # :71 Fitness :56568.14 Final Amt :2954.49 Days :236 Avg Daily Profit :0.185 %
Env #:0 Genome_id # :78 Fitness :-19221.48 Final Amt :2366.72 Days :236 Avg Daily Profit :0.087 %
Env #:0 Genome_id # :1042 Fitness :199520.33 Final Amt :4101.31 Days :236 Avg Daily Profit :0.319 %
Env #:0 Genome_id # :92 Fitness :-1784.21 Final Amt :1992.73 Days :236 Avg Daily Profit :0.008 %
Env #:0 Genome_id # :99 Fitness :151615.93 Final Amt :6372.92 Days :236 Avg Daily Profit :0.508 %
Env #:0 Genome_id # :365 Fitness :179596.04 Final Amt :4241.39 Days :236 Avg Daily Profit :0.343 %
Env #:0 Genome_id # :114 Fitness :-43994.55 Final Amt :1539.87 Days :236 Avg Daily Profit :-0.092 %
Env #:0 Genome_id # :126 Fitness :-67123.25 Final Amt :1861.29 Days :236 Avg Daily Profit :-0.021 %
Env #:0 Genome_id # :131 Fitness :-14727.64 Final Amt :1743.63 Days :236 Avg Daily Profit :-0.039 %
Env #:0 Genome_id # :134 Fitness :-36204.95 Final Amt :1700.82 Days :236 Avg Daily Profit :-0.051 %
Env #:0 Genome_id # :143 Fitness :19350.96 Final Amt :2271.46 Days :236 Avg Daily Profit :0.066 %
Env #:0 Genome_id # :152 Fitness :69855.87 Final Amt :2395.97 Days :236 Avg Daily Profit :0.097 %
Env #:0 Genome_id # :158 Fitness :114953.44 Final Amt :4004.96 Days :236 Avg Daily Profit :0.306 %
Env #:0 Genome_id # :718 Fitness :182899.82 Final Amt :3284.67 Days :236 Avg Daily Profit :0.235 %
Env #:0 Genome_id # :99 Fitness :151615.93 Final Amt :6372.92 Days :236 Avg Daily Profit :0.508 %
Env #:0 Genome_id # :180 Fitness :-37568.29 Final Amt :1888.04 Days :236 Avg Daily Profit :-0.007 %
Env #:0 Genome_id # :184 Fitness :-31766.73 Final Amt :1615.21 Days :236 Avg Daily Profit :-0.072 %
Env #:0 Genome_id # :195 Fitness :98856.75 Final Amt :4322.13 Days :236 Avg Daily Profit :0.345 %
Env #:0 Genome_id # :202 Fitness :62043.01 Final Amt :4610.74 Days :236 Avg Daily Profit :0.376 %
Env #:0 Genome_id # :1072 Fitness :221053.72 Final Amt :4025.71 Days :236 Avg Daily Profit :0.311 %
Env #:0 Genome_id # :594 Fitness :181462.48 Final Amt :7789.56 Days :236 Avg Daily Profit :0.59 %
Env #:0 Genome_id # :221 Fitness :8970.01 Final Amt :1780.42 Days :236 Avg Daily Profit :-0.03 %
Env #:0 Genome_id # :227 Fitness :177221.07 Final Amt :7098.52 Days :236 Avg Daily Profit :0.553 %
Env #:0 Genome_id # :235 Fitness :118994.91 Final Amt :5372.8 Days :236 Avg Daily Profit :0.428 %
Env #:0 Genome_id # :227 Fitness :177221.07 Final Amt :7098.52 Days :236 Avg Daily Profit :0.553 %
Env #:0 Genome_id # :251 Fitness :71171.74 Final Amt :3394.58 Days :236 Avg Daily Profit :0.233 %
Env #:0 Genome_id # :254 Fitness :78151.21 Final Amt :3608.12 Days :236 Avg Daily Profit :0.261 %
Env #:0 Genome_id # :249 Fitness :189430.37 Final Amt :3131.48 Days :236 Avg Daily Profit :0.211 %
Env #:0 Genome_id # :227 Fitness :177221.07 Final Amt :7098.52 Days :236 Avg Daily Profit :0.553 %
Env #:0 Genome_id # :277 Fitness :-37019.42 Final Amt :1634.79 Days :236 Avg Daily Profit :-0.075 %
Env #:0 Genome_id # :285 Fitness :-8794.32 Final Amt :1983.11 Days :236 Avg Daily Profit :0.011 %
Env #:0 Genome_id # :249 Fitness :189430.37 Final Amt :3131.48 Days :236 Avg Daily Profit :0.211 %
Env #:0 Genome_id # :297 Fitness :104363.97 Final Amt :3079.14 Days :236 Avg Daily Profit :0.2 %
Env #:0 Genome_id # :308 Fitness :29959.37 Final Amt :2073.33 Days :236 Avg Daily Profit :0.033 %
Env #:0 Genome_id # :315 Fitness :-53150.02 Final Amt :1532.75 Days :236 Avg Daily Profit :-0.093 %
Env #:0 Genome_id # :320 Fitness :-3672.08 Final Amt :2070.36 Days :236 Avg Daily Profit :0.027 %
Env #:0 Genome_id # :327 Fitness :-78786.75 Final Amt :1447.27 Days :236 Avg Daily Profit :-0.13 %
Env #:0 Genome_id # :336 Fitness :26796.06 Final Amt :2339.4 Days :236 Avg Daily Profit :0.089 %
Env #:0 Genome_id # :338 Fitness :-58931.56 Final Amt :1649.61 Days :236 Avg Daily Profit :-0.071 %
Env #:0 Genome_id # :349 Fitness :-6419.04 Final Amt :2610.12 Days :236 Avg Daily Profit :0.122 %
Env #:0 Genome_id # :357 Fitness :34491.07 Final Amt :3526.87 Days :236 Avg Daily Profit :0.259 %
Env #:0 Genome_id # :359 Fitness :155332.06 Final Amt :3090.86 Days :236 Avg Daily Profit :0.21 %
Env #:0 Genome_id # :366 Fitness :162789.97 Final Amt :3828.16 Days :236 Avg Daily Profit :0.291 %
Env #:0 Genome_id # :375 Fitness :44996.54 Final Amt :2190.08 Days :236 Avg Daily Profit :0.058 %
Env #:0 Genome_id # :384 Fitness :-10399.99 Final Amt :1787.05 Days :236 Avg Daily Profit :-0.036 %
Env #:0 Genome_id # :275 Fitness :234129.38 Final Amt :2092.0 Days :236 Avg Daily Profit :0.044 %
Env #:0 Genome_id # :594 Fitness :181462.48 Final Amt :7789.56 Days :236 Avg Daily Profit :0.59 %
Env #:0 Genome_id # :399 Fitness :141403.43 Final Amt :2197.21 Days :236 Avg Daily Profit :0.07 %
Env #:0 Genome_id # :335 Fitness :170822.21 Final Amt :7311.18 Days :236 Avg Daily Profit :0.567 %
Env #:0 Genome_id # :31 Fitness :146907.36 Final Amt :6239.57 Days :236 Avg Daily Profit :0.495 %
Env #:0 Genome_id # :6 Fitness :20722.03 Final Amt :3047.93 Days :236 Avg Daily Profit :0.199 %
Env #:0 Genome_id # :365 Fitness :179596.04 Final Amt :4241.39 Days :236 Avg Daily Profit :0.343 %
Env #:0 Genome_id # :18 Fitness :-48793.95 Final Amt :1618.54 Days :236 Avg Daily Profit :-0.08 %
Env #:0 Genome_id # :27 Fitness :-42629.19 Final Amt :1647.59 Days :236 Avg Daily Profit :-0.064 %
Env #:0 Genome_id # :35 Fitness :-4977.73 Final Amt :2633.68 Days :236 Avg Daily Profit :0.136 %
Env #:0 Genome_id # :40 Fitness :-12004.64 Final Amt :1738.19 Days :236 Avg Daily Profit :-0.04 %
Env #:0 Genome_id # :44 Fitness :-24588.26 Final Amt :1968.93 Days :236 Avg Daily Profit :0.008 %
Env #:0 Genome_id # :53 Fitness :-15677.76 Final Amt :1741.78 Days :236 Avg Daily Profit :-0.038 %
Env #:0 Genome_id # :60 Fitness :-19278.07 Final Amt :2156.65 Days :236 Avg Daily Profit :0.051 %
Env #:0 Genome_id # :65 Fitness :-51386.27 Final Amt :1596.03 Days :236 Avg Daily Profit :-0.076 %
Env #:0 Genome_id # :75 Fitness :11536.5 Final Amt :2756.13 Days :236 Avg Daily Profit :0.156 %
Env #:0 Genome_id # :79 Fitness :-18313.82 Final Amt :1692.75 Days :236 Avg Daily Profit :-0.05 %
Env #:0 Genome_id # :86 Fitness :88700.23 Final Amt :3992.55 Days :236 Avg Daily Profit :0.318 %
Env #:0 Genome_id # :1072 Fitness :221053.72 Final Amt :4025.71 Days :236 Avg Daily Profit :0.311 %
Env #:0 Genome_id # :103 Fitness :109697.15 Final Amt :4502.73 Days :236 Avg Daily Profit :0.361 %
Env #:0 Genome_id # :107 Fitness :77404.55 Final Amt :2401.27 Days :236 Avg Daily Profit :0.107 %
Env #:0 Genome_id # :118 Fitness :-5195.97 Final Amt :2419.88 Days :236 Avg Daily Profit :0.095 %
Env #:0 Genome_id # :124 Fitness :67042.07 Final Amt :2478.19 Days :236 Avg Daily Profit :0.116 %
Env #:0 Genome_id # :133 Fitness :-17304.55 Final Amt :1713.84 Days :236 Avg Daily Profit :-0.046 %
Env #:0 Genome_id # :718 Fitness :182899.82 Final Amt :3284.67 Days :236 Avg Daily Profit :0.235 %
Env #:0 Genome_id # :594 Fitness :181462.48 Final Amt :7789.56 Days :236 Avg Daily Profit :0.59 %
Env #:0 Genome_id # :147 Fitness :-18837.59 Final Amt :1731.58 Days :236 Avg Daily Profit :-0.041 %
Env #:0 Genome_id # :1042 Fitness :199520.33 Final Amt :4101.31 Days :236 Avg Daily Profit :0.319 %
Env #:0 Genome_id # :163 Fitness :-34651.32 Final Amt :1140.44 Days :236 Avg Daily Profit :-0.224 %
Env #:0 Genome_id # :171 Fitness :24878.59 Final Amt :1974.64 Days :236 Avg Daily Profit :0.01 %
Env #:0 Genome_id # :177 Fitness :26066.85 Final Amt :2393.6 Days :236 Avg Daily Profit :0.106 %
Env #:0 Genome_id # :99 Fitness :151615.93 Final Amt :6372.92 Days :236 Avg Daily Profit :0.508 %
Env #:0 Genome_id # :191 Fitness :42198.43 Final Amt :2330.29 Days :236 Avg Daily Profit :0.084 %
Env #:0 Genome_id # :198 Fitness :-34531.02 Final Amt :1613.5 Days :236 Avg Daily Profit :-0.072 %
Env #:0 Genome_id # :205 Fitness :-15451.33 Final Amt :1716.67 Days :236 Avg Daily Profit :-0.045 %
Env #:0 Genome_id # :212 Fitness :-38947.13 Final Amt :1271.39 Days :236 Avg Daily Profit :-0.174 %
Env #:0 Genome_id # :1072 Fitness :221053.72 Final Amt :4025.71 Days :236 Avg Daily Profit :0.311 %
Env #:0 Genome_id # :594 Fitness :181462.48 Final Amt :7789.56 Days :236 Avg Daily Profit :0.59 %
Env #:0 Genome_id # :232 Fitness :14376.79 Final Amt :2158.93 Days :236 Avg Daily Profit :0.034 %
Env #:0 Genome_id # :1042 Fitness :199520.33 Final Amt :4101.31 Days :236 Avg Daily Profit :0.319 %
Env #:0 Genome_id # :365 Fitness :179596.04 Final Amt :4241.39 Days :236 Avg Daily Profit :0.343 %
Env #:0 Genome_id # :253 Fitness :74254.89 Final Amt :6326.4 Days :236 Avg Daily Profit :0.498 %
Env #:0 Genome_id # :263 Fitness :0.0 Final Amt :2000.0 Days :236 Avg Daily Profit :0.0 %
Env #:0 Genome_id # :1042 Fitness :199520.33 Final Amt :4101.31 Days :236 Avg Daily Profit :0.319 %
Env #:0 Genome_id # :279 Fitness :129808.76 Final Amt :2570.1 Days :236 Avg Daily Profit :0.134 %
Env #:0 Genome_id # :286 Fitness :37954.09 Final Amt :2535.65 Days :236 Avg Daily Profit :0.124 %
Env #:0 Genome_id # :290 Fitness :60664.3 Final Amt :4986.42 Days :236 Avg Daily Profit :0.401 %
Env #:0 Genome_id # :298 Fitness :162236.79 Final Amt :6638.72 Days :236 Avg Daily Profit :0.525 %
Env #:0 Genome_id # :302 Fitness :-13815.34 Final Amt :1715.91 Days :236 Avg Daily Profit :-0.045 %
Env #:0 Genome_id # :310 Fitness :9439.99 Final Amt :2025.09 Days :236 Avg Daily Profit :0.025 %
Env #:0 Genome_id # :316 Fitness :152365.65 Final Amt :6948.85 Days :236 Avg Daily Profit :0.538 %
Env #:0 Genome_id # :1042 Fitness :199520.33 Final Amt :4101.31 Days :236 Avg Daily Profit :0.319 %
Env #:0 Genome_id # :334 Fitness :21662.82 Final Amt :2113.81 Days :236 Avg Daily Profit :0.035 %
Env #:0 Genome_id # :341 Fitness :-12014.99 Final Amt :1980.6 Days :236 Avg Daily Profit :0.013 %
Env #:0 Genome_id # :343 Fitness :140764.9 Final Amt :3150.87 Days :236 Avg Daily Profit :0.211 %
Env #:0 Genome_id # :351 Fitness :-12563.75 Final Amt :1728.95 Days :236 Avg Daily Profit :-0.042 %
Env #:0 Genome_id # :1072 Fitness :221053.72 Final Amt :4025.71 Days :236 Avg Daily Profit :0.311 %
Env #:0 Genome_id # :594 Fitness :181462.48 Final Amt :7789.56 Days :236 Avg Daily Profit :0.59 %
Env #:0 Genome_id # :374 Fitness :-57450.95 Final Amt :1577.66 Days :236 Avg Daily Profit :-0.081 %
Env #:0 Genome_id # :385 Fitness :-23785.55 Final Amt :1614.15 Days :236 Avg Daily Profit :-0.077 %
Env #:0 Genome_id # :392 Fitness :78396.31 Final Amt :3000.07 Days :236 Avg Daily Profit :0.192 %
Env #:0 Genome_id # :398 Fitness :139767.03 Final Amt :5615.53 Days :236 Avg Daily Profit :0.453 %
Env #:0 Genome_id # :249 Fitness :189430.37 Final Amt :3131.48 Days :236 Avg Daily Profit :0.211 %
Env #:0 Genome_id # :263 Fitness :51834.59 Final Amt :4008.19 Days :236 Avg Daily Profit :0.309 %
Env #:0 Genome_id # :914 Fitness :104601.43 Final Amt :4615.18 Days :236 Avg Daily Profit :0.372 %
Env #:0 Genome_id # :5 Fitness :-15850.01 Final Amt :1693.55 Days :236 Avg Daily Profit :-0.051 %
Env #:0 Genome_id # :8 Fitness :112538.89 Final Amt :4578.8 Days :236 Avg Daily Profit :0.368 %
Env #:0 Genome_id # :594 Fitness :181462.48 Final Amt :7789.56 Days :236 Avg Daily Profit :0.59 %
Env #:0 Genome_id # :718 Fitness :182899.82 Final Amt :3284.67 Days :236 Avg Daily Profit :0.235 %
Env #:0 Genome_id # :33 Fitness :74908.1 Final Amt :3173.47 Days :236 Avg Daily Profit :0.207 %
Env #:0 Genome_id # :38 Fitness :107431.58 Final Amt :2268.56 Days :236 Avg Daily Profit :0.081 %
Env #:0 Genome_id # :47 Fitness :156112.66 Final Amt :7701.82 Days :236 Avg Daily Profit :0.587 %
Env #:0 Genome_id # :55 Fitness :322.08 Final Amt :2006.96 Days :236 Avg Daily Profit :0.001 %
Env #:0 Genome_id # :99 Fitness :185165.94 Final Amt :7763.33 Days :236 Avg Daily Profit :0.589 %
Env #:0 Genome_id # :67 Fitness :7600.06 Final Amt :2060.07 Days :236 Avg Daily Profit :0.022 %
Env #:0 Genome_id # :73 Fitness :164867.59 Final Amt :7719.54 Days :236 Avg Daily Profit :0.589 %
Env #:0 Genome_id # :1072 Fitness :221053.72 Final Amt :4025.71 Days :236 Avg Daily Profit :0.311 %
Env #:0 Genome_id # :594 Fitness :181462.48 Final Amt :7789.56 Days :236 Avg Daily Profit :0.59 %
Env #:0 Genome_id # :97 Fitness :-1077.09 Final Amt :1822.98 Days :236 Avg Daily Profit :-0.025 %
Env #:0 Genome_id # :105 Fitness :-12485.62 Final Amt :2112.87 Days :236 Avg Daily Profit :0.032 %
Env #:0 Genome_id # :1072 Fitness :221053.72 Final Amt :4025.71 Days :236 Avg Daily Profit :0.311 %
Env #:0 Genome_id # :115 Fitness :5066.54 Final Amt :1922.6 Days :236 Avg Daily Profit :-0.011 %
Env #:0 Genome_id # :365 Fitness :179596.04 Final Amt :4241.39 Days :236 Avg Daily Profit :0.343 %
Env #:0 Genome_id # :1042 Fitness :199520.33 Final Amt :4101.31 Days :236 Avg Daily Profit :0.319 %
Env #:0 Genome_id # :136 Fitness :-134800.55 Final Amt :1866.17 Days :236 Avg Daily Profit :-0.023 %
Env #:0 Genome_id # :142 Fitness :20347.61 Final Amt :2134.76 Days :236 Avg Daily Profit :0.052 %
Env #:0 Genome_id # :718 Fitness :182899.82 Final Amt :3284.67 Days :236 Avg Daily Profit :0.235 %
Env #:0 Genome_id # :594 Fitness :181462.48 Final Amt :7789.56 Days :236 Avg Daily Profit :0.59 %
Env #:0 Genome_id # :1072 Fitness :221053.72 Final Amt :4025.71 Days :236 Avg Daily Profit :0.311 %
Env #:0 Genome_id # :1042 Fitness :199520.33 Final Amt :4101.31 Days :236 Avg Daily Profit :0.319 %
Env #:0 Genome_id # :179 Fitness :-16838.41 Final Amt :1595.0 Days :236 Avg Daily Profit :-0.086 %
Env #:0 Genome_id # :183 Fitness :-34565.9 Final Amt :1621.84 Days :236 Avg Daily Profit :-0.069 %
Env #:0 Genome_id # :196 Fitness :-58002.07 Final Amt :1742.24 Days :236 Avg Daily Profit :-0.046 %
Env #:0 Genome_id # :201 Fitness :-10904.2 Final Amt :1729.96 Days :236 Avg Daily Profit :-0.042 %
Env #:0 Genome_id # :204 Fitness :-14005.84 Final Amt :1904.16 Days :236 Avg Daily Profit :0.0 %
Env #:0 Genome_id # :197 Fitness :167225.08 Final Amt :7247.47 Days :236 Avg Daily Profit :0.563 %
Env #:0 Genome_id # :222 Fitness :53118.15 Final Amt :2451.12 Days :236 Avg Daily Profit :0.094 %
Env #:0 Genome_id # :229 Fitness :162451.73 Final Amt :7405.25 Days :236 Avg Daily Profit :0.572 %
Env #:0 Genome_id # :1072 Fitness :221053.72 Final Amt :4025.71 Days :236 Avg Daily Profit :0.311 %
Env #:0 Genome_id # :239 Fitness :-20567.37 Final Amt :1540.14 Days :236 Avg Daily Profit :-0.097 %
Env #:0 Genome_id # :1072 Fitness :221053.72 Final Amt :4025.71 Days :236 Avg Daily Profit :0.311 %
Env #:0 Genome_id # :594 Fitness :181462.48 Final Amt :7789.56 Days :236 Avg Daily Profit :0.59 %
Env #:0 Genome_id # :261 Fitness :-132845.69 Final Amt :2626.69 Days :236 Avg Daily Profit :0.144 %
Env #:0 Genome_id # :269 Fitness :49088.58 Final Amt :2060.39 Days :236 Avg Daily Profit :0.021 %
Env #:0 Genome_id # :249 Fitness :189430.37 Final Amt :3131.48 Days :236 Avg Daily Profit :0.211 %
Env #:0 Genome_id # :594 Fitness :181462.48 Final Amt :7789.56 Days :236 Avg Daily Profit :0.59 %
Env #:0 Genome_id # :287 Fitness :2431.6 Final Amt :2031.67 Days :236 Avg Daily Profit :0.021 %
Env #:0 Genome_id # :296 Fitness :1016.16 Final Amt :2767.36 Days :236 Avg Daily Profit :0.155 %
Env #:0 Genome_id # :306 Fitness :3259.05 Final Amt :2055.94 Days :236 Avg Daily Profit :0.013 %
Env #:0 Genome_id # :1042 Fitness :199520.33 Final Amt :4101.31 Days :236 Avg Daily Profit :0.319 %
Env #:0 Genome_id # :318 Fitness :654.06 Final Amt :1955.12 Days :236 Avg Daily Profit :0.017 %
Env #:0 Genome_id # :227 Fitness :177221.07 Final Amt :7098.52 Days :236 Avg Daily Profit :0.553 %
Env #:0 Genome_id # :333 Fitness :-72478.54 Final Amt :1791.85 Days :236 Avg Daily Profit :-0.035 %
Env #:0 Genome_id # :275 Fitness :234129.38 Final Amt :2092.0 Days :236 Avg Daily Profit :0.044 %
Env #:0 Genome_id # :1072 Fitness :221053.72 Final Amt :4025.71 Days :236 Avg Daily Profit :0.311 %
Env #:0 Genome_id # :594 Fitness :181462.48 Final Amt :7789.56 Days :236 Avg Daily Profit :0.59 %
Env #:0 Genome_id # :363 Fitness :55157.86 Final Amt :2706.09 Days :236 Avg Daily Profit :0.157 %
Env #:0 Genome_id # :370 Fitness :-5869.87 Final Amt :1783.62 Days :236 Avg Daily Profit :-0.021 %
Env #:0 Genome_id # :249 Fitness :189430.37 Final Amt :3131.48 Days :236 Avg Daily Profit :0.211 %
Env #:0 Genome_id # :382 Fitness :-33516.39 Final Amt :1774.79 Days :236 Avg Daily Profit :-0.04 %
Env #:0 Genome_id # :249 Fitness :189430.37 Final Amt :3131.48 Days :236 Avg Daily Profit :0.211 %
Env #:0 Genome_id # :397 Fitness :111597.4 Final Amt :1937.78 Days :236 Avg Daily Profit :-0.001 %
Env #:0 Genome_id # :404 Fitness :66400.42 Final Amt :2515.86 Days :236 Avg Daily Profit :0.118 %
Env #:0 Genome_id # :929 Fitness :169509.99 Final Amt :6947.5 Days :236 Avg Daily Profit :0.538 %
Env #:0 Genome_id # :829 Fitness :175442.4 Final Amt :8395.98 Days :236 Avg Daily Profit :0.622 %
Env #:0 Genome_id # :7 Fitness :108129.81 Final Amt :4431.11 Days :236 Avg Daily Profit :0.35 %
Env #:0 Genome_id # :10 Fitness :47484.48 Final Amt :2343.94 Days :236 Avg Daily Profit :0.093 %
Env #:0 Genome_id # :20 Fitness :-8817.49 Final Amt :2035.69 Days :236 Avg Daily Profit :0.023 %
Env #:0 Genome_id # :1072 Fitness :221053.72 Final Amt :4025.71 Days :236 Avg Daily Profit :0.311 %
Env #:0 Genome_id # :99 Fitness :185165.94 Final Amt :7763.33 Days :236 Avg Daily Profit :0.589 %
Env #:0 Genome_id # :718 Fitness :182899.82 Final Amt :3284.67 Days :236 Avg Daily Profit :0.235 %
Env #:0 Genome_id # :99 Fitness :185165.94 Final Amt :7763.33 Days :236 Avg Daily Profit :0.589 %
Env #:0 Genome_id # :718 Fitness :182899.82 Final Amt :3284.67 Days :236 Avg Daily Profit :0.235 %
Env #:0 Genome_id # :58 Fitness :146918.39 Final Amt :5081.74 Days :236 Avg Daily Profit :0.41 %
Env #:0 Genome_id # :68 Fitness :17035.66 Final Amt :2272.96 Days :236 Avg Daily Profit :0.064 %
Env #:0 Genome_id # :76 Fitness :143242.18 Final Amt :5499.87 Days :236 Avg Daily Profit :0.443 %
Env #:0 Genome_id # :80 Fitness :-25332.1 Final Amt :1771.29 Days :236 Avg Daily Profit :-0.034 %
Env #:0 Genome_id # :91 Fitness :-16182.28 Final Amt :3391.87 Days :236 Avg Daily Profit :0.235 %
Env #:0 Genome_id # :94 Fitness :49941.72 Final Amt :2035.3 Days :236 Avg Daily Profit :0.034 %
Env #:0 Genome_id # :101 Fitness :34853.42 Final Amt :2258.77 Days :236 Avg Daily Profit :0.071 %
Env #:0 Genome_id # :1042 Fitness :199520.33 Final Amt :4101.31 Days :236 Avg Daily Profit :0.319 %
Env #:0 Genome_id # :122 Fitness :-30775.08 Final Amt :1754.71 Days :236 Avg Daily Profit :-0.043 %
Env #:0 Genome_id # :132 Fitness :-29916.74 Final Amt :1525.61 Days :236 Avg Daily Profit :-0.096 %
Env #:0 Genome_id # :140 Fitness :-18559.98 Final Amt :1775.68 Days :236 Avg Daily Profit :-0.032 %
Env #:0 Genome_id # :144 Fitness :-20682.61 Final Amt :1894.25 Days :236 Avg Daily Profit :-0.016 %
Env #:0 Genome_id # :154 Fitness :98443.4 Final Amt :3847.3 Days :236 Avg Daily Profit :0.303 %
Env #:0 Genome_id # :160 Fitness :59539.13 Final Amt :1524.23 Days :236 Avg Daily Profit :-0.091 %
Env #:0 Genome_id # :365 Fitness :179596.04 Final Amt :4241.39 Days :236 Avg Daily Profit :0.343 %
Env #:0 Genome_id # :170 Fitness :-11061.31 Final Amt :1715.24 Days :236 Avg Daily Profit :-0.044 %
Env #:0 Genome_id # :365 Fitness :179596.04 Final Amt :4241.39 Days :236 Avg Daily Profit :0.343 %
Env #:0 Genome_id # :187 Fitness :2542.15 Final Amt :1894.45 Days :236 Avg Daily Profit :0.006 %
Env #:0 Genome_id # :192 Fitness :-34722.0 Final Amt :1791.39 Days :236 Avg Daily Profit :-0.027 %
Env #:0 Genome_id # :199 Fitness :120599.74 Final Amt :6452.91 Days :236 Avg Daily Profit :0.513 %
Env #:0 Genome_id # :365 Fitness :179596.04 Final Amt :4241.39 Days :236 Avg Daily Profit :0.343 %
Env #:0 Genome_id # :213 Fitness :-12290.2 Final Amt :1744.18 Days :236 Avg Daily Profit :-0.037 %
Env #:0 Genome_id # :365 Fitness :179596.04 Final Amt :4241.39 Days :236 Avg Daily Profit :0.343 %
Env #:0 Genome_id # :225 Fitness :32499.27 Final Amt :2558.5 Days :236 Avg Daily Profit :0.125 %
Env #:0 Genome_id # :718 Fitness :182899.82 Final Amt :3284.67 Days :236 Avg Daily Profit :0.235 %
Env #:0 Genome_id # :240 Fitness :-54582.56 Final Amt :1523.8 Days :236 Avg Daily Profit :-0.097 %
Env #:0 Genome_id # :249 Fitness :189430.37 Final Amt :3131.48 Days :236 Avg Daily Profit :0.211 %
Env #:0 Genome_id # :1072 Fitness :221053.72 Final Amt :4025.71 Days :236 Avg Daily Profit :0.311 %
Env #:0 Genome_id # :262 Fitness :-37376.32 Final Amt :1855.06 Days :236 Avg Daily Profit :-0.018 %
Env #:0 Genome_id # :273 Fitness :-114112.37 Final Amt :1797.88 Days :236 Avg Daily Profit :-0.035 %
Env #:0 Genome_id # :718 Fitness :182899.82 Final Amt :3284.67 Days :236 Avg Daily Profit :0.235 %
Env #:0 Genome_id # :282 Fitness :-45222.15 Final Amt :1739.29 Days :236 Avg Daily Profit :-0.049 %
Env #:0 Genome_id # :292 Fitness :68594.3 Final Amt :3887.27 Days :236 Avg Daily Profit :0.288 %
Env #:0 Genome_id # :299 Fitness :47486.56 Final Amt :2425.61 Days :236 Avg Daily Profit :0.098 %
Env #:0 Genome_id # :249 Fitness :189430.37 Final Amt :3131.48 Days :236 Avg Daily Profit :0.211 %
Env #:0 Genome_id # :312 Fitness :22516.46 Final Amt :2145.53 Days :236 Avg Daily Profit :0.05 %
Env #:0 Genome_id # :321 Fitness :-43033.6 Final Amt :1314.23 Days :236 Avg Daily Profit :-0.168 %
Env #:0 Genome_id # :329 Fitness :45295.85 Final Amt :3770.49 Days :236 Avg Daily Profit :0.292 %
Env #:0 Genome_id # :330 Fitness :27841.55 Final Amt :2067.66 Days :236 Avg Daily Profit :0.031 %
Env #:0 Genome_id # :340 Fitness :-44256.15 Final Amt :1550.63 Days :236 Avg Daily Profit :-0.089 %
Env #:0 Genome_id # :348 Fitness :54942.2 Final Amt :2275.76 Days :236 Avg Daily Profit :0.074 %
Env #:0 Genome_id # :356 Fitness :61121.13 Final Amt :2633.67 Days :236 Avg Daily Profit :0.142 %
Env #:0 Genome_id # :362 Fitness :-41197.71 Final Amt :1659.67 Days :236 Avg Daily Profit :-0.058 %
Env #:0 Genome_id # :367 Fitness :-38675.85 Final Amt :1392.84 Days :236 Avg Daily Profit :-0.127 %
Env #:0 Genome_id # :371 Fitness :-20235.18 Final Amt :1709.38 Days :236 Avg Daily Profit :-0.046 %
Env #:0 Genome_id # :594 Fitness :181462.48 Final Amt :7789.56 Days :236 Avg Daily Profit :0.59 %
Env #:0 Genome_id # :387 Fitness :50811.45 Final Amt :2473.56 Days :236 Avg Daily Profit :0.116 %
Env #:0 Genome_id # :227 Fitness :177221.07 Final Amt :7098.52 Days :236 Avg Daily Profit :0.553 %
Env #:0 Genome_id # :400 Fitness :-16937.61 Final Amt :3153.02 Days :236 Avg Daily Profit :0.214 %
Env #:0 Genome_id # :871 Fitness :88785.84 Final Amt :6259.03 Days :236 Avg Daily Profit :0.506 %
Env #:0 Genome_id # :245 Fitness :75852.52 Final Amt :4029.41 Days :236 Avg Daily Profit :0.327 %
Env #:0 Genome_id # :594 Fitness :181462.48 Final Amt :7789.56 Days :236 Avg Daily Profit :0.59 %
Env #:0 Genome_id # :11 Fitness :-5548.19 Final Amt :1903.38 Days :236 Avg Daily Profit :-0.02 %
Env #:0 Genome_id # :99 Fitness :185165.94 Final Amt :7763.33 Days :236 Avg Daily Profit :0.589 %
Env #:0 Genome_id # :26 Fitness :-14520.76 Final Amt :1729.8 Days :236 Avg Daily Profit :-0.042 %
Env #:0 Genome_id # :29 Fitness :4606.17 Final Amt :2096.62 Days :236 Avg Daily Profit :0.036 %
Env #:0 Genome_id # :41 Fitness :-21635.01 Final Amt :2103.77 Days :236 Avg Daily Profit :0.05 %
Env #:0 Genome_id # :46 Fitness :89472.21 Final Amt :4512.16 Days :236 Avg Daily Profit :0.374 %
Env #:0 Genome_id # :365 Fitness :179596.04 Final Amt :4241.39 Days :236 Avg Daily Profit :0.343 %
Env #:0 Genome_id # :59 Fitness :156468.98 Final Amt :6890.49 Days :236 Avg Daily Profit :0.541 %
Env #:0 Genome_id # :69 Fitness :34042.39 Final Amt :2143.81 Days :236 Avg Daily Profit :0.047 %
Env #:0 Genome_id # :77 Fitness :85424.94 Final Amt :3493.57 Days :236 Avg Daily Profit :0.253 %
Env #:0 Genome_id # :81 Fitness :-61258.15 Final Amt :1560.23 Days :236 Avg Daily Profit :-0.086 %
Env #:0 Genome_id # :89 Fitness :132038.77 Final Amt :6088.23 Days :236 Avg Daily Profit :0.483 %
Env #:0 Genome_id # :93 Fitness :86964.37 Final Amt :4621.63 Days :236 Avg Daily Profit :0.382 %
Env #:0 Genome_id # :594 Fitness :181462.48 Final Amt :7789.56 Days :236 Avg Daily Profit :0.59 %
Env #:0 Genome_id # :109 Fitness :-15308.54 Final Amt :1722.79 Days :236 Avg Daily Profit :-0.043 %
Env #:0 Genome_id # :99 Fitness :151615.93 Final Amt :6372.92 Days :236 Avg Daily Profit :0.508 %
Env #:0 Genome_id # :718 Fitness :182899.82 Final Amt :3284.67 Days :236 Avg Daily Profit :0.235 %
Env #:0 Genome_id # :594 Fitness :181462.48 Final Amt :7789.56 Days :236 Avg Daily Profit :0.59 %
Env #:0 Genome_id # :365 Fitness :179596.04 Final Amt :4241.39 Days :236 Avg Daily Profit :0.343 %
Env #:0 Genome_id # :141 Fitness :-26472.0 Final Amt :1672.11 Days :236 Avg Daily Profit :-0.061 %
Env #:0 Genome_id # :153 Fitness :91055.15 Final Amt :2185.54 Days :236 Avg Daily Profit :0.069 %
Env #:0 Genome_id # :157 Fitness :-66575.8 Final Amt :1248.3 Days :236 Avg Daily Profit :-0.175 %
Env #:0 Genome_id # :167 Fitness :5720.89 Final Amt :2443.46 Days :236 Avg Daily Profit :0.108 %
Env #:0 Genome_id # :174 Fitness :-17705.53 Final Amt :2325.99 Days :236 Avg Daily Profit :0.077 %
Env #:0 Genome_id # :1072 Fitness :221053.72 Final Amt :4025.71 Days :236 Avg Daily Profit :0.311 %
Env #:0 Genome_id # :185 Fitness :7634.72 Final Amt :2005.49 Days :236 Avg Daily Profit :0.005 %
Env #:0 Genome_id # :1072 Fitness :221053.72 Final Amt :4025.71 Days :236 Avg Daily Profit :0.311 %
Env #:0 Genome_id # :1042 Fitness :199520.33 Final Amt :4101.31 Days :236 Avg Daily Profit :0.319 %
Env #:0 Genome_id # :206 Fitness :0.0 Final Amt :2000.0 Days :236 Avg Daily Profit :0.0 %
Env #:0 Genome_id # :1042 Fitness :199520.33 Final Amt :4101.31 Days :236 Avg Daily Profit :0.319 %
Env #:0 Genome_id # :223 Fitness :-20980.37 Final Amt :1588.38 Days :236 Avg Daily Profit :-0.077 %
Env #:0 Genome_id # :231 Fitness :-61088.5 Final Amt :1315.53 Days :236 Avg Daily Profit :-0.157 %
Env #:0 Genome_id # :236 Fitness :-59982.13 Final Amt :1563.9 Days :236 Avg Daily Profit :-0.085 %
Env #:0 Genome_id # :241 Fitness :-15109.27 Final Amt :1676.05 Days :236 Avg Daily Profit :-0.052 %
Env #:0 Genome_id # :248 Fitness :181355.38 Final Amt :2544.58 Days :236 Avg Daily Profit :0.129 %
Env #:0 Genome_id # :257 Fitness :57350.53 Final Amt :4484.76 Days :236 Avg Daily Profit :0.351 %
Env #:0 Genome_id # :260 Fitness :-14185.01 Final Amt :1712.89 Days :236 Avg Daily Profit :-0.046 %
Env #:0 Genome_id # :594 Fitness :181462.48 Final Amt :7789.56 Days :236 Avg Daily Profit :0.59 %
Env #:0 Genome_id # :278 Fitness :54367.32 Final Amt :3002.93 Days :236 Avg Daily Profit :0.196 %
Env #:0 Genome_id # :284 Fitness :112579.44 Final Amt :4134.03 Days :236 Avg Daily Profit :0.322 %
Env #:0 Genome_id # :289 Fitness :33249.87 Final Amt :2499.91 Days :236 Avg Daily Profit :0.105 %
Env #:0 Genome_id # :227 Fitness :177221.07 Final Amt :7098.52 Days :236 Avg Daily Profit :0.553 %
Env #:0 Genome_id # :1072 Fitness :221053.72 Final Amt :4025.71 Days :236 Avg Daily Profit :0.311 %
Env #:0 Genome_id # :309 Fitness :51835.18 Final Amt :2719.62 Days :236 Avg Daily Profit :0.152 %
Env #:0 Genome_id # :322 Fitness :-41215.04 Final Amt :1755.15 Days :236 Avg Daily Profit :-0.045 %
Env #:0 Genome_id # :328 Fitness :-38345.67 Final Amt :1756.95 Days :236 Avg Daily Profit :-0.037 %
Env #:0 Genome_id # :335 Fitness :13201.14 Final Amt :1986.69 Days :236 Avg Daily Profit :0.005 %
Env #:0 Genome_id # :594 Fitness :181462.48 Final Amt :7789.56 Days :236 Avg Daily Profit :0.59 %
Env #:0 Genome_id # :344 Fitness :71011.9 Final Amt :3325.49 Days :236 Avg Daily Profit :0.228 %
Env #:0 Genome_id # :353 Fitness :-10359.99 Final Amt :1767.44 Days :236 Avg Daily Profit :-0.046 %
Env #:0 Genome_id # :249 Fitness :189430.37 Final Amt :3131.48 Days :236 Avg Daily Profit :0.211 %
Env #:0 Genome_id # :1042 Fitness :199520.33 Final Amt :4101.31 Days :236 Avg Daily Profit :0.319 %
Env #:0 Genome_id # :373 Fitness :17715.95 Final Amt :2052.17 Days :236 Avg Daily Profit :0.041 %
Env #:0 Genome_id # :227 Fitness :177221.07 Final Amt :7098.52 Days :236 Avg Daily Profit :0.553 %
Env #:0 Genome_id # :389 Fitness :150876.98 Final Amt :2091.41 Days :236 Avg Daily Profit :0.045 %
Env #:0 Genome_id # :394 Fitness :-62151.65 Final Amt :1630.6 Days :236 Avg Daily Profit :-0.068 %
Env #:0 Genome_id # :406 Fitness :-46495.98 Final Amt :1640.09 Days :236 Avg Daily Profit :-0.065 %

Saving checkpoint to neat-checkpoint-28

 ****** Running generation 29 ****** 

Population's average fitness: 88964.19920 stdev: 95418.09717
Best fitness: 234129.38100 - size: (7, 31) - species 1 - id 275
Average adjusted fitness: 0.511
Mean genetic distance 2.247, standard deviation 1.069
Population of 20 members in 2 species:
   ID   age  size  fitness  adj fit  stag
  ====  ===  ====  =======  =======  ====
     1   29    10  234129.4    0.499     9
     2   29    10  199520.3    0.524   -52
Total extinctions: 0
Generation time: 904.465 sec (883.911 average)
Saving checkpoint to neat-checkpoint-29
Key: 275
Fitness: 234129.38100000043
Nodes:
	0 DefaultNodeGene(key=0, bias=-1.9701502058210432, response=1.0061587351324945, activation=sigmoid, aggregation=min)
	1 DefaultNodeGene(key=1, bias=1.0200200815764657, response=1.0082094525233998, activation=relu, aggregation=max)
	2 DefaultNodeGene(key=2, bias=-0.7846694256751082, response=0.9395144024980746, activation=relu, aggregation=sum)
	249 DefaultNodeGene(key=249, bias=-0.6463641631014325, response=0.9808211419939472, activation=relu, aggregation=mean)
	108 DefaultNodeGene(key=108, bias=1.6986479880836438, response=0.9330039326217597, activation=relu, aggregation=maxabs)
	46 DefaultNodeGene(key=46, bias=0.28203668398994197, response=1.0260879199195085, activation=relu, aggregation=min)
	896 DefaultNodeGene(key=896, bias=1.6079185181715008, response=0.8815986053208738, activation=relu, aggregation=sum)
Connections:
	DefaultConnectionGene(key=(-34, 2), weight=0.5697009382434205, enabled=True)
	DefaultConnectionGene(key=(-33, 2), weight=-2.4596316934877036, enabled=False)
	DefaultConnectionGene(key=(-32, 0), weight=0.5978157093918705, enabled=False)
	DefaultConnectionGene(key=(-32, 2), weight=0.6380654524116195, enabled=False)
	DefaultConnectionGene(key=(-31, 0), weight=-2.308127997628256, enabled=False)
	DefaultConnectionGene(key=(-31, 1), weight=1.8122372183178554, enabled=False)
	DefaultConnectionGene(key=(-31, 2), weight=2.031657825447544, enabled=True)
	DefaultConnectionGene(key=(-31, 896), weight=1.1636200098464342, enabled=True)
	DefaultConnectionGene(key=(-30, 0), weight=0.40830304054151123, enabled=True)
	DefaultConnectionGene(key=(-30, 2), weight=1.4719870745198955, enabled=True)
	DefaultConnectionGene(key=(-29, 0), weight=1.2351749779142185, enabled=True)
	DefaultConnectionGene(key=(-29, 1), weight=1.0252237828358064, enabled=True)
	DefaultConnectionGene(key=(-28, 2), weight=-0.8697972460461565, enabled=False)
	DefaultConnectionGene(key=(-26, 1), weight=-2.8352515011776407, enabled=True)
	DefaultConnectionGene(key=(-26, 2), weight=-1.9148410814475052, enabled=False)
	DefaultConnectionGene(key=(-25, 0), weight=1.4841332447365982, enabled=False)
	DefaultConnectionGene(key=(-24, 0), weight=-0.7968192783738989, enabled=True)
	DefaultConnectionGene(key=(-23, 1), weight=-0.4076416454844769, enabled=True)
	DefaultConnectionGene(key=(-22, 1), weight=-2.1205590811207227, enabled=False)
	DefaultConnectionGene(key=(-22, 2), weight=0.686497316018257, enabled=False)
	DefaultConnectionGene(key=(-21, 0), weight=-2.3342815418614946, enabled=False)
	DefaultConnectionGene(key=(-20, 1), weight=-2.444849313441785, enabled=False)
	DefaultConnectionGene(key=(-20, 2), weight=0.6194464749835747, enabled=False)
	DefaultConnectionGene(key=(-19, 0), weight=-1.0560936644110819, enabled=True)
	DefaultConnectionGene(key=(-19, 2), weight=-0.4297583968303026, enabled=True)
	DefaultConnectionGene(key=(-18, 0), weight=-0.9113574178936569, enabled=True)
	DefaultConnectionGene(key=(-17, 0), weight=-1.6579020276244059, enabled=True)
	DefaultConnectionGene(key=(-17, 2), weight=1.5480524459206768, enabled=False)
	DefaultConnectionGene(key=(-16, 0), weight=1.5773543423563945, enabled=False)
	DefaultConnectionGene(key=(-14, 249), weight=0.7943889990587756, enabled=True)
	DefaultConnectionGene(key=(-13, 0), weight=0.8626064417127398, enabled=False)
	DefaultConnectionGene(key=(-13, 2), weight=1.530692469966913, enabled=True)
	DefaultConnectionGene(key=(-12, 1), weight=0.451981190542526, enabled=False)
	DefaultConnectionGene(key=(-12, 2), weight=-1.4647417663254627, enabled=False)
	DefaultConnectionGene(key=(-12, 46), weight=0.19334155929682278, enabled=False)
	DefaultConnectionGene(key=(-11, 1), weight=-0.47732322808830857, enabled=False)
	DefaultConnectionGene(key=(-11, 108), weight=-2.366471821006191, enabled=True)
	DefaultConnectionGene(key=(-10, 0), weight=-1.4366201234035025, enabled=True)
	DefaultConnectionGene(key=(-10, 2), weight=-0.5475375166557466, enabled=False)
	DefaultConnectionGene(key=(-10, 108), weight=1.4068215623645697, enabled=True)
	DefaultConnectionGene(key=(-9, 1), weight=0.3931800068153316, enabled=False)
	DefaultConnectionGene(key=(-8, 0), weight=1.2499830782419359, enabled=False)
	DefaultConnectionGene(key=(-8, 1), weight=-1.6798295208266905, enabled=False)
	DefaultConnectionGene(key=(-8, 2), weight=-0.023062022637456242, enabled=True)
	DefaultConnectionGene(key=(-7, 0), weight=2.7694144661795246, enabled=True)
	DefaultConnectionGene(key=(-7, 1), weight=2.6442611225296706, enabled=True)
	DefaultConnectionGene(key=(-6, 2), weight=-0.5034837673142822, enabled=True)
	DefaultConnectionGene(key=(-5, 1), weight=-0.897576495192631, enabled=True)
	DefaultConnectionGene(key=(-5, 2), weight=-1.6276347182845015, enabled=True)
	DefaultConnectionGene(key=(-4, 0), weight=-0.5600866535545405, enabled=False)
	DefaultConnectionGene(key=(-4, 1), weight=-1.401548810134257, enabled=True)
	DefaultConnectionGene(key=(-3, 1), weight=1.3178815420179086, enabled=False)
	DefaultConnectionGene(key=(-3, 2), weight=-0.30311132591079937, enabled=True)
	DefaultConnectionGene(key=(-2, 2), weight=1.0600272263969646, enabled=False)
	DefaultConnectionGene(key=(46, 1), weight=1.4008350666308633, enabled=True)
	DefaultConnectionGene(key=(108, 2), weight=0.9352202624678472, enabled=True)
	DefaultConnectionGene(key=(249, 0), weight=0.97630730010928, enabled=True)
	DefaultConnectionGene(key=(896, 2), weight=1.9478457884420823, enabled=True)
