Training Logger!
Env #:0 Genome_id # :242 Fitness :5597.8 Final Amt :2415.41 Days :236 Avg Daily Profit :0.103 %
Env #:0 Genome_id # :929 Fitness :53251.46 Final Amt :2584.68 Days :236 Avg Daily Profit :0.125 %
Env #:0 Genome_id # :871 Fitness :15680.66 Final Amt :2762.6 Days :236 Avg Daily Profit :0.153 %
Env #:0 Genome_id # :941 Fitness :31479.69 Final Amt :2367.87 Days :236 Avg Daily Profit :0.088 %
Env #:0 Genome_id # :942 Fitness :30750.26 Final Amt :2441.71 Days :236 Avg Daily Profit :0.104 %
Env #:0 Genome_id # :99 Fitness :48907.8 Final Amt :2469.84 Days :236 Avg Daily Profit :0.108 %
Env #:0 Genome_id # :365 Fitness :81853.27 Final Amt :2169.66 Days :236 Avg Daily Profit :0.054 %
Env #:0 Genome_id # :263 Fitness :38067.16 Final Amt :3568.38 Days :236 Avg Daily Profit :0.257 %
Env #:0 Genome_id # :1072 Fitness :86449.35 Final Amt :1790.59 Days :236 Avg Daily Profit :-0.03 %
Env #:0 Genome_id # :718 Fitness :192558.09 Final Amt :3604.96 Days :236 Avg Daily Profit :0.268 %
Env #:0 Genome_id # :245 Fitness :24898.87 Final Amt :2671.76 Days :236 Avg Daily Profit :0.142 %
Env #:0 Genome_id # :1042 Fitness :75660.56 Final Amt :2705.49 Days :236 Avg Daily Profit :0.146 %
Env #:0 Genome_id # :335 Fitness :41833.78 Final Amt :2492.05 Days :236 Avg Daily Profit :0.111 %
Env #:0 Genome_id # :785 Fitness :50111.14 Final Amt :2575.77 Days :236 Avg Daily Profit :0.126 %
Env #:0 Genome_id # :937 Fitness :-136288.54 Final Amt :2371.49 Days :236 Avg Daily Profit :0.087 %
Env #:0 Genome_id # :594 Fitness :42261.77 Final Amt :2371.76 Days :236 Avg Daily Profit :0.093 %
Env #:0 Genome_id # :914 Fitness :27796.47 Final Amt :2530.85 Days :236 Avg Daily Profit :0.123 %
Env #:0 Genome_id # :927 Fitness :47073.56 Final Amt :2631.44 Days :236 Avg Daily Profit :0.131 %
Env #:0 Genome_id # :31 Fitness :-5442.81 Final Amt :1758.15 Days :236 Avg Daily Profit :-0.039 %
Env #:0 Genome_id # :829 Fitness :21366.94 Final Amt :2288.72 Days :236 Avg Daily Profit :0.073 %
Env #:0 Genome_id # :4 Fitness :-35171.15 Final Amt :1988.53 Days :236 Avg Daily Profit :0.02 %
Env #:0 Genome_id # :2 Fitness :-7383.56 Final Amt :1385.62 Days :236 Avg Daily Profit :-0.137 %
Env #:0 Genome_id # :1042 Fitness :75660.56 Final Amt :2705.49 Days :236 Avg Daily Profit :0.146 %
Env #:0 Genome_id # :785 Fitness :50111.14 Final Amt :2575.77 Days :236 Avg Daily Profit :0.126 %
Env #:0 Genome_id # :5 Fitness :37295.25 Final Amt :2329.56 Days :236 Avg Daily Profit :0.085 %
Env #:0 Genome_id # :929 Fitness :53251.46 Final Amt :2584.68 Days :236 Avg Daily Profit :0.125 %
Env #:0 Genome_id # :3 Fitness :-53282.62 Final Amt :1441.19 Days :236 Avg Daily Profit :-0.119 %
Env #:0 Genome_id # :1 Fitness :16273.12 Final Amt :2591.7 Days :236 Avg Daily Profit :0.127 %
Env #:0 Genome_id # :6 Fitness :-33870.85 Final Amt :1395.19 Days :236 Avg Daily Profit :-0.135 %
Env #:0 Genome_id # :8 Fitness :-16884.83 Final Amt :1644.74 Days :236 Avg Daily Profit :-0.064 %
Env #:0 Genome_id # :718 Fitness :192558.09 Final Amt :3604.96 Days :236 Avg Daily Profit :0.268 %
Env #:0 Genome_id # :365 Fitness :81853.27 Final Amt :2169.66 Days :236 Avg Daily Profit :0.054 %
Env #:0 Genome_id # :9 Fitness :-41457.26 Final Amt :1397.36 Days :236 Avg Daily Profit :-0.132 %
Env #:0 Genome_id # :7 Fitness :47575.17 Final Amt :2454.33 Days :236 Avg Daily Profit :0.104 %
Env #:0 Genome_id # :10 Fitness :-59209.64 Final Amt :1371.74 Days :236 Avg Daily Profit :-0.146 %
Env #:0 Genome_id # :1072 Fitness :86449.35 Final Amt :1790.59 Days :236 Avg Daily Profit :-0.03 %
Env #:0 Genome_id # :11 Fitness :13506.49 Final Amt :2138.53 Days :236 Avg Daily Profit :0.037 %
Env #:0 Genome_id # :13 Fitness :-62308.97 Final Amt :1418.34 Days :236 Avg Daily Profit :-0.127 %
Env #:0 Genome_id # :12 Fitness :6640.52 Final Amt :2052.14 Days :236 Avg Daily Profit :0.027 %
Env #:0 Genome_id # :14 Fitness :-83494.51 Final Amt :1616.88 Days :236 Avg Daily Profit :-0.073 %
Env #:0 Genome_id # :18 Fitness :-39567.81 Final Amt :1347.33 Days :236 Avg Daily Profit :-0.15 %
Env #:0 Genome_id # :16 Fitness :-32268.14 Final Amt :1395.97 Days :236 Avg Daily Profit :-0.135 %
Env #:0 Genome_id # :785 Fitness :50111.14 Final Amt :2575.77 Days :236 Avg Daily Profit :0.126 %
Env #:0 Genome_id # :1042 Fitness :75660.56 Final Amt :2705.49 Days :236 Avg Daily Profit :0.146 %
Env #:0 Genome_id # :19 Fitness :25948.42 Final Amt :2545.08 Days :236 Avg Daily Profit :0.125 %
Env #:0 Genome_id # :15 Fitness :33684.72 Final Amt :2462.25 Days :236 Avg Daily Profit :0.108 %
Env #:0 Genome_id # :17 Fitness :51936.05 Final Amt :2403.99 Days :236 Avg Daily Profit :0.095 %
Env #:0 Genome_id # :929 Fitness :53251.46 Final Amt :2584.68 Days :236 Avg Daily Profit :0.125 %
Env #:0 Genome_id # :20 Fitness :-49673.45 Final Amt :1409.66 Days :236 Avg Daily Profit :-0.127 %
Env #:0 Genome_id # :22 Fitness :43900.79 Final Amt :2368.74 Days :236 Avg Daily Profit :0.09 %
Env #:0 Genome_id # :1072 Fitness :86449.35 Final Amt :1790.59 Days :236 Avg Daily Profit :-0.03 %
Env #:0 Genome_id # :23 Fitness :-63809.96 Final Amt :1414.46 Days :236 Avg Daily Profit :-0.127 %
Env #:0 Genome_id # :21 Fitness :51002.03 Final Amt :2894.36 Days :236 Avg Daily Profit :0.176 %
Env #:0 Genome_id # :718 Fitness :192558.09 Final Amt :3604.96 Days :236 Avg Daily Profit :0.268 %
Env #:0 Genome_id # :24 Fitness :-37237.48 Final Amt :1561.13 Days :236 Avg Daily Profit :-0.088 %
Env #:0 Genome_id # :365 Fitness :81853.27 Final Amt :2169.66 Days :236 Avg Daily Profit :0.054 %
Env #:0 Genome_id # :27 Fitness :-14650.78 Final Amt :1709.31 Days :236 Avg Daily Profit :-0.062 %
Env #:0 Genome_id # :25 Fitness :-3208.61 Final Amt :1520.51 Days :236 Avg Daily Profit :-0.099 %
Env #:0 Genome_id # :26 Fitness :-40314.35 Final Amt :1384.58 Days :236 Avg Daily Profit :-0.135 %
Env #:0 Genome_id # :28 Fitness :0.0 Final Amt :2000.0 Days :236 Avg Daily Profit :0.0 %
Env #:0 Genome_id # :1042 Fitness :75660.56 Final Amt :2705.49 Days :236 Avg Daily Profit :0.146 %
Env #:0 Genome_id # :32 Fitness :42922.98 Final Amt :2683.63 Days :236 Avg Daily Profit :0.151 %
Env #:0 Genome_id # :30 Fitness :-10162.67 Final Amt :1914.75 Days :236 Avg Daily Profit :-0.0 %
Env #:0 Genome_id # :17 Fitness :51936.05 Final Amt :2403.99 Days :236 Avg Daily Profit :0.095 %
Env #:0 Genome_id # :929 Fitness :53251.46 Final Amt :2584.68 Days :236 Avg Daily Profit :0.125 %
Env #:0 Genome_id # :33 Fitness :25251.44 Final Amt :2156.77 Days :236 Avg Daily Profit :0.05 %
Env #:0 Genome_id # :29 Fitness :-39669.24 Final Amt :1414.0 Days :236 Avg Daily Profit :-0.129 %
Env #:0 Genome_id # :31 Fitness :8032.81 Final Amt :1754.28 Days :236 Avg Daily Profit :-0.04 %
Env #:0 Genome_id # :34 Fitness :-10392.08 Final Amt :1750.12 Days :236 Avg Daily Profit :-0.052 %
Env #:0 Genome_id # :365 Fitness :81853.27 Final Amt :2169.66 Days :236 Avg Daily Profit :0.054 %
Env #:0 Genome_id # :37 Fitness :-88627.35 Final Amt :1639.59 Days :236 Avg Daily Profit :-0.071 %
Env #:0 Genome_id # :718 Fitness :192558.09 Final Amt :3604.96 Days :236 Avg Daily Profit :0.268 %
Env #:0 Genome_id # :35 Fitness :-15804.0 Final Amt :1681.1 Days :236 Avg Daily Profit :-0.055 %
Env #:0 Genome_id # :38 Fitness :0.0 Final Amt :2000.0 Days :236 Avg Daily Profit :0.0 %
Env #:0 Genome_id # :36 Fitness :120349.45 Final Amt :1872.28 Days :236 Avg Daily Profit :-0.009 %
Env #:0 Genome_id # :1072 Fitness :86449.35 Final Amt :1790.59 Days :236 Avg Daily Profit :-0.03 %
Env #:0 Genome_id # :39 Fitness :69126.67 Final Amt :2612.38 Days :236 Avg Daily Profit :0.132 %
Env #:0 Genome_id # :41 Fitness :-60464.06 Final Amt :1420.53 Days :236 Avg Daily Profit :-0.124 %
Env #:0 Genome_id # :40 Fitness :57535.69 Final Amt :2458.53 Days :236 Avg Daily Profit :0.106 %
Env #:0 Genome_id # :42 Fitness :0.0 Final Amt :2000.0 Days :236 Avg Daily Profit :0.0 %
Env #:0 Genome_id # :46 Fitness :4959.32 Final Amt :1773.98 Days :236 Avg Daily Profit :-0.034 %
Env #:0 Genome_id # :1042 Fitness :75660.56 Final Amt :2705.49 Days :236 Avg Daily Profit :0.146 %
Env #:0 Genome_id # :44 Fitness :20981.99 Final Amt :2097.37 Days :236 Avg Daily Profit :0.037 %
Env #:0 Genome_id # :17 Fitness :51936.05 Final Amt :2403.99 Days :236 Avg Daily Profit :0.095 %
Env #:0 Genome_id # :45 Fitness :8073.34 Final Amt :2119.16 Days :236 Avg Daily Profit :0.025 %
Env #:0 Genome_id # :47 Fitness :-41832.19 Final Amt :1504.07 Days :236 Avg Daily Profit :-0.101 %
Env #:0 Genome_id # :929 Fitness :53251.46 Final Amt :2584.68 Days :236 Avg Daily Profit :0.125 %
Env #:0 Genome_id # :43 Fitness :80653.96 Final Amt :2464.97 Days :236 Avg Daily Profit :0.107 %
Env #:0 Genome_id # :48 Fitness :74842.02 Final Amt :2866.87 Days :236 Avg Daily Profit :0.167 %
Env #:0 Genome_id # :36 Fitness :120349.45 Final Amt :1872.28 Days :236 Avg Daily Profit :-0.009 %
Env #:0 Genome_id # :49 Fitness :-97990.79 Final Amt :1365.6 Days :236 Avg Daily Profit :-0.146 %
Env #:0 Genome_id # :51 Fitness :-33355.43 Final Amt :1378.21 Days :236 Avg Daily Profit :-0.141 %
Env #:0 Genome_id # :718 Fitness :192558.09 Final Amt :3604.96 Days :236 Avg Daily Profit :0.268 %
Env #:0 Genome_id # :1072 Fitness :86449.35 Final Amt :1790.59 Days :236 Avg Daily Profit :-0.03 %
Env #:0 Genome_id # :52 Fitness :6252.69 Final Amt :2009.7 Days :236 Avg Daily Profit :0.014 %
Env #:0 Genome_id # :50 Fitness :131027.86 Final Amt :2193.37 Days :236 Avg Daily Profit :0.057 %
Env #:0 Genome_id # :55 Fitness :8545.07 Final Amt :2166.01 Days :236 Avg Daily Profit :0.035 %
Env #:0 Genome_id # :53 Fitness :178566.04 Final Amt :3031.56 Days :236 Avg Daily Profit :0.195 %
Env #:0 Genome_id # :56 Fitness :-2467.49 Final Amt :1974.33 Days :236 Avg Daily Profit :0.009 %
Env #:0 Genome_id # :54 Fitness :132911.29 Final Amt :2275.46 Days :236 Avg Daily Profit :0.067 %
Env #:0 Genome_id # :48 Fitness :74842.02 Final Amt :2866.87 Days :236 Avg Daily Profit :0.167 %
Env #:0 Genome_id # :60 Fitness :-45455.95 Final Amt :1337.86 Days :236 Avg Daily Profit :-0.154 %
Env #:0 Genome_id # :58 Fitness :26166.79 Final Amt :2067.99 Days :236 Avg Daily Profit :0.035 %
Env #:0 Genome_id # :43 Fitness :80653.96 Final Amt :2464.97 Days :236 Avg Daily Profit :0.107 %
Env #:0 Genome_id # :57 Fitness :-55104.83 Final Amt :1435.72 Days :236 Avg Daily Profit :-0.12 %
Env #:0 Genome_id # :59 Fitness :33577.84 Final Amt :2326.79 Days :236 Avg Daily Profit :0.086 %
Env #:0 Genome_id # :61 Fitness :-62171.34 Final Amt :1530.66 Days :236 Avg Daily Profit :-0.095 %
Env #:0 Genome_id # :1042 Fitness :75660.56 Final Amt :2705.49 Days :236 Avg Daily Profit :0.146 %
Env #:0 Genome_id # :65 Fitness :0.0 Final Amt :2000.0 Days :236 Avg Daily Profit :0.0 %
Env #:0 Genome_id # :62 Fitness :-50005.96 Final Amt :1447.69 Days :236 Avg Daily Profit :-0.117 %
Env #:0 Genome_id # :54 Fitness :132911.29 Final Amt :2275.46 Days :236 Avg Daily Profit :0.067 %
Env #:0 Genome_id # :718 Fitness :192558.09 Final Amt :3604.96 Days :236 Avg Daily Profit :0.268 %
Env #:0 Genome_id # :66 Fitness :146293.22 Final Amt :2116.86 Days :236 Avg Daily Profit :0.049 %
Env #:0 Genome_id # :63 Fitness :-53439.16 Final Amt :1790.38 Days :236 Avg Daily Profit :-0.033 %
Env #:0 Genome_id # :64 Fitness :-24283.07 Final Amt :1675.93 Days :236 Avg Daily Profit :-0.06 %
Env #:0 Genome_id # :53 Fitness :178566.04 Final Amt :3031.56 Days :236 Avg Daily Profit :0.195 %
Env #:0 Genome_id # :69 Fitness :95100.92 Final Amt :2789.1 Days :236 Avg Daily Profit :0.164 %
Env #:0 Genome_id # :67 Fitness :74052.66 Final Amt :2504.98 Days :236 Avg Daily Profit :0.116 %
Env #:0 Genome_id # :70 Fitness :-22068.79 Final Amt :1570.29 Days :236 Avg Daily Profit :-0.092 %
Env #:0 Genome_id # :68 Fitness :-69197.22 Final Amt :1841.77 Days :236 Avg Daily Profit :-0.02 %
Env #:0 Genome_id # :74 Fitness :-40641.56 Final Amt :1463.92 Days :236 Avg Daily Profit :-0.113 %
Env #:0 Genome_id # :48 Fitness :74842.02 Final Amt :2866.87 Days :236 Avg Daily Profit :0.167 %
Env #:0 Genome_id # :72 Fitness :21644.66 Final Amt :2278.29 Days :236 Avg Daily Profit :0.074 %
Env #:0 Genome_id # :43 Fitness :80653.96 Final Amt :2464.97 Days :236 Avg Daily Profit :0.107 %
Env #:0 Genome_id # :73 Fitness :-37984.09 Final Amt :1305.53 Days :236 Avg Daily Profit :-0.162 %
Env #:0 Genome_id # :75 Fitness :-56305.41 Final Amt :1413.27 Days :236 Avg Daily Profit :-0.128 %
Env #:0 Genome_id # :1042 Fitness :75660.56 Final Amt :2705.49 Days :236 Avg Daily Profit :0.146 %
Env #:0 Genome_id # :71 Fitness :-78626.91 Final Amt :1708.48 Days :236 Avg Daily Profit :-0.054 %
Env #:0 Genome_id # :79 Fitness :-18505.72 Final Amt :1758.78 Days :236 Avg Daily Profit :-0.045 %
Env #:0 Genome_id # :718 Fitness :192558.09 Final Amt :3604.96 Days :236 Avg Daily Profit :0.268 %
Env #:0 Genome_id # :66 Fitness :146293.22 Final Amt :2116.86 Days :236 Avg Daily Profit :0.049 %
Env #:0 Genome_id # :77 Fitness :-40324.01 Final Amt :1404.53 Days :236 Avg Daily Profit :-0.134 %
Env #:0 Genome_id # :76 Fitness :336.61 Final Amt :1974.04 Days :236 Avg Daily Profit :-0.005 %
Env #:0 Genome_id # :80 Fitness :-38954.38 Final Amt :1637.91 Days :236 Avg Daily Profit :-0.072 %
Env #:0 Genome_id # :53 Fitness :178566.04 Final Amt :3031.56 Days :236 Avg Daily Profit :0.195 %
Env #:0 Genome_id # :78 Fitness :-53201.35 Final Amt :1373.0 Days :236 Avg Daily Profit :-0.14 %
Env #:0 Genome_id # :83 Fitness :0.0 Final Amt :2000.0 Days :236 Avg Daily Profit :0.0 %
Env #:0 Genome_id # :81 Fitness :105932.67 Final Amt :2925.73 Days :236 Avg Daily Profit :0.182 %
Env #:0 Genome_id # :84 Fitness :0.0 Final Amt :2000.0 Days :236 Avg Daily Profit :0.0 %
Env #:0 Genome_id # :82 Fitness :13816.45 Final Amt :2073.62 Days :236 Avg Daily Profit :0.038 %
Env #:0 Genome_id # :48 Fitness :74842.02 Final Amt :2866.87 Days :236 Avg Daily Profit :0.167 %
Env #:0 Genome_id # :43 Fitness :80653.96 Final Amt :2464.97 Days :236 Avg Daily Profit :0.107 %
Env #:0 Genome_id # :88 Fitness :-36794.23 Final Amt :1413.62 Days :236 Avg Daily Profit :-0.125 %
Env #:0 Genome_id # :86 Fitness :60082.12 Final Amt :2581.94 Days :236 Avg Daily Profit :0.125 %
Env #:0 Genome_id # :85 Fitness :23653.1 Final Amt :2244.25 Days :236 Avg Daily Profit :0.058 %
Env #:0 Genome_id # :89 Fitness :950.39 Final Amt :2037.59 Days :236 Avg Daily Profit :0.018 %
Env #:0 Genome_id # :1042 Fitness :75660.56 Final Amt :2705.49 Days :236 Avg Daily Profit :0.146 %
Env #:0 Genome_id # :87 Fitness :-26155.47 Final Amt :1852.37 Days :236 Avg Daily Profit :-0.01 %
Env #:0 Genome_id # :90 Fitness :-53506.45 Final Amt :1479.32 Days :236 Avg Daily Profit :-0.11 %
Env #:0 Genome_id # :53 Fitness :178566.04 Final Amt :3031.56 Days :236 Avg Daily Profit :0.195 %
Env #:0 Genome_id # :91 Fitness :-59898.23 Final Amt :1396.46 Days :236 Avg Daily Profit :-0.14 %
Env #:0 Genome_id # :93 Fitness :-40269.25 Final Amt :1595.13 Days :236 Avg Daily Profit :-0.079 %
Env #:0 Genome_id # :92 Fitness :0.0 Final Amt :2000.0 Days :236 Avg Daily Profit :0.0 %
Env #:0 Genome_id # :718 Fitness :192558.09 Final Amt :3604.96 Days :236 Avg Daily Profit :0.268 %
Env #:0 Genome_id # :66 Fitness :146293.22 Final Amt :2116.86 Days :236 Avg Daily Profit :0.049 %
Env #:0 Genome_id # :94 Fitness :62135.92 Final Amt :2820.51 Days :236 Avg Daily Profit :0.164 %
Env #:0 Genome_id # :95 Fitness :-96710.4 Final Amt :1560.74 Days :236 Avg Daily Profit :-0.089 %
Env #:0 Genome_id # :97 Fitness :28555.26 Final Amt :2688.29 Days :236 Avg Daily Profit :0.145 %
Env #:0 Genome_id # :96 Fitness :-48515.54 Final Amt :1405.06 Days :236 Avg Daily Profit :-0.133 %
Env #:0 Genome_id # :98 Fitness :-43414.84 Final Amt :1387.07 Days :236 Avg Daily Profit :-0.135 %
Env #:0 Genome_id # :102 Fitness :41784.27 Final Amt :2562.52 Days :236 Avg Daily Profit :0.122 %
Env #:0 Genome_id # :48 Fitness :74842.02 Final Amt :2866.87 Days :236 Avg Daily Profit :0.167 %
Env #:0 Genome_id # :43 Fitness :80653.96 Final Amt :2464.97 Days :236 Avg Daily Profit :0.107 %
Env #:0 Genome_id # :100 Fitness :-49178.92 Final Amt :1373.11 Days :236 Avg Daily Profit :-0.143 %
Env #:0 Genome_id # :103 Fitness :53683.44 Final Amt :2893.95 Days :236 Avg Daily Profit :0.173 %
Env #:0 Genome_id # :1042 Fitness :75660.56 Final Amt :2705.49 Days :236 Avg Daily Profit :0.146 %
Env #:0 Genome_id # :99 Fitness :-46102.92 Final Amt :1453.1 Days :236 Avg Daily Profit :-0.116 %
Env #:0 Genome_id # :101 Fitness :-27538.54 Final Amt :2019.53 Days :236 Avg Daily Profit :0.023 %
Env #:0 Genome_id # :104 Fitness :39805.97 Final Amt :2640.43 Days :236 Avg Daily Profit :0.137 %
Env #:0 Genome_id # :66 Fitness :146293.22 Final Amt :2116.86 Days :236 Avg Daily Profit :0.049 %
Env #:0 Genome_id # :718 Fitness :192558.09 Final Amt :3604.96 Days :236 Avg Daily Profit :0.268 %
Env #:0 Genome_id # :107 Fitness :110166.35 Final Amt :2914.67 Days :236 Avg Daily Profit :0.179 %
Env #:0 Genome_id # :105 Fitness :14086.23 Final Amt :1424.56 Days :236 Avg Daily Profit :-0.127 %
Env #:0 Genome_id # :106 Fitness :49623.04 Final Amt :2580.87 Days :236 Avg Daily Profit :0.132 %
Env #:0 Genome_id # :108 Fitness :29564.87 Final Amt :2386.53 Days :236 Avg Daily Profit :0.093 %
Env #:0 Genome_id # :53 Fitness :178566.04 Final Amt :3031.56 Days :236 Avg Daily Profit :0.195 %
Env #:0 Genome_id # :111 Fitness :-93501.06 Final Amt :1593.09 Days :236 Avg Daily Profit :-0.083 %
Env #:0 Genome_id # :109 Fitness :58955.25 Final Amt :2238.99 Days :236 Avg Daily Profit :0.066 %
Env #:0 Genome_id # :112 Fitness :-36797.67 Final Amt :1488.08 Days :236 Avg Daily Profit :-0.105 %
Env #:0 Genome_id # :110 Fitness :34964.46 Final Amt :1950.63 Days :236 Avg Daily Profit :0.008 %
Env #:0 Genome_id # :116 Fitness :38392.62 Final Amt :2651.94 Days :236 Avg Daily Profit :0.146 %
Env #:0 Genome_id # :48 Fitness :74842.02 Final Amt :2866.87 Days :236 Avg Daily Profit :0.167 %
Env #:0 Genome_id # :43 Fitness :80653.96 Final Amt :2464.97 Days :236 Avg Daily Profit :0.107 %
Env #:0 Genome_id # :114 Fitness :-90348.5 Final Amt :2180.82 Days :236 Avg Daily Profit :0.055 %
Env #:0 Genome_id # :113 Fitness :-6532.31 Final Amt :2075.74 Days :236 Avg Daily Profit :0.039 %
Env #:0 Genome_id # :117 Fitness :52590.52 Final Amt :2055.17 Days :236 Avg Daily Profit :0.029 %
Env #:0 Genome_id # :1042 Fitness :75660.56 Final Amt :2705.49 Days :236 Avg Daily Profit :0.146 %
Env #:0 Genome_id # :115 Fitness :-64445.02 Final Amt :1388.4 Days :236 Avg Daily Profit :-0.137 %
Env #:0 Genome_id # :118 Fitness :-41634.4 Final Amt :1399.83 Days :236 Avg Daily Profit :-0.13 %
Env #:0 Genome_id # :119 Fitness :61757.76 Final Amt :2463.38 Days :236 Avg Daily Profit :0.116 %
Env #:0 Genome_id # :53 Fitness :178566.04 Final Amt :3031.56 Days :236 Avg Daily Profit :0.195 %
Env #:0 Genome_id # :121 Fitness :7631.55 Final Amt :2290.7 Days :236 Avg Daily Profit :0.075 %
Env #:0 Genome_id # :120 Fitness :-9236.12 Final Amt :1850.01 Days :236 Avg Daily Profit :-0.031 %
Env #:0 Genome_id # :718 Fitness :192558.09 Final Amt :3604.96 Days :236 Avg Daily Profit :0.268 %
Env #:0 Genome_id # :66 Fitness :146293.22 Final Amt :2116.86 Days :236 Avg Daily Profit :0.049 %
Env #:0 Genome_id # :122 Fitness :44429.47 Final Amt :2425.68 Days :236 Avg Daily Profit :0.094 %
Env #:0 Genome_id # :123 Fitness :37610.91 Final Amt :2627.77 Days :236 Avg Daily Profit :0.135 %
Env #:0 Genome_id # :125 Fitness :-59661.1 Final Amt :1572.59 Days :236 Avg Daily Profit :-0.088 %
Env #:0 Genome_id # :124 Fitness :58486.68 Final Amt :2676.71 Days :236 Avg Daily Profit :0.147 %
Env #:0 Genome_id # :126 Fitness :65362.55 Final Amt :2600.94 Days :236 Avg Daily Profit :0.137 %
Env #:0 Genome_id # :128 Fitness :-50904.71 Final Amt :1419.74 Days :236 Avg Daily Profit :-0.13 %
Env #:0 Genome_id # :48 Fitness :74842.02 Final Amt :2866.87 Days :236 Avg Daily Profit :0.167 %
Env #:0 Genome_id # :43 Fitness :80653.96 Final Amt :2464.97 Days :236 Avg Daily Profit :0.107 %
Env #:0 Genome_id # :130 Fitness :-43976.96 Final Amt :1658.1 Days :236 Avg Daily Profit :-0.061 %
Env #:0 Genome_id # :127 Fitness :15880.04 Final Amt :2119.0 Days :236 Avg Daily Profit :0.031 %
Env #:0 Genome_id # :129 Fitness :34564.95 Final Amt :2454.5 Days :236 Avg Daily Profit :0.108 %
Env #:0 Genome_id # :131 Fitness :-37325.39 Final Amt :1380.63 Days :236 Avg Daily Profit :-0.139 %
Env #:0 Genome_id # :1042 Fitness :75660.56 Final Amt :2705.49 Days :236 Avg Daily Profit :0.146 %
Env #:0 Genome_id # :718 Fitness :192558.09 Final Amt :3604.96 Days :236 Avg Daily Profit :0.268 %
Env #:0 Genome_id # :66 Fitness :146293.22 Final Amt :2116.86 Days :236 Avg Daily Profit :0.049 %
Env #:0 Genome_id # :133 Fitness :121632.49 Final Amt :2782.69 Days :236 Avg Daily Profit :0.159 %
Env #:0 Genome_id # :135 Fitness :74378.24 Final Amt :2464.19 Days :236 Avg Daily Profit :0.11 %
Env #:0 Genome_id # :136 Fitness :0.0 Final Amt :2000.0 Days :236 Avg Daily Profit :0.0 %
Env #:0 Genome_id # :53 Fitness :178566.04 Final Amt :3031.56 Days :236 Avg Daily Profit :0.195 %
Env #:0 Genome_id # :132 Fitness :-4223.91 Final Amt :1819.43 Days :236 Avg Daily Profit :-0.025 %
Env #:0 Genome_id # :134 Fitness :67120.26 Final Amt :2651.49 Days :236 Avg Daily Profit :0.138 %
Env #:0 Genome_id # :139 Fitness :-55754.3 Final Amt :1482.31 Days :236 Avg Daily Profit :-0.113 %
Env #:0 Genome_id # :137 Fitness :120938.38 Final Amt :2767.1 Days :236 Avg Daily Profit :0.158 %
Env #:0 Genome_id # :140 Fitness :-64135.13 Final Amt :1431.69 Days :236 Avg Daily Profit :-0.123 %
Env #:0 Genome_id # :138 Fitness :-36013.5 Final Amt :1494.91 Days :236 Avg Daily Profit :-0.106 %
Env #:0 Genome_id # :142 Fitness :9813.02 Final Amt :2116.93 Days :236 Avg Daily Profit :0.035 %
Env #:0 Genome_id # :48 Fitness :74842.02 Final Amt :2866.87 Days :236 Avg Daily Profit :0.167 %
Env #:0 Genome_id # :43 Fitness :80653.96 Final Amt :2464.97 Days :236 Avg Daily Profit :0.107 %
Env #:0 Genome_id # :144 Fitness :-42716.15 Final Amt :1492.85 Days :236 Avg Daily Profit :-0.104 %
Env #:0 Genome_id # :141 Fitness :-45094.74 Final Amt :1390.36 Days :236 Avg Daily Profit :-0.134 %
Env #:0 Genome_id # :143 Fitness :-45242.39 Final Amt :1536.35 Days :236 Avg Daily Profit :-0.095 %
Env #:0 Genome_id # :1042 Fitness :75660.56 Final Amt :2705.49 Days :236 Avg Daily Profit :0.146 %
Env #:0 Genome_id # :718 Fitness :192558.09 Final Amt :3604.96 Days :236 Avg Daily Profit :0.268 %
Env #:0 Genome_id # :149 Fitness :-10783.21 Final Amt :1761.72 Days :236 Avg Daily Profit :-0.051 %
Env #:0 Genome_id # :53 Fitness :178566.04 Final Amt :3031.56 Days :236 Avg Daily Profit :0.195 %
Env #:0 Genome_id # :147 Fitness :4863.79 Final Amt :2079.32 Days :236 Avg Daily Profit :0.041 %
Env #:0 Genome_id # :145 Fitness :-17935.71 Final Amt :1347.83 Days :236 Avg Daily Profit :-0.148 %
Env #:0 Genome_id # :148 Fitness :0.0 Final Amt :2000.0 Days :236 Avg Daily Profit :0.0 %
Env #:0 Genome_id # :150 Fitness :36067.47 Final Amt :2410.64 Days :236 Avg Daily Profit :0.101 %
Env #:0 Genome_id # :66 Fitness :146293.22 Final Amt :2116.86 Days :236 Avg Daily Profit :0.049 %
Env #:0 Genome_id # :146 Fitness :106233.8 Final Amt :2537.6 Days :236 Avg Daily Profit :0.125 %
Env #:0 Genome_id # :151 Fitness :35612.53 Final Amt :3084.6 Days :236 Avg Daily Profit :0.206 %
Env #:0 Genome_id # :153 Fitness :-38575.74 Final Amt :1416.33 Days :236 Avg Daily Profit :-0.13 %
Env #:0 Genome_id # :152 Fitness :37528.83 Final Amt :2598.72 Days :236 Avg Daily Profit :0.129 %
Env #:0 Genome_id # :154 Fitness :65119.68 Final Amt :2528.3 Days :236 Avg Daily Profit :0.118 %
Env #:0 Genome_id # :158 Fitness :-21626.07 Final Amt :1722.94 Days :236 Avg Daily Profit :-0.049 %
Env #:0 Genome_id # :156 Fitness :-17747.0 Final Amt :2092.59 Days :236 Avg Daily Profit :0.04 %
Env #:0 Genome_id # :48 Fitness :74842.02 Final Amt :2866.87 Days :236 Avg Daily Profit :0.167 %
Env #:0 Genome_id # :43 Fitness :80653.96 Final Amt :2464.97 Days :236 Avg Daily Profit :0.107 %
Env #:0 Genome_id # :159 Fitness :-66573.06 Final Amt :1791.75 Days :236 Avg Daily Profit :-0.03 %
Env #:0 Genome_id # :157 Fitness :78291.06 Final Amt :1594.16 Days :236 Avg Daily Profit :-0.082 %
Env #:0 Genome_id # :155 Fitness :37522.19 Final Amt :2419.95 Days :236 Avg Daily Profit :0.098 %
Env #:0 Genome_id # :1042 Fitness :75660.56 Final Amt :2705.49 Days :236 Avg Daily Profit :0.146 %
Env #:0 Genome_id # :718 Fitness :192558.09 Final Amt :3604.96 Days :236 Avg Daily Profit :0.268 %
Env #:0 Genome_id # :66 Fitness :146293.22 Final Amt :2116.86 Days :236 Avg Daily Profit :0.049 %
Env #:0 Genome_id # :163 Fitness :69481.09 Final Amt :2757.57 Days :236 Avg Daily Profit :0.152 %
Env #:0 Genome_id # :161 Fitness :-63602.78 Final Amt :1398.23 Days :236 Avg Daily Profit :-0.134 %
Env #:0 Genome_id # :164 Fitness :0.0 Final Amt :2000.0 Days :236 Avg Daily Profit :0.0 %
Env #:0 Genome_id # :53 Fitness :178566.04 Final Amt :3031.56 Days :236 Avg Daily Profit :0.195 %
Env #:0 Genome_id # :160 Fitness :-82988.53 Final Amt :1396.59 Days :236 Avg Daily Profit :-0.136 %
Env #:0 Genome_id # :162 Fitness :-36158.2 Final Amt :1576.89 Days :236 Avg Daily Profit :-0.083 %
Env #:0 Genome_id # :165 Fitness :-64885.5 Final Amt :1227.53 Days :236 Avg Daily Profit :-0.191 %
Env #:0 Genome_id # :167 Fitness :-52923.14 Final Amt :1303.99 Days :236 Avg Daily Profit :-0.164 %
Env #:0 Genome_id # :168 Fitness :-163219.05 Final Amt :1532.05 Days :236 Avg Daily Profit :-0.098 %
Env #:0 Genome_id # :166 Fitness :-71158.84 Final Amt :1413.06 Days :236 Avg Daily Profit :-0.132 %
Env #:0 Genome_id # :170 Fitness :-6524.71 Final Amt :1718.34 Days :236 Avg Daily Profit :-0.05 %
Env #:0 Genome_id # :172 Fitness :11179.75 Final Amt :2227.9 Days :236 Avg Daily Profit :0.07 %
Env #:0 Genome_id # :1042 Fitness :75660.56 Final Amt :2705.49 Days :236 Avg Daily Profit :0.146 %
Env #:0 Genome_id # :43 Fitness :80653.96 Final Amt :2464.97 Days :236 Avg Daily Profit :0.107 %
Env #:0 Genome_id # :173 Fitness :34248.55 Final Amt :2275.05 Days :236 Avg Daily Profit :0.071 %
Env #:0 Genome_id # :171 Fitness :51652.49 Final Amt :2531.28 Days :236 Avg Daily Profit :0.118 %
Env #:0 Genome_id # :169 Fitness :-88229.19 Final Amt :2205.27 Days :236 Avg Daily Profit :0.061 %
Env #:0 Genome_id # :157 Fitness :78291.06 Final Amt :1594.16 Days :236 Avg Daily Profit :-0.082 %
Env #:0 Genome_id # :174 Fitness :-7560.79 Final Amt :1491.04 Days :236 Avg Daily Profit :-0.102 %
Env #:0 Genome_id # :175 Fitness :136572.47 Final Amt :2161.93 Days :236 Avg Daily Profit :0.055 %
Env #:0 Genome_id # :53 Fitness :178566.04 Final Amt :3031.56 Days :236 Avg Daily Profit :0.195 %
Env #:0 Genome_id # :177 Fitness :67375.64 Final Amt :2639.06 Days :236 Avg Daily Profit :0.135 %
Env #:0 Genome_id # :178 Fitness :0.0 Final Amt :2000.0 Days :236 Avg Daily Profit :0.0 %
Env #:0 Genome_id # :176 Fitness :-33549.39 Final Amt :1529.37 Days :236 Avg Daily Profit :-0.11 %
Env #:0 Genome_id # :718 Fitness :192558.09 Final Amt :3604.96 Days :236 Avg Daily Profit :0.268 %
Env #:0 Genome_id # :66 Fitness :146293.22 Final Amt :2116.86 Days :236 Avg Daily Profit :0.049 %
Env #:0 Genome_id # :181 Fitness :664.84 Final Amt :1993.57 Days :236 Avg Daily Profit :-0.001 %
Env #:0 Genome_id # :179 Fitness :-73754.52 Final Amt :1239.04 Days :236 Avg Daily Profit :-0.189 %
Env #:0 Genome_id # :180 Fitness :1711.4 Final Amt :2030.7 Days :236 Avg Daily Profit :0.006 %
Env #:0 Genome_id # :182 Fitness :-84003.8 Final Amt :1258.85 Days :236 Avg Daily Profit :-0.183 %
Env #:0 Genome_id # :1042 Fitness :75660.56 Final Amt :2705.49 Days :236 Avg Daily Profit :0.146 %
Env #:0 Genome_id # :43 Fitness :80653.96 Final Amt :2464.97 Days :236 Avg Daily Profit :0.107 %
Env #:0 Genome_id # :186 Fitness :26536.89 Final Amt :2479.49 Days :236 Avg Daily Profit :0.106 %
Env #:0 Genome_id # :184 Fitness :44588.3 Final Amt :2274.04 Days :236 Avg Daily Profit :0.073 %
Env #:0 Genome_id # :183 Fitness :41861.65 Final Amt :2696.78 Days :236 Avg Daily Profit :0.143 %
Env #:0 Genome_id # :157 Fitness :78291.06 Final Amt :1594.16 Days :236 Avg Daily Profit :-0.082 %
Env #:0 Genome_id # :185 Fitness :-70651.41 Final Amt :1398.17 Days :236 Avg Daily Profit :-0.137 %
Env #:0 Genome_id # :187 Fitness :-60824.38 Final Amt :1387.52 Days :236 Avg Daily Profit :-0.135 %
Env #:0 Genome_id # :191 Fitness :11600.79 Final Amt :2085.16 Days :236 Avg Daily Profit :0.025 %
Env #:0 Genome_id # :66 Fitness :146293.22 Final Amt :2116.86 Days :236 Avg Daily Profit :0.049 %
Env #:0 Genome_id # :718 Fitness :192558.09 Final Amt :3604.96 Days :236 Avg Daily Profit :0.268 %
Env #:0 Genome_id # :188 Fitness :-59841.66 Final Amt :1423.61 Days :236 Avg Daily Profit :-0.127 %
Env #:0 Genome_id # :192 Fitness :6934.07 Final Amt :1827.0 Days :236 Avg Daily Profit :-0.02 %
Env #:0 Genome_id # :190 Fitness :20078.74 Final Amt :2314.17 Days :236 Avg Daily Profit :0.082 %
Env #:0 Genome_id # :189 Fitness :-119274.53 Final Amt :1303.84 Days :236 Avg Daily Profit :-0.165 %
Env #:0 Genome_id # :53 Fitness :178566.04 Final Amt :3031.56 Days :236 Avg Daily Profit :0.195 %
Env #:0 Genome_id # :193 Fitness :-35985.99 Final Amt :1382.74 Days :236 Avg Daily Profit :-0.136 %
Env #:0 Genome_id # :195 Fitness :125975.05 Final Amt :2519.34 Days :236 Avg Daily Profit :0.119 %
Env #:0 Genome_id # :194 Fitness :-57380.74 Final Amt :1443.68 Days :236 Avg Daily Profit :-0.12 %
Env #:0 Genome_id # :196 Fitness :-65611.68 Final Amt :1412.03 Days :236 Avg Daily Profit :-0.129 %
Env #:0 Genome_id # :1042 Fitness :75660.56 Final Amt :2705.49 Days :236 Avg Daily Profit :0.146 %
Env #:0 Genome_id # :43 Fitness :80653.96 Final Amt :2464.97 Days :236 Avg Daily Profit :0.107 %
Env #:0 Genome_id # :200 Fitness :-76306.28 Final Amt :1684.71 Days :236 Avg Daily Profit :-0.058 %
Env #:0 Genome_id # :198 Fitness :-93495.99 Final Amt :1328.76 Days :236 Avg Daily Profit :-0.151 %
Env #:0 Genome_id # :201 Fitness :-80817.98 Final Amt :1396.57 Days :236 Avg Daily Profit :-0.137 %
Env #:0 Genome_id # :197 Fitness :77346.16 Final Amt :3053.32 Days :236 Avg Daily Profit :0.192 %
Env #:0 Genome_id # :157 Fitness :78291.06 Final Amt :1594.16 Days :236 Avg Daily Profit :-0.082 %
Env #:0 Genome_id # :199 Fitness :67053.5 Final Amt :2304.48 Days :236 Avg Daily Profit :0.084 %
Env #:0 Genome_id # :205 Fitness :-483.32 Final Amt :2008.49 Days :236 Avg Daily Profit :0.004 %
Env #:0 Genome_id # :202 Fitness :-23365.49 Final Amt :2086.19 Days :236 Avg Daily Profit :0.034 %
Env #:0 Genome_id # :53 Fitness :178566.04 Final Amt :3031.56 Days :236 Avg Daily Profit :0.195 %
Env #:0 Genome_id # :203 Fitness :-58164.85 Final Amt :1443.39 Days :236 Avg Daily Profit :-0.12 %
Env #:0 Genome_id # :206 Fitness :54486.38 Final Amt :2274.9 Days :236 Avg Daily Profit :0.074 %
Env #:0 Genome_id # :66 Fitness :146293.22 Final Amt :2116.86 Days :236 Avg Daily Profit :0.049 %
Env #:0 Genome_id # :718 Fitness :192558.09 Final Amt :3604.96 Days :236 Avg Daily Profit :0.268 %
Env #:0 Genome_id # :204 Fitness :71665.63 Final Amt :2708.95 Days :236 Avg Daily Profit :0.149 %
Env #:0 Genome_id # :207 Fitness :0.0 Final Amt :2000.0 Days :236 Avg Daily Profit :0.0 %
Env #:0 Genome_id # :209 Fitness :-121271.22 Final Amt :1989.6 Days :236 Avg Daily Profit :0.011 %
Env #:0 Genome_id # :208 Fitness :0.0 Final Amt :2000.0 Days :236 Avg Daily Profit :0.0 %
Env #:0 Genome_id # :210 Fitness :53131.3 Final Amt :2487.58 Days :236 Avg Daily Profit :0.114 %
Env #:0 Genome_id # :212 Fitness :64472.54 Final Amt :2676.14 Days :236 Avg Daily Profit :0.141 %
Env #:0 Genome_id # :214 Fitness :-4803.87 Final Amt :1682.78 Days :236 Avg Daily Profit :-0.055 %
Env #:0 Genome_id # :43 Fitness :80653.96 Final Amt :2464.97 Days :236 Avg Daily Profit :0.107 %
Env #:0 Genome_id # :197 Fitness :77346.16 Final Amt :3053.32 Days :236 Avg Daily Profit :0.192 %
Env #:0 Genome_id # :213 Fitness :-60064.9 Final Amt :1412.18 Days :236 Avg Daily Profit :-0.131 %
Env #:0 Genome_id # :215 Fitness :-55379.06 Final Amt :2071.65 Days :236 Avg Daily Profit :0.025 %
Env #:0 Genome_id # :157 Fitness :78291.06 Final Amt :1594.16 Days :236 Avg Daily Profit :-0.082 %
Env #:0 Genome_id # :211 Fitness :36098.49 Final Amt :2378.91 Days :236 Avg Daily Profit :0.089 %
Env #:0 Genome_id # :217 Fitness :0.0 Final Amt :2000.0 Days :236 Avg Daily Profit :0.0 %
Env #:0 Genome_id # :718 Fitness :192558.09 Final Amt :3604.96 Days :236 Avg Daily Profit :0.268 %
Env #:0 Genome_id # :66 Fitness :146293.22 Final Amt :2116.86 Days :236 Avg Daily Profit :0.049 %
Env #:0 Genome_id # :219 Fitness :-49936.12 Final Amt :1762.34 Days :236 Avg Daily Profit :-0.038 %
Env #:0 Genome_id # :218 Fitness :-36244.24 Final Amt :1390.43 Days :236 Avg Daily Profit :-0.134 %
Env #:0 Genome_id # :53 Fitness :178566.04 Final Amt :3031.56 Days :236 Avg Daily Profit :0.195 %
Env #:0 Genome_id # :216 Fitness :-14301.1 Final Amt :1767.97 Days :236 Avg Daily Profit :-0.04 %
Env #:0 Genome_id # :220 Fitness :48590.33 Final Amt :2580.76 Days :236 Avg Daily Profit :0.123 %
Env #:0 Genome_id # :221 Fitness :-20396.22 Final Amt :1699.46 Days :236 Avg Daily Profit :-0.068 %
Env #:0 Genome_id # :223 Fitness :-54493.25 Final Amt :1354.31 Days :236 Avg Daily Profit :-0.145 %
Env #:0 Genome_id # :224 Fitness :-24342.84 Final Amt :1394.53 Days :236 Avg Daily Profit :-0.132 %
Env #:0 Genome_id # :222 Fitness :173787.38 Final Amt :2774.89 Days :236 Avg Daily Profit :0.161 %
Env #:0 Genome_id # :228 Fitness :-35655.55 Final Amt :1433.34 Days :236 Avg Daily Profit :-0.127 %
Env #:0 Genome_id # :43 Fitness :80653.96 Final Amt :2464.97 Days :236 Avg Daily Profit :0.107 %
Env #:0 Genome_id # :197 Fitness :77346.16 Final Amt :3053.32 Days :236 Avg Daily Profit :0.192 %
Env #:0 Genome_id # :226 Fitness :-51302.01 Final Amt :1439.2 Days :236 Avg Daily Profit :-0.117 %
Env #:0 Genome_id # :229 Fitness :-9965.18 Final Amt :1863.62 Days :236 Avg Daily Profit :-0.029 %
Env #:0 Genome_id # :227 Fitness :-14665.15 Final Amt :1701.94 Days :236 Avg Daily Profit :-0.059 %
Env #:0 Genome_id # :157 Fitness :78291.06 Final Amt :1594.16 Days :236 Avg Daily Profit :-0.082 %
Env #:0 Genome_id # :225 Fitness :-47078.65 Final Amt :1528.12 Days :236 Avg Daily Profit :-0.095 %
Env #:0 Genome_id # :230 Fitness :-7287.75 Final Amt :1619.48 Days :236 Avg Daily Profit :-0.07 %
Env #:0 Genome_id # :231 Fitness :0.0 Final Amt :2000.0 Days :236 Avg Daily Profit :0.0 %
Env #:0 Genome_id # :53 Fitness :178566.04 Final Amt :3031.56 Days :236 Avg Daily Profit :0.195 %
Env #:0 Genome_id # :233 Fitness :-84612.72 Final Amt :1444.78 Days :236 Avg Daily Profit :-0.121 %
Env #:0 Genome_id # :718 Fitness :192558.09 Final Amt :3604.96 Days :236 Avg Daily Profit :0.268 %
Env #:0 Genome_id # :232 Fitness :-39983.57 Final Amt :1222.93 Days :236 Avg Daily Profit :-0.192 %
Env #:0 Genome_id # :234 Fitness :0.0 Final Amt :2000.0 Days :236 Avg Daily Profit :0.0 %
Env #:0 Genome_id # :222 Fitness :173787.38 Final Amt :2774.89 Days :236 Avg Daily Profit :0.161 %
Env #:0 Genome_id # :235 Fitness :-2340.34 Final Amt :1930.01 Days :236 Avg Daily Profit :0.001 %
Env #:0 Genome_id # :237 Fitness :144683.74 Final Amt :2885.42 Days :236 Avg Daily Profit :0.173 %
Env #:0 Genome_id # :236 Fitness :-24185.93 Final Amt :1615.3 Days :236 Avg Daily Profit :-0.087 %
Env #:0 Genome_id # :238 Fitness :5162.25 Final Amt :1973.62 Days :236 Avg Daily Profit :0.013 %
Env #:0 Genome_id # :242 Fitness :54967.48 Final Amt :1326.14 Days :236 Avg Daily Profit :-0.162 %
Env #:0 Genome_id # :43 Fitness :80653.96 Final Amt :2464.97 Days :236 Avg Daily Profit :0.107 %
Env #:0 Genome_id # :197 Fitness :77346.16 Final Amt :3053.32 Days :236 Avg Daily Profit :0.192 %
Env #:0 Genome_id # :240 Fitness :67106.13 Final Amt :2741.46 Days :236 Avg Daily Profit :0.152 %
Env #:0 Genome_id # :243 Fitness :42549.33 Final Amt :2662.92 Days :236 Avg Daily Profit :0.141 %
Env #:0 Genome_id # :157 Fitness :78291.06 Final Amt :1594.16 Days :236 Avg Daily Profit :-0.082 %
Env #:0 Genome_id # :241 Fitness :137385.35 Final Amt :2835.72 Days :236 Avg Daily Profit :0.17 %
Env #:0 Genome_id # :239 Fitness :-29619.73 Final Amt :1594.11 Days :236 Avg Daily Profit :-0.078 %
Env #:0 Genome_id # :718 Fitness :192558.09 Final Amt :3604.96 Days :236 Avg Daily Profit :0.268 %
Env #:0 Genome_id # :222 Fitness :173787.38 Final Amt :2774.89 Days :236 Avg Daily Profit :0.161 %
Env #:0 Genome_id # :245 Fitness :-70805.72 Final Amt :1412.42 Days :236 Avg Daily Profit :-0.129 %
Env #:0 Genome_id # :247 Fitness :18628.65 Final Amt :1960.84 Days :236 Avg Daily Profit :0.008 %
Env #:0 Genome_id # :246 Fitness :0.0 Final Amt :2000.0 Days :236 Avg Daily Profit :0.0 %
Env #:0 Genome_id # :53 Fitness :178566.04 Final Amt :3031.56 Days :236 Avg Daily Profit :0.195 %
Env #:0 Genome_id # :244 Fitness :44504.88 Final Amt :2218.26 Days :236 Avg Daily Profit :0.06 %
Env #:0 Genome_id # :248 Fitness :81235.86 Final Amt :2622.89 Days :236 Avg Daily Profit :0.136 %
Env #:0 Genome_id # :249 Fitness :-5921.7 Final Amt :1892.26 Days :236 Avg Daily Profit :-0.023 %
Env #:0 Genome_id # :251 Fitness :92997.83 Final Amt :2603.29 Days :236 Avg Daily Profit :0.135 %
Env #:0 Genome_id # :250 Fitness :49448.75 Final Amt :2673.87 Days :236 Avg Daily Profit :0.146 %
Env #:0 Genome_id # :252 Fitness :79412.51 Final Amt :2287.89 Days :236 Avg Daily Profit :0.076 %
Env #:0 Genome_id # :256 Fitness :42446.26 Final Amt :2699.17 Days :236 Avg Daily Profit :0.151 %
Env #:0 Genome_id # :254 Fitness :-1383.85 Final Amt :1928.13 Days :236 Avg Daily Profit :0.009 %
Env #:0 Genome_id # :241 Fitness :137385.35 Final Amt :2835.72 Days :236 Avg Daily Profit :0.17 %
Env #:0 Genome_id # :157 Fitness :78291.06 Final Amt :1594.16 Days :236 Avg Daily Profit :-0.082 %
Env #:0 Genome_id # :257 Fitness :65999.52 Final Amt :2774.55 Days :236 Avg Daily Profit :0.153 %
Env #:0 Genome_id # :255 Fitness :50852.16 Final Amt :2487.31 Days :236 Avg Daily Profit :0.106 %
Env #:0 Genome_id # :43 Fitness :80653.96 Final Amt :2464.97 Days :236 Avg Daily Profit :0.107 %
Env #:0 Genome_id # :253 Fitness :-40289.39 Final Amt :1535.42 Days :236 Avg Daily Profit :-0.095 %
Env #:0 Genome_id # :261 Fitness :3348.58 Final Amt :2033.34 Days :236 Avg Daily Profit :0.007 %
Env #:0 Genome_id # :258 Fitness :38294.35 Final Amt :2732.27 Days :236 Avg Daily Profit :0.151 %
Env #:0 Genome_id # :53 Fitness :178566.04 Final Amt :3031.56 Days :236 Avg Daily Profit :0.195 %
Env #:0 Genome_id # :259 Fitness :61800.1 Final Amt :2749.98 Days :236 Avg Daily Profit :0.155 %
Env #:0 Genome_id # :262 Fitness :58926.88 Final Amt :2289.49 Days :236 Avg Daily Profit :0.079 %
Env #:0 Genome_id # :718 Fitness :192558.09 Final Amt :3604.96 Days :236 Avg Daily Profit :0.268 %
Env #:0 Genome_id # :222 Fitness :173787.38 Final Amt :2774.89 Days :236 Avg Daily Profit :0.161 %
Env #:0 Genome_id # :260 Fitness :-57225.37 Final Amt :1372.04 Days :236 Avg Daily Profit :-0.144 %
Env #:0 Genome_id # :263 Fitness :13685.37 Final Amt :2062.65 Days :236 Avg Daily Profit :0.017 %
Env #:0 Genome_id # :265 Fitness :-62320.14 Final Amt :1833.19 Days :236 Avg Daily Profit :-0.014 %
Env #:0 Genome_id # :264 Fitness :1870.75 Final Amt :1840.45 Days :236 Avg Daily Profit :-0.015 %
Env #:0 Genome_id # :266 Fitness :97691.56 Final Amt :2556.92 Days :236 Avg Daily Profit :0.13 %
Env #:0 Genome_id # :270 Fitness :-113178.07 Final Amt :2494.84 Days :236 Avg Daily Profit :0.112 %
Env #:0 Genome_id # :268 Fitness :-80696.07 Final Amt :1907.85 Days :236 Avg Daily Profit :-0.003 %
Env #:0 Genome_id # :241 Fitness :137385.35 Final Amt :2835.72 Days :236 Avg Daily Profit :0.17 %
Env #:0 Genome_id # :157 Fitness :78291.06 Final Amt :1594.16 Days :236 Avg Daily Profit :-0.082 %
Env #:0 Genome_id # :267 Fitness :-5608.76 Final Amt :1968.61 Days :236 Avg Daily Profit :-0.003 %
Env #:0 Genome_id # :271 Fitness :-36004.63 Final Amt :1337.41 Days :236 Avg Daily Profit :-0.152 %
Env #:0 Genome_id # :269 Fitness :-62848.45 Final Amt :1446.31 Days :236 Avg Daily Profit :-0.121 %
Env #:0 Genome_id # :43 Fitness :80653.96 Final Amt :2464.97 Days :236 Avg Daily Profit :0.107 %
Env #:0 Genome_id # :272 Fitness :-89017.3 Final Amt :1470.73 Days :236 Avg Daily Profit :-0.114 %
Env #:0 Genome_id # :718 Fitness :192558.09 Final Amt :3604.96 Days :236 Avg Daily Profit :0.268 %
Env #:0 Genome_id # :275 Fitness :42849.1 Final Amt :2590.4 Days :236 Avg Daily Profit :0.135 %
Env #:0 Genome_id # :222 Fitness :173787.38 Final Amt :2774.89 Days :236 Avg Daily Profit :0.161 %
Env #:0 Genome_id # :273 Fitness :38773.31 Final Amt :2154.72 Days :236 Avg Daily Profit :0.05 %
Env #:0 Genome_id # :53 Fitness :178566.04 Final Amt :3031.56 Days :236 Avg Daily Profit :0.195 %
Env #:0 Genome_id # :276 Fitness :139858.26 Final Amt :2349.89 Days :236 Avg Daily Profit :0.086 %
Env #:0 Genome_id # :274 Fitness :73922.92 Final Amt :3150.95 Days :236 Avg Daily Profit :0.206 %
Env #:0 Genome_id # :279 Fitness :-61613.53 Final Amt :1339.9 Days :236 Avg Daily Profit :-0.149 %
Env #:0 Genome_id # :277 Fitness :59557.62 Final Amt :2609.15 Days :236 Avg Daily Profit :0.132 %
Env #:0 Genome_id # :280 Fitness :46434.46 Final Amt :2451.62 Days :236 Avg Daily Profit :0.114 %
Env #:0 Genome_id # :278 Fitness :-93366.79 Final Amt :1397.52 Days :236 Avg Daily Profit :-0.136 %
Env #:0 Genome_id # :284 Fitness :516.8 Final Amt :2636.82 Days :236 Avg Daily Profit :0.141 %
Env #:0 Genome_id # :241 Fitness :137385.35 Final Amt :2835.72 Days :236 Avg Daily Profit :0.17 %
Env #:0 Genome_id # :282 Fitness :-8221.99 Final Amt :1446.67 Days :236 Avg Daily Profit :-0.119 %
Env #:0 Genome_id # :157 Fitness :78291.06 Final Amt :1594.16 Days :236 Avg Daily Profit :-0.082 %
Env #:0 Genome_id # :285 Fitness :48872.61 Final Amt :1722.61 Days :236 Avg Daily Profit :-0.053 %
Env #:0 Genome_id # :43 Fitness :80653.96 Final Amt :2464.97 Days :236 Avg Daily Profit :0.107 %
Env #:0 Genome_id # :283 Fitness :43500.27 Final Amt :2235.54 Days :236 Avg Daily Profit :0.067 %
Env #:0 Genome_id # :281 Fitness :49213.3 Final Amt :2422.35 Days :236 Avg Daily Profit :0.096 %
Env #:0 Genome_id # :286 Fitness :6113.19 Final Amt :1691.79 Days :236 Avg Daily Profit :-0.054 %
Env #:0 Genome_id # :53 Fitness :178566.04 Final Amt :3031.56 Days :236 Avg Daily Profit :0.195 %
Env #:0 Genome_id # :289 Fitness :35272.49 Final Amt :2267.04 Days :236 Avg Daily Profit :0.075 %
Env #:0 Genome_id # :287 Fitness :56746.67 Final Amt :2497.58 Days :236 Avg Daily Profit :0.112 %
Env #:0 Genome_id # :288 Fitness :0.0 Final Amt :2000.0 Days :236 Avg Daily Profit :0.0 %
Env #:0 Genome_id # :718 Fitness :192558.09 Final Amt :3604.96 Days :236 Avg Daily Profit :0.268 %
Env #:0 Genome_id # :222 Fitness :173787.38 Final Amt :2774.89 Days :236 Avg Daily Profit :0.161 %
Env #:0 Genome_id # :290 Fitness :-43278.31 Final Amt :1484.37 Days :236 Avg Daily Profit :-0.111 %
Env #:0 Genome_id # :291 Fitness :-67629.99 Final Amt :1410.47 Days :236 Avg Daily Profit :-0.13 %
Env #:0 Genome_id # :293 Fitness :-87202.73 Final Amt :1251.94 Days :236 Avg Daily Profit :-0.179 %
Env #:0 Genome_id # :292 Fitness :-53443.92 Final Amt :1406.25 Days :236 Avg Daily Profit :-0.139 %
Env #:0 Genome_id # :294 Fitness :82478.24 Final Amt :2609.12 Days :236 Avg Daily Profit :0.134 %
Env #:0 Genome_id # :296 Fitness :-92221.4 Final Amt :1425.44 Days :236 Avg Daily Profit :-0.127 %
Env #:0 Genome_id # :298 Fitness :-41475.09 Final Amt :2512.52 Days :236 Avg Daily Profit :0.112 %
Env #:0 Genome_id # :241 Fitness :137385.35 Final Amt :2835.72 Days :236 Avg Daily Profit :0.17 %
Env #:0 Genome_id # :157 Fitness :78291.06 Final Amt :1594.16 Days :236 Avg Daily Profit :-0.082 %
Env #:0 Genome_id # :299 Fitness :62494.31 Final Amt :3295.23 Days :236 Avg Daily Profit :0.232 %
Env #:0 Genome_id # :295 Fitness :45300.53 Final Amt :2951.0 Days :236 Avg Daily Profit :0.182 %
Env #:0 Genome_id # :43 Fitness :80653.96 Final Amt :2464.97 Days :236 Avg Daily Profit :0.107 %
Env #:0 Genome_id # :297 Fitness :67519.51 Final Amt :2539.14 Days :236 Avg Daily Profit :0.12 %
Env #:0 Genome_id # :300 Fitness :38717.9 Final Amt :2641.61 Days :236 Avg Daily Profit :0.142 %
Env #:0 Genome_id # :222 Fitness :173787.38 Final Amt :2774.89 Days :236 Avg Daily Profit :0.161 %
Env #:0 Genome_id # :718 Fitness :192558.09 Final Amt :3604.96 Days :236 Avg Daily Profit :0.268 %
Env #:0 Genome_id # :303 Fitness :106969.47 Final Amt :2674.32 Days :236 Avg Daily Profit :0.148 %
Env #:0 Genome_id # :304 Fitness :0.0 Final Amt :2000.0 Days :236 Avg Daily Profit :0.0 %
Env #:0 Genome_id # :301 Fitness :-37191.95 Final Amt :2801.5 Days :236 Avg Daily Profit :0.16 %
Env #:0 Genome_id # :302 Fitness :79576.25 Final Amt :2645.06 Days :236 Avg Daily Profit :0.142 %
Env #:0 Genome_id # :53 Fitness :178566.04 Final Amt :3031.56 Days :236 Avg Daily Profit :0.195 %
Env #:0 Genome_id # :307 Fitness :-11347.69 Final Amt :1866.86 Days :236 Avg Daily Profit :-0.028 %
Env #:0 Genome_id # :305 Fitness :19527.49 Final Amt :2229.98 Days :236 Avg Daily Profit :0.069 %
Env #:0 Genome_id # :308 Fitness :3163.59 Final Amt :1784.49 Days :236 Avg Daily Profit :-0.036 %
Env #:0 Genome_id # :306 Fitness :143749.86 Final Amt :2654.17 Days :236 Avg Daily Profit :0.145 %
Env #:0 Genome_id # :241 Fitness :137385.35 Final Amt :2835.72 Days :236 Avg Daily Profit :0.17 %
Env #:0 Genome_id # :312 Fitness :73.18 Final Amt :2310.04 Days :236 Avg Daily Profit :0.077 %
Env #:0 Genome_id # :310 Fitness :-53145.7 Final Amt :1433.41 Days :236 Avg Daily Profit :-0.124 %
Env #:0 Genome_id # :157 Fitness :78291.06 Final Amt :1594.16 Days :236 Avg Daily Profit :-0.082 %
Env #:0 Genome_id # :311 Fitness :49824.29 Final Amt :2716.72 Days :236 Avg Daily Profit :0.154 %
Env #:0 Genome_id # :309 Fitness :-89648.45 Final Amt :1367.37 Days :236 Avg Daily Profit :-0.146 %
Env #:0 Genome_id # :313 Fitness :-131579.14 Final Amt :1653.91 Days :236 Avg Daily Profit :-0.062 %
Env #:0 Genome_id # :43 Fitness :80653.96 Final Amt :2464.97 Days :236 Avg Daily Profit :0.107 %
Env #:0 Genome_id # :315 Fitness :0.0 Final Amt :2000.0 Days :236 Avg Daily Profit :0.0 %
Env #:0 Genome_id # :314 Fitness :-39409.83 Final Amt :1368.41 Days :236 Avg Daily Profit :-0.142 %
Env #:0 Genome_id # :53 Fitness :178566.04 Final Amt :3031.56 Days :236 Avg Daily Profit :0.195 %
Env #:0 Genome_id # :317 Fitness :51471.14 Final Amt :2434.02 Days :236 Avg Daily Profit :0.105 %
Env #:0 Genome_id # :316 Fitness :72442.05 Final Amt :2660.37 Days :236 Avg Daily Profit :0.132 %
Env #:0 Genome_id # :718 Fitness :192558.09 Final Amt :3604.96 Days :236 Avg Daily Profit :0.268 %
Env #:0 Genome_id # :222 Fitness :173787.38 Final Amt :2774.89 Days :236 Avg Daily Profit :0.161 %
Env #:0 Genome_id # :318 Fitness :81877.77 Final Amt :2674.81 Days :236 Avg Daily Profit :0.145 %
Env #:0 Genome_id # :321 Fitness :0.0 Final Amt :2000.0 Days :236 Avg Daily Profit :0.0 %
Env #:0 Genome_id # :319 Fitness :57171.57 Final Amt :2524.7 Days :236 Avg Daily Profit :0.118 %
Env #:0 Genome_id # :322 Fitness :64188.44 Final Amt :2469.57 Days :236 Avg Daily Profit :0.107 %
Env #:0 Genome_id # :320 Fitness :36406.58 Final Amt :2473.19 Days :236 Avg Daily Profit :0.115 %
Env #:0 Genome_id # :326 Fitness :31863.29 Final Amt :2847.83 Days :236 Avg Daily Profit :0.169 %
Env #:0 Genome_id # :241 Fitness :137385.35 Final Amt :2835.72 Days :236 Avg Daily Profit :0.17 %
Env #:0 Genome_id # :157 Fitness :78291.06 Final Amt :1594.16 Days :236 Avg Daily Profit :-0.082 %
Env #:0 Genome_id # :324 Fitness :26077.1 Final Amt :2327.98 Days :236 Avg Daily Profit :0.084 %
Env #:0 Genome_id # :327 Fitness :36638.8 Final Amt :2471.4 Days :236 Avg Daily Profit :0.108 %
Env #:0 Genome_id # :325 Fitness :-187.87 Final Amt :2320.55 Days :236 Avg Daily Profit :0.086 %
Env #:0 Genome_id # :43 Fitness :80653.96 Final Amt :2464.97 Days :236 Avg Daily Profit :0.107 %
Env #:0 Genome_id # :323 Fitness :58718.31 Final Amt :1825.55 Days :236 Avg Daily Profit :-0.024 %
Env #:0 Genome_id # :718 Fitness :192558.09 Final Amt :3604.96 Days :236 Avg Daily Profit :0.268 %
Env #:0 Genome_id # :222 Fitness :173787.38 Final Amt :2774.89 Days :236 Avg Daily Profit :0.161 %
Env #:0 Genome_id # :331 Fitness :54905.37 Final Amt :2216.52 Days :236 Avg Daily Profit :0.058 %
Env #:0 Genome_id # :329 Fitness :-58778.51 Final Amt :1414.21 Days :236 Avg Daily Profit :-0.129 %
Env #:0 Genome_id # :53 Fitness :178566.04 Final Amt :3031.56 Days :236 Avg Daily Profit :0.195 %
Env #:0 Genome_id # :330 Fitness :-39694.59 Final Amt :1566.13 Days :236 Avg Daily Profit :-0.077 %
Env #:0 Genome_id # :328 Fitness :140584.93 Final Amt :2519.18 Days :236 Avg Daily Profit :0.12 %
Env #:0 Genome_id # :332 Fitness :56535.45 Final Amt :2482.32 Days :236 Avg Daily Profit :0.108 %
Env #:0 Genome_id # :333 Fitness :95673.32 Final Amt :2586.68 Days :236 Avg Daily Profit :0.124 %
Env #:0 Genome_id # :335 Fitness :56322.34 Final Amt :2532.56 Days :236 Avg Daily Profit :0.117 %
Env #:0 Genome_id # :336 Fitness :-16538.99 Final Amt :1854.0 Days :236 Avg Daily Profit :-0.03 %
Env #:0 Genome_id # :334 Fitness :35447.02 Final Amt :2222.08 Days :236 Avg Daily Profit :0.06 %
Env #:0 Genome_id # :338 Fitness :-319.01 Final Amt :2125.75 Days :236 Avg Daily Profit :0.048 %
Env #:0 Genome_id # :241 Fitness :137385.35 Final Amt :2835.72 Days :236 Avg Daily Profit :0.17 %
Env #:0 Genome_id # :340 Fitness :29571.76 Final Amt :1964.01 Days :236 Avg Daily Profit :0.011 %
Env #:0 Genome_id # :157 Fitness :78291.06 Final Amt :1594.16 Days :236 Avg Daily Profit :-0.082 %
Env #:0 Genome_id # :339 Fitness :39290.36 Final Amt :2700.68 Days :236 Avg Daily Profit :0.151 %
Env #:0 Genome_id # :43 Fitness :80653.96 Final Amt :2464.97 Days :236 Avg Daily Profit :0.107 %
Env #:0 Genome_id # :341 Fitness :-57005.31 Final Amt :1441.43 Days :236 Avg Daily Profit :-0.121 %
Env #:0 Genome_id # :337 Fitness :-92461.38 Final Amt :1873.85 Days :236 Avg Daily Profit :-0.014 %
Env #:0 Genome_id # :342 Fitness :49488.89 Final Amt :2432.41 Days :236 Avg Daily Profit :0.09 %
Env #:0 Genome_id # :343 Fitness :15067.78 Final Amt :2264.07 Days :236 Avg Daily Profit :0.06 %
Env #:0 Genome_id # :53 Fitness :178566.04 Final Amt :3031.56 Days :236 Avg Daily Profit :0.195 %
Env #:0 Genome_id # :345 Fitness :39570.61 Final Amt :2308.91 Days :236 Avg Daily Profit :0.075 %
Env #:0 Genome_id # :718 Fitness :192558.09 Final Amt :3604.96 Days :236 Avg Daily Profit :0.268 %
Env #:0 Genome_id # :344 Fitness :48390.05 Final Amt :2710.13 Days :236 Avg Daily Profit :0.146 %
Env #:0 Genome_id # :222 Fitness :173787.38 Final Amt :2774.89 Days :236 Avg Daily Profit :0.161 %
Env #:0 Genome_id # :346 Fitness :-63008.44 Final Amt :1420.03 Days :236 Avg Daily Profit :-0.126 %
Env #:0 Genome_id # :347 Fitness :-1991.4 Final Amt :2043.66 Days :236 Avg Daily Profit :0.011 %
Env #:0 Genome_id # :349 Fitness :83999.31 Final Amt :2591.7 Days :236 Avg Daily Profit :0.132 %
Env #:0 Genome_id # :348 Fitness :-52065.21 Final Amt :1580.01 Days :236 Avg Daily Profit :-0.085 %
Env #:0 Genome_id # :350 Fitness :0.0 Final Amt :2000.0 Days :236 Avg Daily Profit :0.0 %
Env #:0 Genome_id # :354 Fitness :38772.45 Final Amt :2609.64 Days :236 Avg Daily Profit :0.129 %
Env #:0 Genome_id # :241 Fitness :137385.35 Final Amt :2835.72 Days :236 Avg Daily Profit :0.17 %
Env #:0 Genome_id # :157 Fitness :78291.06 Final Amt :1594.16 Days :236 Avg Daily Profit :-0.082 %
Env #:0 Genome_id # :352 Fitness :76926.33 Final Amt :2776.48 Days :236 Avg Daily Profit :0.162 %
Env #:0 Genome_id # :355 Fitness :45466.24 Final Amt :2542.28 Days :236 Avg Daily Profit :0.124 %
Env #:0 Genome_id # :353 Fitness :-366.56 Final Amt :2605.97 Days :236 Avg Daily Profit :0.132 %
Env #:0 Genome_id # :43 Fitness :80653.96 Final Amt :2464.97 Days :236 Avg Daily Profit :0.107 %
Env #:0 Genome_id # :351 Fitness :-71316.75 Final Amt :1151.69 Days :236 Avg Daily Profit :-0.216 %
Env #:0 Genome_id # :356 Fitness :14165.15 Final Amt :2387.13 Days :236 Avg Daily Profit :0.092 %
Env #:0 Genome_id # :718 Fitness :192558.09 Final Amt :3604.96 Days :236 Avg Daily Profit :0.268 %
Env #:0 Genome_id # :222 Fitness :173787.38 Final Amt :2774.89 Days :236 Avg Daily Profit :0.161 %
Env #:0 Genome_id # :359 Fitness :79604.37 Final Amt :2623.27 Days :236 Avg Daily Profit :0.138 %
Env #:0 Genome_id # :357 Fitness :29204.0 Final Amt :2758.36 Days :236 Avg Daily Profit :0.153 %
Env #:0 Genome_id # :53 Fitness :178566.04 Final Amt :3031.56 Days :236 Avg Daily Profit :0.195 %
Env #:0 Genome_id # :358 Fitness :-25066.93 Final Amt :1731.45 Days :236 Avg Daily Profit :-0.045 %
Env #:0 Genome_id # :360 Fitness :53099.63 Final Amt :2399.08 Days :236 Avg Daily Profit :0.097 %
Env #:0 Genome_id # :361 Fitness :92886.77 Final Amt :2437.75 Days :236 Avg Daily Profit :0.11 %
Env #:0 Genome_id # :363 Fitness :-46099.2 Final Amt :2116.41 Days :236 Avg Daily Profit :0.039 %
Env #:0 Genome_id # :362 Fitness :51859.18 Final Amt :2398.31 Days :236 Avg Daily Profit :0.099 %
Env #:0 Genome_id # :364 Fitness :-42332.19 Final Amt :1487.74 Days :236 Avg Daily Profit :-0.115 %
Env #:0 Genome_id # :366 Fitness :8701.34 Final Amt :2071.11 Days :236 Avg Daily Profit :0.025 %
Env #:0 Genome_id # :368 Fitness :93092.03 Final Amt :3205.85 Days :236 Avg Daily Profit :0.216 %
Env #:0 Genome_id # :241 Fitness :137385.35 Final Amt :2835.72 Days :236 Avg Daily Profit :0.17 %
Env #:0 Genome_id # :157 Fitness :78291.06 Final Amt :1594.16 Days :236 Avg Daily Profit :-0.082 %
Env #:0 Genome_id # :367 Fitness :-156344.33 Final Amt :1797.47 Days :236 Avg Daily Profit :-0.028 %
Env #:0 Genome_id # :369 Fitness :-22600.43 Final Amt :1737.42 Days :236 Avg Daily Profit :-0.041 %
Env #:0 Genome_id # :43 Fitness :80653.96 Final Amt :2464.97 Days :236 Avg Daily Profit :0.107 %
Env #:0 Genome_id # :365 Fitness :33476.03 Final Amt :2140.9 Days :236 Avg Daily Profit :0.046 %
Env #:0 Genome_id # :371 Fitness :-7100.95 Final Amt :1890.86 Days :236 Avg Daily Profit :-0.024 %
Env #:0 Genome_id # :370 Fitness :-55690.34 Final Amt :1460.57 Days :236 Avg Daily Profit :-0.113 %
Env #:0 Genome_id # :53 Fitness :178566.04 Final Amt :3031.56 Days :236 Avg Daily Profit :0.195 %
Env #:0 Genome_id # :373 Fitness :-80776.18 Final Amt :1463.26 Days :236 Avg Daily Profit :-0.118 %
Env #:0 Genome_id # :718 Fitness :192558.09 Final Amt :3604.96 Days :236 Avg Daily Profit :0.268 %
Env #:0 Genome_id # :372 Fitness :51231.7 Final Amt :2568.85 Days :236 Avg Daily Profit :0.125 %
Env #:0 Genome_id # :222 Fitness :173787.38 Final Amt :2774.89 Days :236 Avg Daily Profit :0.161 %
Env #:0 Genome_id # :374 Fitness :-18341.85 Final Amt :1742.07 Days :236 Avg Daily Profit :-0.044 %
Env #:0 Genome_id # :375 Fitness :0.0 Final Amt :2000.0 Days :236 Avg Daily Profit :0.0 %
Env #:0 Genome_id # :377 Fitness :-60011.01 Final Amt :1441.34 Days :236 Avg Daily Profit :-0.119 %
Env #:0 Genome_id # :376 Fitness :159864.15 Final Amt :3118.46 Days :236 Avg Daily Profit :0.208 %
Env #:0 Genome_id # :378 Fitness :58598.35 Final Amt :2578.83 Days :236 Avg Daily Profit :0.124 %
Env #:0 Genome_id # :380 Fitness :-28164.53 Final Amt :1527.2 Days :236 Avg Daily Profit :-0.1 %
Env #:0 Genome_id # :382 Fitness :96482.2 Final Amt :2518.85 Days :236 Avg Daily Profit :0.115 %
Env #:0 Genome_id # :241 Fitness :137385.35 Final Amt :2835.72 Days :236 Avg Daily Profit :0.17 %
Env #:0 Genome_id # :43 Fitness :80653.96 Final Amt :2464.97 Days :236 Avg Daily Profit :0.107 %
Env #:0 Genome_id # :381 Fitness :26892.45 Final Amt :2489.01 Days :236 Avg Daily Profit :0.111 %
Env #:0 Genome_id # :368 Fitness :93092.03 Final Amt :3205.85 Days :236 Avg Daily Profit :0.216 %
Env #:0 Genome_id # :383 Fitness :13324.52 Final Amt :2193.87 Days :236 Avg Daily Profit :0.06 %
Env #:0 Genome_id # :379 Fitness :64362.26 Final Amt :2765.15 Days :236 Avg Daily Profit :0.16 %
Env #:0 Genome_id # :384 Fitness :-15399.3 Final Amt :2383.03 Days :236 Avg Daily Profit :0.095 %
Env #:0 Genome_id # :718 Fitness :192558.09 Final Amt :3604.96 Days :236 Avg Daily Profit :0.268 %
Env #:0 Genome_id # :222 Fitness :173787.38 Final Amt :2774.89 Days :236 Avg Daily Profit :0.161 %
Env #:0 Genome_id # :387 Fitness :92566.3 Final Amt :2673.45 Days :236 Avg Daily Profit :0.146 %
Env #:0 Genome_id # :385 Fitness :60948.24 Final Amt :2818.54 Days :236 Avg Daily Profit :0.163 %
Env #:0 Genome_id # :53 Fitness :178566.04 Final Amt :3031.56 Days :236 Avg Daily Profit :0.195 %
Env #:0 Genome_id # :388 Fitness :6089.75 Final Amt :2194.47 Days :236 Avg Daily Profit :0.06 %
Env #:0 Genome_id # :386 Fitness :97357.6 Final Amt :3095.92 Days :236 Avg Daily Profit :0.204 %
Env #:0 Genome_id # :389 Fitness :-23425.88 Final Amt :2101.15 Days :236 Avg Daily Profit :0.026 %
Env #:0 Genome_id # :391 Fitness :144536.24 Final Amt :2577.47 Days :236 Avg Daily Profit :0.13 %
Env #:0 Genome_id # :390 Fitness :0.0 Final Amt :2000.0 Days :236 Avg Daily Profit :0.0 %
Env #:0 Genome_id # :392 Fitness :96809.44 Final Amt :2526.89 Days :236 Avg Daily Profit :0.12 %
Env #:0 Genome_id # :396 Fitness :-56344.69 Final Amt :1394.24 Days :236 Avg Daily Profit :-0.136 %
Env #:0 Genome_id # :241 Fitness :137385.35 Final Amt :2835.72 Days :236 Avg Daily Profit :0.17 %
Env #:0 Genome_id # :368 Fitness :93092.03 Final Amt :3205.85 Days :236 Avg Daily Profit :0.216 %
Env #:0 Genome_id # :394 Fitness :-19903.18 Final Amt :2252.5 Days :236 Avg Daily Profit :0.066 %
Env #:0 Genome_id # :395 Fitness :50173.74 Final Amt :2741.6 Days :236 Avg Daily Profit :0.151 %
Env #:0 Genome_id # :382 Fitness :96482.2 Final Amt :2518.85 Days :236 Avg Daily Profit :0.115 %
Env #:0 Genome_id # :393 Fitness :-65728.47 Final Amt :1422.3 Days :236 Avg Daily Profit :-0.129 %
Env #:0 Genome_id # :397 Fitness :-80253.72 Final Amt :1335.95 Days :236 Avg Daily Profit :-0.155 %
Env #:0 Genome_id # :398 Fitness :-64752.61 Final Amt :1906.17 Days :236 Avg Daily Profit :-0.008 %
Env #:0 Genome_id # :399 Fitness :51807.0 Final Amt :2472.44 Days :236 Avg Daily Profit :0.117 %
Env #:0 Genome_id # :53 Fitness :178566.04 Final Amt :3031.56 Days :236 Avg Daily Profit :0.195 %
Env #:0 Genome_id # :401 Fitness :-87774.76 Final Amt :1469.57 Days :236 Avg Daily Profit :-0.115 %
Env #:0 Genome_id # :718 Fitness :192558.09 Final Amt :3604.96 Days :236 Avg Daily Profit :0.268 %
Env #:0 Genome_id # :222 Fitness :173787.38 Final Amt :2774.89 Days :236 Avg Daily Profit :0.161 %
Env #:0 Genome_id # :400 Fitness :137217.79 Final Amt :2017.16 Days :236 Avg Daily Profit :0.027 %
Env #:0 Genome_id # :402 Fitness :54953.94 Final Amt :2510.29 Days :236 Avg Daily Profit :0.113 %
Env #:0 Genome_id # :403 Fitness :-163236.92 Final Amt :1959.27 Days :236 Avg Daily Profit :0.006 %
Env #:0 Genome_id # :405 Fitness :-56537.75 Final Amt :1532.42 Days :236 Avg Daily Profit :-0.095 %
Env #:0 Genome_id # :404 Fitness :0.0 Final Amt :2000.0 Days :236 Avg Daily Profit :0.0 %
Env #:0 Genome_id # :406 Fitness :17803.04 Final Amt :2032.81 Days :236 Avg Daily Profit :0.022 %
