nohup: ignoring input

 ****** Running generation 0 ****** 

Population's average fitness: 38693.36520 stdev: 56850.73935
Best fitness: 192558.09300 - size: (6, 26) - species 1 - id 718
Average adjusted fitness: 0.536
Mean genetic distance 2.155, standard deviation 0.946
Population of 20 members in 2 species:
   ID   age  size  fitness  adj fit  stag
  ====  ===  ====  =======  =======  ====
     1    0     8  192558.1    0.545   -83
     2    0    12  75660.6    0.527   -81
Total extinctions: 0
Generation time: 2432.727 sec
Saving checkpoint to neat-checkpoint-0

 ****** Running generation 1 ****** 

Population's average fitness: 13405.55155 stdev: 65006.17188
Best fitness: 192558.09300 - size: (6, 26) - species 1 - id 718
Average adjusted fitness: 0.356
Mean genetic distance 2.218, standard deviation 0.932
Population of 20 members in 2 species:
   ID   age  size  fitness  adj fit  stag
  ====  ===  ====  =======  =======  ====
     1    1     9  192558.1    0.382   -82
     2    1    11  75660.6    0.330   -80
Total extinctions: 0
Generation time: 2483.455 sec (2458.091 average)
Saving checkpoint to neat-checkpoint-1

 ****** Running generation 2 ****** 

Population's average fitness: 23281.26560 stdev: 60373.72335
Best fitness: 192558.09300 - size: (6, 26) - species 1 - id 718
Average adjusted fitness: 0.339
Mean genetic distance 2.219, standard deviation 0.949
Population of 20 members in 2 species:
   ID   age  size  fitness  adj fit  stag
  ====  ===  ====  =======  =======  ====
     1    2    10  192558.1    0.336   -81
     2    2    10  75660.6    0.343   -79
Total extinctions: 0
Generation time: 2470.233 sec (2462.138 average)
Saving checkpoint to neat-checkpoint-2

 ****** Running generation 3 ****** 

Population's average fitness: 31990.42025 stdev: 63523.50130
Best fitness: 192558.09300 - size: (6, 26) - species 1 - id 718
Average adjusted fitness: 0.429
Mean genetic distance 2.254, standard deviation 0.898
Population of 20 members in 2 species:
   ID   age  size  fitness  adj fit  stag
  ====  ===  ====  =======  =======  ====
     1    3    11  192558.1    0.478   -80
     2    3     9  75660.6    0.380   -78
Total extinctions: 0
Generation time: 2450.165 sec (2459.145 average)
Saving checkpoint to neat-checkpoint-3

 ****** Running generation 4 ****** 

Population's average fitness: 52568.63260 stdev: 73131.16070
Best fitness: 192558.09300 - size: (6, 26) - species 1 - id 718
Average adjusted fitness: 0.513
Mean genetic distance 2.284, standard deviation 0.781
Population of 20 members in 2 species:
   ID   age  size  fitness  adj fit  stag
  ====  ===  ====  =======  =======  ====
     1    4    10  192558.1    0.563   -79
     2    4    10  80654.0    0.463   -77
Total extinctions: 0
Generation time: 2447.436 sec (2456.803 average)
Saving checkpoint to neat-checkpoint-4

 ****** Running generation 5 ****** 

Population's average fitness: 36432.85445 stdev: 82415.08667
Best fitness: 192558.09300 - size: (6, 26) - species 1 - id 718
Average adjusted fitness: 0.404
Mean genetic distance 2.110, standard deviation 0.850
Population of 20 members in 2 species:
   ID   age  size  fitness  adj fit  stag
  ====  ===  ====  =======  =======  ====
     1    5    12  192558.1    0.533   -78
     2    5     8  80654.0    0.274   -76
Total extinctions: 0
Generation time: 2553.638 sec (2472.942 average)
Saving checkpoint to neat-checkpoint-5

 ****** Running generation 6 ****** 

Population's average fitness: 26288.04300 stdev: 79063.39422
Best fitness: 192558.09300 - size: (6, 26) - species 1 - id 718
Average adjusted fitness: 0.374
Mean genetic distance 2.223, standard deviation 0.811
Population of 20 members in 2 species:
   ID   age  size  fitness  adj fit  stag
  ====  ===  ====  =======  =======  ====
     1    6    11  192558.1    0.439   -77
     2    6     9  80654.0    0.308   -75
Total extinctions: 0
Generation time: 2531.062 sec (2481.245 average)
Saving checkpoint to neat-checkpoint-6

 ****** Running generation 7 ****** 

Population's average fitness: 25934.31450 stdev: 79778.93963
Best fitness: 192558.09300 - size: (6, 26) - species 1 - id 718
Average adjusted fitness: 0.423
Mean genetic distance 2.066, standard deviation 0.944
Population of 20 members in 2 species:
   ID   age  size  fitness  adj fit  stag
  ====  ===  ====  =======  =======  ====
     1    7    10  192558.1    0.435   -76
     2    7    10  80654.0    0.411   -74
Total extinctions: 0
Generation time: 2473.402 sec (2480.265 average)
Saving checkpoint to neat-checkpoint-7

 ****** Running generation 8 ****** 

Population's average fitness: 46404.43400 stdev: 73181.53202
Best fitness: 192558.09300 - size: (6, 26) - species 1 - id 718
Average adjusted fitness: 0.489
Mean genetic distance 2.152, standard deviation 0.845
Population of 20 members in 2 species:
   ID   age  size  fitness  adj fit  stag
  ====  ===  ====  =======  =======  ====
     1    8    11  192558.1    0.561   -75
     2    8     9  80654.0    0.417   -73
Total extinctions: 0
Generation time: 2578.515 sec (2491.181 average)
Saving checkpoint to neat-checkpoint-8

 ****** Running generation 9 ****** 

Population's average fitness: 42148.92565 stdev: 74025.94804
Best fitness: 192558.09300 - size: (6, 26) - species 1 - id 718
Average adjusted fitness: 0.459
Mean genetic distance 2.164, standard deviation 0.856
Population of 20 members in 2 species:
   ID   age  size  fitness  adj fit  stag
  ====  ===  ====  =======  =======  ====
     1    9    12  192558.1    0.552   -74
     2    9     8  80654.0    0.366   -72
Total extinctions: 0
Generation time: 2455.467 sec (2487.610 average)
Saving checkpoint to neat-checkpoint-9

 ****** Running generation 10 ****** 

Population's average fitness: 44537.71785 stdev: 78703.47412
Best fitness: 192558.09300 - size: (6, 26) - species 1 - id 718
Average adjusted fitness: 0.407
Mean genetic distance 2.119, standard deviation 0.912
Population of 20 members in 2 species:
   ID   age  size  fitness  adj fit  stag
  ====  ===  ====  =======  =======  ====
     1   10    13  192558.1    0.491   -73
     2   10     7  80654.0    0.323   -71
Total extinctions: 0
Generation time: 2469.760 sec (2491.313 average)
Saving checkpoint to neat-checkpoint-10

 ****** Running generation 11 ****** 

Population's average fitness: 42173.25455 stdev: 70739.02953
Best fitness: 192558.09300 - size: (6, 26) - species 1 - id 718
Average adjusted fitness: 0.342
Mean genetic distance 2.147, standard deviation 0.856
Population of 20 members in 2 species:
   ID   age  size  fitness  adj fit  stag
  ====  ===  ====  =======  =======  ====
     1   11    12  192558.1    0.428   -72
     2   11     8  80654.0    0.255   -70
Total extinctions: 0
Generation time: 2514.078 sec (2494.375 average)
Saving checkpoint to neat-checkpoint-11

 ****** Running generation 12 ****** 

Population's average fitness: 14649.30415 stdev: 92854.59514
Best fitness: 192558.09300 - size: (6, 26) - species 1 - id 718
Average adjusted fitness: 0.507
Mean genetic distance 2.252, standard deviation 0.769
Population of 20 members in 2 species:
   ID   age  size  fitness  adj fit  stag
  ====  ===  ====  =======  =======  ====
     1   12    11  192558.1    0.471   -71
     2   12     9  80654.0    0.543   -69
Total extinctions: 0
Generation time: 2511.762 sec (2498.528 average)
Saving checkpoint to neat-checkpoint-12

 ****** Running generation 13 ****** 

Population's average fitness: 38090.28415 stdev: 80117.01135
Best fitness: 192558.09300 - size: (6, 26) - species 1 - id 718
Average adjusted fitness: 0.446
Mean genetic distance 2.168, standard deviation 0.866
Population of 20 members in 2 species:
   ID   age  size  fitness  adj fit  stag
  ====  ===  ====  =======  =======  ====
     1   13    10  192558.1    0.487   -70
     2   13    10  80654.0    0.405   -68
Total extinctions: 0
Generation time: 2396.790 sec (2493.191 average)
Saving checkpoint to neat-checkpoint-13

 ****** Running generation 14 ****** 

Population's average fitness: 28001.40230 stdev: 86410.35974
Best fitness: 192558.09300 - size: (6, 26) - species 1 - id 718
Average adjusted fitness: 0.472
Mean genetic distance 2.219, standard deviation 0.862
Population of 20 members in 2 species:Env #:0 Genome_id # :242 Fitness :5597.8 Final Amt :2415.41 Days :236 Avg Daily Profit :0.103 %
Env #:0 Genome_id # :942 Fitness :30750.26 Final Amt :2441.71 Days :236 Avg Daily Profit :0.104 %
Env #:0 Genome_id # :718 Fitness :192558.09 Final Amt :3604.96 Days :236 Avg Daily Profit :0.268 %
Env #:0 Genome_id # :335 Fitness :41833.78 Final Amt :2492.05 Days :236 Avg Daily Profit :0.111 %
Env #:0 Genome_id # :927 Fitness :47073.56 Final Amt :2631.44 Days :236 Avg Daily Profit :0.131 %
Env #:0 Genome_id # :829 Fitness :21366.94 Final Amt :2288.72 Days :236 Avg Daily Profit :0.073 %
Env #:0 Genome_id # :4 Fitness :-35171.15 Final Amt :1988.53 Days :236 Avg Daily Profit :0.02 %
Env #:0 Genome_id # :5 Fitness :37295.25 Final Amt :2329.56 Days :236 Avg Daily Profit :0.085 %
Env #:0 Genome_id # :6 Fitness :-33870.85 Final Amt :1395.19 Days :236 Avg Daily Profit :-0.135 %
Env #:0 Genome_id # :7 Fitness :47575.17 Final Amt :2454.33 Days :236 Avg Daily Profit :0.104 %
Env #:0 Genome_id # :13 Fitness :-62308.97 Final Amt :1418.34 Days :236 Avg Daily Profit :-0.127 %
Env #:0 Genome_id # :14 Fitness :-83494.51 Final Amt :1616.88 Days :236 Avg Daily Profit :-0.073 %
Env #:0 Genome_id # :18 Fitness :-39567.81 Final Amt :1347.33 Days :236 Avg Daily Profit :-0.15 %
Env #:0 Genome_id # :19 Fitness :25948.42 Final Amt :2545.08 Days :236 Avg Daily Profit :0.125 %
Env #:0 Genome_id # :20 Fitness :-49673.45 Final Amt :1409.66 Days :236 Avg Daily Profit :-0.127 %
Env #:0 Genome_id # :21 Fitness :51002.03 Final Amt :2894.36 Days :236 Avg Daily Profit :0.176 %
Env #:0 Genome_id # :25 Fitness :-3208.61 Final Amt :1520.51 Days :236 Avg Daily Profit :-0.099 %
Env #:0 Genome_id # :26 Fitness :-40314.35 Final Amt :1384.58 Days :236 Avg Daily Profit :-0.135 %
Env #:0 Genome_id # :30 Fitness :-10162.67 Final Amt :1914.75 Days :236 Avg Daily Profit :-0.0 %
Env #:0 Genome_id # :31 Fitness :8032.81 Final Amt :1754.28 Days :236 Avg Daily Profit :-0.04 %
Env #:0 Genome_id # :37 Fitness :-88627.35 Final Amt :1639.59 Days :236 Avg Daily Profit :-0.071 %
Env #:0 Genome_id # :38 Fitness :0.0 Final Amt :2000.0 Days :236 Avg Daily Profit :0.0 %
Env #:0 Genome_id # :41 Fitness :-60464.06 Final Amt :1420.53 Days :236 Avg Daily Profit :-0.124 %
Env #:0 Genome_id # :42 Fitness :0.0 Final Amt :2000.0 Days :236 Avg Daily Profit :0.0 %
Env #:0 Genome_id # :46 Fitness :4959.32 Final Amt :1773.98 Days :236 Avg Daily Profit :-0.034 %
Env #:0 Genome_id # :47 Fitness :-41832.19 Final Amt :1504.07 Days :236 Avg Daily Profit :-0.101 %
Env #:0 Genome_id # :36 Fitness :120349.45 Final Amt :1872.28 Days :236 Avg Daily Profit :-0.009 %
Env #:0 Genome_id # :1072 Fitness :86449.35 Final Amt :1790.59 Days :236 Avg Daily Profit :-0.03 %
Env #:0 Genome_id # :55 Fitness :8545.07 Final Amt :2166.01 Days :236 Avg Daily Profit :0.035 %
Env #:0 Genome_id # :56 Fitness :-2467.49 Final Amt :1974.33 Days :236 Avg Daily Profit :0.009 %
Env #:0 Genome_id # :58 Fitness :26166.79 Final Amt :2067.99 Days :236 Avg Daily Profit :0.035 %
Env #:0 Genome_id # :59 Fitness :33577.84 Final Amt :2326.79 Days :236 Avg Daily Profit :0.086 %
Env #:0 Genome_id # :718 Fitness :192558.09 Final Amt :3604.96 Days :236 Avg Daily Profit :0.268 %
Env #:0 Genome_id # :53 Fitness :178566.04 Final Amt :3031.56 Days :236 Avg Daily Profit :0.195 %
Env #:0 Genome_id # :48 Fitness :74842.02 Final Amt :2866.87 Days :236 Avg Daily Profit :0.167 %
Env #:0 Genome_id # :71 Fitness :-78626.91 Final Amt :1708.48 Days :236 Avg Daily Profit :-0.054 %
Env #:0 Genome_id # :79 Fitness :-18505.72 Final Amt :1758.78 Days :236 Avg Daily Profit :-0.045 %
Env #:0 Genome_id # :80 Fitness :-38954.38 Final Amt :1637.91 Days :236 Avg Daily Profit :-0.072 %
Env #:0 Genome_id # :83 Fitness :0.0 Final Amt :2000.0 Days :236 Avg Daily Profit :0.0 %
Env #:0 Genome_id # :84 Fitness :0.0 Final Amt :2000.0 Days :236 Avg Daily Profit :0.0 %
Env #:0 Genome_id # :86 Fitness :60082.12 Final Amt :2581.94 Days :236 Avg Daily Profit :0.125 %
Env #:0 Genome_id # :87 Fitness :-26155.47 Final Amt :1852.37 Days :236 Avg Daily Profit :-0.01 %
Env #:0 Genome_id # :93 Fitness :-40269.25 Final Amt :1595.13 Days :236 Avg Daily Profit :-0.079 %
Env #:0 Genome_id # :94 Fitness :62135.92 Final Amt :2820.51 Days :236 Avg Daily Profit :0.164 %
Env #:0 Genome_id # :48 Fitness :74842.02 Final Amt :2866.87 Days :236 Avg Daily Profit :0.167 %
Env #:0 Genome_id # :99 Fitness :-46102.92 Final Amt :1453.1 Days :236 Avg Daily Profit :-0.116 %
Env #:0 Genome_id # :66 Fitness :146293.22 Final Amt :2116.86 Days :236 Avg Daily Profit :0.049 %
Env #:0 Genome_id # :106 Fitness :49623.04 Final Amt :2580.87 Days :236 Avg Daily Profit :0.132 %
Env #:0 Genome_id # :111 Fitness :-93501.06 Final Amt :1593.09 Days :236 Avg Daily Profit :-0.083 %
Env #:0 Genome_id # :112 Fitness :-36797.67 Final Amt :1488.08 Days :236 Avg Daily Profit :-0.105 %
Env #:0 Genome_id # :114 Fitness :-90348.5 Final Amt :2180.82 Days :236 Avg Daily Profit :0.055 %
Env #:0 Genome_id # :115 Fitness :-64445.02 Final Amt :1388.4 Days :236 Avg Daily Profit :-0.137 %
Env #:0 Genome_id # :121 Fitness :7631.55 Final Amt :2290.7 Days :236 Avg Daily Profit :0.075 %
Env #:0 Genome_id # :122 Fitness :44429.47 Final Amt :2425.68 Days :236 Avg Daily Profit :0.094 %
Env #:0 Genome_id # :48 Fitness :74842.02 Final Amt :2866.87 Days :236 Avg Daily Profit :0.167 %
Env #:0 Genome_id # :127 Fitness :15880.04 Final Amt :2119.0 Days :236 Avg Daily Profit :0.031 %
Env #:0 Genome_id # :718 Fitness :192558.09 Final Amt :3604.96 Days :236 Avg Daily Profit :0.268 %
Env #:0 Genome_id # :53 Fitness :178566.04 Final Amt :3031.56 Days :236 Avg Daily Profit :0.195 %
Env #:0 Genome_id # :139 Fitness :-55754.3 Final Amt :1482.31 Days :236 Avg Daily Profit :-0.113 %
Env #:0 Genome_id # :140 Fitness :-64135.13 Final Amt :1431.69 Days :236 Avg Daily Profit :-0.123 %
Env #:0 Genome_id # :142 Fitness :9813.02 Final Amt :2116.93 Days :236 Avg Daily Profit :0.035 %
Env #:0 Genome_id # :143 Fitness :-45242.39 Final Amt :1536.35 Days :236 Avg Daily Profit :-0.095 %
Env #:0 Genome_id # :145 Fitness :-17935.71 Final Amt :1347.83 Days :236 Avg Daily Profit :-0.148 %
Env #:0 Genome_id # :146 Fitness :106233.8 Final Amt :2537.6 Days :236 Avg Daily Profit :0.125 %
Env #:0 Genome_id # :48 Fitness :74842.02 Final Amt :2866.87 Days :236 Avg Daily Profit :0.167 %
Env #:0 Genome_id # :155 Fitness :37522.19 Final Amt :2419.95 Days :236 Avg Daily Profit :0.098 %
Env #:0 Genome_id # :161 Fitness :-63602.78 Final Amt :1398.23 Days :236 Avg Daily Profit :-0.134 %
Env #:0 Genome_id # :162 Fitness :-36158.2 Final Amt :1576.89 Days :236 Avg Daily Profit :-0.083 %
Env #:0 Genome_id # :1042 Fitness :75660.56 Final Amt :2705.49 Days :236 Avg Daily Profit :0.146 %
Env #:0 Genome_id # :169 Fitness :-88229.19 Final Amt :2205.27 Days :236 Avg Daily Profit :0.061 %
Env #:0 Genome_id # :175 Fitness :136572.47 Final Amt :2161.93 Days :236 Avg Daily Profit :0.055 %
Env #:0 Genome_id # :176 Fitness :-33549.39 Final Amt :1529.37 Days :236 Avg Daily Profit :-0.11 %
Env #:0 Genome_id # :181 Fitness :664.84 Final Amt :1993.57 Days :236 Avg Daily Profit :-0.001 %
Env #:0 Genome_id # :182 Fitness :-84003.8 Final Amt :1258.85 Days :236 Avg Daily Profit :-0.183 %
Env #:0 Genome_id # :186 Fitness :26536.89 Final Amt :2479.49 Days :236 Avg Daily Profit :0.106 %
Env #:0 Genome_id # :187 Fitness :-60824.38 Final Amt :1387.52 Days :236 Avg Daily Profit :-0.135 %
Env #:0 Genome_id # :191 Fitness :11600.79 Final Amt :2085.16 Days :236 Avg Daily Profit :0.025 %
Env #:0 Genome_id # :192 Fitness :6934.07 Final Amt :1827.0 Days :236 Avg Daily Profit :-0.02 %
Env #:0 Genome_id # :193 Fitness :-35985.99 Final Amt :1382.74 Days :236 Avg Daily Profit :-0.136 %
Env #:0 Genome_id # :194 Fitness :-57380.74 Final Amt :1443.68 Days :236 Avg Daily Profit :-0.12 %
Env #:0 Genome_id # :198 Fitness :-93495.99 Final Amt :1328.76 Days :236 Avg Daily Profit :-0.151 %
Env #:0 Genome_id # :199 Fitness :67053.5 Final Amt :2304.48 Days :236 Avg Daily Profit :0.084 %
Env #:0 Genome_id # :205 Fitness :-483.32 Final Amt :2008.49 Days :236 Avg Daily Profit :0.004 %
Env #:0 Genome_id # :206 Fitness :54486.38 Final Amt :2274.9 Days :236 Avg Daily Profit :0.074 %Env #:0 Genome_id # :941 Fitness :31479.69 Final Amt :2367.87 Days :236 Avg Daily Profit :0.088 %
Env #:0 Genome_id # :263 Fitness :38067.16 Final Amt :3568.38 Days :236 Avg Daily Profit :0.257 %
Env #:0 Genome_id # :245 Fitness :24898.87 Final Amt :2671.76 Days :236 Avg Daily Profit :0.142 %
Env #:0 Genome_id # :937 Fitness :-136288.54 Final Amt :2371.49 Days :236 Avg Daily Profit :0.087 %
Env #:0 Genome_id # :1042 Fitness :75660.56 Final Amt :2705.49 Days :236 Avg Daily Profit :0.146 %
Env #:0 Genome_id # :929 Fitness :53251.46 Final Amt :2584.68 Days :236 Avg Daily Profit :0.125 %
Env #:0 Genome_id # :8 Fitness :-16884.83 Final Amt :1644.74 Days :236 Avg Daily Profit :-0.064 %
Env #:0 Genome_id # :9 Fitness :-41457.26 Final Amt :1397.36 Days :236 Avg Daily Profit :-0.132 %
Env #:0 Genome_id # :11 Fitness :13506.49 Final Amt :2138.53 Days :236 Avg Daily Profit :0.037 %
Env #:0 Genome_id # :12 Fitness :6640.52 Final Amt :2052.14 Days :236 Avg Daily Profit :0.027 %
Env #:0 Genome_id # :16 Fitness :-32268.14 Final Amt :1395.97 Days :236 Avg Daily Profit :-0.135 %
Env #:0 Genome_id # :17 Fitness :51936.05 Final Amt :2403.99 Days :236 Avg Daily Profit :0.095 %
Env #:0 Genome_id # :1072 Fitness :86449.35 Final Amt :1790.59 Days :236 Avg Daily Profit :-0.03 %
Env #:0 Genome_id # :365 Fitness :81853.27 Final Amt :2169.66 Days :236 Avg Daily Profit :0.054 %
Env #:0 Genome_id # :17 Fitness :51936.05 Final Amt :2403.99 Days :236 Avg Daily Profit :0.095 %
Env #:0 Genome_id # :29 Fitness :-39669.24 Final Amt :1414.0 Days :236 Avg Daily Profit :-0.129 %
Env #:0 Genome_id # :365 Fitness :81853.27 Final Amt :2169.66 Days :236 Avg Daily Profit :0.054 %
Env #:0 Genome_id # :36 Fitness :120349.45 Final Amt :1872.28 Days :236 Avg Daily Profit :-0.009 %
Env #:0 Genome_id # :1042 Fitness :75660.56 Final Amt :2705.49 Days :236 Avg Daily Profit :0.146 %
Env #:0 Genome_id # :929 Fitness :53251.46 Final Amt :2584.68 Days :236 Avg Daily Profit :0.125 %
Env #:0 Genome_id # :49 Fitness :-97990.79 Final Amt :1365.6 Days :236 Avg Daily Profit :-0.146 %
Env #:0 Genome_id # :50 Fitness :131027.86 Final Amt :2193.37 Days :236 Avg Daily Profit :0.057 %
Env #:0 Genome_id # :48 Fitness :74842.02 Final Amt :2866.87 Days :236 Avg Daily Profit :0.167 %
Env #:0 Genome_id # :57 Fitness :-55104.83 Final Amt :1435.72 Days :236 Avg Daily Profit :-0.12 %
Env #:0 Genome_id # :62 Fitness :-50005.96 Final Amt :1447.69 Days :236 Avg Daily Profit :-0.117 %
Env #:0 Genome_id # :63 Fitness :-53439.16 Final Amt :1790.38 Days :236 Avg Daily Profit :-0.033 %
Env #:0 Genome_id # :69 Fitness :95100.92 Final Amt :2789.1 Days :236 Avg Daily Profit :0.164 %
Env #:0 Genome_id # :70 Fitness :-22068.79 Final Amt :1570.29 Days :236 Avg Daily Profit :-0.092 %
Env #:0 Genome_id # :72 Fitness :21644.66 Final Amt :2278.29 Days :236 Avg Daily Profit :0.074 %
Env #:0 Genome_id # :73 Fitness :-37984.09 Final Amt :1305.53 Days :236 Avg Daily Profit :-0.162 %
Env #:0 Genome_id # :718 Fitness :192558.09 Final Amt :3604.96 Days :236 Avg Daily Profit :0.268 %
Env #:0 Genome_id # :53 Fitness :178566.04 Final Amt :3031.56 Days :236 Avg Daily Profit :0.195 %
Env #:0 Genome_id # :43 Fitness :80653.96 Final Amt :2464.97 Days :236 Avg Daily Profit :0.107 %
Env #:0 Genome_id # :1042 Fitness :75660.56 Final Amt :2705.49 Days :236 Avg Daily Profit :0.146 %
Env #:0 Genome_id # :91 Fitness :-59898.23 Final Amt :1396.46 Days :236 Avg Daily Profit :-0.14 %
Env #:0 Genome_id # :92 Fitness :0.0 Final Amt :2000.0 Days :236 Avg Daily Profit :0.0 %
Env #:0 Genome_id # :95 Fitness :-96710.4 Final Amt :1560.74 Days :236 Avg Daily Profit :-0.089 %
Env #:0 Genome_id # :96 Fitness :-48515.54 Final Amt :1405.06 Days :236 Avg Daily Profit :-0.133 %
Env #:0 Genome_id # :100 Fitness :-49178.92 Final Amt :1373.11 Days :236 Avg Daily Profit :-0.143 %
Env #:0 Genome_id # :101 Fitness :-27538.54 Final Amt :2019.53 Days :236 Avg Daily Profit :0.023 %
Env #:0 Genome_id # :107 Fitness :110166.35 Final Amt :2914.67 Days :236 Avg Daily Profit :0.179 %
Env #:0 Genome_id # :108 Fitness :29564.87 Final Amt :2386.53 Days :236 Avg Daily Profit :0.093 %
Env #:0 Genome_id # :43 Fitness :80653.96 Final Amt :2464.97 Days :236 Avg Daily Profit :0.107 %
Env #:0 Genome_id # :1042 Fitness :75660.56 Final Amt :2705.49 Days :236 Avg Daily Profit :0.146 %
Env #:0 Genome_id # :119 Fitness :61757.76 Final Amt :2463.38 Days :236 Avg Daily Profit :0.116 %
Env #:0 Genome_id # :120 Fitness :-9236.12 Final Amt :1850.01 Days :236 Avg Daily Profit :-0.031 %
Env #:0 Genome_id # :123 Fitness :37610.91 Final Amt :2627.77 Days :236 Avg Daily Profit :0.135 %
Env #:0 Genome_id # :124 Fitness :58486.68 Final Amt :2676.71 Days :236 Avg Daily Profit :0.147 %
Env #:0 Genome_id # :128 Fitness :-50904.71 Final Amt :1419.74 Days :236 Avg Daily Profit :-0.13 %
Env #:0 Genome_id # :129 Fitness :34564.95 Final Amt :2454.5 Days :236 Avg Daily Profit :0.108 %
Env #:0 Genome_id # :66 Fitness :146293.22 Final Amt :2116.86 Days :236 Avg Daily Profit :0.049 %
Env #:0 Genome_id # :132 Fitness :-4223.91 Final Amt :1819.43 Days :236 Avg Daily Profit :-0.025 %
Env #:0 Genome_id # :43 Fitness :80653.96 Final Amt :2464.97 Days :236 Avg Daily Profit :0.107 %
Env #:0 Genome_id # :1042 Fitness :75660.56 Final Amt :2705.49 Days :236 Avg Daily Profit :0.146 %
Env #:0 Genome_id # :147 Fitness :4863.79 Final Amt :2079.32 Days :236 Avg Daily Profit :0.041 %
Env #:0 Genome_id # :148 Fitness :0.0 Final Amt :2000.0 Days :236 Avg Daily Profit :0.0 %
Env #:0 Genome_id # :151 Fitness :35612.53 Final Amt :3084.6 Days :236 Avg Daily Profit :0.206 %
Env #:0 Genome_id # :152 Fitness :37528.83 Final Amt :2598.72 Days :236 Avg Daily Profit :0.129 %
Env #:0 Genome_id # :156 Fitness :-17747.0 Final Amt :2092.59 Days :236 Avg Daily Profit :0.04 %
Env #:0 Genome_id # :157 Fitness :78291.06 Final Amt :1594.16 Days :236 Avg Daily Profit :-0.082 %
Env #:0 Genome_id # :66 Fitness :146293.22 Final Amt :2116.86 Days :236 Avg Daily Profit :0.049 %
Env #:0 Genome_id # :160 Fitness :-82988.53 Final Amt :1396.59 Days :236 Avg Daily Profit :-0.136 %
Env #:0 Genome_id # :43 Fitness :80653.96 Final Amt :2464.97 Days :236 Avg Daily Profit :0.107 %
Env #:0 Genome_id # :157 Fitness :78291.06 Final Amt :1594.16 Days :236 Avg Daily Profit :-0.082 %
Env #:0 Genome_id # :177 Fitness :67375.64 Final Amt :2639.06 Days :236 Avg Daily Profit :0.135 %
Env #:0 Genome_id # :178 Fitness :0.0 Final Amt :2000.0 Days :236 Avg Daily Profit :0.0 %
Env #:0 Genome_id # :179 Fitness :-73754.52 Final Amt :1239.04 Days :236 Avg Daily Profit :-0.189 %
Env #:0 Genome_id # :180 Fitness :1711.4 Final Amt :2030.7 Days :236 Avg Daily Profit :0.006 %
Env #:0 Genome_id # :184 Fitness :44588.3 Final Amt :2274.04 Days :236 Avg Daily Profit :0.073 %
Env #:0 Genome_id # :185 Fitness :-70651.41 Final Amt :1398.17 Days :236 Avg Daily Profit :-0.137 %
Env #:0 Genome_id # :66 Fitness :146293.22 Final Amt :2116.86 Days :236 Avg Daily Profit :0.049 %
Env #:0 Genome_id # :190 Fitness :20078.74 Final Amt :2314.17 Days :236 Avg Daily Profit :0.082 %
Env #:0 Genome_id # :195 Fitness :125975.05 Final Amt :2519.34 Days :236 Avg Daily Profit :0.119 %
Env #:0 Genome_id # :196 Fitness :-65611.68 Final Amt :1412.03 Days :236 Avg Daily Profit :-0.129 %
Env #:0 Genome_id # :200 Fitness :-76306.28 Final Amt :1684.71 Days :236 Avg Daily Profit :-0.058 %
Env #:0 Genome_id # :201 Fitness :-80817.98 Final Amt :1396.57 Days :236 Avg Daily Profit :-0.137 %
Env #:0 Genome_id # :202 Fitness :-23365.49 Final Amt :2086.19 Days :236 Avg Daily Profit :0.034 %
Env #:0 Genome_id # :718 Fitness :192558.09 Final Amt :3604.96 Days :236 Avg Daily Profit :0.268 %
Env #:0 Genome_id # :43 Fitness :80653.96 Final Amt :2464.97 Days :236 Avg Daily Profit :0.107 %
Env #:0 Genome_id # :157 Fitness :78291.06 Final Amt :1594.16 Days :236 Avg Daily Profit :-0.082 %
Env #:0 Genome_id # :217 Fitness :0.0 Final Amt :2000.0 Days :236 Avg Daily Profit :0.0 %
Env #:0 Genome_id # :218 Fitness :-36244.24 Final Amt :1390.43 Days :236 Avg Daily Profit :-0.134 %
Env #:0 Genome_id # :221 Fitness :-20396.22 Final Amt :1699.46 Days :236 Avg Daily Profit :-0.068 %
Env #:0 Genome_id # :222 Fitness :173787.38 Final Amt :2774.89 Days :236 Avg Daily Profit :0.161 %Env #:0 Genome_id # :929 Fitness :53251.46 Final Amt :2584.68 Days :236 Avg Daily Profit :0.125 %
Env #:0 Genome_id # :99 Fitness :48907.8 Final Amt :2469.84 Days :236 Avg Daily Profit :0.108 %
Env #:0 Genome_id # :1072 Fitness :86449.35 Final Amt :1790.59 Days :236 Avg Daily Profit :-0.03 %
Env #:0 Genome_id # :785 Fitness :50111.14 Final Amt :2575.77 Days :236 Avg Daily Profit :0.126 %
Env #:0 Genome_id # :914 Fitness :27796.47 Final Amt :2530.85 Days :236 Avg Daily Profit :0.123 %
Env #:0 Genome_id # :31 Fitness :-5442.81 Final Amt :1758.15 Days :236 Avg Daily Profit :-0.039 %
Env #:0 Genome_id # :2 Fitness :-7383.56 Final Amt :1385.62 Days :236 Avg Daily Profit :-0.137 %
Env #:0 Genome_id # :3 Fitness :-53282.62 Final Amt :1441.19 Days :236 Avg Daily Profit :-0.119 %
Env #:0 Genome_id # :718 Fitness :192558.09 Final Amt :3604.96 Days :236 Avg Daily Profit :0.268 %
Env #:0 Genome_id # :1072 Fitness :86449.35 Final Amt :1790.59 Days :236 Avg Daily Profit :-0.03 %
Env #:0 Genome_id # :785 Fitness :50111.14 Final Amt :2575.77 Days :236 Avg Daily Profit :0.126 %
Env #:0 Genome_id # :15 Fitness :33684.72 Final Amt :2462.25 Days :236 Avg Daily Profit :0.108 %
Env #:0 Genome_id # :22 Fitness :43900.79 Final Amt :2368.74 Days :236 Avg Daily Profit :0.09 %
Env #:0 Genome_id # :718 Fitness :192558.09 Final Amt :3604.96 Days :236 Avg Daily Profit :0.268 %
Env #:0 Genome_id # :27 Fitness :-14650.78 Final Amt :1709.31 Days :236 Avg Daily Profit :-0.062 %
Env #:0 Genome_id # :28 Fitness :0.0 Final Amt :2000.0 Days :236 Avg Daily Profit :0.0 %
Env #:0 Genome_id # :32 Fitness :42922.98 Final Amt :2683.63 Days :236 Avg Daily Profit :0.151 %
Env #:0 Genome_id # :33 Fitness :25251.44 Final Amt :2156.77 Days :236 Avg Daily Profit :0.05 %
Env #:0 Genome_id # :718 Fitness :192558.09 Final Amt :3604.96 Days :236 Avg Daily Profit :0.268 %
Env #:0 Genome_id # :1072 Fitness :86449.35 Final Amt :1790.59 Days :236 Avg Daily Profit :-0.03 %
Env #:0 Genome_id # :17 Fitness :51936.05 Final Amt :2403.99 Days :236 Avg Daily Profit :0.095 %
Env #:0 Genome_id # :43 Fitness :80653.96 Final Amt :2464.97 Days :236 Avg Daily Profit :0.107 %
Env #:0 Genome_id # :51 Fitness :-33355.43 Final Amt :1378.21 Days :236 Avg Daily Profit :-0.141 %
Env #:0 Genome_id # :52 Fitness :6252.69 Final Amt :2009.7 Days :236 Avg Daily Profit :0.014 %
Env #:0 Genome_id # :43 Fitness :80653.96 Final Amt :2464.97 Days :236 Avg Daily Profit :0.107 %
Env #:0 Genome_id # :1042 Fitness :75660.56 Final Amt :2705.49 Days :236 Avg Daily Profit :0.146 %
Env #:0 Genome_id # :65 Fitness :0.0 Final Amt :2000.0 Days :236 Avg Daily Profit :0.0 %
Env #:0 Genome_id # :66 Fitness :146293.22 Final Amt :2116.86 Days :236 Avg Daily Profit :0.049 %
Env #:0 Genome_id # :67 Fitness :74052.66 Final Amt :2504.98 Days :236 Avg Daily Profit :0.116 %
Env #:0 Genome_id # :68 Fitness :-69197.22 Final Amt :1841.77 Days :236 Avg Daily Profit :-0.02 %
Env #:0 Genome_id # :74 Fitness :-40641.56 Final Amt :1463.92 Days :236 Avg Daily Profit :-0.113 %
Env #:0 Genome_id # :75 Fitness :-56305.41 Final Amt :1413.27 Days :236 Avg Daily Profit :-0.128 %
Env #:0 Genome_id # :66 Fitness :146293.22 Final Amt :2116.86 Days :236 Avg Daily Profit :0.049 %
Env #:0 Genome_id # :76 Fitness :336.61 Final Amt :1974.04 Days :236 Avg Daily Profit :-0.005 %
Env #:0 Genome_id # :81 Fitness :105932.67 Final Amt :2925.73 Days :236 Avg Daily Profit :0.182 %
Env #:0 Genome_id # :82 Fitness :13816.45 Final Amt :2073.62 Days :236 Avg Daily Profit :0.038 %
Env #:0 Genome_id # :88 Fitness :-36794.23 Final Amt :1413.62 Days :236 Avg Daily Profit :-0.125 %
Env #:0 Genome_id # :89 Fitness :950.39 Final Amt :2037.59 Days :236 Avg Daily Profit :0.018 %
Env #:0 Genome_id # :53 Fitness :178566.04 Final Amt :3031.56 Days :236 Avg Daily Profit :0.195 %
Env #:0 Genome_id # :66 Fitness :146293.22 Final Amt :2116.86 Days :236 Avg Daily Profit :0.049 %
Env #:0 Genome_id # :43 Fitness :80653.96 Final Amt :2464.97 Days :236 Avg Daily Profit :0.107 %
Env #:0 Genome_id # :1042 Fitness :75660.56 Final Amt :2705.49 Days :236 Avg Daily Profit :0.146 %
Env #:0 Genome_id # :718 Fitness :192558.09 Final Amt :3604.96 Days :236 Avg Daily Profit :0.268 %
Env #:0 Genome_id # :53 Fitness :178566.04 Final Amt :3031.56 Days :236 Avg Daily Profit :0.195 %
Env #:0 Genome_id # :48 Fitness :74842.02 Final Amt :2866.87 Days :236 Avg Daily Profit :0.167 %
Env #:0 Genome_id # :113 Fitness :-6532.31 Final Amt :2075.74 Days :236 Avg Daily Profit :0.039 %
Env #:0 Genome_id # :118 Fitness :-41634.4 Final Amt :1399.83 Days :236 Avg Daily Profit :-0.13 %
Env #:0 Genome_id # :718 Fitness :192558.09 Final Amt :3604.96 Days :236 Avg Daily Profit :0.268 %
Env #:0 Genome_id # :125 Fitness :-59661.1 Final Amt :1572.59 Days :236 Avg Daily Profit :-0.088 %
Env #:0 Genome_id # :126 Fitness :65362.55 Final Amt :2600.94 Days :236 Avg Daily Profit :0.137 %
Env #:0 Genome_id # :130 Fitness :-43976.96 Final Amt :1658.1 Days :236 Avg Daily Profit :-0.061 %
Env #:0 Genome_id # :131 Fitness :-37325.39 Final Amt :1380.63 Days :236 Avg Daily Profit :-0.139 %
Env #:0 Genome_id # :133 Fitness :121632.49 Final Amt :2782.69 Days :236 Avg Daily Profit :0.159 %
Env #:0 Genome_id # :134 Fitness :67120.26 Final Amt :2651.49 Days :236 Avg Daily Profit :0.138 %
Env #:0 Genome_id # :48 Fitness :74842.02 Final Amt :2866.87 Days :236 Avg Daily Profit :0.167 %
Env #:0 Genome_id # :141 Fitness :-45094.74 Final Amt :1390.36 Days :236 Avg Daily Profit :-0.134 %
Env #:0 Genome_id # :53 Fitness :178566.04 Final Amt :3031.56 Days :236 Avg Daily Profit :0.195 %
Env #:0 Genome_id # :66 Fitness :146293.22 Final Amt :2116.86 Days :236 Avg Daily Profit :0.049 %
Env #:0 Genome_id # :43 Fitness :80653.96 Final Amt :2464.97 Days :236 Avg Daily Profit :0.107 %
Env #:0 Genome_id # :1042 Fitness :75660.56 Final Amt :2705.49 Days :236 Avg Daily Profit :0.146 %
Env #:0 Genome_id # :163 Fitness :69481.09 Final Amt :2757.57 Days :236 Avg Daily Profit :0.152 %
Env #:0 Genome_id # :164 Fitness :0.0 Final Amt :2000.0 Days :236 Avg Daily Profit :0.0 %
Env #:0 Genome_id # :165 Fitness :-64885.5 Final Amt :1227.53 Days :236 Avg Daily Profit :-0.191 %
Env #:0 Genome_id # :166 Fitness :-71158.84 Final Amt :1413.06 Days :236 Avg Daily Profit :-0.132 %
Env #:0 Genome_id # :172 Fitness :11179.75 Final Amt :2227.9 Days :236 Avg Daily Profit :0.07 %
Env #:0 Genome_id # :173 Fitness :34248.55 Final Amt :2275.05 Days :236 Avg Daily Profit :0.071 %
Env #:0 Genome_id # :174 Fitness :-7560.79 Final Amt :1491.04 Days :236 Avg Daily Profit :-0.102 %
Env #:0 Genome_id # :718 Fitness :192558.09 Final Amt :3604.96 Days :236 Avg Daily Profit :0.268 %
Env #:0 Genome_id # :43 Fitness :80653.96 Final Amt :2464.97 Days :236 Avg Daily Profit :0.107 %
Env #:0 Genome_id # :157 Fitness :78291.06 Final Amt :1594.16 Days :236 Avg Daily Profit :-0.082 %
Env #:0 Genome_id # :718 Fitness :192558.09 Final Amt :3604.96 Days :236 Avg Daily Profit :0.268 %
Env #:0 Genome_id # :53 Fitness :178566.04 Final Amt :3031.56 Days :236 Avg Daily Profit :0.195 %
Env #:0 Genome_id # :1042 Fitness :75660.56 Final Amt :2705.49 Days :236 Avg Daily Profit :0.146 %
Env #:0 Genome_id # :197 Fitness :77346.16 Final Amt :3053.32 Days :236 Avg Daily Profit :0.192 %
Env #:0 Genome_id # :53 Fitness :178566.04 Final Amt :3031.56 Days :236 Avg Daily Profit :0.195 %
Env #:0 Genome_id # :66 Fitness :146293.22 Final Amt :2116.86 Days :236 Avg Daily Profit :0.049 %
Env #:0 Genome_id # :209 Fitness :-121271.22 Final Amt :1989.6 Days :236 Avg Daily Profit :0.011 %
Env #:0 Genome_id # :210 Fitness :53131.3 Final Amt :2487.58 Days :236 Avg Daily Profit :0.114 %
Env #:0 Genome_id # :214 Fitness :-4803.87 Final Amt :1682.78 Days :236 Avg Daily Profit :-0.055 %
Env #:0 Genome_id # :215 Fitness :-55379.06 Final Amt :2071.65 Days :236 Avg Daily Profit :0.025 %
Env #:0 Genome_id # :66 Fitness :146293.22 Final Amt :2116.86 Days :236 Avg Daily Profit :0.049 %
Env #:0 Genome_id # :216 Fitness :-14301.1 Final Amt :1767.97 Days :236 Avg Daily Profit :-0.04 %
Env #:0 Genome_id # :43 Fitness :80653.96 Final Amt :2464.97 Days :236 Avg Daily Profit :0.107 %
Env #:0 Genome_id # :157 Fitness :78291.06 Final Amt :1594.16 Days :236 Avg Daily Profit :-0.082 %Env #:0 Genome_id # :871 Fitness :15680.66 Final Amt :2762.6 Days :236 Avg Daily Profit :0.153 %
Env #:0 Genome_id # :365 Fitness :81853.27 Final Amt :2169.66 Days :236 Avg Daily Profit :0.054 %
Env #:0 Genome_id # :1042 Fitness :75660.56 Final Amt :2705.49 Days :236 Avg Daily Profit :0.146 %
Env #:0 Genome_id # :594 Fitness :42261.77 Final Amt :2371.76 Days :236 Avg Daily Profit :0.093 %
Env #:0 Genome_id # :785 Fitness :50111.14 Final Amt :2575.77 Days :236 Avg Daily Profit :0.126 %
Env #:0 Genome_id # :1 Fitness :16273.12 Final Amt :2591.7 Days :236 Avg Daily Profit :0.127 %
Env #:0 Genome_id # :365 Fitness :81853.27 Final Amt :2169.66 Days :236 Avg Daily Profit :0.054 %
Env #:0 Genome_id # :10 Fitness :-59209.64 Final Amt :1371.74 Days :236 Avg Daily Profit :-0.146 %
Env #:0 Genome_id # :1042 Fitness :75660.56 Final Amt :2705.49 Days :236 Avg Daily Profit :0.146 %
Env #:0 Genome_id # :929 Fitness :53251.46 Final Amt :2584.68 Days :236 Avg Daily Profit :0.125 %
Env #:0 Genome_id # :23 Fitness :-63809.96 Final Amt :1414.46 Days :236 Avg Daily Profit :-0.127 %
Env #:0 Genome_id # :24 Fitness :-37237.48 Final Amt :1561.13 Days :236 Avg Daily Profit :-0.088 %
Env #:0 Genome_id # :1042 Fitness :75660.56 Final Amt :2705.49 Days :236 Avg Daily Profit :0.146 %
Env #:0 Genome_id # :929 Fitness :53251.46 Final Amt :2584.68 Days :236 Avg Daily Profit :0.125 %
Env #:0 Genome_id # :34 Fitness :-10392.08 Final Amt :1750.12 Days :236 Avg Daily Profit :-0.052 %
Env #:0 Genome_id # :35 Fitness :-15804.0 Final Amt :1681.1 Days :236 Avg Daily Profit :-0.055 %
Env #:0 Genome_id # :39 Fitness :69126.67 Final Amt :2612.38 Days :236 Avg Daily Profit :0.132 %
Env #:0 Genome_id # :40 Fitness :57535.69 Final Amt :2458.53 Days :236 Avg Daily Profit :0.106 %
Env #:0 Genome_id # :44 Fitness :20981.99 Final Amt :2097.37 Days :236 Avg Daily Profit :0.037 %
Env #:0 Genome_id # :45 Fitness :8073.34 Final Amt :2119.16 Days :236 Avg Daily Profit :0.025 %
Env #:0 Genome_id # :48 Fitness :74842.02 Final Amt :2866.87 Days :236 Avg Daily Profit :0.167 %
Env #:0 Genome_id # :718 Fitness :192558.09 Final Amt :3604.96 Days :236 Avg Daily Profit :0.268 %
Env #:0 Genome_id # :53 Fitness :178566.04 Final Amt :3031.56 Days :236 Avg Daily Profit :0.195 %
Env #:0 Genome_id # :54 Fitness :132911.29 Final Amt :2275.46 Days :236 Avg Daily Profit :0.067 %
Env #:0 Genome_id # :60 Fitness :-45455.95 Final Amt :1337.86 Days :236 Avg Daily Profit :-0.154 %
Env #:0 Genome_id # :61 Fitness :-62171.34 Final Amt :1530.66 Days :236 Avg Daily Profit :-0.095 %
Env #:0 Genome_id # :54 Fitness :132911.29 Final Amt :2275.46 Days :236 Avg Daily Profit :0.067 %
Env #:0 Genome_id # :64 Fitness :-24283.07 Final Amt :1675.93 Days :236 Avg Daily Profit :-0.06 %
Env #:0 Genome_id # :43 Fitness :80653.96 Final Amt :2464.97 Days :236 Avg Daily Profit :0.107 %
Env #:0 Genome_id # :1042 Fitness :75660.56 Final Amt :2705.49 Days :236 Avg Daily Profit :0.146 %
Env #:0 Genome_id # :77 Fitness :-40324.01 Final Amt :1404.53 Days :236 Avg Daily Profit :-0.134 %
Env #:0 Genome_id # :78 Fitness :-53201.35 Final Amt :1373.0 Days :236 Avg Daily Profit :-0.14 %
Env #:0 Genome_id # :48 Fitness :74842.02 Final Amt :2866.87 Days :236 Avg Daily Profit :0.167 %
Env #:0 Genome_id # :85 Fitness :23653.1 Final Amt :2244.25 Days :236 Avg Daily Profit :0.058 %
Env #:0 Genome_id # :90 Fitness :-53506.45 Final Amt :1479.32 Days :236 Avg Daily Profit :-0.11 %
Env #:0 Genome_id # :718 Fitness :192558.09 Final Amt :3604.96 Days :236 Avg Daily Profit :0.268 %
Env #:0 Genome_id # :97 Fitness :28555.26 Final Amt :2688.29 Days :236 Avg Daily Profit :0.145 %
Env #:0 Genome_id # :98 Fitness :-43414.84 Final Amt :1387.07 Days :236 Avg Daily Profit :-0.135 %
Env #:0 Genome_id # :102 Fitness :41784.27 Final Amt :2562.52 Days :236 Avg Daily Profit :0.122 %
Env #:0 Genome_id # :103 Fitness :53683.44 Final Amt :2893.95 Days :236 Avg Daily Profit :0.173 %
Env #:0 Genome_id # :104 Fitness :39805.97 Final Amt :2640.43 Days :236 Avg Daily Profit :0.137 %
Env #:0 Genome_id # :105 Fitness :14086.23 Final Amt :1424.56 Days :236 Avg Daily Profit :-0.127 %
Env #:0 Genome_id # :109 Fitness :58955.25 Final Amt :2238.99 Days :236 Avg Daily Profit :0.066 %
Env #:0 Genome_id # :110 Fitness :34964.46 Final Amt :1950.63 Days :236 Avg Daily Profit :0.008 %
Env #:0 Genome_id # :116 Fitness :38392.62 Final Amt :2651.94 Days :236 Avg Daily Profit :0.146 %
Env #:0 Genome_id # :117 Fitness :52590.52 Final Amt :2055.17 Days :236 Avg Daily Profit :0.029 %
Env #:0 Genome_id # :53 Fitness :178566.04 Final Amt :3031.56 Days :236 Avg Daily Profit :0.195 %
Env #:0 Genome_id # :66 Fitness :146293.22 Final Amt :2116.86 Days :236 Avg Daily Profit :0.049 %
Env #:0 Genome_id # :43 Fitness :80653.96 Final Amt :2464.97 Days :236 Avg Daily Profit :0.107 %
Env #:0 Genome_id # :1042 Fitness :75660.56 Final Amt :2705.49 Days :236 Avg Daily Profit :0.146 %
Env #:0 Genome_id # :135 Fitness :74378.24 Final Amt :2464.19 Days :236 Avg Daily Profit :0.11 %
Env #:0 Genome_id # :136 Fitness :0.0 Final Amt :2000.0 Days :236 Avg Daily Profit :0.0 %
Env #:0 Genome_id # :137 Fitness :120938.38 Final Amt :2767.1 Days :236 Avg Daily Profit :0.158 %
Env #:0 Genome_id # :138 Fitness :-36013.5 Final Amt :1494.91 Days :236 Avg Daily Profit :-0.106 %
Env #:0 Genome_id # :144 Fitness :-42716.15 Final Amt :1492.85 Days :236 Avg Daily Profit :-0.104 %
Env #:0 Genome_id # :718 Fitness :192558.09 Final Amt :3604.96 Days :236 Avg Daily Profit :0.268 %
Env #:0 Genome_id # :149 Fitness :-10783.21 Final Amt :1761.72 Days :236 Avg Daily Profit :-0.051 %
Env #:0 Genome_id # :150 Fitness :36067.47 Final Amt :2410.64 Days :236 Avg Daily Profit :0.101 %
Env #:0 Genome_id # :153 Fitness :-38575.74 Final Amt :1416.33 Days :236 Avg Daily Profit :-0.13 %
Env #:0 Genome_id # :154 Fitness :65119.68 Final Amt :2528.3 Days :236 Avg Daily Profit :0.118 %
Env #:0 Genome_id # :158 Fitness :-21626.07 Final Amt :1722.94 Days :236 Avg Daily Profit :-0.049 %
Env #:0 Genome_id # :159 Fitness :-66573.06 Final Amt :1791.75 Days :236 Avg Daily Profit :-0.03 %
Env #:0 Genome_id # :718 Fitness :192558.09 Final Amt :3604.96 Days :236 Avg Daily Profit :0.268 %
Env #:0 Genome_id # :53 Fitness :178566.04 Final Amt :3031.56 Days :236 Avg Daily Profit :0.195 %
Env #:0 Genome_id # :167 Fitness :-52923.14 Final Amt :1303.99 Days :236 Avg Daily Profit :-0.164 %
Env #:0 Genome_id # :168 Fitness :-163219.05 Final Amt :1532.05 Days :236 Avg Daily Profit :-0.098 %
Env #:0 Genome_id # :170 Fitness :-6524.71 Final Amt :1718.34 Days :236 Avg Daily Profit :-0.05 %
Env #:0 Genome_id # :171 Fitness :51652.49 Final Amt :2531.28 Days :236 Avg Daily Profit :0.118 %
Env #:0 Genome_id # :53 Fitness :178566.04 Final Amt :3031.56 Days :236 Avg Daily Profit :0.195 %
Env #:0 Genome_id # :66 Fitness :146293.22 Final Amt :2116.86 Days :236 Avg Daily Profit :0.049 %
Env #:0 Genome_id # :1042 Fitness :75660.56 Final Amt :2705.49 Days :236 Avg Daily Profit :0.146 %
Env #:0 Genome_id # :183 Fitness :41861.65 Final Amt :2696.78 Days :236 Avg Daily Profit :0.143 %
Env #:0 Genome_id # :188 Fitness :-59841.66 Final Amt :1423.61 Days :236 Avg Daily Profit :-0.127 %
Env #:0 Genome_id # :189 Fitness :-119274.53 Final Amt :1303.84 Days :236 Avg Daily Profit :-0.165 %
Env #:0 Genome_id # :43 Fitness :80653.96 Final Amt :2464.97 Days :236 Avg Daily Profit :0.107 %
Env #:0 Genome_id # :157 Fitness :78291.06 Final Amt :1594.16 Days :236 Avg Daily Profit :-0.082 %
Env #:0 Genome_id # :203 Fitness :-58164.85 Final Amt :1443.39 Days :236 Avg Daily Profit :-0.12 %
Env #:0 Genome_id # :204 Fitness :71665.63 Final Amt :2708.95 Days :236 Avg Daily Profit :0.149 %
Env #:0 Genome_id # :197 Fitness :77346.16 Final Amt :3053.32 Days :236 Avg Daily Profit :0.192 %
Env #:0 Genome_id # :211 Fitness :36098.49 Final Amt :2378.91 Days :236 Avg Daily Profit :0.089 %
Env #:0 Genome_id # :219 Fitness :-49936.12 Final Amt :1762.34 Days :236 Avg Daily Profit :-0.038 %
Env #:0 Genome_id # :220 Fitness :48590.33 Final Amt :2580.76 Days :236 Avg Daily Profit :0.123 %
Env #:0 Genome_id # :197 Fitness :77346.16 Final Amt :3053.32 Days :236 Avg Daily Profit :0.192 %
Env #:0 Genome_id # :225 Fitness :-47078.65 Final Amt :1528.12 Days :236 Avg Daily Profit :-0.095 %
   ID   age  size  fitness  adj fit  stag
  ====  ===  ====  =======  =======  ====
     1   14    11  192558.1    0.550   -69
     2   14     9  80654.0    0.394   -67
Total extinctions: 0
Generation time: 2534.583 sec (2501.906 average)
Saving checkpoint to neat-checkpoint-14

 ****** Running generation 15 ****** 

Population's average fitness: 31090.03860 stdev: 86755.81171
Best fitness: 192558.09300 - size: (6, 26) - species 1 - id 718
Average adjusted fitness: 0.480
Mean genetic distance 2.343, standard deviation 0.766
Population of 20 members in 2 species:
   ID   age  size  fitness  adj fit  stag
  ====  ===  ====  =======  =======  ====
     1   15    12  192558.1    0.536   -68
     2   15     8  80654.0    0.424   -66
Total extinctions: 0
Generation time: 2538.695 sec (2500.411 average)
Saving checkpoint to neat-checkpoint-15

 ****** Running generation 16 ****** 

Population's average fitness: 37834.78385 stdev: 81567.20831
Best fitness: 192558.09300 - size: (6, 26) - species 1 - id 718
Average adjusted fitness: 0.380
Mean genetic distance 2.210, standard deviation 0.929
Population of 20 members in 2 species:
   ID   age  size  fitness  adj fit  stag
  ====  ===  ====  =======  =======  ====
     1   16    11  192558.1    0.416   -67
     2   16     9  80654.0    0.345   -65
Total extinctions: 0
Generation time: 2526.529 sec (2499.958 average)
Saving checkpoint to neat-checkpoint-16

 ****** Running generation 17 ****** 

Population's average fitness: 30698.59180 stdev: 82380.51360
Best fitness: 192558.09300 - size: (6, 26) - species 1 - id 718
Average adjusted fitness: 0.409
Mean genetic distance 2.225, standard deviation 0.873
Population of 20 members in 2 species:
   ID   age  size  fitness  adj fit  stag
  ====  ===  ====  =======  =======  ====
     1   17    12  192558.1    0.484   -66
     2   17     8  80654.0    0.333   -64
Total extinctions: 0
Generation time: 2581.546 sec (2510.773 average)
Saving checkpoint to neat-checkpoint-17

 ****** Running generation 18 ****** 

Population's average fitness: 67154.61705 stdev: 66351.87073
Best fitness: 192558.09300 - size: (6, 26) - species 1 - id 718
Average adjusted fitness: 0.522
Mean genetic distance 2.325, standard deviation 0.803
Population of 20 members in 2 species:
   ID   age  size  fitness  adj fit  stag
  ====  ===  ====  =======  =======  ====
     1   18    11  192558.1    0.533   -65
     2   18     9  137385.4    0.510   -63
Total extinctions: 0
Generation time: 2514.998 sec (2504.421 average)
Saving checkpoint to neat-checkpoint-18

 ****** Running generation 19 ****** 

Population's average fitness: 55746.93380 stdev: 72302.27001
Best fitness: 192558.09300 - size: (6, 26) - species 1 - id 718
Average adjusted fitness: 0.461
Mean genetic distance 2.248, standard deviation 0.907
Population of 20 members in 2 species:
   ID   age  size  fitness  adj fit  stag
  ====  ===  ====  =======  =======  ====
     1   19    10  192558.1    0.481   -64
     2   19    10  137385.4    0.442   -62
Total extinctions: 0
Generation time: 2479.593 sec (2506.833 average)
Saving checkpoint to neat-checkpoint-19

 ****** Running generation 20 ****** 

Population's average fitness: 35015.19805 stdev: 96244.12712
Best fitness: 192558.09300 - size: (6, 26) - species 1 - id 718
Average adjusted fitness: 0.485
Mean genetic distance 2.190, standard deviation 0.936
Population of 20 members in 2 species:
   ID   age  size  fitness  adj fit  stag
  ====  ===  ====  =======  =======  ====
     1   20    11  192558.1    0.616   -63
     2   20     9  137385.4    0.353   -61
Total extinctions: 0
Generation time: 2449.590 sec (2504.816 average)
Saving checkpoint to neat-checkpoint-20

 ****** Running generation 21 ****** 

Population's average fitness: 45208.92650 stdev: 78987.73127
Best fitness: 192558.09300 - size: (6, 26) - species 1 - id 718
Average adjusted fitness: 0.474
Mean genetic distance 2.228, standard deviation 0.883
Population of 20 members in 2 species:
   ID   age  size  fitness  adj fit  stag
  ====  ===  ====  =======  =======  ====
     1   21    10  192558.1    0.464   -62
     2   21    10  137385.4    0.485   -60
Total extinctions: 0
Generation time: 2532.856 sec (2506.694 average)
Saving checkpoint to neat-checkpoint-21

 ****** Running generation 22 ****** 

Population's average fitness: 61301.23325 stdev: 76844.57826
Best fitness: 192558.09300 - size: (6, 26) - species 1 - id 718
Average adjusted fitness: 0.539
Mean genetic distance 2.170, standard deviation 0.960
Population of 20 members in 2 species:
   ID   age  size  fitness  adj fit  stag
  ====  ===  ====  =======  =======  ====
     1   22    11  192558.1    0.635   -61
     2   22     9  137385.4    0.443   -59
Total extinctions: 0
Generation time: 2409.433 sec (2496.461 average)
Saving checkpoint to neat-checkpoint-22

 ****** Running generation 23 ****** 

Population's average fitness: 47045.68955 stdev: 84242.24467
Best fitness: 192558.09300 - size: (6, 26) - species 1 - id 718
Average adjusted fitness: 0.539
Mean genetic distance 2.284, standard deviation 0.902
Population of 20 members in 2 species:
   ID   age  size  fitness  adj fit  stag
  ====  ===  ====  =======  =======  ====
     1   23    12  192558.1    0.661   -60
     2   23     8  137385.4    0.417   -58
Total extinctions: 0
Generation time: 2444.756 sec (2501.258 average)
Saving checkpoint to neat-checkpoint-23

 ****** Running generation 24 ****** 

Population's average fitness: 65940.39215 stdev: 68941.93846
Best fitness: 192558.09300 - size: (6, 26) - species 1 - id 718
Average adjusted fitness: 0.490
Mean genetic distance 2.279, standard deviation 0.858
Population of 20 members in 2 species:
   ID   age  size  fitness  adj fit  stag
  ====  ===  ====  =======  =======  ====
     1   24    11  192558.1    0.522   -59
     2   24     9  137385.4    0.457   -57
Total extinctions: 0
Generation time: 2533.458 sec (2501.145 average)
Saving checkpoint to neat-checkpoint-24

 ****** Running generation 25 ****** 

Population's average fitness: 43988.49535 stdev: 79535.33548
Best fitness: 192558.09300 - size: (6, 26) - species 1 - id 718
Average adjusted fitness: 0.474
Mean genetic distance 2.244, standard deviation 0.957
Population of 20 members in 2 species:
   ID   age  size  fitness  adj fit  stag
  ====  ===  ====  =======  =======  ====
     1   25    10  192558.1    0.521   -58
     2   25    10  137385.4    0.428   -56
Total extinctions: 0
Generation time: 2453.536 sec (2492.629 average)
Saving checkpoint to neat-checkpoint-25

 ****** Running generation 26 ****** 

Population's average fitness: 56902.21940 stdev: 72995.09429
Best fitness: 192558.09300 - size: (6, 26) - species 1 - id 718
Average adjusted fitness: 0.486
Mean genetic distance 2.173, standard deviation 0.956
Population of 20 members in 2 species:
   ID   age  size  fitness  adj fit  stag
  ====  ===  ====  =======  =======  ====
     1   26    11  192558.1    0.539   -57
     2   26     9  137385.4    0.433   -55
Total extinctions: 0
Generation time: 2550.694 sec (2495.046 average)
Saving checkpoint to neat-checkpoint-26

 ****** Running generation 27 ****** 

Population's average fitness: 42267.02020 stdev: 93539.28515
Best fitness: 192558.09300 - size: (6, 26) - species 1 - id 718
Average adjusted fitness: 0.564
Mean genetic distance 2.268, standard deviation 0.862
Population of 20 members in 2 species:
   ID   age  size  fitness  adj fit  stag
  ====  ===  ====  =======  =======  ====
     1   27    10  192558.1    0.617   -56
     2   27    10  137385.4    0.511   -54
Total extinctions: 0
Generation time: 2317.040 sec (2468.595 average)
Saving checkpoint to neat-checkpoint-27

 ****** Running generation 28 ****** 

Population's average fitness: 74421.10780 stdev: 67244.03363
Best fitness: 192558.09300 - size: (6, 26) - species 1 - id 718
Average adjusted fitness: 0.465
Mean genetic distance 2.277, standard deviation 0.906
Population of 20 members in 2 species:
   ID   age  size  fitness  adj fit  stag
  ====  ===  ====  =======  =======  ====
     1   28    11  192558.1    0.562   -55
     2   28     9  137385.4    0.368   -53
Total extinctions: 0
Generation time: 2329.146 sec (2450.010 average)
Env #:0 Genome_id # :233 Fitness :-84612.72 Final Amt :1444.78 Days :236 Avg Daily Profit :-0.121 %
Env #:0 Genome_id # :234 Fitness :0.0 Final Amt :2000.0 Days :236 Avg Daily Profit :0.0 %
Env #:0 Genome_id # :43 Fitness :80653.96 Final Amt :2464.97 Days :236 Avg Daily Profit :0.107 %
Env #:0 Genome_id # :157 Fitness :78291.06 Final Amt :1594.16 Days :236 Avg Daily Profit :-0.082 %
Env #:0 Genome_id # :222 Fitness :173787.38 Final Amt :2774.89 Days :236 Avg Daily Profit :0.161 %
Env #:0 Genome_id # :244 Fitness :44504.88 Final Amt :2218.26 Days :236 Avg Daily Profit :0.06 %
Env #:0 Genome_id # :241 Fitness :137385.35 Final Amt :2835.72 Days :236 Avg Daily Profit :0.17 %
Env #:0 Genome_id # :43 Fitness :80653.96 Final Amt :2464.97 Days :236 Avg Daily Profit :0.107 %
Env #:0 Genome_id # :259 Fitness :61800.1 Final Amt :2749.98 Days :236 Avg Daily Profit :0.155 %
Env #:0 Genome_id # :260 Fitness :-57225.37 Final Amt :1372.04 Days :236 Avg Daily Profit :-0.144 %
Env #:0 Genome_id # :157 Fitness :78291.06 Final Amt :1594.16 Days :236 Avg Daily Profit :-0.082 %
Env #:0 Genome_id # :267 Fitness :-5608.76 Final Amt :1968.61 Days :236 Avg Daily Profit :-0.003 %
Env #:0 Genome_id # :272 Fitness :-89017.3 Final Amt :1470.73 Days :236 Avg Daily Profit :-0.114 %
Env #:0 Genome_id # :273 Fitness :38773.31 Final Amt :2154.72 Days :236 Avg Daily Profit :0.05 %
Env #:0 Genome_id # :277 Fitness :59557.62 Final Amt :2609.15 Days :236 Avg Daily Profit :0.132 %
Env #:0 Genome_id # :278 Fitness :-93366.79 Final Amt :1397.52 Days :236 Avg Daily Profit :-0.136 %
Env #:0 Genome_id # :284 Fitness :516.8 Final Amt :2636.82 Days :236 Avg Daily Profit :0.141 %
Env #:0 Genome_id # :285 Fitness :48872.61 Final Amt :1722.61 Days :236 Avg Daily Profit :-0.053 %
Env #:0 Genome_id # :286 Fitness :6113.19 Final Amt :1691.79 Days :236 Avg Daily Profit :-0.054 %
Env #:0 Genome_id # :718 Fitness :192558.09 Final Amt :3604.96 Days :236 Avg Daily Profit :0.268 %
Env #:0 Genome_id # :293 Fitness :-87202.73 Final Amt :1251.94 Days :236 Avg Daily Profit :-0.179 %
Env #:0 Genome_id # :294 Fitness :82478.24 Final Amt :2609.12 Days :236 Avg Daily Profit :0.134 %
Env #:0 Genome_id # :298 Fitness :-41475.09 Final Amt :2512.52 Days :236 Avg Daily Profit :0.112 %
Env #:0 Genome_id # :299 Fitness :62494.31 Final Amt :3295.23 Days :236 Avg Daily Profit :0.232 %
Env #:0 Genome_id # :300 Fitness :38717.9 Final Amt :2641.61 Days :236 Avg Daily Profit :0.142 %
Env #:0 Genome_id # :301 Fitness :-37191.95 Final Amt :2801.5 Days :236 Avg Daily Profit :0.16 %
Env #:0 Genome_id # :307 Fitness :-11347.69 Final Amt :1866.86 Days :236 Avg Daily Profit :-0.028 %
Env #:0 Genome_id # :308 Fitness :3163.59 Final Amt :1784.49 Days :236 Avg Daily Profit :-0.036 %
Env #:0 Genome_id # :310 Fitness :-53145.7 Final Amt :1433.41 Days :236 Avg Daily Profit :-0.124 %
Env #:0 Genome_id # :311 Fitness :49824.29 Final Amt :2716.72 Days :236 Avg Daily Profit :0.154 %
Env #:0 Genome_id # :314 Fitness :-39409.83 Final Amt :1368.41 Days :236 Avg Daily Profit :-0.142 %
Env #:0 Genome_id # :718 Fitness :192558.09 Final Amt :3604.96 Days :236 Avg Daily Profit :0.268 %
Env #:0 Genome_id # :321 Fitness :0.0 Final Amt :2000.0 Days :236 Avg Daily Profit :0.0 %
Env #:0 Genome_id # :322 Fitness :64188.44 Final Amt :2469.57 Days :236 Avg Daily Profit :0.107 %
Env #:0 Genome_id # :324 Fitness :26077.1 Final Amt :2327.98 Days :236 Avg Daily Profit :0.084 %
Env #:0 Genome_id # :325 Fitness :-187.87 Final Amt :2320.55 Days :236 Avg Daily Profit :0.086 %
Env #:0 Genome_id # :222 Fitness :173787.38 Final Amt :2774.89 Days :236 Avg Daily Profit :0.161 %
Env #:0 Genome_id # :328 Fitness :140584.93 Final Amt :2519.18 Days :236 Avg Daily Profit :0.12 %
Env #:0 Genome_id # :241 Fitness :137385.35 Final Amt :2835.72 Days :236 Avg Daily Profit :0.17 %
Env #:0 Genome_id # :43 Fitness :80653.96 Final Amt :2464.97 Days :236 Avg Daily Profit :0.107 %
Env #:0 Genome_id # :53 Fitness :178566.04 Final Amt :3031.56 Days :236 Avg Daily Profit :0.195 %
Env #:0 Genome_id # :222 Fitness :173787.38 Final Amt :2774.89 Days :236 Avg Daily Profit :0.161 %
Env #:0 Genome_id # :241 Fitness :137385.35 Final Amt :2835.72 Days :236 Avg Daily Profit :0.17 %
Env #:0 Genome_id # :43 Fitness :80653.96 Final Amt :2464.97 Days :236 Avg Daily Profit :0.107 %
Env #:0 Genome_id # :222 Fitness :173787.38 Final Amt :2774.89 Days :236 Avg Daily Profit :0.161 %
Env #:0 Genome_id # :358 Fitness :-25066.93 Final Amt :1731.45 Days :236 Avg Daily Profit :-0.045 %
Env #:0 Genome_id # :241 Fitness :137385.35 Final Amt :2835.72 Days :236 Avg Daily Profit :0.17 %
Env #:0 Genome_id # :43 Fitness :80653.96 Final Amt :2464.97 Days :236 Avg Daily Profit :0.107 %
Env #:0 Genome_id # :371 Fitness :-7100.95 Final Amt :1890.86 Days :236 Avg Daily Profit :-0.024 %
Env #:0 Genome_id # :372 Fitness :51231.7 Final Amt :2568.85 Days :236 Avg Daily Profit :0.125 %
Env #:0 Genome_id # :377 Fitness :-60011.01 Final Amt :1441.34 Days :236 Avg Daily Profit :-0.119 %
Env #:0 Genome_id # :378 Fitness :58598.35 Final Amt :2578.83 Days :236 Avg Daily Profit :0.124 %
Env #:0 Genome_id # :382 Fitness :96482.2 Final Amt :2518.85 Days :236 Avg Daily Profit :0.115 %
Env #:0 Genome_id # :383 Fitness :13324.52 Final Amt :2193.87 Days :236 Avg Daily Profit :0.06 %
Env #:0 Genome_id # :222 Fitness :173787.38 Final Amt :2774.89 Days :236 Avg Daily Profit :0.161 %
Env #:0 Genome_id # :386 Fitness :97357.6 Final Amt :3095.92 Days :236 Avg Daily Profit :0.204 %
Env #:0 Genome_id # :368 Fitness :93092.03 Final Amt :3205.85 Days :236 Avg Daily Profit :0.216 %
Env #:0 Genome_id # :393 Fitness :-65728.47 Final Amt :1422.3 Days :236 Avg Daily Profit :-0.129 %
Env #:0 Genome_id # :399 Fitness :51807.0 Final Amt :2472.44 Days :236 Avg Daily Profit :0.117 %
Env #:0 Genome_id # :400 Fitness :137217.79 Final Amt :2017.16 Days :236 Avg Daily Profit :0.027 %

Env #:0 Genome_id # :207 Fitness :0.0 Final Amt :2000.0 Days :236 Avg Daily Profit :0.0 %
Env #:0 Genome_id # :208 Fitness :0.0 Final Amt :2000.0 Days :236 Avg Daily Profit :0.0 %
Env #:0 Genome_id # :212 Fitness :64472.54 Final Amt :2676.14 Days :236 Avg Daily Profit :0.141 %
Env #:0 Genome_id # :213 Fitness :-60064.9 Final Amt :1412.18 Days :236 Avg Daily Profit :-0.131 %
Env #:0 Genome_id # :718 Fitness :192558.09 Final Amt :3604.96 Days :236 Avg Daily Profit :0.268 %
Env #:0 Genome_id # :53 Fitness :178566.04 Final Amt :3031.56 Days :236 Avg Daily Profit :0.195 %
Env #:0 Genome_id # :223 Fitness :-54493.25 Final Amt :1354.31 Days :236 Avg Daily Profit :-0.145 %
Env #:0 Genome_id # :224 Fitness :-24342.84 Final Amt :1394.53 Days :236 Avg Daily Profit :-0.132 %
Env #:0 Genome_id # :226 Fitness :-51302.01 Final Amt :1439.2 Days :236 Avg Daily Profit :-0.117 %
Env #:0 Genome_id # :227 Fitness :-14665.15 Final Amt :1701.94 Days :236 Avg Daily Profit :-0.059 %
Env #:0 Genome_id # :53 Fitness :178566.04 Final Amt :3031.56 Days :236 Avg Daily Profit :0.195 %
Env #:0 Genome_id # :222 Fitness :173787.38 Final Amt :2774.89 Days :236 Avg Daily Profit :0.161 %
Env #:0 Genome_id # :197 Fitness :77346.16 Final Amt :3053.32 Days :236 Avg Daily Profit :0.192 %
Env #:0 Genome_id # :239 Fitness :-29619.73 Final Amt :1594.11 Days :236 Avg Daily Profit :-0.078 %
Env #:0 Genome_id # :247 Fitness :18628.65 Final Amt :1960.84 Days :236 Avg Daily Profit :0.008 %
Env #:0 Genome_id # :248 Fitness :81235.86 Final Amt :2622.89 Days :236 Avg Daily Profit :0.136 %
Env #:0 Genome_id # :157 Fitness :78291.06 Final Amt :1594.16 Days :236 Avg Daily Profit :-0.082 %
Env #:0 Genome_id # :253 Fitness :-40289.39 Final Amt :1535.42 Days :236 Avg Daily Profit :-0.095 %
Env #:0 Genome_id # :261 Fitness :3348.58 Final Amt :2033.34 Days :236 Avg Daily Profit :0.007 %
Env #:0 Genome_id # :262 Fitness :58926.88 Final Amt :2289.49 Days :236 Avg Daily Profit :0.079 %
Env #:0 Genome_id # :263 Fitness :13685.37 Final Amt :2062.65 Days :236 Avg Daily Profit :0.017 %
Env #:0 Genome_id # :264 Fitness :1870.75 Final Amt :1840.45 Days :236 Avg Daily Profit :-0.015 %
Env #:0 Genome_id # :268 Fitness :-80696.07 Final Amt :1907.85 Days :236 Avg Daily Profit :-0.003 %
Env #:0 Genome_id # :269 Fitness :-62848.45 Final Amt :1446.31 Days :236 Avg Daily Profit :-0.121 %
Env #:0 Genome_id # :222 Fitness :173787.38 Final Amt :2774.89 Days :236 Avg Daily Profit :0.161 %
Env #:0 Genome_id # :274 Fitness :73922.92 Final Amt :3150.95 Days :236 Avg Daily Profit :0.206 %
Env #:0 Genome_id # :157 Fitness :78291.06 Final Amt :1594.16 Days :236 Avg Daily Profit :-0.082 %
Env #:0 Genome_id # :281 Fitness :49213.3 Final Amt :2422.35 Days :236 Avg Daily Profit :0.096 %
Env #:0 Genome_id # :289 Fitness :35272.49 Final Amt :2267.04 Days :236 Avg Daily Profit :0.075 %
Env #:0 Genome_id # :290 Fitness :-43278.31 Final Amt :1484.37 Days :236 Avg Daily Profit :-0.111 %
Env #:0 Genome_id # :157 Fitness :78291.06 Final Amt :1594.16 Days :236 Avg Daily Profit :-0.082 %
Env #:0 Genome_id # :295 Fitness :45300.53 Final Amt :2951.0 Days :236 Avg Daily Profit :0.182 %
Env #:0 Genome_id # :718 Fitness :192558.09 Final Amt :3604.96 Days :236 Avg Daily Profit :0.268 %
Env #:0 Genome_id # :53 Fitness :178566.04 Final Amt :3031.56 Days :236 Avg Daily Profit :0.195 %
Env #:0 Genome_id # :157 Fitness :78291.06 Final Amt :1594.16 Days :236 Avg Daily Profit :-0.082 %
Env #:0 Genome_id # :309 Fitness :-89648.45 Final Amt :1367.37 Days :236 Avg Daily Profit :-0.146 %
Env #:0 Genome_id # :53 Fitness :178566.04 Final Amt :3031.56 Days :236 Avg Daily Profit :0.195 %
Env #:0 Genome_id # :222 Fitness :173787.38 Final Amt :2774.89 Days :236 Avg Daily Profit :0.161 %
Env #:0 Genome_id # :241 Fitness :137385.35 Final Amt :2835.72 Days :236 Avg Daily Profit :0.17 %
Env #:0 Genome_id # :43 Fitness :80653.96 Final Amt :2464.97 Days :236 Avg Daily Profit :0.107 %
Env #:0 Genome_id # :329 Fitness :-58778.51 Final Amt :1414.21 Days :236 Avg Daily Profit :-0.129 %
Env #:0 Genome_id # :330 Fitness :-39694.59 Final Amt :1566.13 Days :236 Avg Daily Profit :-0.077 %
Env #:0 Genome_id # :335 Fitness :56322.34 Final Amt :2532.56 Days :236 Avg Daily Profit :0.117 %
Env #:0 Genome_id # :336 Fitness :-16538.99 Final Amt :1854.0 Days :236 Avg Daily Profit :-0.03 %
Env #:0 Genome_id # :338 Fitness :-319.01 Final Amt :2125.75 Days :236 Avg Daily Profit :0.048 %
Env #:0 Genome_id # :339 Fitness :39290.36 Final Amt :2700.68 Days :236 Avg Daily Profit :0.151 %
Env #:0 Genome_id # :342 Fitness :49488.89 Final Amt :2432.41 Days :236 Avg Daily Profit :0.09 %
Env #:0 Genome_id # :718 Fitness :192558.09 Final Amt :3604.96 Days :236 Avg Daily Profit :0.268 %
Env #:0 Genome_id # :347 Fitness :-1991.4 Final Amt :2043.66 Days :236 Avg Daily Profit :0.011 %
Env #:0 Genome_id # :348 Fitness :-52065.21 Final Amt :1580.01 Days :236 Avg Daily Profit :-0.085 %
Env #:0 Genome_id # :352 Fitness :76926.33 Final Amt :2776.48 Days :236 Avg Daily Profit :0.162 %
Env #:0 Genome_id # :353 Fitness :-366.56 Final Amt :2605.97 Days :236 Avg Daily Profit :0.132 %
Env #:0 Genome_id # :718 Fitness :192558.09 Final Amt :3604.96 Days :236 Avg Daily Profit :0.268 %
Env #:0 Genome_id # :53 Fitness :178566.04 Final Amt :3031.56 Days :236 Avg Daily Profit :0.195 %
Env #:0 Genome_id # :363 Fitness :-46099.2 Final Amt :2116.41 Days :236 Avg Daily Profit :0.039 %
Env #:0 Genome_id # :364 Fitness :-42332.19 Final Amt :1487.74 Days :236 Avg Daily Profit :-0.115 %
Env #:0 Genome_id # :368 Fitness :93092.03 Final Amt :3205.85 Days :236 Avg Daily Profit :0.216 %
Env #:0 Genome_id # :369 Fitness :-22600.43 Final Amt :1737.42 Days :236 Avg Daily Profit :-0.041 %
Env #:0 Genome_id # :53 Fitness :178566.04 Final Amt :3031.56 Days :236 Avg Daily Profit :0.195 %
Env #:0 Genome_id # :222 Fitness :173787.38 Final Amt :2774.89 Days :236 Avg Daily Profit :0.161 %
Env #:0 Genome_id # :241 Fitness :137385.35 Final Amt :2835.72 Days :236 Avg Daily Profit :0.17 %
Env #:0 Genome_id # :368 Fitness :93092.03 Final Amt :3205.85 Days :236 Avg Daily Profit :0.216 %
Env #:0 Genome_id # :718 Fitness :192558.09 Final Amt :3604.96 Days :236 Avg Daily Profit :0.268 %
Env #:0 Genome_id # :53 Fitness :178566.04 Final Amt :3031.56 Days :236 Avg Daily Profit :0.195 %
Env #:0 Genome_id # :391 Fitness :144536.24 Final Amt :2577.47 Days :236 Avg Daily Profit :0.13 %
Env #:0 Genome_id # :392 Fitness :96809.44 Final Amt :2526.89 Days :236 Avg Daily Profit :0.12 %
Env #:0 Genome_id # :396 Fitness :-56344.69 Final Amt :1394.24 Days :236 Avg Daily Profit :-0.136 %
Env #:0 Genome_id # :397 Fitness :-80253.72 Final Amt :1335.95 Days :236 Avg Daily Profit :-0.155 %
Env #:0 Genome_id # :401 Fitness :-87774.76 Final Amt :1469.57 Days :236 Avg Daily Profit :-0.115 %
Env #:0 Genome_id # :402 Fitness :54953.94 Final Amt :2510.29 Days :236 Avg Daily Profit :0.113 %

Env #:0 Genome_id # :231 Fitness :0.0 Final Amt :2000.0 Days :236 Avg Daily Profit :0.0 %
Env #:0 Genome_id # :232 Fitness :-39983.57 Final Amt :1222.93 Days :236 Avg Daily Profit :-0.192 %
Env #:0 Genome_id # :237 Fitness :144683.74 Final Amt :2885.42 Days :236 Avg Daily Profit :0.173 %
Env #:0 Genome_id # :238 Fitness :5162.25 Final Amt :1973.62 Days :236 Avg Daily Profit :0.013 %
Env #:0 Genome_id # :242 Fitness :54967.48 Final Amt :1326.14 Days :236 Avg Daily Profit :-0.162 %
Env #:0 Genome_id # :243 Fitness :42549.33 Final Amt :2662.92 Days :236 Avg Daily Profit :0.141 %
Env #:0 Genome_id # :718 Fitness :192558.09 Final Amt :3604.96 Days :236 Avg Daily Profit :0.268 %
Env #:0 Genome_id # :53 Fitness :178566.04 Final Amt :3031.56 Days :236 Avg Daily Profit :0.195 %
Env #:0 Genome_id # :251 Fitness :92997.83 Final Amt :2603.29 Days :236 Avg Daily Profit :0.135 %
Env #:0 Genome_id # :252 Fitness :79412.51 Final Amt :2287.89 Days :236 Avg Daily Profit :0.076 %
Env #:0 Genome_id # :256 Fitness :42446.26 Final Amt :2699.17 Days :236 Avg Daily Profit :0.151 %
Env #:0 Genome_id # :257 Fitness :65999.52 Final Amt :2774.55 Days :236 Avg Daily Profit :0.153 %
Env #:0 Genome_id # :258 Fitness :38294.35 Final Amt :2732.27 Days :236 Avg Daily Profit :0.151 %
Env #:0 Genome_id # :718 Fitness :192558.09 Final Amt :3604.96 Days :236 Avg Daily Profit :0.268 %
Env #:0 Genome_id # :265 Fitness :-62320.14 Final Amt :1833.19 Days :236 Avg Daily Profit :-0.014 %
Env #:0 Genome_id # :266 Fitness :97691.56 Final Amt :2556.92 Days :236 Avg Daily Profit :0.13 %
Env #:0 Genome_id # :270 Fitness :-113178.07 Final Amt :2494.84 Days :236 Avg Daily Profit :0.112 %
Env #:0 Genome_id # :271 Fitness :-36004.63 Final Amt :1337.41 Days :236 Avg Daily Profit :-0.152 %
Env #:0 Genome_id # :718 Fitness :192558.09 Final Amt :3604.96 Days :236 Avg Daily Profit :0.268 %
Env #:0 Genome_id # :53 Fitness :178566.04 Final Amt :3031.56 Days :236 Avg Daily Profit :0.195 %
Env #:0 Genome_id # :279 Fitness :-61613.53 Final Amt :1339.9 Days :236 Avg Daily Profit :-0.149 %
Env #:0 Genome_id # :280 Fitness :46434.46 Final Amt :2451.62 Days :236 Avg Daily Profit :0.114 %
Env #:0 Genome_id # :282 Fitness :-8221.99 Final Amt :1446.67 Days :236 Avg Daily Profit :-0.119 %
Env #:0 Genome_id # :283 Fitness :43500.27 Final Amt :2235.54 Days :236 Avg Daily Profit :0.067 %
Env #:0 Genome_id # :287 Fitness :56746.67 Final Amt :2497.58 Days :236 Avg Daily Profit :0.112 %
Env #:0 Genome_id # :288 Fitness :0.0 Final Amt :2000.0 Days :236 Avg Daily Profit :0.0 %
Env #:0 Genome_id # :291 Fitness :-67629.99 Final Amt :1410.47 Days :236 Avg Daily Profit :-0.13 %
Env #:0 Genome_id # :292 Fitness :-53443.92 Final Amt :1406.25 Days :236 Avg Daily Profit :-0.139 %
Env #:0 Genome_id # :296 Fitness :-92221.4 Final Amt :1425.44 Days :236 Avg Daily Profit :-0.127 %
Env #:0 Genome_id # :297 Fitness :67519.51 Final Amt :2539.14 Days :236 Avg Daily Profit :0.12 %
Env #:0 Genome_id # :303 Fitness :106969.47 Final Amt :2674.32 Days :236 Avg Daily Profit :0.148 %
Env #:0 Genome_id # :304 Fitness :0.0 Final Amt :2000.0 Days :236 Avg Daily Profit :0.0 %
Env #:0 Genome_id # :305 Fitness :19527.49 Final Amt :2229.98 Days :236 Avg Daily Profit :0.069 %
Env #:0 Genome_id # :306 Fitness :143749.86 Final Amt :2654.17 Days :236 Avg Daily Profit :0.145 %
Env #:0 Genome_id # :312 Fitness :73.18 Final Amt :2310.04 Days :236 Avg Daily Profit :0.077 %
Env #:0 Genome_id # :313 Fitness :-131579.14 Final Amt :1653.91 Days :236 Avg Daily Profit :-0.062 %
Env #:0 Genome_id # :315 Fitness :0.0 Final Amt :2000.0 Days :236 Avg Daily Profit :0.0 %
Env #:0 Genome_id # :316 Fitness :72442.05 Final Amt :2660.37 Days :236 Avg Daily Profit :0.132 %
Env #:0 Genome_id # :319 Fitness :57171.57 Final Amt :2524.7 Days :236 Avg Daily Profit :0.118 %
Env #:0 Genome_id # :320 Fitness :36406.58 Final Amt :2473.19 Days :236 Avg Daily Profit :0.115 %
Env #:0 Genome_id # :326 Fitness :31863.29 Final Amt :2847.83 Days :236 Avg Daily Profit :0.169 %
Env #:0 Genome_id # :327 Fitness :36638.8 Final Amt :2471.4 Days :236 Avg Daily Profit :0.108 %
Env #:0 Genome_id # :718 Fitness :192558.09 Final Amt :3604.96 Days :236 Avg Daily Profit :0.268 %
Env #:0 Genome_id # :53 Fitness :178566.04 Final Amt :3031.56 Days :236 Avg Daily Profit :0.195 %
Env #:0 Genome_id # :333 Fitness :95673.32 Final Amt :2586.68 Days :236 Avg Daily Profit :0.124 %
Env #:0 Genome_id # :334 Fitness :35447.02 Final Amt :2222.08 Days :236 Avg Daily Profit :0.06 %
Env #:0 Genome_id # :340 Fitness :29571.76 Final Amt :1964.01 Days :236 Avg Daily Profit :0.011 %
Env #:0 Genome_id # :341 Fitness :-57005.31 Final Amt :1441.43 Days :236 Avg Daily Profit :-0.121 %
Env #:0 Genome_id # :343 Fitness :15067.78 Final Amt :2264.07 Days :236 Avg Daily Profit :0.06 %
Env #:0 Genome_id # :344 Fitness :48390.05 Final Amt :2710.13 Days :236 Avg Daily Profit :0.146 %
Env #:0 Genome_id # :349 Fitness :83999.31 Final Amt :2591.7 Days :236 Avg Daily Profit :0.132 %
Env #:0 Genome_id # :350 Fitness :0.0 Final Amt :2000.0 Days :236 Avg Daily Profit :0.0 %
Env #:0 Genome_id # :354 Fitness :38772.45 Final Amt :2609.64 Days :236 Avg Daily Profit :0.129 %
Env #:0 Genome_id # :355 Fitness :45466.24 Final Amt :2542.28 Days :236 Avg Daily Profit :0.124 %
Env #:0 Genome_id # :356 Fitness :14165.15 Final Amt :2387.13 Days :236 Avg Daily Profit :0.092 %
Env #:0 Genome_id # :357 Fitness :29204.0 Final Amt :2758.36 Days :236 Avg Daily Profit :0.153 %
Env #:0 Genome_id # :361 Fitness :92886.77 Final Amt :2437.75 Days :236 Avg Daily Profit :0.11 %
Env #:0 Genome_id # :362 Fitness :51859.18 Final Amt :2398.31 Days :236 Avg Daily Profit :0.099 %
Env #:0 Genome_id # :366 Fitness :8701.34 Final Amt :2071.11 Days :236 Avg Daily Profit :0.025 %
Env #:0 Genome_id # :367 Fitness :-156344.33 Final Amt :1797.47 Days :236 Avg Daily Profit :-0.028 %
Env #:0 Genome_id # :370 Fitness :-55690.34 Final Amt :1460.57 Days :236 Avg Daily Profit :-0.113 %
Env #:0 Genome_id # :718 Fitness :192558.09 Final Amt :3604.96 Days :236 Avg Daily Profit :0.268 %
Env #:0 Genome_id # :375 Fitness :0.0 Final Amt :2000.0 Days :236 Avg Daily Profit :0.0 %
Env #:0 Genome_id # :376 Fitness :159864.15 Final Amt :3118.46 Days :236 Avg Daily Profit :0.208 %
Env #:0 Genome_id # :380 Fitness :-28164.53 Final Amt :1527.2 Days :236 Avg Daily Profit :-0.1 %
Env #:0 Genome_id # :381 Fitness :26892.45 Final Amt :2489.01 Days :236 Avg Daily Profit :0.111 %
Env #:0 Genome_id # :384 Fitness :-15399.3 Final Amt :2383.03 Days :236 Avg Daily Profit :0.095 %
Env #:0 Genome_id # :385 Fitness :60948.24 Final Amt :2818.54 Days :236 Avg Daily Profit :0.163 %
Env #:0 Genome_id # :389 Fitness :-23425.88 Final Amt :2101.15 Days :236 Avg Daily Profit :0.026 %
Env #:0 Genome_id # :390 Fitness :0.0 Final Amt :2000.0 Days :236 Avg Daily Profit :0.0 %
Env #:0 Genome_id # :394 Fitness :-19903.18 Final Amt :2252.5 Days :236 Avg Daily Profit :0.066 %
Env #:0 Genome_id # :395 Fitness :50173.74 Final Amt :2741.6 Days :236 Avg Daily Profit :0.151 %
Env #:0 Genome_id # :398 Fitness :-64752.61 Final Amt :1906.17 Days :236 Avg Daily Profit :-0.008 %
Env #:0 Genome_id # :718 Fitness :192558.09 Final Amt :3604.96 Days :236 Avg Daily Profit :0.268 %
Env #:0 Genome_id # :403 Fitness :-163236.92 Final Amt :1959.27 Days :236 Avg Daily Profit :0.006 %
Env #:0 Genome_id # :404 Fitness :0.0 Final Amt :2000.0 Days :236 Avg Daily Profit :0.0 %

Env #:0 Genome_id # :228 Fitness :-35655.55 Final Amt :1433.34 Days :236 Avg Daily Profit :-0.127 %
Env #:0 Genome_id # :229 Fitness :-9965.18 Final Amt :1863.62 Days :236 Avg Daily Profit :-0.029 %
Env #:0 Genome_id # :230 Fitness :-7287.75 Final Amt :1619.48 Days :236 Avg Daily Profit :-0.07 %
Env #:0 Genome_id # :718 Fitness :192558.09 Final Amt :3604.96 Days :236 Avg Daily Profit :0.268 %
Env #:0 Genome_id # :235 Fitness :-2340.34 Final Amt :1930.01 Days :236 Avg Daily Profit :0.001 %
Env #:0 Genome_id # :236 Fitness :-24185.93 Final Amt :1615.3 Days :236 Avg Daily Profit :-0.087 %
Env #:0 Genome_id # :240 Fitness :67106.13 Final Amt :2741.46 Days :236 Avg Daily Profit :0.152 %
Env #:0 Genome_id # :241 Fitness :137385.35 Final Amt :2835.72 Days :236 Avg Daily Profit :0.17 %
Env #:0 Genome_id # :245 Fitness :-70805.72 Final Amt :1412.42 Days :236 Avg Daily Profit :-0.129 %
Env #:0 Genome_id # :246 Fitness :0.0 Final Amt :2000.0 Days :236 Avg Daily Profit :0.0 %
Env #:0 Genome_id # :249 Fitness :-5921.7 Final Amt :1892.26 Days :236 Avg Daily Profit :-0.023 %
Env #:0 Genome_id # :250 Fitness :49448.75 Final Amt :2673.87 Days :236 Avg Daily Profit :0.146 %
Env #:0 Genome_id # :254 Fitness :-1383.85 Final Amt :1928.13 Days :236 Avg Daily Profit :0.009 %
Env #:0 Genome_id # :255 Fitness :50852.16 Final Amt :2487.31 Days :236 Avg Daily Profit :0.106 %
Env #:0 Genome_id # :53 Fitness :178566.04 Final Amt :3031.56 Days :236 Avg Daily Profit :0.195 %
Env #:0 Genome_id # :222 Fitness :173787.38 Final Amt :2774.89 Days :236 Avg Daily Profit :0.161 %
Env #:0 Genome_id # :241 Fitness :137385.35 Final Amt :2835.72 Days :236 Avg Daily Profit :0.17 %
Env #:0 Genome_id # :43 Fitness :80653.96 Final Amt :2464.97 Days :236 Avg Daily Profit :0.107 %
Env #:0 Genome_id # :275 Fitness :42849.1 Final Amt :2590.4 Days :236 Avg Daily Profit :0.135 %
Env #:0 Genome_id # :276 Fitness :139858.26 Final Amt :2349.89 Days :236 Avg Daily Profit :0.086 %
Env #:0 Genome_id # :241 Fitness :137385.35 Final Amt :2835.72 Days :236 Avg Daily Profit :0.17 %
Env #:0 Genome_id # :43 Fitness :80653.96 Final Amt :2464.97 Days :236 Avg Daily Profit :0.107 %
Env #:0 Genome_id # :53 Fitness :178566.04 Final Amt :3031.56 Days :236 Avg Daily Profit :0.195 %
Env #:0 Genome_id # :222 Fitness :173787.38 Final Amt :2774.89 Days :236 Avg Daily Profit :0.161 %
Env #:0 Genome_id # :241 Fitness :137385.35 Final Amt :2835.72 Days :236 Avg Daily Profit :0.17 %
Env #:0 Genome_id # :43 Fitness :80653.96 Final Amt :2464.97 Days :236 Avg Daily Profit :0.107 %
Env #:0 Genome_id # :222 Fitness :173787.38 Final Amt :2774.89 Days :236 Avg Daily Profit :0.161 %
Env #:0 Genome_id # :302 Fitness :79576.25 Final Amt :2645.06 Days :236 Avg Daily Profit :0.142 %
Env #:0 Genome_id # :241 Fitness :137385.35 Final Amt :2835.72 Days :236 Avg Daily Profit :0.17 %
Env #:0 Genome_id # :43 Fitness :80653.96 Final Amt :2464.97 Days :236 Avg Daily Profit :0.107 %
Env #:0 Genome_id # :317 Fitness :51471.14 Final Amt :2434.02 Days :236 Avg Daily Profit :0.105 %
Env #:0 Genome_id # :318 Fitness :81877.77 Final Amt :2674.81 Days :236 Avg Daily Profit :0.145 %
Env #:0 Genome_id # :157 Fitness :78291.06 Final Amt :1594.16 Days :236 Avg Daily Profit :-0.082 %
Env #:0 Genome_id # :323 Fitness :58718.31 Final Amt :1825.55 Days :236 Avg Daily Profit :-0.024 %
Env #:0 Genome_id # :331 Fitness :54905.37 Final Amt :2216.52 Days :236 Avg Daily Profit :0.058 %
Env #:0 Genome_id # :332 Fitness :56535.45 Final Amt :2482.32 Days :236 Avg Daily Profit :0.108 %
Env #:0 Genome_id # :157 Fitness :78291.06 Final Amt :1594.16 Days :236 Avg Daily Profit :-0.082 %
Env #:0 Genome_id # :337 Fitness :-92461.38 Final Amt :1873.85 Days :236 Avg Daily Profit :-0.014 %
Env #:0 Genome_id # :345 Fitness :39570.61 Final Amt :2308.91 Days :236 Avg Daily Profit :0.075 %
Env #:0 Genome_id # :346 Fitness :-63008.44 Final Amt :1420.03 Days :236 Avg Daily Profit :-0.126 %
Env #:0 Genome_id # :157 Fitness :78291.06 Final Amt :1594.16 Days :236 Avg Daily Profit :-0.082 %
Env #:0 Genome_id # :351 Fitness :-71316.75 Final Amt :1151.69 Days :236 Avg Daily Profit :-0.216 %
Env #:0 Genome_id # :359 Fitness :79604.37 Final Amt :2623.27 Days :236 Avg Daily Profit :0.138 %
Env #:0 Genome_id # :360 Fitness :53099.63 Final Amt :2399.08 Days :236 Avg Daily Profit :0.097 %
Env #:0 Genome_id # :157 Fitness :78291.06 Final Amt :1594.16 Days :236 Avg Daily Profit :-0.082 %
Env #:0 Genome_id # :365 Fitness :33476.03 Final Amt :2140.9 Days :236 Avg Daily Profit :0.046 %
Env #:0 Genome_id # :373 Fitness :-80776.18 Final Amt :1463.26 Days :236 Avg Daily Profit :-0.118 %
Env #:0 Genome_id # :374 Fitness :-18341.85 Final Amt :1742.07 Days :236 Avg Daily Profit :-0.044 %
Env #:0 Genome_id # :43 Fitness :80653.96 Final Amt :2464.97 Days :236 Avg Daily Profit :0.107 %
Env #:0 Genome_id # :379 Fitness :64362.26 Final Amt :2765.15 Days :236 Avg Daily Profit :0.16 %
Env #:0 Genome_id # :387 Fitness :92566.3 Final Amt :2673.45 Days :236 Avg Daily Profit :0.146 %
Env #:0 Genome_id # :388 Fitness :6089.75 Final Amt :2194.47 Days :236 Avg Daily Profit :0.06 %
Env #:0 Genome_id # :241 Fitness :137385.35 Final Amt :2835.72 Days :236 Avg Daily Profit :0.17 %
Env #:0 Genome_id # :382 Fitness :96482.2 Final Amt :2518.85 Days :236 Avg Daily Profit :0.115 %
Env #:0 Genome_id # :53 Fitness :178566.04 Final Amt :3031.56 Days :236 Avg Daily Profit :0.195 %
Env #:0 Genome_id # :222 Fitness :173787.38 Final Amt :2774.89 Days :236 Avg Daily Profit :0.161 %
Env #:0 Genome_id # :405 Fitness :-56537.75 Final Amt :1532.42 Days :236 Avg Daily Profit :-0.095 %
Env #:0 Genome_id # :406 Fitness :17803.04 Final Amt :2032.81 Days :236 Avg Daily Profit :0.022 %

Saving checkpoint to neat-checkpoint-28

 ****** Running generation 29 ****** 

Population's average fitness: 29464.72540 stdev: 100521.54634
Best fitness: 192558.09300 - size: (6, 26) - species 1 - id 718
Average adjusted fitness: 0.537
Mean genetic distance 2.261, standard deviation 0.931
Population of 20 members in 2 species:
   ID   age  size  fitness  adj fit  stag
  ====  ===  ====  =======  =======  ====
     1   29    10  192558.1    0.586   -54
     2   29    10  137385.4    0.487   -52
Total extinctions: 0
Generation time: 1519.375 sec (2353.988 average)
Saving checkpoint to neat-checkpoint-29
Key: 718
Fitness: 192558.09299999973
Nodes:
	0 DefaultNodeGene(key=0, bias=-2.143472049979165, response=1.0061587351324945, activation=sigmoid, aggregation=min)
	1 DefaultNodeGene(key=1, bias=1.1346509609286677, response=1.1920317239139233, activation=relu, aggregation=max)
	2 DefaultNodeGene(key=2, bias=-0.7846694256751082, response=1.01194125319628, activation=relu, aggregation=sum)
	249 DefaultNodeGene(key=249, bias=-0.6463641631014325, response=0.9808211419939472, activation=relu, aggregation=mean)
	108 DefaultNodeGene(key=108, bias=1.6986479880836438, response=0.9985799268506239, activation=relu, aggregation=maxabs)
	46 DefaultNodeGene(key=46, bias=0.6071999130299297, response=0.9923987206438842, activation=relu, aggregation=min)
Connections:
	DefaultConnectionGene(key=(-34, 2), weight=0.5697009382434205, enabled=True)
	DefaultConnectionGene(key=(-33, 2), weight=-1.5750013461723296, enabled=False)
	DefaultConnectionGene(key=(-32, 0), weight=0.5978157093918705, enabled=False)
	DefaultConnectionGene(key=(-32, 2), weight=0.6209680591057734, enabled=True)
	DefaultConnectionGene(key=(-31, 0), weight=-2.308127997628256, enabled=False)
	DefaultConnectionGene(key=(-31, 1), weight=1.589541712456696, enabled=False)
	DefaultConnectionGene(key=(-31, 2), weight=1.118343518265288, enabled=True)
	DefaultConnectionGene(key=(-30, 0), weight=-0.4092511307165699, enabled=False)
	DefaultConnectionGene(key=(-30, 2), weight=1.0342093406207977, enabled=True)
	DefaultConnectionGene(key=(-29, 0), weight=1.713767048271777, enabled=False)
	DefaultConnectionGene(key=(-29, 1), weight=0.7429120785960059, enabled=True)
	DefaultConnectionGene(key=(-28, 2), weight=-1.1655972213007129, enabled=False)
	DefaultConnectionGene(key=(-26, 1), weight=-2.519941811278807, enabled=True)
	DefaultConnectionGene(key=(-26, 2), weight=-1.49722533669552, enabled=True)
	DefaultConnectionGene(key=(-25, 0), weight=1.4667440435759547, enabled=False)
	DefaultConnectionGene(key=(-24, 0), weight=-0.5866382515696018, enabled=False)
	DefaultConnectionGene(key=(-23, 1), weight=-0.38623990128996694, enabled=True)
	DefaultConnectionGene(key=(-22, 1), weight=-2.1205590811207227, enabled=False)
	DefaultConnectionGene(key=(-22, 2), weight=1.0093749263277823, enabled=True)
	DefaultConnectionGene(key=(-21, 0), weight=-2.3342815418614946, enabled=True)
	DefaultConnectionGene(key=(-20, 1), weight=-2.7185171802673618, enabled=False)
	DefaultConnectionGene(key=(-20, 2), weight=0.37777863045106097, enabled=True)
	DefaultConnectionGene(key=(-19, 0), weight=-1.2921086100557915, enabled=True)
	DefaultConnectionGene(key=(-19, 2), weight=0.2719680908871608, enabled=True)
	DefaultConnectionGene(key=(-18, 0), weight=-1.0451278146732927, enabled=True)
	DefaultConnectionGene(key=(-18, 249), weight=1.1578215704199464, enabled=True)
	DefaultConnectionGene(key=(-17, 0), weight=-1.0291876087916043, enabled=True)
	DefaultConnectionGene(key=(-17, 2), weight=0.830839048422557, enabled=False)
	DefaultConnectionGene(key=(-16, 0), weight=1.627461713927251, enabled=False)
	DefaultConnectionGene(key=(-14, 249), weight=1.2482963620232552, enabled=True)
	DefaultConnectionGene(key=(-13, 0), weight=0.7969704771408641, enabled=True)
	DefaultConnectionGene(key=(-13, 2), weight=2.17100961876425, enabled=True)
	DefaultConnectionGene(key=(-12, 1), weight=0.36088274847338353, enabled=False)
	DefaultConnectionGene(key=(-12, 2), weight=-0.8123936518322669, enabled=False)
	DefaultConnectionGene(key=(-12, 46), weight=0.20159890685727025, enabled=True)
	DefaultConnectionGene(key=(-11, 1), weight=-0.47732322808830857, enabled=True)
	DefaultConnectionGene(key=(-11, 108), weight=-2.8137361789759594, enabled=False)
	DefaultConnectionGene(key=(-10, 0), weight=-1.4366201234035025, enabled=False)
	DefaultConnectionGene(key=(-10, 2), weight=-0.4385678239613392, enabled=False)
	DefaultConnectionGene(key=(-10, 108), weight=0.6692613695187131, enabled=False)
	DefaultConnectionGene(key=(-9, 1), weight=0.5572910740742594, enabled=False)
	DefaultConnectionGene(key=(-8, 0), weight=1.2499830782419359, enabled=False)
	DefaultConnectionGene(key=(-8, 1), weight=-0.9416738022229697, enabled=False)
	DefaultConnectionGene(key=(-8, 2), weight=0.26231405466611446, enabled=True)
	DefaultConnectionGene(key=(-7, 0), weight=2.2952261414148727, enabled=True)
	DefaultConnectionGene(key=(-7, 1), weight=2.39737439389437, enabled=True)
	DefaultConnectionGene(key=(-6, 2), weight=-1.263872959136565, enabled=False)
	DefaultConnectionGene(key=(-5, 1), weight=-0.760243659758631, enabled=False)
	DefaultConnectionGene(key=(-5, 2), weight=-1.1674361877532105, enabled=False)
	DefaultConnectionGene(key=(-4, 0), weight=-0.04374741017376749, enabled=False)
	DefaultConnectionGene(key=(-4, 1), weight=-1.401548810134257, enabled=True)
	DefaultConnectionGene(key=(-3, 1), weight=0.7994149552413075, enabled=False)
	DefaultConnectionGene(key=(-3, 2), weight=-0.3533600439356476, enabled=True)
	DefaultConnectionGene(key=(-2, 2), weight=1.0600272263969646, enabled=False)
	DefaultConnectionGene(key=(46, 1), weight=1.3555159463707742, enabled=False)
	DefaultConnectionGene(key=(108, 2), weight=0.6702214537659343, enabled=False)
	DefaultConnectionGene(key=(249, 0), weight=1.6671906503110288, enabled=False)
