Training Logger!
Env #:0 Genome_id # :31 Fitness :28516.43 Final Amt :2369.24 Days :236 Avg Daily Profit :0.085 %
Env #:0 Genome_id # :914 Fitness :39663.23 Final Amt :2565.6 Days :236 Avg Daily Profit :0.121 %
Env #:0 Genome_id # :245 Fitness :32065.83 Final Amt :2902.32 Days :236 Avg Daily Profit :0.172 %
Env #:0 Genome_id # :829 Fitness :108780.14 Final Amt :4656.41 Days :236 Avg Daily Profit :0.373 %
Env #:0 Genome_id # :242 Fitness :-31578.33 Final Amt :1746.52 Days :236 Avg Daily Profit :-0.04 %
Env #:0 Genome_id # :1042 Fitness :124914.33 Final Amt :3539.19 Days :236 Avg Daily Profit :0.257 %
Env #:0 Genome_id # :937 Fitness :-122985.95 Final Amt :3277.0 Days :236 Avg Daily Profit :0.221 %
Env #:0 Genome_id # :927 Fitness :112954.61 Final Amt :4739.39 Days :236 Avg Daily Profit :0.379 %
Env #:0 Genome_id # :335 Fitness :52127.02 Final Amt :2679.92 Days :236 Avg Daily Profit :0.141 %
Env #:0 Genome_id # :718 Fitness :108486.77 Final Amt :1986.2 Days :236 Avg Daily Profit :0.011 %
Env #:0 Genome_id # :941 Fitness :88822.23 Final Amt :4177.26 Days :236 Avg Daily Profit :0.324 %
Env #:0 Genome_id # :594 Fitness :103701.73 Final Amt :4058.72 Days :236 Avg Daily Profit :0.316 %
Env #:0 Genome_id # :871 Fitness :30914.45 Final Amt :3539.22 Days :236 Avg Daily Profit :0.256 %
Env #:0 Genome_id # :1072 Fitness :197632.64 Final Amt :3627.51 Days :236 Avg Daily Profit :0.268 %
Env #:0 Genome_id # :785 Fitness :104899.16 Final Amt :4353.91 Days :236 Avg Daily Profit :0.345 %
Env #:0 Genome_id # :263 Fitness :6204.96 Final Amt :2520.41 Days :236 Avg Daily Profit :0.113 %
Env #:0 Genome_id # :942 Fitness :102940.57 Final Amt :4411.22 Days :236 Avg Daily Profit :0.35 %
Env #:0 Genome_id # :365 Fitness :98028.72 Final Amt :2472.47 Days :236 Avg Daily Profit :0.103 %
Env #:0 Genome_id # :99 Fitness :121368.67 Final Amt :4562.28 Days :236 Avg Daily Profit :0.364 %
Env #:0 Genome_id # :929 Fitness :132274.0 Final Amt :5120.18 Days :236 Avg Daily Profit :0.41 %
Env #:0 Genome_id # :929 Fitness :132274.0 Final Amt :5120.18 Days :236 Avg Daily Profit :0.41 %
Env #:0 Genome_id # :1 Fitness :185818.62 Final Amt :2668.05 Days :236 Avg Daily Profit :0.145 %
Env #:0 Genome_id # :5 Fitness :34983.91 Final Amt :2025.56 Days :236 Avg Daily Profit :0.024 %
Env #:0 Genome_id # :4 Fitness :13685.66 Final Amt :2272.08 Days :236 Avg Daily Profit :0.072 %
Env #:0 Genome_id # :1042 Fitness :124914.33 Final Amt :3539.19 Days :236 Avg Daily Profit :0.257 %
Env #:0 Genome_id # :14 Fitness :6845.48 Final Amt :1967.45 Days :236 Avg Daily Profit :0.007 %
Env #:0 Genome_id # :365 Fitness :98028.72 Final Amt :2472.47 Days :236 Avg Daily Profit :0.103 %
Env #:0 Genome_id # :99 Fitness :121368.67 Final Amt :4562.28 Days :236 Avg Daily Profit :0.364 %
Env #:0 Genome_id # :2 Fitness :9523.9 Final Amt :2020.08 Days :236 Avg Daily Profit :0.024 %
Env #:0 Genome_id # :7 Fitness :35419.67 Final Amt :3225.71 Days :236 Avg Daily Profit :0.216 %
Env #:0 Genome_id # :11 Fitness :-26156.65 Final Amt :1828.19 Days :236 Avg Daily Profit :-0.024 %
Env #:0 Genome_id # :9 Fitness :-33182.03 Final Amt :1936.13 Days :236 Avg Daily Profit :0.002 %
Env #:0 Genome_id # :718 Fitness :108486.77 Final Amt :1986.2 Days :236 Avg Daily Profit :0.011 %
Env #:0 Genome_id # :13 Fitness :-7737.07 Final Amt :2291.74 Days :236 Avg Daily Profit :0.069 %
Env #:0 Genome_id # :10 Fitness :1003.67 Final Amt :2073.58 Days :236 Avg Daily Profit :0.034 %
Env #:0 Genome_id # :1072 Fitness :197632.64 Final Amt :3627.51 Days :236 Avg Daily Profit :0.268 %
Env #:0 Genome_id # :3 Fitness :-93136.25 Final Amt :1412.8 Days :236 Avg Daily Profit :-0.131 %
Env #:0 Genome_id # :6 Fitness :-90927.25 Final Amt :1470.51 Days :236 Avg Daily Profit :-0.116 %
Env #:0 Genome_id # :12 Fitness :18061.54 Final Amt :2146.78 Days :236 Avg Daily Profit :0.047 %
Env #:0 Genome_id # :8 Fitness :-100038.45 Final Amt :1470.4 Days :236 Avg Daily Profit :-0.111 %
Env #:0 Genome_id # :1 Fitness :185818.62 Final Amt :2668.05 Days :236 Avg Daily Profit :0.145 %
Env #:0 Genome_id # :16 Fitness :-18855.37 Final Amt :1489.51 Days :236 Avg Daily Profit :-0.103 %
Env #:0 Genome_id # :1042 Fitness :124914.33 Final Amt :3539.19 Days :236 Avg Daily Profit :0.257 %
Env #:0 Genome_id # :929 Fitness :132274.0 Final Amt :5120.18 Days :236 Avg Daily Profit :0.41 %
Env #:0 Genome_id # :25 Fitness :31996.19 Final Amt :2697.69 Days :236 Avg Daily Profit :0.138 %
Env #:0 Genome_id # :20 Fitness :20139.0 Final Amt :2414.15 Days :236 Avg Daily Profit :0.095 %
Env #:0 Genome_id # :24 Fitness :-4800.83 Final Amt :1815.79 Days :236 Avg Daily Profit :-0.027 %
Env #:0 Genome_id # :18 Fitness :99108.88 Final Amt :5556.33 Days :236 Avg Daily Profit :0.446 %
Env #:0 Genome_id # :718 Fitness :108486.77 Final Amt :1986.2 Days :236 Avg Daily Profit :0.011 %
Env #:0 Genome_id # :23 Fitness :62516.65 Final Amt :1768.76 Days :236 Avg Daily Profit :-0.033 %
Env #:0 Genome_id # :1072 Fitness :197632.64 Final Amt :3627.51 Days :236 Avg Daily Profit :0.268 %
Env #:0 Genome_id # :28 Fitness :-129192.8 Final Amt :2947.01 Days :236 Avg Daily Profit :0.178 %
Env #:0 Genome_id # :15 Fitness :22733.91 Final Amt :1951.82 Days :236 Avg Daily Profit :0.007 %
Env #:0 Genome_id # :19 Fitness :-4561.12 Final Amt :1976.82 Days :236 Avg Daily Profit :0.016 %
Env #:0 Genome_id # :365 Fitness :98028.72 Final Amt :2472.47 Days :236 Avg Daily Profit :0.103 %
Env #:0 Genome_id # :27 Fitness :2221.99 Final Amt :1958.18 Days :236 Avg Daily Profit :0.012 %
Env #:0 Genome_id # :17 Fitness :85482.64 Final Amt :5075.58 Days :236 Avg Daily Profit :0.409 %
Env #:0 Genome_id # :26 Fitness :10297.66 Final Amt :2092.53 Days :236 Avg Daily Profit :0.032 %
Env #:0 Genome_id # :21 Fitness :-24125.19 Final Amt :1736.42 Days :236 Avg Daily Profit :-0.042 %
Env #:0 Genome_id # :22 Fitness :32228.46 Final Amt :2207.46 Days :236 Avg Daily Profit :0.059 %
Env #:0 Genome_id # :41 Fitness :-4168.42 Final Amt :1933.61 Days :236 Avg Daily Profit :-0.014 %
Env #:0 Genome_id # :1 Fitness :185818.62 Final Amt :2668.05 Days :236 Avg Daily Profit :0.145 %
Env #:0 Genome_id # :39 Fitness :-14262.41 Final Amt :1810.77 Days :236 Avg Daily Profit :-0.033 %
Env #:0 Genome_id # :32 Fitness :12034.03 Final Amt :2047.43 Days :236 Avg Daily Profit :0.029 %
Env #:0 Genome_id # :929 Fitness :132274.0 Final Amt :5120.18 Days :236 Avg Daily Profit :0.41 %
Env #:0 Genome_id # :34 Fitness :-20450.73 Final Amt :1889.95 Days :236 Avg Daily Profit :-0.009 %
Env #:0 Genome_id # :35 Fitness :24521.6 Final Amt :2101.27 Days :236 Avg Daily Profit :0.041 %
Env #:0 Genome_id # :1042 Fitness :124914.33 Final Amt :3539.19 Days :236 Avg Daily Profit :0.257 %
Env #:0 Genome_id # :365 Fitness :98028.72 Final Amt :2472.47 Days :236 Avg Daily Profit :0.103 %
Env #:0 Genome_id # :36 Fitness :134759.13 Final Amt :2459.25 Days :236 Avg Daily Profit :0.099 %
Env #:0 Genome_id # :40 Fitness :6944.12 Final Amt :2074.09 Days :236 Avg Daily Profit :0.033 %
Env #:0 Genome_id # :29 Fitness :33611.38 Final Amt :1955.04 Days :236 Avg Daily Profit :0.011 %
Env #:0 Genome_id # :1072 Fitness :197632.64 Final Amt :3627.51 Days :236 Avg Daily Profit :0.268 %
Env #:0 Genome_id # :42 Fitness :-27561.13 Final Amt :1433.53 Days :236 Avg Daily Profit :-0.127 %
Env #:0 Genome_id # :718 Fitness :108486.77 Final Amt :1986.2 Days :236 Avg Daily Profit :0.011 %
Env #:0 Genome_id # :33 Fitness :3503.63 Final Amt :2009.89 Days :236 Avg Daily Profit :0.015 %
Env #:0 Genome_id # :31 Fitness :-54379.88 Final Amt :1692.3 Days :236 Avg Daily Profit :-0.057 %
Env #:0 Genome_id # :30 Fitness :33782.96 Final Amt :2249.02 Days :236 Avg Daily Profit :0.067 %
Env #:0 Genome_id # :37 Fitness :82672.08 Final Amt :2457.05 Days :236 Avg Daily Profit :0.104 %
Env #:0 Genome_id # :38 Fitness :-2688.31 Final Amt :1885.14 Days :236 Avg Daily Profit :-0.008 %
Env #:0 Genome_id # :51 Fitness :-5400.75 Final Amt :1909.46 Days :236 Avg Daily Profit :-0.018 %
Env #:0 Genome_id # :929 Fitness :132274.0 Final Amt :5120.18 Days :236 Avg Daily Profit :0.41 %
Env #:0 Genome_id # :46 Fitness :10603.82 Final Amt :2074.29 Days :236 Avg Daily Profit :0.035 %
Env #:0 Genome_id # :44 Fitness :86529.37 Final Amt :4229.55 Days :236 Avg Daily Profit :0.33 %
Env #:0 Genome_id # :52 Fitness :11765.52 Final Amt :2068.12 Days :236 Avg Daily Profit :0.033 %
Env #:0 Genome_id # :1 Fitness :185818.62 Final Amt :2668.05 Days :236 Avg Daily Profit :0.145 %
Env #:0 Genome_id # :56 Fitness :8634.5 Final Amt :2061.66 Days :236 Avg Daily Profit :0.032 %
Env #:0 Genome_id # :43 Fitness :-7933.34 Final Amt :1995.58 Days :236 Avg Daily Profit :0.022 %
Env #:0 Genome_id # :45 Fitness :-28635.73 Final Amt :2035.81 Days :236 Avg Daily Profit :0.026 %
Env #:0 Genome_id # :36 Fitness :134759.13 Final Amt :2459.25 Days :236 Avg Daily Profit :0.099 %
Env #:0 Genome_id # :718 Fitness :108486.77 Final Amt :1986.2 Days :236 Avg Daily Profit :0.011 %
Env #:0 Genome_id # :1072 Fitness :197632.64 Final Amt :3627.51 Days :236 Avg Daily Profit :0.268 %
Env #:0 Genome_id # :48 Fitness :90372.64 Final Amt :4502.18 Days :236 Avg Daily Profit :0.358 %
Env #:0 Genome_id # :53 Fitness :28311.53 Final Amt :2169.62 Days :236 Avg Daily Profit :0.048 %
Env #:0 Genome_id # :54 Fitness :3963.3 Final Amt :1813.54 Days :236 Avg Daily Profit :-0.023 %
Env #:0 Genome_id # :1042 Fitness :124914.33 Final Amt :3539.19 Days :236 Avg Daily Profit :0.257 %
Env #:0 Genome_id # :47 Fitness :1159.07 Final Amt :1937.14 Days :236 Avg Daily Profit :0.004 %
Env #:0 Genome_id # :49 Fitness :6407.68 Final Amt :2110.45 Days :236 Avg Daily Profit :0.037 %
Env #:0 Genome_id # :55 Fitness :26548.57 Final Amt :2284.54 Days :236 Avg Daily Profit :0.072 %
Env #:0 Genome_id # :50 Fitness :12428.22 Final Amt :2026.06 Days :236 Avg Daily Profit :0.022 %
Env #:0 Genome_id # :66 Fitness :0.0 Final Amt :2000.0 Days :236 Avg Daily Profit :0.0 %
Env #:0 Genome_id # :57 Fitness :-11253.06 Final Amt :1740.57 Days :236 Avg Daily Profit :-0.044 %
Env #:0 Genome_id # :63 Fitness :-19671.25 Final Amt :2014.77 Days :236 Avg Daily Profit :0.023 %
Env #:0 Genome_id # :929 Fitness :132274.0 Final Amt :5120.18 Days :236 Avg Daily Profit :0.41 %
Env #:0 Genome_id # :60 Fitness :126251.63 Final Amt :2556.12 Days :236 Avg Daily Profit :0.126 %
Env #:0 Genome_id # :1 Fitness :185818.62 Final Amt :2668.05 Days :236 Avg Daily Profit :0.145 %
Env #:0 Genome_id # :36 Fitness :134759.13 Final Amt :2459.25 Days :236 Avg Daily Profit :0.099 %
Env #:0 Genome_id # :1072 Fitness :197632.64 Final Amt :3627.51 Days :236 Avg Daily Profit :0.268 %
Env #:0 Genome_id # :67 Fitness :-96707.68 Final Amt :2602.67 Days :236 Avg Daily Profit :0.132 %
Env #:0 Genome_id # :69 Fitness :-18086.83 Final Amt :1911.18 Days :236 Avg Daily Profit :0.002 %
Env #:0 Genome_id # :61 Fitness :14098.01 Final Amt :2185.87 Days :236 Avg Daily Profit :0.058 %
Env #:0 Genome_id # :718 Fitness :108486.77 Final Amt :1986.2 Days :236 Avg Daily Profit :0.011 %
Env #:0 Genome_id # :1042 Fitness :124914.33 Final Amt :3539.19 Days :236 Avg Daily Profit :0.257 %
Env #:0 Genome_id # :65 Fitness :4139.56 Final Amt :2046.28 Days :236 Avg Daily Profit :0.024 %
Env #:0 Genome_id # :64 Fitness :-29499.27 Final Amt :2415.12 Days :236 Avg Daily Profit :0.096 %
Env #:0 Genome_id # :58 Fitness :170803.76 Final Amt :2686.34 Days :236 Avg Daily Profit :0.144 %
Env #:0 Genome_id # :62 Fitness :-2256.49 Final Amt :1998.94 Days :236 Avg Daily Profit :0.017 %
Env #:0 Genome_id # :68 Fitness :-50635.32 Final Amt :2274.68 Days :236 Avg Daily Profit :0.073 %
Env #:0 Genome_id # :70 Fitness :-51247.53 Final Amt :2309.71 Days :236 Avg Daily Profit :0.078 %
Env #:0 Genome_id # :59 Fitness :24781.12 Final Amt :2114.95 Days :236 Avg Daily Profit :0.041 %
Env #:0 Genome_id # :73 Fitness :-1905.26 Final Amt :1994.6 Days :236 Avg Daily Profit :-0.001 %
Env #:0 Genome_id # :71 Fitness :9481.41 Final Amt :2069.65 Days :236 Avg Daily Profit :0.034 %
Env #:0 Genome_id # :75 Fitness :8822.76 Final Amt :2091.34 Days :236 Avg Daily Profit :0.038 %
Env #:0 Genome_id # :81 Fitness :-31675.73 Final Amt :1555.37 Days :236 Avg Daily Profit :-0.097 %
Env #:0 Genome_id # :76 Fitness :-19545.22 Final Amt :1968.55 Days :236 Avg Daily Profit :0.008 %
Env #:0 Genome_id # :1 Fitness :185818.62 Final Amt :2668.05 Days :236 Avg Daily Profit :0.145 %
Env #:0 Genome_id # :77 Fitness :9727.35 Final Amt :1960.17 Days :236 Avg Daily Profit :0.01 %
Env #:0 Genome_id # :82 Fitness :-7360.6 Final Amt :1814.12 Days :236 Avg Daily Profit :-0.023 %
Env #:0 Genome_id # :79 Fitness :-10787.52 Final Amt :1971.84 Days :236 Avg Daily Profit :0.013 %
Env #:0 Genome_id # :80 Fitness :-19214.03 Final Amt :1816.47 Days :236 Avg Daily Profit :-0.022 %
Env #:0 Genome_id # :84 Fitness :88.97 Final Amt :1822.52 Days :236 Avg Daily Profit :-0.021 %
Env #:0 Genome_id # :36 Fitness :134759.13 Final Amt :2459.25 Days :236 Avg Daily Profit :0.099 %
Env #:0 Genome_id # :78 Fitness :44928.44 Final Amt :2641.27 Days :236 Avg Daily Profit :0.137 %
Env #:0 Genome_id # :74 Fitness :144777.09 Final Amt :2554.95 Days :236 Avg Daily Profit :0.122 %
Env #:0 Genome_id # :58 Fitness :170803.76 Final Amt :2686.34 Days :236 Avg Daily Profit :0.144 %
Env #:0 Genome_id # :1072 Fitness :197632.64 Final Amt :3627.51 Days :236 Avg Daily Profit :0.268 %
Env #:0 Genome_id # :929 Fitness :132274.0 Final Amt :5120.18 Days :236 Avg Daily Profit :0.41 %
Env #:0 Genome_id # :718 Fitness :108486.77 Final Amt :1986.2 Days :236 Avg Daily Profit :0.011 %
Env #:0 Genome_id # :72 Fitness :48191.77 Final Amt :2917.9 Days :236 Avg Daily Profit :0.173 %
Env #:0 Genome_id # :83 Fitness :13675.48 Final Amt :1840.02 Days :236 Avg Daily Profit :-0.019 %
Env #:0 Genome_id # :1 Fitness :185818.62 Final Amt :2668.05 Days :236 Avg Daily Profit :0.145 %
Env #:0 Genome_id # :92 Fitness :9636.58 Final Amt :2067.7 Days :236 Avg Daily Profit :0.033 %
Env #:0 Genome_id # :87 Fitness :23595.52 Final Amt :2126.94 Days :236 Avg Daily Profit :0.041 %
Env #:0 Genome_id # :89 Fitness :107847.2 Final Amt :1977.1 Days :236 Avg Daily Profit :0.017 %
Env #:0 Genome_id # :88 Fitness :55715.0 Final Amt :3118.51 Days :236 Avg Daily Profit :0.201 %
Env #:0 Genome_id # :86 Fitness :9921.21 Final Amt :2321.87 Days :236 Avg Daily Profit :0.084 %
Env #:0 Genome_id # :90 Fitness :-1636.41 Final Amt :1901.98 Days :236 Avg Daily Profit :-0.007 %
Env #:0 Genome_id # :93 Fitness :64912.12 Final Amt :3012.52 Days :236 Avg Daily Profit :0.186 %
Env #:0 Genome_id # :74 Fitness :144777.09 Final Amt :2554.95 Days :236 Avg Daily Profit :0.122 %
Env #:0 Genome_id # :36 Fitness :134759.13 Final Amt :2459.25 Days :236 Avg Daily Profit :0.099 %
Env #:0 Genome_id # :95 Fitness :10044.82 Final Amt :1883.8 Days :236 Avg Daily Profit :-0.016 %
Env #:0 Genome_id # :85 Fitness :172918.27 Final Amt :2864.68 Days :236 Avg Daily Profit :0.17 %
Env #:0 Genome_id # :58 Fitness :170803.76 Final Amt :2686.34 Days :236 Avg Daily Profit :0.144 %
Env #:0 Genome_id # :1072 Fitness :197632.64 Final Amt :3627.51 Days :236 Avg Daily Profit :0.268 %
Env #:0 Genome_id # :94 Fitness :61904.89 Final Amt :2284.45 Days :236 Avg Daily Profit :0.068 %
Env #:0 Genome_id # :718 Fitness :108486.77 Final Amt :1986.2 Days :236 Avg Daily Profit :0.011 %
Env #:0 Genome_id # :91 Fitness :-66857.72 Final Amt :1581.65 Days :236 Avg Daily Profit :-0.086 %
Env #:0 Genome_id # :97 Fitness :4242.97 Final Amt :2093.25 Days :236 Avg Daily Profit :0.04 %
Env #:0 Genome_id # :96 Fitness :-15119.08 Final Amt :1718.02 Days :236 Avg Daily Profit :-0.046 %
Env #:0 Genome_id # :98 Fitness :-17546.33 Final Amt :1786.46 Days :236 Avg Daily Profit :-0.03 %
Env #:0 Genome_id # :107 Fitness :0.0 Final Amt :2000.0 Days :236 Avg Daily Profit :0.0 %
Env #:0 Genome_id # :1 Fitness :185818.62 Final Amt :2668.05 Days :236 Avg Daily Profit :0.145 %
Env #:0 Genome_id # :108 Fitness :-2280.23 Final Amt :1982.26 Days :236 Avg Daily Profit :0.018 %
Env #:0 Genome_id # :36 Fitness :134759.13 Final Amt :2459.25 Days :236 Avg Daily Profit :0.099 %
Env #:0 Genome_id # :106 Fitness :-13396.92 Final Amt :2058.37 Days :236 Avg Daily Profit :0.031 %
Env #:0 Genome_id # :101 Fitness :122034.08 Final Amt :4728.39 Days :236 Avg Daily Profit :0.386 %
Env #:0 Genome_id # :104 Fitness :33713.83 Final Amt :2321.37 Days :236 Avg Daily Profit :0.082 %
Env #:0 Genome_id # :110 Fitness :32763.37 Final Amt :2031.57 Days :236 Avg Daily Profit :0.026 %
Env #:0 Genome_id # :100 Fitness :-24046.37 Final Amt :1412.1 Days :236 Avg Daily Profit :-0.132 %
Env #:0 Genome_id # :85 Fitness :172918.27 Final Amt :2864.68 Days :236 Avg Daily Profit :0.17 %
Env #:0 Genome_id # :103 Fitness :68129.14 Final Amt :2881.26 Days :236 Avg Daily Profit :0.17 %
Env #:0 Genome_id # :1072 Fitness :197632.64 Final Amt :3627.51 Days :236 Avg Daily Profit :0.268 %
Env #:0 Genome_id # :111 Fitness :-6391.14 Final Amt :2001.81 Days :236 Avg Daily Profit :0.018 %
Env #:0 Genome_id # :58 Fitness :170803.76 Final Amt :2686.34 Days :236 Avg Daily Profit :0.144 %
Env #:0 Genome_id # :112 Fitness :-83940.51 Final Amt :1291.09 Days :236 Avg Daily Profit :-0.168 %
Env #:0 Genome_id # :102 Fitness :17424.78 Final Amt :2056.63 Days :236 Avg Daily Profit :0.031 %
Env #:0 Genome_id # :718 Fitness :108486.77 Final Amt :1986.2 Days :236 Avg Daily Profit :0.011 %
Env #:0 Genome_id # :109 Fitness :49519.95 Final Amt :1746.55 Days :236 Avg Daily Profit :-0.04 %
Env #:0 Genome_id # :105 Fitness :-27723.21 Final Amt :1382.34 Days :236 Avg Daily Profit :-0.139 %
Env #:0 Genome_id # :99 Fitness :11938.31 Final Amt :1983.28 Days :236 Avg Daily Profit :0.014 %
Env #:0 Genome_id # :123 Fitness :0.0 Final Amt :2000.0 Days :236 Avg Daily Profit :0.0 %
Env #:0 Genome_id # :124 Fitness :0.0 Final Amt :2000.0 Days :236 Avg Daily Profit :0.0 %
Env #:0 Genome_id # :121 Fitness :6291.72 Final Amt :2109.98 Days :236 Avg Daily Profit :0.026 %
Env #:0 Genome_id # :119 Fitness :8471.7 Final Amt :2060.81 Days :236 Avg Daily Profit :0.032 %
Env #:0 Genome_id # :115 Fitness :34184.58 Final Amt :2105.36 Days :236 Avg Daily Profit :0.041 %
Env #:0 Genome_id # :116 Fitness :15309.94 Final Amt :2062.68 Days :236 Avg Daily Profit :0.033 %
Env #:0 Genome_id # :122 Fitness :11558.83 Final Amt :2013.75 Days :236 Avg Daily Profit :0.025 %
Env #:0 Genome_id # :1 Fitness :185818.62 Final Amt :2668.05 Days :236 Avg Daily Profit :0.145 %
Env #:0 Genome_id # :114 Fitness :6017.27 Final Amt :2026.82 Days :236 Avg Daily Profit :0.025 %
Env #:0 Genome_id # :113 Fitness :201877.0 Final Amt :3616.67 Days :236 Avg Daily Profit :0.272 %
Env #:0 Genome_id # :120 Fitness :-61009.72 Final Amt :1934.98 Days :236 Avg Daily Profit :0.01 %
Env #:0 Genome_id # :85 Fitness :172918.27 Final Amt :2864.68 Days :236 Avg Daily Profit :0.17 %
Env #:0 Genome_id # :36 Fitness :134759.13 Final Amt :2459.25 Days :236 Avg Daily Profit :0.099 %
Env #:0 Genome_id # :117 Fitness :16087.34 Final Amt :2052.8 Days :236 Avg Daily Profit :0.03 %
Env #:0 Genome_id # :718 Fitness :108486.77 Final Amt :1986.2 Days :236 Avg Daily Profit :0.011 %
Env #:0 Genome_id # :1072 Fitness :197632.64 Final Amt :3627.51 Days :236 Avg Daily Profit :0.268 %
Env #:0 Genome_id # :126 Fitness :158872.72 Final Amt :2711.07 Days :236 Avg Daily Profit :0.143 %
Env #:0 Genome_id # :58 Fitness :170803.76 Final Amt :2686.34 Days :236 Avg Daily Profit :0.144 %
Env #:0 Genome_id # :118 Fitness :-16148.4 Final Amt :1869.79 Days :236 Avg Daily Profit :-0.008 %
Env #:0 Genome_id # :125 Fitness :-97044.83 Final Amt :1426.4 Days :236 Avg Daily Profit :-0.125 %
Env #:0 Genome_id # :1 Fitness :185818.62 Final Amt :2668.05 Days :236 Avg Daily Profit :0.145 %
Env #:0 Genome_id # :137 Fitness :27347.95 Final Amt :2055.58 Days :236 Avg Daily Profit :0.03 %
Env #:0 Genome_id # :134 Fitness :10602.39 Final Amt :2035.1 Days :236 Avg Daily Profit :0.03 %
Env #:0 Genome_id # :133 Fitness :16738.06 Final Amt :2007.49 Days :236 Avg Daily Profit :0.025 %
Env #:0 Genome_id # :138 Fitness :8567.59 Final Amt :2071.47 Days :236 Avg Daily Profit :0.035 %
Env #:0 Genome_id # :130 Fitness :31290.63 Final Amt :2612.13 Days :236 Avg Daily Profit :0.126 %
Env #:0 Genome_id # :132 Fitness :-30806.14 Final Amt :1761.52 Days :236 Avg Daily Profit :-0.035 %
Env #:0 Genome_id # :140 Fitness :-5970.34 Final Amt :1988.58 Days :236 Avg Daily Profit :0.016 %
Env #:0 Genome_id # :85 Fitness :172918.27 Final Amt :2864.68 Days :236 Avg Daily Profit :0.17 %
Env #:0 Genome_id # :36 Fitness :134759.13 Final Amt :2459.25 Days :236 Avg Daily Profit :0.099 %
Env #:0 Genome_id # :139 Fitness :-27094.66 Final Amt :3146.28 Days :236 Avg Daily Profit :0.207 %
Env #:0 Genome_id # :136 Fitness :15055.38 Final Amt :2235.36 Days :236 Avg Daily Profit :0.066 %
Env #:0 Genome_id # :135 Fitness :-5761.66 Final Amt :1838.3 Days :236 Avg Daily Profit :-0.017 %
Env #:0 Genome_id # :127 Fitness :21605.02 Final Amt :1932.7 Days :236 Avg Daily Profit :0.004 %
Env #:0 Genome_id # :1072 Fitness :197632.64 Final Amt :3627.51 Days :236 Avg Daily Profit :0.268 %
Env #:0 Genome_id # :128 Fitness :71924.55 Final Amt :2016.83 Days :236 Avg Daily Profit :0.018 %
Env #:0 Genome_id # :126 Fitness :158872.72 Final Amt :2711.07 Days :236 Avg Daily Profit :0.143 %
Env #:0 Genome_id # :113 Fitness :201877.0 Final Amt :3616.67 Days :236 Avg Daily Profit :0.272 %
Env #:0 Genome_id # :129 Fitness :43861.84 Final Amt :2127.53 Days :236 Avg Daily Profit :0.042 %
Env #:0 Genome_id # :131 Fitness :7880.15 Final Amt :1745.85 Days :236 Avg Daily Profit :-0.039 %
Env #:0 Genome_id # :144 Fitness :0.0 Final Amt :2000.0 Days :236 Avg Daily Profit :0.0 %
Env #:0 Genome_id # :1 Fitness :185818.62 Final Amt :2668.05 Days :236 Avg Daily Profit :0.145 %
Env #:0 Genome_id # :148 Fitness :24889.76 Final Amt :2094.2 Days :236 Avg Daily Profit :0.041 %
Env #:0 Genome_id # :149 Fitness :-26759.65 Final Amt :1730.75 Days :236 Avg Daily Profit :-0.047 %
Env #:0 Genome_id # :151 Fitness :29504.74 Final Amt :2772.5 Days :236 Avg Daily Profit :0.153 %
Env #:0 Genome_id # :147 Fitness :30552.91 Final Amt :1739.39 Days :236 Avg Daily Profit :-0.043 %
Env #:0 Genome_id # :113 Fitness :201877.0 Final Amt :3616.67 Days :236 Avg Daily Profit :0.272 %
Env #:0 Genome_id # :150 Fitness :-20399.33 Final Amt :1538.65 Days :236 Avg Daily Profit :-0.089 %
Env #:0 Genome_id # :154 Fitness :21209.47 Final Amt :1921.01 Days :236 Avg Daily Profit :0.001 %
Env #:0 Genome_id # :1072 Fitness :197632.64 Final Amt :3627.51 Days :236 Avg Daily Profit :0.268 %
Env #:0 Genome_id # :126 Fitness :158872.72 Final Amt :2711.07 Days :236 Avg Daily Profit :0.143 %
Env #:0 Genome_id # :146 Fitness :27675.35 Final Amt :2107.74 Days :236 Avg Daily Profit :0.037 %
Env #:0 Genome_id # :36 Fitness :134759.13 Final Amt :2459.25 Days :236 Avg Daily Profit :0.099 %
Env #:0 Genome_id # :145 Fitness :28685.78 Final Amt :1859.42 Days :236 Avg Daily Profit :-0.015 %
Env #:0 Genome_id # :141 Fitness :35053.4 Final Amt :1856.87 Days :236 Avg Daily Profit :-0.014 %
Env #:0 Genome_id # :142 Fitness :59982.17 Final Amt :2636.15 Days :236 Avg Daily Profit :0.128 %
Env #:0 Genome_id # :85 Fitness :172918.27 Final Amt :2864.68 Days :236 Avg Daily Profit :0.17 %
Env #:0 Genome_id # :153 Fitness :-14148.41 Final Amt :1793.35 Days :236 Avg Daily Profit :-0.03 %
Env #:0 Genome_id # :143 Fitness :-9742.95 Final Amt :1803.56 Days :236 Avg Daily Profit :-0.025 %
Env #:0 Genome_id # :152 Fitness :64.03 Final Amt :1906.09 Days :236 Avg Daily Profit :0.002 %
Env #:0 Genome_id # :160 Fitness :3739.08 Final Amt :1971.44 Days :236 Avg Daily Profit :-0.001 %
Env #:0 Genome_id # :164 Fitness :4748.87 Final Amt :1422.39 Days :236 Avg Daily Profit :-0.122 %
Env #:0 Genome_id # :156 Fitness :-4358.13 Final Amt :1869.06 Days :236 Avg Daily Profit :-0.015 %
Env #:0 Genome_id # :167 Fitness :14215.51 Final Amt :2030.79 Days :236 Avg Daily Profit :0.026 %
Env #:0 Genome_id # :161 Fitness :22108.67 Final Amt :2284.35 Days :236 Avg Daily Profit :0.072 %
Env #:0 Genome_id # :162 Fitness :62420.38 Final Amt :2899.9 Days :236 Avg Daily Profit :0.17 %
Env #:0 Genome_id # :1 Fitness :185818.62 Final Amt :2668.05 Days :236 Avg Daily Profit :0.145 %
Env #:0 Genome_id # :113 Fitness :201877.0 Final Amt :3616.67 Days :236 Avg Daily Profit :0.272 %
Env #:0 Genome_id # :36 Fitness :134759.13 Final Amt :2459.25 Days :236 Avg Daily Profit :0.099 %
Env #:0 Genome_id # :126 Fitness :158872.72 Final Amt :2711.07 Days :236 Avg Daily Profit :0.143 %
Env #:0 Genome_id # :85 Fitness :172918.27 Final Amt :2864.68 Days :236 Avg Daily Profit :0.17 %
Env #:0 Genome_id # :1072 Fitness :197632.64 Final Amt :3627.51 Days :236 Avg Daily Profit :0.268 %
Env #:0 Genome_id # :165 Fitness :-29363.06 Final Amt :4362.82 Days :236 Avg Daily Profit :0.341 %
Env #:0 Genome_id # :155 Fitness :-25948.95 Final Amt :1845.28 Days :236 Avg Daily Profit :-0.017 %
Env #:0 Genome_id # :163 Fitness :-15222.32 Final Amt :2595.23 Days :236 Avg Daily Profit :0.122 %
Env #:0 Genome_id # :159 Fitness :-17526.99 Final Amt :1808.96 Days :236 Avg Daily Profit :-0.027 %
Env #:0 Genome_id # :168 Fitness :1971.64 Final Amt :1897.75 Days :236 Avg Daily Profit :-0.004 %
Env #:0 Genome_id # :157 Fitness :-3064.96 Final Amt :1793.6 Days :236 Avg Daily Profit :-0.027 %
Env #:0 Genome_id # :166 Fitness :25677.34 Final Amt :1903.61 Days :236 Avg Daily Profit :-0.004 %
Env #:0 Genome_id # :158 Fitness :-6159.06 Final Amt :1911.95 Days :236 Avg Daily Profit :-0.0 %
Env #:0 Genome_id # :173 Fitness :0.0 Final Amt :2000.0 Days :236 Avg Daily Profit :0.0 %
Env #:0 Genome_id # :179 Fitness :28412.58 Final Amt :1982.48 Days :236 Avg Daily Profit :0.017 %
Env #:0 Genome_id # :181 Fitness :10414.35 Final Amt :2074.92 Days :236 Avg Daily Profit :0.035 %
Env #:0 Genome_id # :178 Fitness :11439.67 Final Amt :2051.21 Days :236 Avg Daily Profit :0.03 %
Env #:0 Genome_id # :126 Fitness :158872.72 Final Amt :2711.07 Days :236 Avg Daily Profit :0.143 %
Env #:0 Genome_id # :176 Fitness :8994.69 Final Amt :2008.06 Days :236 Avg Daily Profit :0.023 %
Env #:0 Genome_id # :1 Fitness :185818.62 Final Amt :2668.05 Days :236 Avg Daily Profit :0.145 %
Env #:0 Genome_id # :170 Fitness :-4761.32 Final Amt :1775.37 Days :236 Avg Daily Profit :-0.032 %
Env #:0 Genome_id # :174 Fitness :-9591.6 Final Amt :1761.83 Days :236 Avg Daily Profit :-0.035 %
Env #:0 Genome_id # :177 Fitness :-3145.06 Final Amt :2169.54 Days :236 Avg Daily Profit :0.057 %
Env #:0 Genome_id # :113 Fitness :201877.0 Final Amt :3616.67 Days :236 Avg Daily Profit :0.272 %
Env #:0 Genome_id # :169 Fitness :-20207.8 Final Amt :1687.09 Days :236 Avg Daily Profit :-0.053 %
Env #:0 Genome_id # :36 Fitness :134759.13 Final Amt :2459.25 Days :236 Avg Daily Profit :0.099 %
Env #:0 Genome_id # :1072 Fitness :197632.64 Final Amt :3627.51 Days :236 Avg Daily Profit :0.268 %
Env #:0 Genome_id # :85 Fitness :172918.27 Final Amt :2864.68 Days :236 Avg Daily Profit :0.17 %
Env #:0 Genome_id # :172 Fitness :28046.01 Final Amt :2943.76 Days :236 Avg Daily Profit :0.175 %
Env #:0 Genome_id # :180 Fitness :-218.09 Final Amt :2206.09 Days :236 Avg Daily Profit :0.052 %
Env #:0 Genome_id # :175 Fitness :22218.97 Final Amt :1821.66 Days :236 Avg Daily Profit :-0.022 %
Env #:0 Genome_id # :171 Fitness :-10548.04 Final Amt :1744.52 Days :236 Avg Daily Profit :-0.042 %
Env #:0 Genome_id # :182 Fitness :-6851.73 Final Amt :2001.38 Days :236 Avg Daily Profit :0.018 %
Env #:0 Genome_id # :186 Fitness :0.0 Final Amt :2000.0 Days :236 Avg Daily Profit :0.0 %
Env #:0 Genome_id # :126 Fitness :158872.72 Final Amt :2711.07 Days :236 Avg Daily Profit :0.143 %
Env #:0 Genome_id # :195 Fitness :10088.01 Final Amt :2061.71 Days :236 Avg Daily Profit :0.032 %
Env #:0 Genome_id # :183 Fitness :26974.31 Final Amt :2483.09 Days :236 Avg Daily Profit :0.103 %
Env #:0 Genome_id # :1 Fitness :185818.62 Final Amt :2668.05 Days :236 Avg Daily Profit :0.145 %
Env #:0 Genome_id # :190 Fitness :10111.39 Final Amt :2070.82 Days :236 Avg Daily Profit :0.034 %
Env #:0 Genome_id # :193 Fitness :17069.41 Final Amt :2019.63 Days :236 Avg Daily Profit :0.024 %
Env #:0 Genome_id # :191 Fitness :-23565.42 Final Amt :1491.48 Days :236 Avg Daily Profit :-0.101 %
Env #:0 Genome_id # :36 Fitness :134759.13 Final Amt :2459.25 Days :236 Avg Daily Profit :0.099 %
Env #:0 Genome_id # :192 Fitness :-19312.42 Final Amt :1905.32 Days :236 Avg Daily Profit :-0.001 %
Env #:0 Genome_id # :196 Fitness :18693.23 Final Amt :2120.31 Days :236 Avg Daily Profit :0.043 %
Env #:0 Genome_id # :189 Fitness :171545.67 Final Amt :2409.99 Days :236 Avg Daily Profit :0.093 %
Env #:0 Genome_id # :113 Fitness :201877.0 Final Amt :3616.67 Days :236 Avg Daily Profit :0.272 %
Env #:0 Genome_id # :184 Fitness :-20929.36 Final Amt :1844.92 Days :236 Avg Daily Profit :-0.015 %
Env #:0 Genome_id # :188 Fitness :-42639.4 Final Amt :2574.98 Days :236 Avg Daily Profit :0.13 %
Env #:0 Genome_id # :85 Fitness :172918.27 Final Amt :2864.68 Days :236 Avg Daily Profit :0.17 %
Env #:0 Genome_id # :185 Fitness :-1819.02 Final Amt :2044.87 Days :236 Avg Daily Profit :0.028 %
Env #:0 Genome_id # :194 Fitness :111113.61 Final Amt :2556.89 Days :236 Avg Daily Profit :0.119 %
Env #:0 Genome_id # :1072 Fitness :197632.64 Final Amt :3627.51 Days :236 Avg Daily Profit :0.268 %
Env #:0 Genome_id # :187 Fitness :6650.92 Final Amt :2355.08 Days :236 Avg Daily Profit :0.082 %
Env #:0 Genome_id # :126 Fitness :158872.72 Final Amt :2711.07 Days :236 Avg Daily Profit :0.143 %
Env #:0 Genome_id # :204 Fitness :115945.08 Final Amt :4033.46 Days :236 Avg Daily Profit :0.311 %
Env #:0 Genome_id # :113 Fitness :201877.0 Final Amt :3616.67 Days :236 Avg Daily Profit :0.272 %
Env #:0 Genome_id # :203 Fitness :2650.78 Final Amt :1904.49 Days :236 Avg Daily Profit :-0.002 %
Env #:0 Genome_id # :197 Fitness :105025.53 Final Amt :1977.46 Days :236 Avg Daily Profit :0.01 %
Env #:0 Genome_id # :199 Fitness :20732.8 Final Amt :2239.94 Days :236 Avg Daily Profit :0.06 %
Env #:0 Genome_id # :1 Fitness :185818.62 Final Amt :2668.05 Days :236 Avg Daily Profit :0.145 %
Env #:0 Genome_id # :209 Fitness :12487.29 Final Amt :2072.97 Days :236 Avg Daily Profit :0.034 %
Env #:0 Genome_id # :207 Fitness :-9704.22 Final Amt :2108.56 Days :236 Avg Daily Profit :0.04 %
Env #:0 Genome_id # :36 Fitness :134759.13 Final Amt :2459.25 Days :236 Avg Daily Profit :0.099 %
Env #:0 Genome_id # :210 Fitness :35570.55 Final Amt :2277.7 Days :236 Avg Daily Profit :0.073 %
Env #:0 Genome_id # :208 Fitness :-3636.17 Final Amt :1819.27 Days :236 Avg Daily Profit :-0.025 %
Env #:0 Genome_id # :1072 Fitness :197632.64 Final Amt :3627.51 Days :236 Avg Daily Profit :0.268 %
Env #:0 Genome_id # :200 Fitness :39019.55 Final Amt :2333.85 Days :236 Avg Daily Profit :0.082 %
Env #:0 Genome_id # :202 Fitness :120437.5 Final Amt :3032.02 Days :236 Avg Daily Profit :0.193 %
Env #:0 Genome_id # :198 Fitness :-5472.47 Final Amt :2181.76 Days :236 Avg Daily Profit :0.053 %
Env #:0 Genome_id # :201 Fitness :-175044.17 Final Amt :2521.72 Days :236 Avg Daily Profit :0.118 %
Env #:0 Genome_id # :205 Fitness :20010.88 Final Amt :2497.65 Days :236 Avg Daily Profit :0.108 %
Env #:0 Genome_id # :85 Fitness :172918.27 Final Amt :2864.68 Days :236 Avg Daily Profit :0.17 %
Env #:0 Genome_id # :206 Fitness :-102906.69 Final Amt :1791.5 Days :236 Avg Daily Profit :-0.03 %
Env #:0 Genome_id # :1072 Fitness :197632.64 Final Amt :3627.51 Days :236 Avg Daily Profit :0.268 %
Env #:0 Genome_id # :220 Fitness :9362.14 Final Amt :2064.47 Days :236 Avg Daily Profit :0.032 %
Env #:0 Genome_id # :222 Fitness :-10086.89 Final Amt :1745.29 Days :236 Avg Daily Profit :-0.039 %
Env #:0 Genome_id # :126 Fitness :158872.72 Final Amt :2711.07 Days :236 Avg Daily Profit :0.143 %
Env #:0 Genome_id # :217 Fitness :-5579.86 Final Amt :1986.81 Days :236 Avg Daily Profit :0.021 %
Env #:0 Genome_id # :224 Fitness :13194.91 Final Amt :2084.48 Days :236 Avg Daily Profit :0.037 %
Env #:0 Genome_id # :36 Fitness :134759.13 Final Amt :2459.25 Days :236 Avg Daily Profit :0.099 %
Env #:0 Genome_id # :1 Fitness :185818.62 Final Amt :2668.05 Days :236 Avg Daily Profit :0.145 %
Env #:0 Genome_id # :113 Fitness :201877.0 Final Amt :3616.67 Days :236 Avg Daily Profit :0.272 %
Env #:0 Genome_id # :223 Fitness :45974.12 Final Amt :2461.23 Days :236 Avg Daily Profit :0.109 %
Env #:0 Genome_id # :221 Fitness :73466.74 Final Amt :4017.22 Days :236 Avg Daily Profit :0.309 %
Env #:0 Genome_id # :213 Fitness :-51952.19 Final Amt :1966.95 Days :236 Avg Daily Profit :0.013 %
Env #:0 Genome_id # :219 Fitness :-61821.25 Final Amt :2050.24 Days :236 Avg Daily Profit :0.025 %
Env #:0 Genome_id # :218 Fitness :70317.69 Final Amt :2922.85 Days :236 Avg Daily Profit :0.173 %
Env #:0 Genome_id # :214 Fitness :-24186.12 Final Amt :1777.79 Days :236 Avg Daily Profit :-0.039 %
Env #:0 Genome_id # :85 Fitness :172918.27 Final Amt :2864.68 Days :236 Avg Daily Profit :0.17 %
Env #:0 Genome_id # :212 Fitness :-25405.14 Final Amt :1495.69 Days :236 Avg Daily Profit :-0.103 %
Env #:0 Genome_id # :216 Fitness :-33637.27 Final Amt :2045.91 Days :236 Avg Daily Profit :0.031 %
Env #:0 Genome_id # :211 Fitness :10975.59 Final Amt :2087.23 Days :236 Avg Daily Profit :0.035 %
Env #:0 Genome_id # :215 Fitness :10400.12 Final Amt :2385.63 Days :236 Avg Daily Profit :0.094 %
Env #:0 Genome_id # :225 Fitness :0.0 Final Amt :2000.0 Days :236 Avg Daily Profit :0.0 %
Env #:0 Genome_id # :226 Fitness :9746.79 Final Amt :2192.15 Days :236 Avg Daily Profit :0.046 %
Env #:0 Genome_id # :235 Fitness :23356.32 Final Amt :2143.77 Days :236 Avg Daily Profit :0.047 %
Env #:0 Genome_id # :1072 Fitness :197632.64 Final Amt :3627.51 Days :236 Avg Daily Profit :0.268 %
Env #:0 Genome_id # :1 Fitness :185818.62 Final Amt :2668.05 Days :236 Avg Daily Profit :0.145 %
Env #:0 Genome_id # :238 Fitness :23112.43 Final Amt :2048.76 Days :236 Avg Daily Profit :0.029 %
Env #:0 Genome_id # :228 Fitness :46357.31 Final Amt :2781.48 Days :236 Avg Daily Profit :0.155 %
Env #:0 Genome_id # :232 Fitness :8765.06 Final Amt :2056.27 Days :236 Avg Daily Profit :0.031 %
Env #:0 Genome_id # :237 Fitness :11267.15 Final Amt :2020.06 Days :236 Avg Daily Profit :0.025 %
Env #:0 Genome_id # :234 Fitness :10211.49 Final Amt :2043.97 Days :236 Avg Daily Profit :0.03 %
Env #:0 Genome_id # :227 Fitness :-12996.12 Final Amt :1784.69 Days :236 Avg Daily Profit :-0.029 %
Env #:0 Genome_id # :230 Fitness :-210.56 Final Amt :2160.08 Days :236 Avg Daily Profit :0.047 %
Env #:0 Genome_id # :36 Fitness :134759.13 Final Amt :2459.25 Days :236 Avg Daily Profit :0.099 %
Env #:0 Genome_id # :236 Fitness :54873.69 Final Amt :1891.02 Days :236 Avg Daily Profit :-0.002 %
Env #:0 Genome_id # :113 Fitness :201877.0 Final Amt :3616.67 Days :236 Avg Daily Profit :0.272 %
Env #:0 Genome_id # :231 Fitness :102170.62 Final Amt :1918.08 Days :236 Avg Daily Profit :-0.004 %
Env #:0 Genome_id # :126 Fitness :158872.72 Final Amt :2711.07 Days :236 Avg Daily Profit :0.143 %
Env #:0 Genome_id # :85 Fitness :172918.27 Final Amt :2864.68 Days :236 Avg Daily Profit :0.17 %
Env #:0 Genome_id # :233 Fitness :8589.93 Final Amt :1942.68 Days :236 Avg Daily Profit :0.006 %
Env #:0 Genome_id # :229 Fitness :-13021.39 Final Amt :1738.62 Days :236 Avg Daily Profit :-0.043 %
Env #:0 Genome_id # :252 Fitness :5675.05 Final Amt :2104.06 Days :236 Avg Daily Profit :0.041 %
Env #:0 Genome_id # :244 Fitness :16009.05 Final Amt :2229.26 Days :236 Avg Daily Profit :0.06 %
Env #:0 Genome_id # :243 Fitness :11206.15 Final Amt :2149.34 Days :236 Avg Daily Profit :0.045 %
Env #:0 Genome_id # :241 Fitness :-3024.03 Final Amt :1794.68 Days :236 Avg Daily Profit :-0.025 %
Env #:0 Genome_id # :1 Fitness :185818.62 Final Amt :2668.05 Days :236 Avg Daily Profit :0.145 %
Env #:0 Genome_id # :251 Fitness :15121.57 Final Amt :2024.94 Days :236 Avg Daily Profit :0.024 %
Env #:0 Genome_id # :246 Fitness :-9912.71 Final Amt :2086.15 Days :236 Avg Daily Profit :0.037 %
Env #:0 Genome_id # :247 Fitness :30470.85 Final Amt :1983.49 Days :236 Avg Daily Profit :0.016 %
Env #:0 Genome_id # :36 Fitness :134759.13 Final Amt :2459.25 Days :236 Avg Daily Profit :0.099 %
Env #:0 Genome_id # :113 Fitness :201877.0 Final Amt :3616.67 Days :236 Avg Daily Profit :0.272 %
Env #:0 Genome_id # :245 Fitness :-60919.66 Final Amt :979.13 Days :236 Avg Daily Profit :-0.28 %
Env #:0 Genome_id # :248 Fitness :-44095.07 Final Amt :1760.23 Days :236 Avg Daily Profit :-0.043 %
Env #:0 Genome_id # :240 Fitness :22818.68 Final Amt :2344.5 Days :236 Avg Daily Profit :0.078 %
Env #:0 Genome_id # :239 Fitness :65825.26 Final Amt :1951.77 Days :236 Avg Daily Profit :0.004 %
Env #:0 Genome_id # :242 Fitness :-6756.83 Final Amt :1719.65 Days :236 Avg Daily Profit :-0.051 %
Env #:0 Genome_id # :85 Fitness :172918.27 Final Amt :2864.68 Days :236 Avg Daily Profit :0.17 %
Env #:0 Genome_id # :126 Fitness :158872.72 Final Amt :2711.07 Days :236 Avg Daily Profit :0.143 %
Env #:0 Genome_id # :1072 Fitness :197632.64 Final Amt :3627.51 Days :236 Avg Daily Profit :0.268 %
Env #:0 Genome_id # :249 Fitness :152560.96 Final Amt :6283.93 Days :236 Avg Daily Profit :0.501 %
Env #:0 Genome_id # :250 Fitness :-62694.64 Final Amt :1683.18 Days :236 Avg Daily Profit :-0.06 %
Env #:0 Genome_id # :254 Fitness :-5476.49 Final Amt :1873.01 Days :236 Avg Daily Profit :-0.019 %
Env #:0 Genome_id # :262 Fitness :10030.12 Final Amt :2070.54 Days :236 Avg Daily Profit :0.034 %
Env #:0 Genome_id # :256 Fitness :5787.5 Final Amt :2063.14 Days :236 Avg Daily Profit :0.036 %
Env #:0 Genome_id # :255 Fitness :6943.02 Final Amt :1980.83 Days :236 Avg Daily Profit :0.017 %
Env #:0 Genome_id # :1072 Fitness :197632.64 Final Amt :3627.51 Days :236 Avg Daily Profit :0.268 %
Env #:0 Genome_id # :266 Fitness :27025.47 Final Amt :3052.67 Days :236 Avg Daily Profit :0.193 %
Env #:0 Genome_id # :1 Fitness :185818.62 Final Amt :2668.05 Days :236 Avg Daily Profit :0.145 %
Env #:0 Genome_id # :113 Fitness :201877.0 Final Amt :3616.67 Days :236 Avg Daily Profit :0.272 %
Env #:0 Genome_id # :36 Fitness :134759.13 Final Amt :2459.25 Days :236 Avg Daily Profit :0.099 %
Env #:0 Genome_id # :264 Fitness :99656.19 Final Amt :4164.65 Days :236 Avg Daily Profit :0.33 %
Env #:0 Genome_id # :257 Fitness :136719.81 Final Amt :2394.56 Days :236 Avg Daily Profit :0.089 %
Env #:0 Genome_id # :253 Fitness :-29711.85 Final Amt :2059.42 Days :236 Avg Daily Profit :0.026 %
Env #:0 Genome_id # :260 Fitness :35421.83 Final Amt :2304.82 Days :236 Avg Daily Profit :0.075 %
Env #:0 Genome_id # :126 Fitness :158872.72 Final Amt :2711.07 Days :236 Avg Daily Profit :0.143 %
Env #:0 Genome_id # :85 Fitness :172918.27 Final Amt :2864.68 Days :236 Avg Daily Profit :0.17 %
Env #:0 Genome_id # :261 Fitness :192352.3 Final Amt :4820.78 Days :236 Avg Daily Profit :0.387 %
Env #:0 Genome_id # :258 Fitness :36000.86 Final Amt :2659.78 Days :236 Avg Daily Profit :0.135 %
Env #:0 Genome_id # :259 Fitness :27294.79 Final Amt :1671.03 Days :236 Avg Daily Profit :-0.059 %
Env #:0 Genome_id # :265 Fitness :8531.56 Final Amt :1924.35 Days :236 Avg Daily Profit :0.002 %
Env #:0 Genome_id # :263 Fitness :23729.42 Final Amt :2106.18 Days :236 Avg Daily Profit :0.039 %
Env #:0 Genome_id # :273 Fitness :19420.71 Final Amt :3337.04 Days :236 Avg Daily Profit :0.231 %
Env #:0 Genome_id # :277 Fitness :13241.22 Final Amt :2067.4 Days :236 Avg Daily Profit :0.033 %
Env #:0 Genome_id # :272 Fitness :-11658.65 Final Amt :1761.11 Days :236 Avg Daily Profit :-0.035 %
Env #:0 Genome_id # :113 Fitness :201877.0 Final Amt :3616.67 Days :236 Avg Daily Profit :0.272 %
Env #:0 Genome_id # :270 Fitness :31010.26 Final Amt :2065.91 Days :236 Avg Daily Profit :0.035 %
Env #:0 Genome_id # :279 Fitness :68097.88 Final Amt :3486.45 Days :236 Avg Daily Profit :0.248 %
Env #:0 Genome_id # :1 Fitness :185818.62 Final Amt :2668.05 Days :236 Avg Daily Profit :0.145 %
Env #:0 Genome_id # :275 Fitness :179632.87 Final Amt :3630.92 Days :236 Avg Daily Profit :0.274 %
Env #:0 Genome_id # :126 Fitness :158872.72 Final Amt :2711.07 Days :236 Avg Daily Profit :0.143 %
Env #:0 Genome_id # :269 Fitness :13369.29 Final Amt :1983.82 Days :236 Avg Daily Profit :0.01 %
Env #:0 Genome_id # :274 Fitness :147563.53 Final Amt :5818.7 Days :236 Avg Daily Profit :0.472 %
Env #:0 Genome_id # :261 Fitness :192352.3 Final Amt :4820.78 Days :236 Avg Daily Profit :0.387 %
Env #:0 Genome_id # :271 Fitness :31434.02 Final Amt :2608.99 Days :236 Avg Daily Profit :0.127 %
Env #:0 Genome_id # :278 Fitness :172558.04 Final Amt :6150.04 Days :236 Avg Daily Profit :0.496 %
Env #:0 Genome_id # :257 Fitness :136719.81 Final Amt :2394.56 Days :236 Avg Daily Profit :0.089 %
Env #:0 Genome_id # :280 Fitness :-5488.34 Final Amt :1923.78 Days :236 Avg Daily Profit :0.001 %
Env #:0 Genome_id # :268 Fitness :-32016.11 Final Amt :2058.06 Days :236 Avg Daily Profit :0.033 %
Env #:0 Genome_id # :1072 Fitness :197632.64 Final Amt :3627.51 Days :236 Avg Daily Profit :0.268 %
Env #:0 Genome_id # :267 Fitness :39189.18 Final Amt :1941.52 Days :236 Avg Daily Profit :0.001 %
Env #:0 Genome_id # :276 Fitness :-1542.86 Final Amt :1907.19 Days :236 Avg Daily Profit :-0.003 %
Env #:0 Genome_id # :284 Fitness :10406.86 Final Amt :2231.1 Days :236 Avg Daily Profit :0.048 %
Env #:0 Genome_id # :283 Fitness :8380.98 Final Amt :2058.12 Days :236 Avg Daily Profit :0.032 %
Env #:0 Genome_id # :292 Fitness :9605.64 Final Amt :1979.96 Days :236 Avg Daily Profit :0.018 %
Env #:0 Genome_id # :289 Fitness :36304.6 Final Amt :1945.59 Days :236 Avg Daily Profit :0.008 %
Env #:0 Genome_id # :1 Fitness :185818.62 Final Amt :2668.05 Days :236 Avg Daily Profit :0.145 %
Env #:0 Genome_id # :293 Fitness :45702.24 Final Amt :2288.77 Days :236 Avg Daily Profit :0.079 %
Env #:0 Genome_id # :294 Fitness :-66677.82 Final Amt :2122.83 Days :236 Avg Daily Profit :0.044 %
Env #:0 Genome_id # :1072 Fitness :197632.64 Final Amt :3627.51 Days :236 Avg Daily Profit :0.268 %
Env #:0 Genome_id # :288 Fitness :91537.52 Final Amt :5016.34 Days :236 Avg Daily Profit :0.401 %
Env #:0 Genome_id # :113 Fitness :201877.0 Final Amt :3616.67 Days :236 Avg Daily Profit :0.272 %
Env #:0 Genome_id # :261 Fitness :192352.3 Final Amt :4820.78 Days :236 Avg Daily Profit :0.387 %
Env #:0 Genome_id # :126 Fitness :158872.72 Final Amt :2711.07 Days :236 Avg Daily Profit :0.143 %
Env #:0 Genome_id # :257 Fitness :136719.81 Final Amt :2394.56 Days :236 Avg Daily Profit :0.089 %
Env #:0 Genome_id # :286 Fitness :4975.04 Final Amt :2530.84 Days :236 Avg Daily Profit :0.116 %
Env #:0 Genome_id # :285 Fitness :-38500.46 Final Amt :2176.31 Days :236 Avg Daily Profit :0.055 %
Env #:0 Genome_id # :290 Fitness :74266.13 Final Amt :2084.21 Days :236 Avg Daily Profit :0.038 %
Env #:0 Genome_id # :282 Fitness :9070.7 Final Amt :1655.01 Days :236 Avg Daily Profit :-0.063 %
Env #:0 Genome_id # :291 Fitness :18484.19 Final Amt :2028.52 Days :236 Avg Daily Profit :0.024 %
Env #:0 Genome_id # :281 Fitness :-11267.0 Final Amt :1838.24 Days :236 Avg Daily Profit :-0.019 %
Env #:0 Genome_id # :287 Fitness :49132.3 Final Amt :1932.87 Days :236 Avg Daily Profit :0.002 %
Env #:0 Genome_id # :307 Fitness :-145.71 Final Amt :2159.15 Days :236 Avg Daily Profit :0.055 %
Env #:0 Genome_id # :1 Fitness :185818.62 Final Amt :2668.05 Days :236 Avg Daily Profit :0.145 %
Env #:0 Genome_id # :301 Fitness :2247.23 Final Amt :2048.77 Days :236 Avg Daily Profit :0.029 %
Env #:0 Genome_id # :299 Fitness :10592.04 Final Amt :2161.05 Days :236 Avg Daily Profit :0.048 %
Env #:0 Genome_id # :304 Fitness :-17664.54 Final Amt :1882.8 Days :236 Avg Daily Profit :-0.007 %
Env #:0 Genome_id # :113 Fitness :201877.0 Final Amt :3616.67 Days :236 Avg Daily Profit :0.272 %
Env #:0 Genome_id # :1072 Fitness :197632.64 Final Amt :3627.51 Days :236 Avg Daily Profit :0.268 %
Env #:0 Genome_id # :126 Fitness :158872.72 Final Amt :2711.07 Days :236 Avg Daily Profit :0.143 %
Env #:0 Genome_id # :296 Fitness :145706.98 Final Amt :2720.0 Days :236 Avg Daily Profit :0.145 %
Env #:0 Genome_id # :261 Fitness :192352.3 Final Amt :4820.78 Days :236 Avg Daily Profit :0.387 %
Env #:0 Genome_id # :302 Fitness :-7008.27 Final Amt :1806.3 Days :236 Avg Daily Profit :-0.025 %
Env #:0 Genome_id # :257 Fitness :136719.81 Final Amt :2394.56 Days :236 Avg Daily Profit :0.089 %
Env #:0 Genome_id # :298 Fitness :860.73 Final Amt :2161.01 Days :236 Avg Daily Profit :0.054 %
Env #:0 Genome_id # :295 Fitness :-20055.91 Final Amt :1945.48 Days :236 Avg Daily Profit :0.005 %
Env #:0 Genome_id # :303 Fitness :91107.15 Final Amt :2718.78 Days :236 Avg Daily Profit :0.151 %
Env #:0 Genome_id # :297 Fitness :93769.59 Final Amt :1963.62 Days :236 Avg Daily Profit :0.006 %
Env #:0 Genome_id # :306 Fitness :154626.51 Final Amt :5936.68 Days :236 Avg Daily Profit :0.478 %
Env #:0 Genome_id # :305 Fitness :101733.55 Final Amt :4334.96 Days :236 Avg Daily Profit :0.342 %
Env #:0 Genome_id # :308 Fitness :60871.31 Final Amt :2135.02 Days :236 Avg Daily Profit :0.047 %
Env #:0 Genome_id # :300 Fitness :-3989.9 Final Amt :1779.35 Days :236 Avg Daily Profit :-0.032 %
Env #:0 Genome_id # :309 Fitness :30113.09 Final Amt :2062.8 Days :236 Avg Daily Profit :0.035 %
Env #:0 Genome_id # :321 Fitness :5861.44 Final Amt :2179.41 Days :236 Avg Daily Profit :0.046 %
Env #:0 Genome_id # :1 Fitness :185818.62 Final Amt :2668.05 Days :236 Avg Daily Profit :0.145 %
Env #:0 Genome_id # :314 Fitness :127.54 Final Amt :1771.54 Days :236 Avg Daily Profit :-0.036 %
Env #:0 Genome_id # :318 Fitness :25853.93 Final Amt :2320.78 Days :236 Avg Daily Profit :0.073 %
Env #:0 Genome_id # :1072 Fitness :197632.64 Final Amt :3627.51 Days :236 Avg Daily Profit :0.268 %
Env #:0 Genome_id # :126 Fitness :158872.72 Final Amt :2711.07 Days :236 Avg Daily Profit :0.143 %
Env #:0 Genome_id # :113 Fitness :201877.0 Final Amt :3616.67 Days :236 Avg Daily Profit :0.272 %
Env #:0 Genome_id # :311 Fitness :52991.98 Final Amt :1806.26 Days :236 Avg Daily Profit :-0.028 %
Env #:0 Genome_id # :312 Fitness :406.83 Final Amt :1960.65 Days :236 Avg Daily Profit :0.001 %
Env #:0 Genome_id # :310 Fitness :-77296.59 Final Amt :2292.99 Days :236 Avg Daily Profit :0.071 %
Env #:0 Genome_id # :296 Fitness :145706.98 Final Amt :2720.0 Days :236 Avg Daily Profit :0.145 %
Env #:0 Genome_id # :317 Fitness :47996.05 Final Amt :2019.99 Days :236 Avg Daily Profit :0.014 %
Env #:0 Genome_id # :320 Fitness :65489.65 Final Amt :3820.72 Days :236 Avg Daily Profit :0.285 %
Env #:0 Genome_id # :322 Fitness :148731.91 Final Amt :6006.11 Days :236 Avg Daily Profit :0.483 %
Env #:0 Genome_id # :261 Fitness :192352.3 Final Amt :4820.78 Days :236 Avg Daily Profit :0.387 %
Env #:0 Genome_id # :316 Fitness :160743.64 Final Amt :6336.66 Days :236 Avg Daily Profit :0.508 %
Env #:0 Genome_id # :319 Fitness :3315.0 Final Amt :2096.87 Days :236 Avg Daily Profit :0.039 %
Env #:0 Genome_id # :315 Fitness :-41307.19 Final Amt :1580.56 Days :236 Avg Daily Profit :-0.08 %
Env #:0 Genome_id # :313 Fitness :-5406.75 Final Amt :1856.82 Days :236 Avg Daily Profit :-0.014 %
Env #:0 Genome_id # :323 Fitness :-5959.75 Final Amt :1897.84 Days :236 Avg Daily Profit :-0.016 %
Env #:0 Genome_id # :329 Fitness :10066.24 Final Amt :2029.05 Days :236 Avg Daily Profit :0.024 %
Env #:0 Genome_id # :325 Fitness :98720.5 Final Amt :1853.08 Days :236 Avg Daily Profit :-0.018 %
Env #:0 Genome_id # :336 Fitness :18856.61 Final Amt :1945.63 Days :236 Avg Daily Profit :0.007 %
Env #:0 Genome_id # :1072 Fitness :197632.64 Final Amt :3627.51 Days :236 Avg Daily Profit :0.268 %
Env #:0 Genome_id # :332 Fitness :-4454.48 Final Amt :1815.14 Days :236 Avg Daily Profit :-0.022 %
Env #:0 Genome_id # :333 Fitness :29288.1 Final Amt :2078.95 Days :236 Avg Daily Profit :0.036 %
Env #:0 Genome_id # :1 Fitness :185818.62 Final Amt :2668.05 Days :236 Avg Daily Profit :0.145 %
Env #:0 Genome_id # :326 Fitness :8214.49 Final Amt :2070.54 Days :236 Avg Daily Profit :0.03 %
Env #:0 Genome_id # :324 Fitness :-22613.19 Final Amt :1614.04 Days :236 Avg Daily Profit :-0.076 %
Env #:0 Genome_id # :296 Fitness :145706.98 Final Amt :2720.0 Days :236 Avg Daily Profit :0.145 %
Env #:0 Genome_id # :334 Fitness :33546.42 Final Amt :2012.43 Days :236 Avg Daily Profit :0.023 %
Env #:0 Genome_id # :261 Fitness :192352.3 Final Amt :4820.78 Days :236 Avg Daily Profit :0.387 %
Env #:0 Genome_id # :335 Fitness :-6501.17 Final Amt :1896.88 Days :236 Avg Daily Profit :-0.003 %
Env #:0 Genome_id # :328 Fitness :47349.36 Final Amt :1746.29 Days :236 Avg Daily Profit :-0.043 %
Env #:0 Genome_id # :113 Fitness :201877.0 Final Amt :3616.67 Days :236 Avg Daily Profit :0.272 %
Env #:0 Genome_id # :330 Fitness :-24847.71 Final Amt :3790.85 Days :236 Avg Daily Profit :0.284 %
Env #:0 Genome_id # :331 Fitness :88706.66 Final Amt :5143.47 Days :236 Avg Daily Profit :0.411 %
Env #:0 Genome_id # :126 Fitness :158872.72 Final Amt :2711.07 Days :236 Avg Daily Profit :0.143 %
Env #:0 Genome_id # :327 Fitness :-12856.01 Final Amt :1835.51 Days :236 Avg Daily Profit :-0.021 %
Env #:0 Genome_id # :338 Fitness :-4360.64 Final Amt :2012.69 Days :236 Avg Daily Profit :0.021 %
Env #:0 Genome_id # :344 Fitness :14135.18 Final Amt :2103.37 Days :236 Avg Daily Profit :0.04 %
Env #:0 Genome_id # :113 Fitness :201877.0 Final Amt :3616.67 Days :236 Avg Daily Profit :0.272 %
Env #:0 Genome_id # :296 Fitness :145706.98 Final Amt :2720.0 Days :236 Avg Daily Profit :0.145 %
Env #:0 Genome_id # :1 Fitness :185818.62 Final Amt :2668.05 Days :236 Avg Daily Profit :0.145 %
Env #:0 Genome_id # :343 Fitness :30778.25 Final Amt :2309.31 Days :236 Avg Daily Profit :0.074 %
Env #:0 Genome_id # :126 Fitness :158872.72 Final Amt :2711.07 Days :236 Avg Daily Profit :0.143 %
Env #:0 Genome_id # :342 Fitness :120561.32 Final Amt :1835.39 Days :236 Avg Daily Profit :-0.022 %
Env #:0 Genome_id # :341 Fitness :66691.87 Final Amt :1775.08 Days :236 Avg Daily Profit :-0.036 %
Env #:0 Genome_id # :337 Fitness :86676.98 Final Amt :1967.87 Days :236 Avg Daily Profit :0.005 %
Env #:0 Genome_id # :1072 Fitness :197632.64 Final Amt :3627.51 Days :236 Avg Daily Profit :0.268 %
Env #:0 Genome_id # :348 Fitness :72057.61 Final Amt :3426.76 Days :236 Avg Daily Profit :0.243 %
Env #:0 Genome_id # :350 Fitness :-178770.38 Final Amt :1503.66 Days :236 Avg Daily Profit :-0.104 %
Env #:0 Genome_id # :345 Fitness :171879.68 Final Amt :6894.6 Days :236 Avg Daily Profit :0.541 %
Env #:0 Genome_id # :346 Fitness :2939.11 Final Amt :1687.86 Days :236 Avg Daily Profit :-0.057 %
Env #:0 Genome_id # :349 Fitness :139783.58 Final Amt :3214.95 Days :236 Avg Daily Profit :0.217 %
Env #:0 Genome_id # :261 Fitness :192352.3 Final Amt :4820.78 Days :236 Avg Daily Profit :0.387 %
Env #:0 Genome_id # :339 Fitness :3839.62 Final Amt :1906.89 Days :236 Avg Daily Profit :-0.006 %
Env #:0 Genome_id # :347 Fitness :-84393.24 Final Amt :2155.92 Days :236 Avg Daily Profit :0.044 %
Env #:0 Genome_id # :340 Fitness :-3905.9 Final Amt :1839.04 Days :236 Avg Daily Profit :-0.02 %
Env #:0 Genome_id # :358 Fitness :0.0 Final Amt :2000.0 Days :236 Avg Daily Profit :0.0 %
Env #:0 Genome_id # :1 Fitness :185818.62 Final Amt :2668.05 Days :236 Avg Daily Profit :0.145 %
Env #:0 Genome_id # :355 Fitness :2606.13 Final Amt :1950.24 Days :236 Avg Daily Profit :0.014 %
Env #:0 Genome_id # :357 Fitness :5990.56 Final Amt :2070.41 Days :236 Avg Daily Profit :0.033 %
Env #:0 Genome_id # :1072 Fitness :197632.64 Final Amt :3627.51 Days :236 Avg Daily Profit :0.268 %
Env #:0 Genome_id # :354 Fitness :-94196.14 Final Amt :1349.15 Days :236 Avg Daily Profit :-0.152 %
Env #:0 Genome_id # :261 Fitness :192352.3 Final Amt :4820.78 Days :236 Avg Daily Profit :0.387 %
Env #:0 Genome_id # :364 Fitness :6288.2 Final Amt :1965.71 Days :236 Avg Daily Profit :0.011 %
Env #:0 Genome_id # :360 Fitness :80057.87 Final Amt :3595.89 Days :236 Avg Daily Profit :0.262 %
Env #:0 Genome_id # :362 Fitness :8488.99 Final Amt :2043.44 Days :236 Avg Daily Profit :0.029 %
Env #:0 Genome_id # :296 Fitness :145706.98 Final Amt :2720.0 Days :236 Avg Daily Profit :0.145 %
Env #:0 Genome_id # :363 Fitness :26196.57 Final Amt :1931.39 Days :236 Avg Daily Profit :0.008 %
Env #:0 Genome_id # :113 Fitness :201877.0 Final Amt :3616.67 Days :236 Avg Daily Profit :0.272 %
Env #:0 Genome_id # :126 Fitness :158872.72 Final Amt :2711.07 Days :236 Avg Daily Profit :0.143 %
Env #:0 Genome_id # :356 Fitness :22916.86 Final Amt :2243.03 Days :236 Avg Daily Profit :0.062 %
Env #:0 Genome_id # :351 Fitness :11389.55 Final Amt :1909.54 Days :236 Avg Daily Profit :-0.004 %
Env #:0 Genome_id # :359 Fitness :5484.79 Final Amt :3230.64 Days :236 Avg Daily Profit :0.217 %
Env #:0 Genome_id # :361 Fitness :57517.03 Final Amt :2003.03 Days :236 Avg Daily Profit :0.022 %
Env #:0 Genome_id # :353 Fitness :-24185.03 Final Amt :2024.86 Days :236 Avg Daily Profit :0.023 %
Env #:0 Genome_id # :352 Fitness :6581.54 Final Amt :1900.78 Days :236 Avg Daily Profit :-0.006 %
Env #:0 Genome_id # :368 Fitness :0.0 Final Amt :2000.0 Days :236 Avg Daily Profit :0.0 %
Env #:0 Genome_id # :374 Fitness :15000.68 Final Amt :2028.75 Days :236 Avg Daily Profit :0.027 %
Env #:0 Genome_id # :378 Fitness :12852.42 Final Amt :2077.19 Days :236 Avg Daily Profit :0.035 %
Env #:0 Genome_id # :372 Fitness :20767.45 Final Amt :2007.98 Days :236 Avg Daily Profit :0.021 %
Env #:0 Genome_id # :113 Fitness :201877.0 Final Amt :3616.67 Days :236 Avg Daily Profit :0.272 %
Env #:0 Genome_id # :375 Fitness :14164.08 Final Amt :2022.59 Days :236 Avg Daily Profit :0.025 %
Env #:0 Genome_id # :1 Fitness :185818.62 Final Amt :2668.05 Days :236 Avg Daily Profit :0.145 %
Env #:0 Genome_id # :365 Fitness :-20986.58 Final Amt :1656.93 Days :236 Avg Daily Profit :-0.07 %
Env #:0 Genome_id # :377 Fitness :32516.15 Final Amt :2123.67 Days :236 Avg Daily Profit :0.048 %
Env #:0 Genome_id # :371 Fitness :-4291.68 Final Amt :2015.19 Days :236 Avg Daily Profit :0.025 %
Env #:0 Genome_id # :1072 Fitness :197632.64 Final Amt :3627.51 Days :236 Avg Daily Profit :0.268 %
Env #:0 Genome_id # :126 Fitness :158872.72 Final Amt :2711.07 Days :236 Avg Daily Profit :0.143 %
Env #:0 Genome_id # :367 Fitness :-73584.12 Final Amt :2117.29 Days :236 Avg Daily Profit :0.035 %
Env #:0 Genome_id # :296 Fitness :145706.98 Final Amt :2720.0 Days :236 Avg Daily Profit :0.145 %
Env #:0 Genome_id # :376 Fitness :16819.56 Final Amt :1993.9 Days :236 Avg Daily Profit :0.015 %
Env #:0 Genome_id # :369 Fitness :-15086.03 Final Amt :1673.7 Days :236 Avg Daily Profit :-0.064 %
Env #:0 Genome_id # :261 Fitness :192352.3 Final Amt :4820.78 Days :236 Avg Daily Profit :0.387 %
Env #:0 Genome_id # :373 Fitness :156166.69 Final Amt :5702.89 Days :236 Avg Daily Profit :0.461 %
Env #:0 Genome_id # :366 Fitness :-20572.73 Final Amt :1661.94 Days :236 Avg Daily Profit :-0.063 %
Env #:0 Genome_id # :370 Fitness :-31375.34 Final Amt :1811.11 Days :236 Avg Daily Profit :-0.023 %
Env #:0 Genome_id # :1 Fitness :185818.62 Final Amt :2668.05 Days :236 Avg Daily Profit :0.145 %
Env #:0 Genome_id # :385 Fitness :-12811.09 Final Amt :1831.49 Days :236 Avg Daily Profit :-0.019 %
Env #:0 Genome_id # :392 Fitness :13772.76 Final Amt :2064.58 Days :236 Avg Daily Profit :0.033 %
Env #:0 Genome_id # :380 Fitness :1723.92 Final Amt :2070.75 Days :236 Avg Daily Profit :0.033 %
Env #:0 Genome_id # :113 Fitness :201877.0 Final Amt :3616.67 Days :236 Avg Daily Profit :0.272 %
Env #:0 Genome_id # :386 Fitness :120329.18 Final Amt :5915.94 Days :236 Avg Daily Profit :0.477 %
Env #:0 Genome_id # :389 Fitness :13341.63 Final Amt :1994.6 Days :236 Avg Daily Profit :0.019 %
Env #:0 Genome_id # :296 Fitness :145706.98 Final Amt :2720.0 Days :236 Avg Daily Profit :0.145 %
Env #:0 Genome_id # :388 Fitness :121991.87 Final Amt :1939.87 Days :236 Avg Daily Profit :0.003 %
Env #:0 Genome_id # :126 Fitness :158872.72 Final Amt :2711.07 Days :236 Avg Daily Profit :0.143 %
Env #:0 Genome_id # :391 Fitness :37855.19 Final Amt :3453.3 Days :236 Avg Daily Profit :0.246 %
Env #:0 Genome_id # :379 Fitness :-58030.5 Final Amt :1276.24 Days :236 Avg Daily Profit :-0.177 %
Env #:0 Genome_id # :390 Fitness :114782.43 Final Amt :4501.9 Days :236 Avg Daily Profit :0.356 %
Env #:0 Genome_id # :261 Fitness :192352.3 Final Amt :4820.78 Days :236 Avg Daily Profit :0.387 %
Env #:0 Genome_id # :1072 Fitness :197632.64 Final Amt :3627.51 Days :236 Avg Daily Profit :0.268 %
Env #:0 Genome_id # :387 Fitness :18701.23 Final Amt :2075.52 Days :236 Avg Daily Profit :0.036 %
Env #:0 Genome_id # :382 Fitness :-3679.57 Final Amt :2031.86 Days :236 Avg Daily Profit :0.025 %
Env #:0 Genome_id # :383 Fitness :38491.59 Final Amt :2337.81 Days :236 Avg Daily Profit :0.079 %
Env #:0 Genome_id # :381 Fitness :27960.98 Final Amt :2001.79 Days :236 Avg Daily Profit :0.018 %
Env #:0 Genome_id # :384 Fitness :-130146.18 Final Amt :1926.13 Days :236 Avg Daily Profit :0.005 %
Env #:0 Genome_id # :1 Fitness :185818.62 Final Amt :2668.05 Days :236 Avg Daily Profit :0.145 %
Env #:0 Genome_id # :406 Fitness :-6271.89 Final Amt :1802.36 Days :236 Avg Daily Profit :-0.025 %
Env #:0 Genome_id # :398 Fitness :13299.35 Final Amt :2050.32 Days :236 Avg Daily Profit :0.03 %
Env #:0 Genome_id # :126 Fitness :158872.72 Final Amt :2711.07 Days :236 Avg Daily Profit :0.143 %
Env #:0 Genome_id # :393 Fitness :4997.91 Final Amt :1787.47 Days :236 Avg Daily Profit :-0.028 %
Env #:0 Genome_id # :395 Fitness :916.68 Final Amt :2078.89 Days :236 Avg Daily Profit :0.035 %
Env #:0 Genome_id # :399 Fitness :11580.59 Final Amt :2105.15 Days :236 Avg Daily Profit :0.042 %
Env #:0 Genome_id # :397 Fitness :43187.34 Final Amt :2555.01 Days :236 Avg Daily Profit :0.117 %
Env #:0 Genome_id # :261 Fitness :192352.3 Final Amt :4820.78 Days :236 Avg Daily Profit :0.387 %
Env #:0 Genome_id # :1072 Fitness :197632.64 Final Amt :3627.51 Days :236 Avg Daily Profit :0.268 %
Env #:0 Genome_id # :394 Fitness :71294.35 Final Amt :1960.85 Days :236 Avg Daily Profit :0.003 %
Env #:0 Genome_id # :401 Fitness :5359.8 Final Amt :3200.18 Days :236 Avg Daily Profit :0.212 %
Env #:0 Genome_id # :400 Fitness :-254122.44 Final Amt :2763.55 Days :236 Avg Daily Profit :0.148 %
Env #:0 Genome_id # :113 Fitness :201877.0 Final Amt :3616.67 Days :236 Avg Daily Profit :0.272 %
Env #:0 Genome_id # :405 Fitness :9330.1 Final Amt :1997.41 Days :236 Avg Daily Profit :0.018 %
Env #:0 Genome_id # :404 Fitness :33984.23 Final Amt :2382.79 Days :236 Avg Daily Profit :0.09 %
Env #:0 Genome_id # :403 Fitness :124834.61 Final Amt :4311.08 Days :236 Avg Daily Profit :0.343 %
Env #:0 Genome_id # :296 Fitness :145706.98 Final Amt :2720.0 Days :236 Avg Daily Profit :0.145 %
Env #:0 Genome_id # :396 Fitness :-783.92 Final Amt :1942.21 Days :236 Avg Daily Profit :0.005 %
Env #:0 Genome_id # :402 Fitness :-59649.3 Final Amt :3768.27 Days :236 Avg Daily Profit :0.29 %
