Reporter!

 ****** Running generation 0 ****** 

Population's average fitness: 79194.13745 stdev: 61666.14725
Best fitness: 169188.69700 - size: (6, 26) - species 1 - id 718
Average adjusted fitness: 0.627
Mean genetic distance 2.179, standard deviation 1.001
Population of 20 members in 2 species:
   ID   age  size  fitness  adj fit  stag
  ====  ===  ====  =======  =======  ====
     1    0     8  169188.7    0.613   -83
     2    0    12  162280.8    0.641   -81
Total extinctions: 0
Generation time: 2463.209 sec

 ****** Running generation 1 ****** 

Population's average fitness: 61195.08780 stdev: 79238.22601
Best fitness: 169188.69700 - size: (6, 26) - species 1 - id 718
Average adjusted fitness: 0.545
Mean genetic distance 2.228, standard deviation 0.977
Population of 20 members in 2 species:
   ID   age  size  fitness  adj fit  stag
  ====  ===  ====  =======  =======  ====
     1    1     9  169188.7    0.586   -82
     2    1    11  162280.8    0.503   -80
Total extinctions: 0
Generation time: 2457.753 sec (2460.481 average)

 ****** Running generation 2 ****** 

Population's average fitness: 54905.87825 stdev: 93041.16951
Best fitness: 192872.14200 - size: (9, 32) - species 2 - id 22
Average adjusted fitness: 0.531
Mean genetic distance 2.255, standard deviation 0.963
Population of 20 members in 2 species:
   ID   age  size  fitness  adj fit  stag
  ====  ===  ====  =======  =======  ====
     1    2    10  169188.7    0.566   -81
     2    2    10  192872.1    0.495   -79
Total extinctions: 0
Generation time: 2624.001 sec (2514.988 average)

 ****** Running generation 3 ****** 

Population's average fitness: 77570.22095 stdev: 78045.93644
Best fitness: 192872.14200 - size: (9, 32) - species 2 - id 22
Average adjusted fitness: 0.565
Mean genetic distance 2.267, standard deviation 0.898
Population of 20 members in 2 species:
   ID   age  size  fitness  adj fit  stag
  ====  ===  ====  =======  =======  ====
     1    3     9  169188.7    0.557   -80
     2    3    11  192872.1    0.573   -78
Total extinctions: 0
Generation time: 2483.561 sec (2507.131 average)

 ****** Running generation 4 ****** 

Population's average fitness: 41045.64740 stdev: 103054.89005
Best fitness: 192872.14200 - size: (9, 32) - species 2 - id 22
Average adjusted fitness: 0.468
Mean genetic distance 2.236, standard deviation 0.882
Population of 20 members in 2 species:
   ID   age  size  fitness  adj fit  stag
  ====  ===  ====  =======  =======  ====
     1    4    10  169188.7    0.462   -79
     2    4    10  192872.1    0.474   -77
Total extinctions: 0
Generation time: 2427.115 sec (2491.128 average)

 ****** Running generation 5 ****** 

Population's average fitness: 81186.96630 stdev: 68195.23732
Best fitness: 192872.14200 - size: (9, 32) - species 2 - id 22
Average adjusted fitness: 0.488
Mean genetic distance 2.239, standard deviation 0.951
Population of 20 members in 2 species:
   ID   age  size  fitness  adj fit  stag
  ====  ===  ====  =======  =======  ====
     1    5     9  169188.7    0.467   -78
     2    5    11  192872.1    0.509   -76
Total extinctions: 0
Generation time: 2536.082 sec (2498.620 average)

 ****** Running generation 6 ****** 

Population's average fitness: 49612.91575 stdev: 93911.03607
Best fitness: 192872.14200 - size: (9, 32) - species 2 - id 22
Average adjusted fitness: 0.634
Mean genetic distance 2.248, standard deviation 0.901
Population of 20 members in 2 species:
   ID   age  size  fitness  adj fit  stag
  ====  ===  ====  =======  =======  ====
     1    6    10  169188.7    0.653   -77
     2    6    10  192872.1    0.615   -75
Total extinctions: 0
Generation time: 2554.840 sec (2506.652 average)

 ****** Running generation 7 ****** 

Population's average fitness: 67427.66400 stdev: 79854.60210
Best fitness: 192872.14200 - size: (9, 32) - species 2 - id 22
Average adjusted fitness: 0.513
Mean genetic distance 2.197, standard deviation 0.881
Population of 20 members in 2 species:
   ID   age  size  fitness  adj fit  stag
  ====  ===  ====  =======  =======  ====
     1    7     8  169188.7    0.507   -76
     2    7    12  192872.1    0.520   -74
Total extinctions: 0
Generation time: 2504.504 sec (2506.383 average)

 ****** Running generation 8 ****** 

Population's average fitness: 59970.89480 stdev: 87575.78594
Best fitness: 192872.14200 - size: (9, 32) - species 2 - id 22
Average adjusted fitness: 0.597
Mean genetic distance 2.170, standard deviation 0.998
Population of 20 members in 2 species:
   ID   age  size  fitness  adj fit  stag
  ====  ===  ====  =======  =======  ====
     1    8     9  169188.7    0.645   -75
     2    8    11  192872.1    0.549   -73
Total extinctions: 0
Generation time: 2429.538 sec (2497.845 average)

 ****** Running generation 9 ****** 

Population's average fitness: 71559.88440 stdev: 96361.14010
Best fitness: 192872.14200 - size: (9, 32) - species 2 - id 22
Average adjusted fitness: 0.644
Mean genetic distance 2.120, standard deviation 1.050
Population of 20 members in 2 species:
   ID   age  size  fitness  adj fit  stag
  ====  ===  ====  =======  =======  ====
     1    9     8  169188.7    0.561   -74
     2    9    12  192872.1    0.726   -72
Total extinctions: 0
Generation time: 2292.713 sec (2477.332 average)

 ****** Running generation 10 ****** 

Population's average fitness: 83817.74790 stdev: 73654.48314
Best fitness: 192872.14200 - size: (9, 32) - species 2 - id 22
Average adjusted fitness: 0.528
Mean genetic distance 2.142, standard deviation 1.064
Population of 20 members in 2 species:
   ID   age  size  fitness  adj fit  stag
  ====  ===  ====  =======  =======  ====
     1   10     9  169188.7    0.497   -73
     2   10    11  192872.1    0.558   -71
Total extinctions: 0
Generation time: 2499.649 sec (2480.976 average)

 ****** Running generation 11 ****** 

Population's average fitness: 22243.91360 stdev: 112366.31648
Best fitness: 192872.14200 - size: (9, 32) - species 2 - id 22
Average adjusted fitness: 0.483
Mean genetic distance 2.138, standard deviation 1.000
Population of 20 members in 2 species:
   ID   age  size  fitness  adj fit  stag
  ====  ===  ====  =======  =======  ====
     1   11    11  169188.7    0.602   -72
     2   11     9  192872.1    0.364   -70
Total extinctions: 0
Generation time: 2389.241 sec (2474.124 average)

 ****** Running generation 12 ****** 

Population's average fitness: 58275.61250 stdev: 84186.60855
Best fitness: 192872.14200 - size: (9, 32) - species 2 - id 22
Average adjusted fitness: 0.548
Mean genetic distance 2.158, standard deviation 1.013
Population of 20 members in 2 species:
   ID   age  size  fitness  adj fit  stag
  ====  ===  ====  =======  =======  ====
     1   12    10  169188.7    0.575   -71
     2   12    10  192872.1    0.521   -69
Total extinctions: 0
Generation time: 2528.676 sec (2464.592 average)

 ****** Running generation 13 ****** 

Population's average fitness: 58217.01680 stdev: 86172.34476
Best fitness: 192872.14200 - size: (9, 32) - species 2 - id 22
Average adjusted fitness: 0.462
Mean genetic distance 2.164, standard deviation 0.985
Population of 20 members in 2 species:
   ID   age  size  fitness  adj fit  stag
  ====  ===  ====  =======  =======  ====
     1   13    11  169188.7    0.480   -70
     2   13     9  192872.1    0.443   -68
Total extinctions: 0
Generation time: 2512.936 sec (2467.529 average)

 ****** Running generation 14 ****** 

Population's average fitness: 55765.04055 stdev: 106224.54416
Best fitness: 219487.04300 - size: (9, 36) - species 2 - id 195
Average adjusted fitness: 0.514
Mean genetic distance 2.142, standard deviation 0.935
Population of 20 members in 2 species:
   ID   age  size  fitness  adj fit  stag
  ====  ===  ====  =======  =======  ====
     1   14    10  169188.7    0.427   -69
     2   14    10  219487.0    0.601     0
Total extinctions: 0
Generation time: 2518.331 sec (2476.651 average)

 ****** Running generation 15 ****** 

Population's average fitness: 53800.83185 stdev: 105411.96240
Best fitness: 219487.04300 - size: (9, 36) - species 2 - id 195
Average adjusted fitness: 0.560
Mean genetic distance 2.186, standard deviation 0.962
Population of 20 members in 2 species:
   ID   age  size  fitness  adj fit  stag
  ====  ===  ====  =======  =======  ====
     1   15     9  169188.7    0.498   -68
     2   15    11  219487.0    0.622     1
Total extinctions: 0
Generation time: 2496.397 sec (2472.682 average)

 ****** Running generation 16 ****** 

Population's average fitness: 73220.98310 stdev: 79751.96316
Best fitness: 219487.04300 - size: (9, 36) - species 2 - id 195
Average adjusted fitness: 0.429
Mean genetic distance 2.163, standard deviation 0.989
Population of 20 members in 2 species:
   ID   age  size  fitness  adj fit  stag
  ====  ===  ====  =======  =======  ====
     1   16    10  169188.7    0.411   -67
     2   16    10  219487.0    0.447     2
Total extinctions: 0
Generation time: 2392.981 sec (2456.496 average)

 ****** Running generation 17 ****** 

Population's average fitness: 67896.15840 stdev: 88664.90753
Best fitness: 219487.04300 - size: (9, 36) - species 2 - id 195
Average adjusted fitness: 0.483
Mean genetic distance 2.157, standard deviation 1.030
Population of 20 members in 2 species:
   ID   age  size  fitness  adj fit  stag
  ====  ===  ====  =======  =======  ====
     1   17    11  169188.7    0.492   -66
     2   17     9  219487.0    0.473     3
Total extinctions: 0
Generation time: 2396.136 sec (2445.660 average)

 ****** Running generation 18 ****** 

Population's average fitness: 65603.34520 stdev: 96286.51655
Best fitness: 219487.04300 - size: (9, 36) - species 2 - id 195
Average adjusted fitness: 0.606
Mean genetic distance 2.166, standard deviation 0.981
Population of 20 members in 2 species:
   ID   age  size  fitness  adj fit  stag
  ====  ===  ====  =======  =======  ====
     1   18     9  169188.7    0.481   -65
     2   18    11  219487.0    0.731     4
Total extinctions: 0
Generation time: 2442.303 sec (2446.936 average)

 ****** Running generation 19 ****** 

Population's average fitness: 63365.72645 stdev: 96023.72927
Best fitness: 219487.04300 - size: (9, 36) - species 2 - id 195
Average adjusted fitness: 0.503
Mean genetic distance 2.145, standard deviation 0.996
Population of 20 members in 2 species:
   ID   age  size  fitness  adj fit  stag
  ====  ===  ====  =======  =======  ====
     1   19    10  169188.7    0.555   -64
     2   19    10  219487.0    0.452     5
Total extinctions: 0
Generation time: 2440.937 sec (2461.758 average)

 ****** Running generation 20 ****** 

Population's average fitness: 65929.60945 stdev: 90025.44235
Best fitness: 219487.04300 - size: (9, 36) - species 2 - id 195
Average adjusted fitness: 0.506
Mean genetic distance 2.123, standard deviation 1.040
Population of 20 members in 2 species:
   ID   age  size  fitness  adj fit  stag
  ====  ===  ====  =======  =======  ====
     1   20     9  169188.7    0.475   -63
     2   20    11  219487.0    0.538     6
Total extinctions: 0
Generation time: 2475.959 sec (2459.389 average)

 ****** Running generation 21 ****** 

Population's average fitness: 100730.70700 stdev: 64847.85338
Best fitness: 219487.04300 - size: (9, 36) - species 2 - id 195
Average adjusted fitness: 0.519
Mean genetic distance 2.135, standard deviation 1.062
Population of 20 members in 2 species:
   ID   age  size  fitness  adj fit  stag
  ====  ===  ====  =======  =======  ====
     1   21    10  169188.7    0.527   -62
     2   21    10  219487.0    0.511     7
Total extinctions: 0
Generation time: 2453.381 sec (2465.804 average)

 ****** Running generation 22 ****** 

Population's average fitness: 50388.73710 stdev: 97564.64020
Best fitness: 219487.04300 - size: (9, 36) - species 2 - id 195
Average adjusted fitness: 0.510
Mean genetic distance 2.166, standard deviation 0.981
Population of 20 members in 2 species:
   ID   age  size  fitness  adj fit  stag
  ====  ===  ====  =======  =======  ====
     1   22    11  169188.7    0.512   -61
     2   22     9  219487.0    0.508     8
Total extinctions: 0
Generation time: 2431.045 sec (2456.040 average)

 ****** Running generation 23 ****** 

Population's average fitness: 83501.70740 stdev: 97073.54138
Best fitness: 219487.04300 - size: (9, 36) - species 2 - id 195
Average adjusted fitness: 0.542
Mean genetic distance 2.085, standard deviation 1.040
Population of 20 members in 2 species:
   ID   age  size  fitness  adj fit  stag
  ====  ===  ====  =======  =======  ====
     1   23    10  211241.3    0.478   -60
     2   23    10  219487.0    0.607     9
Total extinctions: 0
Generation time: 2426.861 sec (2447.433 average)

 ****** Running generation 24 ****** 

Population's average fitness: 47397.43100 stdev: 119618.14503
Best fitness: 219487.04300 - size: (9, 36) - species 2 - id 195
Average adjusted fitness: 0.628
Mean genetic distance 2.122, standard deviation 0.963
Population of 20 members in 2 species:
   ID   age  size  fitness  adj fit  stag
  ====  ===  ====  =======  =======  ====
     1   24    11  211241.3    0.629   -59
     2   24     9  219487.0    0.626    10
Total extinctions: 0
Generation time: 2499.778 sec (2445.578 average)

 ****** Running generation 25 ****** 

Population's average fitness: 69299.89630 stdev: 94798.90685
Best fitness: 219487.04300 - size: (9, 36) - species 2 - id 195
Average adjusted fitness: 0.488
Mean genetic distance 2.137, standard deviation 1.037
Population of 20 members in 2 species:
   ID   age  size  fitness  adj fit  stag
  ====  ===  ====  =======  =======  ====
     1   25    10  211241.3    0.433   -58
     2   25    10  219487.0    0.542    11
Total extinctions: 0
Generation time: 2500.541 sec (2445.992 average)

 ****** Running generation 26 ****** 

Population's average fitness: 58700.29895 stdev: 110139.64386
Best fitness: 219487.04300 - size: (9, 36) - species 2 - id 195
Average adjusted fitness: 0.517
Mean genetic distance 2.113, standard deviation 1.018
Population of 20 members in 2 species:
   ID   age  size  fitness  adj fit  stag
  ====  ===  ====  =======  =======  ====
     1   26     9  211241.3    0.501   -57
     2   26    11  219487.0    0.533    12
Total extinctions: 0
Generation time: 2440.526 sec (2450.747 average)

 ****** Running generation 27 ****** 

Population's average fitness: 58166.14185 stdev: 103251.65901
Best fitness: 219487.04300 - size: (9, 36) - species 2 - id 195
Average adjusted fitness: 0.539
Mean genetic distance 2.141, standard deviation 0.985
Population of 20 members in 2 species:
   ID   age  size  fitness  adj fit  stag
  ====  ===  ====  =======  =======  ====
     1   27    10  211241.3    0.505   -56
     2   27    10  219487.0    0.573    13
Total extinctions: 0
Generation time: 2337.336 sec (2444.867 average)

 ****** Running generation 28 ****** 

Population's average fitness: 87597.91080 stdev: 96204.51493
Best fitness: 219487.04300 - size: (9, 36) - species 2 - id 195
Average adjusted fitness: 0.550
Mean genetic distance 2.136, standard deviation 1.006
Population of 20 members in 2 species:
   ID   age  size  fitness  adj fit  stag
  ====  ===  ====  =======  =======  ====
     1   28     9  211241.3    0.527   -55
     2   28    11  219487.0    0.574    14
Total extinctions: 0
Generation time: 2189.004 sec (2419.537 average)

 ****** Running generation 29 ****** 

Population's average fitness: 80710.80255 stdev: 80155.61848
Best fitness: 219487.04300 - size: (9, 36) - species 2 - id 195
Average adjusted fitness: 0.409
Mean genetic distance 2.131, standard deviation 1.013
Population of 20 members in 2 species:
   ID   age  size  fitness  adj fit  stag
  ====  ===  ====  =======  =======  ====
     1   29    10  211241.3    0.384   -54
     2   29    10  219487.0    0.434    15
Total extinctions: 0
Generation time: 1822.492 sec (2357.692 average)
