Reporter!

 ****** Running generation 0 ****** 

Population's average fitness: 33781.68470 stdev: 48616.81327
Best fitness: 98091.94500 - size: (6, 26) - species 1 - id 718
Average adjusted fitness: 0.715
Mean genetic distance 2.195, standard deviation 0.872
Population of 20 members in 2 species:
   ID   age  size  fitness  adj fit  stag
  ====  ===  ====  =======  =======  ====
     1    0     8  98091.9    0.693   -83
     2    0    12  66300.8    0.736   -81
Total extinctions: 0
Generation time: 2497.441 sec

 ****** Running generation 1 ****** 

Population's average fitness: 35176.91585 stdev: 37260.15060
Best fitness: 98091.94500 - size: (6, 26) - species 1 - id 718
Average adjusted fitness: 0.506
Mean genetic distance 2.176, standard deviation 0.869
Population of 20 members in 2 species:
   ID   age  size  fitness  adj fit  stag
  ====  ===  ====  =======  =======  ====
     1    1    10  98091.9    0.625   -82
     2    1    10  66300.8    0.386   -80
Total extinctions: 0
Generation time: 2339.822 sec (2418.631 average)

 ****** Running generation 2 ****** 

Population's average fitness: 40694.37865 stdev: 33664.72475
Best fitness: 98091.94500 - size: (6, 26) - species 1 - id 718
Average adjusted fitness: 0.524
Mean genetic distance 2.039, standard deviation 0.927
Population of 20 members in 2 species:
   ID   age  size  fitness  adj fit  stag
  ====  ===  ====  =======  =======  ====
     1    2    11  98091.9    0.596   -81
     2    2     9  66300.8    0.452   -79
Total extinctions: 0
Generation time: 2577.321 sec (2471.528 average)

 ****** Running generation 3 ****** 

Population's average fitness: 29189.24040 stdev: 45285.71830
Best fitness: 103632.35100 - size: (5, 26) - species 1 - id 38
Average adjusted fitness: 0.494
Mean genetic distance 2.123, standard deviation 0.883
Population of 20 members in 2 species:
   ID   age  size  fitness  adj fit  stag
  ====  ===  ====  =======  =======  ====
     1    3    10  103632.4    0.478   -80
     2    3    10  66300.8    0.511   -78
Total extinctions: 0
Generation time: 2447.638 sec (2465.555 average)

 ****** Running generation 4 ****** 

Population's average fitness: 29756.59365 stdev: 43690.42563
Best fitness: 103632.35100 - size: (5, 26) - species 1 - id 38
Average adjusted fitness: 0.451
Mean genetic distance 2.061, standard deviation 0.817
Population of 20 members in 2 species:
   ID   age  size  fitness  adj fit  stag
  ====  ===  ====  =======  =======  ====
     1    4     9  103632.4    0.426   -79
     2    4    11  83362.1    0.476   -77
Total extinctions: 0
Generation time: 2523.917 sec (2477.228 average)

 ****** Running generation 5 ****** 

Population's average fitness: 36782.28685 stdev: 46441.05974
Best fitness: 113166.37600 - size: (5, 31) - species 1 - id 70
Average adjusted fitness: 0.506
Mean genetic distance 2.052, standard deviation 0.835
Population of 20 members in 2 species:
   ID   age  size  fitness  adj fit  stag
  ====  ===  ====  =======  =======  ====
     1    5    11  113166.4    0.626   -78
     2    5     9  83362.1    0.387   -76
Total extinctions: 0
Generation time: 2481.214 sec (2477.892 average)

 ****** Running generation 6 ****** 

Population's average fitness: 23844.20415 stdev: 48895.75063
Best fitness: 113166.37600 - size: (5, 31) - species 1 - id 70
Average adjusted fitness: 0.476
Mean genetic distance 2.152, standard deviation 0.860
Population of 20 members in 2 species:
   ID   age  size  fitness  adj fit  stag
  ====  ===  ====  =======  =======  ====
     1    6    10  113166.4    0.432   -77
     2    6    10  83362.1    0.520   -75
Total extinctions: 0
Generation time: 2415.554 sec (2468.987 average)

 ****** Running generation 7 ****** 

Population's average fitness: 32726.78285 stdev: 43476.97906
Best fitness: 113166.37600 - size: (5, 31) - species 1 - id 70
Average adjusted fitness: 0.441
Mean genetic distance 2.197, standard deviation 0.797
Population of 20 members in 2 species:
   ID   age  size  fitness  adj fit  stag
  ====  ===  ====  =======  =======  ====
     1    7    11  113166.4    0.483   -76
     2    7     9  83362.1    0.399   -74
Total extinctions: 0
Generation time: 2464.328 sec (2468.404 average)

 ****** Running generation 8 ****** 

Population's average fitness: 23535.57875 stdev: 52134.95264
Best fitness: 113166.37600 - size: (5, 31) - species 1 - id 70
Average adjusted fitness: 0.540
Mean genetic distance 2.214, standard deviation 0.769
Population of 20 members in 2 species:
   ID   age  size  fitness  adj fit  stag
  ====  ===  ====  =======  =======  ====
     1    8    10  113166.4    0.585   -75
     2    8    10  83362.1    0.496   -73
Total extinctions: 0
Generation time: 2484.545 sec (2470.198 average)

 ****** Running generation 9 ****** 

Population's average fitness: 23600.93810 stdev: 48464.54005
Best fitness: 113166.37600 - size: (5, 31) - species 1 - id 70
Average adjusted fitness: 0.506
Mean genetic distance 2.266, standard deviation 0.806
Population of 20 members in 2 species:
   ID   age  size  fitness  adj fit  stag
  ====  ===  ====  =======  =======  ====
     1    9    11  113166.4    0.514   -74
     2    9     9  83362.1    0.498   -72
Total extinctions: 0
Generation time: 2566.484 sec (2479.826 average)

 ****** Running generation 10 ****** 

Population's average fitness: 23893.77385 stdev: 54266.37905
Best fitness: 113166.37600 - size: (5, 31) - species 1 - id 70
Average adjusted fitness: 0.591
Mean genetic distance 2.154, standard deviation 0.885
Population of 20 members in 2 species:
   ID   age  size  fitness  adj fit  stag
  ====  ===  ====  =======  =======  ====
     1   10    10  113166.4    0.580   -73
     2   10    10  83362.1    0.602   -71
Total extinctions: 0
Generation time: 2456.918 sec (2475.774 average)

 ****** Running generation 11 ****** 

Population's average fitness: 41484.50510 stdev: 42467.48119
Best fitness: 113166.37600 - size: (5, 31) - species 1 - id 70
Average adjusted fitness: 0.561
Mean genetic distance 2.210, standard deviation 0.823
Population of 20 members in 2 species:
   ID   age  size  fitness  adj fit  stag
  ====  ===  ====  =======  =======  ====
     1   11     9  113166.4    0.505   -72
     2   11    11  83496.8    0.616   -70
Total extinctions: 0
Generation time: 2530.496 sec (2494.842 average)

 ****** Running generation 12 ****** 

Population's average fitness: 35337.88905 stdev: 48964.31300
Best fitness: 122196.59600 - size: (6, 21) - species 1 - id 163
Average adjusted fitness: 0.522
Mean genetic distance 2.211, standard deviation 0.802
Population of 20 members in 2 species:
   ID   age  size  fitness  adj fit  stag
  ====  ===  ====  =======  =======  ====
     1   12    10  122196.6    0.577   -71
     2   12    10  83496.8    0.467   -69
Total extinctions: 0
Generation time: 2532.138 sec (2490.323 average)

 ****** Running generation 13 ****** 

Population's average fitness: 33713.55650 stdev: 50711.57473
Best fitness: 122196.59600 - size: (6, 21) - species 1 - id 163
Average adjusted fitness: 0.511
Mean genetic distance 2.052, standard deviation 0.920
Population of 20 members in 2 species:
   ID   age  size  fitness  adj fit  stag
  ====  ===  ====  =======  =======  ====
     1   13    11  122196.6    0.622   -70
     2   13     9  83496.8    0.399   -68
Total extinctions: 0
Generation time: 2548.249 sec (2500.384 average)

 ****** Running generation 14 ****** 

Population's average fitness: 34949.29925 stdev: 46956.45010
Best fitness: 122196.59600 - size: (6, 21) - species 1 - id 163
Average adjusted fitness: 0.381
Mean genetic distance 2.096, standard deviation 0.891
Population of 20 members in 2 species:
   ID   age  size  fitness  adj fit  stag
  ====  ===  ====  =======  =======  ====
     1   14    10  122196.6    0.409   -69
     2   14    10  83496.8    0.352   -67
Total extinctions: 0
Generation time: 2456.863 sec (2493.679 average)

 ****** Running generation 15 ****** 

Population's average fitness: 35932.57395 stdev: 53005.23305
Best fitness: 122196.59600 - size: (6, 21) - species 1 - id 163
Average adjusted fitness: 0.606
Mean genetic distance 2.187, standard deviation 0.814
Population of 20 members in 2 species:
   ID   age  size  fitness  adj fit  stag
  ====  ===  ====  =======  =======  ====
     1   15    11  122196.6    0.621   -68
     2   15     9  83831.1    0.592   -66
Total extinctions: 0
Generation time: 2435.726 sec (2489.130 average)

 ****** Running generation 16 ****** 

Population's average fitness: 35323.87855 stdev: 56987.62192
Best fitness: 138793.41600 - size: (6, 27) - species 1 - id 220
Average adjusted fitness: 0.541
Mean genetic distance 2.145, standard deviation 0.779
Population of 20 members in 2 species:
   ID   age  size  fitness  adj fit  stag
  ====  ===  ====  =======  =======  ====
     1   16    12  138793.4    0.602   -67
     2   16     8  83831.1    0.480   -65
Total extinctions: 0
Generation time: 2516.108 sec (2499.186 average)

 ****** Running generation 17 ****** 

Population's average fitness: 35525.27825 stdev: 52558.18959
Best fitness: 138793.41600 - size: (6, 27) - species 1 - id 220
Average adjusted fitness: 0.446
Mean genetic distance 2.305, standard deviation 0.762
Population of 20 members in 2 species:
   ID   age  size  fitness  adj fit  stag
  ====  ===  ====  =======  =======  ====
     1   17    11  138793.4    0.404   -66
     2   17     9  83831.1    0.488   -64
Total extinctions: 0
Generation time: 2455.308 sec (2498.284 average)

 ****** Running generation 18 ****** 

Population's average fitness: 32976.20050 stdev: 55561.00895
Best fitness: 138793.41600 - size: (6, 27) - species 1 - id 220
Average adjusted fitness: 0.443
Mean genetic distance 2.311, standard deviation 0.743
Population of 20 members in 2 species:
   ID   age  size  fitness  adj fit  stag
  ====  ===  ====  =======  =======  ====
     1   18    10  138793.4    0.430   -65
     2   18    10  83831.1    0.456   -63
Total extinctions: 0
Generation time: 2459.867 sec (2495.816 average)

 ****** Running generation 19 ****** 

Population's average fitness: 37052.17965 stdev: 56495.68951
Best fitness: 138793.41600 - size: (6, 27) - species 1 - id 220
Average adjusted fitness: 0.572
Mean genetic distance 2.328, standard deviation 0.784
Population of 20 members in 2 species:
   ID   age  size  fitness  adj fit  stag
  ====  ===  ====  =======  =======  ====
     1   19    11  138793.4    0.635   -64
     2   19     9  83831.1    0.509   -62
Total extinctions: 0
Generation time: 2452.420 sec (2484.409 average)

 ****** Running generation 20 ****** 

Population's average fitness: 35811.64115 stdev: 60849.60837
Best fitness: 138793.41600 - size: (6, 27) - species 1 - id 220
Average adjusted fitness: 0.413
Mean genetic distance 2.246, standard deviation 0.801
Population of 20 members in 2 species:
   ID   age  size  fitness  adj fit  stag
  ====  ===  ====  =======  =======  ====
     1   20    10  138793.4    0.434   -63
     2   20    10  101945.2    0.393   -61
Total extinctions: 0
Generation time: 2452.921 sec (2484.010 average)

 ****** Running generation 21 ****** 

Population's average fitness: 31942.11595 stdev: 67161.35489
Best fitness: 138793.41600 - size: (6, 27) - species 1 - id 220
Average adjusted fitness: 0.533
Mean genetic distance 2.155, standard deviation 0.894
Population of 20 members in 3 species:
   ID   age  size  fitness  adj fit  stag
  ====  ===  ====  =======  =======  ====
     1   21     4  138793.4    0.529   -62
     2   21    11  101945.2    0.536   -60
     3    0     5       --       --     0
Total extinctions: 0
Generation time: 2507.155 sec (2481.676 average)

 ****** Running generation 22 ****** 

Population's average fitness: 49949.43335 stdev: 53613.61340
Best fitness: 138793.41600 - size: (6, 27) - species 3 - id 220
Average adjusted fitness: 0.514
Mean genetic distance 2.292, standard deviation 0.815
Population of 20 members in 3 species:
   ID   age  size  fitness  adj fit  stag
  ====  ===  ====  =======  =======  ====
     1   22     3  132305.0    0.530   -61
     2   22     9  101945.2    0.544   -59
     3    1     8  138793.4    0.467     0
Total extinctions: 0
Generation time: 2438.353 sec (2472.297 average)

 ****** Running generation 23 ****** 

Population's average fitness: 42438.69550 stdev: 53912.12246
Best fitness: 138793.41600 - size: (6, 27) - species 3 - id 220
Average adjusted fitness: 0.517
Mean genetic distance 2.221, standard deviation 0.850
Population of 20 members in 3 species:
   ID   age  size  fitness  adj fit  stag
  ====  ===  ====  =======  =======  ====
     1   23     5  122196.6    0.508   -60
     2   23     8  101945.2    0.530   -58
     3    2     7  138793.4    0.512     1
Total extinctions: 0
Generation time: 2398.060 sec (2457.278 average)

 ****** Running generation 24 ****** 

Population's average fitness: 34141.83085 stdev: 58238.51849
Best fitness: 138793.41600 - size: (6, 27) - species 3 - id 220
Average adjusted fitness: 0.486
Mean genetic distance 2.173, standard deviation 0.917
Population of 21 members in 3 species:
   ID   age  size  fitness  adj fit  stag
  ====  ===  ====  =======  =======  ====
     1   24     6  122196.6    0.449   -59
     2   24     7  101945.2    0.471   -57
     3    3     8  138793.4    0.537     2
Total extinctions: 0
Generation time: 2468.654 sec (2458.457 average)

 ****** Running generation 25 ****** 

Population's average fitness: 35121.32486 stdev: 61065.67545
Best fitness: 138793.41600 - size: (6, 27) - species 3 - id 220
Average adjusted fitness: 0.599
Mean genetic distance 2.134, standard deviation 0.941
Population of 19 members in 3 species:
   ID   age  size  fitness  adj fit  stag
  ====  ===  ====  =======  =======  ====
     1   25     6  122196.6    0.557   -58
     2   25     7  101945.2    0.666   -56
     3    4     6  138793.4    0.574     3
Total extinctions: 0
Generation time: 2481.833 sec (2463.068 average)

 ****** Running generation 26 ****** 

Population's average fitness: 34780.15558 stdev: 60076.93900
Best fitness: 138793.41600 - size: (6, 27) - species 3 - id 220
Average adjusted fitness: 0.463
Mean genetic distance 2.245, standard deviation 0.861
Population of 20 members in 3 species:
   ID   age  size  fitness  adj fit  stag
  ====  ===  ====  =======  =======  ====
     1   26     5  122196.6    0.392   -57
     2   26     8  101945.2    0.501   -55
     3    5     7  138793.4    0.496     4
Total extinctions: 0
Generation time: 2492.032 sec (2460.660 average)

 ****** Running generation 27 ****** 

Population's average fitness: 36131.75300 stdev: 61331.11459
Best fitness: 138793.41600 - size: (6, 27) - species 3 - id 220
Average adjusted fitness: 0.451
Mean genetic distance 2.250, standard deviation 0.853
Population of 19 members in 3 species:
   ID   age  size  fitness  adj fit  stag
  ====  ===  ====  =======  =======  ====
     1   27     6  122196.6    0.400   -56
     2   27     7  101945.2    0.491   -54
     3    6     6  138793.4    0.460     5
Total extinctions: 0
Generation time: 2374.187 sec (2452.548 average)

 ****** Running generation 28 ****** 

Population's average fitness: 53327.76226 stdev: 49158.64260
Best fitness: 138793.41600 - size: (6, 27) - species 3 - id 220
Average adjusted fitness: 0.430
Mean genetic distance 2.298, standard deviation 0.807
Population of 20 members in 3 species:
   ID   age  size  fitness  adj fit  stag
  ====  ===  ====  =======  =======  ====
     1   28     5  122196.6    0.287   -55
     2   28     8  103064.9    0.490   -53
     3    7     7  138793.4    0.513     6
Total extinctions: 0
Generation time: 2069.118 sec (2413.473 average)

 ****** Running generation 29 ****** 

Population's average fitness: 42337.34585 stdev: 68773.90703
Best fitness: 138793.41600 - size: (6, 27) - species 3 - id 220
Average adjusted fitness: 0.599
Mean genetic distance 2.196, standard deviation 0.858
Population of 21 members in 3 species:
   ID   age  size  fitness  adj fit  stag
  ====  ===  ====  =======  =======  ====
     1   29     6  122196.6    0.502   -54
     2   29     7  103064.9    0.575   -52
     3    8     8  138793.4    0.721     7
Total extinctions: 0
Generation time: 1811.157 sec (2349.347 average)
Reporter!
