nohup: ignoring input

 ****** Running generation 0 ****** 

Population's average fitness: 33781.68470 stdev: 48616.81327
Best fitness: 98091.94500 - size: (6, 26) - species 1 - id 718
Average adjusted fitness: 0.715
Mean genetic distance 2.195, standard deviation 0.872
Population of 20 members in 2 species:
   ID   age  size  fitness  adj fit  stag
  ====  ===  ====  =======  =======  ====
     1    0     8  98091.9    0.693   -83
     2    0    12  66300.8    0.736   -81
Total extinctions: 0
Generation time: 2497.441 sec
Saving checkpoint to neat-checkpoint-0

 ****** Running generation 1 ****** 

Population's average fitness: 35176.91585 stdev: 37260.15060
Best fitness: 98091.94500 - size: (6, 26) - species 1 - id 718
Average adjusted fitness: 0.506
Mean genetic distance 2.176, standard deviation 0.869
Population of 20 members in 2 species:
   ID   age  size  fitness  adj fit  stag
  ====  ===  ====  =======  =======  ====
     1    1    10  98091.9    0.625   -82
     2    1    10  66300.8    0.386   -80
Total extinctions: 0
Generation time: 2339.822 sec (2418.631 average)
Saving checkpoint to neat-checkpoint-1

 ****** Running generation 2 ****** 

Population's average fitness: 40694.37865 stdev: 33664.72475
Best fitness: 98091.94500 - size: (6, 26) - species 1 - id 718
Average adjusted fitness: 0.524
Mean genetic distance 2.039, standard deviation 0.927
Population of 20 members in 2 species:
   ID   age  size  fitness  adj fit  stag
  ====  ===  ====  =======  =======  ====
     1    2    11  98091.9    0.596   -81
     2    2     9  66300.8    0.452   -79
Total extinctions: 0
Generation time: 2577.321 sec (2471.528 average)
Saving checkpoint to neat-checkpoint-2

 ****** Running generation 3 ****** 

Population's average fitness: 29189.24040 stdev: 45285.71830
Best fitness: 103632.35100 - size: (5, 26) - species 1 - id 38
Average adjusted fitness: 0.494
Mean genetic distance 2.123, standard deviation 0.883
Population of 20 members in 2 species:
   ID   age  size  fitness  adj fit  stag
  ====  ===  ====  =======  =======  ====
     1    3    10  103632.4    0.478   -80
     2    3    10  66300.8    0.511   -78
Total extinctions: 0
Generation time: 2447.638 sec (2465.556 average)
Saving checkpoint to neat-checkpoint-3

 ****** Running generation 4 ****** 

Population's average fitness: 29756.59365 stdev: 43690.42563
Best fitness: 103632.35100 - size: (5, 26) - species 1 - id 38
Average adjusted fitness: 0.451
Mean genetic distance 2.061, standard deviation 0.817
Population of 20 members in 2 species:
   ID   age  size  fitness  adj fit  stag
  ====  ===  ====  =======  =======  ====
     1    4     9  103632.4    0.426   -79
     2    4    11  83362.1    0.476   -77
Total extinctions: 0
Generation time: 2523.917 sec (2477.228 average)
Saving checkpoint to neat-checkpoint-4

 ****** Running generation 5 ****** 

Population's average fitness: 36782.28685 stdev: 46441.05974
Best fitness: 113166.37600 - size: (5, 31) - species 1 - id 70
Average adjusted fitness: 0.506
Mean genetic distance 2.052, standard deviation 0.835
Population of 20 members in 2 species:
   ID   age  size  fitness  adj fit  stag
  ====  ===  ====  =======  =======  ====
     1    5    11  113166.4    0.626   -78
     2    5     9  83362.1    0.387   -76
Total extinctions: 0
Generation time: 2481.214 sec (2477.892 average)
Saving checkpoint to neat-checkpoint-5

 ****** Running generation 6 ****** 

Population's average fitness: 23844.20415 stdev: 48895.75063
Best fitness: 113166.37600 - size: (5, 31) - species 1 - id 70
Average adjusted fitness: 0.476
Mean genetic distance 2.152, standard deviation 0.860
Population of 20 members in 2 species:
   ID   age  size  fitness  adj fit  stag
  ====  ===  ====  =======  =======  ====
     1    6    10  113166.4    0.432   -77
     2    6    10  83362.1    0.520   -75
Total extinctions: 0
Generation time: 2415.554 sec (2468.987 average)
Saving checkpoint to neat-checkpoint-6

 ****** Running generation 7 ****** 

Population's average fitness: 32726.78285 stdev: 43476.97906
Best fitness: 113166.37600 - size: (5, 31) - species 1 - id 70
Average adjusted fitness: 0.441
Mean genetic distance 2.197, standard deviation 0.797
Population of 20 members in 2 species:
   ID   age  size  fitness  adj fit  stag
  ====  ===  ====  =======  =======  ====
     1    7    11  113166.4    0.483   -76
     2    7     9  83362.1    0.399   -74
Total extinctions: 0
Generation time: 2464.328 sec (2468.405 average)
Saving checkpoint to neat-checkpoint-7

 ****** Running generation 8 ****** 

Population's average fitness: 23535.57875 stdev: 52134.95264
Best fitness: 113166.37600 - size: (5, 31) - species 1 - id 70
Average adjusted fitness: 0.540
Mean genetic distance 2.214, standard deviation 0.769
Population of 20 members in 2 species:
   ID   age  size  fitness  adj fit  stag
  ====  ===  ====  =======  =======  ====
     1    8    10  113166.4    0.585   -75
     2    8    10  83362.1    0.496   -73
Total extinctions: 0
Generation time: 2484.545 sec (2470.198 average)
Saving checkpoint to neat-checkpoint-8

 ****** Running generation 9 ****** 

Population's average fitness: 23600.93810 stdev: 48464.54005
Best fitness: 113166.37600 - size: (5, 31) - species 1 - id 70
Average adjusted fitness: 0.506
Mean genetic distance 2.266, standard deviation 0.806
Population of 20 members in 2 species:
   ID   age  size  fitness  adj fit  stag
  ====  ===  ====  =======  =======  ====
     1    9    11  113166.4    0.514   -74
     2    9     9  83362.1    0.498   -72
Total extinctions: 0
Generation time: 2566.485 sec (2479.827 average)
Saving checkpoint to neat-checkpoint-9

 ****** Running generation 10 ****** 

Population's average fitness: 23893.77385 stdev: 54266.37905
Best fitness: 113166.37600 - size: (5, 31) - species 1 - id 70
Average adjusted fitness: 0.591
Mean genetic distance 2.154, standard deviation 0.885
Population of 20 members in 2 species:
   ID   age  size  fitness  adj fit  stag
  ====  ===  ====  =======  =======  ====
     1   10    10  113166.4    0.580   -73
     2   10    10  83362.1    0.602   -71
Total extinctions: 0
Generation time: 2456.918 sec (2475.774 average)
Saving checkpoint to neat-checkpoint-10

 ****** Running generation 11 ****** 

Population's average fitness: 41484.50510 stdev: 42467.48119
Best fitness: 113166.37600 - size: (5, 31) - species 1 - id 70
Average adjusted fitness: 0.561
Mean genetic distance 2.210, standard deviation 0.823
Population of 20 members in 2 species:
   ID   age  size  fitness  adj fit  stag
  ====  ===  ====  =======  =======  ====
     1   11     9  113166.4    0.505   -72
     2   11    11  83496.8    0.616   -70
Total extinctions: 0
Generation time: 2530.496 sec (2494.842 average)
Saving checkpoint to neat-checkpoint-11

 ****** Running generation 12 ****** 

Population's average fitness: 35337.88905 stdev: 48964.31300
Best fitness: 122196.59600 - size: (6, 21) - species 1 - id 163
Average adjusted fitness: 0.522
Mean genetic distance 2.211, standard deviation 0.802
Population of 20 members in 2 species:
   ID   age  size  fitness  adj fit  stag
  ====  ===  ====  =======  =======  ====
     1   12    10  122196.6    0.577   -71
     2   12    10  83496.8    0.467   -69
Total extinctions: 0
Generation time: 2532.138 sec (2490.323 average)
Saving checkpoint to neat-checkpoint-12

 ****** Running generation 13 ****** 

Population's average fitness: 33713.55650 stdev: 50711.57473
Best fitness: 122196.59600 - size: (6, 21) - species 1 - id 163
Average adjusted fitness: 0.511
Mean genetic distance 2.052, standard deviation 0.920
Population of 20 members in 2 species:
   ID   age  size  fitness  adj fit  stag
  ====  ===  ====  =======  =======  ====
     1   13    11  122196.6    0.622   -70
     2   13     9  83496.8    0.399   -68
Total extinctions: 0
Generation time: 2548.249 sec (2500.385 average)
Saving checkpoint to neat-checkpoint-13

 ****** Running generation 14 ****** 

Population's average fitness: 34949.29925 stdev: 46956.45010
Best fitness: 122196.59600 - size: (6, 21) - species 1 - id 163
Average adjusted fitness: 0.381
Mean genetic distance 2.096, standard deviation 0.891
Population of 20 members in 2 species:Env #:0 Genome_id # :929 Fitness :62141.47 Final Amt :2831.87 Days :236 Avg Daily Profit :0.159 %
Env #:0 Genome_id # :99 Fitness :37463.83 Final Amt :2297.54 Days :236 Avg Daily Profit :0.067 %
Env #:0 Genome_id # :245 Fitness :450.0 Final Amt :2226.89 Days :236 Avg Daily Profit :0.056 %
Env #:0 Genome_id # :937 Fitness :-134473.33 Final Amt :2166.01 Days :236 Avg Daily Profit :0.051 %
Env #:0 Genome_id # :927 Fitness :60544.33 Final Amt :2957.52 Days :236 Avg Daily Profit :0.176 %
Env #:0 Genome_id # :1 Fitness :-1596.46 Final Amt :2036.32 Days :236 Avg Daily Profit :0.019 %
Env #:0 Genome_id # :8 Fitness :13653.92 Final Amt :2199.67 Days :236 Avg Daily Profit :0.049 %
Env #:0 Genome_id # :9 Fitness :29715.12 Final Amt :2004.93 Days :236 Avg Daily Profit :0.01 %
Env #:0 Genome_id # :927 Fitness :60544.33 Final Amt :2957.52 Days :236 Avg Daily Profit :0.176 %
Env #:0 Genome_id # :15 Fitness :22458.42 Final Amt :2310.01 Days :236 Avg Daily Profit :0.064 %
Env #:0 Genome_id # :20 Fitness :48669.15 Final Amt :2543.78 Days :236 Avg Daily Profit :0.113 %
Env #:0 Genome_id # :21 Fitness :-22508.86 Final Amt :1767.62 Days :236 Avg Daily Profit :-0.04 %
Env #:0 Genome_id # :25 Fitness :1384.52 Final Amt :2005.07 Days :236 Avg Daily Profit :0.001 %
Env #:0 Genome_id # :26 Fitness :4422.07 Final Amt :2019.7 Days :236 Avg Daily Profit :0.009 %
Env #:0 Genome_id # :30 Fitness :7250.86 Final Amt :1829.01 Days :236 Avg Daily Profit :-0.028 %
Env #:0 Genome_id # :31 Fitness :11553.47 Final Amt :2311.37 Days :236 Avg Daily Profit :0.072 %
Env #:0 Genome_id # :12 Fitness :94445.51 Final Amt :1995.08 Days :236 Avg Daily Profit :0.007 %
Env #:0 Genome_id # :365 Fitness :91215.19 Final Amt :2325.71 Days :236 Avg Daily Profit :0.078 %
Env #:0 Genome_id # :41 Fitness :-19765.23 Final Amt :2229.92 Days :236 Avg Daily Profit :0.06 %
Env #:0 Genome_id # :42 Fitness :-37405.59 Final Amt :1432.28 Days :236 Avg Daily Profit :-0.135 %
Env #:0 Genome_id # :46 Fitness :-15851.71 Final Amt :1908.6 Days :236 Avg Daily Profit :-0.009 %
Env #:0 Genome_id # :47 Fitness :-14460.1 Final Amt :1577.42 Days :236 Avg Daily Profit :-0.091 %
Env #:0 Genome_id # :48 Fitness :8442.45 Final Amt :2137.42 Days :236 Avg Daily Profit :0.037 %
Env #:0 Genome_id # :49 Fitness :-1204.78 Final Amt :1874.56 Days :236 Avg Daily Profit :-0.019 %
Env #:0 Genome_id # :53 Fitness :-30968.71 Final Amt :1941.19 Days :236 Avg Daily Profit :-0.005 %
Env #:0 Genome_id # :54 Fitness :5630.97 Final Amt :1972.3 Days :236 Avg Daily Profit :0.004 %
Env #:0 Genome_id # :60 Fitness :5803.11 Final Amt :2096.72 Days :236 Avg Daily Profit :0.021 %
Env #:0 Genome_id # :61 Fitness :-1515.01 Final Amt :1961.59 Days :236 Avg Daily Profit :0.001 %
Env #:0 Genome_id # :62 Fitness :14229.11 Final Amt :2358.24 Days :236 Avg Daily Profit :0.081 %
Env #:0 Genome_id # :63 Fitness :-17293.71 Final Amt :1695.04 Days :236 Avg Daily Profit :-0.063 %
Env #:0 Genome_id # :67 Fitness :71789.54 Final Amt :1711.26 Days :236 Avg Daily Profit :-0.055 %
Env #:0 Genome_id # :68 Fitness :8295.57 Final Amt :2048.48 Days :236 Avg Daily Profit :0.023 %
Env #:0 Genome_id # :72 Fitness :-1852.27 Final Amt :1981.18 Days :236 Avg Daily Profit :-0.004 %
Env #:0 Genome_id # :73 Fitness :64000.84 Final Amt :2863.76 Days :236 Avg Daily Profit :0.165 %
Env #:0 Genome_id # :76 Fitness :8901.67 Final Amt :2008.4 Days :236 Avg Daily Profit :0.008 %
Env #:0 Genome_id # :70 Fitness :113166.38 Final Amt :1461.85 Days :236 Avg Daily Profit :-0.123 %
Env #:0 Genome_id # :81 Fitness :-22144.02 Final Amt :2133.91 Days :236 Avg Daily Profit :0.035 %
Env #:0 Genome_id # :82 Fitness :0.0 Final Amt :2000.0 Days :236 Avg Daily Profit :0.0 %
Env #:0 Genome_id # :86 Fitness :-29279.41 Final Amt :1490.07 Days :236 Avg Daily Profit :-0.114 %
Env #:0 Genome_id # :87 Fitness :3672.31 Final Amt :2032.15 Days :236 Avg Daily Profit :0.019 %
Env #:0 Genome_id # :90 Fitness :14276.92 Final Amt :2220.57 Days :236 Avg Daily Profit :0.052 %
Env #:0 Genome_id # :91 Fitness :41080.85 Final Amt :2776.29 Days :236 Avg Daily Profit :0.147 %
Env #:0 Genome_id # :44 Fitness :83362.1 Final Amt :3650.93 Days :236 Avg Daily Profit :0.265 %
Env #:0 Genome_id # :785 Fitness :66300.78 Final Amt :3002.97 Days :236 Avg Daily Profit :0.182 %
Env #:0 Genome_id # :104 Fitness :6490.32 Final Amt :2045.42 Days :236 Avg Daily Profit :0.022 %
Env #:0 Genome_id # :70 Fitness :113166.38 Final Amt :1461.85 Days :236 Avg Daily Profit :-0.123 %
Env #:0 Genome_id # :109 Fitness :-3762.53 Final Amt :1920.87 Days :236 Avg Daily Profit :-0.007 %
Env #:0 Genome_id # :110 Fitness :-7256.28 Final Amt :1965.6 Days :236 Avg Daily Profit :0.003 %
Env #:0 Genome_id # :114 Fitness :19437.46 Final Amt :2278.36 Days :236 Avg Daily Profit :0.063 %
Env #:0 Genome_id # :115 Fitness :-68080.19 Final Amt :1360.19 Days :236 Avg Daily Profit :-0.153 %
Env #:0 Genome_id # :718 Fitness :98091.94 Final Amt :2048.97 Days :236 Avg Daily Profit :0.018 %
Env #:0 Genome_id # :120 Fitness :-30842.59 Final Amt :1887.76 Days :236 Avg Daily Profit :-0.016 %
Env #:0 Genome_id # :73 Fitness :64000.84 Final Amt :2863.76 Days :236 Avg Daily Profit :0.165 %
Env #:0 Genome_id # :127 Fitness :803.76 Final Amt :1913.3 Days :236 Avg Daily Profit :-0.008 %
Env #:0 Genome_id # :38 Fitness :103632.35 Final Amt :2159.36 Days :236 Avg Daily Profit :0.042 %
Env #:0 Genome_id # :718 Fitness :98091.94 Final Amt :2048.97 Days :236 Avg Daily Profit :0.018 %
Env #:0 Genome_id # :73 Fitness :64000.84 Final Amt :2863.76 Days :236 Avg Daily Profit :0.165 %
Env #:0 Genome_id # :141 Fitness :83496.85 Final Amt :3446.22 Days :236 Avg Daily Profit :0.245 %
Env #:0 Genome_id # :146 Fitness :60035.29 Final Amt :2723.7 Days :236 Avg Daily Profit :0.141 %
Env #:0 Genome_id # :147 Fitness :33922.57 Final Amt :2817.9 Days :236 Avg Daily Profit :0.156 %
Env #:0 Genome_id # :153 Fitness :25348.16 Final Amt :1945.63 Days :236 Avg Daily Profit :-0.005 %
Env #:0 Genome_id # :154 Fitness :29669.37 Final Amt :2006.64 Days :236 Avg Daily Profit :0.009 %
Env #:0 Genome_id # :158 Fitness :16505.84 Final Amt :1935.03 Days :236 Avg Daily Profit :-0.003 %
Env #:0 Genome_id # :159 Fitness :721.58 Final Amt :2109.56 Days :236 Avg Daily Profit :0.031 %
Env #:0 Genome_id # :38 Fitness :103632.35 Final Amt :2159.36 Days :236 Avg Daily Profit :0.042 %
Env #:0 Genome_id # :718 Fitness :98091.94 Final Amt :2048.97 Days :236 Avg Daily Profit :0.018 %
Env #:0 Genome_id # :785 Fitness :66300.78 Final Amt :3002.97 Days :236 Avg Daily Profit :0.182 %
Env #:0 Genome_id # :169 Fitness :-3709.05 Final Amt :1675.14 Days :236 Avg Daily Profit :-0.06 %
Env #:0 Genome_id # :177 Fitness :-20704.33 Final Amt :1630.49 Days :236 Avg Daily Profit :-0.078 %
Env #:0 Genome_id # :178 Fitness :2311.22 Final Amt :2075.54 Days :236 Avg Daily Profit :0.025 %
Env #:0 Genome_id # :181 Fitness :33932.45 Final Amt :2210.57 Days :236 Avg Daily Profit :0.061 %
Env #:0 Genome_id # :182 Fitness :40346.88 Final Amt :2345.93 Days :236 Avg Daily Profit :0.084 %
Env #:0 Genome_id # :186 Fitness :-15606.63 Final Amt :1845.76 Days :236 Avg Daily Profit :-0.028 %
Env #:0 Genome_id # :187 Fitness :644.78 Final Amt :1983.36 Days :236 Avg Daily Profit :0.005 %
Env #:0 Genome_id # :188 Fitness :9230.01 Final Amt :2140.08 Days :236 Avg Daily Profit :0.039 %
Env #:0 Genome_id # :163 Fitness :122196.6 Final Amt :2215.9 Days :236 Avg Daily Profit :0.056 %
Env #:0 Genome_id # :785 Fitness :66300.78 Final Amt :3002.97 Days :236 Avg Daily Profit :0.182 %
Env #:0 Genome_id # :197 Fitness :17579.95 Final Amt :2242.13 Days :236 Avg Daily Profit :0.057 %
Env #:0 Genome_id # :38 Fitness :103632.35 Final Amt :2159.36 Days :236 Avg Daily Profit :0.042 %
Env #:0 Genome_id # :204 Fitness :1375.06 Final Amt :1980.3 Days :236 Avg Daily Profit :0.005 %
Env #:0 Genome_id # :209 Fitness :0.0 Final Amt :2000.0 Days :236 Avg Daily Profit :0.0 %
Env #:0 Genome_id # :210 Fitness :-37005.16 Final Amt :2048.93 Days :236 Avg Daily Profit :0.022 %
Env #:0 Genome_id # :212 Fitness :-1393.22 Final Amt :2077.98 Days :236 Avg Daily Profit :0.029 %
Env #:0 Genome_id # :213 Fitness :6995.51 Final Amt :2048.83 Days :236 Avg Daily Profit :0.02 %
Env #:0 Genome_id # :70 Fitness :113166.38 Final Amt :1461.85 Days :236 Avg Daily Profit :-0.123 %Env #:0 Genome_id # :242 Fitness :-6902.13 Final Amt :2043.01 Days :236 Avg Daily Profit :0.022 %
Env #:0 Genome_id # :942 Fitness :23709.67 Final Amt :2321.84 Days :236 Avg Daily Profit :0.073 %
Env #:0 Genome_id # :718 Fitness :98091.94 Final Amt :2048.97 Days :236 Avg Daily Profit :0.018 %
Env #:0 Genome_id # :335 Fitness :53037.61 Final Amt :2662.29 Days :236 Avg Daily Profit :0.132 %
Env #:0 Genome_id # :927 Fitness :60544.33 Final Amt :2957.52 Days :236 Avg Daily Profit :0.176 %
Env #:0 Genome_id # :829 Fitness :52606.88 Final Amt :2794.58 Days :236 Avg Daily Profit :0.15 %
Env #:0 Genome_id # :4 Fitness :1837.13 Final Amt :2030.97 Days :236 Avg Daily Profit :0.02 %
Env #:0 Genome_id # :5 Fitness :8840.74 Final Amt :2035.21 Days :236 Avg Daily Profit :0.02 %
Env #:0 Genome_id # :6 Fitness :17202.69 Final Amt :1920.8 Days :236 Avg Daily Profit :-0.009 %
Env #:0 Genome_id # :7 Fitness :-23371.45 Final Amt :2089.45 Days :236 Avg Daily Profit :0.027 %
Env #:0 Genome_id # :13 Fitness :26245.32 Final Amt :2290.36 Days :236 Avg Daily Profit :0.062 %
Env #:0 Genome_id # :14 Fitness :8585.43 Final Amt :2177.29 Days :236 Avg Daily Profit :0.044 %
Env #:0 Genome_id # :18 Fitness :-4548.42 Final Amt :1934.56 Days :236 Avg Daily Profit :-0.005 %
Env #:0 Genome_id # :19 Fitness :32547.1 Final Amt :2225.78 Days :236 Avg Daily Profit :0.056 %
Env #:0 Genome_id # :23 Fitness :22897.15 Final Amt :2258.53 Days :236 Avg Daily Profit :0.063 %
Env #:0 Genome_id # :24 Fitness :58555.41 Final Amt :1988.93 Days :236 Avg Daily Profit :0.008 %
Env #:0 Genome_id # :927 Fitness :60544.33 Final Amt :2957.52 Days :236 Avg Daily Profit :0.176 %
Env #:0 Genome_id # :29 Fitness :-24859.21 Final Amt :1878.61 Days :236 Avg Daily Profit :-0.018 %
Env #:0 Genome_id # :37 Fitness :-7220.26 Final Amt :1870.22 Days :236 Avg Daily Profit :-0.021 %
Env #:0 Genome_id # :38 Fitness :103632.35 Final Amt :2159.36 Days :236 Avg Daily Profit :0.042 %
Env #:0 Genome_id # :927 Fitness :60544.33 Final Amt :2957.52 Days :236 Avg Daily Profit :0.176 %
Env #:0 Genome_id # :43 Fitness :61402.82 Final Amt :2520.9 Days :236 Avg Daily Profit :0.107 %
Env #:0 Genome_id # :38 Fitness :103632.35 Final Amt :2159.36 Days :236 Avg Daily Profit :0.042 %
Env #:0 Genome_id # :718 Fitness :98091.94 Final Amt :2048.97 Days :236 Avg Daily Profit :0.018 %
Env #:0 Genome_id # :929 Fitness :62141.47 Final Amt :2831.87 Days :236 Avg Daily Profit :0.159 %
Env #:0 Genome_id # :57 Fitness :8735.73 Final Amt :2006.48 Days :236 Avg Daily Profit :0.014 %
Env #:0 Genome_id # :65 Fitness :-13184.53 Final Amt :1759.2 Days :236 Avg Daily Profit :-0.045 %
Env #:0 Genome_id # :66 Fitness :70960.16 Final Amt :2097.98 Days :236 Avg Daily Profit :0.031 %
Env #:0 Genome_id # :44 Fitness :83362.1 Final Amt :3650.93 Days :236 Avg Daily Profit :0.265 %
Env #:0 Genome_id # :785 Fitness :66300.78 Final Amt :3002.97 Days :236 Avg Daily Profit :0.182 %
Env #:0 Genome_id # :77 Fitness :-52276.23 Final Amt :2360.92 Days :236 Avg Daily Profit :0.081 %
Env #:0 Genome_id # :78 Fitness :-1368.81 Final Amt :2128.95 Days :236 Avg Daily Profit :0.033 %
Env #:0 Genome_id # :73 Fitness :64000.84 Final Amt :2863.76 Days :236 Avg Daily Profit :0.165 %
Env #:0 Genome_id # :85 Fitness :6510.46 Final Amt :2000.2 Days :236 Avg Daily Profit :0.01 %
Env #:0 Genome_id # :70 Fitness :113166.38 Final Amt :1461.85 Days :236 Avg Daily Profit :-0.123 %
Env #:0 Genome_id # :38 Fitness :103632.35 Final Amt :2159.36 Days :236 Avg Daily Profit :0.042 %
Env #:0 Genome_id # :95 Fitness :-30776.35 Final Amt :1885.76 Days :236 Avg Daily Profit :-0.015 %
Env #:0 Genome_id # :96 Fitness :74110.14 Final Amt :1911.21 Days :236 Avg Daily Profit :-0.011 %
Env #:0 Genome_id # :102 Fitness :-71082.18 Final Amt :1442.35 Days :236 Avg Daily Profit :-0.124 %
Env #:0 Genome_id # :103 Fitness :10857.31 Final Amt :2121.15 Days :236 Avg Daily Profit :0.034 %
Env #:0 Genome_id # :38 Fitness :103632.35 Final Amt :2159.36 Days :236 Avg Daily Profit :0.042 %
Env #:0 Genome_id # :718 Fitness :98091.94 Final Amt :2048.97 Days :236 Avg Daily Profit :0.018 %
Env #:0 Genome_id # :111 Fitness :-11195.14 Final Amt :1733.28 Days :236 Avg Daily Profit :-0.052 %
Env #:0 Genome_id # :112 Fitness :-11832.93 Final Amt :1905.8 Days :236 Avg Daily Profit :-0.012 %
Env #:0 Genome_id # :116 Fitness :-3466.63 Final Amt :1593.14 Days :236 Avg Daily Profit :-0.089 %
Env #:0 Genome_id # :117 Fitness :1053.3 Final Amt :1682.43 Days :236 Avg Daily Profit :-0.063 %
Env #:0 Genome_id # :70 Fitness :113166.38 Final Amt :1461.85 Days :236 Avg Daily Profit :-0.123 %
Env #:0 Genome_id # :38 Fitness :103632.35 Final Amt :2159.36 Days :236 Avg Daily Profit :0.042 %
Env #:0 Genome_id # :44 Fitness :83362.1 Final Amt :3650.93 Days :236 Avg Daily Profit :0.265 %
Env #:0 Genome_id # :785 Fitness :66300.78 Final Amt :3002.97 Days :236 Avg Daily Profit :0.182 %
Env #:0 Genome_id # :135 Fitness :45951.65 Final Amt :1913.23 Days :236 Avg Daily Profit :-0.008 %
Env #:0 Genome_id # :136 Fitness :-104614.47 Final Amt :1871.5 Days :236 Avg Daily Profit :-0.019 %
Env #:0 Genome_id # :139 Fitness :0.0 Final Amt :2000.0 Days :236 Avg Daily Profit :0.0 %
Env #:0 Genome_id # :140 Fitness :3959.8 Final Amt :1975.38 Days :236 Avg Daily Profit :0.0 %
Env #:0 Genome_id # :144 Fitness :37297.78 Final Amt :2712.42 Days :236 Avg Daily Profit :0.139 %
Env #:0 Genome_id # :145 Fitness :271.35 Final Amt :1740.81 Days :236 Avg Daily Profit :-0.049 %
Env #:0 Genome_id # :718 Fitness :98091.94 Final Amt :2048.97 Days :236 Avg Daily Profit :0.018 %
Env #:0 Genome_id # :148 Fitness :0.0 Final Amt :2000.0 Days :236 Avg Daily Profit :0.0 %
Env #:0 Genome_id # :151 Fitness :-49990.78 Final Amt :1417.2 Days :236 Avg Daily Profit :-0.138 %
Env #:0 Genome_id # :152 Fitness :-15968.64 Final Amt :2002.61 Days :236 Avg Daily Profit :0.01 %
Env #:0 Genome_id # :156 Fitness :-16748.43 Final Amt :1450.78 Days :236 Avg Daily Profit :-0.127 %
Env #:0 Genome_id # :157 Fitness :722.41 Final Amt :1987.06 Days :236 Avg Daily Profit :0.007 %
Env #:0 Genome_id # :163 Fitness :122196.6 Final Amt :2215.9 Days :236 Avg Daily Profit :0.056 %
Env #:0 Genome_id # :164 Fitness :0.0 Final Amt :2000.0 Days :236 Avg Daily Profit :0.0 %
Env #:0 Genome_id # :165 Fitness :-57565.49 Final Amt :1624.18 Days :236 Avg Daily Profit :-0.078 %
Env #:0 Genome_id # :166 Fitness :32228.21 Final Amt :2200.9 Days :236 Avg Daily Profit :0.06 %
Env #:0 Genome_id # :170 Fitness :32789.69 Final Amt :2225.43 Days :236 Avg Daily Profit :0.058 %
Env #:0 Genome_id # :171 Fitness :-35659.37 Final Amt :2030.28 Days :236 Avg Daily Profit :0.016 %
Env #:0 Genome_id # :174 Fitness :-58618.84 Final Amt :1059.12 Days :236 Avg Daily Profit :-0.262 %
Env #:0 Genome_id # :175 Fitness :-10394.58 Final Amt :1988.58 Days :236 Avg Daily Profit :0.008 %
Env #:0 Genome_id # :179 Fitness :27930.04 Final Amt :1536.06 Days :236 Avg Daily Profit :-0.097 %
Env #:0 Genome_id # :180 Fitness :43854.76 Final Amt :2700.61 Days :236 Avg Daily Profit :0.136 %
Env #:0 Genome_id # :184 Fitness :22400.48 Final Amt :2514.53 Days :236 Avg Daily Profit :0.109 %
Env #:0 Genome_id # :185 Fitness :2911.04 Final Amt :1972.96 Days :236 Avg Daily Profit :0.003 %
Env #:0 Genome_id # :70 Fitness :113166.38 Final Amt :1461.85 Days :236 Avg Daily Profit :-0.123 %
Env #:0 Genome_id # :38 Fitness :103632.35 Final Amt :2159.36 Days :236 Avg Daily Profit :0.042 %
Env #:0 Genome_id # :141 Fitness :83496.85 Final Amt :3446.22 Days :236 Avg Daily Profit :0.245 %
Env #:0 Genome_id # :44 Fitness :83362.1 Final Amt :3650.93 Days :236 Avg Daily Profit :0.265 %
Env #:0 Genome_id # :202 Fitness :50479.3 Final Amt :2621.05 Days :236 Avg Daily Profit :0.125 %
Env #:0 Genome_id # :203 Fitness :394.6 Final Amt :1885.14 Days :236 Avg Daily Profit :-0.014 %
Env #:0 Genome_id # :207 Fitness :4461.78 Final Amt :2055.37 Days :236 Avg Daily Profit :0.012 %
Env #:0 Genome_id # :208 Fitness :54115.05 Final Amt :1766.78 Days :236 Avg Daily Profit :-0.042 %
Env #:0 Genome_id # :214 Fitness :7619.97 Final Amt :1999.49 Days :236 Avg Daily Profit :0.009 %
Env #:0 Genome_id # :215 Fitness :-89743.83 Final Amt :2396.47 Days :236 Avg Daily Profit :0.088 %
Env #:0 Genome_id # :216 Fitness :-4612.87 Final Amt :1877.23 Days :236 Avg Daily Profit :-0.017 %Env #:0 Genome_id # :871 Fitness :23623.15 Final Amt :2871.27 Days :236 Avg Daily Profit :0.165 %
Env #:0 Genome_id # :365 Fitness :91215.19 Final Amt :2325.71 Days :236 Avg Daily Profit :0.078 %
Env #:0 Genome_id # :1072 Fitness :84103.38 Final Amt :2094.19 Days :236 Avg Daily Profit :0.029 %
Env #:0 Genome_id # :785 Fitness :66300.78 Final Amt :3002.97 Days :236 Avg Daily Profit :0.182 %
Env #:0 Genome_id # :914 Fitness :14958.63 Final Amt :2114.42 Days :236 Avg Daily Profit :0.034 %
Env #:0 Genome_id # :31 Fitness :32384.33 Final Amt :2420.95 Days :236 Avg Daily Profit :0.093 %
Env #:0 Genome_id # :2 Fitness :58736.35 Final Amt :3052.21 Days :236 Avg Daily Profit :0.189 %
Env #:0 Genome_id # :3 Fitness :-11146.31 Final Amt :1899.17 Days :236 Avg Daily Profit :-0.011 %
Env #:0 Genome_id # :1072 Fitness :84103.38 Final Amt :2094.19 Days :236 Avg Daily Profit :0.029 %
Env #:0 Genome_id # :10 Fitness :0.0 Final Amt :2000.0 Days :236 Avg Daily Profit :0.0 %
Env #:0 Genome_id # :11 Fitness :17993.22 Final Amt :2228.32 Days :236 Avg Daily Profit :0.054 %
Env #:0 Genome_id # :12 Fitness :94445.51 Final Amt :1995.08 Days :236 Avg Daily Profit :0.007 %
Env #:0 Genome_id # :16 Fitness :-238.3 Final Amt :1920.45 Days :236 Avg Daily Profit :-0.009 %
Env #:0 Genome_id # :17 Fitness :54254.56 Final Amt :2739.77 Days :236 Avg Daily Profit :0.144 %
Env #:0 Genome_id # :718 Fitness :98091.94 Final Amt :2048.97 Days :236 Avg Daily Profit :0.018 %
Env #:0 Genome_id # :12 Fitness :94445.51 Final Amt :1995.08 Days :236 Avg Daily Profit :0.007 %
Env #:0 Genome_id # :785 Fitness :66300.78 Final Amt :3002.97 Days :236 Avg Daily Profit :0.182 %
Env #:0 Genome_id # :929 Fitness :62141.47 Final Amt :2831.87 Days :236 Avg Daily Profit :0.159 %
Env #:0 Genome_id # :35 Fitness :-43124.73 Final Amt :1467.36 Days :236 Avg Daily Profit :-0.123 %
Env #:0 Genome_id # :36 Fitness :16275.28 Final Amt :1914.19 Days :236 Avg Daily Profit :-0.009 %
Env #:0 Genome_id # :785 Fitness :66300.78 Final Amt :3002.97 Days :236 Avg Daily Profit :0.182 %
Env #:0 Genome_id # :929 Fitness :62141.47 Final Amt :2831.87 Days :236 Avg Daily Profit :0.159 %
Env #:0 Genome_id # :12 Fitness :94445.51 Final Amt :1995.08 Days :236 Avg Daily Profit :0.007 %
Env #:0 Genome_id # :50 Fitness :-7324.32 Final Amt :1931.13 Days :236 Avg Daily Profit :-0.005 %
Env #:0 Genome_id # :55 Fitness :-16455.58 Final Amt :1934.24 Days :236 Avg Daily Profit :-0.006 %
Env #:0 Genome_id # :56 Fitness :38229.22 Final Amt :2402.76 Days :236 Avg Daily Profit :0.089 %
Env #:0 Genome_id # :58 Fitness :16873.77 Final Amt :2154.51 Days :236 Avg Daily Profit :0.041 %
Env #:0 Genome_id # :59 Fitness :-11424.67 Final Amt :2047.28 Days :236 Avg Daily Profit :0.019 %
Env #:0 Genome_id # :64 Fitness :-845.78 Final Amt :1930.78 Days :236 Avg Daily Profit :-0.006 %
Env #:0 Genome_id # :38 Fitness :103632.35 Final Amt :2159.36 Days :236 Avg Daily Profit :0.042 %
Env #:0 Genome_id # :69 Fitness :-37918.09 Final Amt :2014.31 Days :236 Avg Daily Profit :0.013 %
Env #:0 Genome_id # :70 Fitness :113166.38 Final Amt :1461.85 Days :236 Avg Daily Profit :-0.123 %
Env #:0 Genome_id # :74 Fitness :-4341.37 Final Amt :1981.97 Days :236 Avg Daily Profit :0.005 %
Env #:0 Genome_id # :75 Fitness :-2624.16 Final Amt :1989.52 Days :236 Avg Daily Profit :0.005 %
Env #:0 Genome_id # :38 Fitness :103632.35 Final Amt :2159.36 Days :236 Avg Daily Profit :0.042 %
Env #:0 Genome_id # :718 Fitness :98091.94 Final Amt :2048.97 Days :236 Avg Daily Profit :0.018 %
Env #:0 Genome_id # :44 Fitness :83362.1 Final Amt :3650.93 Days :236 Avg Daily Profit :0.265 %
Env #:0 Genome_id # :785 Fitness :66300.78 Final Amt :3002.97 Days :236 Avg Daily Profit :0.182 %
Env #:0 Genome_id # :93 Fitness :1947.27 Final Amt :1980.84 Days :236 Avg Daily Profit :0.005 %
Env #:0 Genome_id # :94 Fitness :569.28 Final Amt :1921.61 Days :236 Avg Daily Profit :-0.008 %
Env #:0 Genome_id # :97 Fitness :1567.89 Final Amt :1964.55 Days :236 Avg Daily Profit :0.0 %
Env #:0 Genome_id # :98 Fitness :827.41 Final Amt :1971.12 Days :236 Avg Daily Profit :0.003 %
Env #:0 Genome_id # :100 Fitness :-83776.78 Final Amt :1614.64 Days :236 Avg Daily Profit :-0.084 %
Env #:0 Genome_id # :101 Fitness :29013.15 Final Amt :1933.92 Days :236 Avg Daily Profit :-0.007 %
Env #:0 Genome_id # :107 Fitness :19900.72 Final Amt :2066.69 Days :236 Avg Daily Profit :0.023 %
Env #:0 Genome_id # :108 Fitness :-19498.84 Final Amt :2086.9 Days :236 Avg Daily Profit :0.027 %
Env #:0 Genome_id # :44 Fitness :83362.1 Final Amt :3650.93 Days :236 Avg Daily Profit :0.265 %
Env #:0 Genome_id # :785 Fitness :66300.78 Final Amt :3002.97 Days :236 Avg Daily Profit :0.182 %
Env #:0 Genome_id # :121 Fitness :0.0 Final Amt :2000.0 Days :236 Avg Daily Profit :0.0 %
Env #:0 Genome_id # :122 Fitness :-22057.58 Final Amt :1931.27 Days :236 Avg Daily Profit :-0.006 %
Env #:0 Genome_id # :123 Fitness :-4296.57 Final Amt :2385.65 Days :236 Avg Daily Profit :0.081 %
Env #:0 Genome_id # :124 Fitness :-18401.42 Final Amt :1895.96 Days :236 Avg Daily Profit :-0.012 %
Env #:0 Genome_id # :128 Fitness :-2733.93 Final Amt :1764.13 Days :236 Avg Daily Profit :-0.041 %
Env #:0 Genome_id # :129 Fitness :-2447.16 Final Amt :1874.8 Days :236 Avg Daily Profit :-0.019 %
Env #:0 Genome_id # :132 Fitness :2716.38 Final Amt :1915.41 Days :236 Avg Daily Profit :-0.01 %
Env #:0 Genome_id # :70 Fitness :113166.38 Final Amt :1461.85 Days :236 Avg Daily Profit :-0.123 %
Env #:0 Genome_id # :44 Fitness :83362.1 Final Amt :3650.93 Days :236 Avg Daily Profit :0.265 %
Env #:0 Genome_id # :785 Fitness :66300.78 Final Amt :3002.97 Days :236 Avg Daily Profit :0.182 %
Env #:0 Genome_id # :70 Fitness :113166.38 Final Amt :1461.85 Days :236 Avg Daily Profit :-0.123 %
Env #:0 Genome_id # :38 Fitness :103632.35 Final Amt :2159.36 Days :236 Avg Daily Profit :0.042 %
Env #:0 Genome_id # :141 Fitness :83496.85 Final Amt :3446.22 Days :236 Avg Daily Profit :0.245 %
Env #:0 Genome_id # :44 Fitness :83362.1 Final Amt :3650.93 Days :236 Avg Daily Profit :0.265 %
Env #:0 Genome_id # :162 Fitness :22582.17 Final Amt :2049.11 Days :236 Avg Daily Profit :0.024 %
Env #:0 Genome_id # :70 Fitness :113166.38 Final Amt :1461.85 Days :236 Avg Daily Profit :-0.123 %
Env #:0 Genome_id # :141 Fitness :83496.85 Final Amt :3446.22 Days :236 Avg Daily Profit :0.245 %
Env #:0 Genome_id # :44 Fitness :83362.1 Final Amt :3650.93 Days :236 Avg Daily Profit :0.265 %
Env #:0 Genome_id # :38 Fitness :103632.35 Final Amt :2159.36 Days :236 Avg Daily Profit :0.042 %
Env #:0 Genome_id # :176 Fitness :72351.55 Final Amt :1827.29 Days :236 Avg Daily Profit :-0.029 %
Env #:0 Genome_id # :785 Fitness :66300.78 Final Amt :3002.97 Days :236 Avg Daily Profit :0.182 %
Env #:0 Genome_id # :183 Fitness :21861.91 Final Amt :2381.86 Days :236 Avg Daily Profit :0.085 %
Env #:0 Genome_id # :189 Fitness :-19366.64 Final Amt :1937.07 Days :236 Avg Daily Profit :-0.004 %
Env #:0 Genome_id # :190 Fitness :836.09 Final Amt :1981.44 Days :236 Avg Daily Profit :0.005 %
Env #:0 Genome_id # :195 Fitness :-572.31 Final Amt :1996.66 Days :236 Avg Daily Profit :0.009 %
Env #:0 Genome_id # :196 Fitness :1901.79 Final Amt :2076.29 Days :236 Avg Daily Profit :0.025 %
Env #:0 Genome_id # :200 Fitness :-96923.91 Final Amt :1465.34 Days :236 Avg Daily Profit :-0.123 %
Env #:0 Genome_id # :201 Fitness :83831.09 Final Amt :3711.57 Days :236 Avg Daily Profit :0.273 %
Env #:0 Genome_id # :163 Fitness :122196.6 Final Amt :2215.9 Days :236 Avg Daily Profit :0.056 %
Env #:0 Genome_id # :70 Fitness :113166.38 Final Amt :1461.85 Days :236 Avg Daily Profit :-0.123 %
Env #:0 Genome_id # :44 Fitness :83362.1 Final Amt :3650.93 Days :236 Avg Daily Profit :0.265 %
Env #:0 Genome_id # :211 Fitness :10315.11 Final Amt :2001.05 Days :236 Avg Daily Profit :0.009 %
Env #:0 Genome_id # :217 Fitness :17816.94 Final Amt :2084.43 Days :236 Avg Daily Profit :0.033 %
Env #:0 Genome_id # :218 Fitness :7366.07 Final Amt :1911.55 Days :236 Avg Daily Profit :-0.011 %
Env #:0 Genome_id # :201 Fitness :83831.09 Final Amt :3711.57 Days :236 Avg Daily Profit :0.273 %
Env #:0 Genome_id # :141 Fitness :83496.85 Final Amt :3446.22 Days :236 Avg Daily Profit :0.245 %
Env #:0 Genome_id # :941 Fitness :35941.51 Final Amt :2517.41 Days :236 Avg Daily Profit :0.107 %
Env #:0 Genome_id # :263 Fitness :-10779.75 Final Amt :2094.15 Days :236 Avg Daily Profit :0.03 %
Env #:0 Genome_id # :1042 Fitness :39223.96 Final Amt :2250.28 Days :236 Avg Daily Profit :0.058 %
Env #:0 Genome_id # :594 Fitness :51992.26 Final Amt :2631.12 Days :236 Avg Daily Profit :0.126 %
Env #:0 Genome_id # :785 Fitness :66300.78 Final Amt :3002.97 Days :236 Avg Daily Profit :0.182 %
Env #:0 Genome_id # :929 Fitness :62141.47 Final Amt :2831.87 Days :236 Avg Daily Profit :0.159 %
Env #:0 Genome_id # :718 Fitness :98091.94 Final Amt :2048.97 Days :236 Avg Daily Profit :0.018 %
Env #:0 Genome_id # :365 Fitness :91215.19 Final Amt :2325.71 Days :236 Avg Daily Profit :0.078 %
Env #:0 Genome_id # :785 Fitness :66300.78 Final Amt :3002.97 Days :236 Avg Daily Profit :0.182 %
Env #:0 Genome_id # :929 Fitness :62141.47 Final Amt :2831.87 Days :236 Avg Daily Profit :0.159 %
Env #:0 Genome_id # :365 Fitness :91215.19 Final Amt :2325.71 Days :236 Avg Daily Profit :0.078 %
Env #:0 Genome_id # :22 Fitness :34430.87 Final Amt :1467.55 Days :236 Avg Daily Profit :-0.118 %
Env #:0 Genome_id # :27 Fitness :60121.26 Final Amt :2845.95 Days :236 Avg Daily Profit :0.157 %
Env #:0 Genome_id # :28 Fitness :28703.42 Final Amt :1956.47 Days :236 Avg Daily Profit :-0.002 %
Env #:0 Genome_id # :32 Fitness :36553.7 Final Amt :2577.48 Days :236 Avg Daily Profit :0.111 %
Env #:0 Genome_id # :33 Fitness :42845.66 Final Amt :2424.89 Days :236 Avg Daily Profit :0.09 %
Env #:0 Genome_id # :34 Fitness :24180.95 Final Amt :2137.06 Days :236 Avg Daily Profit :0.038 %
Env #:0 Genome_id # :718 Fitness :98091.94 Final Amt :2048.97 Days :236 Avg Daily Profit :0.018 %
Env #:0 Genome_id # :39 Fitness :1870.27 Final Amt :2017.92 Days :236 Avg Daily Profit :0.004 %
Env #:0 Genome_id # :40 Fitness :-741.94 Final Amt :1946.52 Days :236 Avg Daily Profit :-0.002 %
Env #:0 Genome_id # :44 Fitness :83362.1 Final Amt :3650.93 Days :236 Avg Daily Profit :0.265 %
Env #:0 Genome_id # :45 Fitness :20534.07 Final Amt :2300.79 Days :236 Avg Daily Profit :0.069 %
Env #:0 Genome_id # :51 Fitness :-11782.99 Final Amt :1940.15 Days :236 Avg Daily Profit :-0.002 %
Env #:0 Genome_id # :52 Fitness :-9577.94 Final Amt :1967.26 Days :236 Avg Daily Profit :0.004 %
Env #:0 Genome_id # :44 Fitness :83362.1 Final Amt :3650.93 Days :236 Avg Daily Profit :0.265 %
Env #:0 Genome_id # :785 Fitness :66300.78 Final Amt :3002.97 Days :236 Avg Daily Profit :0.182 %
Env #:0 Genome_id # :718 Fitness :98091.94 Final Amt :2048.97 Days :236 Avg Daily Profit :0.018 %
Env #:0 Genome_id # :12 Fitness :94445.51 Final Amt :1995.08 Days :236 Avg Daily Profit :0.007 %
Env #:0 Genome_id # :929 Fitness :62141.47 Final Amt :2831.87 Days :236 Avg Daily Profit :0.159 %
Env #:0 Genome_id # :71 Fitness :11833.5 Final Amt :1812.84 Days :236 Avg Daily Profit :-0.029 %
Env #:0 Genome_id # :79 Fitness :9825.07 Final Amt :1996.18 Days :236 Avg Daily Profit :0.01 %
Env #:0 Genome_id # :80 Fitness :1251.88 Final Amt :1981.26 Days :236 Avg Daily Profit :0.005 %
Env #:0 Genome_id # :83 Fitness :-5183.9 Final Amt :1912.4 Days :236 Avg Daily Profit :-0.013 %
Env #:0 Genome_id # :84 Fitness :-55833.15 Final Amt :1881.58 Days :236 Avg Daily Profit :-0.015 %
Env #:0 Genome_id # :88 Fitness :26257.32 Final Amt :2481.36 Days :236 Avg Daily Profit :0.101 %
Env #:0 Genome_id # :89 Fitness :-9120.59 Final Amt :1876.51 Days :236 Avg Daily Profit :-0.016 %
Env #:0 Genome_id # :718 Fitness :98091.94 Final Amt :2048.97 Days :236 Avg Daily Profit :0.018 %
Env #:0 Genome_id # :92 Fitness :24337.75 Final Amt :2002.75 Days :236 Avg Daily Profit :0.009 %
Env #:0 Genome_id # :73 Fitness :64000.84 Final Amt :2863.76 Days :236 Avg Daily Profit :0.165 %
Env #:0 Genome_id # :99 Fitness :19858.1 Final Amt :2244.93 Days :236 Avg Daily Profit :0.058 %
Env #:0 Genome_id # :105 Fitness :22789.05 Final Amt :1782.01 Days :236 Avg Daily Profit :-0.037 %
Env #:0 Genome_id # :106 Fitness :41653.2 Final Amt :1991.71 Days :236 Avg Daily Profit :0.012 %
Env #:0 Genome_id # :73 Fitness :64000.84 Final Amt :2863.76 Days :236 Avg Daily Profit :0.165 %
Env #:0 Genome_id # :113 Fitness :1297.3 Final Amt :1980.34 Days :236 Avg Daily Profit :0.005 %
Env #:0 Genome_id # :118 Fitness :49950.95 Final Amt :2780.17 Days :236 Avg Daily Profit :0.151 %
Env #:0 Genome_id # :119 Fitness :7374.7 Final Amt :1993.46 Days :236 Avg Daily Profit :0.009 %
Env #:0 Genome_id # :125 Fitness :11616.53 Final Amt :2043.9 Days :236 Avg Daily Profit :0.02 %
Env #:0 Genome_id # :126 Fitness :-120.9 Final Amt :1807.24 Days :236 Avg Daily Profit :-0.034 %
Env #:0 Genome_id # :130 Fitness :-11866.07 Final Amt :1908.29 Days :236 Avg Daily Profit :-0.011 %
Env #:0 Genome_id # :131 Fitness :38175.42 Final Amt :2549.3 Days :236 Avg Daily Profit :0.113 %
Env #:0 Genome_id # :133 Fitness :-1915.83 Final Amt :1922.8 Days :236 Avg Daily Profit :-0.009 %
Env #:0 Genome_id # :134 Fitness :44357.84 Final Amt :2659.94 Days :236 Avg Daily Profit :0.129 %
Env #:0 Genome_id # :137 Fitness :7547.14 Final Amt :1925.97 Days :236 Avg Daily Profit :-0.002 %
Env #:0 Genome_id # :138 Fitness :-70613.45 Final Amt :1967.63 Days :236 Avg Daily Profit :0.003 %
Env #:0 Genome_id # :142 Fitness :14488.48 Final Amt :2202.4 Days :236 Avg Daily Profit :0.049 %
Env #:0 Genome_id # :143 Fitness :62429.15 Final Amt :3336.86 Days :236 Avg Daily Profit :0.23 %
Env #:0 Genome_id # :149 Fitness :720.97 Final Amt :1983.43 Days :236 Avg Daily Profit :0.005 %
Env #:0 Genome_id # :150 Fitness :19415.16 Final Amt :2018.9 Days :236 Avg Daily Profit :0.013 %
Env #:0 Genome_id # :785 Fitness :66300.78 Final Amt :3002.97 Days :236 Avg Daily Profit :0.182 %
Env #:0 Genome_id # :155 Fitness :3134.51 Final Amt :1973.28 Days :236 Avg Daily Profit :0.004 %
Env #:0 Genome_id # :160 Fitness :-1957.64 Final Amt :1905.0 Days :236 Avg Daily Profit :-0.012 %
Env #:0 Genome_id # :161 Fitness :32692.02 Final Amt :2453.8 Days :236 Avg Daily Profit :0.096 %
Env #:0 Genome_id # :167 Fitness :2688.72 Final Amt :1825.82 Days :236 Avg Daily Profit :-0.03 %
Env #:0 Genome_id # :168 Fitness :1506.87 Final Amt :1991.17 Days :236 Avg Daily Profit :0.007 %
Env #:0 Genome_id # :172 Fitness :-16868.35 Final Amt :1895.39 Days :236 Avg Daily Profit :-0.014 %
Env #:0 Genome_id # :173 Fitness :-5446.01 Final Amt :1726.13 Days :236 Avg Daily Profit :-0.055 %
Env #:0 Genome_id # :163 Fitness :122196.6 Final Amt :2215.9 Days :236 Avg Daily Profit :0.056 %
Env #:0 Genome_id # :70 Fitness :113166.38 Final Amt :1461.85 Days :236 Avg Daily Profit :-0.123 %
Env #:0 Genome_id # :141 Fitness :83496.85 Final Amt :3446.22 Days :236 Avg Daily Profit :0.245 %
Env #:0 Genome_id # :44 Fitness :83362.1 Final Amt :3650.93 Days :236 Avg Daily Profit :0.265 %
Env #:0 Genome_id # :191 Fitness :-1323.94 Final Amt :1969.69 Days :236 Avg Daily Profit :-0.006 %
Env #:0 Genome_id # :192 Fitness :6568.77 Final Amt :2127.99 Days :236 Avg Daily Profit :0.036 %
Env #:0 Genome_id # :193 Fitness :99917.83 Final Amt :2334.4 Days :236 Avg Daily Profit :0.076 %
Env #:0 Genome_id # :194 Fitness :-2572.25 Final Amt :1997.86 Days :236 Avg Daily Profit :0.009 %
Env #:0 Genome_id # :198 Fitness :17768.83 Final Amt :1946.86 Days :236 Avg Daily Profit :-0.0 %
Env #:0 Genome_id # :199 Fitness :20645.82 Final Amt :2220.98 Days :236 Avg Daily Profit :0.053 %
Env #:0 Genome_id # :205 Fitness :140.46 Final Amt :1961.28 Days :236 Avg Daily Profit :0.0 %
Env #:0 Genome_id # :206 Fitness :29633.55 Final Amt :2004.35 Days :236 Avg Daily Profit :0.01 %
Env #:0 Genome_id # :201 Fitness :83831.09 Final Amt :3711.57 Days :236 Avg Daily Profit :0.273 %
Env #:0 Genome_id # :141 Fitness :83496.85 Final Amt :3446.22 Days :236 Avg Daily Profit :0.245 %
Env #:0 Genome_id # :219 Fitness :10112.78 Final Amt :1996.44 Days :236 Avg Daily Profit :0.011 %
Env #:0 Genome_id # :220 Fitness :138793.42 Final Amt :1535.79 Days :236 Avg Daily Profit :-0.105 %
Env #:0 Genome_id # :44 Fitness :83362.1 Final Amt :3650.93 Days :236 Avg Daily Profit :0.265 %
Env #:0 Genome_id # :225 Fitness :546.23 Final Amt :1973.17 Days :236 Avg Daily Profit :0.003 %
Env #:0 Genome_id # :220 Fitness :138793.42 Final Amt :1535.79 Days :236 Avg Daily Profit :-0.105 %
   ID   age  size  fitness  adj fit  stag
  ====  ===  ====  =======  =======  ====
     1   14    10  122196.6    0.409   -69
     2   14    10  83496.8    0.352   -67
Total extinctions: 0
Generation time: 2456.863 sec (2493.679 average)
Saving checkpoint to neat-checkpoint-14

 ****** Running generation 15 ****** 

Population's average fitness: 35932.57395 stdev: 53005.23305
Best fitness: 122196.59600 - size: (6, 21) - species 1 - id 163
Average adjusted fitness: 0.606
Mean genetic distance 2.187, standard deviation 0.814
Population of 20 members in 2 species:
   ID   age  size  fitness  adj fit  stag
  ====  ===  ====  =======  =======  ====
     1   15    11  122196.6    0.621   -68
     2   15     9  83831.1    0.592   -66
Total extinctions: 0
Generation time: 2435.726 sec (2489.130 average)
Saving checkpoint to neat-checkpoint-15

 ****** Running generation 16 ****** 

Population's average fitness: 35323.87855 stdev: 56987.62192
Best fitness: 138793.41600 - size: (6, 27) - species 1 - id 220
Average adjusted fitness: 0.541
Mean genetic distance 2.145, standard deviation 0.779
Population of 20 members in 2 species:
   ID   age  size  fitness  adj fit  stag
  ====  ===  ====  =======  =======  ====
     1   16    12  138793.4    0.602   -67
     2   16     8  83831.1    0.480   -65
Total extinctions: 0
Generation time: 2516.108 sec (2499.186 average)
Saving checkpoint to neat-checkpoint-16

 ****** Running generation 17 ****** 

Population's average fitness: 35525.27825 stdev: 52558.18959
Best fitness: 138793.41600 - size: (6, 27) - species 1 - id 220
Average adjusted fitness: 0.446
Mean genetic distance 2.305, standard deviation 0.762
Population of 20 members in 2 species:
   ID   age  size  fitness  adj fit  stag
  ====  ===  ====  =======  =======  ====
     1   17    11  138793.4    0.404   -66
     2   17     9  83831.1    0.488   -64
Total extinctions: 0
Generation time: 2455.308 sec (2498.284 average)
Saving checkpoint to neat-checkpoint-17

 ****** Running generation 18 ****** 

Population's average fitness: 32976.20050 stdev: 55561.00895
Best fitness: 138793.41600 - size: (6, 27) - species 1 - id 220
Average adjusted fitness: 0.443
Mean genetic distance 2.311, standard deviation 0.743
Population of 20 members in 2 species:
   ID   age  size  fitness  adj fit  stag
  ====  ===  ====  =======  =======  ====
     1   18    10  138793.4    0.430   -65
     2   18    10  83831.1    0.456   -63
Total extinctions: 0
Generation time: 2459.867 sec (2495.816 average)
Saving checkpoint to neat-checkpoint-18

 ****** Running generation 19 ****** 

Population's average fitness: 37052.17965 stdev: 56495.68951
Best fitness: 138793.41600 - size: (6, 27) - species 1 - id 220
Average adjusted fitness: 0.572
Mean genetic distance 2.328, standard deviation 0.784
Population of 20 members in 2 species:
   ID   age  size  fitness  adj fit  stag
  ====  ===  ====  =======  =======  ====
     1   19    11  138793.4    0.635   -64
     2   19     9  83831.1    0.509   -62
Total extinctions: 0
Generation time: 2452.421 sec (2484.410 average)
Saving checkpoint to neat-checkpoint-19

 ****** Running generation 20 ****** 

Population's average fitness: 35811.64115 stdev: 60849.60837
Best fitness: 138793.41600 - size: (6, 27) - species 1 - id 220
Average adjusted fitness: 0.413
Mean genetic distance 2.246, standard deviation 0.801
Population of 20 members in 2 species:
   ID   age  size  fitness  adj fit  stag
  ====  ===  ====  =======  =======  ====
     1   20    10  138793.4    0.434   -63
     2   20    10  101945.2    0.393   -61
Total extinctions: 0
Generation time: 2452.921 sec (2484.010 average)
Saving checkpoint to neat-checkpoint-20

 ****** Running generation 21 ****** 

Population's average fitness: 31942.11595 stdev: 67161.35489
Best fitness: 138793.41600 - size: (6, 27) - species 1 - id 220
Average adjusted fitness: 0.533
Mean genetic distance 2.155, standard deviation 0.894
Population of 20 members in 3 species:
   ID   age  size  fitness  adj fit  stag
  ====  ===  ====  =======  =======  ====
     1   21     4  138793.4    0.529   -62
     2   21    11  101945.2    0.536   -60
     3    0     5       --       --     0
Total extinctions: 0
Generation time: 2507.156 sec (2481.676 average)
Saving checkpoint to neat-checkpoint-21

 ****** Running generation 22 ****** 

Population's average fitness: 49949.43335 stdev: 53613.61340
Best fitness: 138793.41600 - size: (6, 27) - species 3 - id 220
Average adjusted fitness: 0.514
Mean genetic distance 2.292, standard deviation 0.815
Population of 20 members in 3 species:
   ID   age  size  fitness  adj fit  stag
  ====  ===  ====  =======  =======  ====
     1   22     3  132305.0    0.530   -61
     2   22     9  101945.2    0.544   -59
     3    1     8  138793.4    0.467     0
Total extinctions: 0
Generation time: 2438.353 sec (2472.297 average)
Saving checkpoint to neat-checkpoint-22

 ****** Running generation 23 ****** 

Population's average fitness: 42438.69550 stdev: 53912.12246
Best fitness: 138793.41600 - size: (6, 27) - species 3 - id 220
Average adjusted fitness: 0.517
Mean genetic distance 2.221, standard deviation 0.850
Population of 20 members in 3 species:
   ID   age  size  fitness  adj fit  stag
  ====  ===  ====  =======  =======  ====
     1   23     5  122196.6    0.508   -60
     2   23     8  101945.2    0.530   -58
     3    2     7  138793.4    0.512     1
Total extinctions: 0
Generation time: 2398.060 sec (2457.278 average)
Saving checkpoint to neat-checkpoint-23

 ****** Running generation 24 ****** 

Population's average fitness: 34141.83085 stdev: 58238.51849
Best fitness: 138793.41600 - size: (6, 27) - species 3 - id 220
Average adjusted fitness: 0.486
Mean genetic distance 2.173, standard deviation 0.917
Population of 21 members in 3 species:
   ID   age  size  fitness  adj fit  stag
  ====  ===  ====  =======  =======  ====
     1   24     6  122196.6    0.449   -59
     2   24     7  101945.2    0.471   -57
     3    3     8  138793.4    0.537     2
Total extinctions: 0
Generation time: 2468.654 sec (2458.457 average)
Saving checkpoint to neat-checkpoint-24

 ****** Running generation 25 ****** 

Population's average fitness: 35121.32486 stdev: 61065.67545
Best fitness: 138793.41600 - size: (6, 27) - species 3 - id 220
Average adjusted fitness: 0.599
Mean genetic distance 2.134, standard deviation 0.941
Population of 19 members in 3 species:
   ID   age  size  fitness  adj fit  stag
  ====  ===  ====  =======  =======  ====
     1   25     6  122196.6    0.557   -58
     2   25     7  101945.2    0.666   -56
     3    4     6  138793.4    0.574     3
Total extinctions: 0
Generation time: 2481.833 sec (2463.068 average)
Saving checkpoint to neat-checkpoint-25

 ****** Running generation 26 ****** 

Population's average fitness: 34780.15558 stdev: 60076.93900
Best fitness: 138793.41600 - size: (6, 27) - species 3 - id 220
Average adjusted fitness: 0.463
Mean genetic distance 2.245, standard deviation 0.861
Population of 20 members in 3 species:
   ID   age  size  fitness  adj fit  stag
  ====  ===  ====  =======  =======  ====
     1   26     5  122196.6    0.392   -57
     2   26     8  101945.2    0.501   -55
     3    5     7  138793.4    0.496     4
Total extinctions: 0
Generation time: 2492.033 sec (2460.661 average)
Saving checkpoint to neat-checkpoint-26

 ****** Running generation 27 ****** 

Population's average fitness: 36131.75300 stdev: 61331.11459
Best fitness: 138793.41600 - size: (6, 27) - species 3 - id 220
Average adjusted fitness: 0.451
Mean genetic distance 2.250, standard deviation 0.853
Population of 19 members in 3 species:
   ID   age  size  fitness  adj fit  stag
  ====  ===  ====  =======  =======  ====
     1   27     6  122196.6    0.400   -56
     2   27     7  101945.2    0.491   -54
     3    6     6  138793.4    0.460     5
Total extinctions: 0
Generation time: 2374.187 sec (2452.548 average)
Saving checkpoint to neat-checkpoint-27

 ****** Running generation 28 ****** 

Population's average fitness: 53327.76226 stdev: 49158.64260
Best fitness: 138793.41600 - size: (6, 27) - species 3 - id 220
Average adjusted fitness: 0.430
Mean genetic distance 2.298, standard deviation 0.807
Env #:0 Genome_id # :163 Fitness :122196.6 Final Amt :2215.9 Days :236 Avg Daily Profit :0.056 %
Env #:0 Genome_id # :44 Fitness :83362.1 Final Amt :3650.93 Days :236 Avg Daily Profit :0.265 %
Env #:0 Genome_id # :239 Fitness :-50680.89 Final Amt :1110.06 Days :236 Avg Daily Profit :-0.241 %
Env #:0 Genome_id # :245 Fitness :451.53 Final Amt :1892.62 Days :236 Avg Daily Profit :-0.013 %
Env #:0 Genome_id # :246 Fitness :18432.62 Final Amt :1710.49 Days :236 Avg Daily Profit :-0.058 %
Env #:0 Genome_id # :201 Fitness :83831.09 Final Amt :3711.57 Days :236 Avg Daily Profit :0.273 %
Env #:0 Genome_id # :141 Fitness :83496.85 Final Amt :3446.22 Days :236 Avg Daily Profit :0.245 %
Env #:0 Genome_id # :70 Fitness :113166.38 Final Amt :1461.85 Days :236 Avg Daily Profit :-0.123 %
Env #:0 Genome_id # :260 Fitness :68479.53 Final Amt :1932.5 Days :236 Avg Daily Profit :-0.005 %
Env #:0 Genome_id # :201 Fitness :83831.09 Final Amt :3711.57 Days :236 Avg Daily Profit :0.273 %
Env #:0 Genome_id # :141 Fitness :83496.85 Final Amt :3446.22 Days :236 Avg Daily Profit :0.245 %
Env #:0 Genome_id # :273 Fitness :7786.63 Final Amt :1854.8 Days :236 Avg Daily Profit :-0.023 %
Env #:0 Genome_id # :274 Fitness :-20578.6 Final Amt :1934.87 Days :236 Avg Daily Profit :-0.0 %
Env #:0 Genome_id # :268 Fitness :101945.18 Final Amt :2449.41 Days :236 Avg Daily Profit :0.097 %
Env #:0 Genome_id # :201 Fitness :83831.09 Final Amt :3711.57 Days :236 Avg Daily Profit :0.273 %
Env #:0 Genome_id # :289 Fitness :-10474.68 Final Amt :1917.76 Days :236 Avg Daily Profit :-0.006 %
Env #:0 Genome_id # :290 Fitness :-85084.18 Final Amt :1701.62 Days :236 Avg Daily Profit :-0.059 %
Env #:0 Genome_id # :268 Fitness :101945.18 Final Amt :2449.41 Days :236 Avg Daily Profit :0.097 %
Env #:0 Genome_id # :201 Fitness :83831.09 Final Amt :3711.57 Days :236 Avg Daily Profit :0.273 %
Env #:0 Genome_id # :294 Fitness :132304.97 Final Amt :1665.7 Days :236 Avg Daily Profit :-0.068 %
Env #:0 Genome_id # :163 Fitness :122196.6 Final Amt :2215.9 Days :236 Avg Daily Profit :0.056 %
Env #:0 Genome_id # :268 Fitness :101945.18 Final Amt :2449.41 Days :236 Avg Daily Profit :0.097 %
Env #:0 Genome_id # :299 Fitness :99228.92 Final Amt :3944.95 Days :236 Avg Daily Profit :0.298 %
Env #:0 Genome_id # :315 Fitness :146.93 Final Amt :1872.94 Days :236 Avg Daily Profit :-0.016 %
Env #:0 Genome_id # :316 Fitness :11271.53 Final Amt :2176.45 Days :236 Avg Daily Profit :0.038 %
Env #:0 Genome_id # :304 Fitness :26894.05 Final Amt :1963.96 Days :236 Avg Daily Profit :-0.0 %
Env #:0 Genome_id # :317 Fitness :-6465.92 Final Amt :1862.8 Days :236 Avg Daily Profit :-0.028 %
Env #:0 Genome_id # :321 Fitness :7276.15 Final Amt :2137.06 Days :236 Avg Daily Profit :0.029 %
Env #:0 Genome_id # :322 Fitness :-65833.65 Final Amt :1802.02 Days :236 Avg Daily Profit :-0.033 %
Env #:0 Genome_id # :163 Fitness :122196.6 Final Amt :2215.9 Days :236 Avg Daily Profit :0.056 %
Env #:0 Genome_id # :315 Fitness :146.93 Final Amt :1872.94 Days :236 Avg Daily Profit :-0.016 %
Env #:0 Genome_id # :329 Fitness :-28729.86 Final Amt :1997.69 Days :236 Avg Daily Profit :0.009 %
Env #:0 Genome_id # :330 Fitness :25.0 Final Amt :2097.93 Days :236 Avg Daily Profit :0.029 %
Env #:0 Genome_id # :334 Fitness :7145.92 Final Amt :2007.02 Days :236 Avg Daily Profit :0.011 %
Env #:0 Genome_id # :163 Fitness :122196.6 Final Amt :2215.9 Days :236 Avg Daily Profit :0.056 %
Env #:0 Genome_id # :335 Fitness :18006.19 Final Amt :1695.42 Days :236 Avg Daily Profit :-0.061 %
Env #:0 Genome_id # :336 Fitness :-23230.91 Final Amt :1866.07 Days :236 Avg Daily Profit :-0.017 %
Env #:0 Genome_id # :338 Fitness :-4425.72 Final Amt :1621.82 Days :236 Avg Daily Profit :-0.08 %
Env #:0 Genome_id # :339 Fitness :55890.99 Final Amt :2132.89 Days :236 Avg Daily Profit :0.036 %
Env #:0 Genome_id # :346 Fitness :4404.07 Final Amt :2038.89 Days :236 Avg Daily Profit :0.017 %
Env #:0 Genome_id # :163 Fitness :122196.6 Final Amt :2215.9 Days :236 Avg Daily Profit :0.056 %
Env #:0 Genome_id # :294 Fitness :132304.97 Final Amt :1665.7 Days :236 Avg Daily Profit :-0.068 %
Env #:0 Genome_id # :339 Fitness :55890.99 Final Amt :2132.89 Days :236 Avg Daily Profit :0.036 %
Env #:0 Genome_id # :295 Fitness :90665.28 Final Amt :3636.13 Days :236 Avg Daily Profit :0.263 %
Env #:0 Genome_id # :353 Fitness :-11056.02 Final Amt :1944.83 Days :236 Avg Daily Profit :-0.002 %
Env #:0 Genome_id # :163 Fitness :122196.6 Final Amt :2215.9 Days :236 Avg Daily Profit :0.056 %
Env #:0 Genome_id # :326 Fitness :20399.5 Final Amt :1900.16 Days :236 Avg Daily Profit :-0.01 %
Env #:0 Genome_id # :362 Fitness :-21536.73 Final Amt :1696.48 Days :236 Avg Daily Profit :-0.065 %
Env #:0 Genome_id # :363 Fitness :47225.55 Final Amt :2556.89 Days :236 Avg Daily Profit :0.112 %
Env #:0 Genome_id # :365 Fitness :12697.06 Final Amt :2005.47 Days :236 Avg Daily Profit :0.011 %
Env #:0 Genome_id # :366 Fitness :103064.89 Final Amt :2492.37 Days :236 Avg Daily Profit :0.099 %
Env #:0 Genome_id # :326 Fitness :20399.5 Final Amt :1900.16 Days :236 Avg Daily Profit :-0.01 %
Env #:0 Genome_id # :347 Fitness :19887.82 Final Amt :1895.21 Days :236 Avg Daily Profit :-0.01 %
Env #:0 Genome_id # :373 Fitness :19913.37 Final Amt :2299.22 Days :236 Avg Daily Profit :0.066 %
Env #:0 Genome_id # :375 Fitness :71887.75 Final Amt :2079.38 Days :236 Avg Daily Profit :0.029 %
Env #:0 Genome_id # :376 Fitness :-72062.99 Final Amt :1932.9 Days :236 Avg Daily Profit :-0.008 %
Env #:0 Genome_id # :294 Fitness :132304.97 Final Amt :1665.7 Days :236 Avg Daily Profit :-0.068 %
Env #:0 Genome_id # :339 Fitness :55890.99 Final Amt :2132.89 Days :236 Avg Daily Profit :0.036 %
Env #:0 Genome_id # :233 Fitness :-32297.51 Final Amt :1531.77 Days :236 Avg Daily Profit :-0.11 %
Env #:0 Genome_id # :234 Fitness :19885.78 Final Amt :2383.49 Days :236 Avg Daily Profit :0.076 %
Env #:0 Genome_id # :235 Fitness :2559.59 Final Amt :1860.29 Days :236 Avg Daily Profit :-0.022 %
Env #:0 Genome_id # :236 Fitness :50593.48 Final Amt :2024.69 Days :236 Avg Daily Profit :0.017 %
Env #:0 Genome_id # :240 Fitness :19910.26 Final Amt :2122.57 Days :236 Avg Daily Profit :0.035 %
Env #:0 Genome_id # :241 Fitness :-30315.56 Final Amt :1958.55 Days :236 Avg Daily Profit :-0.001 %
Env #:0 Genome_id # :244 Fitness :-7944.2 Final Amt :2062.52 Days :236 Avg Daily Profit :0.023 %
Env #:0 Genome_id # :220 Fitness :138793.42 Final Amt :1535.79 Days :236 Avg Daily Profit :-0.105 %
Env #:0 Genome_id # :251 Fitness :-33428.38 Final Amt :1553.84 Days :236 Avg Daily Profit :-0.1 %
Env #:0 Genome_id # :252 Fitness :-14971.35 Final Amt :1788.25 Days :236 Avg Daily Profit :-0.04 %
Env #:0 Genome_id # :256 Fitness :-98940.06 Final Amt :1856.68 Days :236 Avg Daily Profit :-0.025 %
Env #:0 Genome_id # :257 Fitness :29169.05 Final Amt :2369.33 Days :236 Avg Daily Profit :0.08 %
Env #:0 Genome_id # :261 Fitness :7593.1 Final Amt :1948.75 Days :236 Avg Daily Profit :-0.004 %
Env #:0 Genome_id # :262 Fitness :84118.17 Final Amt :2480.96 Days :236 Avg Daily Profit :0.101 %
Env #:0 Genome_id # :44 Fitness :83362.1 Final Amt :3650.93 Days :236 Avg Daily Profit :0.265 %
Env #:0 Genome_id # :267 Fitness :18456.55 Final Amt :2882.08 Days :236 Avg Daily Profit :0.167 %
Env #:0 Genome_id # :163 Fitness :122196.6 Final Amt :2215.9 Days :236 Avg Daily Profit :0.056 %
Env #:0 Genome_id # :70 Fitness :113166.38 Final Amt :1461.85 Days :236 Avg Daily Profit :-0.123 %
Env #:0 Genome_id # :279 Fitness :14882.48 Final Amt :2269.09 Days :236 Avg Daily Profit :0.058 %
Env #:0 Genome_id # :280 Fitness :-9949.17 Final Amt :1965.87 Days :236 Avg Daily Profit :0.001 %
Env #:0 Genome_id # :284 Fitness :18214.27 Final Amt :2037.96 Days :236 Avg Daily Profit :0.018 %
Env #:0 Genome_id # :285 Fitness :3540.19 Final Amt :2200.25 Days :236 Avg Daily Profit :0.053 %
Env #:0 Genome_id # :220 Fitness :138793.42 Final Amt :1535.79 Days :236 Avg Daily Profit :-0.105 %
Env #:0 Genome_id # :163 Fitness :122196.6 Final Amt :2215.9 Days :236 Avg Daily Profit :0.056 %
Env #:0 Genome_id # :293 Fitness :-7409.49 Final Amt :1937.73 Days :236 Avg Daily Profit :-0.006 %
Env #:0 Genome_id # :294 Fitness :132304.97 Final Amt :1665.7 Days :236 Avg Daily Profit :-0.068 %
Env #:0 Genome_id # :298 Fitness :9105.87 Final Amt :2035.14 Days :236 Avg Daily Profit :0.02 %
Env #:0 Genome_id # :299 Fitness :99228.92 Final Amt :3944.95 Days :236 Avg Daily Profit :0.298 %
Env #:0 Genome_id # :300 Fitness :-11011.76 Final Amt :1981.65 Days :236 Avg Daily Profit :0.007 %
Env #:0 Genome_id # :301 Fitness :48371.98 Final Amt :3648.25 Days :236 Avg Daily Profit :0.267 %
Env #:0 Genome_id # :307 Fitness :33854.41 Final Amt :2220.9 Days :236 Avg Daily Profit :0.052 %
Env #:0 Genome_id # :308 Fitness :-1736.66 Final Amt :1940.39 Days :236 Avg Daily Profit :-0.001 %
Env #:0 Genome_id # :312 Fitness :-61695.93 Final Amt :2087.24 Days :236 Avg Daily Profit :0.028 %
Env #:0 Genome_id # :313 Fitness :13306.52 Final Amt :1971.63 Days :236 Avg Daily Profit :0.003 %
Env #:0 Genome_id # :314 Fitness :4242.74 Final Amt :2000.01 Days :236 Avg Daily Profit :0.01 %
Env #:0 Genome_id # :294 Fitness :132304.97 Final Amt :1665.7 Days :236 Avg Daily Profit :-0.068 %
Env #:0 Genome_id # :318 Fitness :126.57 Final Amt :1938.73 Days :236 Avg Daily Profit :-0.004 %
Env #:0 Genome_id # :319 Fitness :-9735.53 Final Amt :1809.39 Days :236 Avg Daily Profit :-0.033 %
Env #:0 Genome_id # :323 Fitness :-41946.2 Final Amt :2030.27 Days :236 Avg Daily Profit :0.017 %
Env #:0 Genome_id # :324 Fitness :13411.92 Final Amt :2149.15 Days :236 Avg Daily Profit :0.044 %
Env #:0 Genome_id # :308 Fitness :-1736.66 Final Amt :1940.39 Days :236 Avg Daily Profit :-0.001 %
Env #:0 Genome_id # :325 Fitness :-10827.68 Final Amt :1812.51 Days :236 Avg Daily Profit :-0.039 %
Env #:0 Genome_id # :327 Fitness :9728.02 Final Amt :2026.63 Days :236 Avg Daily Profit :0.016 %
Env #:0 Genome_id # :328 Fitness :22562.15 Final Amt :2035.43 Days :236 Avg Daily Profit :0.016 %
Env #:0 Genome_id # :332 Fitness :4387.48 Final Amt :2019.24 Days :236 Avg Daily Profit :0.013 %
Env #:0 Genome_id # :333 Fitness :59030.52 Final Amt :3617.67 Days :236 Avg Daily Profit :0.262 %
Env #:0 Genome_id # :337 Fitness :6538.01 Final Amt :1650.04 Days :236 Avg Daily Profit :-0.069 %
Env #:0 Genome_id # :220 Fitness :138793.42 Final Amt :1535.79 Days :236 Avg Daily Profit :-0.105 %
Env #:0 Genome_id # :342 Fitness :8886.81 Final Amt :2114.29 Days :236 Avg Daily Profit :0.026 %
Env #:0 Genome_id # :295 Fitness :90665.28 Final Amt :3636.13 Days :236 Avg Daily Profit :0.263 %
Env #:0 Genome_id # :343 Fitness :12143.06 Final Amt :1994.27 Days :236 Avg Daily Profit :0.006 %
Env #:0 Genome_id # :326 Fitness :20399.5 Final Amt :1900.16 Days :236 Avg Daily Profit :-0.01 %
Env #:0 Genome_id # :335 Fitness :18006.19 Final Amt :1695.42 Days :236 Avg Daily Profit :-0.061 %
Env #:0 Genome_id # :350 Fitness :-55685.51 Final Amt :1812.79 Days :236 Avg Daily Profit :-0.033 %
Env #:0 Genome_id # :351 Fitness :5152.62 Final Amt :2010.64 Days :236 Avg Daily Profit :0.012 %
Env #:0 Genome_id # :356 Fitness :13564.03 Final Amt :2207.54 Days :236 Avg Daily Profit :0.05 %
Env #:0 Genome_id # :357 Fitness :-4586.62 Final Amt :2176.43 Days :236 Avg Daily Profit :0.045 %
Env #:0 Genome_id # :294 Fitness :132304.97 Final Amt :1665.7 Days :236 Avg Daily Profit :-0.068 %
Env #:0 Genome_id # :339 Fitness :55890.99 Final Amt :2132.89 Days :236 Avg Daily Profit :0.036 %
Env #:0 Genome_id # :295 Fitness :90665.28 Final Amt :3636.13 Days :236 Avg Daily Profit :0.263 %
Env #:0 Genome_id # :364 Fitness :-804.37 Final Amt :2024.15 Days :236 Avg Daily Profit :0.014 %
Env #:0 Genome_id # :294 Fitness :132304.97 Final Amt :1665.7 Days :236 Avg Daily Profit :-0.068 %
Env #:0 Genome_id # :339 Fitness :55890.99 Final Amt :2132.89 Days :236 Avg Daily Profit :0.036 %
Env #:0 Genome_id # :299 Fitness :99228.92 Final Amt :3944.95 Days :236 Avg Daily Profit :0.298 %
Env #:0 Genome_id # :374 Fitness :-59174.14 Final Amt :2156.34 Days :236 Avg Daily Profit :0.04 %
Env #:0 Genome_id # :326 Fitness :20399.5 Final Amt :1900.16 Days :236 Avg Daily Profit :-0.01 %
Env #:0 Genome_id # :379 Fitness :-107031.85 Final Amt :1883.66 Days :236 Avg Daily Profit :-0.016 %

Env #:0 Genome_id # :38 Fitness :103632.35 Final Amt :2159.36 Days :236 Avg Daily Profit :0.042 %
Env #:0 Genome_id # :221 Fitness :-31856.94 Final Amt :2051.12 Days :236 Avg Daily Profit :0.017 %
Env #:0 Genome_id # :222 Fitness :-1042.01 Final Amt :1981.72 Days :236 Avg Daily Profit :-0.004 %
Env #:0 Genome_id # :226 Fitness :28953.87 Final Amt :3484.1 Days :236 Avg Daily Profit :0.245 %
Env #:0 Genome_id # :227 Fitness :7796.08 Final Amt :2025.22 Days :236 Avg Daily Profit :0.018 %
Env #:0 Genome_id # :70 Fitness :113166.38 Final Amt :1461.85 Days :236 Avg Daily Profit :-0.123 %
Env #:0 Genome_id # :230 Fitness :-4663.61 Final Amt :1946.16 Days :236 Avg Daily Profit :-0.003 %
Env #:0 Genome_id # :237 Fitness :-11808.23 Final Amt :1828.19 Days :236 Avg Daily Profit :-0.037 %
Env #:0 Genome_id # :238 Fitness :-11193.93 Final Amt :1985.15 Days :236 Avg Daily Profit :0.005 %
Env #:0 Genome_id # :242 Fitness :76576.92 Final Amt :3515.06 Days :236 Avg Daily Profit :0.252 %
Env #:0 Genome_id # :243 Fitness :62984.97 Final Amt :2539.28 Days :236 Avg Daily Profit :0.111 %
Env #:0 Genome_id # :247 Fitness :0.0 Final Amt :2000.0 Days :236 Avg Daily Profit :0.0 %
Env #:0 Genome_id # :248 Fitness :2638.17 Final Amt :1942.22 Days :236 Avg Daily Profit :-0.001 %
Env #:0 Genome_id # :249 Fitness :-539.4 Final Amt :2018.04 Days :236 Avg Daily Profit :0.013 %
Env #:0 Genome_id # :250 Fitness :-8437.1 Final Amt :1985.4 Days :236 Avg Daily Profit :0.008 %
Env #:0 Genome_id # :254 Fitness :3876.63 Final Amt :2007.86 Days :236 Avg Daily Profit :0.012 %
Env #:0 Genome_id # :255 Fitness :7582.72 Final Amt :2597.89 Days :236 Avg Daily Profit :0.121 %
Env #:0 Genome_id # :258 Fitness :22011.79 Final Amt :2196.07 Days :236 Avg Daily Profit :0.051 %
Env #:0 Genome_id # :259 Fitness :4396.42 Final Amt :2038.16 Days :236 Avg Daily Profit :0.018 %
Env #:0 Genome_id # :263 Fitness :885.0 Final Amt :1984.48 Days :236 Avg Daily Profit :0.005 %
Env #:0 Genome_id # :264 Fitness :2322.57 Final Amt :2202.99 Days :236 Avg Daily Profit :0.049 %
Env #:0 Genome_id # :270 Fitness :-28214.24 Final Amt :1881.58 Days :236 Avg Daily Profit :-0.017 %
Env #:0 Genome_id # :271 Fitness :-31814.89 Final Amt :2126.39 Days :236 Avg Daily Profit :0.034 %
Env #:0 Genome_id # :272 Fitness :-33952.26 Final Amt :1700.97 Days :236 Avg Daily Profit :-0.059 %
Env #:0 Genome_id # :220 Fitness :138793.42 Final Amt :1535.79 Days :236 Avg Daily Profit :-0.105 %
Env #:0 Genome_id # :277 Fitness :7280.83 Final Amt :1878.02 Days :236 Avg Daily Profit :-0.018 %
Env #:0 Genome_id # :278 Fitness :-37317.32 Final Amt :1558.34 Days :236 Avg Daily Profit :-0.102 %
Env #:0 Genome_id # :282 Fitness :-17677.08 Final Amt :1720.43 Days :236 Avg Daily Profit :-0.058 %
Env #:0 Genome_id # :283 Fitness :11262.95 Final Amt :2021.95 Days :236 Avg Daily Profit :0.015 %
Env #:0 Genome_id # :286 Fitness :1040.61 Final Amt :1990.91 Days :236 Avg Daily Profit :0.006 %
Env #:0 Genome_id # :287 Fitness :-7408.68 Final Amt :1857.22 Days :236 Avg Daily Profit :-0.023 %
Env #:0 Genome_id # :141 Fitness :83496.85 Final Amt :3446.22 Days :236 Avg Daily Profit :0.245 %
Env #:0 Genome_id # :295 Fitness :90665.28 Final Amt :3636.13 Days :236 Avg Daily Profit :0.263 %
Env #:0 Genome_id # :302 Fitness :3825.44 Final Amt :2008.43 Days :236 Avg Daily Profit :0.011 %
Env #:0 Genome_id # :220 Fitness :138793.42 Final Amt :1535.79 Days :236 Avg Daily Profit :-0.105 %
Env #:0 Genome_id # :305 Fitness :12070.05 Final Amt :1959.45 Days :236 Avg Daily Profit :0.002 %
Env #:0 Genome_id # :306 Fitness :-12832.95 Final Amt :1592.95 Days :236 Avg Daily Profit :-0.091 %
Env #:0 Genome_id # :310 Fitness :49035.41 Final Amt :2832.74 Days :236 Avg Daily Profit :0.162 %
Env #:0 Genome_id # :311 Fitness :52616.85 Final Amt :3657.59 Days :236 Avg Daily Profit :0.267 %
Env #:0 Genome_id # :220 Fitness :138793.42 Final Amt :1535.79 Days :236 Avg Daily Profit :-0.105 %
Env #:0 Genome_id # :307 Fitness :33854.41 Final Amt :2220.9 Days :236 Avg Daily Profit :0.052 %
Env #:0 Genome_id # :295 Fitness :90665.28 Final Amt :3636.13 Days :236 Avg Daily Profit :0.263 %
Env #:0 Genome_id # :320 Fitness :39372.22 Final Amt :3889.2 Days :236 Avg Daily Profit :0.293 %
Env #:0 Genome_id # :294 Fitness :132304.97 Final Amt :1665.7 Days :236 Avg Daily Profit :-0.068 %
Env #:0 Genome_id # :307 Fitness :33854.41 Final Amt :2220.9 Days :236 Avg Daily Profit :0.052 %
Env #:0 Genome_id # :295 Fitness :90665.28 Final Amt :3636.13 Days :236 Avg Daily Profit :0.263 %
Env #:0 Genome_id # :331 Fitness :3905.6 Final Amt :1999.64 Days :236 Avg Daily Profit :0.01 %
Env #:0 Genome_id # :326 Fitness :20399.5 Final Amt :1900.16 Days :236 Avg Daily Profit :-0.01 %
Env #:0 Genome_id # :315 Fitness :146.93 Final Amt :1872.94 Days :236 Avg Daily Profit :-0.016 %
Env #:0 Genome_id # :340 Fitness :-17811.51 Final Amt :1960.11 Days :236 Avg Daily Profit :-0.0 %
Env #:0 Genome_id # :341 Fitness :-120310.76 Final Amt :1890.83 Days :236 Avg Daily Profit :-0.014 %
Env #:0 Genome_id # :344 Fitness :9056.53 Final Amt :1997.44 Days :236 Avg Daily Profit :0.009 %
Env #:0 Genome_id # :345 Fitness :-24895.03 Final Amt :1779.2 Days :236 Avg Daily Profit :-0.038 %
Env #:0 Genome_id # :349 Fitness :-12404.27 Final Amt :2164.29 Days :236 Avg Daily Profit :0.043 %
Env #:0 Genome_id # :220 Fitness :138793.42 Final Amt :1535.79 Days :236 Avg Daily Profit :-0.105 %
Env #:0 Genome_id # :352 Fitness :-31751.3 Final Amt :1473.69 Days :236 Avg Daily Profit :-0.115 %
Env #:0 Genome_id # :354 Fitness :86129.26 Final Amt :3717.72 Days :236 Avg Daily Profit :0.278 %
Env #:0 Genome_id # :355 Fitness :-35858.3 Final Amt :1594.75 Days :236 Avg Daily Profit :-0.088 %
Env #:0 Genome_id # :359 Fitness :-7609.68 Final Amt :1946.87 Days :236 Avg Daily Profit :-0.002 %
Env #:0 Genome_id # :220 Fitness :138793.42 Final Amt :1535.79 Days :236 Avg Daily Profit :-0.105 %
Env #:0 Genome_id # :360 Fitness :-45586.0 Final Amt :1502.91 Days :236 Avg Daily Profit :-0.114 %
Env #:0 Genome_id # :361 Fitness :-50508.6 Final Amt :2033.96 Days :236 Avg Daily Profit :0.017 %
Env #:0 Genome_id # :367 Fitness :26237.47 Final Amt :2375.16 Days :236 Avg Daily Profit :0.086 %
Env #:0 Genome_id # :163 Fitness :122196.6 Final Amt :2215.9 Days :236 Avg Daily Profit :0.056 %
Env #:0 Genome_id # :368 Fitness :0.0 Final Amt :2000.0 Days :236 Avg Daily Profit :0.0 %
Env #:0 Genome_id # :369 Fitness :37451.93 Final Amt :2886.28 Days :236 Avg Daily Profit :0.169 %
Env #:0 Genome_id # :371 Fitness :49220.59 Final Amt :2092.24 Days :236 Avg Daily Profit :0.031 %
Env #:0 Genome_id # :372 Fitness :-3897.09 Final Amt :1934.26 Days :236 Avg Daily Profit :-0.013 %
Env #:0 Genome_id # :377 Fitness :2638.58 Final Amt :1984.11 Days :236 Avg Daily Profit :0.005 %
Env #:0 Genome_id # :378 Fitness :26648.8 Final Amt :2237.23 Days :236 Avg Daily Profit :0.056 %
Env #:0 Genome_id # :380 Fitness :8564.48 Final Amt :2019.46 Days :236 Avg Daily Profit :0.013 %
Env #:0 Genome_id # :220 Fitness :138793.42 Final Amt :1535.79 Days :236 Avg Daily Profit :-0.105 %
Env #:0 Genome_id # :383 Fitness :119032.63 Final Amt :2061.36 Days :236 Avg Daily Profit :0.019 %
Env #:0 Genome_id # :384 Fitness :0.0 Final Amt :2000.0 Days :236 Avg Daily Profit :0.0 %

Env #:0 Genome_id # :163 Fitness :122196.6 Final Amt :2215.9 Days :236 Avg Daily Profit :0.056 %
Env #:0 Genome_id # :223 Fitness :9816.35 Final Amt :2038.02 Days :236 Avg Daily Profit :0.018 %
Env #:0 Genome_id # :224 Fitness :36604.92 Final Amt :2083.27 Days :236 Avg Daily Profit :0.024 %
Env #:0 Genome_id # :228 Fitness :72266.89 Final Amt :2124.03 Days :236 Avg Daily Profit :0.036 %
Env #:0 Genome_id # :229 Fitness :-2153.73 Final Amt :1984.68 Days :236 Avg Daily Profit :0.008 %
Env #:0 Genome_id # :231 Fitness :-44917.73 Final Amt :2467.31 Days :236 Avg Daily Profit :0.102 %
Env #:0 Genome_id # :232 Fitness :10091.95 Final Amt :1928.4 Days :236 Avg Daily Profit :-0.005 %
Env #:0 Genome_id # :201 Fitness :83831.09 Final Amt :3711.57 Days :236 Avg Daily Profit :0.273 %
Env #:0 Genome_id # :141 Fitness :83496.85 Final Amt :3446.22 Days :236 Avg Daily Profit :0.245 %
Env #:0 Genome_id # :163 Fitness :122196.6 Final Amt :2215.9 Days :236 Avg Daily Profit :0.056 %
Env #:0 Genome_id # :70 Fitness :113166.38 Final Amt :1461.85 Days :236 Avg Daily Profit :-0.123 %
Env #:0 Genome_id # :44 Fitness :83362.1 Final Amt :3650.93 Days :236 Avg Daily Profit :0.265 %
Env #:0 Genome_id # :253 Fitness :2534.59 Final Amt :1998.3 Days :236 Avg Daily Profit :0.008 %
Env #:0 Genome_id # :220 Fitness :138793.42 Final Amt :1535.79 Days :236 Avg Daily Profit :-0.105 %
Env #:0 Genome_id # :163 Fitness :122196.6 Final Amt :2215.9 Days :236 Avg Daily Profit :0.056 %
Env #:0 Genome_id # :265 Fitness :-830.22 Final Amt :1977.21 Days :236 Avg Daily Profit :0.005 %
Env #:0 Genome_id # :266 Fitness :-17002.14 Final Amt :2015.12 Days :236 Avg Daily Profit :0.016 %
Env #:0 Genome_id # :268 Fitness :101945.18 Final Amt :2449.41 Days :236 Avg Daily Profit :0.097 %
Env #:0 Genome_id # :269 Fitness :9650.74 Final Amt :1995.93 Days :236 Avg Daily Profit :0.009 %
Env #:0 Genome_id # :275 Fitness :-28794.53 Final Amt :1844.78 Days :236 Avg Daily Profit :-0.026 %
Env #:0 Genome_id # :276 Fitness :122004.98 Final Amt :2093.44 Days :236 Avg Daily Profit :0.036 %
Env #:0 Genome_id # :141 Fitness :83496.85 Final Amt :3446.22 Days :236 Avg Daily Profit :0.245 %
Env #:0 Genome_id # :281 Fitness :49453.22 Final Amt :2726.92 Days :236 Avg Daily Profit :0.143 %
Env #:0 Genome_id # :276 Fitness :122004.98 Final Amt :2093.44 Days :236 Avg Daily Profit :0.036 %
Env #:0 Genome_id # :288 Fitness :-25859.37 Final Amt :1720.48 Days :236 Avg Daily Profit :-0.057 %
Env #:0 Genome_id # :291 Fitness :-89847.76 Final Amt :1934.09 Days :236 Avg Daily Profit :-0.004 %
Env #:0 Genome_id # :292 Fitness :14519.22 Final Amt :2410.42 Days :236 Avg Daily Profit :0.087 %
Env #:0 Genome_id # :296 Fitness :78938.68 Final Amt :3460.67 Days :236 Avg Daily Profit :0.248 %
Env #:0 Genome_id # :297 Fitness :6141.08 Final Amt :1941.01 Days :236 Avg Daily Profit :-0.003 %
Env #:0 Genome_id # :303 Fitness :-47093.85 Final Amt :2002.08 Days :236 Avg Daily Profit :0.01 %
Env #:0 Genome_id # :304 Fitness :26894.05 Final Amt :1963.96 Days :236 Avg Daily Profit :-0.0 %
Env #:0 Genome_id # :295 Fitness :90665.28 Final Amt :3636.13 Days :236 Avg Daily Profit :0.263 %
Env #:0 Genome_id # :309 Fitness :51778.58 Final Amt :2704.24 Days :236 Avg Daily Profit :0.14 %
Env #:0 Genome_id # :163 Fitness :122196.6 Final Amt :2215.9 Days :236 Avg Daily Profit :0.056 %
Env #:0 Genome_id # :308 Fitness :-1736.66 Final Amt :1940.39 Days :236 Avg Daily Profit :-0.001 %
Env #:0 Genome_id # :268 Fitness :101945.18 Final Amt :2449.41 Days :236 Avg Daily Profit :0.097 %
Env #:0 Genome_id # :299 Fitness :99228.92 Final Amt :3944.95 Days :236 Avg Daily Profit :0.298 %
Env #:0 Genome_id # :326 Fitness :20399.5 Final Amt :1900.16 Days :236 Avg Daily Profit :-0.01 %
Env #:0 Genome_id # :220 Fitness :138793.42 Final Amt :1535.79 Days :236 Avg Daily Profit :-0.105 %
Env #:0 Genome_id # :268 Fitness :101945.18 Final Amt :2449.41 Days :236 Avg Daily Profit :0.097 %
Env #:0 Genome_id # :299 Fitness :99228.92 Final Amt :3944.95 Days :236 Avg Daily Profit :0.298 %
Env #:0 Genome_id # :294 Fitness :132304.97 Final Amt :1665.7 Days :236 Avg Daily Profit :-0.068 %
Env #:0 Genome_id # :307 Fitness :33854.41 Final Amt :2220.9 Days :236 Avg Daily Profit :0.052 %
Env #:0 Genome_id # :268 Fitness :101945.18 Final Amt :2449.41 Days :236 Avg Daily Profit :0.097 %
Env #:0 Genome_id # :299 Fitness :99228.92 Final Amt :3944.95 Days :236 Avg Daily Profit :0.298 %
Env #:0 Genome_id # :347 Fitness :19887.82 Final Amt :1895.21 Days :236 Avg Daily Profit :-0.01 %
Env #:0 Genome_id # :348 Fitness :-44516.07 Final Amt :1444.79 Days :236 Avg Daily Profit :-0.13 %
Env #:0 Genome_id # :268 Fitness :101945.18 Final Amt :2449.41 Days :236 Avg Daily Profit :0.097 %
Env #:0 Genome_id # :299 Fitness :99228.92 Final Amt :3944.95 Days :236 Avg Daily Profit :0.298 %
Env #:0 Genome_id # :347 Fitness :19887.82 Final Amt :1895.21 Days :236 Avg Daily Profit :-0.01 %
Env #:0 Genome_id # :358 Fitness :-28854.52 Final Amt :1901.3 Days :236 Avg Daily Profit :-0.013 %
Env #:0 Genome_id # :268 Fitness :101945.18 Final Amt :2449.41 Days :236 Avg Daily Profit :0.097 %
Env #:0 Genome_id # :299 Fitness :99228.92 Final Amt :3944.95 Days :236 Avg Daily Profit :0.298 %
Env #:0 Genome_id # :370 Fitness :-11969.05 Final Amt :2124.84 Days :236 Avg Daily Profit :0.041 %
Env #:0 Genome_id # :220 Fitness :138793.42 Final Amt :1535.79 Days :236 Avg Daily Profit :-0.105 %
Env #:0 Genome_id # :366 Fitness :103064.89 Final Amt :2492.37 Days :236 Avg Daily Profit :0.099 %
Env #:0 Genome_id # :268 Fitness :101945.18 Final Amt :2449.41 Days :236 Avg Daily Profit :0.097 %
Env #:0 Genome_id # :163 Fitness :122196.6 Final Amt :2215.9 Days :236 Avg Daily Profit :0.056 %
Env #:0 Genome_id # :369 Fitness :37451.93 Final Amt :2886.28 Days :236 Avg Daily Profit :0.169 %
Env #:0 Genome_id # :381 Fitness :-6265.72 Final Amt :2004.34 Days :236 Avg Daily Profit :0.007 %
Env #:0 Genome_id # :382 Fitness :51232.99 Final Amt :2758.74 Days :236 Avg Daily Profit :0.145 %

Population of 20 members in 3 species:
   ID   age  size  fitness  adj fit  stag
  ====  ===  ====  =======  =======  ====
     1   28     5  122196.6    0.287   -55
     2   28     8  103064.9    0.490   -53
     3    7     7  138793.4    0.513     6
Total extinctions: 0
Generation time: 2069.118 sec (2413.474 average)
Saving checkpoint to neat-checkpoint-28

 ****** Running generation 29 ****** 

Population's average fitness: 42337.34585 stdev: 68773.90703
Best fitness: 138793.41600 - size: (6, 27) - species 3 - id 220
Average adjusted fitness: 0.599
Mean genetic distance 2.196, standard deviation 0.858
Population of 21 members in 3 species:
   ID   age  size  fitness  adj fit  stag
  ====  ===  ====  =======  =======  ====
     1   29     6  122196.6    0.502   -54
     2   29     7  103064.9    0.575   -52
     3    8     8  138793.4    0.721     7
Total extinctions: 0
Generation time: 1811.157 sec (2349.347 average)
Saving checkpoint to neat-checkpoint-29
Key: 220
Fitness: 138793.41599999912
Nodes:
	0 DefaultNodeGene(key=0, bias=1.9636738336566641, response=1.0138114060818988, activation=sigmoid, aggregation=min)
	1 DefaultNodeGene(key=1, bias=0.6698682518570913, response=1.3858687430759595, activation=relu, aggregation=product)
	2 DefaultNodeGene(key=2, bias=0.3176091059264998, response=1.0473844457690211, activation=relu, aggregation=sum)
	790 DefaultNodeGene(key=790, bias=1.8597159158073415, response=0.9929736035054894, activation=relu, aggregation=maxabs)
	807 DefaultNodeGene(key=807, bias=2.0327752379469284, response=1.0708202760656111, activation=sigmoid, aggregation=median)
	891 DefaultNodeGene(key=891, bias=1.4448084180231373, response=0.9622326398718615, activation=relu, aggregation=min)
Connections:
	DefaultConnectionGene(key=(-34, 2), weight=2.280475276205224, enabled=False)
	DefaultConnectionGene(key=(-33, 2), weight=0.450743580207148, enabled=False)
	DefaultConnectionGene(key=(-32, 0), weight=0.04560369313727284, enabled=True)
	DefaultConnectionGene(key=(-32, 2), weight=1.9079361705812312, enabled=False)
	DefaultConnectionGene(key=(-31, 1), weight=2.1999268268432615, enabled=True)
	DefaultConnectionGene(key=(-30, 0), weight=-0.39227257723810716, enabled=True)
	DefaultConnectionGene(key=(-30, 2), weight=0.19980137922375385, enabled=True)
	DefaultConnectionGene(key=(-29, 0), weight=2.5303173356606146, enabled=False)
	DefaultConnectionGene(key=(-29, 1), weight=0.6264361698509531, enabled=True)
	DefaultConnectionGene(key=(-28, 2), weight=-2.6287370886990167, enabled=False)
	DefaultConnectionGene(key=(-26, 1), weight=3.367601268373367, enabled=False)
	DefaultConnectionGene(key=(-26, 2), weight=-1.833638878929934, enabled=True)
	DefaultConnectionGene(key=(-26, 790), weight=0.012627791037015612, enabled=True)
	DefaultConnectionGene(key=(-25, 0), weight=0.7544963163639069, enabled=False)
	DefaultConnectionGene(key=(-24, 0), weight=3.625232177975768, enabled=False)
	DefaultConnectionGene(key=(-23, 1), weight=-0.8785294032014505, enabled=True)
	DefaultConnectionGene(key=(-22, 1), weight=-0.7469212030829465, enabled=True)
	DefaultConnectionGene(key=(-22, 2), weight=1.0601113001845812, enabled=True)
	DefaultConnectionGene(key=(-21, 0), weight=-0.4730147335451893, enabled=False)
	DefaultConnectionGene(key=(-20, 1), weight=-2.6887905039867537, enabled=False)
	DefaultConnectionGene(key=(-20, 2), weight=1.6514441014024621, enabled=True)
	DefaultConnectionGene(key=(-19, 0), weight=-0.6416409847193473, enabled=True)
	DefaultConnectionGene(key=(-19, 2), weight=-1.9056825167175822, enabled=True)
	DefaultConnectionGene(key=(-18, 0), weight=0.02452382716656798, enabled=False)
	DefaultConnectionGene(key=(-17, 0), weight=-1.3540964556954036, enabled=True)
	DefaultConnectionGene(key=(-17, 2), weight=-0.8301682588886652, enabled=True)
	DefaultConnectionGene(key=(-13, 0), weight=0.8641044660032309, enabled=True)
	DefaultConnectionGene(key=(-13, 2), weight=2.3089979191235956, enabled=True)
	DefaultConnectionGene(key=(-12, 1), weight=2.0328134937086966, enabled=False)
	DefaultConnectionGene(key=(-12, 2), weight=-0.796942719528549, enabled=False)
	DefaultConnectionGene(key=(-11, 1), weight=-0.16876827012771345, enabled=True)
	DefaultConnectionGene(key=(-10, 0), weight=-1.783356590010719, enabled=False)
	DefaultConnectionGene(key=(-10, 2), weight=1.178630603949217, enabled=False)
	DefaultConnectionGene(key=(-9, 1), weight=0.9925471959224001, enabled=False)
	DefaultConnectionGene(key=(-9, 807), weight=-0.26260600334015705, enabled=True)
	DefaultConnectionGene(key=(-8, 0), weight=0.2548147974206802, enabled=True)
	DefaultConnectionGene(key=(-8, 1), weight=0.9486928248554917, enabled=False)
	DefaultConnectionGene(key=(-8, 2), weight=0.7274242509186764, enabled=False)
	DefaultConnectionGene(key=(-7, 0), weight=2.5452209284062137, enabled=True)
	DefaultConnectionGene(key=(-7, 1), weight=1.6604745957341447, enabled=True)
	DefaultConnectionGene(key=(-6, 2), weight=-0.6798355506683365, enabled=False)
	DefaultConnectionGene(key=(-5, 1), weight=-0.9368012937313698, enabled=False)
	DefaultConnectionGene(key=(-5, 2), weight=-1.5773241439194592, enabled=False)
	DefaultConnectionGene(key=(-4, 0), weight=0.5471000894287692, enabled=False)
	DefaultConnectionGene(key=(-4, 1), weight=-1.6137590019412875, enabled=False)
	DefaultConnectionGene(key=(-4, 891), weight=1.1710819707376208, enabled=True)
	DefaultConnectionGene(key=(-3, 1), weight=2.1475616166138374, enabled=False)
	DefaultConnectionGene(key=(-3, 2), weight=-0.09806459590331851, enabled=False)
	DefaultConnectionGene(key=(-2, 2), weight=0.1087729684679801, enabled=True)
	DefaultConnectionGene(key=(790, 1), weight=-3.9329991176243704, enabled=True)
	DefaultConnectionGene(key=(807, 0), weight=0.689405387764427, enabled=True)
	DefaultConnectionGene(key=(807, 1), weight=1.1541532126727154, enabled=False)
	DefaultConnectionGene(key=(891, 1), weight=-1.756340990390499, enabled=True)
