nohup: ignoring input
Env #:0 Genome_id # :929 Fitness :53352.27 Final Amt :2597.47 Days :236 Avg Daily Profit :0.134 %
Env #:0 Genome_id # :99 Fitness :81461.71 Final Amt :3195.48 Days :236 Avg Daily Profit :0.224 %
Env #:0 Genome_id # :1042 Fitness :142231.86 Final Amt :3091.93 Days :236 Avg Daily Profit :0.206 %
Env #:0 Genome_id # :594 Fitness :64590.1 Final Amt :2894.73 Days :236 Avg Daily Profit :0.18 %
Env #:0 Genome_id # :1042 Fitness :142231.86 Final Amt :3091.93 Days :236 Avg Daily Profit :0.206 %
Env #:0 Genome_id # :942 Fitness :90395.53 Final Amt :3946.42 Days :236 Avg Daily Profit :0.31 %
Env #:0 Genome_id # :6 Fitness :-16119.61 Final Amt :1667.32 Days :236 Avg Daily Profit :-0.062 %
Env #:0 Genome_id # :7 Fitness :11485.58 Final Amt :2142.16 Days :236 Avg Daily Profit :0.031 %
Env #:0 Genome_id # :11 Fitness :1451.02 Final Amt :2130.35 Days :236 Avg Daily Profit :0.04 %
Env #:0 Genome_id # :12 Fitness :70674.91 Final Amt :3248.0 Days :236 Avg Daily Profit :0.227 %
Env #:0 Genome_id # :16 Fitness :15641.69 Final Amt :1710.99 Days :236 Avg Daily Profit :-0.048 %
Env #:0 Genome_id # :17 Fitness :-605.19 Final Amt :2027.94 Days :236 Avg Daily Profit :0.021 %
Env #:0 Genome_id # :23 Fitness :50349.48 Final Amt :2288.47 Days :236 Avg Daily Profit :0.078 %
Env #:0 Genome_id # :24 Fitness :97064.8 Final Amt :2370.94 Days :236 Avg Daily Profit :0.091 %
Env #:0 Genome_id # :27 Fitness :-8693.3 Final Amt :1690.18 Days :236 Avg Daily Profit :-0.056 %
Env #:0 Genome_id # :28 Fitness :15766.09 Final Amt :2159.93 Days :236 Avg Daily Profit :0.036 %
Env #:0 Genome_id # :30 Fitness :-9675.36 Final Amt :2172.61 Days :236 Avg Daily Profit :0.056 %
Env #:0 Genome_id # :31 Fitness :95588.9 Final Amt :3395.17 Days :236 Avg Daily Profit :0.243 %
Env #:0 Genome_id # :365 Fitness :190663.86 Final Amt :4261.09 Days :236 Avg Daily Profit :0.34 %
Env #:0 Genome_id # :1072 Fitness :175323.59 Final Amt :3126.67 Days :236 Avg Daily Profit :0.21 %
Env #:0 Genome_id # :1042 Fitness :142231.86 Final Amt :3091.93 Days :236 Avg Daily Profit :0.206 %
Env #:0 Genome_id # :31 Fitness :95588.9 Final Amt :3395.17 Days :236 Avg Daily Profit :0.243 %
Env #:0 Genome_id # :41 Fitness :175761.48 Final Amt :2997.81 Days :236 Avg Daily Profit :0.192 %
Env #:0 Genome_id # :1072 Fitness :175323.59 Final Amt :3126.67 Days :236 Avg Daily Profit :0.21 %
Env #:0 Genome_id # :1042 Fitness :142231.86 Final Amt :3091.93 Days :236 Avg Daily Profit :0.206 %
Env #:0 Genome_id # :31 Fitness :95588.9 Final Amt :3395.17 Days :236 Avg Daily Profit :0.243 %
Env #:0 Genome_id # :365 Fitness :190663.86 Final Amt :4261.09 Days :236 Avg Daily Profit :0.34 %
Env #:0 Genome_id # :41 Fitness :175761.48 Final Amt :2997.81 Days :236 Avg Daily Profit :0.192 %
Env #:0 Genome_id # :69 Fitness :-3432.34 Final Amt :1950.89 Days :236 Avg Daily Profit :-0.01 %
Env #:0 Genome_id # :70 Fitness :85253.11 Final Amt :3511.9 Days :236 Avg Daily Profit :0.26 %
Env #:0 Genome_id # :74 Fitness :-90969.34 Final Amt :880.86 Days :236 Avg Daily Profit :-0.335 %
Env #:0 Genome_id # :75 Fitness :66146.0 Final Amt :2999.67 Days :236 Avg Daily Profit :0.192 %
Env #:0 Genome_id # :41 Fitness :175761.48 Final Amt :2997.81 Days :236 Avg Daily Profit :0.192 %
Env #:0 Genome_id # :1072 Fitness :175323.59 Final Amt :3126.67 Days :236 Avg Daily Profit :0.21 %
Env #:0 Genome_id # :83 Fitness :24345.21 Final Amt :1859.51 Days :236 Avg Daily Profit :-0.017 %
Env #:0 Genome_id # :84 Fitness :30952.36 Final Amt :2483.12 Days :236 Avg Daily Profit :0.103 %
Env #:0 Genome_id # :86 Fitness :-598.6 Final Amt :2354.98 Days :236 Avg Daily Profit :0.085 %
Env #:0 Genome_id # :87 Fitness :-23390.47 Final Amt :1819.0 Days :236 Avg Daily Profit :-0.034 %
Env #:0 Genome_id # :90 Fitness :25968.14 Final Amt :2322.61 Days :236 Avg Daily Profit :0.081 %
Env #:0 Genome_id # :91 Fitness :12276.25 Final Amt :2238.69 Days :236 Avg Daily Profit :0.059 %
Env #:0 Genome_id # :95 Fitness :41950.59 Final Amt :2947.57 Days :236 Avg Daily Profit :0.191 %
Env #:0 Genome_id # :96 Fitness :17113.4 Final Amt :2120.19 Days :236 Avg Daily Profit :0.041 %
Env #:0 Genome_id # :100 Fitness :27331.74 Final Amt :2484.84 Days :236 Avg Daily Profit :0.111 %
Env #:0 Genome_id # :101 Fitness :59950.15 Final Amt :2820.97 Days :236 Avg Daily Profit :0.169 %
Env #:0 Genome_id # :41 Fitness :175761.48 Final Amt :2997.81 Days :236 Avg Daily Profit :0.192 %
Env #:0 Genome_id # :1072 Fitness :175323.59 Final Amt :3126.67 Days :236 Avg Daily Profit :0.21 %
Env #:0 Genome_id # :111 Fitness :-35976.33 Final Amt :912.63 Days :236 Avg Daily Profit :-0.32 %
Env #:0 Genome_id # :112 Fitness :18057.81 Final Amt :2300.97 Days :236 Avg Daily Profit :0.073 %
Env #:0 Genome_id # :114 Fitness :-9316.22 Final Amt :1637.02 Days :236 Avg Daily Profit :-0.068 %
Env #:0 Genome_id # :115 Fitness :-1428.09 Final Amt :1961.54 Days :236 Avg Daily Profit :-0.008 %
Env #:0 Genome_id # :118 Fitness :-7213.99 Final Amt :2404.05 Days :236 Avg Daily Profit :0.097 %
Env #:0 Genome_id # :119 Fitness :20196.4 Final Amt :2107.34 Days :236 Avg Daily Profit :0.04 %
Env #:0 Genome_id # :123 Fitness :-65537.36 Final Amt :1990.91 Days :236 Avg Daily Profit :0.014 %
Env #:0 Genome_id # :124 Fitness :21616.49 Final Amt :2474.96 Days :236 Avg Daily Profit :0.103 %
Env #:0 Genome_id # :128 Fitness :30213.67 Final Amt :2287.7 Days :236 Avg Daily Profit :0.084 %
Env #:0 Genome_id # :129 Fitness :15712.02 Final Amt :2235.14 Days :236 Avg Daily Profit :0.063 %
Env #:0 Genome_id # :132 Fitness :33914.55 Final Amt :2424.56 Days :236 Avg Daily Profit :0.1 %
Env #:0 Genome_id # :365 Fitness :190663.86 Final Amt :4261.09 Days :236 Avg Daily Profit :0.34 %
Env #:0 Genome_id # :137 Fitness :-86648.3 Final Amt :1635.33 Days :236 Avg Daily Profit :-0.066 %
Env #:0 Genome_id # :138 Fitness :-31470.39 Final Amt :1643.55 Days :236 Avg Daily Profit :-0.067 %
Env #:0 Genome_id # :142 Fitness :-1909.1 Final Amt :1812.26 Days :236 Avg Daily Profit :-0.028 %
Env #:0 Genome_id # :143 Fitness :-221.19 Final Amt :1966.64 Days :236 Avg Daily Profit :-0.007 %
Env #:0 Genome_id # :146 Fitness :14225.64 Final Amt :1675.05 Days :236 Avg Daily Profit :-0.059 %
Env #:0 Genome_id # :147 Fitness :-18708.48 Final Amt :1648.35 Days :236 Avg Daily Profit :-0.067 %
Env #:0 Genome_id # :151 Fitness :61475.75 Final Amt :2022.51 Days :236 Avg Daily Profit :0.031 %
Env #:0 Genome_id # :152 Fitness :36177.66 Final Amt :2298.78 Days :236 Avg Daily Profit :0.075 %
Env #:0 Genome_id # :158 Fitness :6297.79 Final Amt :2122.68 Days :236 Avg Daily Profit :0.027 %
Env #:0 Genome_id # :159 Fitness :-13220.65 Final Amt :1859.3 Days :236 Avg Daily Profit :-0.013 %
Env #:0 Genome_id # :160 Fitness :3267.68 Final Amt :1800.88 Days :236 Avg Daily Profit :-0.029 %
Env #:0 Genome_id # :365 Fitness :190663.86 Final Amt :4261.09 Days :236 Avg Daily Profit :0.34 %
Env #:0 Genome_id # :165 Fitness :19873.29 Final Amt :2435.55 Days :236 Avg Daily Profit :0.094 %
Env #:0 Genome_id # :166 Fitness :49586.19 Final Amt :2051.12 Days :236 Avg Daily Profit :0.03 %
Env #:0 Genome_id # :172 Fitness :-54187.88 Final Amt :1561.15 Days :236 Avg Daily Profit :-0.09 %
Env #:0 Genome_id # :173 Fitness :285.23 Final Amt :2648.18 Days :236 Avg Daily Profit :0.146 %
Env #:0 Genome_id # :177 Fitness :-20975.87 Final Amt :1705.02 Days :236 Avg Daily Profit :-0.051 %
Env #:0 Genome_id # :178 Fitness :-56476.82 Final Amt :1743.33 Days :236 Avg Daily Profit :-0.041 %
Env #:0 Genome_id # :181 Fitness :0.0 Final Amt :2000.0 Days :236 Avg Daily Profit :0.0 %
Env #:0 Genome_id # :182 Fitness :-15909.87 Final Amt :1665.68 Days :236 Avg Daily Profit :-0.063 %
Env #:0 Genome_id # :186 Fitness :-6125.12 Final Amt :1708.47 Days :236 Avg Daily Profit :-0.052 %
Env #:0 Genome_id # :187 Fitness :50237.34 Final Amt :2595.21 Days :236 Avg Daily Profit :0.129 %
Env #:0 Genome_id # :191 Fitness :-2060.42 Final Amt :1974.62 Days :236 Avg Daily Profit :-0.005 %
Env #:0 Genome_id # :192 Fitness :56163.65 Final Amt :2245.5 Days :236 Avg Daily Profit :0.068 %
Env #:0 Genome_id # :193 Fitness :41180.22 Final Amt :2700.14 Days :236 Avg Daily Profit :0.132 %
Env #:0 Genome_id # :194 Fitness :37.15 Final Amt :1697.65 Days :236 Avg Daily Profit :-0.054 %
 ****** Running generation 0 ****** 

Population's average fitness: 68594.77685 stdev: 71500.47736
Best fitness: 190663.86100 - size: (6, 25) - species 1 - id 365
Average adjusted fitness: 0.651
Mean genetic distance 2.276, standard deviation 0.897
Population of 20 members in 2 species:
   ID   age  size  fitness  adj fit  stag
  ====  ===  ====  =======  =======  ====
     1    0     8  190663.9    0.681   -83
     2    0    12  142231.9    0.621   -81
Total extinctions: 0
Generation time: 2472.522 sec
Saving checkpoint to neat-checkpoint-0

 ****** Running generation 1 ****** 

Population's average fitness: 42712.19975 stdev: 75624.87066
Best fitness: 190663.86100 - size: (6, 25) - species 1 - id 365
Average adjusted fitness: 0.470
Mean genetic distance 2.399, standard deviation 0.857
Population of 20 members in 2 species:
   ID   age  size  fitness  adj fit  stag
  ====  ===  ====  =======  =======  ====
     1    1    11  190663.9    0.613   -82
     2    1     9  142231.9    0.327   -80
Total extinctions: 0
Generation time: 2596.412 sec (2534.467 average)
Saving checkpoint to neat-checkpoint-1

 ****** Running generation 2 ****** 

Population's average fitness: 41076.93125 stdev: 77115.25354
Best fitness: 190663.86100 - size: (6, 25) - species 1 - id 365
Average adjusted fitness: 0.461
Mean genetic distance 2.228, standard deviation 1.035
Population of 20 members in 2 species:
   ID   age  size  fitness  adj fit  stag
  ====  ===  ====  =======  =======  ====
     1    2    10  190663.9    0.500   -81
     2    2    10  142231.9    0.423   -79
Total extinctions: 0
Generation time: 2500.336 sec (2523.090 average)
Saving checkpoint to neat-checkpoint-2

 ****** Running generation 3 ****** 

Population's average fitness: 63374.48445 stdev: 72309.60330
Best fitness: 190663.86100 - size: (6, 25) - species 1 - id 365
Average adjusted fitness: 0.436
Mean genetic distance 2.267, standard deviation 0.954
Population of 20 members in 2 species:
   ID   age  size  fitness  adj fit  stag
  ====  ===  ====  =======  =======  ====
     1    3    11  190663.9    0.458   -80
     2    3     9  142231.9    0.414   -78
Total extinctions: 0
Generation time: 2380.232 sec (2487.376 average)
Saving checkpoint to neat-checkpoint-3

 ****** Running generation 4 ****** 

Population's average fitness: 46040.26800 stdev: 84376.89964
Best fitness: 190663.86100 - size: (6, 25) - species 1 - id 365
Average adjusted fitness: 0.600
Mean genetic distance 2.223, standard deviation 1.008
Population of 20 members in 2 species:
   ID   age  size  fitness  adj fit  stag
  ====  ===  ====  =======  =======  ====
     1    4    10  190663.9    0.588   -79
     2    4    10  142231.9    0.613   -77
Total extinctions: 0
Generation time: 2661.422 sec (2522.185 average)
Saving checkpoint to neat-checkpoint-4

 ****** Running generation 5 ****** 

Population's average fitness: 42936.54450 stdev: 85089.02732
Best fitness: 190663.86100 - size: (6, 25) - species 1 - id 365
Average adjusted fitness: 0.523
Mean genetic distance 2.252, standard deviation 0.987
Population of 20 members in 2 species:
   ID   age  size  fitness  adj fit  stag
  ====  ===  ====  =======  =======  ====
     1    5    11  190663.9    0.591   -78
     2    5     9  142231.9    0.455   -76
Total extinctions: 0
Generation time: 2430.785 sec (2506.952 average)
Saving checkpoint to neat-checkpoint-5

 ****** Running generation 6 ****** 

Population's average fitness: 49279.76995 stdev: 74303.19845
Best fitness: 190663.86100 - size: (6, 25) - species 1 - id 365
Average adjusted fitness: 0.497
Mean genetic distance 2.311, standard deviation 0.965
Population of 20 members in 2 species:
   ID   age  size  fitness  adj fit  stag
  ====  ===  ====  =======  =======  ====
     1    6    10  190663.9    0.505   -77
     2    6    10  142231.9    0.489   -75
Total extinctions: 0
Generation time: 2574.382 sec (2516.584 average)
Saving checkpoint to neat-checkpoint-6

 ****** Running generation 7 ****** 

Population's average fitness: 49354.27460 stdev: 72219.35921
Best fitness: 190663.86100 - size: (6, 25) - species 1 - id 365
Average adjusted fitness: 0.366
Mean genetic distance 2.319, standard deviation 0.940
Population of 20 members in 2 species:
   ID   age  size  fitness  adj fit  stag
  ====  ===  ====  =======  =======  ====
     1    7    11  190663.9    0.403   -76
     2    7     9  142231.9    0.329   -74
Total extinctions: 0
Generation time: 2550.694 sec (2520.848 average)
Saving checkpoint to neat-checkpoint-7

 ****** Running generation 8 ****** 

Population's average fitness: 55730.38220 stdev: 67436.35209
Best fitness: 190663.86100 - size: (6, 25) - species 1 - id 365
Average adjusted fitness: 0.405
Mean genetic distance 2.330, standard deviation 0.899
Population of 20 members in 2 species:
   ID   age  size  fitness  adj fit  stag
  ====  ===  ====  =======  =======  ====
     1    8    10  190663.9    0.402   -75
     2    8    10  142231.9    0.408   -73
Total extinctions: 0
Generation time: 2536.190 sec (2522.553 average)
Saving checkpoint to neat-checkpoint-8

 ****** Running generation 9 ****** 

Population's average fitness: 23276.50835 stdev: 93301.88466
Best fitness: 190663.86100 - size: (6, 25) - species 1 - id 365
Average adjusted fitness: 0.542
Mean genetic distance 2.276, standard deviation 0.993
Population of 20 members in 2 species:
   ID   age  size  fitness  adj fit  stag
  ====  ===  ====  =======  =======  ====
     1    9    11  190663.9    0.546   -74
     2    9     9  142231.9    0.538   -72
Total extinctions: 0
Generation time: 2323.398 sec (2502.637 average)
Saving checkpoint to neat-checkpoint-9

 ****** Running generation 10 ****** 

Population's average fitness: 46819.40660 stdev: 73453.88025
Best fitness: 190663.86100 - size: (6, 25) - species 1 - id 365
Average adjusted fitness: 0.481
Mean genetic distance 2.222, standard deviation 1.032
Population of 20 members in 2 species:
   ID   age  size  fitness  adj fit  stag
  ====  ===  ====  =======  =======  ====
     1   10    10  190663.9    0.485   -73
     2   10    10  142231.9    0.476   -71
Total extinctions: 0
Generation time: 2540.253 sec (2509.410 average)
Saving checkpoint to neat-checkpoint-10

 ****** Running generation 11 ****** 

Population's average fitness: 45820.39865 stdev: 71378.76738
Best fitness: 190663.86100 - size: (6, 25) - species 1 - id 365
Average adjusted fitness: 0.351
Mean genetic distance 2.288, standard deviation 0.988
Population of 20 members in 2 species:
   ID   age  size  fitness  adj fit  stag
  ====  ===  ====  =======  =======  ====
     1   11    11  190663.9    0.422   -72
     2   11     9  142231.9    0.280   -70
Total extinctions: 0
Generation time: 2488.727 sec (2498.642 average)
Saving checkpoint to neat-checkpoint-11

 ****** Running generation 12 ****** 

Population's average fitness: 48178.58825 stdev: 75979.12630
Best fitness: 190663.86100 - size: (6, 25) - species 1 - id 365
Average adjusted fitness: 0.519
Mean genetic distance 2.322, standard deviation 0.940
Population of 20 members in 2 species:
   ID   age  size  fitness  adj fit  stag
  ====  ===  ====  =======  =======  ====
     1   12    10  190663.9    0.559   -71
     2   12    10  142231.9    0.479   -69
Total extinctions: 0
Generation time: 2526.636 sec (2501.272 average)
Saving checkpoint to neat-checkpoint-12

 ****** Running generation 13 ****** 

Population's average fitness: 38625.18990 stdev: 79894.63673
Best fitness: 190663.86100 - size: (6, 25) - species 1 - id 365
Average adjusted fitness: 0.429
Mean genetic distance 2.280, standard deviation 0.988
Population of 20 members in 2 species:
   ID   age  size  fitness  adj fit  stag
  ====  ===  ====  =======  =======  ====
     1   13    11  190663.9    0.466   -70
     2   13     9  142231.9    0.391   -68
Total extinctions: 0
Generation time: 2422.986 sec (2505.547 average)
Saving checkpoint to neat-checkpoint-13

 ****** Running generation 14 ****** 

Population's average fitness: 46649.33235 stdev: 72570.66044
Best fitness: 190663.86100 - size: (6, 25) - species 1 - id 365
Average adjusted fitness: 0.398
Mean genetic distance 2.286, standard deviation 0.924
Population of 20 members in 2 species:Env #:0 Genome_id # :941 Fitness :82908.87 Final Amt :3598.16 Days :236 Avg Daily Profit :0.268 %
Env #:0 Genome_id # :263 Fitness :13994.1 Final Amt :2849.89 Days :236 Avg Daily Profit :0.172 %
Env #:0 Genome_id # :245 Fitness :25492.61 Final Amt :2751.52 Days :236 Avg Daily Profit :0.151 %
Env #:0 Genome_id # :937 Fitness :-147534.94 Final Amt :3389.49 Days :236 Avg Daily Profit :0.25 %
Env #:0 Genome_id # :927 Fitness :72756.84 Final Amt :3272.37 Days :236 Avg Daily Profit :0.234 %
Env #:0 Genome_id # :829 Fitness :73457.8 Final Amt :3281.1 Days :236 Avg Daily Profit :0.234 %
Env #:0 Genome_id # :2 Fitness :-12240.69 Final Amt :1694.78 Days :236 Avg Daily Profit :-0.053 %
Env #:0 Genome_id # :3 Fitness :6788.49 Final Amt :1810.31 Days :236 Avg Daily Profit :-0.028 %
Env #:0 Genome_id # :8 Fitness :-17561.96 Final Amt :1663.15 Days :236 Avg Daily Profit :-0.063 %
Env #:0 Genome_id # :9 Fitness :-17291.97 Final Amt :1860.61 Days :236 Avg Daily Profit :-0.012 %
Env #:0 Genome_id # :13 Fitness :10216.76 Final Amt :2157.07 Days :236 Avg Daily Profit :0.047 %
Env #:0 Genome_id # :14 Fitness :1457.42 Final Amt :2011.4 Days :236 Avg Daily Profit :0.002 %
Env #:0 Genome_id # :18 Fitness :-19699.02 Final Amt :1603.52 Days :236 Avg Daily Profit :-0.075 %
Env #:0 Genome_id # :19 Fitness :-12798.48 Final Amt :1795.72 Days :236 Avg Daily Profit :-0.044 %
Env #:0 Genome_id # :20 Fitness :-17663.15 Final Amt :1667.47 Days :236 Avg Daily Profit :-0.061 %
Env #:0 Genome_id # :365 Fitness :190663.86 Final Amt :4261.09 Days :236 Avg Daily Profit :0.34 %
Env #:0 Genome_id # :25 Fitness :-89103.42 Final Amt :1606.4 Days :236 Avg Daily Profit :-0.064 %
Env #:0 Genome_id # :26 Fitness :-36041.43 Final Amt :2606.37 Days :236 Avg Daily Profit :0.136 %
Env #:0 Genome_id # :32 Fitness :62213.17 Final Amt :2675.25 Days :236 Avg Daily Profit :0.15 %
Env #:0 Genome_id # :33 Fitness :90306.75 Final Amt :4079.01 Days :236 Avg Daily Profit :0.325 %
Env #:0 Genome_id # :718 Fitness :165342.85 Final Amt :2937.59 Days :236 Avg Daily Profit :0.189 %
Env #:0 Genome_id # :36 Fitness :0.0 Final Amt :2000.0 Days :236 Avg Daily Profit :0.0 %
Env #:0 Genome_id # :39 Fitness :-215.57 Final Amt :1996.02 Days :236 Avg Daily Profit :-0.001 %
Env #:0 Genome_id # :40 Fitness :-896.87 Final Amt :1767.5 Days :236 Avg Daily Profit :-0.038 %
Env #:0 Genome_id # :46 Fitness :-5470.91 Final Amt :1757.99 Days :236 Avg Daily Profit :-0.041 %
Env #:0 Genome_id # :47 Fitness :-4361.93 Final Amt :2163.26 Days :236 Avg Daily Profit :0.051 %
Env #:0 Genome_id # :51 Fitness :-170099.14 Final Amt :2006.52 Days :236 Avg Daily Profit :0.016 %
Env #:0 Genome_id # :52 Fitness :58062.23 Final Amt :3056.92 Days :236 Avg Daily Profit :0.201 %
Env #:0 Genome_id # :942 Fitness :90395.53 Final Amt :3946.42 Days :236 Avg Daily Profit :0.31 %
Env #:0 Genome_id # :57 Fitness :-27549.6 Final Amt :2586.43 Days :236 Avg Daily Profit :0.119 %
Env #:0 Genome_id # :1072 Fitness :175323.59 Final Amt :3126.67 Days :236 Avg Daily Profit :0.21 %
Env #:0 Genome_id # :64 Fitness :18078.97 Final Amt :2284.76 Days :236 Avg Daily Profit :0.061 %
Env #:0 Genome_id # :67 Fitness :73911.56 Final Amt :1876.4 Days :236 Avg Daily Profit :-0.011 %
Env #:0 Genome_id # :68 Fitness :-101858.14 Final Amt :1509.4 Days :236 Avg Daily Profit :-0.099 %
Env #:0 Genome_id # :72 Fitness :-1009.24 Final Amt :1734.26 Days :236 Avg Daily Profit :-0.042 %
Env #:0 Genome_id # :73 Fitness :26060.53 Final Amt :2166.64 Days :236 Avg Daily Profit :0.055 %
Env #:0 Genome_id # :76 Fitness :29200.81 Final Amt :2070.98 Days :236 Avg Daily Profit :0.029 %
Env #:0 Genome_id # :365 Fitness :190663.86 Final Amt :4261.09 Days :236 Avg Daily Profit :0.34 %
Env #:0 Genome_id # :1042 Fitness :142231.86 Final Amt :3091.93 Days :236 Avg Daily Profit :0.206 %
Env #:0 Genome_id # :31 Fitness :95588.9 Final Amt :3395.17 Days :236 Avg Daily Profit :0.243 %
Env #:0 Genome_id # :365 Fitness :190663.86 Final Amt :4261.09 Days :236 Avg Daily Profit :0.34 %
Env #:0 Genome_id # :41 Fitness :175761.48 Final Amt :2997.81 Days :236 Avg Daily Profit :0.192 %
Env #:0 Genome_id # :97 Fitness :-32167.36 Final Amt :1686.75 Days :236 Avg Daily Profit :-0.057 %
Env #:0 Genome_id # :98 Fitness :37832.93 Final Amt :2336.55 Days :236 Avg Daily Profit :0.08 %
Env #:0 Genome_id # :102 Fitness :-21142.34 Final Amt :1558.8 Days :236 Avg Daily Profit :-0.095 %
Env #:0 Genome_id # :103 Fitness :40139.86 Final Amt :2703.49 Days :236 Avg Daily Profit :0.144 %
Env #:0 Genome_id # :104 Fitness :1591.9 Final Amt :1845.32 Days :236 Avg Daily Profit :-0.021 %
Env #:0 Genome_id # :365 Fitness :190663.86 Final Amt :4261.09 Days :236 Avg Daily Profit :0.34 %
Env #:0 Genome_id # :1042 Fitness :142231.86 Final Amt :3091.93 Days :236 Avg Daily Profit :0.206 %
Env #:0 Genome_id # :85 Fitness :95988.93 Final Amt :3655.03 Days :236 Avg Daily Profit :0.277 %
Env #:0 Genome_id # :121 Fitness :0.0 Final Amt :2000.0 Days :236 Avg Daily Profit :0.0 %
Env #:0 Genome_id # :122 Fitness :-34290.53 Final Amt :1661.84 Days :236 Avg Daily Profit :-0.064 %
Env #:0 Genome_id # :125 Fitness :-174805.25 Final Amt :1966.11 Days :236 Avg Daily Profit :0.009 %
Env #:0 Genome_id # :126 Fitness :21811.63 Final Amt :2459.52 Days :236 Avg Daily Profit :0.102 %
Env #:0 Genome_id # :130 Fitness :-15083.54 Final Amt :1660.49 Days :236 Avg Daily Profit :-0.066 %
Env #:0 Genome_id # :131 Fitness :2108.23 Final Amt :2501.12 Days :236 Avg Daily Profit :0.113 %
Env #:0 Genome_id # :135 Fitness :-24133.77 Final Amt :2218.24 Days :236 Avg Daily Profit :0.059 %
Env #:0 Genome_id # :136 Fitness :18763.28 Final Amt :2248.61 Days :236 Avg Daily Profit :0.063 %
Env #:0 Genome_id # :31 Fitness :95588.9 Final Amt :3395.17 Days :236 Avg Daily Profit :0.243 %
Env #:0 Genome_id # :141 Fitness :-18894.42 Final Amt :2007.54 Days :236 Avg Daily Profit :0.021 %
Env #:0 Genome_id # :149 Fitness :-32555.62 Final Amt :1636.05 Days :236 Avg Daily Profit :-0.07 %
Env #:0 Genome_id # :150 Fitness :-2345.28 Final Amt :1752.12 Days :236 Avg Daily Profit :-0.042 %
Env #:0 Genome_id # :31 Fitness :95588.9 Final Amt :3395.17 Days :236 Avg Daily Profit :0.243 %
Env #:0 Genome_id # :155 Fitness :41795.09 Final Amt :1717.41 Days :236 Avg Daily Profit :-0.05 %
Env #:0 Genome_id # :161 Fitness :43572.28 Final Amt :2041.24 Days :236 Avg Daily Profit :0.023 %
Env #:0 Genome_id # :162 Fitness :3471.5 Final Amt :1752.32 Days :236 Avg Daily Profit :-0.04 %
Env #:0 Genome_id # :31 Fitness :95588.9 Final Amt :3395.17 Days :236 Avg Daily Profit :0.243 %
Env #:0 Genome_id # :169 Fitness :6801.18 Final Amt :1846.31 Days :236 Avg Daily Profit :-0.02 %
Env #:0 Genome_id # :1072 Fitness :175323.59 Final Amt :3126.67 Days :236 Avg Daily Profit :0.21 %
Env #:0 Genome_id # :176 Fitness :35098.44 Final Amt :2064.21 Days :236 Avg Daily Profit :0.03 %
Env #:0 Genome_id # :1042 Fitness :142231.86 Final Amt :3091.93 Days :236 Avg Daily Profit :0.206 %
Env #:0 Genome_id # :85 Fitness :95988.93 Final Amt :3655.03 Days :236 Avg Daily Profit :0.277 %
Env #:0 Genome_id # :189 Fitness :25597.62 Final Amt :1817.09 Days :236 Avg Daily Profit :-0.029 %
Env #:0 Genome_id # :190 Fitness :5649.58 Final Amt :2209.21 Days :236 Avg Daily Profit :0.057 %
Env #:0 Genome_id # :31 Fitness :95588.9 Final Amt :3395.17 Days :236 Avg Daily Profit :0.243 %
Env #:0 Genome_id # :197 Fitness :-11374.35 Final Amt :1691.45 Days :236 Avg Daily Profit :-0.055 %
Env #:0 Genome_id # :1072 Fitness :175323.59 Final Amt :3126.67 Days :236 Avg Daily Profit :0.21 %
Env #:0 Genome_id # :202 Fitness :-13420.67 Final Amt :1695.5 Days :236 Avg Daily Profit :-0.056 %
Env #:0 Genome_id # :1042 Fitness :142231.86 Final Amt :3091.93 Days :236 Avg Daily Profit :0.206 %
Env #:0 Genome_id # :85 Fitness :95988.93 Final Amt :3655.03 Days :236 Avg Daily Profit :0.277 %
Env #:0 Genome_id # :216 Fitness :104717.6 Final Amt :2139.5 Days :236 Avg Daily Profit :0.048 %
Env #:0 Genome_id # :365 Fitness :190663.86 Final Amt :4261.09 Days :236 Avg Daily Profit :0.34 %
Env #:0 Genome_id # :223 Fitness :19595.0 Final Amt :2326.85 Days :236 Avg Daily Profit :0.077 %
Env #:0 Genome_id # :224 Fitness :31132.06 Final Amt :2526.33 Days :236 Avg Daily Profit :0.117 %Env #:0 Genome_id # :871 Fitness :5354.56 Final Amt :2979.59 Days :236 Avg Daily Profit :0.189 %
Env #:0 Genome_id # :365 Fitness :190663.86 Final Amt :4261.09 Days :236 Avg Daily Profit :0.34 %
Env #:0 Genome_id # :718 Fitness :165342.85 Final Amt :2937.59 Days :236 Avg Daily Profit :0.189 %
Env #:0 Genome_id # :335 Fitness :75882.35 Final Amt :3263.96 Days :236 Avg Daily Profit :0.233 %
Env #:0 Genome_id # :914 Fitness :34649.92 Final Amt :2370.28 Days :236 Avg Daily Profit :0.099 %
Env #:0 Genome_id # :31 Fitness :98824.14 Final Amt :4113.82 Days :236 Avg Daily Profit :0.329 %
Env #:0 Genome_id # :4 Fitness :-74018.42 Final Amt :1549.43 Days :236 Avg Daily Profit :-0.09 %
Env #:0 Genome_id # :5 Fitness :-14958.45 Final Amt :1981.38 Days :236 Avg Daily Profit :0.015 %
Env #:0 Genome_id # :718 Fitness :165342.85 Final Amt :2937.59 Days :236 Avg Daily Profit :0.189 %
Env #:0 Genome_id # :10 Fitness :90027.88 Final Amt :3653.15 Days :236 Avg Daily Profit :0.273 %
Env #:0 Genome_id # :1042 Fitness :142231.86 Final Amt :3091.93 Days :236 Avg Daily Profit :0.206 %
Env #:0 Genome_id # :942 Fitness :90395.53 Final Amt :3946.42 Days :236 Avg Daily Profit :0.31 %
Env #:0 Genome_id # :21 Fitness :4169.44 Final Amt :1839.92 Days :236 Avg Daily Profit :-0.022 %
Env #:0 Genome_id # :22 Fitness :-6837.07 Final Amt :1704.18 Days :236 Avg Daily Profit :-0.051 %
Env #:0 Genome_id # :941 Fitness :82908.87 Final Amt :3598.16 Days :236 Avg Daily Profit :0.268 %
Env #:0 Genome_id # :29 Fitness :24478.75 Final Amt :2430.06 Days :236 Avg Daily Profit :0.092 %
Env #:0 Genome_id # :34 Fitness :24105.78 Final Amt :2307.5 Days :236 Avg Daily Profit :0.08 %
Env #:0 Genome_id # :35 Fitness :-18975.25 Final Amt :1710.37 Days :236 Avg Daily Profit :-0.051 %
Env #:0 Genome_id # :41 Fitness :175761.48 Final Amt :2997.81 Days :236 Avg Daily Profit :0.192 %
Env #:0 Genome_id # :42 Fitness :-3576.13 Final Amt :1717.16 Days :236 Avg Daily Profit :-0.045 %
Env #:0 Genome_id # :44 Fitness :1800.73 Final Amt :2075.69 Days :236 Avg Daily Profit :0.022 %
Env #:0 Genome_id # :45 Fitness :86496.24 Final Amt :2275.3 Days :236 Avg Daily Profit :0.071 %
Env #:0 Genome_id # :48 Fitness :-10982.64 Final Amt :1641.18 Days :236 Avg Daily Profit :-0.067 %
Env #:0 Genome_id # :365 Fitness :190663.86 Final Amt :4261.09 Days :236 Avg Daily Profit :0.34 %
Env #:0 Genome_id # :53 Fitness :63318.6 Final Amt :2210.81 Days :236 Avg Daily Profit :0.061 %
Env #:0 Genome_id # :54 Fitness :21073.82 Final Amt :2318.47 Days :236 Avg Daily Profit :0.064 %
Env #:0 Genome_id # :58 Fitness :54965.77 Final Amt :2816.64 Days :236 Avg Daily Profit :0.17 %
Env #:0 Genome_id # :59 Fitness :-12344.74 Final Amt :1702.36 Days :236 Avg Daily Profit :-0.055 %
Env #:0 Genome_id # :62 Fitness :-119024.35 Final Amt :2662.13 Days :236 Avg Daily Profit :0.139 %
Env #:0 Genome_id # :63 Fitness :771.92 Final Amt :1783.15 Days :236 Avg Daily Profit :-0.035 %
Env #:0 Genome_id # :1042 Fitness :142231.86 Final Amt :3091.93 Days :236 Avg Daily Profit :0.206 %
Env #:0 Genome_id # :31 Fitness :95588.9 Final Amt :3395.17 Days :236 Avg Daily Profit :0.243 %
Env #:0 Genome_id # :77 Fitness :27128.41 Final Amt :2756.67 Days :236 Avg Daily Profit :0.154 %
Env #:0 Genome_id # :78 Fitness :-34353.72 Final Amt :1533.33 Days :236 Avg Daily Profit :-0.098 %
Env #:0 Genome_id # :81 Fitness :12690.4 Final Amt :1974.91 Days :236 Avg Daily Profit :0.01 %
Env #:0 Genome_id # :82 Fitness :-15903.43 Final Amt :1673.8 Days :236 Avg Daily Profit :-0.061 %
Env #:0 Genome_id # :88 Fitness :-23890.92 Final Amt :1660.57 Days :236 Avg Daily Profit :-0.064 %
Env #:0 Genome_id # :89 Fitness :-2785.32 Final Amt :3807.83 Days :236 Avg Daily Profit :0.296 %
Env #:0 Genome_id # :93 Fitness :-25645.34 Final Amt :1560.1 Days :236 Avg Daily Profit :-0.092 %
Env #:0 Genome_id # :94 Fitness :21226.08 Final Amt :2341.01 Days :236 Avg Daily Profit :0.08 %
Env #:0 Genome_id # :31 Fitness :95588.9 Final Amt :3395.17 Days :236 Avg Daily Profit :0.243 %
Env #:0 Genome_id # :99 Fitness :66827.52 Final Amt :2226.04 Days :236 Avg Daily Profit :0.064 %
Env #:0 Genome_id # :107 Fitness :685.93 Final Amt :2179.08 Days :236 Avg Daily Profit :0.044 %
Env #:0 Genome_id # :108 Fitness :47431.0 Final Amt :2339.8 Days :236 Avg Daily Profit :0.084 %
Env #:0 Genome_id # :31 Fitness :95588.9 Final Amt :3395.17 Days :236 Avg Daily Profit :0.243 %
Env #:0 Genome_id # :113 Fitness :-18666.57 Final Amt :1667.13 Days :236 Avg Daily Profit :-0.059 %
Env #:0 Genome_id # :1072 Fitness :175323.59 Final Amt :3126.67 Days :236 Avg Daily Profit :0.21 %
Env #:0 Genome_id # :120 Fitness :-64182.96 Final Amt :1801.47 Days :236 Avg Daily Profit :-0.023 %
Env #:0 Genome_id # :31 Fitness :95588.9 Final Amt :3395.17 Days :236 Avg Daily Profit :0.243 %
Env #:0 Genome_id # :127 Fitness :8416.61 Final Amt :2236.48 Days :236 Avg Daily Profit :0.064 %
Env #:0 Genome_id # :133 Fitness :29715.25 Final Amt :2245.42 Days :236 Avg Daily Profit :0.064 %
Env #:0 Genome_id # :134 Fitness :16638.69 Final Amt :1836.7 Days :236 Avg Daily Profit :-0.009 %
Env #:0 Genome_id # :139 Fitness :28475.57 Final Amt :2708.8 Days :236 Avg Daily Profit :0.15 %
Env #:0 Genome_id # :140 Fitness :34207.63 Final Amt :2223.27 Days :236 Avg Daily Profit :0.06 %
Env #:0 Genome_id # :144 Fitness :-6942.64 Final Amt :2194.75 Days :236 Avg Daily Profit :0.061 %
Env #:0 Genome_id # :145 Fitness :-2421.44 Final Amt :3270.16 Days :236 Avg Daily Profit :0.235 %
Env #:0 Genome_id # :365 Fitness :190663.86 Final Amt :4261.09 Days :236 Avg Daily Profit :0.34 %
Env #:0 Genome_id # :41 Fitness :175761.48 Final Amt :2997.81 Days :236 Avg Daily Profit :0.192 %
Env #:0 Genome_id # :153 Fitness :-1257.88 Final Amt :1996.53 Days :236 Avg Daily Profit :-0.0 %
Env #:0 Genome_id # :154 Fitness :0.0 Final Amt :2000.0 Days :236 Avg Daily Profit :0.0 %
Env #:0 Genome_id # :156 Fitness :51699.98 Final Amt :2949.64 Days :236 Avg Daily Profit :0.189 %
Env #:0 Genome_id # :157 Fitness :-107966.07 Final Amt :1597.75 Days :236 Avg Daily Profit :-0.075 %
Env #:0 Genome_id # :41 Fitness :175761.48 Final Amt :2997.81 Days :236 Avg Daily Profit :0.192 %
Env #:0 Genome_id # :1072 Fitness :175323.59 Final Amt :3126.67 Days :236 Avg Daily Profit :0.21 %
Env #:0 Genome_id # :1042 Fitness :142231.86 Final Amt :3091.93 Days :236 Avg Daily Profit :0.206 %
Env #:0 Genome_id # :85 Fitness :95988.93 Final Amt :3655.03 Days :236 Avg Daily Profit :0.277 %
Env #:0 Genome_id # :365 Fitness :190663.86 Final Amt :4261.09 Days :236 Avg Daily Profit :0.34 %
Env #:0 Genome_id # :41 Fitness :175761.48 Final Amt :2997.81 Days :236 Avg Daily Profit :0.192 %
Env #:0 Genome_id # :31 Fitness :95588.9 Final Amt :3395.17 Days :236 Avg Daily Profit :0.243 %
Env #:0 Genome_id # :183 Fitness :-51120.14 Final Amt :2650.0 Days :236 Avg Daily Profit :0.136 %
Env #:0 Genome_id # :41 Fitness :175761.48 Final Amt :2997.81 Days :236 Avg Daily Profit :0.192 %
Env #:0 Genome_id # :1072 Fitness :175323.59 Final Amt :3126.67 Days :236 Avg Daily Profit :0.21 %
Env #:0 Genome_id # :1042 Fitness :142231.86 Final Amt :3091.93 Days :236 Avg Daily Profit :0.206 %
Env #:0 Genome_id # :85 Fitness :95988.93 Final Amt :3655.03 Days :236 Avg Daily Profit :0.277 %
Env #:0 Genome_id # :203 Fitness :268.08 Final Amt :1993.31 Days :236 Avg Daily Profit :-0.001 %
Env #:0 Genome_id # :204 Fitness :9806.45 Final Amt :2500.66 Days :236 Avg Daily Profit :0.112 %
Env #:0 Genome_id # :207 Fitness :49141.21 Final Amt :2724.3 Days :236 Avg Daily Profit :0.145 %
Env #:0 Genome_id # :208 Fitness :0.0 Final Amt :2000.0 Days :236 Avg Daily Profit :0.0 %
Env #:0 Genome_id # :212 Fitness :-112282.47 Final Amt :872.88 Days :236 Avg Daily Profit :-0.326 %
Env #:0 Genome_id # :213 Fitness :-19505.58 Final Amt :2848.31 Days :236 Avg Daily Profit :0.17 %
Env #:0 Genome_id # :41 Fitness :175761.48 Final Amt :2997.81 Days :236 Avg Daily Profit :0.192 %
Env #:0 Genome_id # :1072 Fitness :175323.59 Final Amt :3126.67 Days :236 Avg Daily Profit :0.21 %
Env #:0 Genome_id # :85 Fitness :95988.93 Final Amt :3655.03 Days :236 Avg Daily Profit :0.277 %
Env #:0 Genome_id # :225 Fitness :-43043.86 Final Amt :1609.98 Days :236 Avg Daily Profit :-0.076 %
Env #:0 Genome_id # :1072 Fitness :175323.59 Final Amt :3126.67 Days :236 Avg Daily Profit :0.21 %Env #:0 Genome_id # :242 Fitness :24315.36 Final Amt :2669.21 Days :236 Avg Daily Profit :0.142 %
Env #:0 Genome_id # :942 Fitness :90395.53 Final Amt :3946.42 Days :236 Avg Daily Profit :0.31 %
Env #:0 Genome_id # :1072 Fitness :175323.59 Final Amt :3126.67 Days :236 Avg Daily Profit :0.21 %
Env #:0 Genome_id # :785 Fitness :48432.15 Final Amt :2656.4 Days :236 Avg Daily Profit :0.146 %
Env #:0 Genome_id # :941 Fitness :82908.87 Final Amt :3598.16 Days :236 Avg Daily Profit :0.268 %
Env #:0 Genome_id # :1 Fitness :-32533.54 Final Amt :1508.56 Days :236 Avg Daily Profit :-0.11 %
Env #:0 Genome_id # :365 Fitness :190663.86 Final Amt :4261.09 Days :236 Avg Daily Profit :0.34 %
Env #:0 Genome_id # :1072 Fitness :175323.59 Final Amt :3126.67 Days :236 Avg Daily Profit :0.21 %
Env #:0 Genome_id # :941 Fitness :82908.87 Final Amt :3598.16 Days :236 Avg Daily Profit :0.268 %
Env #:0 Genome_id # :15 Fitness :-16878.35 Final Amt :1640.96 Days :236 Avg Daily Profit :-0.069 %
Env #:0 Genome_id # :1072 Fitness :175323.59 Final Amt :3126.67 Days :236 Avg Daily Profit :0.21 %
Env #:0 Genome_id # :718 Fitness :165342.85 Final Amt :2937.59 Days :236 Avg Daily Profit :0.189 %
Env #:0 Genome_id # :1042 Fitness :142231.86 Final Amt :3091.93 Days :236 Avg Daily Profit :0.206 %
Env #:0 Genome_id # :942 Fitness :90395.53 Final Amt :3946.42 Days :236 Avg Daily Profit :0.31 %
Env #:0 Genome_id # :37 Fitness :16462.62 Final Amt :2153.41 Days :236 Avg Daily Profit :0.05 %
Env #:0 Genome_id # :38 Fitness :-34955.16 Final Amt :1669.29 Days :236 Avg Daily Profit :-0.061 %
Env #:0 Genome_id # :942 Fitness :90395.53 Final Amt :3946.42 Days :236 Avg Daily Profit :0.31 %
Env #:0 Genome_id # :43 Fitness :63911.67 Final Amt :3541.44 Days :236 Avg Daily Profit :0.265 %
Env #:0 Genome_id # :49 Fitness :-19391.95 Final Amt :1744.02 Days :236 Avg Daily Profit :-0.043 %
Env #:0 Genome_id # :50 Fitness :-9296.29 Final Amt :1815.72 Days :236 Avg Daily Profit :-0.023 %
Env #:0 Genome_id # :55 Fitness :-14171.28 Final Amt :1701.56 Days :236 Avg Daily Profit :-0.053 %
Env #:0 Genome_id # :56 Fitness :-10049.03 Final Amt :1720.54 Days :236 Avg Daily Profit :-0.05 %
Env #:0 Genome_id # :60 Fitness :-1373.33 Final Amt :2086.59 Days :236 Avg Daily Profit :0.031 %
Env #:0 Genome_id # :61 Fitness :-4739.45 Final Amt :1721.73 Days :236 Avg Daily Profit :-0.05 %
Env #:0 Genome_id # :65 Fitness :-33002.75 Final Amt :1625.8 Days :236 Avg Daily Profit :-0.073 %
Env #:0 Genome_id # :66 Fitness :59109.03 Final Amt :2478.08 Days :236 Avg Daily Profit :0.113 %
Env #:0 Genome_id # :942 Fitness :90395.53 Final Amt :3946.42 Days :236 Avg Daily Profit :0.31 %
Env #:0 Genome_id # :71 Fitness :63657.52 Final Amt :2329.58 Days :236 Avg Daily Profit :0.083 %
Env #:0 Genome_id # :79 Fitness :-34629.89 Final Amt :1626.12 Days :236 Avg Daily Profit :-0.072 %
Env #:0 Genome_id # :80 Fitness :12314.55 Final Amt :1970.03 Days :236 Avg Daily Profit :0.007 %
Env #:0 Genome_id # :942 Fitness :90395.53 Final Amt :3946.42 Days :236 Avg Daily Profit :0.31 %
Env #:0 Genome_id # :85 Fitness :95988.93 Final Amt :3655.03 Days :236 Avg Daily Profit :0.277 %
Env #:0 Genome_id # :1072 Fitness :175323.59 Final Amt :3126.67 Days :236 Avg Daily Profit :0.21 %
Env #:0 Genome_id # :92 Fitness :-26758.05 Final Amt :1627.27 Days :236 Avg Daily Profit :-0.074 %
Env #:0 Genome_id # :1042 Fitness :142231.86 Final Amt :3091.93 Days :236 Avg Daily Profit :0.206 %
Env #:0 Genome_id # :85 Fitness :95988.93 Final Amt :3655.03 Days :236 Avg Daily Profit :0.277 %
Env #:0 Genome_id # :105 Fitness :5708.13 Final Amt :2104.27 Days :236 Avg Daily Profit :0.022 %
Env #:0 Genome_id # :106 Fitness :36463.44 Final Amt :2713.09 Days :236 Avg Daily Profit :0.149 %
Env #:0 Genome_id # :109 Fitness :9664.55 Final Amt :2146.15 Days :236 Avg Daily Profit :0.044 %
Env #:0 Genome_id # :110 Fitness :-17684.34 Final Amt :1630.04 Days :236 Avg Daily Profit :-0.073 %
Env #:0 Genome_id # :116 Fitness :-21121.84 Final Amt :1468.83 Days :236 Avg Daily Profit :-0.115 %
Env #:0 Genome_id # :117 Fitness :-77090.17 Final Amt :2250.98 Days :236 Avg Daily Profit :0.068 %
Env #:0 Genome_id # :365 Fitness :190663.86 Final Amt :4261.09 Days :236 Avg Daily Profit :0.34 %
Env #:0 Genome_id # :41 Fitness :175761.48 Final Amt :2997.81 Days :236 Avg Daily Profit :0.192 %
Env #:0 Genome_id # :1042 Fitness :142231.86 Final Amt :3091.93 Days :236 Avg Daily Profit :0.206 %
Env #:0 Genome_id # :85 Fitness :95988.93 Final Amt :3655.03 Days :236 Avg Daily Profit :0.277 %
Env #:0 Genome_id # :41 Fitness :175761.48 Final Amt :2997.81 Days :236 Avg Daily Profit :0.192 %
Env #:0 Genome_id # :1072 Fitness :175323.59 Final Amt :3126.67 Days :236 Avg Daily Profit :0.21 %
Env #:0 Genome_id # :1042 Fitness :142231.86 Final Amt :3091.93 Days :236 Avg Daily Profit :0.206 %
Env #:0 Genome_id # :85 Fitness :95988.93 Final Amt :3655.03 Days :236 Avg Daily Profit :0.277 %
Env #:0 Genome_id # :1072 Fitness :175323.59 Final Amt :3126.67 Days :236 Avg Daily Profit :0.21 %
Env #:0 Genome_id # :148 Fitness :14226.33 Final Amt :2735.96 Days :236 Avg Daily Profit :0.152 %
Env #:0 Genome_id # :1042 Fitness :142231.86 Final Amt :3091.93 Days :236 Avg Daily Profit :0.206 %
Env #:0 Genome_id # :85 Fitness :95988.93 Final Amt :3655.03 Days :236 Avg Daily Profit :0.277 %
Env #:0 Genome_id # :163 Fitness :21030.3 Final Amt :2371.44 Days :236 Avg Daily Profit :0.092 %
Env #:0 Genome_id # :164 Fitness :-55489.66 Final Amt :1691.92 Days :236 Avg Daily Profit :-0.055 %
Env #:0 Genome_id # :167 Fitness :26852.74 Final Amt :2398.31 Days :236 Avg Daily Profit :0.091 %
Env #:0 Genome_id # :168 Fitness :-2757.32 Final Amt :2010.6 Days :236 Avg Daily Profit :0.005 %
Env #:0 Genome_id # :170 Fitness :21329.81 Final Amt :1480.83 Days :236 Avg Daily Profit :-0.106 %
Env #:0 Genome_id # :171 Fitness :7443.21 Final Amt :2073.4 Days :236 Avg Daily Profit :0.016 %
Env #:0 Genome_id # :174 Fitness :-18219.26 Final Amt :1643.85 Days :236 Avg Daily Profit :-0.068 %
Env #:0 Genome_id # :175 Fitness :-11245.96 Final Amt :1641.42 Days :236 Avg Daily Profit :-0.066 %
Env #:0 Genome_id # :179 Fitness :78528.71 Final Amt :2597.43 Days :236 Avg Daily Profit :0.131 %
Env #:0 Genome_id # :180 Fitness :-75525.77 Final Amt :1878.19 Days :236 Avg Daily Profit :-0.009 %
Env #:0 Genome_id # :184 Fitness :-32377.08 Final Amt :1525.52 Days :236 Avg Daily Profit :-0.095 %
Env #:0 Genome_id # :185 Fitness :-12945.25 Final Amt :3182.46 Days :236 Avg Daily Profit :0.216 %
Env #:0 Genome_id # :188 Fitness :-2764.17 Final Amt :1472.41 Days :236 Avg Daily Profit :-0.11 %
Env #:0 Genome_id # :365 Fitness :190663.86 Final Amt :4261.09 Days :236 Avg Daily Profit :0.34 %
Env #:0 Genome_id # :195 Fitness :4174.63 Final Amt :1842.35 Days :236 Avg Daily Profit :-0.012 %
Env #:0 Genome_id # :196 Fitness :-18219.97 Final Amt :1665.04 Days :236 Avg Daily Profit :-0.062 %
Env #:0 Genome_id # :200 Fitness :82874.15 Final Amt :3286.26 Days :236 Avg Daily Profit :0.232 %
Env #:0 Genome_id # :201 Fitness :13624.31 Final Amt :2183.86 Days :236 Avg Daily Profit :0.052 %
Env #:0 Genome_id # :205 Fitness :-121945.78 Final Amt :1596.73 Days :236 Avg Daily Profit :-0.079 %
Env #:0 Genome_id # :206 Fitness :48548.22 Final Amt :2107.11 Days :236 Avg Daily Profit :0.034 %
Env #:0 Genome_id # :31 Fitness :95588.9 Final Amt :3395.17 Days :236 Avg Daily Profit :0.243 %
Env #:0 Genome_id # :211 Fitness :24834.48 Final Amt :2109.47 Days :236 Avg Daily Profit :0.027 %
Env #:0 Genome_id # :217 Fitness :-24334.14 Final Amt :1331.94 Days :236 Avg Daily Profit :-0.139 %
Env #:0 Genome_id # :218 Fitness :122716.68 Final Amt :2465.85 Days :236 Avg Daily Profit :0.108 %
Env #:0 Genome_id # :1042 Fitness :142231.86 Final Amt :3091.93 Days :236 Avg Daily Profit :0.206 %
Env #:0 Genome_id # :216 Fitness :104717.6 Final Amt :2139.5 Days :236 Avg Daily Profit :0.048 %
Env #:0 Genome_id # :365 Fitness :190663.86 Final Amt :4261.09 Days :236 Avg Daily Profit :0.34 %
Env #:0 Genome_id # :41 Fitness :175761.48 Final Amt :2997.81 Days :236 Avg Daily Profit :0.192 %
Env #:0 Genome_id # :237 Fitness :4630.2 Final Amt :2104.42 Days :236 Avg Daily Profit :0.035 %
Env #:0 Genome_id # :238 Fitness :-20855.34 Final Amt :1589.4 Days :236 Avg Daily Profit :-0.084 %
   ID   age  size  fitness  adj fit  stag
  ====  ===  ====  =======  =======  ====
     1   14    12  190663.9    0.457   -69
     2   14     8  142231.9    0.340   -67
Total extinctions: 0
Generation time: 2447.757 sec (2484.181 average)
Saving checkpoint to neat-checkpoint-14

 ****** Running generation 15 ****** 

Population's average fitness: 49024.01145 stdev: 77210.55245
Best fitness: 190663.86100 - size: (6, 25) - species 1 - id 365
Average adjusted fitness: 0.549
Mean genetic distance 2.405, standard deviation 0.934
Population of 20 members in 2 species:
   ID   age  size  fitness  adj fit  stag
  ====  ===  ====  =======  =======  ====
     1   15    11  190663.9    0.540   -68
     2   15     9  142231.9    0.557   -66
Total extinctions: 0
Generation time: 2510.074 sec (2492.110 average)
Saving checkpoint to neat-checkpoint-15

 ****** Running generation 16 ****** 

Population's average fitness: 55140.24665 stdev: 81803.46724
Best fitness: 190663.86100 - size: (6, 25) - species 1 - id 365
Average adjusted fitness: 0.544
Mean genetic distance 2.317, standard deviation 0.956
Population of 20 members in 2 species:
   ID   age  size  fitness  adj fit  stag
  ====  ===  ====  =======  =======  ====
     1   16    12  190663.9    0.627   -67
     2   16     8  142231.9    0.462   -65
Total extinctions: 0
Generation time: 2512.839 sec (2485.955 average)
Saving checkpoint to neat-checkpoint-16

 ****** Running generation 17 ****** 

Population's average fitness: 44840.51465 stdev: 75520.97931
Best fitness: 190663.86100 - size: (6, 25) - species 1 - id 365
Average adjusted fitness: 0.378
Mean genetic distance 2.275, standard deviation 1.007
Population of 20 members in 2 species:
   ID   age  size  fitness  adj fit  stag
  ====  ===  ====  =======  =======  ====
     1   17    11  190663.9    0.394   -66
     2   17     9  142231.9    0.362   -64
Total extinctions: 0
Generation time: 2566.176 sec (2487.504 average)
Saving checkpoint to neat-checkpoint-17

 ****** Running generation 18 ****** 

Population's average fitness: 52291.81355 stdev: 73374.12485
Best fitness: 190663.86100 - size: (6, 25) - species 1 - id 365
Average adjusted fitness: 0.415
Mean genetic distance 2.376, standard deviation 0.943
Population of 20 members in 2 species:
   ID   age  size  fitness  adj fit  stag
  ====  ===  ====  =======  =======  ====
     1   18    10  190663.9    0.436   -65
     2   18    10  142231.9    0.393   -63
Total extinctions: 0
Generation time: 2524.033 sec (2486.288 average)
Saving checkpoint to neat-checkpoint-18

 ****** Running generation 19 ****** 

Population's average fitness: 48741.16775 stdev: 80894.24535
Best fitness: 190663.86100 - size: (6, 25) - species 1 - id 365
Average adjusted fitness: 0.476
Mean genetic distance 2.358, standard deviation 0.964
Population of 20 members in 2 species:
   ID   age  size  fitness  adj fit  stag
  ====  ===  ====  =======  =======  ====
     1   19    11  190663.9    0.539   -64
     2   19     9  142231.9    0.412   -62
Total extinctions: 0
Generation time: 2478.773 sec (2501.825 average)
Saving checkpoint to neat-checkpoint-19

 ****** Running generation 20 ****** 

Population's average fitness: 42020.90210 stdev: 92624.75203
Best fitness: 190663.86100 - size: (6, 25) - species 1 - id 365
Average adjusted fitness: 0.557
Mean genetic distance 2.364, standard deviation 0.989
Population of 20 members in 2 species:
   ID   age  size  fitness  adj fit  stag
  ====  ===  ====  =======  =======  ====
     1   20    10  190663.9    0.582   -63
     2   20    10  142231.9    0.531   -61
Total extinctions: 0
Generation time: 2532.930 sec (2501.093 average)
Saving checkpoint to neat-checkpoint-20

 ****** Running generation 21 ****** 

Population's average fitness: 60555.14825 stdev: 75402.86937
Best fitness: 190663.86100 - size: (6, 25) - species 1 - id 365
Average adjusted fitness: 0.514
Mean genetic distance 2.272, standard deviation 1.052
Population of 20 members in 2 species:
   ID   age  size  fitness  adj fit  stag
  ====  ===  ====  =======  =======  ====
     1   21    11  190663.9    0.587   -62
     2   21     9  142231.9    0.440   -60
Total extinctions: 0
Generation time: 2531.451 sec (2505.366 average)
Saving checkpoint to neat-checkpoint-21

 ****** Running generation 22 ****** 

Population's average fitness: 54201.03405 stdev: 75575.96050
Best fitness: 190663.86100 - size: (6, 25) - species 1 - id 365
Average adjusted fitness: 0.512
Mean genetic distance 2.341, standard deviation 1.024
Population of 20 members in 2 species:
   ID   age  size  fitness  adj fit  stag
  ====  ===  ====  =======  =======  ====
     1   22    10  190663.9    0.550   -61
     2   22    10  142231.9    0.474   -59
Total extinctions: 0
Generation time: 2516.688 sec (2504.371 average)
Saving checkpoint to neat-checkpoint-22

 ****** Running generation 23 ****** 

Population's average fitness: 44536.76290 stdev: 82825.50969
Best fitness: 190663.86100 - size: (6, 25) - species 1 - id 365
Average adjusted fitness: 0.539
Mean genetic distance 2.365, standard deviation 0.939
Population of 20 members in 2 species:
   ID   age  size  fitness  adj fit  stag
  ====  ===  ====  =======  =======  ====
     1   23    11  190663.9    0.549   -60
     2   23     9  142231.9    0.530   -58
Total extinctions: 0
Generation time: 2529.040 sec (2514.976 average)
Saving checkpoint to neat-checkpoint-23

 ****** Running generation 24 ****** 

Population's average fitness: 59341.50975 stdev: 85257.93096
Best fitness: 190663.86100 - size: (6, 25) - species 1 - id 365
Average adjusted fitness: 0.621
Mean genetic distance 2.242, standard deviation 1.030
Population of 20 members in 2 species:
   ID   age  size  fitness  adj fit  stag
  ====  ===  ====  =======  =======  ====
     1   24    10  190663.9    0.670   -59
     2   24    10  142231.9    0.571   -57
Total extinctions: 0
Generation time: 2527.397 sec (2522.940 average)
Saving checkpoint to neat-checkpoint-24

 ****** Running generation 25 ****** 

Population's average fitness: 54203.69475 stdev: 69682.49466
Best fitness: 190663.86100 - size: (6, 25) - species 1 - id 365
Average adjusted fitness: 0.451
Mean genetic distance 2.268, standard deviation 0.990
Population of 20 members in 2 species:
   ID   age  size  fitness  adj fit  stag
  ====  ===  ====  =======  =======  ====
     1   25    11  190663.9    0.502   -58
     2   25     9  142231.9    0.401   -56
Total extinctions: 0
Generation time: 2607.712 sec (2532.704 average)
Saving checkpoint to neat-checkpoint-25

 ****** Running generation 26 ****** 

Population's average fitness: 48431.91370 stdev: 73533.61414
Best fitness: 190663.86100 - size: (6, 25) - species 1 - id 365
Average adjusted fitness: 0.400
Mean genetic distance 2.303, standard deviation 0.984
Population of 19 members in 2 species:
   ID   age  size  fitness  adj fit  stag
  ====  ===  ====  =======  =======  ====
     1   26    10  190663.9    0.440   -57
     2   26     9  142231.9    0.361   -55
Total extinctions: 0
Generation time: 2544.668 sec (2535.887 average)
Saving checkpoint to neat-checkpoint-26

 ****** Running generation 27 ****** 

Population's average fitness: 47706.54047 stdev: 74457.14495
Best fitness: 190663.86100 - size: (6, 25) - species 1 - id 365
Average adjusted fitness: 0.373
Mean genetic distance 2.314, standard deviation 0.972
Population of 20 members in 2 species:
   ID   age  size  fitness  adj fit  stag
  ====  ===  ====  =======  =======  ====
     1   27    10  190663.9    0.376   -56
     2   27    10  142231.9    0.371   -54
Total extinctions: 0
Generation time: 2245.226 sec (2503.792 average)
Saving checkpoint to neat-checkpoint-27

 ****** Running generation 28 ****** 

Population's average fitness: 47066.06525 stdev: 82094.16107
Best fitness: 190663.86100 - size: (6, 25) - species 1 - id 365
Average adjusted fitness: 0.500
Mean genetic distance 2.217, standard deviation 1.011
Population of 20 members in 2 species:
   ID   age  size  fitness  adj fit  stag
  ====  ===  ====  =======  =======  ====
     1   28     9  190663.9    0.494   -55
     2   28    11  142231.9    0.506   -53
Total extinctions: 0
Generation time: 2235.451 sec (2474.934 average)
Env #:0 Genome_id # :230 Fitness :-214.46 Final Amt :1971.79 Days :236 Avg Daily Profit :-0.006 %
Env #:0 Genome_id # :235 Fitness :-44846.06 Final Amt :1608.28 Days :236 Avg Daily Profit :-0.075 %
Env #:0 Genome_id # :236 Fitness :6816.89 Final Amt :2125.61 Days :236 Avg Daily Profit :0.027 %
Env #:0 Genome_id # :240 Fitness :19862.76 Final Amt :2439.62 Days :236 Avg Daily Profit :0.1 %
Env #:0 Genome_id # :241 Fitness :-629.79 Final Amt :1974.03 Days :236 Avg Daily Profit :-0.005 %
Env #:0 Genome_id # :244 Fitness :-9145.22 Final Amt :1582.56 Days :236 Avg Daily Profit :-0.065 %
Env #:0 Genome_id # :365 Fitness :190663.86 Final Amt :4261.09 Days :236 Avg Daily Profit :0.34 %
Env #:0 Genome_id # :249 Fitness :-1108.19 Final Amt :1761.49 Days :236 Avg Daily Profit :-0.036 %
Env #:0 Genome_id # :250 Fitness :1835.6 Final Amt :2012.8 Days :236 Avg Daily Profit :0.003 %
Env #:0 Genome_id # :254 Fitness :60251.61 Final Amt :3238.38 Days :236 Avg Daily Profit :0.226 %
Env #:0 Genome_id # :255 Fitness :-15156.3 Final Amt :1647.23 Days :236 Avg Daily Profit :-0.068 %
Env #:0 Genome_id # :258 Fitness :31073.85 Final Amt :2083.42 Days :236 Avg Daily Profit :0.034 %
Env #:0 Genome_id # :259 Fitness :-34181.09 Final Amt :2106.81 Days :236 Avg Daily Profit :0.038 %
Env #:0 Genome_id # :263 Fitness :0.0 Final Amt :2000.0 Days :236 Avg Daily Profit :0.0 %
Env #:0 Genome_id # :264 Fitness :-6991.29 Final Amt :1739.42 Days :236 Avg Daily Profit :-0.049 %
Env #:0 Genome_id # :268 Fitness :-101786.0 Final Amt :2208.45 Days :236 Avg Daily Profit :0.06 %
Env #:0 Genome_id # :269 Fitness :93068.01 Final Amt :3560.89 Days :236 Avg Daily Profit :0.266 %
Env #:0 Genome_id # :275 Fitness :17899.84 Final Amt :2206.91 Days :236 Avg Daily Profit :0.06 %
Env #:0 Genome_id # :276 Fitness :-146529.82 Final Amt :1956.93 Days :236 Avg Daily Profit :0.019 %
Env #:0 Genome_id # :279 Fitness :32273.01 Final Amt :2499.33 Days :236 Avg Daily Profit :0.108 %
Env #:0 Genome_id # :280 Fitness :-30610.36 Final Amt :1565.69 Days :236 Avg Daily Profit :-0.09 %
Env #:0 Genome_id # :284 Fitness :98950.12 Final Amt :2931.38 Days :236 Avg Daily Profit :0.191 %
Env #:0 Genome_id # :285 Fitness :60722.51 Final Amt :3028.39 Days :236 Avg Daily Profit :0.194 %
Env #:0 Genome_id # :365 Fitness :190663.86 Final Amt :4261.09 Days :236 Avg Daily Profit :0.34 %
Env #:0 Genome_id # :41 Fitness :175761.48 Final Amt :2997.81 Days :236 Avg Daily Profit :0.192 %
Env #:0 Genome_id # :293 Fitness :146370.41 Final Amt :2588.17 Days :236 Avg Daily Profit :0.133 %
Env #:0 Genome_id # :294 Fitness :53824.04 Final Amt :2255.76 Days :236 Avg Daily Profit :0.068 %
Env #:0 Genome_id # :298 Fitness :15760.55 Final Amt :2152.0 Days :236 Avg Daily Profit :0.041 %
Env #:0 Genome_id # :299 Fitness :62121.19 Final Amt :1677.55 Days :236 Avg Daily Profit :-0.048 %
Env #:0 Genome_id # :303 Fitness :-9382.72 Final Amt :1694.03 Days :236 Avg Daily Profit :-0.059 %
Env #:0 Genome_id # :304 Fitness :113701.76 Final Amt :2354.88 Days :236 Avg Daily Profit :0.089 %
Env #:0 Genome_id # :284 Fitness :98950.12 Final Amt :2931.38 Days :236 Avg Daily Profit :0.191 %
Env #:0 Genome_id # :309 Fitness :-25618.36 Final Amt :1732.14 Days :236 Avg Daily Profit :-0.045 %
Env #:0 Genome_id # :317 Fitness :21353.85 Final Amt :2384.94 Days :236 Avg Daily Profit :0.086 %
Env #:0 Genome_id # :318 Fitness :-2156.06 Final Amt :2043.65 Days :236 Avg Daily Profit :0.021 %
Env #:0 Genome_id # :284 Fitness :98950.12 Final Amt :2931.38 Days :236 Avg Daily Profit :0.191 %
Env #:0 Genome_id # :323 Fitness :-25235.84 Final Amt :1347.94 Days :236 Avg Daily Profit :-0.141 %
Env #:0 Genome_id # :329 Fitness :28923.07 Final Amt :2436.07 Days :236 Avg Daily Profit :0.097 %
Env #:0 Genome_id # :330 Fitness :53582.51 Final Amt :3075.82 Days :236 Avg Daily Profit :0.201 %
Env #:0 Genome_id # :1042 Fitness :142231.86 Final Amt :3091.93 Days :236 Avg Daily Profit :0.206 %
Env #:0 Genome_id # :326 Fitness :110320.29 Final Amt :2454.27 Days :236 Avg Daily Profit :0.103 %
Env #:0 Genome_id # :1072 Fitness :175323.59 Final Amt :3126.67 Days :236 Avg Daily Profit :0.21 %
Env #:0 Genome_id # :344 Fitness :74799.24 Final Amt :1975.66 Days :236 Avg Daily Profit :0.013 %
Env #:0 Genome_id # :349 Fitness :0.0 Final Amt :2000.0 Days :236 Avg Daily Profit :0.0 %
Env #:0 Genome_id # :350 Fitness :10923.67 Final Amt :1939.34 Days :236 Avg Daily Profit :-0.003 %
Env #:0 Genome_id # :352 Fitness :8509.57 Final Amt :2224.64 Days :236 Avg Daily Profit :0.059 %
Env #:0 Genome_id # :353 Fitness :-600.04 Final Amt :1877.24 Days :236 Avg Daily Profit :-0.012 %
Env #:0 Genome_id # :359 Fitness :18519.5 Final Amt :2258.9 Days :236 Avg Daily Profit :0.073 %
Env #:0 Genome_id # :360 Fitness :78409.62 Final Amt :3409.65 Days :236 Avg Daily Profit :0.245 %
Env #:0 Genome_id # :1042 Fitness :142231.86 Final Amt :3091.93 Days :236 Avg Daily Profit :0.206 %
Env #:0 Genome_id # :326 Fitness :110320.29 Final Amt :2454.27 Days :236 Avg Daily Profit :0.103 %
Env #:0 Genome_id # :374 Fitness :-32817.87 Final Amt :1646.11 Days :236 Avg Daily Profit :-0.068 %
Env #:0 Genome_id # :375 Fitness :-23946.34 Final Amt :1648.07 Days :236 Avg Daily Profit :-0.069 %
Env #:0 Genome_id # :216 Fitness :104717.6 Final Amt :2139.5 Days :236 Avg Daily Profit :0.048 %
Env #:0 Genome_id # :379 Fitness :37558.44 Final Amt :2713.73 Days :236 Avg Daily Profit :0.147 %
Env #:0 Genome_id # :365 Fitness :190663.86 Final Amt :4261.09 Days :236 Avg Daily Profit :0.34 %
Env #:0 Genome_id # :41 Fitness :175761.48 Final Amt :2997.81 Days :236 Avg Daily Profit :0.192 %
Env #:0 Genome_id # :1042 Fitness :142231.86 Final Amt :3091.93 Days :236 Avg Daily Profit :0.206 %
Env #:0 Genome_id # :326 Fitness :110320.29 Final Amt :2454.27 Days :236 Avg Daily Profit :0.103 %
Env #:0 Genome_id # :41 Fitness :175761.48 Final Amt :2997.81 Days :236 Avg Daily Profit :0.192 %
Env #:0 Genome_id # :1072 Fitness :175323.59 Final Amt :3126.67 Days :236 Avg Daily Profit :0.21 %

Env #:0 Genome_id # :242 Fitness :-44140.81 Final Amt :3045.37 Days :236 Avg Daily Profit :0.198 %
Env #:0 Genome_id # :243 Fitness :87383.79 Final Amt :3462.77 Days :236 Avg Daily Profit :0.256 %
Env #:0 Genome_id # :247 Fitness :31981.16 Final Amt :1557.2 Days :236 Avg Daily Profit :-0.077 %
Env #:0 Genome_id # :248 Fitness :-19594.57 Final Amt :1643.56 Days :236 Avg Daily Profit :-0.075 %
Env #:0 Genome_id # :251 Fitness :-46610.71 Final Amt :1825.32 Days :236 Avg Daily Profit :-0.021 %
Env #:0 Genome_id # :252 Fitness :8347.4 Final Amt :1751.65 Days :236 Avg Daily Profit :-0.031 %
Env #:0 Genome_id # :256 Fitness :9991.69 Final Amt :2201.4 Days :236 Avg Daily Profit :0.056 %
Env #:0 Genome_id # :257 Fitness :-23327.21 Final Amt :1585.16 Days :236 Avg Daily Profit :-0.091 %
Env #:0 Genome_id # :365 Fitness :190663.86 Final Amt :4261.09 Days :236 Avg Daily Profit :0.34 %
Env #:0 Genome_id # :41 Fitness :175761.48 Final Amt :2997.81 Days :236 Avg Daily Profit :0.192 %
Env #:0 Genome_id # :265 Fitness :125911.54 Final Amt :3363.13 Days :236 Avg Daily Profit :0.238 %
Env #:0 Genome_id # :266 Fitness :-33251.02 Final Amt :1673.49 Days :236 Avg Daily Profit :-0.056 %
Env #:0 Genome_id # :270 Fitness :-17617.5 Final Amt :1759.91 Days :236 Avg Daily Profit :-0.038 %
Env #:0 Genome_id # :271 Fitness :38415.13 Final Amt :2571.66 Days :236 Avg Daily Profit :0.133 %
Env #:0 Genome_id # :272 Fitness :-11538.13 Final Amt :1863.29 Days :236 Avg Daily Profit :-0.01 %
Env #:0 Genome_id # :365 Fitness :190663.86 Final Amt :4261.09 Days :236 Avg Daily Profit :0.34 %
Env #:0 Genome_id # :277 Fitness :-42928.34 Final Amt :1604.76 Days :236 Avg Daily Profit :-0.078 %
Env #:0 Genome_id # :278 Fitness :131632.78 Final Amt :2272.19 Days :236 Avg Daily Profit :0.073 %
Env #:0 Genome_id # :282 Fitness :-14501.68 Final Amt :1636.42 Days :236 Avg Daily Profit :-0.068 %
Env #:0 Genome_id # :283 Fitness :-14944.87 Final Amt :1654.26 Days :236 Avg Daily Profit :-0.062 %
Env #:0 Genome_id # :286 Fitness :27231.41 Final Amt :2353.97 Days :236 Avg Daily Profit :0.091 %
Env #:0 Genome_id # :287 Fitness :-14781.86 Final Amt :1667.71 Days :236 Avg Daily Profit :-0.058 %
Env #:0 Genome_id # :291 Fitness :5137.09 Final Amt :1986.47 Days :236 Avg Daily Profit :0.004 %
Env #:0 Genome_id # :292 Fitness :49598.88 Final Amt :2804.53 Days :236 Avg Daily Profit :0.167 %
Env #:0 Genome_id # :296 Fitness :-91241.67 Final Amt :1820.16 Days :236 Avg Daily Profit :-0.017 %
Env #:0 Genome_id # :297 Fitness :18591.57 Final Amt :2400.3 Days :236 Avg Daily Profit :0.08 %
Env #:0 Genome_id # :300 Fitness :-4853.1 Final Amt :1885.48 Days :236 Avg Daily Profit :-0.023 %
Env #:0 Genome_id # :365 Fitness :190663.86 Final Amt :4261.09 Days :236 Avg Daily Profit :0.34 %
Env #:0 Genome_id # :305 Fitness :-11991.15 Final Amt :2402.81 Days :236 Avg Daily Profit :0.1 %
Env #:0 Genome_id # :306 Fitness :65695.37 Final Amt :2183.88 Days :236 Avg Daily Profit :0.056 %
Env #:0 Genome_id # :310 Fitness :65385.8 Final Amt :2493.46 Days :236 Avg Daily Profit :0.116 %
Env #:0 Genome_id # :311 Fitness :18646.96 Final Amt :2018.12 Days :236 Avg Daily Profit :0.023 %
Env #:0 Genome_id # :1072 Fitness :175323.59 Final Amt :3126.67 Days :236 Avg Daily Profit :0.21 %
Env #:0 Genome_id # :316 Fitness :-126546.2 Final Amt :1925.34 Days :236 Avg Daily Profit :-0.008 %
Env #:0 Genome_id # :1042 Fitness :142231.86 Final Amt :3091.93 Days :236 Avg Daily Profit :0.206 %
Env #:0 Genome_id # :216 Fitness :104717.6 Final Amt :2139.5 Days :236 Avg Daily Profit :0.048 %
Env #:0 Genome_id # :328 Fitness :-159927.08 Final Amt :2452.36 Days :236 Avg Daily Profit :0.118 %
Env #:0 Genome_id # :365 Fitness :190663.86 Final Amt :4261.09 Days :236 Avg Daily Profit :0.34 %
Env #:0 Genome_id # :333 Fitness :-31558.63 Final Amt :1652.74 Days :236 Avg Daily Profit :-0.066 %
Env #:0 Genome_id # :334 Fitness :22091.19 Final Amt :2418.78 Days :236 Avg Daily Profit :0.094 %
Env #:0 Genome_id # :340 Fitness :-57992.3 Final Amt :1704.59 Days :236 Avg Daily Profit :-0.051 %
Env #:0 Genome_id # :341 Fitness :15933.03 Final Amt :2158.59 Days :236 Avg Daily Profit :0.047 %
Env #:0 Genome_id # :342 Fitness :6408.78 Final Amt :2070.65 Days :236 Avg Daily Profit :0.03 %
Env #:0 Genome_id # :343 Fitness :19269.56 Final Amt :2071.52 Days :236 Avg Daily Profit :0.028 %
Env #:0 Genome_id # :216 Fitness :104717.6 Final Amt :2139.5 Days :236 Avg Daily Profit :0.048 %
Env #:0 Genome_id # :351 Fitness :-15379.03 Final Amt :1945.84 Days :236 Avg Daily Profit :-0.002 %
Env #:0 Genome_id # :357 Fitness :-8275.82 Final Amt :1722.94 Days :236 Avg Daily Profit :-0.049 %
Env #:0 Genome_id # :358 Fitness :16044.06 Final Amt :2229.57 Days :236 Avg Daily Profit :0.062 %
Env #:0 Genome_id # :216 Fitness :104717.6 Final Amt :2139.5 Days :236 Avg Daily Profit :0.048 %
Env #:0 Genome_id # :365 Fitness :190663.86 Final Amt :4261.09 Days :236 Avg Daily Profit :0.34 %
Env #:0 Genome_id # :41 Fitness :175761.48 Final Amt :2997.81 Days :236 Avg Daily Profit :0.192 %
Env #:0 Genome_id # :1072 Fitness :175323.59 Final Amt :3126.67 Days :236 Avg Daily Profit :0.21 %
Env #:0 Genome_id # :1042 Fitness :142231.86 Final Amt :3091.93 Days :236 Avg Daily Profit :0.206 %
Env #:0 Genome_id # :326 Fitness :110320.29 Final Amt :2454.27 Days :236 Avg Daily Profit :0.103 %
Env #:0 Genome_id # :1072 Fitness :175323.59 Final Amt :3126.67 Days :236 Avg Daily Profit :0.21 %
Env #:0 Genome_id # :386 Fitness :4198.0 Final Amt :2113.43 Days :236 Avg Daily Profit :0.032 %
Env #:0 Genome_id # :216 Fitness :104717.6 Final Amt :2139.5 Days :236 Avg Daily Profit :0.048 %
Env #:0 Genome_id # :393 Fitness :3024.62 Final Amt :1792.1 Days :236 Avg Daily Profit :-0.033 %
Env #:0 Genome_id # :401 Fitness :-20646.83 Final Amt :1688.38 Days :236 Avg Daily Profit :-0.058 %
Env #:0 Genome_id # :402 Fitness :-29110.78 Final Amt :1552.81 Days :236 Avg Daily Profit :-0.093 %

Env #:0 Genome_id # :228 Fitness :-6857.12 Final Amt :1774.12 Days :236 Avg Daily Profit :-0.036 %
Env #:0 Genome_id # :229 Fitness :58993.32 Final Amt :2791.31 Days :236 Avg Daily Profit :0.165 %
Env #:0 Genome_id # :231 Fitness :23717.07 Final Amt :2436.0 Days :236 Avg Daily Profit :0.095 %
Env #:0 Genome_id # :232 Fitness :-33630.82 Final Amt :1660.88 Days :236 Avg Daily Profit :-0.064 %
Env #:0 Genome_id # :85 Fitness :95988.93 Final Amt :3655.03 Days :236 Avg Daily Profit :0.277 %
Env #:0 Genome_id # :239 Fitness :23684.95 Final Amt :2024.6 Days :236 Avg Daily Profit :0.027 %
Env #:0 Genome_id # :41 Fitness :175761.48 Final Amt :2997.81 Days :236 Avg Daily Profit :0.192 %
Env #:0 Genome_id # :1072 Fitness :175323.59 Final Amt :3126.67 Days :236 Avg Daily Profit :0.21 %
Env #:0 Genome_id # :1042 Fitness :142231.86 Final Amt :3091.93 Days :236 Avg Daily Profit :0.206 %
Env #:0 Genome_id # :216 Fitness :104717.6 Final Amt :2139.5 Days :236 Avg Daily Profit :0.048 %
Env #:0 Genome_id # :261 Fitness :-79965.77 Final Amt :1691.88 Days :236 Avg Daily Profit :-0.053 %
Env #:0 Genome_id # :262 Fitness :75266.16 Final Amt :1982.79 Days :236 Avg Daily Profit :0.01 %
Env #:0 Genome_id # :85 Fitness :95988.93 Final Amt :3655.03 Days :236 Avg Daily Profit :0.277 %
Env #:0 Genome_id # :267 Fitness :-51085.29 Final Amt :1865.8 Days :236 Avg Daily Profit :-0.017 %
Env #:0 Genome_id # :273 Fitness :44924.43 Final Amt :3021.21 Days :236 Avg Daily Profit :0.18 %
Env #:0 Genome_id # :274 Fitness :-387.03 Final Amt :2032.36 Days :236 Avg Daily Profit :0.04 %
Env #:0 Genome_id # :1042 Fitness :142231.86 Final Amt :3091.93 Days :236 Avg Daily Profit :0.206 %
Env #:0 Genome_id # :216 Fitness :104717.6 Final Amt :2139.5 Days :236 Avg Daily Profit :0.048 %
Env #:0 Genome_id # :1072 Fitness :175323.59 Final Amt :3126.67 Days :236 Avg Daily Profit :0.21 %
Env #:0 Genome_id # :288 Fitness :14193.37 Final Amt :1955.12 Days :236 Avg Daily Profit :0.003 %
Env #:0 Genome_id # :1042 Fitness :142231.86 Final Amt :3091.93 Days :236 Avg Daily Profit :0.206 %
Env #:0 Genome_id # :216 Fitness :104717.6 Final Amt :2139.5 Days :236 Avg Daily Profit :0.048 %
Env #:0 Genome_id # :41 Fitness :175761.48 Final Amt :2997.81 Days :236 Avg Daily Profit :0.192 %
Env #:0 Genome_id # :1072 Fitness :175323.59 Final Amt :3126.67 Days :236 Avg Daily Profit :0.21 %
Env #:0 Genome_id # :307 Fitness :-10701.51 Final Amt :1870.98 Days :236 Avg Daily Profit :-0.014 %
Env #:0 Genome_id # :308 Fitness :-29114.54 Final Amt :1704.53 Days :236 Avg Daily Profit :-0.049 %
Env #:0 Genome_id # :312 Fitness :44318.15 Final Amt :2500.12 Days :236 Avg Daily Profit :0.111 %
Env #:0 Genome_id # :313 Fitness :-21753.57 Final Amt :1688.95 Days :236 Avg Daily Profit :-0.068 %
Env #:0 Genome_id # :314 Fitness :22318.09 Final Amt :2044.98 Days :236 Avg Daily Profit :0.023 %
Env #:0 Genome_id # :315 Fitness :-33229.45 Final Amt :1594.19 Days :236 Avg Daily Profit :-0.082 %
Env #:0 Genome_id # :319 Fitness :101542.85 Final Amt :2881.94 Days :236 Avg Daily Profit :0.165 %
Env #:0 Genome_id # :320 Fitness :-30593.12 Final Amt :1624.8 Days :236 Avg Daily Profit :-0.072 %
Env #:0 Genome_id # :324 Fitness :-8716.49 Final Amt :1751.11 Days :236 Avg Daily Profit :-0.043 %
Env #:0 Genome_id # :325 Fitness :47104.9 Final Amt :2354.54 Days :236 Avg Daily Profit :0.086 %
Env #:0 Genome_id # :331 Fitness :123818.25 Final Amt :2292.85 Days :236 Avg Daily Profit :0.076 %
Env #:0 Genome_id # :332 Fitness :-26122.42 Final Amt :1405.8 Days :236 Avg Daily Profit :-0.117 %
Env #:0 Genome_id # :216 Fitness :104717.6 Final Amt :2139.5 Days :236 Avg Daily Profit :0.048 %
Env #:0 Genome_id # :337 Fitness :33110.89 Final Amt :1807.55 Days :236 Avg Daily Profit :-0.02 %
Env #:0 Genome_id # :365 Fitness :190663.86 Final Amt :4261.09 Days :236 Avg Daily Profit :0.34 %
Env #:0 Genome_id # :41 Fitness :175761.48 Final Amt :2997.81 Days :236 Avg Daily Profit :0.192 %
Env #:0 Genome_id # :347 Fitness :18731.94 Final Amt :2285.42 Days :236 Avg Daily Profit :0.07 %
Env #:0 Genome_id # :348 Fitness :-15590.57 Final Amt :1686.89 Days :236 Avg Daily Profit :-0.058 %
Env #:0 Genome_id # :354 Fitness :-26655.7 Final Amt :1799.9 Days :236 Avg Daily Profit :-0.033 %
Env #:0 Genome_id # :355 Fitness :-20206.91 Final Amt :1567.79 Days :236 Avg Daily Profit :-0.083 %
Env #:0 Genome_id # :356 Fitness :39294.42 Final Amt :1905.45 Days :236 Avg Daily Profit :-0.004 %
Env #:0 Genome_id # :365 Fitness :190663.86 Final Amt :4261.09 Days :236 Avg Daily Profit :0.34 %
Env #:0 Genome_id # :361 Fitness :-48141.67 Final Amt :1637.39 Days :236 Avg Daily Profit :-0.077 %
Env #:0 Genome_id # :362 Fitness :22260.32 Final Amt :2296.24 Days :236 Avg Daily Profit :0.073 %
Env #:0 Genome_id # :366 Fitness :25265.28 Final Amt :1621.64 Days :236 Avg Daily Profit :-0.074 %
Env #:0 Genome_id # :367 Fitness :-15834.63 Final Amt :1677.05 Days :236 Avg Daily Profit :-0.057 %
Env #:0 Genome_id # :370 Fitness :28177.42 Final Amt :1501.5 Days :236 Avg Daily Profit :-0.1 %
Env #:0 Genome_id # :371 Fitness :12579.01 Final Amt :2242.15 Days :236 Avg Daily Profit :0.063 %
Env #:0 Genome_id # :378 Fitness :40272.02 Final Amt :2534.82 Days :236 Avg Daily Profit :0.121 %
Env #:0 Genome_id # :380 Fitness :49797.58 Final Amt :2713.86 Days :236 Avg Daily Profit :0.144 %
Env #:0 Genome_id # :381 Fitness :50469.69 Final Amt :1258.53 Days :236 Avg Daily Profit :-0.182 %
Env #:0 Genome_id # :384 Fitness :-14319.6 Final Amt :1664.78 Days :236 Avg Daily Profit :-0.063 %
Env #:0 Genome_id # :385 Fitness :35452.02 Final Amt :2180.13 Days :236 Avg Daily Profit :0.052 %
Env #:0 Genome_id # :391 Fitness :110766.52 Final Amt :2551.97 Days :236 Avg Daily Profit :0.122 %
Env #:0 Genome_id # :392 Fitness :-37625.61 Final Amt :1251.18 Days :236 Avg Daily Profit :-0.182 %
Env #:0 Genome_id # :396 Fitness :-20293.43 Final Amt :1664.87 Days :236 Avg Daily Profit :-0.064 %
Env #:0 Genome_id # :397 Fitness :-16207.88 Final Amt :1904.1 Days :236 Avg Daily Profit :-0.007 %
Env #:0 Genome_id # :398 Fitness :-13560.71 Final Amt :1679.93 Days :236 Avg Daily Profit :-0.062 %
Env #:0 Genome_id # :399 Fitness :15253.19 Final Amt :2370.09 Days :236 Avg Daily Profit :0.088 %
Env #:0 Genome_id # :403 Fitness :-38529.64 Final Amt :1604.31 Days :236 Avg Daily Profit :-0.078 %
Env #:0 Genome_id # :404 Fitness :-31352.0 Final Amt :1680.76 Days :236 Avg Daily Profit :-0.056 %

Saving checkpoint to neat-checkpoint-28

 ****** Running generation 29 ****** 

Population's average fitness: 47815.94395 stdev: 75155.60357
Best fitness: 190663.86100 - size: (6, 25) - species 1 - id 365
Average adjusted fitness: 0.381
Mean genetic distance 2.319, standard deviation 1.004
Population of 20 members in 2 species:
   ID   age  size  fitness  adj fit  stag
  ====  ===  ====  =======  =======  ====
     1   29    10  190663.9    0.419   -54
     2   29    10  142231.9    0.342   -52
Total extinctions: 0
Generation time: 1362.595 sec (2363.316 average)
Saving checkpoint to neat-checkpoint-29
Key: 365
Fitness: 190663.86099999992
Nodes:
	0 DefaultNodeGene(key=0, bias=0.2416667158321818, response=1.0755029018872537, activation=sigmoid, aggregation=min)
	1 DefaultNodeGene(key=1, bias=1.1346509609286677, response=1.354121670957912, activation=relu, aggregation=max)
	2 DefaultNodeGene(key=2, bias=-1.7271618578112897, response=0.9783072110445996, activation=relu, aggregation=sum)
	249 DefaultNodeGene(key=249, bias=-0.5483142827773614, response=0.9136508237782063, activation=relu, aggregation=mean)
	108 DefaultNodeGene(key=108, bias=1.9567542941044829, response=0.9641417183111737, activation=relu, aggregation=maxabs)
	46 DefaultNodeGene(key=46, bias=0.6071999130299297, response=1.0367338331158433, activation=relu, aggregation=min)
Connections:
	DefaultConnectionGene(key=(-34, 2), weight=1.2276462589892914, enabled=False)
	DefaultConnectionGene(key=(-33, 2), weight=-1.3547655573057265, enabled=False)
	DefaultConnectionGene(key=(-32, 0), weight=0.30589168585543025, enabled=True)
	DefaultConnectionGene(key=(-32, 2), weight=1.061688091658439, enabled=False)
	DefaultConnectionGene(key=(-31, 0), weight=-1.8546424154264256, enabled=False)
	DefaultConnectionGene(key=(-31, 1), weight=0.8752362293556016, enabled=True)
	DefaultConnectionGene(key=(-31, 2), weight=1.7598906956267042, enabled=False)
	DefaultConnectionGene(key=(-30, 0), weight=-0.5180397251052278, enabled=False)
	DefaultConnectionGene(key=(-30, 2), weight=1.0342093406207977, enabled=False)
	DefaultConnectionGene(key=(-29, 0), weight=0.9076614452563065, enabled=False)
	DefaultConnectionGene(key=(-29, 1), weight=0.9989855355838477, enabled=True)
	DefaultConnectionGene(key=(-28, 2), weight=0.803294012489401, enabled=False)
	DefaultConnectionGene(key=(-26, 1), weight=-3.036262187395202, enabled=True)
	DefaultConnectionGene(key=(-26, 2), weight=-1.6990253325638742, enabled=True)
	DefaultConnectionGene(key=(-25, 0), weight=0.8548928487318243, enabled=False)
	DefaultConnectionGene(key=(-24, 0), weight=2.7021546585363443, enabled=False)
	DefaultConnectionGene(key=(-23, 1), weight=-0.5182544642185889, enabled=True)
	DefaultConnectionGene(key=(-22, 1), weight=-1.7860300944112955, enabled=False)
	DefaultConnectionGene(key=(-22, 2), weight=0.5785562767458421, enabled=True)
	DefaultConnectionGene(key=(-21, 0), weight=-1.9189152336080983, enabled=True)
	DefaultConnectionGene(key=(-20, 1), weight=-3.055795616414628, enabled=False)
	DefaultConnectionGene(key=(-20, 2), weight=0.0336509617707863, enabled=True)
	DefaultConnectionGene(key=(-19, 0), weight=-0.6825970312033249, enabled=True)
	DefaultConnectionGene(key=(-19, 2), weight=1.072281212225565, enabled=True)
	DefaultConnectionGene(key=(-18, 0), weight=-1.3002681566605068, enabled=False)
	DefaultConnectionGene(key=(-18, 249), weight=1.5599647188043144, enabled=True)
	DefaultConnectionGene(key=(-17, 0), weight=-1.0291876087916043, enabled=True)
	DefaultConnectionGene(key=(-17, 2), weight=0.14894611085975215, enabled=True)
	DefaultConnectionGene(key=(-16, 0), weight=1.7520663537184857, enabled=False)
	DefaultConnectionGene(key=(-14, 249), weight=0.8671754961566116, enabled=True)
	DefaultConnectionGene(key=(-13, 0), weight=0.9955736546607283, enabled=True)
	DefaultConnectionGene(key=(-13, 2), weight=1.08523895182059, enabled=False)
	DefaultConnectionGene(key=(-12, 1), weight=0.4615465101234061, enabled=True)
	DefaultConnectionGene(key=(-12, 2), weight=-1.0122555533192954, enabled=False)
	DefaultConnectionGene(key=(-12, 46), weight=0.8180522650511641, enabled=False)
	DefaultConnectionGene(key=(-11, 1), weight=0.05807026021348857, enabled=False)
	DefaultConnectionGene(key=(-11, 108), weight=-2.1693258816906207, enabled=False)
	DefaultConnectionGene(key=(-10, 0), weight=-0.9840712356753821, enabled=True)
	DefaultConnectionGene(key=(-10, 2), weight=2.516858662576493, enabled=False)
	DefaultConnectionGene(key=(-10, 108), weight=0.6692613695187131, enabled=True)
	DefaultConnectionGene(key=(-9, 1), weight=0.39610681376773327, enabled=False)
	DefaultConnectionGene(key=(-8, 0), weight=0.582221823916777, enabled=False)
	DefaultConnectionGene(key=(-8, 1), weight=-0.7850791822465201, enabled=False)
	DefaultConnectionGene(key=(-8, 2), weight=1.6002457110698423, enabled=True)
	DefaultConnectionGene(key=(-7, 0), weight=1.4174903031639547, enabled=False)
	DefaultConnectionGene(key=(-7, 1), weight=2.2753275240415807, enabled=True)
	DefaultConnectionGene(key=(-6, 2), weight=-0.3730864226588533, enabled=False)
	DefaultConnectionGene(key=(-5, 1), weight=-1.3488540183332238, enabled=False)
	DefaultConnectionGene(key=(-5, 2), weight=-2.0778511066112473, enabled=False)
	DefaultConnectionGene(key=(-4, 0), weight=-0.04374741017376749, enabled=True)
	DefaultConnectionGene(key=(-4, 1), weight=-1.2625056823726526, enabled=True)
	DefaultConnectionGene(key=(-3, 1), weight=0.7391704290688739, enabled=True)
	DefaultConnectionGene(key=(-3, 2), weight=-1.1840178825858552, enabled=False)
	DefaultConnectionGene(key=(-2, 2), weight=-1.0027322230207718, enabled=False)
	DefaultConnectionGene(key=(1, 1), weight=-0.0008838194448755887, enabled=False)
	DefaultConnectionGene(key=(46, 1), weight=0.8108040094706683, enabled=False)
	DefaultConnectionGene(key=(108, 2), weight=2.1036686996551004, enabled=False)
	DefaultConnectionGene(key=(249, 0), weight=-1.3118323199053157, enabled=True)
