nohup: ignoring input

 ****** Running generation 0 ****** 

Population's average fitness: 118955.44895 stdev: 82335.38472
Best fitness: 242009.93300 - size: (8, 37) - species 1 - id 1072
Average adjusted fitness: 0.636
Mean genetic distance 2.195, standard deviation 1.052
Population of 20 members in 2 species:
   ID   age  size  fitness  adj fit  stag
  ====  ===  ====  =======  =======  ====
     1    0     7  242009.9    0.559     0
     2    0    13  187398.5    0.713   -81
Total extinctions: 0
Generation time: 436.272 sec
Saving checkpoint to neat-checkpoint-0

 ****** Running generation 1 ****** 

Population's average fitness: 53075.29550 stdev: 104290.57462
Best fitness: 242009.93300 - size: (8, 37) - species 1 - id 1072
Average adjusted fitness: 0.465
Mean genetic distance 2.218, standard deviation 0.958
Population of 20 members in 2 species:
   ID   age  size  fitness  adj fit  stag
  ====  ===  ====  =======  =======  ====
     1    1     9  242009.9    0.483     1
     2    1    11  202394.1    0.447     0
Total extinctions: 0
Generation time: 587.057 sec (511.664 average)
Saving checkpoint to neat-checkpoint-1

 ****** Running generation 2 ****** 

Population's average fitness: 70879.45555 stdev: 98459.43217
Best fitness: 242009.93300 - size: (8, 37) - species 1 - id 1072
Average adjusted fitness: 0.449
Mean genetic distance 2.276, standard deviation 0.856
Population of 20 members in 2 species:
   ID   age  size  fitness  adj fit  stag
  ====  ===  ====  =======  =======  ====
     1    2    10  242009.9    0.454     2
     2    2    10  202394.1    0.444     1
Total extinctions: 0
Generation time: 626.671 sec (550.000 average)
Saving checkpoint to neat-checkpoint-2

 ****** Running generation 3 ****** 

Population's average fitness: 64870.88525 stdev: 85648.40883
Best fitness: 242009.93300 - size: (8, 37) - species 1 - id 1072
Average adjusted fitness: 0.389
Mean genetic distance 2.158, standard deviation 1.078
Population of 20 members in 2 species:
   ID   age  size  fitness  adj fit  stag
  ====  ===  ====  =======  =======  ====
     1    3     9  242009.9    0.371     3
     2    3    11  202394.1    0.408     2
Total extinctions: 0
Generation time: 584.712 sec (558.678 average)
Saving checkpoint to neat-checkpoint-3

 ****** Running generation 4 ****** 

Population's average fitness: 78614.19890 stdev: 101737.13409
Best fitness: 242009.93300 - size: (8, 37) - species 1 - id 1072
Average adjusted fitness: 0.551
Mean genetic distance 2.164, standard deviation 0.963
Population of 20 members in 2 species:
   ID   age  size  fitness  adj fit  stag
  ====  ===  ====  =======  =======  ====
     1    4    10  242009.9    0.521     4
     2    4    10  204136.1    0.581     0
Total extinctions: 0
Generation time: 624.084 sec (571.759 average)
Saving checkpoint to neat-checkpoint-4

 ****** Running generation 5 ****** 

Population's average fitness: 62135.70565 stdev: 109597.61882
Best fitness: 242009.93300 - size: (8, 37) - species 1 - id 1072
Average adjusted fitness: 0.508
Mean genetic distance 2.181, standard deviation 1.019
Population of 20 members in 2 species:
   ID   age  size  fitness  adj fit  stag
  ====  ===  ====  =======  =======  ====
     1    5     9  242009.9    0.423     5
     2    5    11  204136.1    0.594     1
Total extinctions: 0
Generation time: 588.892 sec (574.615 average)
Saving checkpoint to neat-checkpoint-5

 ****** Running generation 6 ****** 

Population's average fitness: 57062.19340 stdev: 117666.46323
Best fitness: 242009.93300 - size: (8, 37) - species 1 - id 1072
Average adjusted fitness: 0.509
Mean genetic distance 2.188, standard deviation 0.963
Population of 20 members in 2 species:
   ID   age  size  fitness  adj fit  stag
  ====  ===  ====  =======  =======  ====
     1    6    10  242009.9    0.501     6
     2    6    10  204136.1    0.517     2
Total extinctions: 0
Generation time: 563.810 sec (573.071 average)
Saving checkpoint to neat-checkpoint-6

 ****** Running generation 7 ****** 

Population's average fitness: 30293.68810 stdev: 114546.75819
Best fitness: 242009.93300 - size: (8, 37) - species 1 - id 1072
Average adjusted fitness: 0.452
Mean genetic distance 2.195, standard deviation 0.991
Population of 20 members in 2 species:
   ID   age  size  fitness  adj fit  stag
  ====  ===  ====  =======  =======  ====
     1    7    11  242009.9    0.476     7
     2    7     9  204136.1    0.429     3
Total extinctions: 0
Generation time: 564.318 sec (571.977 average)
Saving checkpoint to neat-checkpoint-7

 ****** Running generation 8 ****** 

Population's average fitness: 81527.29165 stdev: 98652.72463
Best fitness: 242009.93300 - size: (8, 37) - species 1 - id 1072
Average adjusted fitness: 0.479
Mean genetic distance 2.184, standard deviation 1.022
Population of 20 members in 2 species:
   ID   age  size  fitness  adj fit  stag
  ====  ===  ====  =======  =======  ====
     1    8    10  242009.9    0.466     8
     2    8    10  204136.1    0.492     4
Total extinctions: 0
Generation time: 584.986 sec (573.422 average)
Saving checkpoint to neat-checkpoint-8

 ****** Running generation 9 ****** 

Population's average fitness: 85279.48930 stdev: 98788.94404
Best fitness: 242009.93300 - size: (8, 37) - species 1 - id 1072
Average adjusted fitness: 0.499
Mean genetic distance 2.216, standard deviation 1.035
Population of 20 members in 2 species:
   ID   age  size  fitness  adj fit  stag
  ====  ===  ====  =======  =======  ====
     1    9     9  242009.9    0.417     9
     2    9    11  204136.1    0.581     5
Total extinctions: 0
Generation time: 556.990 sec (571.779 average)
Saving checkpoint to neat-checkpoint-9

 ****** Running generation 10 ****** 

Population's average fitness: 71244.00790 stdev: 88356.39512
Best fitness: 242009.93300 - size: (8, 37) - species 1 - id 1072
Average adjusted fitness: 0.407
Mean genetic distance 2.233, standard deviation 0.980
Population of 20 members in 2 species:
   ID   age  size  fitness  adj fit  stag
  ====  ===  ====  =======  =======  ====
     1   10    10  242009.9    0.458    10
     2   10    10  204136.1    0.357     6
Total extinctions: 0
Generation time: 561.467 sec (584.299 average)
Saving checkpoint to neat-checkpoint-10

 ****** Running generation 11 ****** 

Population's average fitness: 44485.48450 stdev: 113852.87144
Best fitness: 242009.93300 - size: (8, 37) - species 1 - id 1072
Average adjusted fitness: 0.550
Mean genetic distance 2.207, standard deviation 1.037
Population of 20 members in 2 species:
   ID   age  size  fitness  adj fit  stag
  ====  ===  ====  =======  =======  ====
     1   11     9  242009.9    0.520    11
     2   11    11  204136.1    0.580     7
Total extinctions: 0
Generation time: 564.396 sec (582.033 average)
Saving checkpoint to neat-checkpoint-11

 ****** Running generation 12 ****** 

Population's average fitness: 82848.78550 stdev: 97099.64069
Best fitness: 242009.93300 - size: (8, 37) - species 1 - id 1072
Average adjusted fitness: 0.463
Mean genetic distance 2.252, standard deviation 0.981
Population of 20 members in 2 species:
   ID   age  size  fitness  adj fit  stag
  ====  ===  ====  =======  =======  ====
     1   12     8  242009.9    0.401    12
     2   12    12  210850.4    0.526     0
Total extinctions: 0
Generation time: 580.141 sec (577.380 average)
Saving checkpoint to neat-checkpoint-12

 ****** Running generation 13 ****** 

Population's average fitness: 64194.98540 stdev: 102025.32151
Best fitness: 242009.93300 - size: (8, 37) - species 1 - id 1072
Average adjusted fitness: 0.410
Mean genetic distance 2.272, standard deviation 0.959
Population of 20 members in 2 species:
   ID   age  size  fitness  adj fit  stag
  ====  ===  ====  =======  =======  ====
     1   13     9  242009.9    0.379    13
     2   13    11  210850.4    0.441     1
Total extinctions: 0
Generation time: 566.105 sec (575.519 average)
Saving checkpoint to neat-checkpoint-13

 ****** Running generation 14 ****** 

Population's average fitness: 75833.02350 stdev: 100123.31808
Best fitness: 242009.93300 - size: (8, 37) - species 1 - id 1072
Average adjusted fitness: 0.466
Mean genetic distance 2.272, standard deviation 0.916
Population of 20 members in 2 species:
   ID   age  size  fitness  adj fit  stag
  ====  ===  ====  =======  =======  ====
     1   14    10  242009.9    0.493    14
     2   14    10  210850.4    0.439     2
Total extinctions: 0
Generation time: 554.683 sec (568.579 average)
Saving checkpoint to neat-checkpoint-14

 ****** Running generation 15 ****** 

Population's average fitness: 71089.45890 stdev: 93135.50941
Best fitness: 242009.93300 - size: (8, 37) - species 1 - id 1072
Average adjusted fitness: 0.405
Mean genetic distance 2.177, standard deviation 1.013
Population of 20 members in 2 species:
   ID   age  size  fitness  adj fit  stag
  ====  ===  ====  =======  =======  ====
     1   15     9  242009.9    0.370    15
     2   15    11  210850.4    0.439     3
Total extinctions: 0
Generation time: 581.173 sec (567.807 average)
Saving checkpoint to neat-checkpoint-15

 ****** Running generation 16 ****** 

Population's average fitness: 57471.35945 stdev: 124944.19923
Best fitness: 242009.93300 - size: (8, 37) - species 1 - id 1072
Average adjusted fitness: 0.520
Mean genetic distance 2.235, standard deviation 0.950
Population of 20 members in 2 species:
   ID   age  size  fitness  adj fit  stag
  ====  ===  ====  =======  =======  ====
     1   16    10  242009.9    0.531    16
     2   16    10  214436.3    0.510     0
Total extinctions: 0
Generation time: 578.641 sec (569.290 average)
Saving checkpoint to neat-checkpoint-16

 ****** Running generation 17 ****** 

Population's average fitness: 73271.69580 stdev: 104076.82361
Best fitness: 242009.93300 - size: (8, 37) - species 1 - id 1072
Average adjusted fitness: 0.524
Mean genetic distance 2.280, standard deviation 0.876
Population of 20 members in 2 species:
   ID   age  size  fitness  adj fit  stag
  ====  ===  ====  =======  =======  ====
     1   17     9  242009.9    0.515    17
     2   17    11  214436.3    0.534     1
Total extinctions: 0
Generation time: 566.805 sec (569.539 average)
Saving checkpoint to neat-checkpoint-17

 ****** Running generation 18 ****** 

Population's average fitness: 56900.98330 stdev: 110138.08900
Best fitness: 242009.93300 - size: (8, 37) - species 1 - id 1072
Average adjusted fitness: 0.501
Mean genetic distance 2.325, standard deviation 0.980
Population of 20 members in 2 species:
   ID   age  size  fitness  adj fit  stag
  ====  ===  ====  =======  =======  ====
     1   18    10  242009.9    0.489    18
     2   18    10  214436.3    0.514     2
Total extinctions: 0
Generation time: 561.700 sec (567.210 average)
Saving checkpoint to neat-checkpoint-18

 ****** Running generation 19 ****** 

Population's average fitness: 72074.15350 stdev: 92908.34036
Best fitness: 242009.93300 - size: (8, 37) - species 1 - id 1072
Average adjusted fitness: 0.412
Mean genetic distance 2.313, standard deviation 0.931
Population of 20 members in 2 species:
   ID   age  size  fitness  adj fit  stag
  ====  ===  ====  =======  =======  ====
     1   19     9  242009.9    0.382    19
     2   19    11  214436.3    0.442     3
Total extinctions: 0
Generation time: 565.254 sec (568.036 average)
Saving checkpoint to neat-checkpoint-19

 ****** Running generation 20 ****** 

Population's average fitness: 77482.54545 stdev: 112671.06466
Best fitness: 242009.93300 - size: (8, 37) - species 1 - id 1072
Average adjusted fitness: 0.501
Mean genetic distance 2.263, standard deviation 1.031
Population of 20 members in 2 species:
   ID   age  size  fitness  adj fit  stag
  ====  ===  ====  =======  =======  ====
     1   20    10  242009.9    0.520    20
     2   20    10  214436.3    0.482     4
Total extinctions: 0
Generation time: 545.504 sec (566.440 average)
Saving checkpoint to neat-checkpoint-20

 ****** Running generation 21 ****** 

Population's average fitness: 84262.53000 stdev: 110155.72606
Best fitness: 242009.93300 - size: (8, 37) - species 1 - id 1072
Average adjusted fitness: 0.576
Mean genetic distance 2.254, standard deviation 1.014
Population of 20 members in 2 species:
   ID   age  size  fitness  adj fit  stag
  ====  ===  ====  =======  =======  ====
     1   21     9  242009.9    0.527    21
     2   21    11  214436.3    0.626     5
Total extinctions: 0
Generation time: 568.702 sec (566.871 average)
Saving checkpoint to neat-checkpoint-21

 ****** Running generation 22 ****** 

Population's average fitness: 69455.63375 stdev: 112563.79594
Best fitness: 242009.93300 - size: (8, 37) - species 1 - id 1072
Average adjusted fitness: 0.503
Mean genetic distance 2.194, standard deviation 1.058
Population of 20 members in 2 species:
   ID   age  size  fitness  adj fit  stag
  ====  ===  ====  =======  =======  ====
     1   22    10  242009.9    0.536    22
     2   22    10  214436.3    0.470     6
Total extinctions: 0
Generation time: 559.096 sec (564.766 average)
Saving checkpoint to neat-checkpoint-22

 ****** Running generation 23 ****** 

Population's average fitness: 92795.45325 stdev: 100478.44796
Best fitness: 242009.93300 - size: (8, 37) - species 1 - id 1072
Average adjusted fitness: 0.558
Mean genetic distance 2.145, standard deviation 1.151
Population of 20 members in 2 species:
   ID   age  size  fitness  adj fit  stag
  ====  ===  ====  =======  =======  ====
     1   23     9  242009.9    0.542    23
     2   23    11  214436.3    0.574     7
Total extinctions: 0
Generation time: 574.779 sec (565.634 average)
Saving checkpoint to neat-checkpoint-23

 ****** Running generation 24 ****** 

Population's average fitness: 76929.14250 stdev: 109208.04547
Best fitness: 242009.93300 - size: (8, 37) - species 1 - id 1072
Average adjusted fitness: 0.524
Mean genetic distance 2.187, standard deviation 1.116
Population of 20 members in 2 species:
   ID   age  size  fitness  adj fit  stag
  ====  ===  ====  =======  =======  ====
     1   24    10  242009.9    0.567    24
     2   24    10  214436.3    0.481     8
Total extinctions: 0
Generation time: 565.775 sec (566.743 average)
Saving checkpoint to neat-checkpoint-24

 ****** Running generation 25 ****** 

Population's average fitness: 89442.71235 stdev: 105057.61135
Best fitness: 242009.93300 - size: (8, 37) - species 1 - id 1072
Average adjusted fitness: 0.529
Mean genetic distance 2.168, standard deviation 1.132
Population of 20 members in 2 species:
   ID   age  size  fitness  adj fit  stag
  ====  ===  ====  =======  =======  ====
     1   25     9  242009.9    0.458    25
     2   25    11  214436.3    0.600     9
Total extinctions: 0
Generation time: 550.340 sec (563.660 average)
Saving checkpoint to neat-checkpoint-25

 ****** Running generation 26 ****** 

Population's average fitness: 69343.57715 stdev: 109305.78031
Best fitness: 242009.93300 - size: (8, 37) - species 1 - id 1072
Average adjusted fitness: 0.488
Mean genetic distance 2.141, standard deviation 1.114
Population of 20 members in 2 species:
   ID   age  size  fitness  adj fit  stag
  ====  ===  ====  =======  =======  ====
     1   26    10  242009.9    0.480    26
     2   26    10  214436.3    0.497    10
Total extinctions: 0
Generation time: 566.258 sec (562.422 average)
Saving checkpoint to neat-checkpoint-26

 ****** Running generation 27 ****** 

Population's average fitness: 80241.64135 stdev: 118965.43719
Best fitness: 242009.93300 - size: (8, 37) - species 1 - id 1072
Average adjusted fitness: 0.510
Mean genetic distance 2.215, standard deviation 1.069
Population of 20 members in 2 species:
   ID   age  size  fitness  adj fit  stag
  ====  ===  ====  =======  =======  ====
     1   27     9  242009.9    0.488    27
     2   27    11  214436.3    0.532    11
Total extinctions: 0
Generation time: 582.218 sec (563.963 average)
Saving checkpoint to neat-checkpoint-27

 ****** Running generation 28 ****** 

Population's average fitness: 84200.06905 stdev: 100021.40213
Best fitness: 242009.93300 - size: (8, 37) - species 1 - id 1072
Average adjusted fitness: 0.490
Mean genetic distance 2.185, standard deviation 1.084
Population of 20 members in 2 species:
   ID   age  size  fitness  adj fit  stag
  ====  ===  ====  =======  =======  ====
     1   28    10  242009.9    0.507    28
     2   28    10  214436.3    0.473    12
Total extinctions: 0
Generation time: 558.044 sec (563.597 average)Env #:0 Genome_id # :242 Fitness :22820.84 Final Amt :2799.14 Days :236 Avg Daily Profit :0.17 %
Env #:0 Genome_id # :3 Fitness :23774.57 Final Amt :2579.28 Days :236 Avg Daily Profit :0.139 %
Env #:0 Genome_id # :17 Fitness :173160.4 Final Amt :5058.4 Days :236 Avg Daily Profit :0.42 %
Env #:0 Genome_id # :36 Fitness :16715.72 Final Amt :1869.67 Days :236 Avg Daily Profit :-0.002 %
Env #:0 Genome_id # :54 Fitness :55177.15 Final Amt :2386.78 Days :236 Avg Daily Profit :0.102 %
Env #:0 Genome_id # :65 Fitness :49304.17 Final Amt :2136.44 Days :236 Avg Daily Profit :0.056 %
Env #:0 Genome_id # :83 Fitness :-28801.01 Final Amt :1565.23 Days :236 Avg Daily Profit :-0.07 %
Env #:0 Genome_id # :97 Fitness :293.69 Final Amt :1900.62 Days :236 Avg Daily Profit :0.001 %
Env #:0 Genome_id # :1072 Fitness :242009.93 Final Amt :4087.94 Days :236 Avg Daily Profit :0.325 %
Env #:0 Genome_id # :118 Fitness :174699.82 Final Amt :7447.1 Days :236 Avg Daily Profit :0.583 %
Env #:0 Genome_id # :1072 Fitness :242009.93 Final Amt :4087.94 Days :236 Avg Daily Profit :0.325 %
Env #:0 Genome_id # :146 Fitness :-54123.69 Final Amt :1584.3 Days :236 Avg Daily Profit :-0.074 %
Env #:0 Genome_id # :165 Fitness :-57907.27 Final Amt :1662.84 Days :236 Avg Daily Profit :-0.057 %
Env #:0 Genome_id # :180 Fitness :-62514.75 Final Amt :1288.44 Days :236 Avg Daily Profit :-0.163 %
Env #:0 Genome_id # :187 Fitness :-67585.94 Final Amt :1383.82 Days :236 Avg Daily Profit :-0.124 %
Env #:0 Genome_id # :210 Fitness :-36145.17 Final Amt :1508.62 Days :236 Avg Daily Profit :-0.09 %
Env #:0 Genome_id # :211 Fitness :-141935.56 Final Amt :1247.71 Days :236 Avg Daily Profit :-0.181 %
Env #:0 Genome_id # :232 Fitness :-659.78 Final Amt :1917.87 Days :236 Avg Daily Profit :-0.016 %
Env #:0 Genome_id # :215 Fitness :214436.33 Final Amt :4753.17 Days :236 Avg Daily Profit :0.391 %
Env #:0 Genome_id # :254 Fitness :89704.68 Final Amt :4192.35 Days :236 Avg Daily Profit :0.345 %
Env #:0 Genome_id # :269 Fitness :-43408.93 Final Amt :1618.39 Days :236 Avg Daily Profit :-0.06 %
Env #:0 Genome_id # :292 Fitness :90713.47 Final Amt :2259.34 Days :236 Avg Daily Profit :0.085 %
Env #:0 Genome_id # :295 Fitness :189980.9 Final Amt :4777.43 Days :236 Avg Daily Profit :0.396 %
Env #:0 Genome_id # :314 Fitness :76676.97 Final Amt :2316.85 Days :236 Avg Daily Profit :0.092 %
Env #:0 Genome_id # :323 Fitness :-46892.15 Final Amt :1491.18 Days :236 Avg Daily Profit :-0.092 %
Env #:0 Genome_id # :348 Fitness :24613.68 Final Amt :3495.63 Days :236 Avg Daily Profit :0.268 %
Env #:0 Genome_id # :351 Fitness :-26375.16 Final Amt :1363.51 Days :236 Avg Daily Profit :-0.135 %
Env #:0 Genome_id # :158 Fitness :210850.38 Final Amt :5355.87 Days :236 Avg Daily Profit :0.443 %
Env #:0 Genome_id # :385 Fitness :150710.28 Final Amt :6189.28 Days :236 Avg Daily Profit :0.499 %
Env #:0 Genome_id # :397 Fitness :-98392.05 Final Amt :990.89 Days :236 Avg Daily Profit :-0.273 %
Env #:0 Genome_id # :245 Fitness :82500.23 Final Amt :4040.66 Days :236 Avg Daily Profit :0.331 %
Env #:0 Genome_id # :1042 Fitness :173502.64 Final Amt :5136.49 Days :236 Avg Daily Profit :0.425 %
Env #:0 Genome_id # :22 Fitness :-68460.48 Final Amt :852.85 Days :236 Avg Daily Profit :-0.342 %
Env #:0 Genome_id # :32 Fitness :28692.78 Final Amt :2533.14 Days :236 Avg Daily Profit :0.12 %
Env #:0 Genome_id # :43 Fitness :29445.66 Final Amt :3621.23 Days :236 Avg Daily Profit :0.274 %
Env #:0 Genome_id # :59 Fitness :-31612.08 Final Amt :1424.51 Days :236 Avg Daily Profit :-0.111 %
Env #:0 Genome_id # :71 Fitness :-135377.23 Final Amt :4073.39 Days :236 Avg Daily Profit :0.329 %
Env #:0 Genome_id # :718 Fitness :147530.5 Final Amt :2214.74 Days :236 Avg Daily Profit :0.072 %
Env #:0 Genome_id # :108 Fitness :-65269.8 Final Amt :1302.98 Days :236 Avg Daily Profit :-0.163 %
Env #:0 Genome_id # :10 Fitness :202394.05 Final Amt :8966.89 Days :236 Avg Daily Profit :0.66 %
Env #:0 Genome_id # :112 Fitness :173858.92 Final Amt :904.18 Days :236 Avg Daily Profit :-0.306 %
Env #:0 Genome_id # :112 Fitness :173858.92 Final Amt :904.18 Days :236 Avg Daily Profit :-0.306 %
Env #:0 Genome_id # :157 Fitness :-29253.6 Final Amt :2159.44 Days :236 Avg Daily Profit :0.059 %
Env #:0 Genome_id # :182 Fitness :-23365.41 Final Amt :1640.0 Days :236 Avg Daily Profit :-0.058 %
Env #:0 Genome_id # :189 Fitness :-23676.79 Final Amt :1536.92 Days :236 Avg Daily Profit :-0.084 %
Env #:0 Genome_id # :10 Fitness :202394.05 Final Amt :8966.89 Days :236 Avg Daily Profit :0.66 %
Env #:0 Genome_id # :217 Fitness :86498.8 Final Amt :2890.81 Days :236 Avg Daily Profit :0.184 %
Env #:0 Genome_id # :158 Fitness :210850.38 Final Amt :5355.87 Days :236 Avg Daily Profit :0.443 %
Env #:0 Genome_id # :248 Fitness :-38421.67 Final Amt :1426.45 Days :236 Avg Daily Profit :-0.115 %
Env #:0 Genome_id # :264 Fitness :-40244.26 Final Amt :1332.2 Days :236 Avg Daily Profit :-0.147 %
Env #:0 Genome_id # :267 Fitness :3369.8 Final Amt :1972.48 Days :236 Avg Daily Profit :0.016 %
Env #:0 Genome_id # :158 Fitness :210850.38 Final Amt :5355.87 Days :236 Avg Daily Profit :0.443 %
Env #:0 Genome_id # :301 Fitness :-32739.14 Final Amt :1539.14 Days :236 Avg Daily Profit :-0.079 %
Env #:0 Genome_id # :310 Fitness :-27060.78 Final Amt :1477.41 Days :236 Avg Daily Profit :-0.095 %
Env #:0 Genome_id # :274 Fitness :211438.03 Final Amt :9351.23 Days :236 Avg Daily Profit :0.68 %
Env #:0 Genome_id # :341 Fitness :124799.66 Final Amt :6933.94 Days :236 Avg Daily Profit :0.551 %
Env #:0 Genome_id # :361 Fitness :112682.89 Final Amt :1894.41 Days :236 Avg Daily Profit :0.002 %
Env #:0 Genome_id # :374 Fitness :44032.9 Final Amt :2330.82 Days :236 Avg Daily Profit :0.099 %
Env #:0 Genome_id # :381 Fitness :-38928.19 Final Amt :1506.5 Days :236 Avg Daily Profit :-0.088 %
Env #:0 Genome_id # :406 Fitness :6775.42 Final Amt :2096.67 Days :236 Avg Daily Profit :0.023 %
Env #:0 Genome_id # :871 Fitness :73438.18 Final Amt :4810.8 Days :236 Avg Daily Profit :0.405 %
Env #:0 Genome_id # :4 Fitness :39229.41 Final Amt :2418.68 Days :236 Avg Daily Profit :0.11 %
Env #:0 Genome_id # :27 Fitness :40592.12 Final Amt :2185.11 Days :236 Avg Daily Profit :0.065 %
Env #:0 Genome_id # :42 Fitness :24961.47 Final Amt :2165.39 Days :236 Avg Daily Profit :0.056 %
Env #:0 Genome_id # :1072 Fitness :242009.93 Final Amt :4087.94 Days :236 Avg Daily Profit :0.325 %
Env #:0 Genome_id # :66 Fitness :-53976.14 Final Amt :1481.64 Days :236 Avg Daily Profit :-0.097 %
Env #:0 Genome_id # :84 Fitness :0.0 Final Amt :2000.0 Days :236 Avg Daily Profit :0.0 %
Env #:0 Genome_id # :50 Fitness :204136.12 Final Amt :8879.56 Days :236 Avg Daily Profit :0.656 %
Env #:0 Genome_id # :101 Fitness :-37490.36 Final Amt :8110.52 Days :236 Avg Daily Profit :0.619 %
Env #:0 Genome_id # :122 Fitness :63540.76 Final Amt :2576.19 Days :236 Avg Daily Profit :0.138 %
Env #:0 Genome_id # :129 Fitness :-24372.88 Final Amt :1691.46 Days :236 Avg Daily Profit :-0.046 %
Env #:0 Genome_id # :141 Fitness :36849.35 Final Amt :2127.9 Days :236 Avg Daily Profit :0.054 %
Env #:0 Genome_id # :166 Fitness :-15193.18 Final Amt :1494.25 Days :236 Avg Daily Profit :-0.102 %
Env #:0 Genome_id # :169 Fitness :25230.77 Final Amt :2236.7 Days :236 Avg Daily Profit :0.079 %
Env #:0 Genome_id # :50 Fitness :204136.12 Final Amt :8879.56 Days :236 Avg Daily Profit :0.656 %
Env #:0 Genome_id # :203 Fitness :53144.29 Final Amt :2426.14 Days :236 Avg Daily Profit :0.099 %
Env #:0 Genome_id # :221 Fitness :-80024.57 Final Amt :1397.93 Days :236 Avg Daily Profit :-0.122 %
Env #:0 Genome_id # :234 Fitness :-48099.51 Final Amt :1384.13 Days :236 Avg Daily Profit :-0.133 %
Env #:0 Genome_id # :50 Fitness :204136.12 Final Amt :8879.56 Days :236 Avg Daily Profit :0.656 %
Env #:0 Genome_id # :258 Fitness :-46985.02 Final Amt :1410.46 Days :236 Avg Daily Profit :-0.114 %
Env #:0 Genome_id # :271 Fitness :72227.96 Final Amt :1785.74 Days :236 Avg Daily Profit :-0.027 %
Env #:0 Genome_id # :286 Fitness :-27975.3 Final Amt :1448.71 Days :236 Avg Daily Profit :-0.104 %
Env #:0 Genome_id # :274 Fitness :211438.03 Final Amt :9351.23 Days :236 Avg Daily Profit :0.68 %
Env #:0 Genome_id # :315 Fitness :89214.54 Final Amt :2437.1 Days :236 Avg Daily Profit :0.108 %
Env #:0 Genome_id # :333 Fitness :42094.87 Final Amt :2157.15 Days :236 Avg Daily Profit :0.056 %
Env #:0 Genome_id # :350 Fitness :-36496.67 Final Amt :1421.8 Days :236 Avg Daily Profit :-0.115 %
Env #:0 Genome_id # :352 Fitness :96279.44 Final Amt :4036.74 Days :236 Avg Daily Profit :0.331 %
Env #:0 Genome_id # :366 Fitness :-35426.34 Final Amt :1374.02 Days :236 Avg Daily Profit :-0.126 %
Env #:0 Genome_id # :274 Fitness :211438.03 Final Amt :9351.23 Days :236 Avg Daily Profit :0.68 %
Env #:0 Genome_id # :398 Fitness :14048.93 Final Amt :2401.32 Days :236 Avg Daily Profit :0.111 %
Env #:0 Genome_id # :942 Fitness :187398.47 Final Amt :8686.19 Days :236 Avg Daily Profit :0.648 %
Env #:0 Genome_id # :12 Fitness :-35032.4 Final Amt :1432.07 Days :236 Avg Daily Profit :-0.112 %
Env #:0 Genome_id # :19 Fitness :-7517.62 Final Amt :2273.37 Days :236 Avg Daily Profit :0.076 %
Env #:0 Genome_id # :38 Fitness :-48009.22 Final Amt :1546.71 Days :236 Avg Daily Profit :-0.079 %
Env #:0 Genome_id # :52 Fitness :137383.92 Final Amt :1895.53 Days :236 Avg Daily Profit :0.008 %
Env #:0 Genome_id # :67 Fitness :-123751.8 Final Amt :1485.53 Days :236 Avg Daily Profit :-0.101 %
Env #:0 Genome_id # :74 Fitness :193574.26 Final Amt :8058.2 Days :236 Avg Daily Profit :0.617 %
Env #:0 Genome_id # :93 Fitness :-96156.52 Final Amt :1502.25 Days :236 Avg Daily Profit :-0.09 %
Env #:0 Genome_id # :110 Fitness :-64823.86 Final Amt :1406.1 Days :236 Avg Daily Profit :-0.119 %
Env #:0 Genome_id # :125 Fitness :62304.37 Final Amt :2830.46 Days :236 Avg Daily Profit :0.18 %
Env #:0 Genome_id # :130 Fitness :-41020.65 Final Amt :1428.32 Days :236 Avg Daily Profit :-0.121 %
Env #:0 Genome_id # :148 Fitness :-3036.48 Final Amt :1597.72 Days :236 Avg Daily Profit :-0.066 %
Env #:0 Genome_id # :164 Fitness :-49601.4 Final Amt :1468.14 Days :236 Avg Daily Profit :-0.098 %
Env #:0 Genome_id # :10 Fitness :202394.05 Final Amt :8966.89 Days :236 Avg Daily Profit :0.66 %
Env #:0 Genome_id # :365 Fitness :153544.0 Final Amt :3219.51 Days :236 Avg Daily Profit :0.23 %
Env #:0 Genome_id # :202 Fitness :92111.13 Final Amt :4111.56 Days :236 Avg Daily Profit :0.327 %
Env #:0 Genome_id # :112 Fitness :173858.92 Final Amt :904.18 Days :236 Avg Daily Profit :-0.306 %
Env #:0 Genome_id # :228 Fitness :53976.33 Final Amt :2407.77 Days :236 Avg Daily Profit :0.109 %
Env #:0 Genome_id # :246 Fitness :-46482.23 Final Amt :1472.52 Days :236 Avg Daily Profit :-0.097 %
Env #:0 Genome_id # :262 Fitness :-20021.31 Final Amt :1552.03 Days :236 Avg Daily Profit :-0.082 %
Env #:0 Genome_id # :365 Fitness :153544.0 Final Amt :3219.51 Days :236 Avg Daily Profit :0.23 %
Env #:0 Genome_id # :283 Fitness :193493.41 Final Amt :8411.95 Days :236 Avg Daily Profit :0.634 %
Env #:0 Genome_id # :297 Fitness :-28021.43 Final Amt :1449.9 Days :236 Avg Daily Profit :-0.104 %
Env #:0 Genome_id # :158 Fitness :210850.38 Final Amt :5355.87 Days :236 Avg Daily Profit :0.443 %
Env #:0 Genome_id # :330 Fitness :74729.72 Final Amt :3547.49 Days :236 Avg Daily Profit :0.276 %
Env #:0 Genome_id # :274 Fitness :211438.03 Final Amt :9351.23 Days :236 Avg Daily Profit :0.68 %
Env #:0 Genome_id # :355 Fitness :-47674.36 Final Amt :1264.57 Days :236 Avg Daily Profit :-0.176 %
Env #:0 Genome_id # :274 Fitness :211438.03 Final Amt :9351.23 Days :236 Avg Daily Profit :0.68 %
Env #:0 Genome_id # :384 Fitness :100661.67 Final Amt :3622.27 Days :236 Avg Daily Profit :0.276 %
Env #:0 Genome_id # :401 Fitness :-75268.14 Final Amt :1331.92 Days :236 Avg Daily Profit :-0.14 %
Env #:0 Genome_id # :941 Fitness :138951.75 Final Amt :5807.39 Days :236 Avg Daily Profit :0.477 %
Env #:0 Genome_id # :11 Fitness :-107642.36 Final Amt :1393.53 Days :236 Avg Daily Profit :-0.122 %
Env #:0 Genome_id # :26 Fitness :71010.77 Final Amt :2792.91 Days :236 Avg Daily Profit :0.162 %
Env #:0 Genome_id # :30 Fitness :-35928.34 Final Amt :1529.3 Days :236 Avg Daily Profit :-0.092 %
Env #:0 Genome_id # :53 Fitness :-124394.38 Final Amt :1426.89 Days :236 Avg Daily Profit :-0.121 %
Env #:0 Genome_id # :69 Fitness :-34344.67 Final Amt :1462.25 Days :236 Avg Daily Profit :-0.099 %
Env #:0 Genome_id # :61 Fitness :196154.63 Final Amt :8315.6 Days :236 Avg Daily Profit :0.63 %
Env #:0 Genome_id # :87 Fitness :-31802.96 Final Amt :1365.78 Days :236 Avg Daily Profit :-0.136 %
Env #:0 Genome_id # :50 Fitness :204136.12 Final Amt :8879.56 Days :236 Avg Daily Profit :0.656 %
Env #:0 Genome_id # :113 Fitness :-25790.83 Final Amt :1467.16 Days :236 Avg Daily Profit :-0.097 %
Env #:0 Genome_id # :50 Fitness :204136.12 Final Amt :8879.56 Days :236 Avg Daily Profit :0.656 %
Env #:0 Genome_id # :147 Fitness :-44396.57 Final Amt :1309.27 Days :236 Avg Daily Profit :-0.151 %
Env #:0 Genome_id # :50 Fitness :204136.12 Final Amt :8879.56 Days :236 Avg Daily Profit :0.656 %
Env #:0 Genome_id # :171 Fitness :-26283.25 Final Amt :1490.44 Days :236 Avg Daily Profit :-0.091 %
Env #:0 Genome_id # :183 Fitness :-64236.04 Final Amt :1371.56 Days :236 Avg Daily Profit :-0.131 %
Env #:0 Genome_id # :209 Fitness :29680.16 Final Amt :2321.49 Days :236 Avg Daily Profit :0.096 %
Env #:0 Genome_id # :50 Fitness :204136.12 Final Amt :8879.56 Days :236 Avg Daily Profit :0.656 %
Env #:0 Genome_id # :50 Fitness :204136.12 Final Amt :8879.56 Days :236 Avg Daily Profit :0.656 %
Env #:0 Genome_id # :242 Fitness :60648.46 Final Amt :2395.08 Days :236 Avg Daily Profit :0.109 %
Env #:0 Genome_id # :365 Fitness :153544.0 Final Amt :3219.51 Days :236 Avg Daily Profit :0.23 %
Env #:0 Genome_id # :270 Fitness :43033.16 Final Amt :3075.3 Days :236 Avg Daily Profit :0.201 %
Env #:0 Genome_id # :275 Fitness :228397.47 Final Amt :3619.04 Days :236 Avg Daily Profit :0.278 %
Env #:0 Genome_id # :296 Fitness :9618.0 Final Amt :1966.96 Days :236 Avg Daily Profit :0.012 %
Env #:0 Genome_id # :309 Fitness :21094.45 Final Amt :3010.49 Days :236 Avg Daily Profit :0.202 %
Env #:0 Genome_id # :318 Fitness :191780.11 Final Amt :2095.71 Days :236 Avg Daily Profit :0.048 %
Env #:0 Genome_id # :339 Fitness :151573.72 Final Amt :5960.7 Days :236 Avg Daily Profit :0.489 %
Env #:0 Genome_id # :356 Fitness :21361.09 Final Amt :2111.24 Days :236 Avg Daily Profit :0.046 %
Env #:0 Genome_id # :367 Fitness :-45100.39 Final Amt :1491.79 Days :236 Avg Daily Profit :-0.092 %
Env #:0 Genome_id # :391 Fitness :28393.22 Final Amt :2279.73 Days :236 Avg Daily Profit :0.081 %
Env #:0 Genome_id # :405 Fitness :67717.92 Final Amt :3085.87 Days :236 Avg Daily Profit :0.209 %
Env #:0 Genome_id # :335 Fitness :112743.67 Final Amt :4313.21 Days :236 Avg Daily Profit :0.351 %
Env #:0 Genome_id # :8 Fitness :-32681.02 Final Amt :1493.98 Days :236 Avg Daily Profit :-0.098 %
Env #:0 Genome_id # :942 Fitness :187398.47 Final Amt :8686.19 Days :236 Avg Daily Profit :0.648 %
Env #:0 Genome_id # :365 Fitness :153544.0 Final Amt :3219.51 Days :236 Avg Daily Profit :0.23 %
Env #:0 Genome_id # :49 Fitness :60059.73 Final Amt :3225.85 Days :236 Avg Daily Profit :0.228 %
Env #:0 Genome_id # :58 Fitness :-28296.85 Final Amt :1435.91 Days :236 Avg Daily Profit :-0.107 %
Env #:0 Genome_id # :50 Fitness :204136.12 Final Amt :8879.56 Days :236 Avg Daily Profit :0.656 %
Env #:0 Genome_id # :90 Fitness :-83427.06 Final Amt :1418.6 Days :236 Avg Daily Profit :-0.12 %
Env #:0 Genome_id # :10 Fitness :202394.05 Final Amt :8966.89 Days :236 Avg Daily Profit :0.66 %
Env #:0 Genome_id # :116 Fitness :50334.03 Final Amt :2880.94 Days :236 Avg Daily Profit :0.18 %
Env #:0 Genome_id # :127 Fitness :38030.72 Final Amt :2315.01 Days :236 Avg Daily Profit :0.095 %
Env #:0 Genome_id # :149 Fitness :-33469.48 Final Amt :2049.83 Days :236 Avg Daily Profit :0.042 %
Env #:0 Genome_id # :1072 Fitness :242009.93 Final Amt :4087.94 Days :236 Avg Daily Profit :0.325 %
Env #:0 Genome_id # :179 Fitness :-32027.16 Final Amt :1674.29 Days :236 Avg Daily Profit :-0.046 %
Env #:0 Genome_id # :196 Fitness :0.0 Final Amt :2000.0 Days :236 Avg Daily Profit :0.0 %
Env #:0 Genome_id # :158 Fitness :210850.38 Final Amt :5355.87 Days :236 Avg Daily Profit :0.443 %
Env #:0 Genome_id # :220 Fitness :69548.89 Final Amt :2445.35 Days :236 Avg Daily Profit :0.115 %
Env #:0 Genome_id # :365 Fitness :153544.0 Final Amt :3219.51 Days :236 Avg Daily Profit :0.23 %
Env #:0 Genome_id # :245 Fitness :-130192.71 Final Amt :3456.29 Days :236 Avg Daily Profit :0.263 %
Env #:0 Genome_id # :256 Fitness :-41443.62 Final Amt :1419.29 Days :236 Avg Daily Profit :-0.116 %
Env #:0 Genome_id # :279 Fitness :0.0 Final Amt :2000.0 Days :236 Avg Daily Profit :0.0 %
Env #:0 Genome_id # :215 Fitness :214436.33 Final Amt :4753.17 Days :236 Avg Daily Profit :0.391 %
Env #:0 Genome_id # :299 Fitness :24820.33 Final Amt :1990.2 Days :236 Avg Daily Profit :0.025 %
Env #:0 Genome_id # :318 Fitness :191780.11 Final Amt :2095.71 Days :236 Avg Daily Profit :0.048 %
Env #:0 Genome_id # :332 Fitness :177946.3 Final Amt :3133.46 Days :236 Avg Daily Profit :0.224 %
Env #:0 Genome_id # :275 Fitness :228397.47 Final Amt :3619.04 Days :236 Avg Daily Profit :0.278 %
Env #:0 Genome_id # :275 Fitness :228397.47 Final Amt :3619.04 Days :236 Avg Daily Profit :0.278 %
Env #:0 Genome_id # :370 Fitness :37367.0 Final Amt :2350.22 Days :236 Avg Daily Profit :0.102 %
Env #:0 Genome_id # :158 Fitness :210850.38 Final Amt :5355.87 Days :236 Avg Daily Profit :0.443 %
Env #:0 Genome_id # :400 Fitness :-41033.32 Final Amt :1249.52 Days :236 Avg Daily Profit :-0.182 %
Env #:0 Genome_id # :929 Fitness :167203.37 Final Amt :6646.65 Days :236 Avg Daily Profit :0.533 %
Env #:0 Genome_id # :14 Fitness :47830.4 Final Amt :2559.21 Days :236 Avg Daily Profit :0.135 %
Env #:0 Genome_id # :18 Fitness :-52946.04 Final Amt :1618.69 Days :236 Avg Daily Profit :-0.066 %
Env #:0 Genome_id # :41 Fitness :25872.58 Final Amt :3347.96 Days :236 Avg Daily Profit :0.243 %
Env #:0 Genome_id # :51 Fitness :0.0 Final Amt :2000.0 Days :236 Avg Daily Profit :0.0 %
Env #:0 Genome_id # :50 Fitness :204136.12 Final Amt :8879.56 Days :236 Avg Daily Profit :0.656 %
Env #:0 Genome_id # :73 Fitness :-23026.61 Final Amt :1581.78 Days :236 Avg Daily Profit :-0.066 %
Env #:0 Genome_id # :61 Fitness :196154.63 Final Amt :8315.6 Days :236 Avg Daily Profit :0.63 %
Env #:0 Genome_id # :104 Fitness :27615.21 Final Amt :1879.56 Days :236 Avg Daily Profit :0.006 %
Env #:0 Genome_id # :124 Fitness :-52379.01 Final Amt :2479.7 Days :236 Avg Daily Profit :0.119 %
Env #:0 Genome_id # :135 Fitness :46608.92 Final Amt :2264.4 Days :236 Avg Daily Profit :0.08 %
Env #:0 Genome_id # :150 Fitness :-73782.19 Final Amt :1364.23 Days :236 Avg Daily Profit :-0.131 %
Env #:0 Genome_id # :163 Fitness :76600.3 Final Amt :1185.16 Days :236 Avg Daily Profit :-0.193 %
Env #:0 Genome_id # :176 Fitness :-30639.9 Final Amt :1421.47 Days :236 Avg Daily Profit :-0.122 %
Env #:0 Genome_id # :184 Fitness :-28835.38 Final Amt :1456.69 Days :236 Avg Daily Profit :-0.101 %
Env #:0 Genome_id # :50 Fitness :204136.12 Final Amt :8879.56 Days :236 Avg Daily Profit :0.656 %
Env #:0 Genome_id # :365 Fitness :153544.0 Final Amt :3219.51 Days :236 Avg Daily Profit :0.23 %
Env #:0 Genome_id # :227 Fitness :135995.52 Final Amt :4561.45 Days :236 Avg Daily Profit :0.368 %
Env #:0 Genome_id # :244 Fitness :54283.37 Final Amt :2457.47 Days :236 Avg Daily Profit :0.121 %
Env #:0 Genome_id # :255 Fitness :37989.1 Final Amt :2224.46 Days :236 Avg Daily Profit :0.079 %
Env #:0 Genome_id # :158 Fitness :210850.38 Final Amt :5355.87 Days :236 Avg Daily Profit :0.443 %
Env #:0 Genome_id # :287 Fitness :27807.78 Final Amt :2342.29 Days :236 Avg Daily Profit :0.1 %
Env #:0 Genome_id # :215 Fitness :214436.33 Final Amt :4753.17 Days :236 Avg Daily Profit :0.391 %
Env #:0 Genome_id # :313 Fitness :-30300.4 Final Amt :1410.24 Days :236 Avg Daily Profit :-0.125 %
Env #:0 Genome_id # :334 Fitness :32203.13 Final Amt :2098.47 Days :236 Avg Daily Profit :0.048 %
Env #:0 Genome_id # :347 Fitness :-52743.44 Final Amt :1388.54 Days :236 Avg Daily Profit :-0.13 %
Env #:0 Genome_id # :215 Fitness :214436.33 Final Amt :4753.17 Days :236 Avg Daily Profit :0.391 %
Env #:0 Genome_id # :368 Fitness :87761.6 Final Amt :5689.5 Days :236 Avg Daily Profit :0.464 %
Env #:0 Genome_id # :388 Fitness :44553.84 Final Amt :2461.83 Days :236 Avg Daily Profit :0.098 %
Env #:0 Genome_id # :158 Fitness :210850.38 Final Amt :5355.87 Days :236 Avg Daily Profit :0.443 %
Env #:0 Genome_id # :927 Fitness :159410.26 Final Amt :6704.66 Days :236 Avg Daily Profit :0.539 %
Env #:0 Genome_id # :10 Fitness :202394.05 Final Amt :8966.89 Days :236 Avg Daily Profit :0.66 %
Env #:0 Genome_id # :25 Fitness :-42272.95 Final Amt :1395.76 Days :236 Avg Daily Profit :-0.126 %
Env #:0 Genome_id # :29 Fitness :-38117.3 Final Amt :2027.81 Days :236 Avg Daily Profit :0.024 %
Env #:0 Genome_id # :45 Fitness :-30015.53 Final Amt :1457.27 Days :236 Avg Daily Profit :-0.1 %
Env #:0 Genome_id # :10 Fitness :202394.05 Final Amt :8966.89 Days :236 Avg Daily Profit :0.66 %
Env #:0 Genome_id # :76 Fitness :41851.28 Final Amt :2581.62 Days :236 Avg Daily Profit :0.138 %
Env #:0 Genome_id # :86 Fitness :-144539.18 Final Amt :484.91 Days :236 Avg Daily Profit :-0.575 %
Env #:0 Genome_id # :718 Fitness :147530.5 Final Amt :2214.74 Days :236 Avg Daily Profit :0.072 %
Env #:0 Genome_id # :112 Fitness :173858.92 Final Amt :904.18 Days :236 Avg Daily Profit :-0.306 %
Env #:0 Genome_id # :134 Fitness :41919.81 Final Amt :2189.85 Days :236 Avg Daily Profit :0.067 %
Env #:0 Genome_id # :154 Fitness :-59707.63 Final Amt :1454.1 Days :236 Avg Daily Profit :-0.107 %
Env #:0 Genome_id # :168 Fitness :15572.19 Final Amt :1613.87 Days :236 Avg Daily Profit :-0.062 %
Env #:0 Genome_id # :181 Fitness :-55935.1 Final Amt :1337.36 Days :236 Avg Daily Profit :-0.142 %
Env #:0 Genome_id # :188 Fitness :-34278.45 Final Amt :1291.57 Days :236 Avg Daily Profit :-0.153 %
Env #:0 Genome_id # :199 Fitness :-36755.73 Final Amt :1573.71 Days :236 Avg Daily Profit :-0.072 %
Env #:0 Genome_id # :223 Fitness :-49731.46 Final Amt :1632.53 Days :236 Avg Daily Profit :-0.061 %
Env #:0 Genome_id # :233 Fitness :92937.56 Final Amt :2603.77 Days :236 Avg Daily Profit :0.141 %
Env #:0 Genome_id # :252 Fitness :0.0 Final Amt :2000.0 Days :236 Avg Daily Profit :0.0 %
Env #:0 Genome_id # :215 Fitness :214436.33 Final Amt :4753.17 Days :236 Avg Daily Profit :0.391 %
Env #:0 Genome_id # :112 Fitness :173858.92 Final Amt :904.18 Days :236 Avg Daily Profit :-0.306 %
Env #:0 Genome_id # :289 Fitness :40211.62 Final Amt :2219.1 Days :236 Avg Daily Profit :0.076 %
Env #:0 Genome_id # :304 Fitness :50315.53 Final Amt :2568.21 Days :236 Avg Daily Profit :0.13 %
Env #:0 Genome_id # :316 Fitness :79660.06 Final Amt :2314.2 Days :236 Avg Daily Profit :0.091 %
Env #:0 Genome_id # :336 Fitness :0.0 Final Amt :2000.0 Days :236 Avg Daily Profit :0.0 %
Env #:0 Genome_id # :215 Fitness :214436.33 Final Amt :4753.17 Days :236 Avg Daily Profit :0.391 %
Env #:0 Genome_id # :359 Fitness :19563.72 Final Amt :2167.85 Days :236 Avg Daily Profit :0.061 %
Env #:0 Genome_id # :377 Fitness :-55032.6 Final Amt :1499.96 Days :236 Avg Daily Profit :-0.096 %
Env #:0 Genome_id # :389 Fitness :0.0 Final Amt :2000.0 Days :236 Avg Daily Profit :0.0 %
Env #:0 Genome_id # :215 Fitness :214436.33 Final Amt :4753.17 Days :236 Avg Daily Profit :0.391 %
Env #:0 Genome_id # :1042 Fitness :173502.64 Final Amt :5136.49 Days :236 Avg Daily Profit :0.425 %
Env #:0 Genome_id # :6 Fitness :52846.15 Final Amt :3608.97 Days :236 Avg Daily Profit :0.283 %
Env #:0 Genome_id # :365 Fitness :153544.0 Final Amt :3219.51 Days :236 Avg Daily Profit :0.23 %
Env #:0 Genome_id # :33 Fitness :70656.8 Final Amt :3173.17 Days :236 Avg Daily Profit :0.214 %
Env #:0 Genome_id # :46 Fitness :-50917.73 Final Amt :1423.54 Days :236 Avg Daily Profit :-0.122 %
Env #:0 Genome_id # :64 Fitness :-71825.71 Final Amt :1351.88 Days :236 Avg Daily Profit :-0.134 %
Env #:0 Genome_id # :78 Fitness :-127372.87 Final Amt :1344.79 Days :236 Avg Daily Profit :-0.136 %
Env #:0 Genome_id # :91 Fitness :2245.1 Final Amt :2697.48 Days :236 Avg Daily Profit :0.143 %
Env #:0 Genome_id # :103 Fitness :-20379.12 Final Amt :1540.25 Days :236 Avg Daily Profit :-0.077 %
Env #:0 Genome_id # :50 Fitness :204136.12 Final Amt :8879.56 Days :236 Avg Daily Profit :0.656 %
Env #:0 Genome_id # :136 Fitness :42904.17 Final Amt :2322.87 Days :236 Avg Daily Profit :0.092 %
Env #:0 Genome_id # :142 Fitness :42143.42 Final Amt :2482.53 Days :236 Avg Daily Profit :0.121 %
Env #:0 Genome_id # :162 Fitness :53010.45 Final Amt :2391.17 Days :236 Avg Daily Profit :0.111 %
Env #:0 Genome_id # :170 Fitness :152627.1 Final Amt :6339.23 Days :236 Avg Daily Profit :0.515 %
Env #:0 Genome_id # :191 Fitness :29646.36 Final Amt :2403.87 Days :236 Avg Daily Profit :0.111 %
Env #:0 Genome_id # :197 Fitness :-31393.05 Final Amt :1501.64 Days :236 Avg Daily Profit :-0.088 %
Env #:0 Genome_id # :222 Fitness :-42044.45 Final Amt :1373.03 Days :236 Avg Daily Profit :-0.142 %
Env #:0 Genome_id # :215 Fitness :214436.33 Final Amt :4753.17 Days :236 Avg Daily Profit :0.391 %
Env #:0 Genome_id # :1072 Fitness :242009.93 Final Amt :4087.94 Days :236 Avg Daily Profit :0.325 %
Env #:0 Genome_id # :257 Fitness :66580.61 Final Amt :1470.18 Days :236 Avg Daily Profit :-0.11 %
Env #:0 Genome_id # :276 Fitness :-86492.59 Final Amt :1393.56 Days :236 Avg Daily Profit :-0.125 %
Env #:0 Genome_id # :294 Fitness :72099.6 Final Amt :2457.6 Days :236 Avg Daily Profit :0.118 %
Env #:0 Genome_id # :306 Fitness :0.0 Final Amt :2000.0 Days :236 Avg Daily Profit :0.0 %
Env #:0 Genome_id # :215 Fitness :214436.33 Final Amt :4753.17 Days :236 Avg Daily Profit :0.391 %
Env #:0 Genome_id # :1072 Fitness :242009.93 Final Amt :4087.94 Days :236 Avg Daily Profit :0.325 %
Env #:0 Genome_id # :343 Fitness :122160.05 Final Amt :4214.98 Days :236 Avg Daily Profit :0.349 %
Env #:0 Genome_id # :354 Fitness :45677.29 Final Amt :2457.86 Days :236 Avg Daily Profit :0.12 %
Env #:0 Genome_id # :369 Fitness :-32112.08 Final Amt :1446.31 Days :236 Avg Daily Profit :-0.109 %
Env #:0 Genome_id # :379 Fitness :42229.57 Final Amt :2386.25 Days :236 Avg Daily Profit :0.108 %
Env #:0 Genome_id # :395 Fitness :-3250.06 Final Amt :1674.06 Days :236 Avg Daily Profit :-0.053 %
Env #:0 Genome_id # :31 Fitness :80522.94 Final Amt :3644.54 Days :236 Avg Daily Profit :0.277 %
Env #:0 Genome_id # :942 Fitness :187398.47 Final Amt :8686.19 Days :236 Avg Daily Profit :0.648 %
Env #:0 Genome_id # :21 Fitness :-46471.33 Final Amt :1470.79 Days :236 Avg Daily Profit :-0.097 %
Env #:0 Genome_id # :35 Fitness :49653.43 Final Amt :2779.22 Days :236 Avg Daily Profit :0.172 %
Env #:0 Genome_id # :942 Fitness :187398.47 Final Amt :8686.19 Days :236 Avg Daily Profit :0.648 %
Env #:0 Genome_id # :942 Fitness :187398.47 Final Amt :8686.19 Days :236 Avg Daily Profit :0.648 %
Env #:0 Genome_id # :75 Fitness :-27966.67 Final Amt :1449.66 Days :236 Avg Daily Profit :-0.103 %
Env #:0 Genome_id # :85 Fitness :-17058.48 Final Amt :1409.68 Days :236 Avg Daily Profit :-0.115 %
Env #:0 Genome_id # :99 Fitness :194378.47 Final Amt :8101.22 Days :236 Avg Daily Profit :0.618 %
Env #:0 Genome_id # :119 Fitness :181737.83 Final Amt :8843.33 Days :236 Avg Daily Profit :0.655 %
Env #:0 Genome_id # :138 Fitness :-17389.39 Final Amt :1502.48 Days :236 Avg Daily Profit :-0.087 %
Env #:0 Genome_id # :61 Fitness :196154.63 Final Amt :8315.6 Days :236 Avg Daily Profit :0.63 %
Env #:0 Genome_id # :159 Fitness :169371.12 Final Amt :4469.96 Days :236 Avg Daily Profit :0.367 %
Env #:0 Genome_id # :177 Fitness :24817.02 Final Amt :2463.02 Days :236 Avg Daily Profit :0.118 %
Env #:0 Genome_id # :112 Fitness :173858.92 Final Amt :904.18 Days :236 Avg Daily Profit :-0.306 %
Env #:0 Genome_id # :206 Fitness :43875.34 Final Amt :2531.55 Days :236 Avg Daily Profit :0.133 %
Env #:0 Genome_id # :158 Fitness :210850.38 Final Amt :5355.87 Days :236 Avg Daily Profit :0.443 %
Env #:0 Genome_id # :230 Fitness :-32975.7 Final Amt :1429.59 Days :236 Avg Daily Profit :-0.113 %
Env #:0 Genome_id # :249 Fitness :55088.19 Final Amt :1865.43 Days :236 Avg Daily Profit :-0.004 %
Env #:0 Genome_id # :259 Fitness :40934.4 Final Amt :2242.46 Days :236 Avg Daily Profit :0.079 %
Env #:0 Genome_id # :280 Fitness :93790.31 Final Amt :2593.61 Days :236 Avg Daily Profit :0.143 %
Env #:0 Genome_id # :1072 Fitness :242009.93 Final Amt :4087.94 Days :236 Avg Daily Profit :0.325 %
Env #:0 Genome_id # :275 Fitness :228397.47 Final Amt :3619.04 Days :236 Avg Daily Profit :0.278 %
Env #:0 Genome_id # :319 Fitness :27342.11 Final Amt :2509.99 Days :236 Avg Daily Profit :0.109 %
Env #:0 Genome_id # :215 Fitness :214436.33 Final Amt :4753.17 Days :236 Avg Daily Profit :0.391 %
Env #:0 Genome_id # :1072 Fitness :242009.93 Final Amt :4087.94 Days :236 Avg Daily Profit :0.325 %
Env #:0 Genome_id # :358 Fitness :-32911.03 Final Amt :1523.93 Days :236 Avg Daily Profit :-0.082 %
Env #:0 Genome_id # :375 Fitness :-76261.33 Final Amt :1400.27 Days :236 Avg Daily Profit :-0.12 %
Env #:0 Genome_id # :390 Fitness :16499.3 Final Amt :2244.48 Days :236 Avg Daily Profit :0.053 %
Env #:0 Genome_id # :274 Fitness :211438.03 Final Amt :9351.23 Days :236 Avg Daily Profit :0.68 %
Env #:0 Genome_id # :594 Fitness :162097.21 Final Amt :6527.9 Days :236 Avg Daily Profit :0.526 %
Env #:0 Genome_id # :7 Fitness :-26350.96 Final Amt :1468.03 Days :236 Avg Daily Profit :-0.097 %
Env #:0 Genome_id # :15 Fitness :60188.26 Final Amt :2552.57 Days :236 Avg Daily Profit :0.135 %
Env #:0 Genome_id # :31 Fitness :25496.01 Final Amt :2209.67 Days :236 Avg Daily Profit :0.065 %
Env #:0 Genome_id # :44 Fitness :129184.13 Final Amt :1623.47 Days :236 Avg Daily Profit :-0.068 %
Env #:0 Genome_id # :365 Fitness :153544.0 Final Amt :3219.51 Days :236 Avg Daily Profit :0.23 %
Env #:0 Genome_id # :365 Fitness :153544.0 Final Amt :3219.51 Days :236 Avg Daily Profit :0.23 %
Env #:0 Genome_id # :365 Fitness :153544.0 Final Amt :3219.51 Days :236 Avg Daily Profit :0.23 %
Env #:0 Genome_id # :107 Fitness :7354.11 Final Amt :1182.25 Days :236 Avg Daily Profit :-0.195 %
Env #:0 Genome_id # :121 Fitness :53177.44 Final Amt :2281.4 Days :236 Avg Daily Profit :0.084 %
Env #:0 Genome_id # :139 Fitness :38082.01 Final Amt :2535.48 Days :236 Avg Daily Profit :0.128 %
Env #:0 Genome_id # :151 Fitness :59147.0 Final Amt :2218.1 Days :236 Avg Daily Profit :0.075 %
Env #:0 Genome_id # :167 Fitness :21190.43 Final Amt :2260.2 Days :236 Avg Daily Profit :0.074 %
Env #:0 Genome_id # :174 Fitness :113104.81 Final Amt :4956.61 Days :236 Avg Daily Profit :0.41 %
Env #:0 Genome_id # :190 Fitness :156570.39 Final Amt :5953.6 Days :236 Avg Daily Profit :0.495 %
Env #:0 Genome_id # :201 Fitness :84050.59 Final Amt :3881.91 Days :236 Avg Daily Profit :0.308 %
Env #:0 Genome_id # :214 Fitness :-116775.9 Final Amt :1878.85 Days :236 Avg Daily Profit :-0.004 %
Env #:0 Genome_id # :112 Fitness :173858.92 Final Amt :904.18 Days :236 Avg Daily Profit :-0.306 %
Env #:0 Genome_id # :112 Fitness :173858.92 Final Amt :904.18 Days :236 Avg Daily Profit :-0.306 %
Env #:0 Genome_id # :260 Fitness :801.54 Final Amt :2008.87 Days :236 Avg Daily Profit :0.002 %
Env #:0 Genome_id # :215 Fitness :214436.33 Final Amt :4753.17 Days :236 Avg Daily Profit :0.391 %
Env #:0 Genome_id # :112 Fitness :173858.92 Final Amt :904.18 Days :236 Avg Daily Profit :-0.306 %
Env #:0 Genome_id # :302 Fitness :-76493.36 Final Amt :1340.18 Days :236 Avg Daily Profit :-0.14 %
Env #:0 Genome_id # :321 Fitness :-95868.9 Final Amt :1556.35 Days :236 Avg Daily Profit :-0.083 %
Env #:0 Genome_id # :324 Fitness :66276.74 Final Amt :2468.38 Days :236 Avg Daily Profit :0.121 %
Env #:0 Genome_id # :349 Fitness :-81961.64 Final Amt :1311.88 Days :236 Avg Daily Profit :-0.149 %
Env #:0 Genome_id # :362 Fitness :-95948.38 Final Amt :1737.0 Days :236 Avg Daily Profit :-0.036 %
Env #:0 Genome_id # :376 Fitness :156436.01 Final Amt :3434.87 Days :236 Avg Daily Profit :0.263 %
Env #:0 Genome_id # :383 Fitness :-24753.62 Final Amt :1498.31 Days :236 Avg Daily Profit :-0.09 %
Env #:0 Genome_id # :394 Fitness :-97132.52 Final Amt :734.5 Days :236 Avg Daily Profit :-0.402 %
Env #:0 Genome_id # :829 Fitness :169206.44 Final Amt :7494.21 Days :236 Avg Daily Profit :0.585 %
Env #:0 Genome_id # :1 Fitness :-52161.43 Final Amt :1347.73 Days :236 Avg Daily Profit :-0.144 %
Env #:0 Genome_id # :20 Fitness :162609.26 Final Amt :7553.69 Days :236 Avg Daily Profit :0.588 %
Env #:0 Genome_id # :34 Fitness :29527.32 Final Amt :2547.79 Days :236 Avg Daily Profit :0.132 %
Env #:0 Genome_id # :55 Fitness :-54383.78 Final Amt :1491.0 Days :236 Avg Daily Profit :-0.092 %
Env #:0 Genome_id # :70 Fitness :30873.44 Final Amt :2298.98 Days :236 Avg Daily Profit :0.092 %
Env #:0 Genome_id # :72 Fitness :162010.41 Final Amt :6274.33 Days :236 Avg Daily Profit :0.512 %
Env #:0 Genome_id # :94 Fitness :-33580.77 Final Amt :1464.81 Days :236 Avg Daily Profit :-0.099 %
Env #:0 Genome_id # :61 Fitness :196154.63 Final Amt :8315.6 Days :236 Avg Daily Profit :0.63 %
Env #:0 Genome_id # :120 Fitness :18236.34 Final Amt :2152.86 Days :236 Avg Daily Profit :0.066 %
Env #:0 Genome_id # :128 Fitness :-43727.45 Final Amt :1600.11 Days :236 Avg Daily Profit :-0.069 %
Env #:0 Genome_id # :153 Fitness :-196614.2 Final Amt :1237.05 Days :236 Avg Daily Profit :-0.187 %
Env #:0 Genome_id # :112 Fitness :173858.92 Final Amt :904.18 Days :236 Avg Daily Profit :-0.306 %
Env #:0 Genome_id # :112 Fitness :173858.92 Final Amt :904.18 Days :236 Avg Daily Profit :-0.306 %
Env #:0 Genome_id # :195 Fitness :-22435.48 Final Amt :1425.93 Days :236 Avg Daily Profit :-0.118 %
Env #:0 Genome_id # :208 Fitness :-45170.77 Final Amt :1409.79 Days :236 Avg Daily Profit :-0.115 %
Env #:0 Genome_id # :212 Fitness :-44882.16 Final Amt :1492.01 Days :236 Avg Daily Profit :-0.094 %
Env #:0 Genome_id # :238 Fitness :42308.1 Final Amt :2294.14 Days :236 Avg Daily Profit :0.085 %
Env #:0 Genome_id # :251 Fitness :23005.05 Final Amt :2348.1 Days :236 Avg Daily Profit :0.099 %
Env #:0 Genome_id # :50 Fitness :204136.12 Final Amt :8879.56 Days :236 Avg Daily Profit :0.656 %
Env #:0 Genome_id # :273 Fitness :-42747.21 Final Amt :1329.73 Days :236 Avg Daily Profit :-0.149 %
Env #:0 Genome_id # :281 Fitness :101673.1 Final Amt :4421.89 Days :236 Avg Daily Profit :0.36 %
Env #:0 Genome_id # :112 Fitness :173858.92 Final Amt :904.18 Days :236 Avg Daily Profit :-0.306 %
Env #:0 Genome_id # :317 Fitness :15588.42 Final Amt :2346.95 Days :236 Avg Daily Profit :0.1 %
Env #:0 Genome_id # :158 Fitness :210850.38 Final Amt :5355.87 Days :236 Avg Daily Profit :0.443 %
Env #:0 Genome_id # :345 Fitness :-39060.15 Final Amt :1407.85 Days :236 Avg Daily Profit :-0.117 %
Env #:0 Genome_id # :353 Fitness :68910.53 Final Amt :2956.72 Days :236 Avg Daily Profit :0.187 %
Env #:0 Genome_id # :275 Fitness :228397.47 Final Amt :3619.04 Days :236 Avg Daily Profit :0.278 %
Env #:0 Genome_id # :275 Fitness :228397.47 Final Amt :3619.04 Days :236 Avg Daily Profit :0.278 %
Env #:0 Genome_id # :275 Fitness :228397.47 Final Amt :3619.04 Days :236 Avg Daily Profit :0.278 %
Env #:0 Genome_id # :365 Fitness :153544.0 Final Amt :3219.51 Days :236 Avg Daily Profit :0.23 %
Env #:0 Genome_id # :1072 Fitness :242009.93 Final Amt :4087.94 Days :236 Avg Daily Profit :0.325 %
Env #:0 Genome_id # :718 Fitness :147530.5 Final Amt :2214.74 Days :236 Avg Daily Profit :0.072 %
Env #:0 Genome_id # :40 Fitness :0.0 Final Amt :2000.0 Days :236 Avg Daily Profit :0.0 %
Env #:0 Genome_id # :10 Fitness :202394.05 Final Amt :8966.89 Days :236 Avg Daily Profit :0.66 %
Env #:0 Genome_id # :61 Fitness :196154.63 Final Amt :8315.6 Days :236 Avg Daily Profit :0.63 %
Env #:0 Genome_id # :79 Fitness :-64273.24 Final Amt :1492.59 Days :236 Avg Daily Profit :-0.095 %
Env #:0 Genome_id # :95 Fitness :-26563.97 Final Amt :1719.47 Days :236 Avg Daily Profit :-0.039 %
Env #:0 Genome_id # :112 Fitness :173858.92 Final Amt :904.18 Days :236 Avg Daily Profit :-0.306 %
Env #:0 Genome_id # :365 Fitness :153544.0 Final Amt :3219.51 Days :236 Avg Daily Profit :0.23 %
Env #:0 Genome_id # :133 Fitness :-24318.0 Final Amt :1525.87 Days :236 Avg Daily Profit :-0.081 %
Env #:0 Genome_id # :50 Fitness :204136.12 Final Amt :8879.56 Days :236 Avg Daily Profit :0.656 %
Env #:0 Genome_id # :156 Fitness :5282.95 Final Amt :1958.43 Days :236 Avg Daily Profit :0.022 %
Env #:0 Genome_id # :158 Fitness :210850.38 Final Amt :5355.87 Days :236 Avg Daily Profit :0.443 %
Env #:0 Genome_id # :194 Fitness :97547.87 Final Amt :1945.96 Days :236 Avg Daily Profit :0.016 %
Env #:0 Genome_id # :207 Fitness :7101.09 Final Amt :1746.92 Days :236 Avg Daily Profit :-0.035 %
Env #:0 Genome_id # :213 Fitness :73167.15 Final Amt :6017.55 Days :236 Avg Daily Profit :0.495 %
Env #:0 Genome_id # :229 Fitness :84653.21 Final Amt :4574.06 Days :236 Avg Daily Profit :0.381 %
Env #:0 Genome_id # :239 Fitness :-15550.72 Final Amt :1380.44 Days :236 Avg Daily Profit :-0.134 %
Env #:0 Genome_id # :261 Fitness :74245.83 Final Amt :3103.72 Days :236 Avg Daily Profit :0.216 %
Env #:0 Genome_id # :268 Fitness :-41911.46 Final Amt :1464.47 Days :236 Avg Daily Profit :-0.1 %
Env #:0 Genome_id # :291 Fitness :-26609.62 Final Amt :1465.31 Days :236 Avg Daily Profit :-0.098 %
Env #:0 Genome_id # :158 Fitness :210850.38 Final Amt :5355.87 Days :236 Avg Daily Profit :0.443 %
Env #:0 Genome_id # :275 Fitness :228397.47 Final Amt :3619.04 Days :236 Avg Daily Profit :0.278 %
Env #:0 Genome_id # :325 Fitness :100695.74 Final Amt :2451.76 Days :236 Avg Daily Profit :0.106 %
Env #:0 Genome_id # :344 Fitness :86768.41 Final Amt :2412.44 Days :236 Avg Daily Profit :0.11 %
Env #:0 Genome_id # :1072 Fitness :242009.93 Final Amt :4087.94 Days :236 Avg Daily Profit :0.325 %
Env #:0 Genome_id # :371 Fitness :25562.65 Final Amt :1959.06 Days :236 Avg Daily Profit :0.009 %
Env #:0 Genome_id # :215 Fitness :214436.33 Final Amt :4753.17 Days :236 Avg Daily Profit :0.391 %
Env #:0 Genome_id # :1072 Fitness :242009.93 Final Amt :4087.94 Days :236 Avg Daily Profit :0.325 %
Env #:0 Genome_id # :937 Fitness :-127579.01 Final Amt :4571.21 Days :236 Avg Daily Profit :0.373 %
Env #:0 Genome_id # :2 Fitness :-60854.42 Final Amt :1493.81 Days :236 Avg Daily Profit :-0.091 %
Env #:0 Genome_id # :28 Fitness :0.0 Final Amt :2000.0 Days :236 Avg Daily Profit :0.0 %
Env #:0 Genome_id # :10 Fitness :202394.05 Final Amt :8966.89 Days :236 Avg Daily Profit :0.66 %
Env #:0 Genome_id # :718 Fitness :147530.5 Final Amt :2214.74 Days :236 Avg Daily Profit :0.072 %
Env #:0 Genome_id # :60 Fitness :105332.66 Final Amt :2524.99 Days :236 Avg Daily Profit :0.13 %
Env #:0 Genome_id # :81 Fitness :42728.35 Final Amt :2214.26 Days :236 Avg Daily Profit :0.069 %
Env #:0 Genome_id # :98 Fitness :-24879.48 Final Amt :1302.71 Days :236 Avg Daily Profit :-0.154 %
Env #:0 Genome_id # :105 Fitness :56357.56 Final Amt :2224.67 Days :236 Avg Daily Profit :0.074 %
Env #:0 Genome_id # :126 Fitness :-47316.49 Final Amt :1287.02 Days :236 Avg Daily Profit :-0.161 %
Env #:0 Genome_id # :61 Fitness :196154.63 Final Amt :8315.6 Days :236 Avg Daily Profit :0.63 %
Env #:0 Genome_id # :1072 Fitness :242009.93 Final Amt :4087.94 Days :236 Avg Daily Profit :0.325 %
Env #:0 Genome_id # :160 Fitness :36165.85 Final Amt :2524.89 Days :236 Avg Daily Profit :0.132 %
Env #:0 Genome_id # :50 Fitness :204136.12 Final Amt :8879.56 Days :236 Avg Daily Profit :0.656 %
Env #:0 Genome_id # :192 Fitness :51083.45 Final Amt :2843.31 Days :236 Avg Daily Profit :0.181 %
Env #:0 Genome_id # :200 Fitness :-38709.2 Final Amt :1255.54 Days :236 Avg Daily Profit :-0.166 %
Env #:0 Genome_id # :10 Fitness :202394.05 Final Amt :8966.89 Days :236 Avg Daily Profit :0.66 %
Env #:0 Genome_id # :231 Fitness :-53744.39 Final Amt :1414.13 Days :236 Avg Daily Profit :-0.116 %
Env #:0 Genome_id # :241 Fitness :-48900.9 Final Amt :1476.92 Days :236 Avg Daily Profit :-0.098 %
Env #:0 Genome_id # :266 Fitness :22800.66 Final Amt :1891.39 Days :236 Avg Daily Profit :0.002 %
Env #:0 Genome_id # :277 Fitness :-45772.6 Final Amt :1462.78 Days :236 Avg Daily Profit :-0.103 %
Env #:0 Genome_id # :288 Fitness :-38448.94 Final Amt :1397.97 Days :236 Avg Daily Profit :-0.123 %
Env #:0 Genome_id # :298 Fitness :-32594.76 Final Amt :1467.33 Days :236 Avg Daily Profit :-0.098 %
Env #:0 Genome_id # :312 Fitness :108260.67 Final Amt :1963.51 Days :236 Avg Daily Profit :0.017 %
Env #:0 Genome_id # :331 Fitness :-27967.62 Final Amt :1441.19 Days :236 Avg Daily Profit :-0.113 %
Env #:0 Genome_id # :158 Fitness :210850.38 Final Amt :5355.87 Days :236 Avg Daily Profit :0.443 %
Env #:0 Genome_id # :363 Fitness :-28163.92 Final Amt :1667.76 Days :236 Avg Daily Profit :-0.049 %
Env #:0 Genome_id # :378 Fitness :162310.23 Final Amt :2355.01 Days :236 Avg Daily Profit :0.1 %
Env #:0 Genome_id # :380 Fitness :104758.21 Final Amt :4005.18 Days :236 Avg Daily Profit :0.318 %
Env #:0 Genome_id # :318 Fitness :191780.11 Final Amt :2095.71 Days :236 Avg Daily Profit :0.048 %
Env #:0 Genome_id # :718 Fitness :147530.5 Final Amt :2214.74 Days :236 Avg Daily Profit :0.072 %
Env #:0 Genome_id # :5 Fitness :-36454.38 Final Amt :1458.87 Days :236 Avg Daily Profit :-0.1 %
Env #:0 Genome_id # :99 Fitness :182893.49 Final Amt :7417.66 Days :236 Avg Daily Profit :0.581 %
Env #:0 Genome_id # :718 Fitness :147530.5 Final Amt :2214.74 Days :236 Avg Daily Profit :0.072 %
Env #:0 Genome_id # :50 Fitness :204136.12 Final Amt :8879.56 Days :236 Avg Daily Profit :0.656 %
Env #:0 Genome_id # :62 Fitness :27649.86 Final Amt :2113.89 Days :236 Avg Daily Profit :0.044 %
Env #:0 Genome_id # :80 Fitness :58381.12 Final Amt :2838.78 Days :236 Avg Daily Profit :0.173 %
Env #:0 Genome_id # :89 Fitness :-44192.31 Final Amt :1480.42 Days :236 Avg Daily Profit :-0.095 %
Env #:0 Genome_id # :111 Fitness :82463.35 Final Amt :2418.74 Days :236 Avg Daily Profit :0.112 %
Env #:0 Genome_id # :1072 Fitness :242009.93 Final Amt :4087.94 Days :236 Avg Daily Profit :0.325 %
Env #:0 Genome_id # :365 Fitness :153544.0 Final Amt :3219.51 Days :236 Avg Daily Profit :0.23 %
Env #:0 Genome_id # :145 Fitness :36006.74 Final Amt :2527.4 Days :236 Avg Daily Profit :0.132 %
Env #:0 Genome_id # :10 Fitness :202394.05 Final Amt :8966.89 Days :236 Avg Daily Profit :0.66 %
Env #:0 Genome_id # :173 Fitness :-27155.79 Final Amt :1456.53 Days :236 Avg Daily Profit :-0.1 %
Env #:0 Genome_id # :158 Fitness :210850.38 Final Amt :5355.87 Days :236 Avg Daily Profit :0.443 %
Env #:0 Genome_id # :205 Fitness :910.91 Final Amt :1627.57 Days :236 Avg Daily Profit :-0.06 %
Env #:0 Genome_id # :219 Fitness :139005.77 Final Amt :2848.89 Days :236 Avg Daily Profit :0.18 %
Env #:0 Genome_id # :236 Fitness :-112819.59 Final Amt :1353.12 Days :236 Avg Daily Profit :-0.141 %
Env #:0 Genome_id # :243 Fitness :35202.67 Final Amt :2123.02 Days :236 Avg Daily Profit :0.054 %
Env #:0 Genome_id # :263 Fitness :-25899.28 Final Amt :1465.71 Days :236 Avg Daily Profit :-0.107 %
Env #:0 Genome_id # :50 Fitness :204136.12 Final Amt :8879.56 Days :236 Avg Daily Profit :0.656 %
Env #:0 Genome_id # :284 Fitness :152613.92 Final Amt :5920.34 Days :236 Avg Daily Profit :0.479 %
Env #:0 Genome_id # :1072 Fitness :242009.93 Final Amt :4087.94 Days :236 Avg Daily Profit :0.325 %
Env #:0 Genome_id # :1072 Fitness :242009.93 Final Amt :4087.94 Days :236 Avg Daily Profit :0.325 %
Env #:0 Genome_id # :327 Fitness :-101720.12 Final Amt :1781.55 Days :236 Avg Daily Profit :-0.024 %
Env #:0 Genome_id # :346 Fitness :102335.75 Final Amt :2072.73 Days :236 Avg Daily Profit :0.045 %
Env #:0 Genome_id # :318 Fitness :191780.11 Final Amt :2095.71 Days :236 Avg Daily Profit :0.048 %
Env #:0 Genome_id # :318 Fitness :191780.11 Final Amt :2095.71 Days :236 Avg Daily Profit :0.048 %
Env #:0 Genome_id # :386 Fitness :-30275.89 Final Amt :1455.54 Days :236 Avg Daily Profit :-0.102 %
Env #:0 Genome_id # :393 Fitness :65889.7 Final Amt :1861.67 Days :236 Avg Daily Profit :-0.009 %
Env #:0 Genome_id # :263 Fitness :-22302.96 Final Amt :2144.85 Days :236 Avg Daily Profit :0.051 %
Env #:0 Genome_id # :718 Fitness :147530.5 Final Amt :2214.74 Days :236 Avg Daily Profit :0.072 %
Env #:0 Genome_id # :24 Fitness :-3012.55 Final Amt :1898.5 Days :236 Avg Daily Profit :-0.001 %
Env #:0 Genome_id # :1072 Fitness :242009.93 Final Amt :4087.94 Days :236 Avg Daily Profit :0.325 %
Env #:0 Genome_id # :47 Fitness :88921.81 Final Amt :3581.96 Days :236 Avg Daily Profit :0.272 %
Env #:0 Genome_id # :57 Fitness :113634.34 Final Amt :5867.51 Days :236 Avg Daily Profit :0.479 %
Env #:0 Genome_id # :77 Fitness :-27530.54 Final Amt :1457.6 Days :236 Avg Daily Profit :-0.1 %
Env #:0 Genome_id # :10 Fitness :202394.05 Final Amt :8966.89 Days :236 Avg Daily Profit :0.66 %
Env #:0 Genome_id # :102 Fitness :-34757.47 Final Amt :1456.18 Days :236 Avg Daily Profit :-0.101 %
Env #:0 Genome_id # :61 Fitness :196154.63 Final Amt :8315.6 Days :236 Avg Daily Profit :0.63 %
Env #:0 Genome_id # :132 Fitness :45398.62 Final Amt :2702.88 Days :236 Avg Daily Profit :0.16 %
Env #:0 Genome_id # :10 Fitness :202394.05 Final Amt :8966.89 Days :236 Avg Daily Profit :0.66 %
Env #:0 Genome_id # :161 Fitness :9865.13 Final Amt :2156.13 Days :236 Avg Daily Profit :0.055 %
Env #:0 Genome_id # :172 Fitness :36862.7 Final Amt :2510.5 Days :236 Avg Daily Profit :0.129 %
Env #:0 Genome_id # :10 Fitness :202394.05 Final Amt :8966.89 Days :236 Avg Daily Profit :0.66 %
Env #:0 Genome_id # :112 Fitness :173858.92 Final Amt :904.18 Days :236 Avg Daily Profit :-0.306 %
Env #:0 Genome_id # :1072 Fitness :242009.93 Final Amt :4087.94 Days :236 Avg Daily Profit :0.325 %
Env #:0 Genome_id # :225 Fitness :-82818.13 Final Amt :1815.9 Days :236 Avg Daily Profit :-0.014 %
Env #:0 Genome_id # :247 Fitness :-76012.6 Final Amt :1393.95 Days :236 Avg Daily Profit :-0.125 %
Env #:0 Genome_id # :158 Fitness :210850.38 Final Amt :5355.87 Days :236 Avg Daily Profit :0.443 %
Env #:0 Genome_id # :272 Fitness :-41108.7 Final Amt :1495.9 Days :236 Avg Daily Profit :-0.09 %
Env #:0 Genome_id # :293 Fitness :-130461.92 Final Amt :1406.87 Days :236 Avg Daily Profit :-0.127 %
Env #:0 Genome_id # :300 Fitness :-38903.41 Final Amt :1409.43 Days :236 Avg Daily Profit :-0.116 %
Env #:0 Genome_id # :311 Fitness :107240.01 Final Amt :2991.72 Days :236 Avg Daily Profit :0.19 %
Env #:0 Genome_id # :328 Fitness :-33961.04 Final Amt :1790.27 Days :236 Avg Daily Profit :-0.019 %
Env #:0 Genome_id # :318 Fitness :191780.11 Final Amt :2095.71 Days :236 Avg Daily Profit :0.048 %
Env #:0 Genome_id # :360 Fitness :-88058.0 Final Amt :1391.51 Days :236 Avg Daily Profit :-0.121 %
Env #:0 Genome_id # :373 Fitness :-75587.63 Final Amt :1307.29 Days :236 Avg Daily Profit :-0.158 %
Env #:0 Genome_id # :1072 Fitness :242009.93 Final Amt :4087.94 Days :236 Avg Daily Profit :0.325 %
Env #:0 Genome_id # :396 Fitness :-18025.63 Final Amt :1507.61 Days :236 Avg Daily Profit :-0.087 %
Env #:0 Genome_id # :785 Fitness :171347.98 Final Amt :7144.1 Days :236 Avg Daily Profit :0.565 %
Env #:0 Genome_id # :9 Fitness :-19588.59 Final Amt :1519.89 Days :236 Avg Daily Profit :-0.082 %
Env #:0 Genome_id # :16 Fitness :-28368.43 Final Amt :1457.6 Days :236 Avg Daily Profit :-0.1 %
Env #:0 Genome_id # :99 Fitness :182893.49 Final Amt :7417.66 Days :236 Avg Daily Profit :0.581 %
Env #:0 Genome_id # :365 Fitness :153544.0 Final Amt :3219.51 Days :236 Avg Daily Profit :0.23 %
Env #:0 Genome_id # :1072 Fitness :242009.93 Final Amt :4087.94 Days :236 Avg Daily Profit :0.325 %
Env #:0 Genome_id # :1072 Fitness :242009.93 Final Amt :4087.94 Days :236 Avg Daily Profit :0.325 %
Env #:0 Genome_id # :92 Fitness :76369.91 Final Amt :670.25 Days :236 Avg Daily Profit :-0.44 %
Env #:0 Genome_id # :365 Fitness :153544.0 Final Amt :3219.51 Days :236 Avg Daily Profit :0.23 %
Env #:0 Genome_id # :117 Fitness :134839.43 Final Amt :5220.66 Days :236 Avg Daily Profit :0.438 %
Env #:0 Genome_id # :131 Fitness :46151.69 Final Amt :2408.6 Days :236 Avg Daily Profit :0.112 %
Env #:0 Genome_id # :365 Fitness :153544.0 Final Amt :3219.51 Days :236 Avg Daily Profit :0.23 %
Env #:0 Genome_id # :158 Fitness :210850.38 Final Amt :5355.87 Days :236 Avg Daily Profit :0.443 %
Env #:0 Genome_id # :1072 Fitness :242009.93 Final Amt :4087.94 Days :236 Avg Daily Profit :0.325 %
Env #:0 Genome_id # :193 Fitness :41184.25 Final Amt :2523.52 Days :236 Avg Daily Profit :0.132 %
Env #:0 Genome_id # :198 Fitness :69876.08 Final Amt :2726.64 Days :236 Avg Daily Profit :0.164 %
Env #:0 Genome_id # :216 Fitness :-12551.3 Final Amt :1458.55 Days :236 Avg Daily Profit :-0.104 %
Env #:0 Genome_id # :237 Fitness :105388.68 Final Amt :2328.36 Days :236 Avg Daily Profit :0.099 %
Env #:0 Genome_id # :250 Fitness :-67340.15 Final Amt :1422.14 Days :236 Avg Daily Profit :-0.111 %
Env #:0 Genome_id # :265 Fitness :53438.15 Final Amt :2233.96 Days :236 Avg Daily Profit :0.076 %
Env #:0 Genome_id # :278 Fitness :0.0 Final Amt :2000.0 Days :236 Avg Daily Profit :0.0 %
Env #:0 Genome_id # :274 Fitness :211438.03 Final Amt :9351.23 Days :236 Avg Daily Profit :0.68 %
Env #:0 Genome_id # :303 Fitness :-102839.64 Final Amt :1239.84 Days :236 Avg Daily Profit :-0.18 %
Env #:0 Genome_id # :322 Fitness :-46819.02 Final Amt :1532.8 Days :236 Avg Daily Profit :-0.086 %
Env #:0 Genome_id # :335 Fitness :-47728.61 Final Amt :1467.39 Days :236 Avg Daily Profit :-0.098 %
Env #:0 Genome_id # :340 Fitness :78239.71 Final Amt :3398.36 Days :236 Avg Daily Profit :0.247 %
Env #:0 Genome_id # :274 Fitness :211438.03 Final Amt :9351.23 Days :236 Avg Daily Profit :0.68 %
Env #:0 Genome_id # :1072 Fitness :242009.93 Final Amt :4087.94 Days :236 Avg Daily Profit :0.325 %
Env #:0 Genome_id # :318 Fitness :191780.11 Final Amt :2095.71 Days :236 Avg Daily Profit :0.048 %
Env #:0 Genome_id # :403 Fitness :-109423.96 Final Amt :1245.19 Days :236 Avg Daily Profit :-0.173 %
Env #:0 Genome_id # :99 Fitness :182893.49 Final Amt :7417.66 Days :236 Avg Daily Profit :0.581 %
Env #:0 Genome_id # :13 Fitness :-20682.16 Final Amt :1227.79 Days :236 Avg Daily Profit :-0.176 %
Env #:0 Genome_id # :10 Fitness :202394.05 Final Amt :8966.89 Days :236 Avg Daily Profit :0.66 %
Env #:0 Genome_id # :37 Fitness :304.85 Final Amt :2349.6 Days :236 Avg Daily Profit :0.095 %
Env #:0 Genome_id # :56 Fitness :41419.36 Final Amt :2357.73 Days :236 Avg Daily Profit :0.1 %
Env #:0 Genome_id # :68 Fitness :-29990.57 Final Amt :1442.34 Days :236 Avg Daily Profit :-0.105 %
Env #:0 Genome_id # :10 Fitness :202394.05 Final Amt :8966.89 Days :236 Avg Daily Profit :0.66 %
Env #:0 Genome_id # :88 Fitness :-70769.69 Final Amt :2059.7 Days :236 Avg Daily Profit :0.035 %
Env #:0 Genome_id # :109 Fitness :100135.62 Final Amt :2761.69 Days :236 Avg Daily Profit :0.171 %
Env #:0 Genome_id # :123 Fitness :-70852.58 Final Amt :1382.34 Days :236 Avg Daily Profit :-0.125 %
Env #:0 Genome_id # :137 Fitness :71826.6 Final Amt :3156.66 Days :236 Avg Daily Profit :0.226 %
Env #:0 Genome_id # :143 Fitness :-11394.64 Final Amt :3765.36 Days :236 Avg Daily Profit :0.299 %
Env #:0 Genome_id # :155 Fitness :38924.7 Final Amt :2423.5 Days :236 Avg Daily Profit :0.098 %
Env #:0 Genome_id # :365 Fitness :153544.0 Final Amt :3219.51 Days :236 Avg Daily Profit :0.23 %
Env #:0 Genome_id # :1072 Fitness :242009.93 Final Amt :4087.94 Days :236 Avg Daily Profit :0.325 %
Env #:0 Genome_id # :204 Fitness :42420.09 Final Amt :2165.79 Days :236 Avg Daily Profit :0.063 %
Env #:0 Genome_id # :224 Fitness :-49969.57 Final Amt :1507.39 Days :236 Avg Daily Profit :-0.092 %
Env #:0 Genome_id # :235 Fitness :49762.8 Final Amt :3525.78 Days :236 Avg Daily Profit :0.26 %
Env #:0 Genome_id # :240 Fitness :133857.22 Final Amt :7018.77 Days :236 Avg Daily Profit :0.563 %
Env #:0 Genome_id # :253 Fitness :30745.92 Final Amt :2380.52 Days :236 Avg Daily Profit :0.107 %
Env #:0 Genome_id # :274 Fitness :211438.03 Final Amt :9351.23 Days :236 Avg Daily Profit :0.68 %
Env #:0 Genome_id # :285 Fitness :-22741.39 Final Amt :1572.46 Days :236 Avg Daily Profit :-0.073 %
Env #:0 Genome_id # :307 Fitness :47791.74 Final Amt :2262.47 Days :236 Avg Daily Profit :0.081 %
Env #:0 Genome_id # :320 Fitness :58109.78 Final Amt :2331.5 Days :236 Avg Daily Profit :0.096 %
Env #:0 Genome_id # :275 Fitness :228397.47 Final Amt :3619.04 Days :236 Avg Daily Profit :0.278 %
Env #:0 Genome_id # :338 Fitness :-36728.31 Final Amt :1609.17 Days :236 Avg Daily Profit :-0.062 %
Env #:0 Genome_id # :364 Fitness :13871.8 Final Amt :2185.43 Days :236 Avg Daily Profit :0.05 %
Env #:0 Genome_id # :215 Fitness :214436.33 Final Amt :4753.17 Days :236 Avg Daily Profit :0.391 %
Env #:0 Genome_id # :382 Fitness :-66338.35 Final Amt :1661.26 Days :236 Avg Daily Profit :-0.048 %
Env #:0 Genome_id # :404 Fitness :32604.88 Final Amt :2092.18 Days :236 Avg Daily Profit :0.047 %
Env #:0 Genome_id # :914 Fitness :101869.06 Final Amt :4115.48 Days :236 Avg Daily Profit :0.334 %
Env #:0 Genome_id # :99 Fitness :182893.49 Final Amt :7417.66 Days :236 Avg Daily Profit :0.581 %
Env #:0 Genome_id # :23 Fitness :43307.25 Final Amt :2457.91 Days :236 Avg Daily Profit :0.118 %
Env #:0 Genome_id # :942 Fitness :187398.47 Final Amt :8686.19 Days :236 Avg Daily Profit :0.648 %
Env #:0 Genome_id # :48 Fitness :-29502.94 Final Amt :1453.25 Days :236 Avg Daily Profit :-0.105 %
Env #:0 Genome_id # :718 Fitness :147530.5 Final Amt :2214.74 Days :236 Avg Daily Profit :0.072 %
Env #:0 Genome_id # :718 Fitness :147530.5 Final Amt :2214.74 Days :236 Avg Daily Profit :0.072 %
Env #:0 Genome_id # :1072 Fitness :242009.93 Final Amt :4087.94 Days :236 Avg Daily Profit :0.325 %
Env #:0 Genome_id # :106 Fitness :25447.33 Final Amt :2042.93 Days :236 Avg Daily Profit :0.028 %
Env #:0 Genome_id # :114 Fitness :18952.35 Final Amt :1960.87 Days :236 Avg Daily Profit :0.02 %
Env #:0 Genome_id # :140 Fitness :32688.3 Final Amt :2450.69 Days :236 Avg Daily Profit :0.116 %
Env #:0 Genome_id # :152 Fitness :51174.06 Final Amt :2963.77 Days :236 Avg Daily Profit :0.191 %
Env #:0 Genome_id # :365 Fitness :153544.0 Final Amt :3219.51 Days :236 Avg Daily Profit :0.23 %
Env #:0 Genome_id # :175 Fitness :-25839.69 Final Amt :1480.51 Days :236 Avg Daily Profit :-0.096 %
Env #:0 Genome_id # :185 Fitness :42334.32 Final Amt :2401.11 Days :236 Avg Daily Profit :0.109 %
Env #:0 Genome_id # :1072 Fitness :242009.93 Final Amt :4087.94 Days :236 Avg Daily Profit :0.325 %
Env #:0 Genome_id # :218 Fitness :-82108.18 Final Amt :3174.53 Days :236 Avg Daily Profit :0.218 %
Env #:0 Genome_id # :1072 Fitness :242009.93 Final Amt :4087.94 Days :236 Avg Daily Profit :0.325 %
Env #:0 Genome_id # :365 Fitness :153544.0 Final Amt :3219.51 Days :236 Avg Daily Profit :0.23 %
Env #:0 Genome_id # :112 Fitness :173858.92 Final Amt :904.18 Days :236 Avg Daily Profit :-0.306 %
Env #:0 Genome_id # :275 Fitness :228397.47 Final Amt :3619.04 Days :236 Avg Daily Profit :0.278 %
Env #:0 Genome_id # :290 Fitness :5863.62 Final Amt :2230.79 Days :236 Avg Daily Profit :0.076 %
Env #:0 Genome_id # :308 Fitness :105978.35 Final Amt :2632.12 Days :236 Avg Daily Profit :0.15 %
Env #:0 Genome_id # :112 Fitness :173858.92 Final Amt :904.18 Days :236 Avg Daily Profit :-0.306 %
Env #:0 Genome_id # :329 Fitness :-35891.54 Final Amt :1422.0 Days :236 Avg Daily Profit :-0.111 %
Env #:0 Genome_id # :337 Fitness :-27254.17 Final Amt :1457.6 Days :236 Avg Daily Profit :-0.1 %
Env #:0 Genome_id # :158 Fitness :210850.38 Final Amt :5355.87 Days :236 Avg Daily Profit :0.443 %
Env #:0 Genome_id # :372 Fitness :-88089.09 Final Amt :1334.95 Days :236 Avg Daily Profit :-0.145 %
Env #:0 Genome_id # :392 Fitness :1888.67 Final Amt :2273.71 Days :236 Avg Daily Profit :0.075 %
Env #:0 Genome_id # :399 Fitness :34023.01 Final Amt :2056.16 Days :236 Avg Daily Profit :0.039 %
Env #:0 Genome_id # :1072 Fitness :242009.93 Final Amt :4087.94 Days :236 Avg Daily Profit :0.325 %
Env #:0 Genome_id # :365 Fitness :153544.0 Final Amt :3219.51 Days :236 Avg Daily Profit :0.23 %
Env #:0 Genome_id # :1072 Fitness :242009.93 Final Amt :4087.94 Days :236 Avg Daily Profit :0.325 %
Env #:0 Genome_id # :39 Fitness :31821.17 Final Amt :2423.41 Days :236 Avg Daily Profit :0.114 %
Env #:0 Genome_id # :99 Fitness :182893.49 Final Amt :7417.66 Days :236 Avg Daily Profit :0.581 %
Env #:0 Genome_id # :63 Fitness :-43450.23 Final Amt :1444.64 Days :236 Avg Daily Profit :-0.105 %
Env #:0 Genome_id # :82 Fitness :-68722.62 Final Amt :1368.97 Days :236 Avg Daily Profit :-0.129 %
Env #:0 Genome_id # :96 Fitness :-45833.76 Final Amt :1413.73 Days :236 Avg Daily Profit :-0.113 %
Env #:0 Genome_id # :100 Fitness :39886.63 Final Amt :2404.48 Days :236 Avg Daily Profit :0.111 %
Env #:0 Genome_id # :115 Fitness :-27991.34 Final Amt :1457.6 Days :236 Avg Daily Profit :-0.1 %
Env #:0 Genome_id # :10 Fitness :202394.05 Final Amt :8966.89 Days :236 Avg Daily Profit :0.66 %
Env #:0 Genome_id # :144 Fitness :-31183.67 Final Amt :1451.65 Days :236 Avg Daily Profit :-0.103 %
Env #:0 Genome_id # :61 Fitness :196154.63 Final Amt :8315.6 Days :236 Avg Daily Profit :0.63 %
Env #:0 Genome_id # :178 Fitness :28224.95 Final Amt :2308.2 Days :236 Avg Daily Profit :0.094 %
Env #:0 Genome_id # :186 Fitness :152548.5 Final Amt :6471.35 Days :236 Avg Daily Profit :0.524 %
Env #:0 Genome_id # :365 Fitness :153544.0 Final Amt :3219.51 Days :236 Avg Daily Profit :0.23 %
Env #:0 Genome_id # :215 Fitness :214436.33 Final Amt :4753.17 Days :236 Avg Daily Profit :0.391 %
Env #:0 Genome_id # :226 Fitness :32693.11 Final Amt :2421.15 Days :236 Avg Daily Profit :0.113 %
Env #:0 Genome_id # :158 Fitness :210850.38 Final Amt :5355.87 Days :236 Avg Daily Profit :0.443 %
Env #:0 Genome_id # :1072 Fitness :242009.93 Final Amt :4087.94 Days :236 Avg Daily Profit :0.325 %
Env #:0 Genome_id # :1072 Fitness :242009.93 Final Amt :4087.94 Days :236 Avg Daily Profit :0.325 %
Env #:0 Genome_id # :282 Fitness :-33979.8 Final Amt :1625.94 Days :236 Avg Daily Profit :-0.061 %
Env #:0 Genome_id # :305 Fitness :-8791.46 Final Amt :1837.7 Days :236 Avg Daily Profit :-0.033 %
Env #:0 Genome_id # :274 Fitness :211438.03 Final Amt :9351.23 Days :236 Avg Daily Profit :0.68 %
Env #:0 Genome_id # :326 Fitness :39885.18 Final Amt :6142.28 Days :236 Avg Daily Profit :0.5 %
Env #:0 Genome_id # :342 Fitness :73695.39 Final Amt :5209.93 Days :236 Avg Daily Profit :0.436 %
Env #:0 Genome_id # :357 Fitness :28743.39 Final Amt :2393.71 Days :236 Avg Daily Profit :0.106 %
Env #:0 Genome_id # :365 Fitness :200059.63 Final Amt :8271.92 Days :236 Avg Daily Profit :0.628 %
Env #:0 Genome_id # :387 Fitness :55690.43 Final Amt :2392.18 Days :236 Avg Daily Profit :0.107 %
Env #:0 Genome_id # :402 Fitness :39103.57 Final Amt :2065.38 Days :236 Avg Daily Profit :0.043 %

Saving checkpoint to neat-checkpoint-28

 ****** Running generation 29 ****** 

Population's average fitness: 55827.49885 stdev: 116623.43419
Best fitness: 242009.93300 - size: (8, 37) - species 1 - id 1072
Average adjusted fitness: 0.470
Mean genetic distance 2.113, standard deviation 1.222
Population of 20 members in 2 species:
   ID   age  size  fitness  adj fit  stag
  ====  ===  ====  =======  =======  ====
     1   29    11  242009.9    0.477    29
     2   29     9  214436.3    0.463    13
Total extinctions: 0
Generation time: 581.683 sec (565.240 average)
Saving checkpoint to neat-checkpoint-29
Key: 1072
Fitness: 242009.93299999955
Nodes:
	0 DefaultNodeGene(key=0, bias=-0.5042564494819161, response=1.2378731509366045, activation=sigmoid, aggregation=min)
	1 DefaultNodeGene(key=1, bias=-0.5218943262938268, response=1.1394158645236871, activation=relu, aggregation=max)
	2 DefaultNodeGene(key=2, bias=0.6125197004904437, response=0.9635559320848665, activation=relu, aggregation=maxabs)
	249 DefaultNodeGene(key=249, bias=-0.9158262455964962, response=1.0211096850422987, activation=relu, aggregation=mean)
	108 DefaultNodeGene(key=108, bias=-1.0988312678025367, response=0.9511856501674909, activation=relu, aggregation=maxabs)
	594 DefaultNodeGene(key=594, bias=-0.24850131478924814, response=1.033642440250507, activation=relu, aggregation=sum)
	46 DefaultNodeGene(key=46, bias=1.4151380279391574, response=0.911448594745012, activation=relu, aggregation=min)
	461 DefaultNodeGene(key=461, bias=-0.4432920391331066, response=0.9654199766440865, activation=relu, aggregation=max)
Connections:
	DefaultConnectionGene(key=(-34, 2), weight=-0.05392718206750091, enabled=True)
	DefaultConnectionGene(key=(-32, 0), weight=0.21500358740605297, enabled=True)
	DefaultConnectionGene(key=(-32, 2), weight=0.8835335921940327, enabled=True)
	DefaultConnectionGene(key=(-31, 0), weight=-3.7124285262405055, enabled=False)
	DefaultConnectionGene(key=(-31, 1), weight=1.95553786156798, enabled=False)
	DefaultConnectionGene(key=(-31, 2), weight=0.7216576804796083, enabled=True)
	DefaultConnectionGene(key=(-30, 0), weight=-1.0786705801689782, enabled=True)
	DefaultConnectionGene(key=(-30, 2), weight=-0.508198301399552, enabled=True)
	DefaultConnectionGene(key=(-29, 0), weight=1.7146692496591487, enabled=False)
	DefaultConnectionGene(key=(-29, 1), weight=0.7611826185423446, enabled=True)
	DefaultConnectionGene(key=(-28, 2), weight=1.3939601701755855, enabled=False)
	DefaultConnectionGene(key=(-26, 1), weight=0.4925999622314703, enabled=True)
	DefaultConnectionGene(key=(-26, 2), weight=-1.7918859901568456, enabled=True)
	DefaultConnectionGene(key=(-25, 0), weight=0.5628194472997068, enabled=True)
	DefaultConnectionGene(key=(-24, 0), weight=-0.03656045794754181, enabled=False)
	DefaultConnectionGene(key=(-23, 1), weight=0.18408320626929747, enabled=False)
	DefaultConnectionGene(key=(-22, 1), weight=-1.4988879273355347, enabled=True)
	DefaultConnectionGene(key=(-22, 2), weight=0.6887647187348108, enabled=False)
	DefaultConnectionGene(key=(-22, 249), weight=1.7799709881661632, enabled=False)
	DefaultConnectionGene(key=(-21, 0), weight=-1.6638517153703305, enabled=False)
	DefaultConnectionGene(key=(-20, 1), weight=-3.4106721978586836, enabled=False)
	DefaultConnectionGene(key=(-20, 2), weight=-0.5899383115803367, enabled=False)
	DefaultConnectionGene(key=(-19, 0), weight=-1.1895699490594736, enabled=True)
	DefaultConnectionGene(key=(-19, 2), weight=0.023506038205086538, enabled=True)
	DefaultConnectionGene(key=(-18, 0), weight=-1.34869465896909, enabled=True)
	DefaultConnectionGene(key=(-18, 249), weight=0.49389741801397624, enabled=True)
	DefaultConnectionGene(key=(-17, 0), weight=-1.4769115892176543, enabled=True)
	DefaultConnectionGene(key=(-17, 2), weight=1.514537103612883, enabled=True)
	DefaultConnectionGene(key=(-16, 0), weight=2.728679034300536, enabled=False)
	DefaultConnectionGene(key=(-14, 249), weight=0.6923165492463522, enabled=True)
	DefaultConnectionGene(key=(-13, 0), weight=-1.4443649375584173, enabled=True)
	DefaultConnectionGene(key=(-13, 2), weight=1.8758571899893686, enabled=True)
	DefaultConnectionGene(key=(-12, 1), weight=-0.5851525690928571, enabled=True)
	DefaultConnectionGene(key=(-12, 2), weight=-1.7542185298341633, enabled=False)
	DefaultConnectionGene(key=(-12, 46), weight=1.377050068951113, enabled=True)
	DefaultConnectionGene(key=(-11, 1), weight=0.06928105430222907, enabled=True)
	DefaultConnectionGene(key=(-11, 108), weight=0.8119892028346223, enabled=False)
	DefaultConnectionGene(key=(-11, 594), weight=0.11419872666980735, enabled=True)
	DefaultConnectionGene(key=(-10, 0), weight=-0.6587688181469449, enabled=False)
	DefaultConnectionGene(key=(-10, 2), weight=-0.5639362144108578, enabled=False)
	DefaultConnectionGene(key=(-10, 108), weight=0.43533838636086386, enabled=True)
	DefaultConnectionGene(key=(-9, 1), weight=0.6677141627398858, enabled=False)
	DefaultConnectionGene(key=(-8, 0), weight=0.4529902356105667, enabled=False)
	DefaultConnectionGene(key=(-8, 1), weight=-1.3298862942703653, enabled=False)
	DefaultConnectionGene(key=(-8, 2), weight=-1.2402875322497855, enabled=True)
	DefaultConnectionGene(key=(-7, 0), weight=1.8051456253574247, enabled=True)
	DefaultConnectionGene(key=(-7, 1), weight=4.112865786584829, enabled=True)
	DefaultConnectionGene(key=(-7, 461), weight=-1.548865338310014, enabled=True)
	DefaultConnectionGene(key=(-6, 2), weight=-0.845914569539099, enabled=False)
	DefaultConnectionGene(key=(-5, 1), weight=-0.4776426186810888, enabled=True)
	DefaultConnectionGene(key=(-5, 2), weight=-1.0138040238306405, enabled=True)
	DefaultConnectionGene(key=(-4, 0), weight=-0.4141391249713481, enabled=True)
	DefaultConnectionGene(key=(-4, 1), weight=-1.6284376791205148, enabled=True)
	DefaultConnectionGene(key=(-3, 1), weight=1.4617102883778825, enabled=False)
	DefaultConnectionGene(key=(-3, 2), weight=-0.22227246964584776, enabled=True)
	DefaultConnectionGene(key=(-2, 2), weight=0.14262829624535056, enabled=False)
	DefaultConnectionGene(key=(46, 1), weight=-1.125412454752615, enabled=False)
	DefaultConnectionGene(key=(108, 2), weight=0.5599287107213261, enabled=False)
	DefaultConnectionGene(key=(249, 0), weight=-1.6539974986315764, enabled=True)
	DefaultConnectionGene(key=(461, 0), weight=-2.33301680991424, enabled=True)
	DefaultConnectionGene(key=(594, 108), weight=1.9289733044603894, enabled=True)
