Training Logger!
Env #:0 Genome_id # :242 Fitness :-22519.11 Final Amt :2191.64 Days :236 Avg Daily Profit :0.068 %
Env #:0 Genome_id # :263 Fitness :-107872.84 Final Amt :1083.71 Days :236 Avg Daily Profit :-0.22 %
Env #:0 Genome_id # :871 Fitness :142438.22 Final Amt :11336.23 Days :236 Avg Daily Profit :0.786 %
Env #:0 Genome_id # :929 Fitness :213845.18 Final Amt :9472.1 Days :236 Avg Daily Profit :0.703 %
Env #:0 Genome_id # :335 Fitness :139542.46 Final Amt :5389.57 Days :236 Avg Daily Profit :0.442 %
Env #:0 Genome_id # :941 Fitness :185457.44 Final Amt :8491.0 Days :236 Avg Daily Profit :0.658 %
Env #:0 Genome_id # :942 Fitness :231272.8 Final Amt :11768.12 Days :236 Avg Daily Profit :0.801 %
Env #:0 Genome_id # :365 Fitness :189192.67 Final Amt :4206.57 Days :236 Avg Daily Profit :0.373 %
Env #:0 Genome_id # :99 Fitness :261356.44 Final Amt :13486.62 Days :236 Avg Daily Profit :0.858 %
Env #:0 Genome_id # :718 Fitness :248443.94 Final Amt :3765.15 Days :236 Avg Daily Profit :0.321 %
Env #:0 Genome_id # :594 Fitness :220390.28 Final Amt :10206.74 Days :236 Avg Daily Profit :0.733 %
Env #:0 Genome_id # :1072 Fitness :322071.3 Final Amt :5879.75 Days :236 Avg Daily Profit :0.516 %
Env #:0 Genome_id # :785 Fitness :204488.17 Final Amt :10451.98 Days :236 Avg Daily Profit :0.749 %
Env #:0 Genome_id # :927 Fitness :177495.99 Final Amt :8659.6 Days :236 Avg Daily Profit :0.666 %
Env #:0 Genome_id # :829 Fitness :193879.13 Final Amt :10454.13 Days :236 Avg Daily Profit :0.744 %
Env #:0 Genome_id # :914 Fitness :55800.45 Final Amt :3262.93 Days :236 Avg Daily Profit :0.231 %
Env #:0 Genome_id # :245 Fitness :173992.58 Final Amt :8456.48 Days :236 Avg Daily Profit :0.672 %
Env #:0 Genome_id # :1042 Fitness :461592.94 Final Amt :14246.79 Days :236 Avg Daily Profit :0.876 %
Env #:0 Genome_id # :31 Fitness :129128.66 Final Amt :5211.59 Days :236 Avg Daily Profit :0.444 %
Env #:0 Genome_id # :937 Fitness :-98792.65 Final Amt :7460.63 Days :236 Avg Daily Profit :0.597 %
Env #:0 Genome_id # :4 Fitness :-20138.4 Final Amt :1813.55 Days :236 Avg Daily Profit :-0.03 %
Env #:0 Genome_id # :3 Fitness :36115.83 Final Amt :2872.15 Days :236 Avg Daily Profit :0.208 %
Env #:0 Genome_id # :2 Fitness :-46743.0 Final Amt :1276.01 Days :236 Avg Daily Profit :-0.154 %
Env #:0 Genome_id # :942 Fitness :231272.8 Final Amt :11768.12 Days :236 Avg Daily Profit :0.801 %
Env #:0 Genome_id # :1 Fitness :81276.58 Final Amt :3090.84 Days :236 Avg Daily Profit :0.231 %
Env #:0 Genome_id # :365 Fitness :189192.67 Final Amt :4206.57 Days :236 Avg Daily Profit :0.373 %
Env #:0 Genome_id # :1072 Fitness :322071.3 Final Amt :5879.75 Days :236 Avg Daily Profit :0.516 %
Env #:0 Genome_id # :1042 Fitness :461592.94 Final Amt :14246.79 Days :236 Avg Daily Profit :0.876 %
Env #:0 Genome_id # :99 Fitness :261356.44 Final Amt :13486.62 Days :236 Avg Daily Profit :0.858 %
Env #:0 Genome_id # :718 Fitness :248443.94 Final Amt :3765.15 Days :236 Avg Daily Profit :0.321 %
Env #:0 Genome_id # :5 Fitness :-137562.51 Final Amt :713.54 Days :236 Avg Daily Profit :-0.391 %
Env #:0 Genome_id # :13 Fitness :33481.52 Final Amt :2416.46 Days :236 Avg Daily Profit :0.087 %
Env #:0 Genome_id # :10 Fitness :65634.64 Final Amt :3056.89 Days :236 Avg Daily Profit :0.246 %
Env #:0 Genome_id # :7 Fitness :-68433.16 Final Amt :959.12 Days :236 Avg Daily Profit :-0.232 %
Env #:0 Genome_id # :8 Fitness :-50690.41 Final Amt :1148.28 Days :236 Avg Daily Profit :-0.182 %
Env #:0 Genome_id # :12 Fitness :80999.86 Final Amt :3230.34 Days :236 Avg Daily Profit :0.273 %
Env #:0 Genome_id # :9 Fitness :-91021.87 Final Amt :958.74 Days :236 Avg Daily Profit :-0.244 %
Env #:0 Genome_id # :6 Fitness :35338.89 Final Amt :3325.13 Days :236 Avg Daily Profit :0.291 %
Env #:0 Genome_id # :11 Fitness :52692.66 Final Amt :2993.16 Days :236 Avg Daily Profit :0.236 %
Env #:0 Genome_id # :14 Fitness :-110456.46 Final Amt :767.73 Days :236 Avg Daily Profit :-0.337 %
Env #:0 Genome_id # :15 Fitness :-1606.71 Final Amt :1980.61 Days :236 Avg Daily Profit :-0.004 %
Env #:0 Genome_id # :19 Fitness :142646.99 Final Amt :3755.76 Days :236 Avg Daily Profit :0.335 %
Env #:0 Genome_id # :17 Fitness :-65012.77 Final Amt :1027.33 Days :236 Avg Daily Profit :-0.233 %
Env #:0 Genome_id # :365 Fitness :189192.67 Final Amt :4206.57 Days :236 Avg Daily Profit :0.373 %
Env #:0 Genome_id # :1042 Fitness :461592.94 Final Amt :14246.79 Days :236 Avg Daily Profit :0.876 %
Env #:0 Genome_id # :18 Fitness :235710.05 Final Amt :3793.59 Days :236 Avg Daily Profit :0.336 %
Env #:0 Genome_id # :718 Fitness :248443.94 Final Amt :3765.15 Days :236 Avg Daily Profit :0.321 %
Env #:0 Genome_id # :1072 Fitness :322071.3 Final Amt :5879.75 Days :236 Avg Daily Profit :0.516 %
Env #:0 Genome_id # :20 Fitness :77135.56 Final Amt :3126.38 Days :236 Avg Daily Profit :0.242 %
Env #:0 Genome_id # :16 Fitness :-85717.96 Final Amt :903.16 Days :236 Avg Daily Profit :-0.275 %
Env #:0 Genome_id # :99 Fitness :261356.44 Final Amt :13486.62 Days :236 Avg Daily Profit :0.858 %
Env #:0 Genome_id # :21 Fitness :88333.15 Final Amt :3705.68 Days :236 Avg Daily Profit :0.33 %
Env #:0 Genome_id # :23 Fitness :-64443.11 Final Amt :987.92 Days :236 Avg Daily Profit :-0.221 %
Env #:0 Genome_id # :942 Fitness :231272.8 Final Amt :11768.12 Days :236 Avg Daily Profit :0.801 %
Env #:0 Genome_id # :22 Fitness :123916.52 Final Amt :10522.08 Days :236 Avg Daily Profit :0.757 %
Env #:0 Genome_id # :26 Fitness :-57643.03 Final Amt :1080.0 Days :236 Avg Daily Profit :-0.204 %
Env #:0 Genome_id # :24 Fitness :125897.39 Final Amt :3974.01 Days :236 Avg Daily Profit :0.363 %
Env #:0 Genome_id # :25 Fitness :59472.54 Final Amt :6251.58 Days :236 Avg Daily Profit :0.507 %
Env #:0 Genome_id # :28 Fitness :60939.69 Final Amt :2928.55 Days :236 Avg Daily Profit :0.225 %
Env #:0 Genome_id # :27 Fitness :-45785.65 Final Amt :1071.17 Days :236 Avg Daily Profit :-0.2 %
Env #:0 Genome_id # :35 Fitness :-42895.78 Final Amt :1160.25 Days :236 Avg Daily Profit :-0.176 %
Env #:0 Genome_id # :33 Fitness :84990.69 Final Amt :3341.33 Days :236 Avg Daily Profit :0.287 %
Env #:0 Genome_id # :32 Fitness :-42375.4 Final Amt :1230.08 Days :236 Avg Daily Profit :-0.153 %
Env #:0 Genome_id # :30 Fitness :102059.66 Final Amt :3890.26 Days :236 Avg Daily Profit :0.345 %
Env #:0 Genome_id # :1072 Fitness :322071.3 Final Amt :5879.75 Days :236 Avg Daily Profit :0.516 %
Env #:0 Genome_id # :34 Fitness :22770.34 Final Amt :2450.68 Days :236 Avg Daily Profit :0.132 %
Env #:0 Genome_id # :31 Fitness :-176630.73 Final Amt :1247.06 Days :236 Avg Daily Profit :-0.165 %
Env #:0 Genome_id # :29 Fitness :22502.37 Final Amt :2640.07 Days :236 Avg Daily Profit :0.193 %
Env #:0 Genome_id # :718 Fitness :248443.94 Final Amt :3765.15 Days :236 Avg Daily Profit :0.321 %
Env #:0 Genome_id # :18 Fitness :235710.05 Final Amt :3793.59 Days :236 Avg Daily Profit :0.336 %
Env #:0 Genome_id # :38 Fitness :85344.27 Final Amt :3839.88 Days :236 Avg Daily Profit :0.347 %
Env #:0 Genome_id # :1042 Fitness :461592.94 Final Amt :14246.79 Days :236 Avg Daily Profit :0.876 %
Env #:0 Genome_id # :37 Fitness :-76063.53 Final Amt :1028.85 Days :236 Avg Daily Profit :-0.238 %
Env #:0 Genome_id # :36 Fitness :-21453.64 Final Amt :1176.78 Days :236 Avg Daily Profit :-0.149 %
Env #:0 Genome_id # :39 Fitness :-69287.88 Final Amt :970.55 Days :236 Avg Daily Profit :-0.229 %
Env #:0 Genome_id # :942 Fitness :231272.8 Final Amt :11768.12 Days :236 Avg Daily Profit :0.801 %
Env #:0 Genome_id # :99 Fitness :261356.44 Final Amt :13486.62 Days :236 Avg Daily Profit :0.858 %
Env #:0 Genome_id # :41 Fitness :76346.51 Final Amt :4181.11 Days :236 Avg Daily Profit :0.345 %
Env #:0 Genome_id # :40 Fitness :-85102.17 Final Amt :2572.38 Days :236 Avg Daily Profit :0.168 %
Env #:0 Genome_id # :42 Fitness :32959.65 Final Amt :2460.03 Days :236 Avg Daily Profit :0.132 %
Env #:0 Genome_id # :45 Fitness :0.0 Final Amt :2000.0 Days :236 Avg Daily Profit :0.0 %
Env #:0 Genome_id # :48 Fitness :56706.55 Final Amt :2378.08 Days :236 Avg Daily Profit :0.145 %
Env #:0 Genome_id # :43 Fitness :-62054.35 Final Amt :892.78 Days :236 Avg Daily Profit :-0.302 %
Env #:0 Genome_id # :46 Fitness :-202264.8 Final Amt :876.77 Days :236 Avg Daily Profit :-0.325 %
Env #:0 Genome_id # :18 Fitness :235710.05 Final Amt :3793.59 Days :236 Avg Daily Profit :0.336 %
Env #:0 Genome_id # :1042 Fitness :461592.94 Final Amt :14246.79 Days :236 Avg Daily Profit :0.876 %
Env #:0 Genome_id # :718 Fitness :248443.94 Final Amt :3765.15 Days :236 Avg Daily Profit :0.321 %
Env #:0 Genome_id # :47 Fitness :85348.08 Final Amt :3185.11 Days :236 Avg Daily Profit :0.232 %
Env #:0 Genome_id # :1072 Fitness :322071.3 Final Amt :5879.75 Days :236 Avg Daily Profit :0.516 %
Env #:0 Genome_id # :44 Fitness :-124671.18 Final Amt :811.12 Days :236 Avg Daily Profit :-0.324 %
Env #:0 Genome_id # :99 Fitness :261356.44 Final Amt :13486.62 Days :236 Avg Daily Profit :0.858 %
Env #:0 Genome_id # :50 Fitness :76030.4 Final Amt :3486.69 Days :236 Avg Daily Profit :0.299 %
Env #:0 Genome_id # :55 Fitness :-40985.82 Final Amt :1175.59 Days :236 Avg Daily Profit :-0.149 %
Env #:0 Genome_id # :942 Fitness :231272.8 Final Amt :11768.12 Days :236 Avg Daily Profit :0.801 %
Env #:0 Genome_id # :51 Fitness :-133997.09 Final Amt :862.69 Days :236 Avg Daily Profit :-0.288 %
Env #:0 Genome_id # :53 Fitness :244513.25 Final Amt :12031.96 Days :236 Avg Daily Profit :0.808 %
Env #:0 Genome_id # :56 Fitness :238880.05 Final Amt :9699.53 Days :236 Avg Daily Profit :0.731 %
Env #:0 Genome_id # :54 Fitness :233676.88 Final Amt :13932.62 Days :236 Avg Daily Profit :0.867 %
Env #:0 Genome_id # :49 Fitness :-44870.98 Final Amt :2394.29 Days :236 Avg Daily Profit :0.151 %
Env #:0 Genome_id # :52 Fitness :177503.63 Final Amt :7310.8 Days :236 Avg Daily Profit :0.578 %
Env #:0 Genome_id # :1042 Fitness :461592.94 Final Amt :14246.79 Days :236 Avg Daily Profit :0.876 %
Env #:0 Genome_id # :1072 Fitness :322071.3 Final Amt :5879.75 Days :236 Avg Daily Profit :0.516 %
Env #:0 Genome_id # :18 Fitness :235710.05 Final Amt :3793.59 Days :236 Avg Daily Profit :0.336 %
Env #:0 Genome_id # :99 Fitness :261356.44 Final Amt :13486.62 Days :236 Avg Daily Profit :0.858 %
Env #:0 Genome_id # :58 Fitness :82504.84 Final Amt :3177.68 Days :236 Avg Daily Profit :0.245 %
Env #:0 Genome_id # :718 Fitness :248443.94 Final Amt :3765.15 Days :236 Avg Daily Profit :0.321 %
Env #:0 Genome_id # :60 Fitness :84705.44 Final Amt :3352.94 Days :236 Avg Daily Profit :0.273 %
Env #:0 Genome_id # :57 Fitness :-60910.57 Final Amt :1061.05 Days :236 Avg Daily Profit :-0.212 %
Env #:0 Genome_id # :61 Fitness :-130850.99 Final Amt :730.75 Days :236 Avg Daily Profit :-0.354 %
Env #:0 Genome_id # :59 Fitness :99741.09 Final Amt :3871.91 Days :236 Avg Daily Profit :0.343 %
Env #:0 Genome_id # :67 Fitness :441.61 Final Amt :1989.68 Days :236 Avg Daily Profit :-0.001 %
Env #:0 Genome_id # :64 Fitness :-64494.28 Final Amt :1003.17 Days :236 Avg Daily Profit :-0.231 %
Env #:0 Genome_id # :62 Fitness :-73241.29 Final Amt :922.93 Days :236 Avg Daily Profit :-0.253 %
Env #:0 Genome_id # :53 Fitness :244513.25 Final Amt :12031.96 Days :236 Avg Daily Profit :0.808 %
Env #:0 Genome_id # :63 Fitness :-120677.63 Final Amt :1667.29 Days :236 Avg Daily Profit :-0.029 %
Env #:0 Genome_id # :68 Fitness :-68685.14 Final Amt :988.49 Days :236 Avg Daily Profit :-0.237 %
Env #:0 Genome_id # :66 Fitness :-333727.52 Final Amt :986.75 Days :236 Avg Daily Profit :-0.254 %
Env #:0 Genome_id # :65 Fitness :-70685.68 Final Amt :1172.15 Days :236 Avg Daily Profit :-0.183 %
Env #:0 Genome_id # :69 Fitness :-90377.86 Final Amt :865.7 Days :236 Avg Daily Profit :-0.285 %
Env #:0 Genome_id # :70 Fitness :-33368.35 Final Amt :1326.84 Days :236 Avg Daily Profit :-0.134 %
Env #:0 Genome_id # :72 Fitness :-5107.47 Final Amt :1957.05 Days :236 Avg Daily Profit :-0.009 %
Env #:0 Genome_id # :73 Fitness :102915.75 Final Amt :3216.08 Days :236 Avg Daily Profit :0.261 %
Env #:0 Genome_id # :1072 Fitness :322071.3 Final Amt :5879.75 Days :236 Avg Daily Profit :0.516 %
Env #:0 Genome_id # :77 Fitness :188853.47 Final Amt :3608.22 Days :236 Avg Daily Profit :0.316 %
Env #:0 Genome_id # :76 Fitness :-32311.44 Final Amt :1560.85 Days :236 Avg Daily Profit :-0.061 %
Env #:0 Genome_id # :71 Fitness :123645.75 Final Amt :3615.32 Days :236 Avg Daily Profit :0.309 %
Env #:0 Genome_id # :18 Fitness :235710.05 Final Amt :3793.59 Days :236 Avg Daily Profit :0.336 %
Env #:0 Genome_id # :75 Fitness :53473.55 Final Amt :1971.85 Days :236 Avg Daily Profit :0.038 %
Env #:0 Genome_id # :718 Fitness :248443.94 Final Amt :3765.15 Days :236 Avg Daily Profit :0.321 %
Env #:0 Genome_id # :74 Fitness :32384.17 Final Amt :2855.01 Days :236 Avg Daily Profit :0.202 %
Env #:0 Genome_id # :1042 Fitness :461592.94 Final Amt :14246.79 Days :236 Avg Daily Profit :0.876 %
Env #:0 Genome_id # :99 Fitness :261356.44 Final Amt :13486.62 Days :236 Avg Daily Profit :0.858 %
Env #:0 Genome_id # :81 Fitness :66369.49 Final Amt :2841.45 Days :236 Avg Daily Profit :0.22 %
Env #:0 Genome_id # :53 Fitness :244513.25 Final Amt :12031.96 Days :236 Avg Daily Profit :0.808 %
Env #:0 Genome_id # :83 Fitness :99009.57 Final Amt :3758.42 Days :236 Avg Daily Profit :0.326 %
Env #:0 Genome_id # :79 Fitness :-61601.04 Final Amt :985.87 Days :236 Avg Daily Profit :-0.222 %
Env #:0 Genome_id # :78 Fitness :-98859.23 Final Amt :1156.58 Days :236 Avg Daily Profit :-0.187 %
Env #:0 Genome_id # :80 Fitness :87885.22 Final Amt :3407.97 Days :236 Avg Daily Profit :0.29 %
Env #:0 Genome_id # :84 Fitness :-50896.64 Final Amt :1037.34 Days :236 Avg Daily Profit :-0.211 %
Env #:0 Genome_id # :82 Fitness :-114568.33 Final Amt :789.77 Days :236 Avg Daily Profit :-0.324 %
Env #:0 Genome_id # :90 Fitness :0.0 Final Amt :2000.0 Days :236 Avg Daily Profit :0.0 %
Env #:0 Genome_id # :91 Fitness :-89581.02 Final Amt :960.72 Days :236 Avg Daily Profit :-0.239 %
Env #:0 Genome_id # :85 Fitness :-12130.78 Final Amt :969.09 Days :236 Avg Daily Profit :-0.231 %
Env #:0 Genome_id # :87 Fitness :69428.7 Final Amt :3055.7 Days :236 Avg Daily Profit :0.22 %
Env #:0 Genome_id # :88 Fitness :14802.1 Final Amt :1591.32 Days :236 Avg Daily Profit :-0.041 %
Env #:0 Genome_id # :18 Fitness :235710.05 Final Amt :3793.59 Days :236 Avg Daily Profit :0.336 %
Env #:0 Genome_id # :718 Fitness :248443.94 Final Amt :3765.15 Days :236 Avg Daily Profit :0.321 %
Env #:0 Genome_id # :1072 Fitness :322071.3 Final Amt :5879.75 Days :236 Avg Daily Profit :0.516 %
Env #:0 Genome_id # :89 Fitness :190797.64 Final Amt :3912.63 Days :236 Avg Daily Profit :0.358 %
Env #:0 Genome_id # :86 Fitness :114084.2 Final Amt :3400.45 Days :236 Avg Daily Profit :0.28 %
Env #:0 Genome_id # :92 Fitness :237734.8 Final Amt :4522.19 Days :236 Avg Daily Profit :0.418 %
Env #:0 Genome_id # :1042 Fitness :461592.94 Final Amt :14246.79 Days :236 Avg Daily Profit :0.876 %
Env #:0 Genome_id # :53 Fitness :244513.25 Final Amt :12031.96 Days :236 Avg Daily Profit :0.808 %
Env #:0 Genome_id # :99 Fitness :261356.44 Final Amt :13486.62 Days :236 Avg Daily Profit :0.858 %
Env #:0 Genome_id # :93 Fitness :247046.12 Final Amt :3518.81 Days :236 Avg Daily Profit :0.309 %
Env #:0 Genome_id # :97 Fitness :122044.32 Final Amt :7446.77 Days :236 Avg Daily Profit :0.602 %
Env #:0 Genome_id # :95 Fitness :-10939.68 Final Amt :434.95 Days :236 Avg Daily Profit :-0.593 %
Env #:0 Genome_id # :98 Fitness :-302722.87 Final Amt :930.23 Days :236 Avg Daily Profit :-0.287 %
Env #:0 Genome_id # :94 Fitness :102305.71 Final Amt :3230.94 Days :236 Avg Daily Profit :0.26 %
Env #:0 Genome_id # :96 Fitness :-110443.57 Final Amt :769.15 Days :236 Avg Daily Profit :-0.337 %
Env #:0 Genome_id # :101 Fitness :14166.78 Final Amt :1776.93 Days :236 Avg Daily Profit :-0.012 %
Env #:0 Genome_id # :102 Fitness :59161.89 Final Amt :2977.82 Days :236 Avg Daily Profit :0.224 %
Env #:0 Genome_id # :100 Fitness :-27009.17 Final Amt :1421.63 Days :236 Avg Daily Profit :-0.11 %
Env #:0 Genome_id # :104 Fitness :-40032.34 Final Amt :1364.87 Days :236 Avg Daily Profit :-0.134 %
Env #:0 Genome_id # :1072 Fitness :322071.3 Final Amt :5879.75 Days :236 Avg Daily Profit :0.516 %
Env #:0 Genome_id # :718 Fitness :248443.94 Final Amt :3765.15 Days :236 Avg Daily Profit :0.321 %
Env #:0 Genome_id # :105 Fitness :-78473.77 Final Amt :973.99 Days :236 Avg Daily Profit :-0.253 %
Env #:0 Genome_id # :99 Fitness :261356.44 Final Amt :13486.62 Days :236 Avg Daily Profit :0.858 %
Env #:0 Genome_id # :92 Fitness :237734.8 Final Amt :4522.19 Days :236 Avg Daily Profit :0.418 %
Env #:0 Genome_id # :103 Fitness :-118043.75 Final Amt :1074.29 Days :236 Avg Daily Profit :-0.218 %
Env #:0 Genome_id # :106 Fitness :51578.24 Final Amt :3109.77 Days :236 Avg Daily Profit :0.259 %
Env #:0 Genome_id # :1042 Fitness :461592.94 Final Amt :14246.79 Days :236 Avg Daily Profit :0.876 %
Env #:0 Genome_id # :110 Fitness :-68223.19 Final Amt :1126.0 Days :236 Avg Daily Profit :-0.172 %
Env #:0 Genome_id # :109 Fitness :-72766.62 Final Amt :4772.82 Days :236 Avg Daily Profit :0.416 %
Env #:0 Genome_id # :93 Fitness :247046.12 Final Amt :3518.81 Days :236 Avg Daily Profit :0.309 %
Env #:0 Genome_id # :108 Fitness :249393.71 Final Amt :10676.06 Days :236 Avg Daily Profit :0.757 %
Env #:0 Genome_id # :107 Fitness :-80009.76 Final Amt :872.94 Days :236 Avg Daily Profit :-0.283 %
Env #:0 Genome_id # :112 Fitness :-59933.45 Final Amt :991.07 Days :236 Avg Daily Profit :-0.234 %
Env #:0 Genome_id # :111 Fitness :-83923.99 Final Amt :979.68 Days :236 Avg Daily Profit :-0.25 %
Env #:0 Genome_id # :113 Fitness :0.0 Final Amt :2000.0 Days :236 Avg Daily Profit :0.0 %
Env #:0 Genome_id # :116 Fitness :0.0 Final Amt :2000.0 Days :236 Avg Daily Profit :0.0 %
Env #:0 Genome_id # :119 Fitness :-8917.82 Final Amt :1909.5 Days :236 Avg Daily Profit :-0.011 %
Env #:0 Genome_id # :117 Fitness :-11663.96 Final Amt :1860.92 Days :236 Avg Daily Profit :-0.022 %
Env #:0 Genome_id # :1072 Fitness :322071.3 Final Amt :5879.75 Days :236 Avg Daily Profit :0.516 %
Env #:0 Genome_id # :118 Fitness :338382.75 Final Amt :5281.25 Days :236 Avg Daily Profit :0.466 %
Env #:0 Genome_id # :92 Fitness :237734.8 Final Amt :4522.19 Days :236 Avg Daily Profit :0.418 %
Env #:0 Genome_id # :718 Fitness :248443.94 Final Amt :3765.15 Days :236 Avg Daily Profit :0.321 %
Env #:0 Genome_id # :114 Fitness :92294.02 Final Amt :3269.05 Days :236 Avg Daily Profit :0.279 %
Env #:0 Genome_id # :115 Fitness :93532.75 Final Amt :3670.63 Days :236 Avg Daily Profit :0.312 %
Env #:0 Genome_id # :120 Fitness :75387.21 Final Amt :2407.6 Days :236 Avg Daily Profit :0.128 %
Env #:0 Genome_id # :99 Fitness :261356.44 Final Amt :13486.62 Days :236 Avg Daily Profit :0.858 %
Env #:0 Genome_id # :1042 Fitness :461592.94 Final Amt :14246.79 Days :236 Avg Daily Profit :0.876 %
Env #:0 Genome_id # :108 Fitness :249393.71 Final Amt :10676.06 Days :236 Avg Daily Profit :0.757 %
Env #:0 Genome_id # :122 Fitness :-42905.8 Final Amt :1197.73 Days :236 Avg Daily Profit :-0.151 %
Env #:0 Genome_id # :123 Fitness :-106647.02 Final Amt :790.8 Days :236 Avg Daily Profit :-0.325 %
Env #:0 Genome_id # :121 Fitness :-29601.69 Final Amt :1176.88 Days :236 Avg Daily Profit :-0.158 %
Env #:0 Genome_id # :125 Fitness :14238.87 Final Amt :939.07 Days :236 Avg Daily Profit :-0.28 %
Env #:0 Genome_id # :124 Fitness :-47951.78 Final Amt :1052.53 Days :236 Avg Daily Profit :-0.205 %
Env #:0 Genome_id # :126 Fitness :-111517.2 Final Amt :781.7 Days :236 Avg Daily Profit :-0.344 %
Env #:0 Genome_id # :129 Fitness :-107794.87 Final Amt :970.86 Days :236 Avg Daily Profit :-0.256 %
Env #:0 Genome_id # :128 Fitness :-82053.09 Final Amt :817.43 Days :236 Avg Daily Profit :-0.333 %
Env #:0 Genome_id # :127 Fitness :43648.17 Final Amt :2275.84 Days :236 Avg Daily Profit :0.1 %
Env #:0 Genome_id # :118 Fitness :338382.75 Final Amt :5281.25 Days :236 Avg Daily Profit :0.466 %
Env #:0 Genome_id # :718 Fitness :248443.94 Final Amt :3765.15 Days :236 Avg Daily Profit :0.321 %
Env #:0 Genome_id # :1072 Fitness :322071.3 Final Amt :5879.75 Days :236 Avg Daily Profit :0.516 %
Env #:0 Genome_id # :133 Fitness :233699.14 Final Amt :4035.15 Days :236 Avg Daily Profit :0.361 %
Env #:0 Genome_id # :131 Fitness :-104409.0 Final Amt :932.18 Days :236 Avg Daily Profit :-0.267 %
Env #:0 Genome_id # :130 Fitness :-79816.08 Final Amt :921.22 Days :236 Avg Daily Profit :-0.26 %
Env #:0 Genome_id # :132 Fitness :106104.26 Final Amt :3758.98 Days :236 Avg Daily Profit :0.328 %
Env #:0 Genome_id # :134 Fitness :-66330.37 Final Amt :1607.16 Days :236 Avg Daily Profit :-0.06 %
Env #:0 Genome_id # :1042 Fitness :461592.94 Final Amt :14246.79 Days :236 Avg Daily Profit :0.876 %
Env #:0 Genome_id # :138 Fitness :-149179.1 Final Amt :1047.55 Days :236 Avg Daily Profit :-0.22 %
Env #:0 Genome_id # :136 Fitness :-331734.1 Final Amt :625.64 Days :236 Avg Daily Profit :-0.441 %
Env #:0 Genome_id # :99 Fitness :261356.44 Final Amt :13486.62 Days :236 Avg Daily Profit :0.858 %
Env #:0 Genome_id # :108 Fitness :249393.71 Final Amt :10676.06 Days :236 Avg Daily Profit :0.757 %
Env #:0 Genome_id # :139 Fitness :118077.25 Final Amt :4516.34 Days :236 Avg Daily Profit :0.394 %
Env #:0 Genome_id # :137 Fitness :-56129.44 Final Amt :1502.42 Days :236 Avg Daily Profit :-0.073 %
Env #:0 Genome_id # :135 Fitness :-80484.11 Final Amt :868.18 Days :236 Avg Daily Profit :-0.282 %
Env #:0 Genome_id # :140 Fitness :213402.4 Final Amt :10439.37 Days :236 Avg Daily Profit :0.742 %
Env #:0 Genome_id # :143 Fitness :0.0 Final Amt :2000.0 Days :236 Avg Daily Profit :0.0 %
Env #:0 Genome_id # :142 Fitness :91046.8 Final Amt :3376.93 Days :236 Avg Daily Profit :0.284 %
Env #:0 Genome_id # :147 Fitness :-96159.86 Final Amt :797.27 Days :236 Avg Daily Profit :-0.341 %
Env #:0 Genome_id # :145 Fitness :55614.29 Final Amt :3137.04 Days :236 Avg Daily Profit :0.253 %
Env #:0 Genome_id # :1072 Fitness :322071.3 Final Amt :5879.75 Days :236 Avg Daily Profit :0.516 %
Env #:0 Genome_id # :718 Fitness :248443.94 Final Amt :3765.15 Days :236 Avg Daily Profit :0.321 %
Env #:0 Genome_id # :118 Fitness :338382.75 Final Amt :5281.25 Days :236 Avg Daily Profit :0.466 %
Env #:0 Genome_id # :144 Fitness :63743.12 Final Amt :2919.12 Days :236 Avg Daily Profit :0.209 %
Env #:0 Genome_id # :141 Fitness :121220.04 Final Amt :4301.18 Days :236 Avg Daily Profit :0.38 %
Env #:0 Genome_id # :146 Fitness :-67985.68 Final Amt :950.17 Days :236 Avg Daily Profit :-0.244 %
Env #:0 Genome_id # :1042 Fitness :461592.94 Final Amt :14246.79 Days :236 Avg Daily Profit :0.876 %
Env #:0 Genome_id # :99 Fitness :261356.44 Final Amt :13486.62 Days :236 Avg Daily Profit :0.858 %
Env #:0 Genome_id # :148 Fitness :93307.6 Final Amt :3928.47 Days :236 Avg Daily Profit :0.362 %
Env #:0 Genome_id # :108 Fitness :249393.71 Final Amt :10676.06 Days :236 Avg Daily Profit :0.757 %
Env #:0 Genome_id # :151 Fitness :48451.81 Final Amt :2470.81 Days :236 Avg Daily Profit :0.179 %
Env #:0 Genome_id # :152 Fitness :-167580.92 Final Amt :319.21 Days :236 Avg Daily Profit :-0.726 %
Env #:0 Genome_id # :149 Fitness :-73728.1 Final Amt :905.63 Days :236 Avg Daily Profit :-0.265 %
Env #:0 Genome_id # :153 Fitness :-50881.72 Final Amt :870.0 Days :236 Avg Daily Profit :-0.312 %
Env #:0 Genome_id # :150 Fitness :-20201.96 Final Amt :1134.58 Days :236 Avg Daily Profit :-0.188 %
Env #:0 Genome_id # :154 Fitness :166885.16 Final Amt :8011.25 Days :236 Avg Daily Profit :0.644 %
Env #:0 Genome_id # :155 Fitness :83551.12 Final Amt :3022.13 Days :236 Avg Daily Profit :0.236 %
Env #:0 Genome_id # :159 Fitness :-84029.71 Final Amt :984.03 Days :236 Avg Daily Profit :-0.228 %
Env #:0 Genome_id # :118 Fitness :338382.75 Final Amt :5281.25 Days :236 Avg Daily Profit :0.466 %
Env #:0 Genome_id # :157 Fitness :47169.01 Final Amt :2558.36 Days :236 Avg Daily Profit :0.153 %
Env #:0 Genome_id # :156 Fitness :28250.76 Final Amt :2003.39 Days :236 Avg Daily Profit :0.039 %
Env #:0 Genome_id # :718 Fitness :248443.94 Final Amt :3765.15 Days :236 Avg Daily Profit :0.321 %
Env #:0 Genome_id # :1072 Fitness :322071.3 Final Amt :5879.75 Days :236 Avg Daily Profit :0.516 %
Env #:0 Genome_id # :158 Fitness :177532.14 Final Amt :3864.08 Days :236 Avg Daily Profit :0.348 %
Env #:0 Genome_id # :161 Fitness :71415.08 Final Amt :3210.81 Days :236 Avg Daily Profit :0.271 %
Env #:0 Genome_id # :160 Fitness :59941.49 Final Amt :2932.39 Days :236 Avg Daily Profit :0.214 %
Env #:0 Genome_id # :165 Fitness :-2182.72 Final Amt :1946.53 Days :236 Avg Daily Profit :-0.011 %
Env #:0 Genome_id # :162 Fitness :-102600.87 Final Amt :966.71 Days :236 Avg Daily Profit :-0.253 %
Env #:0 Genome_id # :166 Fitness :-39525.61 Final Amt :1181.76 Days :236 Avg Daily Profit :-0.159 %
Env #:0 Genome_id # :1042 Fitness :461592.94 Final Amt :14246.79 Days :236 Avg Daily Profit :0.876 %
Env #:0 Genome_id # :108 Fitness :249393.71 Final Amt :10676.06 Days :236 Avg Daily Profit :0.757 %
Env #:0 Genome_id # :99 Fitness :261356.44 Final Amt :13486.62 Days :236 Avg Daily Profit :0.858 %
Env #:0 Genome_id # :164 Fitness :-38194.01 Final Amt :1233.05 Days :236 Avg Daily Profit :-0.149 %
Env #:0 Genome_id # :168 Fitness :136037.5 Final Amt :6675.09 Days :236 Avg Daily Profit :0.561 %
Env #:0 Genome_id # :163 Fitness :-66870.75 Final Amt :1048.38 Days :236 Avg Daily Profit :-0.219 %
Env #:0 Genome_id # :167 Fitness :43783.51 Final Amt :2642.44 Days :236 Avg Daily Profit :0.199 %
Env #:0 Genome_id # :173 Fitness :21069.68 Final Amt :2433.25 Days :236 Avg Daily Profit :0.1 %
Env #:0 Genome_id # :169 Fitness :57364.34 Final Amt :3082.66 Days :236 Avg Daily Profit :0.23 %
Env #:0 Genome_id # :172 Fitness :152007.68 Final Amt :3462.04 Days :236 Avg Daily Profit :0.304 %
Env #:0 Genome_id # :174 Fitness :382152.82 Final Amt :8812.26 Days :236 Avg Daily Profit :0.689 %
Env #:0 Genome_id # :118 Fitness :338382.75 Final Amt :5281.25 Days :236 Avg Daily Profit :0.466 %
Env #:0 Genome_id # :170 Fitness :-214683.76 Final Amt :1141.89 Days :236 Avg Daily Profit :-0.197 %
Env #:0 Genome_id # :1072 Fitness :322071.3 Final Amt :5879.75 Days :236 Avg Daily Profit :0.516 %
Env #:0 Genome_id # :718 Fitness :248443.94 Final Amt :3765.15 Days :236 Avg Daily Profit :0.321 %
Env #:0 Genome_id # :175 Fitness :115425.1 Final Amt :3589.25 Days :236 Avg Daily Profit :0.316 %
Env #:0 Genome_id # :171 Fitness :55136.01 Final Amt :2776.5 Days :236 Avg Daily Profit :0.195 %
Env #:0 Genome_id # :178 Fitness :-46156.28 Final Amt :1133.39 Days :236 Avg Daily Profit :-0.167 %
Env #:0 Genome_id # :99 Fitness :261356.44 Final Amt :13486.62 Days :236 Avg Daily Profit :0.858 %
Env #:0 Genome_id # :181 Fitness :-91214.41 Final Amt :855.78 Days :236 Avg Daily Profit :-0.311 %
Env #:0 Genome_id # :177 Fitness :455658.5 Final Amt :11785.72 Days :236 Avg Daily Profit :0.799 %
Env #:0 Genome_id # :1042 Fitness :461592.94 Final Amt :14246.79 Days :236 Avg Daily Profit :0.876 %
Env #:0 Genome_id # :108 Fitness :249393.71 Final Amt :10676.06 Days :236 Avg Daily Profit :0.757 %
Env #:0 Genome_id # :179 Fitness :-163649.36 Final Amt :843.19 Days :236 Avg Daily Profit :-0.301 %
Env #:0 Genome_id # :180 Fitness :67956.33 Final Amt :5022.35 Days :236 Avg Daily Profit :0.459 %
Env #:0 Genome_id # :176 Fitness :118313.39 Final Amt :9882.03 Days :236 Avg Daily Profit :0.721 %
Env #:0 Genome_id # :182 Fitness :-84264.94 Final Amt :886.06 Days :236 Avg Daily Profit :-0.277 %
Env #:0 Genome_id # :184 Fitness :-9487.29 Final Amt :1860.4 Days :236 Avg Daily Profit :-0.025 %
Env #:0 Genome_id # :187 Fitness :78929.16 Final Amt :3268.25 Days :236 Avg Daily Profit :0.25 %
Env #:0 Genome_id # :185 Fitness :-73713.54 Final Amt :983.57 Days :236 Avg Daily Profit :-0.255 %
Env #:0 Genome_id # :188 Fitness :83274.48 Final Amt :3059.25 Days :236 Avg Daily Profit :0.252 %
Env #:0 Genome_id # :186 Fitness :118045.23 Final Amt :4341.03 Days :236 Avg Daily Profit :0.381 %
Env #:0 Genome_id # :1072 Fitness :322071.3 Final Amt :5879.75 Days :236 Avg Daily Profit :0.516 %
Env #:0 Genome_id # :174 Fitness :382152.82 Final Amt :8812.26 Days :236 Avg Daily Profit :0.689 %
Env #:0 Genome_id # :118 Fitness :338382.75 Final Amt :5281.25 Days :236 Avg Daily Profit :0.466 %
Env #:0 Genome_id # :183 Fitness :124700.88 Final Amt :3635.73 Days :236 Avg Daily Profit :0.301 %
Env #:0 Genome_id # :189 Fitness :-99518.46 Final Amt :905.04 Days :236 Avg Daily Profit :-0.271 %
Env #:0 Genome_id # :190 Fitness :-78289.65 Final Amt :853.95 Days :236 Avg Daily Profit :-0.315 %
Env #:0 Genome_id # :1042 Fitness :461592.94 Final Amt :14246.79 Days :236 Avg Daily Profit :0.876 %
Env #:0 Genome_id # :99 Fitness :261356.44 Final Amt :13486.62 Days :236 Avg Daily Profit :0.858 %
Env #:0 Genome_id # :191 Fitness :-45850.82 Final Amt :1136.16 Days :236 Avg Daily Profit :-0.166 %
Env #:0 Genome_id # :177 Fitness :455658.5 Final Amt :11785.72 Days :236 Avg Daily Profit :0.799 %
Env #:0 Genome_id # :192 Fitness :23572.97 Final Amt :1586.76 Days :236 Avg Daily Profit :-0.069 %
Env #:0 Genome_id # :196 Fitness :-85819.01 Final Amt :858.76 Days :236 Avg Daily Profit :-0.289 %
Env #:0 Genome_id # :194 Fitness :-146625.01 Final Amt :962.62 Days :236 Avg Daily Profit :-0.27 %
Env #:0 Genome_id # :193 Fitness :106580.97 Final Amt :3647.95 Days :236 Avg Daily Profit :0.315 %
Env #:0 Genome_id # :195 Fitness :-63937.53 Final Amt :981.5 Days :236 Avg Daily Profit :-0.231 %
Env #:0 Genome_id # :198 Fitness :102913.95 Final Amt :3283.52 Days :236 Avg Daily Profit :0.276 %
Env #:0 Genome_id # :199 Fitness :118366.44 Final Amt :3383.71 Days :236 Avg Daily Profit :0.279 %
Env #:0 Genome_id # :174 Fitness :382152.82 Final Amt :8812.26 Days :236 Avg Daily Profit :0.689 %
Env #:0 Genome_id # :202 Fitness :214560.55 Final Amt :4058.68 Days :236 Avg Daily Profit :0.368 %
Env #:0 Genome_id # :203 Fitness :-41714.76 Final Amt :1577.72 Days :236 Avg Daily Profit :-0.08 %
Env #:0 Genome_id # :197 Fitness :38160.4 Final Amt :2535.97 Days :236 Avg Daily Profit :0.117 %
Env #:0 Genome_id # :1072 Fitness :322071.3 Final Amt :5879.75 Days :236 Avg Daily Profit :0.516 %
Env #:0 Genome_id # :118 Fitness :338382.75 Final Amt :5281.25 Days :236 Avg Daily Profit :0.466 %
Env #:0 Genome_id # :201 Fitness :56712.52 Final Amt :2809.41 Days :236 Avg Daily Profit :0.206 %
Env #:0 Genome_id # :200 Fitness :68506.29 Final Amt :3059.02 Days :236 Avg Daily Profit :0.231 %
Env #:0 Genome_id # :1042 Fitness :461592.94 Final Amt :14246.79 Days :236 Avg Daily Profit :0.876 %
Env #:0 Genome_id # :177 Fitness :455658.5 Final Amt :11785.72 Days :236 Avg Daily Profit :0.799 %
Env #:0 Genome_id # :205 Fitness :-55863.33 Final Amt :1208.51 Days :236 Avg Daily Profit :-0.181 %
Env #:0 Genome_id # :208 Fitness :-51979.8 Final Amt :1112.39 Days :236 Avg Daily Profit :-0.196 %
Env #:0 Genome_id # :206 Fitness :207329.86 Final Amt :6645.99 Days :236 Avg Daily Profit :0.571 %
Env #:0 Genome_id # :209 Fitness :-73035.04 Final Amt :1002.96 Days :236 Avg Daily Profit :-0.228 %
Env #:0 Genome_id # :99 Fitness :261356.44 Final Amt :13486.62 Days :236 Avg Daily Profit :0.858 %
Env #:0 Genome_id # :204 Fitness :79834.02 Final Amt :2748.22 Days :236 Avg Daily Profit :0.165 %
Env #:0 Genome_id # :210 Fitness :99911.79 Final Amt :3448.82 Days :236 Avg Daily Profit :0.293 %
Env #:0 Genome_id # :207 Fitness :-81910.31 Final Amt :843.05 Days :236 Avg Daily Profit :-0.3 %
Env #:0 Genome_id # :216 Fitness :0.0 Final Amt :2000.0 Days :236 Avg Daily Profit :0.0 %
Env #:0 Genome_id # :214 Fitness :96088.44 Final Amt :3692.34 Days :236 Avg Daily Profit :0.32 %
Env #:0 Genome_id # :217 Fitness :-177614.39 Final Amt :336.04 Days :236 Avg Daily Profit :-0.702 %
Env #:0 Genome_id # :1072 Fitness :322071.3 Final Amt :5879.75 Days :236 Avg Daily Profit :0.516 %
Env #:0 Genome_id # :118 Fitness :338382.75 Final Amt :5281.25 Days :236 Avg Daily Profit :0.466 %
Env #:0 Genome_id # :213 Fitness :59629.76 Final Amt :2084.71 Days :236 Avg Daily Profit :0.057 %
Env #:0 Genome_id # :174 Fitness :382152.82 Final Amt :8812.26 Days :236 Avg Daily Profit :0.689 %
Env #:0 Genome_id # :215 Fitness :262518.78 Final Amt :4498.0 Days :236 Avg Daily Profit :0.407 %
Env #:0 Genome_id # :211 Fitness :224075.58 Final Amt :5596.52 Days :236 Avg Daily Profit :0.495 %
Env #:0 Genome_id # :212 Fitness :61174.04 Final Amt :3007.65 Days :236 Avg Daily Profit :0.245 %
Env #:0 Genome_id # :218 Fitness :91076.1 Final Amt :3175.57 Days :236 Avg Daily Profit :0.266 %
Env #:0 Genome_id # :220 Fitness :139532.31 Final Amt :3060.43 Days :236 Avg Daily Profit :0.255 %
Env #:0 Genome_id # :1042 Fitness :461592.94 Final Amt :14246.79 Days :236 Avg Daily Profit :0.876 %
Env #:0 Genome_id # :222 Fitness :84230.02 Final Amt :5781.48 Days :236 Avg Daily Profit :0.476 %
Env #:0 Genome_id # :177 Fitness :455658.5 Final Amt :11785.72 Days :236 Avg Daily Profit :0.799 %
Env #:0 Genome_id # :99 Fitness :261356.44 Final Amt :13486.62 Days :236 Avg Daily Profit :0.858 %
Env #:0 Genome_id # :219 Fitness :184692.08 Final Amt :7961.58 Days :236 Avg Daily Profit :0.643 %
Env #:0 Genome_id # :221 Fitness :178141.24 Final Amt :10576.84 Days :236 Avg Daily Profit :0.75 %
Env #:0 Genome_id # :223 Fitness :-50087.81 Final Amt :1192.91 Days :236 Avg Daily Profit :-0.159 %
Env #:0 Genome_id # :224 Fitness :494156.53 Final Amt :5484.53 Days :236 Avg Daily Profit :0.484 %
Env #:0 Genome_id # :230 Fitness :0.0 Final Amt :2000.0 Days :236 Avg Daily Profit :0.0 %
Env #:0 Genome_id # :226 Fitness :45126.29 Final Amt :2921.44 Days :236 Avg Daily Profit :0.224 %
Env #:0 Genome_id # :231 Fitness :50732.5 Final Amt :1028.71 Days :236 Avg Daily Profit :-0.242 %
Env #:0 Genome_id # :229 Fitness :222164.31 Final Amt :3047.88 Days :236 Avg Daily Profit :0.238 %
Env #:0 Genome_id # :228 Fitness :101565.53 Final Amt :2557.43 Days :236 Avg Daily Profit :0.162 %
Env #:0 Genome_id # :227 Fitness :-96990.55 Final Amt :850.1 Days :236 Avg Daily Profit :-0.31 %
Env #:0 Genome_id # :1072 Fitness :322071.3 Final Amt :5879.75 Days :236 Avg Daily Profit :0.516 %
Env #:0 Genome_id # :118 Fitness :338382.75 Final Amt :5281.25 Days :236 Avg Daily Profit :0.466 %
Env #:0 Genome_id # :174 Fitness :382152.82 Final Amt :8812.26 Days :236 Avg Daily Profit :0.689 %
Env #:0 Genome_id # :225 Fitness :-90084.3 Final Amt :879.98 Days :236 Avg Daily Profit :-0.286 %
Env #:0 Genome_id # :224 Fitness :494156.53 Final Amt :5484.53 Days :236 Avg Daily Profit :0.484 %
Env #:0 Genome_id # :235 Fitness :42686.95 Final Amt :2538.95 Days :236 Avg Daily Profit :0.114 %
Env #:0 Genome_id # :237 Fitness :43766.37 Final Amt :3584.33 Days :236 Avg Daily Profit :0.32 %
Env #:0 Genome_id # :177 Fitness :455658.5 Final Amt :11785.72 Days :236 Avg Daily Profit :0.799 %
Env #:0 Genome_id # :233 Fitness :110225.2 Final Amt :4707.08 Days :236 Avg Daily Profit :0.447 %
Env #:0 Genome_id # :1042 Fitness :461592.94 Final Amt :14246.79 Days :236 Avg Daily Profit :0.876 %
Env #:0 Genome_id # :234 Fitness :-56262.62 Final Amt :999.41 Days :236 Avg Daily Profit :-0.232 %
Env #:0 Genome_id # :236 Fitness :-52767.49 Final Amt :2493.82 Days :236 Avg Daily Profit :0.164 %
Env #:0 Genome_id # :232 Fitness :127221.6 Final Amt :3176.28 Days :236 Avg Daily Profit :0.256 %
Env #:0 Genome_id # :238 Fitness :-145909.3 Final Amt :924.9 Days :236 Avg Daily Profit :-0.279 %
Env #:0 Genome_id # :240 Fitness :54337.09 Final Amt :2749.21 Days :236 Avg Daily Profit :0.207 %
Env #:0 Genome_id # :243 Fitness :-57703.7 Final Amt :1029.91 Days :236 Avg Daily Profit :-0.231 %
Env #:0 Genome_id # :224 Fitness :494156.53 Final Amt :5484.53 Days :236 Avg Daily Profit :0.484 %
Env #:0 Genome_id # :1072 Fitness :322071.3 Final Amt :5879.75 Days :236 Avg Daily Profit :0.516 %
Env #:0 Genome_id # :174 Fitness :382152.82 Final Amt :8812.26 Days :236 Avg Daily Profit :0.689 %
Env #:0 Genome_id # :118 Fitness :338382.75 Final Amt :5281.25 Days :236 Avg Daily Profit :0.466 %
Env #:0 Genome_id # :239 Fitness :118188.57 Final Amt :4189.47 Days :236 Avg Daily Profit :0.356 %
Env #:0 Genome_id # :242 Fitness :-35670.96 Final Amt :1367.44 Days :236 Avg Daily Profit :-0.115 %
Env #:0 Genome_id # :244 Fitness :-101597.11 Final Amt :836.11 Days :236 Avg Daily Profit :-0.312 %
Env #:0 Genome_id # :241 Fitness :-88818.99 Final Amt :862.53 Days :236 Avg Daily Profit :-0.285 %
Env #:0 Genome_id # :246 Fitness :-74177.63 Final Amt :961.74 Days :236 Avg Daily Profit :-0.24 %
Env #:0 Genome_id # :1042 Fitness :461592.94 Final Amt :14246.79 Days :236 Avg Daily Profit :0.876 %
Env #:0 Genome_id # :177 Fitness :455658.5 Final Amt :11785.72 Days :236 Avg Daily Profit :0.799 %
Env #:0 Genome_id # :245 Fitness :370225.63 Final Amt :5280.84 Days :236 Avg Daily Profit :0.476 %
Env #:0 Genome_id # :248 Fitness :225107.78 Final Amt :12298.77 Days :236 Avg Daily Profit :0.822 %
Env #:0 Genome_id # :250 Fitness :-170647.26 Final Amt :3020.48 Days :236 Avg Daily Profit :0.2 %
Env #:0 Genome_id # :249 Fitness :14333.45 Final Amt :1984.72 Days :236 Avg Daily Profit :0.03 %
Env #:0 Genome_id # :247 Fitness :116725.86 Final Amt :3903.57 Days :236 Avg Daily Profit :0.339 %
Env #:0 Genome_id # :252 Fitness :109994.98 Final Amt :3591.97 Days :236 Avg Daily Profit :0.307 %
Env #:0 Genome_id # :251 Fitness :86861.12 Final Amt :3280.98 Days :236 Avg Daily Profit :0.271 %
Env #:0 Genome_id # :255 Fitness :141490.66 Final Amt :3662.7 Days :236 Avg Daily Profit :0.315 %
Env #:0 Genome_id # :224 Fitness :494156.53 Final Amt :5484.53 Days :236 Avg Daily Profit :0.484 %
Env #:0 Genome_id # :118 Fitness :338382.75 Final Amt :5281.25 Days :236 Avg Daily Profit :0.466 %
Env #:0 Genome_id # :174 Fitness :382152.82 Final Amt :8812.26 Days :236 Avg Daily Profit :0.689 %
Env #:0 Genome_id # :1072 Fitness :322071.3 Final Amt :5879.75 Days :236 Avg Daily Profit :0.516 %
Env #:0 Genome_id # :1042 Fitness :461592.94 Final Amt :14246.79 Days :236 Avg Daily Profit :0.876 %
Env #:0 Genome_id # :253 Fitness :43299.25 Final Amt :2874.75 Days :236 Avg Daily Profit :0.2 %
Env #:0 Genome_id # :257 Fitness :-58752.88 Final Amt :1069.63 Days :236 Avg Daily Profit :-0.224 %
Env #:0 Genome_id # :256 Fitness :178724.78 Final Amt :3836.86 Days :236 Avg Daily Profit :0.343 %
Env #:0 Genome_id # :254 Fitness :62145.55 Final Amt :2413.38 Days :236 Avg Daily Profit :0.138 %
Env #:0 Genome_id # :260 Fitness :62519.8 Final Amt :4030.26 Days :236 Avg Daily Profit :0.372 %
Env #:0 Genome_id # :266 Fitness :125769.52 Final Amt :4416.19 Days :236 Avg Daily Profit :0.364 %
Env #:0 Genome_id # :177 Fitness :455658.5 Final Amt :11785.72 Days :236 Avg Daily Profit :0.799 %
Env #:0 Genome_id # :262 Fitness :273153.38 Final Amt :4818.97 Days :236 Avg Daily Profit :0.439 %
Env #:0 Genome_id # :265 Fitness :124433.02 Final Amt :3205.11 Days :236 Avg Daily Profit :0.271 %
Env #:0 Genome_id # :264 Fitness :226991.93 Final Amt :4949.22 Days :236 Avg Daily Profit :0.454 %
Env #:0 Genome_id # :259 Fitness :85793.22 Final Amt :3522.48 Days :236 Avg Daily Profit :0.312 %
Env #:0 Genome_id # :263 Fitness :446242.2 Final Amt :3832.48 Days :236 Avg Daily Profit :0.335 %
Env #:0 Genome_id # :258 Fitness :-14389.82 Final Amt :2731.36 Days :236 Avg Daily Profit :0.171 %
Env #:0 Genome_id # :261 Fitness :-201731.74 Final Amt :785.27 Days :236 Avg Daily Profit :-0.349 %
Env #:0 Genome_id # :270 Fitness :0.0 Final Amt :2000.0 Days :236 Avg Daily Profit :0.0 %
Env #:0 Genome_id # :268 Fitness :53599.24 Final Amt :2706.6 Days :236 Avg Daily Profit :0.191 %
Env #:0 Genome_id # :272 Fitness :-85012.57 Final Amt :792.15 Days :236 Avg Daily Profit :-0.346 %
Env #:0 Genome_id # :224 Fitness :494156.53 Final Amt :5484.53 Days :236 Avg Daily Profit :0.484 %
Env #:0 Genome_id # :174 Fitness :382152.82 Final Amt :8812.26 Days :236 Avg Daily Profit :0.689 %
Env #:0 Genome_id # :118 Fitness :338382.75 Final Amt :5281.25 Days :236 Avg Daily Profit :0.466 %
Env #:0 Genome_id # :267 Fitness :262941.88 Final Amt :4104.12 Days :236 Avg Daily Profit :0.363 %
Env #:0 Genome_id # :1072 Fitness :322071.3 Final Amt :5879.75 Days :236 Avg Daily Profit :0.516 %
Env #:0 Genome_id # :269 Fitness :79082.41 Final Amt :3052.98 Days :236 Avg Daily Profit :0.244 %
Env #:0 Genome_id # :271 Fitness :-147053.81 Final Amt :836.28 Days :236 Avg Daily Profit :-0.326 %
Env #:0 Genome_id # :1042 Fitness :461592.94 Final Amt :14246.79 Days :236 Avg Daily Profit :0.876 %
Env #:0 Genome_id # :177 Fitness :455658.5 Final Amt :11785.72 Days :236 Avg Daily Profit :0.799 %
Env #:0 Genome_id # :274 Fitness :-158924.9 Final Amt :2680.95 Days :236 Avg Daily Profit :0.15 %
Env #:0 Genome_id # :273 Fitness :100622.97 Final Amt :9595.02 Days :236 Avg Daily Profit :0.702 %
Env #:0 Genome_id # :278 Fitness :554966.84 Final Amt :9584.97 Days :236 Avg Daily Profit :0.731 %
Env #:0 Genome_id # :276 Fitness :-134493.89 Final Amt :890.88 Days :236 Avg Daily Profit :-0.283 %
Env #:0 Genome_id # :279 Fitness :-12204.12 Final Amt :968.76 Days :236 Avg Daily Profit :-0.261 %
Env #:0 Genome_id # :277 Fitness :249346.84 Final Amt :12200.08 Days :236 Avg Daily Profit :0.812 %
Env #:0 Genome_id # :275 Fitness :86331.98 Final Amt :3543.05 Days :236 Avg Daily Profit :0.305 %
Env #:0 Genome_id # :280 Fitness :-134087.4 Final Amt :913.86 Days :236 Avg Daily Profit :-0.279 %
Env #:0 Genome_id # :285 Fitness :-348.09 Final Amt :1992.82 Days :236 Avg Daily Profit :-0.002 %
Env #:0 Genome_id # :284 Fitness :-8294.85 Final Amt :1940.13 Days :236 Avg Daily Profit :-0.012 %
Env #:0 Genome_id # :281 Fitness :-12961.54 Final Amt :1633.44 Days :236 Avg Daily Profit :-0.052 %
Env #:0 Genome_id # :283 Fitness :-69881.13 Final Amt :1000.36 Days :236 Avg Daily Profit :-0.244 %
Env #:0 Genome_id # :118 Fitness :338382.75 Final Amt :5281.25 Days :236 Avg Daily Profit :0.466 %
Env #:0 Genome_id # :282 Fitness :189790.03 Final Amt :4041.42 Days :236 Avg Daily Profit :0.361 %
Env #:0 Genome_id # :287 Fitness :356807.26 Final Amt :5775.57 Days :236 Avg Daily Profit :0.508 %
Env #:0 Genome_id # :1072 Fitness :322071.3 Final Amt :5879.75 Days :236 Avg Daily Profit :0.516 %
Env #:0 Genome_id # :174 Fitness :382152.82 Final Amt :8812.26 Days :236 Avg Daily Profit :0.689 %
Env #:0 Genome_id # :286 Fitness :-84499.61 Final Amt :894.54 Days :236 Avg Daily Profit :-0.289 %
Env #:0 Genome_id # :224 Fitness :494156.53 Final Amt :5484.53 Days :236 Avg Daily Profit :0.484 %
Env #:0 Genome_id # :278 Fitness :554966.84 Final Amt :9584.97 Days :236 Avg Daily Profit :0.731 %
Env #:0 Genome_id # :1042 Fitness :461592.94 Final Amt :14246.79 Days :236 Avg Daily Profit :0.876 %
Env #:0 Genome_id # :289 Fitness :325436.05 Final Amt :3614.5 Days :236 Avg Daily Profit :0.319 %
Env #:0 Genome_id # :293 Fitness :-41661.17 Final Amt :1160.54 Days :236 Avg Daily Profit :-0.17 %
Env #:0 Genome_id # :292 Fitness :-136907.93 Final Amt :855.11 Days :236 Avg Daily Profit :-0.31 %
Env #:0 Genome_id # :288 Fitness :153247.88 Final Amt :3939.09 Days :236 Avg Daily Profit :0.351 %
Env #:0 Genome_id # :291 Fitness :-48719.09 Final Amt :1160.94 Days :236 Avg Daily Profit :-0.204 %
Env #:0 Genome_id # :290 Fitness :38320.46 Final Amt :1930.18 Days :236 Avg Daily Profit :0.032 %
Env #:0 Genome_id # :294 Fitness :139094.8 Final Amt :3260.05 Days :236 Avg Daily Profit :0.271 %
Env #:0 Genome_id # :295 Fitness :178470.58 Final Amt :3717.98 Days :236 Avg Daily Profit :0.329 %
Env #:0 Genome_id # :298 Fitness :-27733.9 Final Amt :770.3 Days :236 Avg Daily Profit :-0.361 %
Env #:0 Genome_id # :297 Fitness :-13460.78 Final Amt :2296.03 Days :236 Avg Daily Profit :0.098 %
Env #:0 Genome_id # :278 Fitness :554966.84 Final Amt :9584.97 Days :236 Avg Daily Profit :0.731 %
Env #:0 Genome_id # :287 Fitness :356807.26 Final Amt :5775.57 Days :236 Avg Daily Profit :0.508 %
Env #:0 Genome_id # :118 Fitness :338382.75 Final Amt :5281.25 Days :236 Avg Daily Profit :0.466 %
Env #:0 Genome_id # :174 Fitness :382152.82 Final Amt :8812.26 Days :236 Avg Daily Profit :0.689 %
Env #:0 Genome_id # :296 Fitness :-120151.89 Final Amt :844.78 Days :236 Avg Daily Profit :-0.295 %
Env #:0 Genome_id # :299 Fitness :218616.31 Final Amt :3390.37 Days :236 Avg Daily Profit :0.279 %
Env #:0 Genome_id # :300 Fitness :-182622.19 Final Amt :745.35 Days :236 Avg Daily Profit :-0.368 %
Env #:0 Genome_id # :302 Fitness :154690.75 Final Amt :3366.57 Days :236 Avg Daily Profit :0.28 %
Env #:0 Genome_id # :307 Fitness :73043.99 Final Amt :3221.91 Days :236 Avg Daily Profit :0.233 %
Env #:0 Genome_id # :301 Fitness :104381.71 Final Amt :2667.72 Days :236 Avg Daily Profit :0.186 %
Env #:0 Genome_id # :304 Fitness :80350.08 Final Amt :3284.72 Days :236 Avg Daily Profit :0.28 %
Env #:0 Genome_id # :1042 Fitness :461592.94 Final Amt :14246.79 Days :236 Avg Daily Profit :0.876 %
Env #:0 Genome_id # :224 Fitness :494156.53 Final Amt :5484.53 Days :236 Avg Daily Profit :0.484 %
Env #:0 Genome_id # :306 Fitness :106650.3 Final Amt :3677.94 Days :236 Avg Daily Profit :0.33 %
Env #:0 Genome_id # :305 Fitness :304460.38 Final Amt :8633.54 Days :236 Avg Daily Profit :0.68 %
Env #:0 Genome_id # :303 Fitness :207319.92 Final Amt :3572.84 Days :236 Avg Daily Profit :0.323 %
Env #:0 Genome_id # :308 Fitness :-32430.23 Final Amt :1660.61 Days :236 Avg Daily Profit :-0.04 %
Env #:0 Genome_id # :310 Fitness :95321.31 Final Amt :3839.72 Days :236 Avg Daily Profit :0.297 %
Env #:0 Genome_id # :287 Fitness :356807.26 Final Amt :5775.57 Days :236 Avg Daily Profit :0.508 %
Env #:0 Genome_id # :309 Fitness :-73063.87 Final Amt :1192.43 Days :236 Avg Daily Profit :-0.168 %
Env #:0 Genome_id # :224 Fitness :494156.53 Final Amt :5484.53 Days :236 Avg Daily Profit :0.484 %
Env #:0 Genome_id # :278 Fitness :554966.84 Final Amt :9584.97 Days :236 Avg Daily Profit :0.731 %
Env #:0 Genome_id # :174 Fitness :382152.82 Final Amt :8812.26 Days :236 Avg Daily Profit :0.689 %
Env #:0 Genome_id # :118 Fitness :338382.75 Final Amt :5281.25 Days :236 Avg Daily Profit :0.466 %
Env #:0 Genome_id # :313 Fitness :87927.12 Final Amt :4910.1 Days :236 Avg Daily Profit :0.444 %
Env #:0 Genome_id # :312 Fitness :56359.6 Final Amt :2497.27 Days :236 Avg Daily Profit :0.145 %
Env #:0 Genome_id # :311 Fitness :71296.58 Final Amt :3051.73 Days :236 Avg Daily Profit :0.239 %
Env #:0 Genome_id # :322 Fitness :4487.03 Final Amt :2050.17 Days :236 Avg Daily Profit :0.012 %
Env #:0 Genome_id # :1042 Fitness :461592.94 Final Amt :14246.79 Days :236 Avg Daily Profit :0.876 %
Env #:0 Genome_id # :314 Fitness :436988.12 Final Amt :7098.23 Days :236 Avg Daily Profit :0.588 %
Env #:0 Genome_id # :315 Fitness :220614.18 Final Amt :3698.84 Days :236 Avg Daily Profit :0.318 %
Env #:0 Genome_id # :319 Fitness :185922.34 Final Amt :9087.39 Days :236 Avg Daily Profit :0.707 %
Env #:0 Genome_id # :318 Fitness :-95987.33 Final Amt :741.83 Days :236 Avg Daily Profit :-0.343 %
Env #:0 Genome_id # :320 Fitness :239655.91 Final Amt :3671.14 Days :236 Avg Daily Profit :0.324 %
Env #:0 Genome_id # :316 Fitness :423748.58 Final Amt :8430.48 Days :236 Avg Daily Profit :0.637 %
Env #:0 Genome_id # :321 Fitness :107201.5 Final Amt :7520.66 Days :236 Avg Daily Profit :0.623 %
Env #:0 Genome_id # :317 Fitness :54972.2 Final Amt :4077.27 Days :236 Avg Daily Profit :0.372 %
Env #:0 Genome_id # :325 Fitness :0.0 Final Amt :2000.0 Days :236 Avg Daily Profit :0.0 %
Env #:0 Genome_id # :328 Fitness :0.0 Final Amt :2000.0 Days :236 Avg Daily Profit :0.0 %
Env #:0 Genome_id # :326 Fitness :77868.51 Final Amt :3263.4 Days :236 Avg Daily Profit :0.232 %
Env #:0 Genome_id # :327 Fitness :-39131.64 Final Amt :1121.41 Days :236 Avg Daily Profit :-0.173 %
Env #:0 Genome_id # :323 Fitness :98922.79 Final Amt :2870.87 Days :236 Avg Daily Profit :0.212 %
Env #:0 Genome_id # :287 Fitness :356807.26 Final Amt :5775.57 Days :236 Avg Daily Profit :0.508 %
Env #:0 Genome_id # :278 Fitness :554966.84 Final Amt :9584.97 Days :236 Avg Daily Profit :0.731 %
Env #:0 Genome_id # :174 Fitness :382152.82 Final Amt :8812.26 Days :236 Avg Daily Profit :0.689 %
Env #:0 Genome_id # :118 Fitness :338382.75 Final Amt :5281.25 Days :236 Avg Daily Profit :0.466 %
Env #:0 Genome_id # :324 Fitness :288556.56 Final Amt :4306.18 Days :236 Avg Daily Profit :0.377 %
Env #:0 Genome_id # :224 Fitness :494156.53 Final Amt :5484.53 Days :236 Avg Daily Profit :0.484 %
Env #:0 Genome_id # :1042 Fitness :461592.94 Final Amt :14246.79 Days :236 Avg Daily Profit :0.876 %
Env #:0 Genome_id # :335 Fitness :-7185.47 Final Amt :1881.65 Days :236 Avg Daily Profit :-0.024 %
Env #:0 Genome_id # :329 Fitness :-144837.11 Final Amt :923.74 Days :236 Avg Daily Profit :-0.285 %
Env #:0 Genome_id # :333 Fitness :-76101.79 Final Amt :939.53 Days :236 Avg Daily Profit :-0.254 %
Env #:0 Genome_id # :334 Fitness :159830.55 Final Amt :3542.08 Days :236 Avg Daily Profit :0.317 %
Env #:0 Genome_id # :330 Fitness :130906.6 Final Amt :4240.38 Days :236 Avg Daily Profit :0.395 %
Env #:0 Genome_id # :331 Fitness :-55335.53 Final Amt :2365.76 Days :236 Avg Daily Profit :0.12 %
Env #:0 Genome_id # :336 Fitness :-232495.01 Final Amt :410.87 Days :236 Avg Daily Profit :-0.618 %
Env #:0 Genome_id # :332 Fitness :-106903.31 Final Amt :1035.88 Days :236 Avg Daily Profit :-0.246 %
Env #:0 Genome_id # :339 Fitness :-67303.66 Final Amt :1202.13 Days :236 Avg Daily Profit :-0.182 %
Env #:0 Genome_id # :343 Fitness :98875.57 Final Amt :3351.83 Days :236 Avg Daily Profit :0.255 %
Env #:0 Genome_id # :287 Fitness :356807.26 Final Amt :5775.57 Days :236 Avg Daily Profit :0.508 %
Env #:0 Genome_id # :174 Fitness :382152.82 Final Amt :8812.26 Days :236 Avg Daily Profit :0.689 %
Env #:0 Genome_id # :118 Fitness :338382.75 Final Amt :5281.25 Days :236 Avg Daily Profit :0.466 %
Env #:0 Genome_id # :338 Fitness :-119024.42 Final Amt :792.06 Days :236 Avg Daily Profit :-0.337 %
Env #:0 Genome_id # :341 Fitness :25023.85 Final Amt :2575.55 Days :236 Avg Daily Profit :0.152 %
Env #:0 Genome_id # :342 Fitness :-43094.15 Final Amt :1269.76 Days :236 Avg Daily Profit :-0.165 %
Env #:0 Genome_id # :337 Fitness :-167685.63 Final Amt :771.83 Days :236 Avg Daily Profit :-0.338 %
Env #:0 Genome_id # :340 Fitness :123315.37 Final Amt :3452.99 Days :236 Avg Daily Profit :0.291 %
Env #:0 Genome_id # :344 Fitness :-275984.98 Final Amt :990.44 Days :236 Avg Daily Profit :-0.255 %
Env #:0 Genome_id # :278 Fitness :554966.84 Final Amt :9584.97 Days :236 Avg Daily Profit :0.731 %
Env #:0 Genome_id # :224 Fitness :494156.53 Final Amt :5484.53 Days :236 Avg Daily Profit :0.484 %
Env #:0 Genome_id # :346 Fitness :-142409.22 Final Amt :927.71 Days :236 Avg Daily Profit :-0.26 %
Env #:0 Genome_id # :349 Fitness :-33854.0 Final Amt :1155.07 Days :236 Avg Daily Profit :-0.158 %
Env #:0 Genome_id # :1042 Fitness :461592.94 Final Amt :14246.79 Days :236 Avg Daily Profit :0.876 %
Env #:0 Genome_id # :350 Fitness :5007.59 Final Amt :1902.12 Days :236 Avg Daily Profit :0.0 %
Env #:0 Genome_id # :347 Fitness :227155.02 Final Amt :8942.6 Days :236 Avg Daily Profit :0.69 %
Env #:0 Genome_id # :345 Fitness :111420.7 Final Amt :3133.59 Days :236 Avg Daily Profit :0.256 %
Env #:0 Genome_id # :348 Fitness :75892.29 Final Amt :2954.61 Days :236 Avg Daily Profit :0.22 %
Env #:0 Genome_id # :353 Fitness :66666.78 Final Amt :2890.34 Days :236 Avg Daily Profit :0.211 %
Env #:0 Genome_id # :354 Fitness :117158.28 Final Amt :3243.0 Days :236 Avg Daily Profit :0.278 %
Env #:0 Genome_id # :278 Fitness :554966.84 Final Amt :9584.97 Days :236 Avg Daily Profit :0.731 %
Env #:0 Genome_id # :118 Fitness :338382.75 Final Amt :5281.25 Days :236 Avg Daily Profit :0.466 %
Env #:0 Genome_id # :287 Fitness :356807.26 Final Amt :5775.57 Days :236 Avg Daily Profit :0.508 %
Env #:0 Genome_id # :174 Fitness :382152.82 Final Amt :8812.26 Days :236 Avg Daily Profit :0.689 %
Env #:0 Genome_id # :351 Fitness :245147.81 Final Amt :4155.5 Days :236 Avg Daily Profit :0.374 %
Env #:0 Genome_id # :355 Fitness :-126149.53 Final Amt :792.31 Days :236 Avg Daily Profit :-0.324 %
Env #:0 Genome_id # :356 Fitness :172206.82 Final Amt :3119.12 Days :236 Avg Daily Profit :0.24 %
Env #:0 Genome_id # :352 Fitness :77397.51 Final Amt :3540.56 Days :236 Avg Daily Profit :0.312 %
Env #:0 Genome_id # :358 Fitness :146006.17 Final Amt :3185.27 Days :236 Avg Daily Profit :0.277 %
Env #:0 Genome_id # :224 Fitness :494156.53 Final Amt :5484.53 Days :236 Avg Daily Profit :0.484 %
Env #:0 Genome_id # :364 Fitness :-20248.16 Final Amt :1714.16 Days :236 Avg Daily Profit :-0.06 %
Env #:0 Genome_id # :1042 Fitness :461592.94 Final Amt :14246.79 Days :236 Avg Daily Profit :0.876 %
Env #:0 Genome_id # :357 Fitness :-7973.46 Final Amt :1320.21 Days :236 Avg Daily Profit :-0.134 %
Env #:0 Genome_id # :359 Fitness :-79383.5 Final Amt :818.38 Days :236 Avg Daily Profit :-0.318 %
Env #:0 Genome_id # :361 Fitness :184011.64 Final Amt :5776.76 Days :236 Avg Daily Profit :0.481 %
Env #:0 Genome_id # :362 Fitness :301258.84 Final Amt :10565.21 Days :236 Avg Daily Profit :0.75 %
Env #:0 Genome_id # :363 Fitness :-30416.74 Final Amt :1300.21 Days :236 Avg Daily Profit :-0.145 %
Env #:0 Genome_id # :360 Fitness :-84908.21 Final Amt :852.86 Days :236 Avg Daily Profit :-0.29 %
Env #:0 Genome_id # :366 Fitness :-2355.34 Final Amt :1949.99 Days :236 Avg Daily Profit :-0.01 %
Env #:0 Genome_id # :370 Fitness :0.0 Final Amt :2000.0 Days :236 Avg Daily Profit :0.0 %
Env #:0 Genome_id # :368 Fitness :-859.05 Final Amt :2022.39 Days :236 Avg Daily Profit :0.005 %
Env #:0 Genome_id # :367 Fitness :29373.13 Final Amt :2262.46 Days :236 Avg Daily Profit :0.073 %
Env #:0 Genome_id # :371 Fitness :243032.55 Final Amt :5508.12 Days :236 Avg Daily Profit :0.499 %
Env #:0 Genome_id # :369 Fitness :-86723.66 Final Amt :904.2 Days :236 Avg Daily Profit :-0.284 %
Env #:0 Genome_id # :287 Fitness :356807.26 Final Amt :5775.57 Days :236 Avg Daily Profit :0.508 %
Env #:0 Genome_id # :365 Fitness :46589.07 Final Amt :2111.93 Days :236 Avg Daily Profit :0.044 %
Env #:0 Genome_id # :174 Fitness :382152.82 Final Amt :8812.26 Days :236 Avg Daily Profit :0.689 %
Env #:0 Genome_id # :118 Fitness :338382.75 Final Amt :5281.25 Days :236 Avg Daily Profit :0.466 %
Env #:0 Genome_id # :278 Fitness :554966.84 Final Amt :9584.97 Days :236 Avg Daily Profit :0.731 %
Env #:0 Genome_id # :224 Fitness :494156.53 Final Amt :5484.53 Days :236 Avg Daily Profit :0.484 %
Env #:0 Genome_id # :1042 Fitness :461592.94 Final Amt :14246.79 Days :236 Avg Daily Profit :0.876 %
Env #:0 Genome_id # :373 Fitness :-61750.54 Final Amt :1117.69 Days :236 Avg Daily Profit :-0.198 %
Env #:0 Genome_id # :375 Fitness :-26783.33 Final Amt :1116.33 Days :236 Avg Daily Profit :-0.181 %
Env #:0 Genome_id # :372 Fitness :75718.48 Final Amt :4410.07 Days :236 Avg Daily Profit :0.394 %
Env #:0 Genome_id # :374 Fitness :-78882.84 Final Amt :923.19 Days :236 Avg Daily Profit :-0.278 %
Env #:0 Genome_id # :376 Fitness :87543.02 Final Amt :3577.36 Days :236 Avg Daily Profit :0.307 %
Env #:0 Genome_id # :377 Fitness :-99993.22 Final Amt :1080.37 Days :236 Avg Daily Profit :-0.213 %
Env #:0 Genome_id # :378 Fitness :60937.48 Final Amt :2677.1 Days :236 Avg Daily Profit :0.193 %
Env #:0 Genome_id # :384 Fitness :64811.5 Final Amt :3181.48 Days :236 Avg Daily Profit :0.251 %
Env #:0 Genome_id # :380 Fitness :80398.96 Final Amt :2830.4 Days :236 Avg Daily Profit :0.215 %
Env #:0 Genome_id # :278 Fitness :554966.84 Final Amt :9584.97 Days :236 Avg Daily Profit :0.731 %
Env #:0 Genome_id # :382 Fitness :-118686.11 Final Amt :843.89 Days :236 Avg Daily Profit :-0.31 %
Env #:0 Genome_id # :287 Fitness :356807.26 Final Amt :5775.57 Days :236 Avg Daily Profit :0.508 %
Env #:0 Genome_id # :379 Fitness :103277.06 Final Amt :3905.26 Days :236 Avg Daily Profit :0.322 %
Env #:0 Genome_id # :174 Fitness :382152.82 Final Amt :8812.26 Days :236 Avg Daily Profit :0.689 %
Env #:0 Genome_id # :383 Fitness :22787.11 Final Amt :2690.07 Days :236 Avg Daily Profit :0.153 %
Env #:0 Genome_id # :381 Fitness :-100294.55 Final Amt :961.19 Days :236 Avg Daily Profit :-0.242 %
Env #:0 Genome_id # :118 Fitness :338382.75 Final Amt :5281.25 Days :236 Avg Daily Profit :0.466 %
Env #:0 Genome_id # :224 Fitness :494156.53 Final Amt :5484.53 Days :236 Avg Daily Profit :0.484 %
Env #:0 Genome_id # :1042 Fitness :461592.94 Final Amt :14246.79 Days :236 Avg Daily Profit :0.876 %
Env #:0 Genome_id # :388 Fitness :201166.9 Final Amt :3145.15 Days :236 Avg Daily Profit :0.256 %
Env #:0 Genome_id # :386 Fitness :258997.54 Final Amt :12757.54 Days :236 Avg Daily Profit :0.838 %
Env #:0 Genome_id # :387 Fitness :381162.32 Final Amt :12408.21 Days :236 Avg Daily Profit :0.817 %
Env #:0 Genome_id # :389 Fitness :122260.04 Final Amt :3231.05 Days :236 Avg Daily Profit :0.248 %
Env #:0 Genome_id # :391 Fitness :-50459.3 Final Amt :5581.74 Days :236 Avg Daily Profit :0.468 %
Env #:0 Genome_id # :385 Fitness :-94613.76 Final Amt :678.51 Days :236 Avg Daily Profit :-0.382 %
Env #:0 Genome_id # :392 Fitness :268371.59 Final Amt :3304.46 Days :236 Avg Daily Profit :0.293 %
Env #:0 Genome_id # :390 Fitness :-108526.47 Final Amt :749.04 Days :236 Avg Daily Profit :-0.346 %
Env #:0 Genome_id # :396 Fitness :0.0 Final Amt :2000.0 Days :236 Avg Daily Profit :0.0 %
Env #:0 Genome_id # :118 Fitness :338382.75 Final Amt :5281.25 Days :236 Avg Daily Profit :0.466 %
Env #:0 Genome_id # :287 Fitness :356807.26 Final Amt :5775.57 Days :236 Avg Daily Profit :0.508 %
Env #:0 Genome_id # :395 Fitness :62495.03 Final Amt :2922.08 Days :236 Avg Daily Profit :0.216 %
Env #:0 Genome_id # :393 Fitness :64401.48 Final Amt :2931.8 Days :236 Avg Daily Profit :0.231 %
Env #:0 Genome_id # :397 Fitness :-58554.96 Final Amt :1039.19 Days :236 Avg Daily Profit :-0.215 %
Env #:0 Genome_id # :174 Fitness :382152.82 Final Amt :8812.26 Days :236 Avg Daily Profit :0.689 %
Env #:0 Genome_id # :224 Fitness :494156.53 Final Amt :5484.53 Days :236 Avg Daily Profit :0.484 %
Env #:0 Genome_id # :278 Fitness :554966.84 Final Amt :9584.97 Days :236 Avg Daily Profit :0.731 %
Env #:0 Genome_id # :394 Fitness :242470.03 Final Amt :5380.31 Days :236 Avg Daily Profit :0.486 %
Env #:0 Genome_id # :1042 Fitness :461592.94 Final Amt :14246.79 Days :236 Avg Daily Profit :0.876 %
Env #:0 Genome_id # :399 Fitness :98292.91 Final Amt :3204.08 Days :236 Avg Daily Profit :0.274 %
Env #:0 Genome_id # :402 Fitness :-56142.17 Final Amt :1449.01 Days :236 Avg Daily Profit :-0.104 %
Env #:0 Genome_id # :398 Fitness :-99747.55 Final Amt :807.53 Days :236 Avg Daily Profit :-0.316 %
Env #:0 Genome_id # :401 Fitness :157911.18 Final Amt :3182.23 Days :236 Avg Daily Profit :0.262 %
Env #:0 Genome_id # :400 Fitness :-187688.56 Final Amt :328.59 Days :236 Avg Daily Profit :-0.704 %
Env #:0 Genome_id # :405 Fitness :92555.39 Final Amt :7257.8 Days :236 Avg Daily Profit :0.584 %
Env #:0 Genome_id # :406 Fitness :-256010.63 Final Amt :933.38 Days :236 Avg Daily Profit :-0.265 %
Env #:0 Genome_id # :403 Fitness :174898.59 Final Amt :4557.35 Days :236 Avg Daily Profit :0.372 %
Env #:0 Genome_id # :404 Fitness :109403.21 Final Amt :4380.17 Days :236 Avg Daily Profit :0.389 %
