Training Logger!
Env #:0 Genome_id # :242 Fitness :17333.01 Final Amt :5959.74 Days :236 Avg Daily Profit :0.481 %
Env #:0 Genome_id # :942 Fitness :30713.57 Final Amt :6584.52 Days :236 Avg Daily Profit :0.521 %
Env #:0 Genome_id # :929 Fitness :34300.01 Final Amt :6947.5 Days :236 Avg Daily Profit :0.538 %
Env #:0 Genome_id # :365 Fitness :30445.53 Final Amt :4241.39 Days :236 Avg Daily Profit :0.343 %
Env #:0 Genome_id # :871 Fitness :12688.47 Final Amt :6259.03 Days :236 Avg Daily Profit :0.506 %
Env #:0 Genome_id # :263 Fitness :14729.64 Final Amt :4008.19 Days :236 Avg Daily Profit :0.309 %
Env #:0 Genome_id # :99 Fitness :34828.87 Final Amt :7763.33 Days :236 Avg Daily Profit :0.589 %
Env #:0 Genome_id # :941 Fitness :22333.6 Final Amt :4199.08 Days :236 Avg Daily Profit :0.326 %
Env #:0 Genome_id # :718 Fitness :37280.74 Final Amt :3284.67 Days :236 Avg Daily Profit :0.235 %
Env #:0 Genome_id # :335 Fitness :31058.96 Final Amt :7311.18 Days :236 Avg Daily Profit :0.567 %
Env #:0 Genome_id # :1072 Fitness :38329.55 Final Amt :4025.71 Days :236 Avg Daily Profit :0.311 %
Env #:0 Genome_id # :785 Fitness :33587.32 Final Amt :8296.32 Days :236 Avg Daily Profit :0.617 %
Env #:0 Genome_id # :594 Fitness :33552.13 Final Amt :7789.56 Days :236 Avg Daily Profit :0.59 %
Env #:0 Genome_id # :245 Fitness :13116.18 Final Amt :4029.41 Days :236 Avg Daily Profit :0.327 %
Env #:0 Genome_id # :1042 Fitness :36189.82 Final Amt :4101.31 Days :236 Avg Daily Profit :0.319 %
Env #:0 Genome_id # :914 Fitness :18844.21 Final Amt :4615.18 Days :236 Avg Daily Profit :0.372 %
Env #:0 Genome_id # :937 Fitness :-2117.91 Final Amt :6836.39 Days :236 Avg Daily Profit :0.544 %
Env #:0 Genome_id # :927 Fitness :33075.96 Final Amt :7590.69 Days :236 Avg Daily Profit :0.578 %
Env #:0 Genome_id # :31 Fitness :27632.69 Final Amt :6239.57 Days :236 Avg Daily Profit :0.495 %
Env #:0 Genome_id # :829 Fitness :34313.64 Final Amt :8395.98 Days :236 Avg Daily Profit :0.622 %
Env #:0 Genome_id # :6 Fitness :-1826.54 Final Amt :1739.84 Days :236 Avg Daily Profit :-0.038 %
Env #:0 Genome_id # :1042 Fitness :36189.82 Final Amt :4101.31 Days :236 Avg Daily Profit :0.319 %
Env #:0 Genome_id # :99 Fitness :34828.87 Final Amt :7763.33 Days :236 Avg Daily Profit :0.589 %
Env #:0 Genome_id # :7 Fitness :24167.81 Final Amt :4460.97 Days :236 Avg Daily Profit :0.346 %
Env #:0 Genome_id # :3 Fitness :16183.78 Final Amt :2316.87 Days :236 Avg Daily Profit :0.077 %
Env #:0 Genome_id # :829 Fitness :34313.64 Final Amt :8395.98 Days :236 Avg Daily Profit :0.622 %
Env #:0 Genome_id # :2 Fitness :-5113.98 Final Amt :1946.36 Days :236 Avg Daily Profit :0.001 %
Env #:0 Genome_id # :4 Fitness :-30075.09 Final Amt :1358.46 Days :236 Avg Daily Profit :-0.151 %
Env #:0 Genome_id # :1 Fitness :-17155.04 Final Amt :3013.95 Days :236 Avg Daily Profit :0.196 %
Env #:0 Genome_id # :5 Fitness :21405.69 Final Amt :2072.76 Days :236 Avg Daily Profit :0.032 %
Env #:0 Genome_id # :14 Fitness :-2351.2 Final Amt :2031.35 Days :236 Avg Daily Profit :0.007 %
Env #:0 Genome_id # :10 Fitness :16819.78 Final Amt :2777.27 Days :236 Avg Daily Profit :0.161 %
Env #:0 Genome_id # :8 Fitness :23011.91 Final Amt :5599.64 Days :236 Avg Daily Profit :0.454 %
Env #:0 Genome_id # :9 Fitness :-13549.66 Final Amt :1740.19 Days :236 Avg Daily Profit :-0.042 %
Env #:0 Genome_id # :12 Fitness :3018.51 Final Amt :2141.38 Days :236 Avg Daily Profit :0.05 %
Env #:0 Genome_id # :13 Fitness :-22693.1 Final Amt :1842.08 Days :236 Avg Daily Profit :-0.017 %
Env #:0 Genome_id # :1072 Fitness :38329.55 Final Amt :4025.71 Days :236 Avg Daily Profit :0.311 %
Env #:0 Genome_id # :718 Fitness :37280.74 Final Amt :3284.67 Days :236 Avg Daily Profit :0.235 %
Env #:0 Genome_id # :11 Fitness :12151.03 Final Amt :2607.99 Days :236 Avg Daily Profit :0.14 %
Env #:0 Genome_id # :365 Fitness :30445.53 Final Amt :4241.39 Days :236 Avg Daily Profit :0.343 %
Env #:0 Genome_id # :17 Fitness :0.0 Final Amt :2000.0 Days :236 Avg Daily Profit :0.0 %
Env #:0 Genome_id # :19 Fitness :6156.63 Final Amt :2973.55 Days :236 Avg Daily Profit :0.191 %
Env #:0 Genome_id # :16 Fitness :-1414.18 Final Amt :1692.12 Days :236 Avg Daily Profit :-0.051 %
Env #:0 Genome_id # :20 Fitness :-7153.17 Final Amt :1742.11 Days :236 Avg Daily Profit :-0.043 %
Env #:0 Genome_id # :18 Fitness :19168.11 Final Amt :5072.08 Days :236 Avg Daily Profit :0.418 %
Env #:0 Genome_id # :99 Fitness :34828.87 Final Amt :7763.33 Days :236 Avg Daily Profit :0.589 %
Env #:0 Genome_id # :1042 Fitness :36189.82 Final Amt :4101.31 Days :236 Avg Daily Profit :0.319 %
Env #:0 Genome_id # :21 Fitness :-8898.46 Final Amt :2921.58 Days :236 Avg Daily Profit :0.181 %
Env #:0 Genome_id # :829 Fitness :34313.64 Final Amt :8395.98 Days :236 Avg Daily Profit :0.622 %
Env #:0 Genome_id # :15 Fitness :-16156.25 Final Amt :1745.7 Days :236 Avg Daily Profit :-0.043 %
Env #:0 Genome_id # :22 Fitness :12205.07 Final Amt :6283.21 Days :236 Avg Daily Profit :0.493 %
Env #:0 Genome_id # :718 Fitness :37280.74 Final Amt :3284.67 Days :236 Avg Daily Profit :0.235 %
Env #:0 Genome_id # :1072 Fitness :38329.55 Final Amt :4025.71 Days :236 Avg Daily Profit :0.311 %
Env #:0 Genome_id # :23 Fitness :-1298.61 Final Amt :1731.35 Days :236 Avg Daily Profit :-0.041 %
Env #:0 Genome_id # :365 Fitness :30445.53 Final Amt :4241.39 Days :236 Avg Daily Profit :0.343 %
Env #:0 Genome_id # :28 Fitness :27376.69 Final Amt :2284.96 Days :236 Avg Daily Profit :0.076 %
Env #:0 Genome_id # :24 Fitness :30385.18 Final Amt :3095.76 Days :236 Avg Daily Profit :0.207 %
Env #:0 Genome_id # :26 Fitness :-38956.12 Final Amt :2203.66 Days :236 Avg Daily Profit :0.056 %
Env #:0 Genome_id # :25 Fitness :38969.5 Final Amt :2236.45 Days :236 Avg Daily Profit :0.066 %
Env #:0 Genome_id # :27 Fitness :-12888.2 Final Amt :1761.57 Days :236 Avg Daily Profit :-0.038 %
Env #:0 Genome_id # :33 Fitness :506.4 Final Amt :1729.87 Days :236 Avg Daily Profit :-0.053 %
Env #:0 Genome_id # :99 Fitness :34828.87 Final Amt :7763.33 Days :236 Avg Daily Profit :0.589 %
Env #:0 Genome_id # :29 Fitness :-4814.59 Final Amt :2927.21 Days :236 Avg Daily Profit :0.178 %
Env #:0 Genome_id # :1042 Fitness :36189.82 Final Amt :4101.31 Days :236 Avg Daily Profit :0.319 %
Env #:0 Genome_id # :30 Fitness :19480.51 Final Amt :5411.44 Days :236 Avg Daily Profit :0.442 %
Env #:0 Genome_id # :829 Fitness :34313.64 Final Amt :8395.98 Days :236 Avg Daily Profit :0.622 %
Env #:0 Genome_id # :31 Fitness :31333.63 Final Amt :5994.68 Days :236 Avg Daily Profit :0.484 %
Env #:0 Genome_id # :35 Fitness :-14927.58 Final Amt :3039.97 Days :236 Avg Daily Profit :0.201 %
Env #:0 Genome_id # :34 Fitness :-23856.73 Final Amt :2840.79 Days :236 Avg Daily Profit :0.169 %
Env #:0 Genome_id # :32 Fitness :16715.38 Final Amt :2282.49 Days :236 Avg Daily Profit :0.075 %
Env #:0 Genome_id # :36 Fitness :-1706.91 Final Amt :2015.69 Days :236 Avg Daily Profit :0.007 %
Env #:0 Genome_id # :25 Fitness :38969.5 Final Amt :2236.45 Days :236 Avg Daily Profit :0.066 %
Env #:0 Genome_id # :1072 Fitness :38329.55 Final Amt :4025.71 Days :236 Avg Daily Profit :0.311 %
Env #:0 Genome_id # :718 Fitness :37280.74 Final Amt :3284.67 Days :236 Avg Daily Profit :0.235 %
Env #:0 Genome_id # :37 Fitness :12840.57 Final Amt :2796.27 Days :236 Avg Daily Profit :0.152 %
Env #:0 Genome_id # :38 Fitness :18379.69 Final Amt :1814.2 Days :236 Avg Daily Profit :-0.024 %
Env #:0 Genome_id # :41 Fitness :5621.68 Final Amt :2346.25 Days :236 Avg Daily Profit :0.078 %
Env #:0 Genome_id # :40 Fitness :-1823.92 Final Amt :1738.67 Days :236 Avg Daily Profit :-0.04 %
Env #:0 Genome_id # :39 Fitness :-22958.52 Final Amt :1648.13 Days :236 Avg Daily Profit :-0.065 %
Env #:0 Genome_id # :42 Fitness :31680.38 Final Amt :2357.45 Days :236 Avg Daily Profit :0.089 %
Env #:0 Genome_id # :43 Fitness :11795.48 Final Amt :1755.57 Days :236 Avg Daily Profit :-0.027 %
Env #:0 Genome_id # :1042 Fitness :36189.82 Final Amt :4101.31 Days :236 Avg Daily Profit :0.319 %
Env #:0 Genome_id # :25 Fitness :38969.5 Final Amt :2236.45 Days :236 Avg Daily Profit :0.066 %
Env #:0 Genome_id # :829 Fitness :34313.64 Final Amt :8395.98 Days :236 Avg Daily Profit :0.622 %
Env #:0 Genome_id # :46 Fitness :-2485.25 Final Amt :1509.97 Days :236 Avg Daily Profit :-0.104 %
Env #:0 Genome_id # :48 Fitness :26211.13 Final Amt :2209.54 Days :236 Avg Daily Profit :0.071 %
Env #:0 Genome_id # :99 Fitness :34828.87 Final Amt :7763.33 Days :236 Avg Daily Profit :0.589 %
Env #:0 Genome_id # :47 Fitness :-1584.15 Final Amt :1707.67 Days :236 Avg Daily Profit :-0.047 %
Env #:0 Genome_id # :44 Fitness :-25003.32 Final Amt :1587.94 Days :236 Avg Daily Profit :-0.084 %
Env #:0 Genome_id # :45 Fitness :16279.52 Final Amt :2673.86 Days :236 Avg Daily Profit :0.146 %
Env #:0 Genome_id # :1072 Fitness :38329.55 Final Amt :4025.71 Days :236 Avg Daily Profit :0.311 %
Env #:0 Genome_id # :718 Fitness :37280.74 Final Amt :3284.67 Days :236 Avg Daily Profit :0.235 %
Env #:0 Genome_id # :52 Fitness :-199.23 Final Amt :1961.69 Days :236 Avg Daily Profit :-0.008 %
Env #:0 Genome_id # :49 Fitness :29483.82 Final Amt :2404.73 Days :236 Avg Daily Profit :0.095 %
Env #:0 Genome_id # :51 Fitness :-2717.87 Final Amt :1963.71 Days :236 Avg Daily Profit :-0.007 %
Env #:0 Genome_id # :50 Fitness :40627.01 Final Amt :2651.07 Days :236 Avg Daily Profit :0.147 %
Env #:0 Genome_id # :55 Fitness :652.26 Final Amt :1975.99 Days :236 Avg Daily Profit :-0.004 %
Env #:0 Genome_id # :53 Fitness :33901.75 Final Amt :2788.51 Days :236 Avg Daily Profit :0.166 %
Env #:0 Genome_id # :54 Fitness :11032.92 Final Amt :2322.89 Days :236 Avg Daily Profit :0.085 %
Env #:0 Genome_id # :56 Fitness :723.87 Final Amt :1753.53 Days :236 Avg Daily Profit :-0.048 %
Env #:0 Genome_id # :61 Fitness :740.57 Final Amt :1884.37 Days :236 Avg Daily Profit :0.003 %
Env #:0 Genome_id # :57 Fitness :-6159.18 Final Amt :3774.59 Days :236 Avg Daily Profit :0.288 %
Env #:0 Genome_id # :63 Fitness :-27682.04 Final Amt :1462.03 Days :236 Avg Daily Profit :-0.115 %
Env #:0 Genome_id # :62 Fitness :17003.91 Final Amt :1023.19 Days :236 Avg Daily Profit :-0.272 %
Env #:0 Genome_id # :60 Fitness :5873.27 Final Amt :2826.38 Days :236 Avg Daily Profit :0.169 %
Env #:0 Genome_id # :99 Fitness :34828.87 Final Amt :7763.33 Days :236 Avg Daily Profit :0.589 %
Env #:0 Genome_id # :59 Fitness :19379.16 Final Amt :4654.77 Days :236 Avg Daily Profit :0.373 %
Env #:0 Genome_id # :58 Fitness :-23464.14 Final Amt :1666.59 Days :236 Avg Daily Profit :-0.058 %
Env #:0 Genome_id # :1042 Fitness :36189.82 Final Amt :4101.31 Days :236 Avg Daily Profit :0.319 %
Env #:0 Genome_id # :829 Fitness :34313.64 Final Amt :8395.98 Days :236 Avg Daily Profit :0.622 %
Env #:0 Genome_id # :50 Fitness :40627.01 Final Amt :2651.07 Days :236 Avg Daily Profit :0.147 %
Env #:0 Genome_id # :1072 Fitness :38329.55 Final Amt :4025.71 Days :236 Avg Daily Profit :0.311 %
Env #:0 Genome_id # :68 Fitness :0.0 Final Amt :2000.0 Days :236 Avg Daily Profit :0.0 %
Env #:0 Genome_id # :64 Fitness :-25199.91 Final Amt :1631.03 Days :236 Avg Daily Profit :-0.066 %
Env #:0 Genome_id # :66 Fitness :2979.3 Final Amt :1969.36 Days :236 Avg Daily Profit :-0.002 %
Env #:0 Genome_id # :25 Fitness :38969.5 Final Amt :2236.45 Days :236 Avg Daily Profit :0.066 %
Env #:0 Genome_id # :65 Fitness :1579.27 Final Amt :1722.5 Days :236 Avg Daily Profit :-0.048 %
Env #:0 Genome_id # :67 Fitness :23760.27 Final Amt :5010.47 Days :236 Avg Daily Profit :0.412 %
Env #:0 Genome_id # :70 Fitness :19585.48 Final Amt :2197.87 Days :236 Avg Daily Profit :0.057 %
Env #:0 Genome_id # :69 Fitness :-19744.45 Final Amt :1745.85 Days :236 Avg Daily Profit :-0.044 %
Env #:0 Genome_id # :76 Fitness :-15282.6 Final Amt :2876.02 Days :236 Avg Daily Profit :0.178 %
Env #:0 Genome_id # :71 Fitness :11307.39 Final Amt :2091.07 Days :236 Avg Daily Profit :0.044 %
Env #:0 Genome_id # :74 Fitness :-5567.69 Final Amt :1665.27 Days :236 Avg Daily Profit :-0.057 %
Env #:0 Genome_id # :75 Fitness :35546.25 Final Amt :6735.85 Days :236 Avg Daily Profit :0.531 %
Env #:0 Genome_id # :99 Fitness :34828.87 Final Amt :7763.33 Days :236 Avg Daily Profit :0.589 %
Env #:0 Genome_id # :72 Fitness :-25590.2 Final Amt :1528.38 Days :236 Avg Daily Profit :-0.097 %
Env #:0 Genome_id # :829 Fitness :34313.64 Final Amt :8395.98 Days :236 Avg Daily Profit :0.622 %
Env #:0 Genome_id # :1042 Fitness :36189.82 Final Amt :4101.31 Days :236 Avg Daily Profit :0.319 %
Env #:0 Genome_id # :50 Fitness :40627.01 Final Amt :2651.07 Days :236 Avg Daily Profit :0.147 %
Env #:0 Genome_id # :73 Fitness :21408.51 Final Amt :2147.78 Days :236 Avg Daily Profit :0.048 %
Env #:0 Genome_id # :77 Fitness :-6609.49 Final Amt :2068.71 Days :236 Avg Daily Profit :0.018 %
Env #:0 Genome_id # :82 Fitness :0.0 Final Amt :2000.0 Days :236 Avg Daily Profit :0.0 %
Env #:0 Genome_id # :81 Fitness :0.0 Final Amt :2000.0 Days :236 Avg Daily Profit :0.0 %
Env #:0 Genome_id # :1072 Fitness :38329.55 Final Amt :4025.71 Days :236 Avg Daily Profit :0.311 %
Env #:0 Genome_id # :25 Fitness :38969.5 Final Amt :2236.45 Days :236 Avg Daily Profit :0.066 %
Env #:0 Genome_id # :78 Fitness :11395.59 Final Amt :1469.78 Days :236 Avg Daily Profit :-0.106 %
Env #:0 Genome_id # :83 Fitness :-4377.42 Final Amt :2275.25 Days :236 Avg Daily Profit :0.061 %
Env #:0 Genome_id # :84 Fitness :11453.56 Final Amt :2047.66 Days :236 Avg Daily Profit :0.022 %
Env #:0 Genome_id # :80 Fitness :-18822.88 Final Amt :1388.64 Days :236 Avg Daily Profit :-0.132 %
Env #:0 Genome_id # :79 Fitness :44868.77 Final Amt :1897.46 Days :236 Avg Daily Profit :0.002 %
Env #:0 Genome_id # :88 Fitness :-16372.74 Final Amt :1605.6 Days :236 Avg Daily Profit :-0.073 %
Env #:0 Genome_id # :75 Fitness :35546.25 Final Amt :6735.85 Days :236 Avg Daily Profit :0.531 %
Env #:0 Genome_id # :85 Fitness :-38444.77 Final Amt :1676.28 Days :236 Avg Daily Profit :-0.065 %
Env #:0 Genome_id # :89 Fitness :4936.1 Final Amt :1679.63 Days :236 Avg Daily Profit :-0.055 %
Env #:0 Genome_id # :86 Fitness :-1014.94 Final Amt :1731.35 Days :236 Avg Daily Profit :-0.041 %
Env #:0 Genome_id # :87 Fitness :-5473.47 Final Amt :1676.76 Days :236 Avg Daily Profit :-0.055 %
Env #:0 Genome_id # :99 Fitness :34828.87 Final Amt :7763.33 Days :236 Avg Daily Profit :0.589 %
Env #:0 Genome_id # :90 Fitness :-1748.69 Final Amt :1686.02 Days :236 Avg Daily Profit :-0.053 %
Env #:0 Genome_id # :1042 Fitness :36189.82 Final Amt :4101.31 Days :236 Avg Daily Profit :0.319 %
Env #:0 Genome_id # :91 Fitness :-23348.25 Final Amt :1293.4 Days :236 Avg Daily Profit :-0.163 %
Env #:0 Genome_id # :92 Fitness :0.0 Final Amt :2000.0 Days :236 Avg Daily Profit :0.0 %
Env #:0 Genome_id # :79 Fitness :44868.77 Final Amt :1897.46 Days :236 Avg Daily Profit :0.002 %
Env #:0 Genome_id # :50 Fitness :40627.01 Final Amt :2651.07 Days :236 Avg Daily Profit :0.147 %
Env #:0 Genome_id # :96 Fitness :6489.56 Final Amt :2225.2 Days :236 Avg Daily Profit :0.047 %
Env #:0 Genome_id # :25 Fitness :38969.5 Final Amt :2236.45 Days :236 Avg Daily Profit :0.066 %
Env #:0 Genome_id # :97 Fitness :2211.53 Final Amt :2119.74 Days :236 Avg Daily Profit :0.046 %
Env #:0 Genome_id # :94 Fitness :-15022.8 Final Amt :1865.53 Days :236 Avg Daily Profit :-0.002 %
Env #:0 Genome_id # :93 Fitness :-8270.54 Final Amt :1798.5 Days :236 Avg Daily Profit :-0.024 %
Env #:0 Genome_id # :95 Fitness :44026.09 Final Amt :2588.01 Days :236 Avg Daily Profit :0.133 %
Env #:0 Genome_id # :98 Fitness :-29252.25 Final Amt :1600.05 Days :236 Avg Daily Profit :-0.085 %
Env #:0 Genome_id # :103 Fitness :7131.19 Final Amt :2375.87 Days :236 Avg Daily Profit :0.08 %
Env #:0 Genome_id # :1042 Fitness :36189.82 Final Amt :4101.31 Days :236 Avg Daily Profit :0.319 %
Env #:0 Genome_id # :75 Fitness :35546.25 Final Amt :6735.85 Days :236 Avg Daily Profit :0.531 %
Env #:0 Genome_id # :79 Fitness :44868.77 Final Amt :1897.46 Days :236 Avg Daily Profit :0.002 %
Env #:0 Genome_id # :101 Fitness :27542.58 Final Amt :1658.53 Days :236 Avg Daily Profit :-0.073 %
Env #:0 Genome_id # :104 Fitness :37623.85 Final Amt :2044.52 Days :236 Avg Daily Profit :0.027 %
Env #:0 Genome_id # :100 Fitness :2810.14 Final Amt :2379.14 Days :236 Avg Daily Profit :0.095 %
Env #:0 Genome_id # :99 Fitness :34850.21 Final Amt :5572.41 Days :236 Avg Daily Profit :0.446 %
Env #:0 Genome_id # :95 Fitness :44026.09 Final Amt :2588.01 Days :236 Avg Daily Profit :0.133 %
Env #:0 Genome_id # :102 Fitness :-21670.07 Final Amt :1830.33 Days :236 Avg Daily Profit :-0.03 %
Env #:0 Genome_id # :105 Fitness :4048.12 Final Amt :2106.23 Days :236 Avg Daily Profit :0.042 %
Env #:0 Genome_id # :50 Fitness :40627.01 Final Amt :2651.07 Days :236 Avg Daily Profit :0.147 %
Env #:0 Genome_id # :107 Fitness :22894.54 Final Amt :1940.8 Days :236 Avg Daily Profit :0.006 %
Env #:0 Genome_id # :108 Fitness :50642.2 Final Amt :1457.72 Days :236 Avg Daily Profit :-0.115 %
Env #:0 Genome_id # :106 Fitness :-27440.17 Final Amt :1575.1 Days :236 Avg Daily Profit :-0.082 %
Env #:0 Genome_id # :109 Fitness :-7600.26 Final Amt :1978.94 Days :236 Avg Daily Profit :0.001 %
Env #:0 Genome_id # :110 Fitness :3168.25 Final Amt :2034.94 Days :236 Avg Daily Profit :0.035 %
Env #:0 Genome_id # :112 Fitness :-11104.35 Final Amt :1973.56 Days :236 Avg Daily Profit :0.008 %
Env #:0 Genome_id # :111 Fitness :28577.83 Final Amt :2122.07 Days :236 Avg Daily Profit :0.054 %
Env #:0 Genome_id # :104 Fitness :37623.85 Final Amt :2044.52 Days :236 Avg Daily Profit :0.027 %
Env #:0 Genome_id # :114 Fitness :6014.63 Final Amt :1916.81 Days :236 Avg Daily Profit :-0.005 %
Env #:0 Genome_id # :118 Fitness :-22366.69 Final Amt :2818.56 Days :236 Avg Daily Profit :0.163 %
Env #:0 Genome_id # :115 Fitness :-5627.63 Final Amt :1519.07 Days :236 Avg Daily Profit :-0.096 %
Env #:0 Genome_id # :117 Fitness :-2262.9 Final Amt :2949.14 Days :236 Avg Daily Profit :0.19 %
Env #:0 Genome_id # :108 Fitness :50642.2 Final Amt :1457.72 Days :236 Avg Daily Profit :-0.115 %
Env #:0 Genome_id # :75 Fitness :35546.25 Final Amt :6735.85 Days :236 Avg Daily Profit :0.531 %
Env #:0 Genome_id # :1042 Fitness :36189.82 Final Amt :4101.31 Days :236 Avg Daily Profit :0.319 %
Env #:0 Genome_id # :116 Fitness :-17071.38 Final Amt :1830.83 Days :236 Avg Daily Profit :-0.023 %
Env #:0 Genome_id # :113 Fitness :45992.02 Final Amt :1712.87 Days :236 Avg Daily Profit :-0.041 %
Env #:0 Genome_id # :79 Fitness :44868.77 Final Amt :1897.46 Days :236 Avg Daily Profit :0.002 %
Env #:0 Genome_id # :95 Fitness :44026.09 Final Amt :2588.01 Days :236 Avg Daily Profit :0.133 %
Env #:0 Genome_id # :119 Fitness :-22243.68 Final Amt :1543.69 Days :236 Avg Daily Profit :-0.091 %
Env #:0 Genome_id # :121 Fitness :35807.15 Final Amt :2295.63 Days :236 Avg Daily Profit :0.09 %
Env #:0 Genome_id # :120 Fitness :15540.87 Final Amt :2253.38 Days :236 Avg Daily Profit :0.071 %
Env #:0 Genome_id # :122 Fitness :0.0 Final Amt :2000.0 Days :236 Avg Daily Profit :0.0 %
Env #:0 Genome_id # :124 Fitness :0.0 Final Amt :2000.0 Days :236 Avg Daily Profit :0.0 %
Env #:0 Genome_id # :125 Fitness :18138.57 Final Amt :1977.44 Days :236 Avg Daily Profit :0.009 %
Env #:0 Genome_id # :123 Fitness :7747.95 Final Amt :1740.05 Days :236 Avg Daily Profit :-0.047 %
Env #:0 Genome_id # :126 Fitness :-5976.29 Final Amt :3280.05 Days :236 Avg Daily Profit :0.235 %
Env #:0 Genome_id # :127 Fitness :-15794.88 Final Amt :1861.91 Days :236 Avg Daily Profit :-0.016 %
Env #:0 Genome_id # :130 Fitness :381.23 Final Amt :1718.21 Days :236 Avg Daily Profit :-0.055 %
Env #:0 Genome_id # :128 Fitness :25891.24 Final Amt :1832.58 Days :236 Avg Daily Profit :-0.013 %
Env #:0 Genome_id # :129 Fitness :-6390.48 Final Amt :1645.95 Days :236 Avg Daily Profit :-0.065 %
Env #:0 Genome_id # :1042 Fitness :36189.82 Final Amt :4101.31 Days :236 Avg Daily Profit :0.319 %
Env #:0 Genome_id # :113 Fitness :45992.02 Final Amt :1712.87 Days :236 Avg Daily Profit :-0.041 %
Env #:0 Genome_id # :133 Fitness :-9967.07 Final Amt :1521.03 Days :236 Avg Daily Profit :-0.098 %
Env #:0 Genome_id # :132 Fitness :37151.85 Final Amt :1896.85 Days :236 Avg Daily Profit :-0.016 %
Env #:0 Genome_id # :104 Fitness :37623.85 Final Amt :2044.52 Days :236 Avg Daily Profit :0.027 %
Env #:0 Genome_id # :131 Fitness :26148.98 Final Amt :1159.92 Days :236 Avg Daily Profit :-0.224 %
Env #:0 Genome_id # :108 Fitness :50642.2 Final Amt :1457.72 Days :236 Avg Daily Profit :-0.115 %
Env #:0 Genome_id # :134 Fitness :-28724.98 Final Amt :1605.2 Days :236 Avg Daily Profit :-0.074 %
Env #:0 Genome_id # :79 Fitness :44868.77 Final Amt :1897.46 Days :236 Avg Daily Profit :0.002 %
Env #:0 Genome_id # :95 Fitness :44026.09 Final Amt :2588.01 Days :236 Avg Daily Profit :0.133 %
Env #:0 Genome_id # :140 Fitness :3217.22 Final Amt :1952.05 Days :236 Avg Daily Profit :0.024 %
Env #:0 Genome_id # :136 Fitness :-28662.9 Final Amt :1546.04 Days :236 Avg Daily Profit :-0.1 %
Env #:0 Genome_id # :139 Fitness :10924.28 Final Amt :1658.4 Days :236 Avg Daily Profit :-0.059 %
Env #:0 Genome_id # :138 Fitness :-27109.14 Final Amt :1638.07 Days :236 Avg Daily Profit :-0.065 %
Env #:0 Genome_id # :135 Fitness :-5137.04 Final Amt :1997.17 Days :236 Avg Daily Profit :0.018 %
Env #:0 Genome_id # :137 Fitness :-39651.11 Final Amt :1644.95 Days :236 Avg Daily Profit :-0.064 %
Env #:0 Genome_id # :142 Fitness :-3378.04 Final Amt :1858.16 Days :236 Avg Daily Profit :-0.027 %
Env #:0 Genome_id # :132 Fitness :37151.85 Final Amt :1896.85 Days :236 Avg Daily Profit :-0.016 %
Env #:0 Genome_id # :104 Fitness :37623.85 Final Amt :2044.52 Days :236 Avg Daily Profit :0.027 %
Env #:0 Genome_id # :141 Fitness :19209.82 Final Amt :1981.95 Days :236 Avg Daily Profit :0.016 %
Env #:0 Genome_id # :146 Fitness :20392.04 Final Amt :2374.93 Days :236 Avg Daily Profit :0.085 %
Env #:0 Genome_id # :113 Fitness :45992.02 Final Amt :1712.87 Days :236 Avg Daily Profit :-0.041 %
Env #:0 Genome_id # :143 Fitness :43148.51 Final Amt :2061.96 Days :236 Avg Daily Profit :0.032 %
Env #:0 Genome_id # :147 Fitness :-17788.19 Final Amt :1522.12 Days :236 Avg Daily Profit :-0.097 %
Env #:0 Genome_id # :145 Fitness :21826.21 Final Amt :1926.31 Days :236 Avg Daily Profit :-0.0 %
Env #:0 Genome_id # :144 Fitness :-1188.21 Final Amt :1452.71 Days :236 Avg Daily Profit :-0.117 %
Env #:0 Genome_id # :148 Fitness :-1263.43 Final Amt :3543.07 Days :236 Avg Daily Profit :0.267 %
Env #:0 Genome_id # :153 Fitness :-818.5 Final Amt :1794.39 Days :236 Avg Daily Profit :-0.04 %
Env #:0 Genome_id # :108 Fitness :50642.2 Final Amt :1457.72 Days :236 Avg Daily Profit :-0.115 %
Env #:0 Genome_id # :154 Fitness :7626.09 Final Amt :2317.04 Days :236 Avg Daily Profit :0.095 %
Env #:0 Genome_id # :150 Fitness :-7157.23 Final Amt :2142.06 Days :236 Avg Daily Profit :0.057 %
Env #:0 Genome_id # :152 Fitness :-26225.08 Final Amt :2550.83 Days :236 Avg Daily Profit :0.125 %
Env #:0 Genome_id # :149 Fitness :48874.77 Final Amt :1758.66 Days :236 Avg Daily Profit :-0.029 %
Env #:0 Genome_id # :79 Fitness :44868.77 Final Amt :1897.46 Days :236 Avg Daily Profit :0.002 %
Env #:0 Genome_id # :95 Fitness :44026.09 Final Amt :2588.01 Days :236 Avg Daily Profit :0.133 %
Env #:0 Genome_id # :151 Fitness :-18703.0 Final Amt :1620.69 Days :236 Avg Daily Profit :-0.07 %
Env #:0 Genome_id # :156 Fitness :-8550.17 Final Amt :1645.14 Days :236 Avg Daily Profit :-0.075 %
Env #:0 Genome_id # :157 Fitness :19811.78 Final Amt :1584.15 Days :236 Avg Daily Profit :-0.088 %
Env #:0 Genome_id # :104 Fitness :37623.85 Final Amt :2044.52 Days :236 Avg Daily Profit :0.027 %
Env #:0 Genome_id # :160 Fitness :-374.34 Final Amt :1909.13 Days :236 Avg Daily Profit :-0.019 %
Env #:0 Genome_id # :143 Fitness :43148.51 Final Amt :2061.96 Days :236 Avg Daily Profit :0.032 %
Env #:0 Genome_id # :155 Fitness :36139.01 Final Amt :2297.4 Days :236 Avg Daily Profit :0.073 %
Env #:0 Genome_id # :159 Fitness :28116.87 Final Amt :1630.78 Days :236 Avg Daily Profit :-0.072 %
Env #:0 Genome_id # :158 Fitness :36635.63 Final Amt :1423.05 Days :236 Avg Daily Profit :-0.127 %
Env #:0 Genome_id # :113 Fitness :45992.02 Final Amt :1712.87 Days :236 Avg Daily Profit :-0.041 %
Env #:0 Genome_id # :161 Fitness :16030.07 Final Amt :2240.88 Days :236 Avg Daily Profit :0.07 %
Env #:0 Genome_id # :108 Fitness :50642.2 Final Amt :1457.72 Days :236 Avg Daily Profit :-0.115 %
Env #:0 Genome_id # :149 Fitness :48874.77 Final Amt :1758.66 Days :236 Avg Daily Profit :-0.029 %
Env #:0 Genome_id # :79 Fitness :44868.77 Final Amt :1897.46 Days :236 Avg Daily Profit :0.002 %
Env #:0 Genome_id # :162 Fitness :-12080.46 Final Amt :1898.21 Days :236 Avg Daily Profit :-0.004 %
Env #:0 Genome_id # :163 Fitness :44447.5 Final Amt :1766.89 Days :236 Avg Daily Profit :-0.028 %
Env #:0 Genome_id # :166 Fitness :4084.5 Final Amt :2325.4 Days :236 Avg Daily Profit :0.065 %
Env #:0 Genome_id # :164 Fitness :5057.94 Final Amt :947.12 Days :236 Avg Daily Profit :-0.296 %
Env #:0 Genome_id # :168 Fitness :2111.59 Final Amt :2007.44 Days :236 Avg Daily Profit :0.031 %
Env #:0 Genome_id # :167 Fitness :-4914.81 Final Amt :1702.42 Days :236 Avg Daily Profit :-0.049 %
Env #:0 Genome_id # :165 Fitness :-31791.46 Final Amt :1551.47 Days :236 Avg Daily Profit :-0.088 %
Env #:0 Genome_id # :174 Fitness :5242.09 Final Amt :1708.74 Days :236 Avg Daily Profit :-0.044 %
Env #:0 Genome_id # :170 Fitness :-2176.99 Final Amt :2840.33 Days :236 Avg Daily Profit :0.16 %
Env #:0 Genome_id # :171 Fitness :28612.12 Final Amt :4294.0 Days :236 Avg Daily Profit :0.334 %
Env #:0 Genome_id # :104 Fitness :37623.85 Final Amt :2044.52 Days :236 Avg Daily Profit :0.027 %
Env #:0 Genome_id # :169 Fitness :-22175.71 Final Amt :1256.18 Days :236 Avg Daily Profit :-0.182 %
Env #:0 Genome_id # :113 Fitness :45992.02 Final Amt :1712.87 Days :236 Avg Daily Profit :-0.041 %
Env #:0 Genome_id # :143 Fitness :43148.51 Final Amt :2061.96 Days :236 Avg Daily Profit :0.032 %
Env #:0 Genome_id # :173 Fitness :-12466.62 Final Amt :1602.51 Days :236 Avg Daily Profit :-0.075 %
Env #:0 Genome_id # :172 Fitness :-26834.17 Final Amt :1483.9 Days :236 Avg Daily Profit :-0.109 %
Env #:0 Genome_id # :175 Fitness :17225.65 Final Amt :1394.47 Days :236 Avg Daily Profit :-0.132 %
Env #:0 Genome_id # :176 Fitness :-98.0 Final Amt :1990.79 Days :236 Avg Daily Profit :-0.002 %
Env #:0 Genome_id # :179 Fitness :0.0 Final Amt :2000.0 Days :236 Avg Daily Profit :0.0 %
Env #:0 Genome_id # :178 Fitness :8574.74 Final Amt :2014.19 Days :236 Avg Daily Profit :0.032 %
Env #:0 Genome_id # :108 Fitness :50642.2 Final Amt :1457.72 Days :236 Avg Daily Profit :-0.115 %
Env #:0 Genome_id # :149 Fitness :48874.77 Final Amt :1758.66 Days :236 Avg Daily Profit :-0.029 %
Env #:0 Genome_id # :177 Fitness :14154.73 Final Amt :2393.59 Days :236 Avg Daily Profit :0.094 %
Env #:0 Genome_id # :79 Fitness :44868.77 Final Amt :1897.46 Days :236 Avg Daily Profit :0.002 %
Env #:0 Genome_id # :181 Fitness :1477.36 Final Amt :1983.45 Days :236 Avg Daily Profit :0.027 %
Env #:0 Genome_id # :182 Fitness :6497.45 Final Amt :1316.17 Days :236 Avg Daily Profit :-0.154 %
Env #:0 Genome_id # :180 Fitness :33794.26 Final Amt :2415.92 Days :236 Avg Daily Profit :0.1 %
Env #:0 Genome_id # :187 Fitness :146.32 Final Amt :2112.83 Days :236 Avg Daily Profit :0.051 %
Env #:0 Genome_id # :183 Fitness :11700.86 Final Amt :2201.28 Days :236 Avg Daily Profit :0.065 %
Env #:0 Genome_id # :185 Fitness :46461.61 Final Amt :2043.46 Days :236 Avg Daily Profit :0.026 %
Env #:0 Genome_id # :184 Fitness :30647.04 Final Amt :4185.44 Days :236 Avg Daily Profit :0.327 %
Env #:0 Genome_id # :143 Fitness :43148.51 Final Amt :2061.96 Days :236 Avg Daily Profit :0.032 %
Env #:0 Genome_id # :113 Fitness :45992.02 Final Amt :1712.87 Days :236 Avg Daily Profit :-0.041 %
Env #:0 Genome_id # :104 Fitness :37623.85 Final Amt :2044.52 Days :236 Avg Daily Profit :0.027 %
Env #:0 Genome_id # :188 Fitness :-478.44 Final Amt :1455.31 Days :236 Avg Daily Profit :-0.115 %
Env #:0 Genome_id # :186 Fitness :1789.43 Final Amt :1863.73 Days :236 Avg Daily Profit :-0.01 %
Env #:0 Genome_id # :189 Fitness :17110.26 Final Amt :1548.43 Days :236 Avg Daily Profit :-0.089 %
Env #:0 Genome_id # :196 Fitness :0.0 Final Amt :2000.0 Days :236 Avg Daily Profit :0.0 %
Env #:0 Genome_id # :108 Fitness :50642.2 Final Amt :1457.72 Days :236 Avg Daily Profit :-0.115 %
Env #:0 Genome_id # :195 Fitness :83.62 Final Amt :1801.48 Days :236 Avg Daily Profit :-0.034 %
Env #:0 Genome_id # :149 Fitness :48874.77 Final Amt :1758.66 Days :236 Avg Daily Profit :-0.029 %
Env #:0 Genome_id # :79 Fitness :44868.77 Final Amt :1897.46 Days :236 Avg Daily Profit :0.002 %
Env #:0 Genome_id # :194 Fitness :1845.86 Final Amt :1830.12 Days :236 Avg Daily Profit :-0.029 %
Env #:0 Genome_id # :190 Fitness :42065.79 Final Amt :2057.79 Days :236 Avg Daily Profit :0.033 %
Env #:0 Genome_id # :192 Fitness :-4161.07 Final Amt :2033.35 Days :236 Avg Daily Profit :0.024 %
Env #:0 Genome_id # :191 Fitness :-36075.55 Final Amt :1619.8 Days :236 Avg Daily Profit :-0.08 %
Env #:0 Genome_id # :193 Fitness :29252.48 Final Amt :2041.48 Days :236 Avg Daily Profit :0.038 %
Env #:0 Genome_id # :203 Fitness :2358.08 Final Amt :1947.44 Days :236 Avg Daily Profit :0.009 %
Env #:0 Genome_id # :199 Fitness :6349.87 Final Amt :2961.34 Days :236 Avg Daily Profit :0.191 %
Env #:0 Genome_id # :198 Fitness :40052.72 Final Amt :1946.33 Days :236 Avg Daily Profit :0.004 %
Env #:0 Genome_id # :197 Fitness :5336.16 Final Amt :1947.66 Days :236 Avg Daily Profit :-0.002 %
Env #:0 Genome_id # :200 Fitness :60623.25 Final Amt :2003.26 Days :236 Avg Daily Profit :0.027 %
Env #:0 Genome_id # :185 Fitness :46461.61 Final Amt :2043.46 Days :236 Avg Daily Profit :0.026 %
Env #:0 Genome_id # :201 Fitness :25322.75 Final Amt :1810.81 Days :236 Avg Daily Profit :-0.022 %
Env #:0 Genome_id # :113 Fitness :45992.02 Final Amt :1712.87 Days :236 Avg Daily Profit :-0.041 %
Env #:0 Genome_id # :143 Fitness :43148.51 Final Amt :2061.96 Days :236 Avg Daily Profit :0.032 %
Env #:0 Genome_id # :202 Fitness :-10288.01 Final Amt :1819.87 Days :236 Avg Daily Profit :-0.023 %
Env #:0 Genome_id # :210 Fitness :0.0 Final Amt :2000.0 Days :236 Avg Daily Profit :0.0 %
Env #:0 Genome_id # :204 Fitness :1851.59 Final Amt :2072.37 Days :236 Avg Daily Profit :0.02 %
Env #:0 Genome_id # :108 Fitness :50642.2 Final Amt :1457.72 Days :236 Avg Daily Profit :-0.115 %
Env #:0 Genome_id # :209 Fitness :49778.65 Final Amt :1480.43 Days :236 Avg Daily Profit :-0.101 %
Env #:0 Genome_id # :207 Fitness :16909.54 Final Amt :2911.81 Days :236 Avg Daily Profit :0.165 %
Env #:0 Genome_id # :208 Fitness :-30541.34 Final Amt :1580.2 Days :236 Avg Daily Profit :-0.081 %
Env #:0 Genome_id # :205 Fitness :7952.65 Final Amt :1924.1 Days :236 Avg Daily Profit :-0.002 %
Env #:0 Genome_id # :79 Fitness :44868.77 Final Amt :1897.46 Days :236 Avg Daily Profit :0.002 %
Env #:0 Genome_id # :149 Fitness :48874.77 Final Amt :1758.66 Days :236 Avg Daily Profit :-0.029 %
Env #:0 Genome_id # :206 Fitness :-6475.91 Final Amt :1601.22 Days :236 Avg Daily Profit :-0.071 %
Env #:0 Genome_id # :216 Fitness :-1467.13 Final Amt :1200.78 Days :236 Avg Daily Profit :-0.195 %
Env #:0 Genome_id # :214 Fitness :-2464.27 Final Amt :1453.41 Days :236 Avg Daily Profit :-0.11 %
Env #:0 Genome_id # :211 Fitness :43128.8 Final Amt :1743.27 Days :236 Avg Daily Profit :-0.033 %
Env #:0 Genome_id # :212 Fitness :17106.88 Final Amt :2216.65 Days :236 Avg Daily Profit :0.063 %
Env #:0 Genome_id # :209 Fitness :49778.65 Final Amt :1480.43 Days :236 Avg Daily Profit :-0.101 %
Env #:0 Genome_id # :217 Fitness :33728.8 Final Amt :1270.69 Days :236 Avg Daily Profit :-0.166 %
Env #:0 Genome_id # :108 Fitness :50642.2 Final Amt :1457.72 Days :236 Avg Daily Profit :-0.115 %
Env #:0 Genome_id # :149 Fitness :48874.77 Final Amt :1758.66 Days :236 Avg Daily Profit :-0.029 %
Env #:0 Genome_id # :213 Fitness :7655.17 Final Amt :1842.94 Days :236 Avg Daily Profit :-0.017 %
Env #:0 Genome_id # :215 Fitness :24076.82 Final Amt :1890.64 Days :236 Avg Daily Profit :-0.001 %
Env #:0 Genome_id # :185 Fitness :46461.61 Final Amt :2043.46 Days :236 Avg Daily Profit :0.026 %
Env #:0 Genome_id # :200 Fitness :60623.25 Final Amt :2003.26 Days :236 Avg Daily Profit :0.027 %
Env #:0 Genome_id # :113 Fitness :45992.02 Final Amt :1712.87 Days :236 Avg Daily Profit :-0.041 %
Env #:0 Genome_id # :219 Fitness :11984.81 Final Amt :2358.66 Days :236 Avg Daily Profit :0.09 %
Env #:0 Genome_id # :220 Fitness :18335.54 Final Amt :2383.41 Days :236 Avg Daily Profit :0.093 %
Env #:0 Genome_id # :218 Fitness :19894.72 Final Amt :2359.76 Days :236 Avg Daily Profit :0.089 %
Env #:0 Genome_id # :222 Fitness :4733.11 Final Amt :1850.78 Days :236 Avg Daily Profit :-0.016 %
Env #:0 Genome_id # :221 Fitness :-8557.7 Final Amt :1472.18 Days :236 Avg Daily Profit :-0.11 %
Env #:0 Genome_id # :223 Fitness :25996.39 Final Amt :1744.89 Days :236 Avg Daily Profit :-0.04 %
Env #:0 Genome_id # :224 Fitness :32972.49 Final Amt :2321.33 Days :236 Avg Daily Profit :0.081 %
