Training Logger!
Env #:0 Genome_id # :5 Fitness :-960.06 Final Amt :1731.35 Days :236 Avg Daily Profit :-0.041 %
Env #:0 Genome_id # :9 Fitness :-1113.84 Final Amt :1731.35 Days :236 Avg Daily Profit :-0.041 %
Env #:0 Genome_id # :4 Fitness :27668.32 Final Amt :5853.71 Days :236 Avg Daily Profit :0.463 %
Env #:0 Genome_id # :2 Fitness :-12657.86 Final Amt :1673.82 Days :236 Avg Daily Profit :-0.056 %
Env #:0 Genome_id # :7 Fitness :-16960.39 Final Amt :1767.68 Days :236 Avg Daily Profit :-0.035 %
Env #:0 Genome_id # :3 Fitness :35863.86 Final Amt :2273.31 Days :236 Avg Daily Profit :0.081 %
Env #:0 Genome_id # :10 Fitness :-12865.69 Final Amt :1660.08 Days :236 Avg Daily Profit :-0.06 %
Env #:0 Genome_id # :6 Fitness :21402.67 Final Amt :2380.53 Days :236 Avg Daily Profit :0.093 %
Env #:0 Genome_id # :1 Fitness :-29442.19 Final Amt :1527.48 Days :236 Avg Daily Profit :-0.096 %
Env #:0 Genome_id # :8 Fitness :-18690.47 Final Amt :1737.81 Days :236 Avg Daily Profit :-0.043 %
Env #:0 Genome_id # :11 Fitness :165.88 Final Amt :1971.12 Days :236 Avg Daily Profit :-0.005 %
Env #:0 Genome_id # :15 Fitness :-879.36 Final Amt :1940.03 Days :236 Avg Daily Profit :-0.013 %
Env #:0 Genome_id # :13 Fitness :11335.21 Final Amt :2786.71 Days :236 Avg Daily Profit :0.144 %
Env #:0 Genome_id # :18 Fitness :0.0 Final Amt :2000.0 Days :236 Avg Daily Profit :0.0 %
Env #:0 Genome_id # :12 Fitness :-19098.62 Final Amt :1630.16 Days :236 Avg Daily Profit :-0.067 %
Env #:0 Genome_id # :14 Fitness :10136.95 Final Amt :1444.33 Days :236 Avg Daily Profit :-0.128 %
Env #:0 Genome_id # :20 Fitness :-1226.73 Final Amt :1731.35 Days :236 Avg Daily Profit :-0.041 %
Env #:0 Genome_id # :17 Fitness :-8268.91 Final Amt :1582.64 Days :236 Avg Daily Profit :-0.08 %
Env #:0 Genome_id # :16 Fitness :29414.45 Final Amt :1833.03 Days :236 Avg Daily Profit :-0.018 %
Env #:0 Genome_id # :19 Fitness :-32134.65 Final Amt :2109.17 Days :236 Avg Daily Profit :0.041 %
Env #:0 Genome_id # :15 Fitness :-879.36 Final Amt :1940.03 Days :236 Avg Daily Profit :-0.013 %
Env #:0 Genome_id # :22 Fitness :0.0 Final Amt :2000.0 Days :236 Avg Daily Profit :0.0 %
Env #:0 Genome_id # :5 Fitness :-960.06 Final Amt :1731.35 Days :236 Avg Daily Profit :-0.041 %
Env #:0 Genome_id # :21 Fitness :11695.3 Final Amt :3450.33 Days :236 Avg Daily Profit :0.263 %
Env #:0 Genome_id # :10 Fitness :-12865.69 Final Amt :1660.08 Days :236 Avg Daily Profit :-0.06 %
Env #:0 Genome_id # :24 Fitness :4898.6 Final Amt :1721.93 Days :236 Avg Daily Profit :-0.045 %
Env #:0 Genome_id # :16 Fitness :29414.45 Final Amt :1833.03 Days :236 Avg Daily Profit :-0.018 %
Env #:0 Genome_id # :7 Fitness :-16960.39 Final Amt :1767.68 Days :236 Avg Daily Profit :-0.035 %
Env #:0 Genome_id # :3 Fitness :35863.86 Final Amt :2273.31 Days :236 Avg Daily Profit :0.081 %
Env #:0 Genome_id # :23 Fitness :24704.22 Final Amt :2387.78 Days :236 Avg Daily Profit :0.093 %
Env #:0 Genome_id # :4 Fitness :27668.32 Final Amt :5853.71 Days :236 Avg Daily Profit :0.463 %
Env #:0 Genome_id # :26 Fitness :4063.89 Final Amt :2225.72 Days :236 Avg Daily Profit :0.046 %
Env #:0 Genome_id # :25 Fitness :26113.4 Final Amt :2453.87 Days :236 Avg Daily Profit :0.104 %
Env #:0 Genome_id # :31 Fitness :0.0 Final Amt :2000.0 Days :236 Avg Daily Profit :0.0 %
Env #:0 Genome_id # :32 Fitness :-1328.09 Final Amt :1731.35 Days :236 Avg Daily Profit :-0.041 %
Env #:0 Genome_id # :33 Fitness :5594.23 Final Amt :2224.69 Days :236 Avg Daily Profit :0.055 %
Env #:0 Genome_id # :28 Fitness :-10480.7 Final Amt :1603.23 Days :236 Avg Daily Profit :-0.072 %
Env #:0 Genome_id # :29 Fitness :20995.7 Final Amt :2359.86 Days :236 Avg Daily Profit :0.089 %
Env #:0 Genome_id # :27 Fitness :-35503.87 Final Amt :1475.11 Days :236 Avg Daily Profit :-0.111 %
Env #:0 Genome_id # :30 Fitness :28019.66 Final Amt :2533.91 Days :236 Avg Daily Profit :0.118 %
Env #:0 Genome_id # :22 Fitness :0.0 Final Amt :2000.0 Days :236 Avg Daily Profit :0.0 %
Env #:0 Genome_id # :34 Fitness :-10010.04 Final Amt :1974.23 Days :236 Avg Daily Profit :-0.001 %
Env #:0 Genome_id # :32 Fitness :-1328.09 Final Amt :1731.35 Days :236 Avg Daily Profit :-0.041 %
Env #:0 Genome_id # :5 Fitness :-960.06 Final Amt :1731.35 Days :236 Avg Daily Profit :-0.041 %
Env #:0 Genome_id # :33 Fitness :5594.23 Final Amt :2224.69 Days :236 Avg Daily Profit :0.055 %
Env #:0 Genome_id # :21 Fitness :11695.3 Final Amt :3450.33 Days :236 Avg Daily Profit :0.263 %
Env #:0 Genome_id # :4 Fitness :27668.32 Final Amt :5853.71 Days :236 Avg Daily Profit :0.463 %
Env #:0 Genome_id # :16 Fitness :29414.45 Final Amt :1833.03 Days :236 Avg Daily Profit :-0.018 %
Env #:0 Genome_id # :7 Fitness :-16960.39 Final Amt :1767.68 Days :236 Avg Daily Profit :-0.035 %
Env #:0 Genome_id # :23 Fitness :24704.22 Final Amt :2387.78 Days :236 Avg Daily Profit :0.093 %
Env #:0 Genome_id # :36 Fitness :-161.96 Final Amt :1969.76 Days :236 Avg Daily Profit :-0.006 %
Env #:0 Genome_id # :38 Fitness :-584.97 Final Amt :1925.56 Days :236 Avg Daily Profit :-0.015 %
Env #:0 Genome_id # :35 Fitness :-5831.43 Final Amt :2021.12 Days :236 Avg Daily Profit :0.021 %
Env #:0 Genome_id # :40 Fitness :-960.06 Final Amt :1731.35 Days :236 Avg Daily Profit :-0.041 %
Env #:0 Genome_id # :37 Fitness :32537.55 Final Amt :1510.52 Days :236 Avg Daily Profit :-0.096 %
Env #:0 Genome_id # :30 Fitness :28019.66 Final Amt :2533.91 Days :236 Avg Daily Profit :0.118 %
Env #:0 Genome_id # :3 Fitness :35863.86 Final Amt :2273.31 Days :236 Avg Daily Profit :0.081 %
Env #:0 Genome_id # :25 Fitness :26113.4 Final Amt :2453.87 Days :236 Avg Daily Profit :0.104 %
Env #:0 Genome_id # :39 Fitness :35728.93 Final Amt :1373.21 Days :236 Avg Daily Profit :-0.133 %
Env #:0 Genome_id # :41 Fitness :23149.4 Final Amt :2313.27 Days :236 Avg Daily Profit :0.079 %
Env #:0 Genome_id # :22 Fitness :0.0 Final Amt :2000.0 Days :236 Avg Daily Profit :0.0 %
Env #:0 Genome_id # :40 Fitness :-960.06 Final Amt :1731.35 Days :236 Avg Daily Profit :-0.041 %
Env #:0 Genome_id # :44 Fitness :6950.81 Final Amt :1649.05 Days :236 Avg Daily Profit :-0.06 %
Env #:0 Genome_id # :4 Fitness :27668.32 Final Amt :5853.71 Days :236 Avg Daily Profit :0.463 %
Env #:0 Genome_id # :43 Fitness :17928.07 Final Amt :875.61 Days :236 Avg Daily Profit :-0.331 %
Env #:0 Genome_id # :42 Fitness :28474.94 Final Amt :2405.93 Days :236 Avg Daily Profit :0.105 %
Env #:0 Genome_id # :16 Fitness :29414.45 Final Amt :1833.03 Days :236 Avg Daily Profit :-0.018 %
Env #:0 Genome_id # :39 Fitness :35728.93 Final Amt :1373.21 Days :236 Avg Daily Profit :-0.133 %
Env #:0 Genome_id # :7 Fitness :-16960.39 Final Amt :1767.68 Days :236 Avg Daily Profit :-0.035 %
Env #:0 Genome_id # :37 Fitness :32537.55 Final Amt :1510.52 Days :236 Avg Daily Profit :-0.096 %
Env #:0 Genome_id # :30 Fitness :28019.66 Final Amt :2533.91 Days :236 Avg Daily Profit :0.118 %
Env #:0 Genome_id # :46 Fitness :7119.38 Final Amt :2093.32 Days :236 Avg Daily Profit :0.026 %
Env #:0 Genome_id # :45 Fitness :2320.51 Final Amt :1142.95 Days :236 Avg Daily Profit :-0.218 %
Env #:0 Genome_id # :3 Fitness :35863.86 Final Amt :2273.31 Days :236 Avg Daily Profit :0.081 %
Env #:0 Genome_id # :25 Fitness :26113.4 Final Amt :2453.87 Days :236 Avg Daily Profit :0.104 %
Env #:0 Genome_id # :49 Fitness :-23608.48 Final Amt :1465.15 Days :236 Avg Daily Profit :-0.111 %
Env #:0 Genome_id # :21 Fitness :11695.3 Final Amt :3450.33 Days :236 Avg Daily Profit :0.263 %
Env #:0 Genome_id # :47 Fitness :46351.15 Final Amt :2208.2 Days :236 Avg Daily Profit :0.07 %
Env #:0 Genome_id # :23 Fitness :24704.22 Final Amt :2387.78 Days :236 Avg Daily Profit :0.093 %
Env #:0 Genome_id # :48 Fitness :-25687.26 Final Amt :1526.28 Days :236 Avg Daily Profit :-0.097 %
Env #:0 Genome_id # :50 Fitness :6925.79 Final Amt :2054.0 Days :236 Avg Daily Profit :0.041 %
Env #:0 Genome_id # :22 Fitness :0.0 Final Amt :2000.0 Days :236 Avg Daily Profit :0.0 %
Env #:0 Genome_id # :52 Fitness :-488.19 Final Amt :1975.25 Days :236 Avg Daily Profit :-0.005 %
Env #:0 Genome_id # :40 Fitness :-960.06 Final Amt :1731.35 Days :236 Avg Daily Profit :-0.041 %
Env #:0 Genome_id # :54 Fitness :-21787.91 Final Amt :2780.4 Days :236 Avg Daily Profit :0.165 %
Env #:0 Genome_id # :42 Fitness :28474.94 Final Amt :2405.93 Days :236 Avg Daily Profit :0.105 %
Env #:0 Genome_id # :7 Fitness :-16960.39 Final Amt :1767.68 Days :236 Avg Daily Profit :-0.035 %
Env #:0 Genome_id # :16 Fitness :29414.45 Final Amt :1833.03 Days :236 Avg Daily Profit :-0.018 %
Env #:0 Genome_id # :53 Fitness :19787.01 Final Amt :1454.75 Days :236 Avg Daily Profit :-0.114 %
Env #:0 Genome_id # :51 Fitness :-20427.57 Final Amt :1604.63 Days :236 Avg Daily Profit :-0.075 %
Env #:0 Genome_id # :37 Fitness :32537.55 Final Amt :1510.52 Days :236 Avg Daily Profit :-0.096 %
Env #:0 Genome_id # :21 Fitness :11695.3 Final Amt :3450.33 Days :236 Avg Daily Profit :0.263 %
Env #:0 Genome_id # :3 Fitness :35863.86 Final Amt :2273.31 Days :236 Avg Daily Profit :0.081 %
Env #:0 Genome_id # :50 Fitness :6925.79 Final Amt :2054.0 Days :236 Avg Daily Profit :0.041 %
Env #:0 Genome_id # :57 Fitness :1279.81 Final Amt :2017.1 Days :236 Avg Daily Profit :0.024 %
Env #:0 Genome_id # :56 Fitness :-960.06 Final Amt :1731.35 Days :236 Avg Daily Profit :-0.041 %
Env #:0 Genome_id # :55 Fitness :6157.91 Final Amt :1351.75 Days :236 Avg Daily Profit :-0.148 %
Env #:0 Genome_id # :39 Fitness :35728.93 Final Amt :1373.21 Days :236 Avg Daily Profit :-0.133 %
Env #:0 Genome_id # :47 Fitness :46351.15 Final Amt :2208.2 Days :236 Avg Daily Profit :0.07 %
Env #:0 Genome_id # :30 Fitness :28019.66 Final Amt :2533.91 Days :236 Avg Daily Profit :0.118 %
Env #:0 Genome_id # :58 Fitness :24563.44 Final Amt :2331.0 Days :236 Avg Daily Profit :0.082 %
Env #:0 Genome_id # :59 Fitness :-20841.24 Final Amt :1618.13 Days :236 Avg Daily Profit :-0.072 %
Env #:0 Genome_id # :22 Fitness :0.0 Final Amt :2000.0 Days :236 Avg Daily Profit :0.0 %
Env #:0 Genome_id # :40 Fitness :-960.06 Final Amt :1731.35 Days :236 Avg Daily Profit :-0.041 %
Env #:0 Genome_id # :42 Fitness :28474.94 Final Amt :2405.93 Days :236 Avg Daily Profit :0.105 %
Env #:0 Genome_id # :16 Fitness :29414.45 Final Amt :1833.03 Days :236 Avg Daily Profit :-0.018 %
Env #:0 Genome_id # :3 Fitness :35863.86 Final Amt :2273.31 Days :236 Avg Daily Profit :0.081 %
Env #:0 Genome_id # :7 Fitness :-16960.39 Final Amt :1767.68 Days :236 Avg Daily Profit :-0.035 %
Env #:0 Genome_id # :62 Fitness :-17739.14 Final Amt :1526.95 Days :236 Avg Daily Profit :-0.095 %
Env #:0 Genome_id # :37 Fitness :32537.55 Final Amt :1510.52 Days :236 Avg Daily Profit :-0.096 %
Env #:0 Genome_id # :60 Fitness :36898.33 Final Amt :1307.76 Days :236 Avg Daily Profit :-0.16 %
Env #:0 Genome_id # :61 Fitness :24100.02 Final Amt :2658.12 Days :236 Avg Daily Profit :0.142 %
Env #:0 Genome_id # :21 Fitness :11695.3 Final Amt :3450.33 Days :236 Avg Daily Profit :0.263 %
Env #:0 Genome_id # :50 Fitness :6925.79 Final Amt :2054.0 Days :236 Avg Daily Profit :0.041 %
Env #:0 Genome_id # :67 Fitness :316.4 Final Amt :2028.05 Days :236 Avg Daily Profit :0.006 %
Env #:0 Genome_id # :64 Fitness :6663.56 Final Amt :1548.1 Days :236 Avg Daily Profit :-0.085 %
Env #:0 Genome_id # :63 Fitness :10349.36 Final Amt :4882.0 Days :236 Avg Daily Profit :0.407 %
Env #:0 Genome_id # :66 Fitness :-27241.73 Final Amt :1505.75 Days :236 Avg Daily Profit :-0.103 %
Env #:0 Genome_id # :65 Fitness :9520.69 Final Amt :2080.51 Days :236 Avg Daily Profit :0.035 %
Env #:0 Genome_id # :47 Fitness :46351.15 Final Amt :2208.2 Days :236 Avg Daily Profit :0.07 %
Env #:0 Genome_id # :39 Fitness :35728.93 Final Amt :1373.21 Days :236 Avg Daily Profit :-0.133 %
Env #:0 Genome_id # :30 Fitness :28019.66 Final Amt :2533.91 Days :236 Avg Daily Profit :0.118 %
Env #:0 Genome_id # :22 Fitness :0.0 Final Amt :2000.0 Days :236 Avg Daily Profit :0.0 %
Env #:0 Genome_id # :40 Fitness :-960.06 Final Amt :1731.35 Days :236 Avg Daily Profit :-0.041 %
Env #:0 Genome_id # :69 Fitness :2566.26 Final Amt :2233.95 Days :236 Avg Daily Profit :0.075 %
Env #:0 Genome_id # :21 Fitness :11695.3 Final Amt :3450.33 Days :236 Avg Daily Profit :0.263 %
Env #:0 Genome_id # :63 Fitness :10349.36 Final Amt :4882.0 Days :236 Avg Daily Profit :0.407 %
Env #:0 Genome_id # :70 Fitness :20809.71 Final Amt :2384.34 Days :236 Avg Daily Profit :0.094 %
Env #:0 Genome_id # :7 Fitness :-16960.39 Final Amt :1767.68 Days :236 Avg Daily Profit :-0.035 %
Env #:0 Genome_id # :68 Fitness :23713.4 Final Amt :2422.71 Days :236 Avg Daily Profit :0.1 %
Env #:0 Genome_id # :3 Fitness :35863.86 Final Amt :2273.31 Days :236 Avg Daily Profit :0.081 %
Env #:0 Genome_id # :60 Fitness :36898.33 Final Amt :1307.76 Days :236 Avg Daily Profit :-0.16 %
Env #:0 Genome_id # :37 Fitness :32537.55 Final Amt :1510.52 Days :236 Avg Daily Profit :-0.096 %
Env #:0 Genome_id # :16 Fitness :29414.45 Final Amt :1833.03 Days :236 Avg Daily Profit :-0.018 %
Env #:0 Genome_id # :72 Fitness :4165.51 Final Amt :1344.9 Days :236 Avg Daily Profit :-0.144 %
Env #:0 Genome_id # :73 Fitness :9064.17 Final Amt :3188.26 Days :236 Avg Daily Profit :0.229 %
Env #:0 Genome_id # :75 Fitness :16289.9 Final Amt :2134.74 Days :236 Avg Daily Profit :0.047 %
Env #:0 Genome_id # :71 Fitness :21561.57 Final Amt :2266.61 Days :236 Avg Daily Profit :0.07 %
Env #:0 Genome_id # :47 Fitness :46351.15 Final Amt :2208.2 Days :236 Avg Daily Profit :0.07 %
Env #:0 Genome_id # :39 Fitness :35728.93 Final Amt :1373.21 Days :236 Avg Daily Profit :-0.133 %
Env #:0 Genome_id # :30 Fitness :28019.66 Final Amt :2533.91 Days :236 Avg Daily Profit :0.118 %
Env #:0 Genome_id # :74 Fitness :-14728.44 Final Amt :1650.7 Days :236 Avg Daily Profit :-0.061 %
Env #:0 Genome_id # :76 Fitness :3119.98 Final Amt :1761.45 Days :236 Avg Daily Profit :-0.027 %
Env #:0 Genome_id # :22 Fitness :0.0 Final Amt :2000.0 Days :236 Avg Daily Profit :0.0 %
Env #:0 Genome_id # :40 Fitness :-960.06 Final Amt :1731.35 Days :236 Avg Daily Profit :-0.041 %
Env #:0 Genome_id # :21 Fitness :11695.3 Final Amt :3450.33 Days :236 Avg Daily Profit :0.263 %
Env #:0 Genome_id # :75 Fitness :16289.9 Final Amt :2134.74 Days :236 Avg Daily Profit :0.047 %
Env #:0 Genome_id # :68 Fitness :23713.4 Final Amt :2422.71 Days :236 Avg Daily Profit :0.1 %
Env #:0 Genome_id # :3 Fitness :35863.86 Final Amt :2273.31 Days :236 Avg Daily Profit :0.081 %
Env #:0 Genome_id # :78 Fitness :21598.46 Final Amt :2326.76 Days :236 Avg Daily Profit :0.083 %
Env #:0 Genome_id # :77 Fitness :23152.98 Final Amt :2385.76 Days :236 Avg Daily Profit :0.094 %
Env #:0 Genome_id # :79 Fitness :23511.13 Final Amt :2360.71 Days :236 Avg Daily Profit :0.089 %
Env #:0 Genome_id # :60 Fitness :36898.33 Final Amt :1307.76 Days :236 Avg Daily Profit :-0.16 %
Env #:0 Genome_id # :37 Fitness :32537.55 Final Amt :1510.52 Days :236 Avg Daily Profit :-0.096 %
Env #:0 Genome_id # :16 Fitness :29414.45 Final Amt :1833.03 Days :236 Avg Daily Profit :-0.018 %
Env #:0 Genome_id # :82 Fitness :-2123.03 Final Amt :1884.39 Days :236 Avg Daily Profit :-0.024 %
Env #:0 Genome_id # :83 Fitness :-2802.4 Final Amt :1925.26 Days :236 Avg Daily Profit :-0.009 %
Env #:0 Genome_id # :84 Fitness :15639.79 Final Amt :2174.59 Days :236 Avg Daily Profit :0.055 %
Env #:0 Genome_id # :81 Fitness :31311.79 Final Amt :605.38 Days :236 Avg Daily Profit :-0.487 %
Env #:0 Genome_id # :80 Fitness :-17994.04 Final Amt :1264.67 Days :236 Avg Daily Profit :-0.171 %
Env #:0 Genome_id # :30 Fitness :28019.66 Final Amt :2533.91 Days :236 Avg Daily Profit :0.118 %
Env #:0 Genome_id # :47 Fitness :46351.15 Final Amt :2208.2 Days :236 Avg Daily Profit :0.07 %
Env #:0 Genome_id # :39 Fitness :35728.93 Final Amt :1373.21 Days :236 Avg Daily Profit :-0.133 %
Env #:0 Genome_id # :85 Fitness :17489.36 Final Amt :2365.3 Days :236 Avg Daily Profit :0.09 %
Env #:0 Genome_id # :22 Fitness :0.0 Final Amt :2000.0 Days :236 Avg Daily Profit :0.0 %
Env #:0 Genome_id # :86 Fitness :5345.79 Final Amt :2523.61 Days :236 Avg Daily Profit :0.102 %
Env #:0 Genome_id # :89 Fitness :-6222.86 Final Amt :1851.03 Days :236 Avg Daily Profit :-0.03 %
Env #:0 Genome_id # :40 Fitness :-960.06 Final Amt :1731.35 Days :236 Avg Daily Profit :-0.041 %
Env #:0 Genome_id # :87 Fitness :10803.77 Final Amt :3723.11 Days :236 Avg Daily Profit :0.285 %
Env #:0 Genome_id # :75 Fitness :16289.9 Final Amt :2134.74 Days :236 Avg Daily Profit :0.047 %
Env #:0 Genome_id # :88 Fitness :8647.28 Final Amt :968.41 Days :236 Avg Daily Profit :-0.288 %
Env #:0 Genome_id # :68 Fitness :23713.4 Final Amt :2422.71 Days :236 Avg Daily Profit :0.1 %
Env #:0 Genome_id # :3 Fitness :35863.86 Final Amt :2273.31 Days :236 Avg Daily Profit :0.081 %
Env #:0 Genome_id # :79 Fitness :23511.13 Final Amt :2360.71 Days :236 Avg Daily Profit :0.089 %
Env #:0 Genome_id # :90 Fitness :18185.85 Final Amt :1879.35 Days :236 Avg Daily Profit :-0.014 %
Env #:0 Genome_id # :60 Fitness :36898.33 Final Amt :1307.76 Days :236 Avg Daily Profit :-0.16 %
Env #:0 Genome_id # :37 Fitness :32537.55 Final Amt :1510.52 Days :236 Avg Daily Profit :-0.096 %
Env #:0 Genome_id # :91 Fitness :-18998.08 Final Amt :1726.99 Days :236 Avg Daily Profit :-0.045 %
Env #:0 Genome_id # :47 Fitness :46351.15 Final Amt :2208.2 Days :236 Avg Daily Profit :0.07 %
Env #:0 Genome_id # :81 Fitness :31311.79 Final Amt :605.38 Days :236 Avg Daily Profit :-0.487 %
Env #:0 Genome_id # :92 Fitness :10811.23 Final Amt :2275.24 Days :236 Avg Daily Profit :0.075 %
Env #:0 Genome_id # :93 Fitness :26114.27 Final Amt :1478.48 Days :236 Avg Daily Profit :-0.109 %
Env #:0 Genome_id # :39 Fitness :35728.93 Final Amt :1373.21 Days :236 Avg Daily Profit :-0.133 %
Env #:0 Genome_id # :30 Fitness :28019.66 Final Amt :2533.91 Days :236 Avg Daily Profit :0.118 %
Env #:0 Genome_id # :94 Fitness :23123.84 Final Amt :1545.63 Days :236 Avg Daily Profit :-0.082 %
Env #:0 Genome_id # :22 Fitness :0.0 Final Amt :2000.0 Days :236 Avg Daily Profit :0.0 %
Env #:0 Genome_id # :96 Fitness :0.0 Final Amt :2000.0 Days :236 Avg Daily Profit :0.0 %
Env #:0 Genome_id # :86 Fitness :5345.79 Final Amt :2523.61 Days :236 Avg Daily Profit :0.102 %
Env #:0 Genome_id # :75 Fitness :16289.9 Final Amt :2134.74 Days :236 Avg Daily Profit :0.047 %
Env #:0 Genome_id # :95 Fitness :87.84 Final Amt :2250.2 Days :236 Avg Daily Profit :0.071 %
Env #:0 Genome_id # :3 Fitness :35863.86 Final Amt :2273.31 Days :236 Avg Daily Profit :0.081 %
Env #:0 Genome_id # :97 Fitness :43423.87 Final Amt :1684.47 Days :236 Avg Daily Profit :-0.054 %
Env #:0 Genome_id # :68 Fitness :23713.4 Final Amt :2422.71 Days :236 Avg Daily Profit :0.1 %
Env #:0 Genome_id # :39 Fitness :35728.93 Final Amt :1373.21 Days :236 Avg Daily Profit :-0.133 %
Env #:0 Genome_id # :98 Fitness :42338.48 Final Amt :2207.47 Days :236 Avg Daily Profit :0.068 %
Env #:0 Genome_id # :100 Fitness :-5184.09 Final Amt :1605.79 Days :236 Avg Daily Profit :-0.089 %
Env #:0 Genome_id # :37 Fitness :32537.55 Final Amt :1510.52 Days :236 Avg Daily Profit :-0.096 %
Env #:0 Genome_id # :60 Fitness :36898.33 Final Amt :1307.76 Days :236 Avg Daily Profit :-0.16 %
Env #:0 Genome_id # :81 Fitness :31311.79 Final Amt :605.38 Days :236 Avg Daily Profit :-0.487 %
Env #:0 Genome_id # :102 Fitness :20927.74 Final Amt :2322.98 Days :236 Avg Daily Profit :0.082 %
Env #:0 Genome_id # :99 Fitness :33998.21 Final Amt :1232.86 Days :236 Avg Daily Profit :-0.191 %
Env #:0 Genome_id # :93 Fitness :26114.27 Final Amt :1478.48 Days :236 Avg Daily Profit :-0.109 %
Env #:0 Genome_id # :47 Fitness :46351.15 Final Amt :2208.2 Days :236 Avg Daily Profit :0.07 %
Env #:0 Genome_id # :30 Fitness :28019.66 Final Amt :2533.91 Days :236 Avg Daily Profit :0.118 %
Env #:0 Genome_id # :101 Fitness :-22161.77 Final Amt :1556.9 Days :236 Avg Daily Profit :-0.088 %
Env #:0 Genome_id # :86 Fitness :5345.79 Final Amt :2523.61 Days :236 Avg Daily Profit :0.102 %
Env #:0 Genome_id # :103 Fitness :856.81 Final Amt :1629.67 Days :236 Avg Daily Profit :-0.067 %
Env #:0 Genome_id # :75 Fitness :16289.9 Final Amt :2134.74 Days :236 Avg Daily Profit :0.047 %
Env #:0 Genome_id # :99 Fitness :33998.21 Final Amt :1232.86 Days :236 Avg Daily Profit :-0.191 %
Env #:0 Genome_id # :95 Fitness :87.84 Final Amt :2250.2 Days :236 Avg Daily Profit :0.071 %
Env #:0 Genome_id # :105 Fitness :6253.94 Final Amt :648.7 Days :236 Avg Daily Profit :-0.454 %
Env #:0 Genome_id # :37 Fitness :32537.55 Final Amt :1510.52 Days :236 Avg Daily Profit :-0.096 %
Env #:0 Genome_id # :97 Fitness :43423.87 Final Amt :1684.47 Days :236 Avg Daily Profit :-0.054 %
Env #:0 Genome_id # :104 Fitness :-14645.61 Final Amt :1568.53 Days :236 Avg Daily Profit :-0.081 %
Env #:0 Genome_id # :60 Fitness :36898.33 Final Amt :1307.76 Days :236 Avg Daily Profit :-0.16 %
Env #:0 Genome_id # :98 Fitness :42338.48 Final Amt :2207.47 Days :236 Avg Daily Profit :0.068 %
Env #:0 Genome_id # :109 Fitness :-8065.5 Final Amt :1709.39 Days :236 Avg Daily Profit :-0.06 %
Env #:0 Genome_id # :108 Fitness :1200.93 Final Amt :2061.62 Days :236 Avg Daily Profit :0.033 %
Env #:0 Genome_id # :107 Fitness :2123.08 Final Amt :2223.72 Days :236 Avg Daily Profit :0.066 %
Env #:0 Genome_id # :106 Fitness :-105.43 Final Amt :683.54 Days :236 Avg Daily Profit :-0.432 %
Env #:0 Genome_id # :3 Fitness :35863.86 Final Amt :2273.31 Days :236 Avg Daily Profit :0.081 %
Env #:0 Genome_id # :93 Fitness :26114.27 Final Amt :1478.48 Days :236 Avg Daily Profit :-0.109 %
Env #:0 Genome_id # :47 Fitness :46351.15 Final Amt :2208.2 Days :236 Avg Daily Profit :0.07 %
Env #:0 Genome_id # :110 Fitness :19269.07 Final Amt :2268.76 Days :236 Avg Daily Profit :0.072 %
Env #:0 Genome_id # :30 Fitness :28019.66 Final Amt :2533.91 Days :236 Avg Daily Profit :0.118 %
Env #:0 Genome_id # :86 Fitness :5345.79 Final Amt :2523.61 Days :236 Avg Daily Profit :0.102 %
Env #:0 Genome_id # :112 Fitness :-547.67 Final Amt :855.09 Days :236 Avg Daily Profit :-0.341 %
Env #:0 Genome_id # :99 Fitness :33998.21 Final Amt :1232.86 Days :236 Avg Daily Profit :-0.191 %
Env #:0 Genome_id # :111 Fitness :-15439.42 Final Amt :1602.91 Days :236 Avg Daily Profit :-0.074 %
Env #:0 Genome_id # :37 Fitness :32537.55 Final Amt :1510.52 Days :236 Avg Daily Profit :-0.096 %
Env #:0 Genome_id # :97 Fitness :43423.87 Final Amt :1684.47 Days :236 Avg Daily Profit :-0.054 %
Env #:0 Genome_id # :95 Fitness :87.84 Final Amt :2250.2 Days :236 Avg Daily Profit :0.071 %
Env #:0 Genome_id # :98 Fitness :42338.48 Final Amt :2207.47 Days :236 Avg Daily Profit :0.068 %
Env #:0 Genome_id # :60 Fitness :36898.33 Final Amt :1307.76 Days :236 Avg Daily Profit :-0.16 %
Env #:0 Genome_id # :113 Fitness :21650.78 Final Amt :914.31 Days :236 Avg Daily Profit :-0.306 %
Env #:0 Genome_id # :3 Fitness :35863.86 Final Amt :2273.31 Days :236 Avg Daily Profit :0.081 %
Env #:0 Genome_id # :119 Fitness :2756.77 Final Amt :2176.81 Days :236 Avg Daily Profit :0.038 %
Env #:0 Genome_id # :115 Fitness :4927.39 Final Amt :2113.76 Days :236 Avg Daily Profit :0.052 %
Env #:0 Genome_id # :117 Fitness :6217.93 Final Amt :1347.13 Days :236 Avg Daily Profit :-0.149 %
Env #:0 Genome_id # :114 Fitness :28753.16 Final Amt :1247.53 Days :236 Avg Daily Profit :-0.178 %
Env #:0 Genome_id # :93 Fitness :26114.27 Final Amt :1478.48 Days :236 Avg Daily Profit :-0.109 %
Env #:0 Genome_id # :47 Fitness :46351.15 Final Amt :2208.2 Days :236 Avg Daily Profit :0.07 %
Env #:0 Genome_id # :30 Fitness :28019.66 Final Amt :2533.91 Days :236 Avg Daily Profit :0.118 %
Env #:0 Genome_id # :116 Fitness :22888.9 Final Amt :2351.52 Days :236 Avg Daily Profit :0.087 %
Env #:0 Genome_id # :118 Fitness :20933.66 Final Amt :2295.39 Days :236 Avg Daily Profit :0.076 %
Env #:0 Genome_id # :120 Fitness :-25185.5 Final Amt :1489.19 Days :236 Avg Daily Profit :-0.107 %
Env #:0 Genome_id # :86 Fitness :5345.79 Final Amt :2523.61 Days :236 Avg Daily Profit :0.102 %
Env #:0 Genome_id # :123 Fitness :19947.03 Final Amt :1927.7 Days :236 Avg Daily Profit :0.012 %
Env #:0 Genome_id # :122 Fitness :1523.11 Final Amt :2112.44 Days :236 Avg Daily Profit :0.043 %
Env #:0 Genome_id # :99 Fitness :33998.21 Final Amt :1232.86 Days :236 Avg Daily Profit :-0.191 %
Env #:0 Genome_id # :111 Fitness :-15439.42 Final Amt :1602.91 Days :236 Avg Daily Profit :-0.074 %
Env #:0 Genome_id # :97 Fitness :43423.87 Final Amt :1684.47 Days :236 Avg Daily Profit :-0.054 %
Env #:0 Genome_id # :95 Fitness :87.84 Final Amt :2250.2 Days :236 Avg Daily Profit :0.071 %
Env #:0 Genome_id # :37 Fitness :32537.55 Final Amt :1510.52 Days :236 Avg Daily Profit :-0.096 %
Env #:0 Genome_id # :121 Fitness :-19420.8 Final Amt :1288.57 Days :236 Avg Daily Profit :-0.161 %
Env #:0 Genome_id # :60 Fitness :36898.33 Final Amt :1307.76 Days :236 Avg Daily Profit :-0.16 %
Env #:0 Genome_id # :98 Fitness :42338.48 Final Amt :2207.47 Days :236 Avg Daily Profit :0.068 %
Env #:0 Genome_id # :124 Fitness :-960.06 Final Amt :1731.35 Days :236 Avg Daily Profit :-0.041 %
Env #:0 Genome_id # :3 Fitness :35863.86 Final Amt :2273.31 Days :236 Avg Daily Profit :0.081 %
Env #:0 Genome_id # :125 Fitness :13248.0 Final Amt :1496.49 Days :236 Avg Daily Profit :-0.098 %
Env #:0 Genome_id # :128 Fitness :-12087.69 Final Amt :2055.4 Days :236 Avg Daily Profit :0.031 %
Env #:0 Genome_id # :126 Fitness :28004.75 Final Amt :1647.79 Days :236 Avg Daily Profit :-0.053 %
Env #:0 Genome_id # :93 Fitness :26114.27 Final Amt :1478.48 Days :236 Avg Daily Profit :-0.109 %
Env #:0 Genome_id # :47 Fitness :46351.15 Final Amt :2208.2 Days :236 Avg Daily Profit :0.07 %
Env #:0 Genome_id # :30 Fitness :28019.66 Final Amt :2533.91 Days :236 Avg Daily Profit :0.118 %
Env #:0 Genome_id # :127 Fitness :12532.86 Final Amt :2022.89 Days :236 Avg Daily Profit :0.02 %
Env #:0 Genome_id # :86 Fitness :5345.79 Final Amt :2523.61 Days :236 Avg Daily Profit :0.102 %
Env #:0 Genome_id # :99 Fitness :33998.21 Final Amt :1232.86 Days :236 Avg Daily Profit :-0.191 %
Env #:0 Genome_id # :111 Fitness :-15439.42 Final Amt :1602.91 Days :236 Avg Daily Profit :-0.074 %
Env #:0 Genome_id # :95 Fitness :87.84 Final Amt :2250.2 Days :236 Avg Daily Profit :0.071 %
Env #:0 Genome_id # :37 Fitness :32537.55 Final Amt :1510.52 Days :236 Avg Daily Profit :-0.096 %
Env #:0 Genome_id # :97 Fitness :43423.87 Final Amt :1684.47 Days :236 Avg Daily Profit :-0.054 %
Env #:0 Genome_id # :129 Fitness :7806.08 Final Amt :2147.26 Days :236 Avg Daily Profit :0.05 %
Env #:0 Genome_id # :130 Fitness :22456.15 Final Amt :1772.63 Days :236 Avg Daily Profit :-0.043 %
Env #:0 Genome_id # :60 Fitness :36898.33 Final Amt :1307.76 Days :236 Avg Daily Profit :-0.16 %
Env #:0 Genome_id # :98 Fitness :42338.48 Final Amt :2207.47 Days :236 Avg Daily Profit :0.068 %
Env #:0 Genome_id # :3 Fitness :35863.86 Final Amt :2273.31 Days :236 Avg Daily Profit :0.081 %
Env #:0 Genome_id # :135 Fitness :0.0 Final Amt :2000.0 Days :236 Avg Daily Profit :0.0 %
Env #:0 Genome_id # :132 Fitness :-7913.35 Final Amt :1718.44 Days :236 Avg Daily Profit :-0.045 %
Env #:0 Genome_id # :134 Fitness :18863.57 Final Amt :2045.74 Days :236 Avg Daily Profit :0.022 %
Env #:0 Genome_id # :131 Fitness :29351.99 Final Amt :1325.58 Days :236 Avg Daily Profit :-0.147 %
Env #:0 Genome_id # :133 Fitness :11359.61 Final Amt :2008.29 Days :236 Avg Daily Profit :0.017 %
Env #:0 Genome_id # :93 Fitness :26114.27 Final Amt :1478.48 Days :236 Avg Daily Profit :-0.109 %
Env #:0 Genome_id # :136 Fitness :15430.66 Final Amt :1908.47 Days :236 Avg Daily Profit :0.001 %
Env #:0 Genome_id # :30 Fitness :28019.66 Final Amt :2533.91 Days :236 Avg Daily Profit :0.118 %
Env #:0 Genome_id # :47 Fitness :46351.15 Final Amt :2208.2 Days :236 Avg Daily Profit :0.07 %
Env #:0 Genome_id # :137 Fitness :2156.75 Final Amt :1853.11 Days :236 Avg Daily Profit :-0.003 %
Env #:0 Genome_id # :86 Fitness :5345.79 Final Amt :2523.61 Days :236 Avg Daily Profit :0.102 %
Env #:0 Genome_id # :139 Fitness :-9681.49 Final Amt :1587.06 Days :236 Avg Daily Profit :-0.093 %
Env #:0 Genome_id # :99 Fitness :33998.21 Final Amt :1232.86 Days :236 Avg Daily Profit :-0.191 %
Env #:0 Genome_id # :111 Fitness :-15439.42 Final Amt :1602.91 Days :236 Avg Daily Profit :-0.074 %
Env #:0 Genome_id # :95 Fitness :87.84 Final Amt :2250.2 Days :236 Avg Daily Profit :0.071 %
Env #:0 Genome_id # :37 Fitness :32537.55 Final Amt :1510.52 Days :236 Avg Daily Profit :-0.096 %
Env #:0 Genome_id # :97 Fitness :43423.87 Final Amt :1684.47 Days :236 Avg Daily Profit :-0.054 %
Env #:0 Genome_id # :138 Fitness :15154.07 Final Amt :1575.11 Days :236 Avg Daily Profit :-0.08 %
Env #:0 Genome_id # :140 Fitness :9150.34 Final Amt :2040.43 Days :236 Avg Daily Profit :0.04 %
Env #:0 Genome_id # :60 Fitness :36898.33 Final Amt :1307.76 Days :236 Avg Daily Profit :-0.16 %
Env #:0 Genome_id # :144 Fitness :0.0 Final Amt :2000.0 Days :236 Avg Daily Profit :0.0 %
Env #:0 Genome_id # :141 Fitness :1434.06 Final Amt :2104.74 Days :236 Avg Daily Profit :0.041 %
Env #:0 Genome_id # :145 Fitness :-7767.66 Final Amt :2302.0 Days :236 Avg Daily Profit :0.064 %
Env #:0 Genome_id # :98 Fitness :42338.48 Final Amt :2207.47 Days :236 Avg Daily Profit :0.068 %
Env #:0 Genome_id # :3 Fitness :35863.86 Final Amt :2273.31 Days :236 Avg Daily Profit :0.081 %
Env #:0 Genome_id # :143 Fitness :1490.04 Final Amt :2113.72 Days :236 Avg Daily Profit :0.043 %
Env #:0 Genome_id # :142 Fitness :25149.24 Final Amt :2368.4 Days :236 Avg Daily Profit :0.091 %
Env #:0 Genome_id # :93 Fitness :26114.27 Final Amt :1478.48 Days :236 Avg Daily Profit :-0.109 %
Env #:0 Genome_id # :30 Fitness :28019.66 Final Amt :2533.91 Days :236 Avg Daily Profit :0.118 %
Env #:0 Genome_id # :47 Fitness :46351.15 Final Amt :2208.2 Days :236 Avg Daily Profit :0.07 %
Env #:0 Genome_id # :86 Fitness :5345.79 Final Amt :2523.61 Days :236 Avg Daily Profit :0.102 %
Env #:0 Genome_id # :147 Fitness :6009.06 Final Amt :686.74 Days :236 Avg Daily Profit :-0.43 %
Env #:0 Genome_id # :99 Fitness :33998.21 Final Amt :1232.86 Days :236 Avg Daily Profit :-0.191 %
Env #:0 Genome_id # :146 Fitness :13832.6 Final Amt :4524.53 Days :236 Avg Daily Profit :0.355 %
Env #:0 Genome_id # :111 Fitness :-15439.42 Final Amt :1602.91 Days :236 Avg Daily Profit :-0.074 %
Env #:0 Genome_id # :95 Fitness :87.84 Final Amt :2250.2 Days :236 Avg Daily Profit :0.071 %
Env #:0 Genome_id # :97 Fitness :43423.87 Final Amt :1684.47 Days :236 Avg Daily Profit :-0.054 %
Env #:0 Genome_id # :37 Fitness :32537.55 Final Amt :1510.52 Days :236 Avg Daily Profit :-0.096 %
Env #:0 Genome_id # :60 Fitness :36898.33 Final Amt :1307.76 Days :236 Avg Daily Profit :-0.16 %
Env #:0 Genome_id # :98 Fitness :42338.48 Final Amt :2207.47 Days :236 Avg Daily Profit :0.068 %
Env #:0 Genome_id # :3 Fitness :35863.86 Final Amt :2273.31 Days :236 Avg Daily Profit :0.081 %
Env #:0 Genome_id # :148 Fitness :-960.06 Final Amt :1731.35 Days :236 Avg Daily Profit :-0.041 %
Env #:0 Genome_id # :151 Fitness :-1362.94 Final Amt :1731.35 Days :236 Avg Daily Profit :-0.041 %
Env #:0 Genome_id # :93 Fitness :26114.27 Final Amt :1478.48 Days :236 Avg Daily Profit :-0.109 %
Env #:0 Genome_id # :150 Fitness :-15966.07 Final Amt :1692.94 Days :236 Avg Daily Profit :-0.057 %
Env #:0 Genome_id # :47 Fitness :46351.15 Final Amt :2208.2 Days :236 Avg Daily Profit :0.07 %
Env #:0 Genome_id # :30 Fitness :28019.66 Final Amt :2533.91 Days :236 Avg Daily Profit :0.118 %
Env #:0 Genome_id # :149 Fitness :32392.55 Final Amt :2547.02 Days :236 Avg Daily Profit :0.12 %
Env #:0 Genome_id # :152 Fitness :35083.42 Final Amt :2363.62 Days :236 Avg Daily Profit :0.098 %
Env #:0 Genome_id # :153 Fitness :-28292.57 Final Amt :1536.2 Days :236 Avg Daily Profit :-0.103 %
Env #:0 Genome_id # :154 Fitness :21472.82 Final Amt :2275.33 Days :236 Avg Daily Profit :0.072 %
Env #:0 Genome_id # :86 Fitness :5345.79 Final Amt :2523.61 Days :236 Avg Daily Profit :0.102 %
Env #:0 Genome_id # :156 Fitness :26205.27 Final Amt :664.5 Days :236 Avg Daily Profit :-0.45 %
Env #:0 Genome_id # :99 Fitness :33998.21 Final Amt :1232.86 Days :236 Avg Daily Profit :-0.191 %
Env #:0 Genome_id # :155 Fitness :-1867.82 Final Amt :1625.2 Days :236 Avg Daily Profit :-0.063 %
Env #:0 Genome_id # :111 Fitness :-15439.42 Final Amt :1602.91 Days :236 Avg Daily Profit :-0.074 %
Env #:0 Genome_id # :97 Fitness :43423.87 Final Amt :1684.47 Days :236 Avg Daily Profit :-0.054 %
Env #:0 Genome_id # :37 Fitness :32537.55 Final Amt :1510.52 Days :236 Avg Daily Profit :-0.096 %
Env #:0 Genome_id # :95 Fitness :87.84 Final Amt :2250.2 Days :236 Avg Daily Profit :0.071 %
Env #:0 Genome_id # :60 Fitness :36898.33 Final Amt :1307.76 Days :236 Avg Daily Profit :-0.16 %
Env #:0 Genome_id # :157 Fitness :15847.69 Final Amt :2427.55 Days :236 Avg Daily Profit :0.101 %
Env #:0 Genome_id # :98 Fitness :42338.48 Final Amt :2207.47 Days :236 Avg Daily Profit :0.068 %
Env #:0 Genome_id # :3 Fitness :35863.86 Final Amt :2273.31 Days :236 Avg Daily Profit :0.081 %
Env #:0 Genome_id # :160 Fitness :1965.94 Final Amt :2104.74 Days :236 Avg Daily Profit :0.041 %
Env #:0 Genome_id # :158 Fitness :-15282.57 Final Amt :1525.5 Days :236 Avg Daily Profit :-0.093 %
Env #:0 Genome_id # :159 Fitness :24544.06 Final Amt :2389.14 Days :236 Avg Daily Profit :0.092 %
Env #:0 Genome_id # :47 Fitness :46351.15 Final Amt :2208.2 Days :236 Avg Daily Profit :0.07 %
Env #:0 Genome_id # :30 Fitness :28019.66 Final Amt :2533.91 Days :236 Avg Daily Profit :0.118 %
Env #:0 Genome_id # :162 Fitness :21482.23 Final Amt :2293.49 Days :236 Avg Daily Profit :0.078 %
Env #:0 Genome_id # :152 Fitness :35083.42 Final Amt :2363.62 Days :236 Avg Daily Profit :0.098 %
Env #:0 Genome_id # :161 Fitness :28468.5 Final Amt :2501.62 Days :236 Avg Daily Profit :0.112 %
Env #:0 Genome_id # :86 Fitness :5345.79 Final Amt :2523.61 Days :236 Avg Daily Profit :0.102 %
Env #:0 Genome_id # :99 Fitness :33998.21 Final Amt :1232.86 Days :236 Avg Daily Profit :-0.191 %
Env #:0 Genome_id # :111 Fitness :-15439.42 Final Amt :1602.91 Days :236 Avg Daily Profit :-0.074 %
Env #:0 Genome_id # :164 Fitness :-20544.58 Final Amt :2348.31 Days :236 Avg Daily Profit :0.105 %
Env #:0 Genome_id # :98 Fitness :42338.48 Final Amt :2207.47 Days :236 Avg Daily Profit :0.068 %
Env #:0 Genome_id # :95 Fitness :87.84 Final Amt :2250.2 Days :236 Avg Daily Profit :0.071 %
Env #:0 Genome_id # :37 Fitness :32537.55 Final Amt :1510.52 Days :236 Avg Daily Profit :-0.096 %
Env #:0 Genome_id # :60 Fitness :36898.33 Final Amt :1307.76 Days :236 Avg Daily Profit :-0.16 %
Env #:0 Genome_id # :97 Fitness :43423.87 Final Amt :1684.47 Days :236 Avg Daily Profit :-0.054 %
Env #:0 Genome_id # :163 Fitness :17122.68 Final Amt :2260.87 Days :236 Avg Daily Profit :0.071 %
