nohup: ignoring input

 ****** Running generation 0 ****** 

Population's average fitness: 65491.27560 stdev: 61008.90343
Best fitness: 192195.82400 - size: (8, 37) - species 1 - id 1072
Average adjusted fitness: 0.551
Mean genetic distance 2.231, standard deviation 1.014
Population of 20 members in 2 species:
   ID   age  size  fitness  adj fit  stag
  ====  ===  ====  =======  =======  ====
     1    0     8  192195.8    0.563   -83
     2    0    12  142988.0    0.539   -81
Total extinctions: 0
Generation time: 2242.532 sec
Saving checkpoint to neat-checkpoint-0

 ****** Running generation 1 ****** 

Population's average fitness: 43996.31170 stdev: 67103.36753
Best fitness: 192195.82400 - size: (8, 37) - species 1 - id 1072
Average adjusted fitness: 0.426
Mean genetic distance 2.185, standard deviation 0.975
Population of 20 members in 2 species:
   ID   age  size  fitness  adj fit  stag
  ====  ===  ====  =======  =======  ====
     1    1    10  192195.8    0.495   -82
     2    1    10  142988.0    0.358   -80
Total extinctions: 0
Generation time: 2366.798 sec (2304.665 average)
Saving checkpoint to neat-checkpoint-1

 ****** Running generation 2 ****** 

Population's average fitness: 57017.51510 stdev: 70909.15012
Best fitness: 192195.82400 - size: (8, 37) - species 1 - id 1072
Average adjusted fitness: 0.576
Mean genetic distance 2.168, standard deviation 1.065
Population of 20 members in 2 species:
   ID   age  size  fitness  adj fit  stag
  ====  ===  ====  =======  =======  ====
     1    2     9  192195.8    0.536   -81
     2    2    11  142988.0    0.617   -79
Total extinctions: 0
Generation time: 2340.274 sec (2316.535 average)
Saving checkpoint to neat-checkpoint-2

 ****** Running generation 3 ****** 

Population's average fitness: 58064.20095 stdev: 64979.48469
Best fitness: 192195.82400 - size: (8, 37) - species 1 - id 1072
Average adjusted fitness: 0.428
Mean genetic distance 2.194, standard deviation 0.984
Population of 20 members in 2 species:
   ID   age  size  fitness  adj fit  stag
  ====  ===  ====  =======  =======  ====
     1    3    10  192195.8    0.451   -80
     2    3    10  142988.0    0.405   -78
Total extinctions: 0
Generation time: 2337.401 sec (2321.751 average)
Saving checkpoint to neat-checkpoint-3

 ****** Running generation 4 ****** 

Population's average fitness: 51418.31500 stdev: 71081.13590
Best fitness: 192195.82400 - size: (8, 37) - species 1 - id 1072
Average adjusted fitness: 0.429
Mean genetic distance 2.219, standard deviation 0.911
Population of 20 members in 2 species:
   ID   age  size  fitness  adj fit  stag
  ====  ===  ====  =======  =======  ====
     1    4    11  192195.8    0.475   -79
     2    4     9  142988.0    0.383   -77
Total extinctions: 0
Generation time: 2056.942 sec (2268.789 average)
Saving checkpoint to neat-checkpoint-4

 ****** Running generation 5 ****** 

Population's average fitness: 24314.86750 stdev: 85322.55476
Best fitness: 192195.82400 - size: (8, 37) - species 1 - id 1072
Average adjusted fitness: 0.494
Mean genetic distance 2.162, standard deviation 1.052
Population of 20 members in 2 species:
   ID   age  size  fitness  adj fit  stag
  ====  ===  ====  =======  =======  ====
     1    5    10  192195.8    0.459   -78
     2    5    10  142988.0    0.528   -76
Total extinctions: 0
Generation time: 2298.807 sec (2273.792 average)
Saving checkpoint to neat-checkpoint-5

 ****** Running generation 6 ****** 

Population's average fitness: 53729.34445 stdev: 70981.17291
Best fitness: 192195.82400 - size: (8, 37) - species 1 - id 1072
Average adjusted fitness: 0.464
Mean genetic distance 2.209, standard deviation 0.987
Population of 20 members in 2 species:
   ID   age  size  fitness  adj fit  stag
  ====  ===  ====  =======  =======  ====
     1    6     9  192195.8    0.458   -77
     2    6    11  142988.0    0.469   -75
Total extinctions: 0
Generation time: 2315.030 sec (2279.683 average)
Saving checkpoint to neat-checkpoint-6

 ****** Running generation 7 ****** 

Population's average fitness: 34222.60940 stdev: 79207.80748
Best fitness: 192195.82400 - size: (8, 37) - species 1 - id 1072
Average adjusted fitness: 0.422
Mean genetic distance 2.283, standard deviation 0.877
Population of 19 members in 2 species:
   ID   age  size  fitness  adj fit  stag
  ====  ===  ====  =======  =======  ====
     1    7    10  192195.8    0.414   -76
     2    7     9  142988.0    0.431   -74
Total extinctions: 0
Generation time: 2222.395 sec (2272.522 average)
Saving checkpoint to neat-checkpoint-7

 ****** Running generation 8 ****** 

Population's average fitness: 61175.29968 stdev: 68190.50738
Best fitness: 192195.82400 - size: (8, 37) - species 1 - id 1072
Average adjusted fitness: 0.482
Mean genetic distance 2.320, standard deviation 0.928
Population of 20 members in 2 species:
   ID   age  size  fitness  adj fit  stag
  ====  ===  ====  =======  =======  ====
     1    8    10  192195.8    0.493   -75
     2    8    10  138391.5    0.470   -73
Total extinctions: 0
Generation time: 2070.219 sec (2250.044 average)
Saving checkpoint to neat-checkpoint-8

 ****** Running generation 9 ****** 

Population's average fitness: 35406.61960 stdev: 77044.50542
Best fitness: 192195.82400 - size: (8, 37) - species 1 - id 1072
Average adjusted fitness: 0.417
Mean genetic distance 2.228, standard deviation 0.961
Population of 20 members in 2 species:
   ID   age  size  fitness  adj fit  stag
  ====  ===  ====  =======  =======  ====
     1    9     9  192195.8    0.394   -74
     2    9    11  138391.5    0.441   -72
Total extinctions: 0
Generation time: 2204.301 sec (2245.470 average)
Saving checkpoint to neat-checkpoint-9

 ****** Running generation 10 ****** 

Population's average fitness: 63549.17590 stdev: 68420.69397
Best fitness: 192195.82400 - size: (8, 37) - species 1 - id 1072
Average adjusted fitness: 0.455
Mean genetic distance 2.188, standard deviation 0.975
Population of 20 members in 2 species:
   ID   age  size  fitness  adj fit  stag
  ====  ===  ====  =======  =======  ====
     1   10    10  192195.8    0.487   -73
     2   10    10  138391.5    0.423   -71
Total extinctions: 0
Generation time: 2314.861 sec (2252.703 average)
Saving checkpoint to neat-checkpoint-10

 ****** Running generation 11 ****** 

Population's average fitness: 43133.50465 stdev: 72687.70796
Best fitness: 192195.82400 - size: (8, 37) - species 1 - id 1072
Average adjusted fitness: 0.342
Mean genetic distance 2.261, standard deviation 0.967
Population of 20 members in 2 species:
   ID   age  size  fitness  adj fit  stag
  ====  ===  ====  =======  =======  ====
     1   11    11  192195.8    0.394   -72
     2   11     9  138391.5    0.290   -70
Total extinctions: 0
Generation time: 2334.806 sec (2249.503 average)
Saving checkpoint to neat-checkpoint-11

 ****** Running generation 12 ****** 

Population's average fitness: 51403.29275 stdev: 66303.39243
Best fitness: 192195.82400 - size: (8, 37) - species 1 - id 1072
Average adjusted fitness: 0.322
Mean genetic distance 2.246, standard deviation 0.944
Population of 20 members in 2 species:
   ID   age  size  fitness  adj fit  stag
  ====  ===  ====  =======  =======  ====
     1   12    10  192195.8    0.338   -71
     2   12    10  138391.5    0.306   -69
Total extinctions: 0
Generation time: 2396.931 sec (2255.169 average)
Saving checkpoint to neat-checkpoint-12

 ****** Running generation 13 ****** 

Population's average fitness: 43433.26390 stdev: 78174.12568
Best fitness: 192195.82400 - size: (8, 37) - species 1 - id 1072
Average adjusted fitness: 0.472
Mean genetic distance 2.154, standard deviation 1.044
Population of 20 members in 2 species:
   ID   age  size  fitness  adj fit  stag
  ====  ===  ====  =======  =======  ====
     1   13    11  192195.8    0.480   -70
     2   13     9  138391.5    0.465   -68
Total extinctions: 0
Generation time: 2284.012 sec (2249.830 average)
Saving checkpoint to neat-checkpoint-13

 ****** Running generation 14 ****** 

Population's average fitness: 53190.66545 stdev: 79510.06062
Best fitness: 192195.82400 - size: (8, 37) - species 1 - id 1072
Average adjusted fitness: 0.443
Mean genetic distance 2.295, standard deviation 0.807Env #:0 Genome_id # :929 Fitness :93093.53 Final Amt :3864.69 Days :221 Avg Daily Profit :0.317 %
Env #:0 Genome_id # :99 Fitness :142987.96 Final Amt :5613.95 Days :221 Avg Daily Profit :0.481 %
Env #:0 Genome_id # :1072 Fitness :192195.82 Final Amt :3544.37 Days :221 Avg Daily Profit :0.27 %
Env #:0 Genome_id # :785 Fitness :78880.96 Final Amt :4179.81 Days :221 Avg Daily Profit :0.353 %
Env #:0 Genome_id # :914 Fitness :28744.67 Final Amt :2868.41 Days :221 Avg Daily Profit :0.173 %
Env #:0 Genome_id # :31 Fitness :73701.37 Final Amt :3473.46 Days :221 Avg Daily Profit :0.257 %
Env #:0 Genome_id # :4 Fitness :-38577.96 Final Amt :3060.35 Days :221 Avg Daily Profit :0.206 %
Env #:0 Genome_id # :5 Fitness :-12174.38 Final Amt :1776.11 Days :221 Avg Daily Profit :-0.031 %
Env #:0 Genome_id # :8 Fitness :56858.7 Final Amt :3993.15 Days :221 Avg Daily Profit :0.329 %
Env #:0 Genome_id # :9 Fitness :7998.2 Final Amt :2091.23 Days :221 Avg Daily Profit :0.038 %
Env #:0 Genome_id # :13 Fitness :19552.76 Final Amt :1831.51 Days :221 Avg Daily Profit :-0.036 %
Env #:0 Genome_id # :14 Fitness :0.0 Final Amt :2000.0 Days :221 Avg Daily Profit :0.0 %
Env #:0 Genome_id # :16 Fitness :30146.67 Final Amt :2137.0 Days :221 Avg Daily Profit :0.052 %
Env #:0 Genome_id # :17 Fitness :25113.63 Final Amt :2293.68 Days :221 Avg Daily Profit :0.073 %
Env #:0 Genome_id # :23 Fitness :87207.84 Final Amt :2355.3 Days :221 Avg Daily Profit :0.084 %
Env #:0 Genome_id # :24 Fitness :-18557.31 Final Amt :2163.43 Days :221 Avg Daily Profit :0.047 %
Env #:0 Genome_id # :15 Fitness :103335.9 Final Amt :3989.16 Days :221 Avg Daily Profit :0.328 %
Env #:0 Genome_id # :29 Fitness :9230.15 Final Amt :1959.15 Days :221 Avg Daily Profit :0.008 %
Env #:0 Genome_id # :718 Fitness :171763.92 Final Amt :3151.59 Days :221 Avg Daily Profit :0.226 %
Env #:0 Genome_id # :23 Fitness :87207.84 Final Amt :2355.3 Days :221 Avg Daily Profit :0.084 %
Env #:0 Genome_id # :36 Fitness :107610.06 Final Amt :4621.24 Days :221 Avg Daily Profit :0.39 %
Env #:0 Genome_id # :43 Fitness :44587.74 Final Amt :2927.69 Days :221 Avg Daily Profit :0.175 %
Env #:0 Genome_id # :48 Fitness :-29867.99 Final Amt :1412.91 Days :221 Avg Daily Profit :-0.139 %
Env #:0 Genome_id # :49 Fitness :-772.95 Final Amt :1856.76 Days :221 Avg Daily Profit :-0.015 %
Env #:0 Genome_id # :53 Fitness :39399.91 Final Amt :2984.2 Days :221 Avg Daily Profit :0.184 %
Env #:0 Genome_id # :54 Fitness :-24413.93 Final Amt :1545.1 Days :221 Avg Daily Profit :-0.096 %
Env #:0 Genome_id # :60 Fitness :-28033.68 Final Amt :1734.03 Days :221 Avg Daily Profit :-0.041 %
Env #:0 Genome_id # :61 Fitness :-28900.51 Final Amt :3019.52 Days :221 Avg Daily Profit :0.195 %
Env #:0 Genome_id # :63 Fitness :-43403.49 Final Amt :1968.47 Days :221 Avg Daily Profit :0.014 %
Env #:0 Genome_id # :64 Fitness :3556.15 Final Amt :3404.46 Days :221 Avg Daily Profit :0.258 %
Env #:0 Genome_id # :99 Fitness :142987.96 Final Amt :5613.95 Days :221 Avg Daily Profit :0.481 %
Env #:0 Genome_id # :46 Fitness :120631.96 Final Amt :4766.46 Days :221 Avg Daily Profit :0.407 %
Env #:0 Genome_id # :76 Fitness :22366.73 Final Amt :2216.76 Days :221 Avg Daily Profit :0.059 %
Env #:0 Genome_id # :77 Fitness :67955.59 Final Amt :2680.66 Days :221 Avg Daily Profit :0.141 %
Env #:0 Genome_id # :81 Fitness :1685.78 Final Amt :1837.96 Days :221 Avg Daily Profit :-0.019 %
Env #:0 Genome_id # :82 Fitness :4224.81 Final Amt :1989.01 Days :221 Avg Daily Profit :0.011 %
Env #:0 Genome_id # :86 Fitness :13692.59 Final Amt :1995.5 Days :221 Avg Daily Profit :0.017 %
Env #:0 Genome_id # :87 Fitness :-5303.74 Final Amt :1837.96 Days :221 Avg Daily Profit :-0.019 %
Env #:0 Genome_id # :718 Fitness :171763.92 Final Amt :3151.59 Days :221 Avg Daily Profit :0.226 %
Env #:0 Genome_id # :84 Fitness :118435.73 Final Amt :5102.92 Days :221 Avg Daily Profit :0.438 %
Env #:0 Genome_id # :97 Fitness :-50598.29 Final Amt :2025.48 Days :221 Avg Daily Profit :0.029 %
Env #:0 Genome_id # :98 Fitness :33455.37 Final Amt :2306.26 Days :221 Avg Daily Profit :0.083 %
Env #:0 Genome_id # :103 Fitness :78059.65 Final Amt :3561.15 Days :221 Avg Daily Profit :0.27 %
Env #:0 Genome_id # :104 Fitness :138391.53 Final Amt :1878.93 Days :221 Avg Daily Profit :-0.012 %
Env #:0 Genome_id # :105 Fitness :-60809.13 Final Amt :2333.82 Days :221 Avg Daily Profit :0.087 %
Env #:0 Genome_id # :1072 Fitness :192195.82 Final Amt :3544.37 Days :221 Avg Daily Profit :0.27 %
Env #:0 Genome_id # :110 Fitness :15584.29 Final Amt :1906.94 Days :221 Avg Daily Profit :-0.016 %
Env #:0 Genome_id # :111 Fitness :-9625.13 Final Amt :1778.54 Days :221 Avg Daily Profit :-0.044 %
Env #:0 Genome_id # :116 Fitness :-3477.69 Final Amt :1856.18 Days :221 Avg Daily Profit :-0.014 %
Env #:0 Genome_id # :117 Fitness :11359.57 Final Amt :1816.69 Days :221 Avg Daily Profit :-0.018 %
Env #:0 Genome_id # :118 Fitness :7967.61 Final Amt :1979.35 Days :221 Avg Daily Profit :0.01 %
Env #:0 Genome_id # :119 Fitness :-28141.15 Final Amt :1544.39 Days :221 Avg Daily Profit :-0.107 %
Env #:0 Genome_id # :125 Fitness :-5678.93 Final Amt :1906.07 Days :221 Avg Daily Profit :-0.015 %
Env #:0 Genome_id # :126 Fitness :8474.09 Final Amt :1975.13 Days :221 Avg Daily Profit :0.02 %
Env #:0 Genome_id # :130 Fitness :80023.9 Final Amt :2225.22 Days :221 Avg Daily Profit :0.063 %
Env #:0 Genome_id # :131 Fitness :48765.12 Final Amt :3430.6 Days :221 Avg Daily Profit :0.26 %
Env #:0 Genome_id # :718 Fitness :171763.92 Final Amt :3151.59 Days :221 Avg Daily Profit :0.226 %
Env #:0 Genome_id # :84 Fitness :118435.73 Final Amt :5102.92 Days :221 Avg Daily Profit :0.438 %
Env #:0 Genome_id # :139 Fitness :79755.54 Final Amt :2310.71 Days :221 Avg Daily Profit :0.076 %
Env #:0 Genome_id # :140 Fitness :106061.13 Final Amt :5420.85 Days :221 Avg Daily Profit :0.461 %
Env #:0 Genome_id # :142 Fitness :-20212.99 Final Amt :1809.19 Days :221 Avg Daily Profit :-0.025 %
Env #:0 Genome_id # :143 Fitness :30272.92 Final Amt :2734.6 Days :221 Avg Daily Profit :0.146 %
Env #:0 Genome_id # :1072 Fitness :192195.82 Final Amt :3544.37 Days :221 Avg Daily Profit :0.27 %
Env #:0 Genome_id # :718 Fitness :171763.92 Final Amt :3151.59 Days :221 Avg Daily Profit :0.226 %
Env #:0 Genome_id # :104 Fitness :138391.53 Final Amt :1878.93 Days :221 Avg Daily Profit :-0.012 %
Env #:0 Genome_id # :46 Fitness :120631.96 Final Amt :4766.46 Days :221 Avg Daily Profit :0.407 %
Env #:0 Genome_id # :718 Fitness :171763.92 Final Amt :3151.59 Days :221 Avg Daily Profit :0.226 %
Env #:0 Genome_id # :84 Fitness :118435.73 Final Amt :5102.92 Days :221 Avg Daily Profit :0.438 %
Env #:0 Genome_id # :165 Fitness :-12187.56 Final Amt :1871.43 Days :221 Avg Daily Profit :-0.008 %
Env #:0 Genome_id # :166 Fitness :31025.15 Final Amt :2097.48 Days :221 Avg Daily Profit :0.037 %
Env #:0 Genome_id # :172 Fitness :29683.85 Final Amt :2054.02 Days :221 Avg Daily Profit :0.026 %
Env #:0 Genome_id # :173 Fitness :-89802.28 Final Amt :1209.05 Days :221 Avg Daily Profit :-0.222 %
Env #:0 Genome_id # :177 Fitness :-64417.16 Final Amt :2036.13 Days :221 Avg Daily Profit :0.035 %
Env #:0 Genome_id # :178 Fitness :770.36 Final Amt :2005.32 Days :221 Avg Daily Profit :0.003 %
Env #:0 Genome_id # :99 Fitness :119914.36 Final Amt :5542.43 Days :221 Avg Daily Profit :0.471 %
Env #:0 Genome_id # :183 Fitness :-13149.21 Final Amt :1874.67 Days :221 Avg Daily Profit :-0.01 %
Env #:0 Genome_id # :718 Fitness :171763.92 Final Amt :3151.59 Days :221 Avg Daily Profit :0.226 %
Env #:0 Genome_id # :84 Fitness :118435.73 Final Amt :5102.92 Days :221 Avg Daily Profit :0.438 %
Env #:0 Genome_id # :195 Fitness :-28666.6 Final Amt :2093.8 Days :221 Avg Daily Profit :0.04 %
Env #:0 Genome_id # :196 Fitness :-52671.7 Final Amt :1113.13 Days :221 Avg Daily Profit :-0.233 %
Env #:0 Genome_id # :198 Fitness :-38606.82 Final Amt :1809.0 Days :221 Avg Daily Profit :-0.024 %
Env #:0 Genome_id # :199 Fitness :97203.44 Final Amt :2771.12 Days :221 Avg Daily Profit :0.163 %
Env #:0 Genome_id # :1072 Fitness :192195.82 Final Amt :3544.37 Days :221 Avg Daily Profit :0.27 %
Env #:0 Genome_id # :718 Fitness :171763.92 Final Amt :3151.59 Days :221 Avg Daily Profit :0.226 %Env #:0 Genome_id # :941 Fitness :39406.25 Final Amt :2684.56 Days :221 Avg Daily Profit :0.146 %
Env #:0 Genome_id # :263 Fitness :32379.55 Final Amt :3323.74 Days :221 Avg Daily Profit :0.249 %
Env #:0 Genome_id # :245 Fitness :37747.37 Final Amt :3609.68 Days :221 Avg Daily Profit :0.277 %
Env #:0 Genome_id # :937 Fitness :-86927.01 Final Amt :4749.86 Days :221 Avg Daily Profit :0.404 %
Env #:0 Genome_id # :927 Fitness :54960.23 Final Amt :3720.02 Days :221 Avg Daily Profit :0.297 %
Env #:0 Genome_id # :829 Fitness :47208.72 Final Amt :3628.69 Days :221 Avg Daily Profit :0.284 %
Env #:0 Genome_id # :2 Fitness :-20557.48 Final Amt :1844.98 Days :221 Avg Daily Profit :-0.017 %
Env #:0 Genome_id # :3 Fitness :-60034.59 Final Amt :1726.11 Days :221 Avg Daily Profit :-0.053 %
Env #:0 Genome_id # :6 Fitness :61228.59 Final Amt :3511.97 Days :221 Avg Daily Profit :0.267 %
Env #:0 Genome_id # :7 Fitness :-1155.62 Final Amt :1934.02 Days :221 Avg Daily Profit :0.004 %
Env #:0 Genome_id # :99 Fitness :142987.96 Final Amt :5613.95 Days :221 Avg Daily Profit :0.481 %
Env #:0 Genome_id # :1042 Fitness :108554.01 Final Amt :2212.69 Days :221 Avg Daily Profit :0.06 %
Env #:0 Genome_id # :20 Fitness :88330.81 Final Amt :4948.55 Days :221 Avg Daily Profit :0.416 %
Env #:0 Genome_id # :21 Fitness :-10623.8 Final Amt :2498.44 Days :221 Avg Daily Profit :0.114 %
Env #:0 Genome_id # :25 Fitness :0.0 Final Amt :2000.0 Days :221 Avg Daily Profit :0.0 %
Env #:0 Genome_id # :26 Fitness :-126903.53 Final Amt :2529.89 Days :221 Avg Daily Profit :0.129 %
Env #:0 Genome_id # :30 Fitness :606.03 Final Amt :2748.76 Days :221 Avg Daily Profit :0.157 %
Env #:0 Genome_id # :31 Fitness :33516.67 Final Amt :3493.61 Days :221 Avg Daily Profit :0.257 %
Env #:0 Genome_id # :34 Fitness :-1311.55 Final Amt :1905.38 Days :221 Avg Daily Profit :-0.003 %
Env #:0 Genome_id # :35 Fitness :-21546.91 Final Amt :1719.73 Days :221 Avg Daily Profit :-0.045 %
Env #:0 Genome_id # :39 Fitness :-41430.38 Final Amt :1822.99 Days :221 Avg Daily Profit :-0.025 %
Env #:0 Genome_id # :40 Fitness :63748.38 Final Amt :2021.29 Days :221 Avg Daily Profit :0.029 %
Env #:0 Genome_id # :44 Fitness :9369.29 Final Amt :1874.7 Days :221 Avg Daily Profit :0.001 %
Env #:0 Genome_id # :45 Fitness :-48426.27 Final Amt :978.12 Days :221 Avg Daily Profit :-0.293 %
Env #:0 Genome_id # :23 Fitness :87207.84 Final Amt :2355.3 Days :221 Avg Daily Profit :0.084 %
Env #:0 Genome_id # :50 Fitness :23060.0 Final Amt :1980.43 Days :221 Avg Daily Profit :0.014 %
Env #:0 Genome_id # :99 Fitness :142987.96 Final Amt :5613.95 Days :221 Avg Daily Profit :0.481 %
Env #:0 Genome_id # :46 Fitness :120631.96 Final Amt :4766.46 Days :221 Avg Daily Profit :0.407 %
Env #:0 Genome_id # :718 Fitness :171763.92 Final Amt :3151.59 Days :221 Avg Daily Profit :0.226 %
Env #:0 Genome_id # :52 Fitness :91313.69 Final Amt :2239.68 Days :221 Avg Daily Profit :0.06 %
Env #:0 Genome_id # :69 Fitness :44929.67 Final Amt :2986.51 Days :221 Avg Daily Profit :0.188 %
Env #:0 Genome_id # :70 Fitness :-137121.0 Final Amt :1982.36 Days :221 Avg Daily Profit :0.014 %
Env #:0 Genome_id # :74 Fitness :-7961.77 Final Amt :2502.99 Days :221 Avg Daily Profit :0.113 %
Env #:0 Genome_id # :75 Fitness :31892.5 Final Amt :2172.06 Days :221 Avg Daily Profit :0.057 %
Env #:0 Genome_id # :1072 Fitness :192195.82 Final Amt :3544.37 Days :221 Avg Daily Profit :0.27 %
Env #:0 Genome_id # :718 Fitness :171763.92 Final Amt :3151.59 Days :221 Avg Daily Profit :0.226 %
Env #:0 Genome_id # :99 Fitness :142987.96 Final Amt :5613.95 Days :221 Avg Daily Profit :0.481 %
Env #:0 Genome_id # :46 Fitness :120631.96 Final Amt :4766.46 Days :221 Avg Daily Profit :0.407 %
Env #:0 Genome_id # :93 Fitness :0.0 Final Amt :2000.0 Days :221 Avg Daily Profit :0.0 %
Env #:0 Genome_id # :94 Fitness :-69918.76 Final Amt :1591.32 Days :221 Avg Daily Profit :-0.079 %
Env #:0 Genome_id # :1042 Fitness :108554.01 Final Amt :2212.69 Days :221 Avg Daily Profit :0.06 %
Env #:0 Genome_id # :100 Fitness :12553.25 Final Amt :2125.24 Days :221 Avg Daily Profit :0.041 %
Env #:0 Genome_id # :106 Fitness :36410.83 Final Amt :2331.01 Days :221 Avg Daily Profit :0.082 %
Env #:0 Genome_id # :107 Fitness :43512.62 Final Amt :2028.72 Days :221 Avg Daily Profit :0.02 %
Env #:0 Genome_id # :112 Fitness :-5928.46 Final Amt :1868.62 Days :221 Avg Daily Profit :-0.03 %
Env #:0 Genome_id # :114 Fitness :55806.61 Final Amt :2683.29 Days :221 Avg Daily Profit :0.153 %
Env #:0 Genome_id # :115 Fitness :613.69 Final Amt :1864.79 Days :221 Avg Daily Profit :-0.012 %
Env #:0 Genome_id # :84 Fitness :118435.73 Final Amt :5102.92 Days :221 Avg Daily Profit :0.438 %
Env #:0 Genome_id # :120 Fitness :-76908.25 Final Amt :1656.48 Days :221 Avg Daily Profit :-0.056 %
Env #:0 Genome_id # :123 Fitness :-30170.4 Final Amt :2567.76 Days :221 Avg Daily Profit :0.13 %
Env #:0 Genome_id # :124 Fitness :-53936.18 Final Amt :1996.63 Days :221 Avg Daily Profit :0.006 %
Env #:0 Genome_id # :128 Fitness :-20038.29 Final Amt :1727.73 Days :221 Avg Daily Profit :-0.048 %
Env #:0 Genome_id # :129 Fitness :-1095.71 Final Amt :1862.41 Days :221 Avg Daily Profit :-0.012 %
Env #:0 Genome_id # :135 Fitness :-42330.96 Final Amt :1753.41 Days :221 Avg Daily Profit :-0.042 %
Env #:0 Genome_id # :136 Fitness :62416.57 Final Amt :2026.81 Days :221 Avg Daily Profit :0.012 %
Env #:0 Genome_id # :99 Fitness :119914.36 Final Amt :5542.43 Days :221 Avg Daily Profit :0.471 %
Env #:0 Genome_id # :141 Fitness :2525.25 Final Amt :1203.06 Days :221 Avg Daily Profit :-0.2 %
Env #:0 Genome_id # :84 Fitness :118435.73 Final Amt :5102.92 Days :221 Avg Daily Profit :0.438 %
Env #:0 Genome_id # :148 Fitness :-28069.37 Final Amt :1254.3 Days :221 Avg Daily Profit :-0.21 %
Env #:0 Genome_id # :153 Fitness :10802.56 Final Amt :1957.94 Days :221 Avg Daily Profit :0.006 %
Env #:0 Genome_id # :154 Fitness :1786.41 Final Amt :1754.86 Days :221 Avg Daily Profit :-0.039 %
Env #:0 Genome_id # :158 Fitness :-10980.71 Final Amt :1789.97 Days :221 Avg Daily Profit :-0.032 %
Env #:0 Genome_id # :159 Fitness :6880.84 Final Amt :1907.29 Days :221 Avg Daily Profit :0.002 %
Env #:0 Genome_id # :161 Fitness :5688.98 Final Amt :1647.74 Days :221 Avg Daily Profit :-0.058 %
Env #:0 Genome_id # :162 Fitness :-16046.85 Final Amt :1897.25 Days :221 Avg Daily Profit :-0.013 %
Env #:0 Genome_id # :99 Fitness :119914.36 Final Amt :5542.43 Days :221 Avg Daily Profit :0.471 %
Env #:0 Genome_id # :169 Fitness :18639.91 Final Amt :2305.71 Days :221 Avg Daily Profit :0.069 %
Env #:0 Genome_id # :174 Fitness :13652.23 Final Amt :1997.15 Days :221 Avg Daily Profit :0.017 %
Env #:0 Genome_id # :175 Fitness :83084.34 Final Amt :2415.07 Days :221 Avg Daily Profit :0.098 %
Env #:0 Genome_id # :181 Fitness :-60.05 Final Amt :1993.21 Days :221 Avg Daily Profit :-0.001 %
Env #:0 Genome_id # :182 Fitness :73442.63 Final Amt :2049.8 Days :221 Avg Daily Profit :0.019 %
Env #:0 Genome_id # :184 Fitness :9803.03 Final Amt :1937.99 Days :221 Avg Daily Profit :0.007 %
Env #:0 Genome_id # :185 Fitness :-7355.93 Final Amt :1798.08 Days :221 Avg Daily Profit :-0.027 %
Env #:0 Genome_id # :189 Fitness :28392.92 Final Amt :2348.23 Days :221 Avg Daily Profit :0.077 %
Env #:0 Genome_id # :190 Fitness :21986.8 Final Amt :2001.79 Days :221 Avg Daily Profit :0.028 %
Env #:0 Genome_id # :193 Fitness :-20011.14 Final Amt :1864.6 Days :221 Avg Daily Profit :-0.011 %
Env #:0 Genome_id # :194 Fitness :104654.32 Final Amt :5399.83 Days :221 Avg Daily Profit :0.452 %
Env #:0 Genome_id # :200 Fitness :-31996.86 Final Amt :1914.87 Days :221 Avg Daily Profit :-0.005 %
Env #:0 Genome_id # :201 Fitness :84801.57 Final Amt :1779.3 Days :221 Avg Daily Profit :-0.02 %
Env #:0 Genome_id # :205 Fitness :30750.89 Final Amt :2410.35 Days :221 Avg Daily Profit :0.091 %
Env #:0 Genome_id # :206 Fitness :89229.4 Final Amt :4389.06 Days :221 Avg Daily Profit :0.37 %
Env #:0 Genome_id # :209 Fitness :-30021.92 Final Amt :2273.44 Days :221 Avg Daily Profit :0.068 %
Env #:0 Genome_id # :210 Fitness :56493.33 Final Amt :3072.19 Days :221 Avg Daily Profit :0.197 %
Env #:0 Genome_id # :214 Fitness :-22667.67 Final Amt :2428.67 Days :221 Avg Daily Profit :0.093 %Env #:0 Genome_id # :242 Fitness :48845.24 Final Amt :3637.37 Days :221 Avg Daily Profit :0.283 %
Env #:0 Genome_id # :942 Fitness :91478.94 Final Amt :4226.16 Days :221 Avg Daily Profit :0.355 %
Env #:0 Genome_id # :718 Fitness :171763.92 Final Amt :3151.59 Days :221 Avg Daily Profit :0.226 %
Env #:0 Genome_id # :335 Fitness :65644.3 Final Amt :3328.89 Days :221 Avg Daily Profit :0.253 %
Env #:0 Genome_id # :99 Fitness :142987.96 Final Amt :5613.95 Days :221 Avg Daily Profit :0.481 %
Env #:0 Genome_id # :1042 Fitness :108554.01 Final Amt :2212.69 Days :221 Avg Daily Profit :0.06 %
Env #:0 Genome_id # :31 Fitness :73701.37 Final Amt :3473.46 Days :221 Avg Daily Profit :0.257 %
Env #:0 Genome_id # :10 Fitness :19626.15 Final Amt :2069.49 Days :221 Avg Daily Profit :0.029 %
Env #:0 Genome_id # :11 Fitness :-3126.61 Final Amt :1855.97 Days :221 Avg Daily Profit :-0.003 %
Env #:0 Genome_id # :12 Fitness :44039.02 Final Amt :2153.34 Days :221 Avg Daily Profit :0.053 %
Env #:0 Genome_id # :18 Fitness :58596.42 Final Amt :3242.3 Days :221 Avg Daily Profit :0.238 %
Env #:0 Genome_id # :19 Fitness :59681.6 Final Amt :4247.33 Days :221 Avg Daily Profit :0.35 %
Env #:0 Genome_id # :1072 Fitness :192195.82 Final Amt :3544.37 Days :221 Avg Daily Profit :0.27 %
Env #:0 Genome_id # :718 Fitness :171763.92 Final Amt :3151.59 Days :221 Avg Daily Profit :0.226 %
Env #:0 Genome_id # :27 Fitness :5723.43 Final Amt :2350.4 Days :221 Avg Daily Profit :0.096 %
Env #:0 Genome_id # :28 Fitness :31793.92 Final Amt :2204.58 Days :221 Avg Daily Profit :0.055 %
Env #:0 Genome_id # :32 Fitness :3574.43 Final Amt :1890.27 Days :221 Avg Daily Profit :-0.005 %
Env #:0 Genome_id # :33 Fitness :98795.38 Final Amt :4541.96 Days :221 Avg Daily Profit :0.379 %
Env #:0 Genome_id # :37 Fitness :0.0 Final Amt :2000.0 Days :221 Avg Daily Profit :0.0 %
Env #:0 Genome_id # :38 Fitness :74599.22 Final Amt :3983.01 Days :221 Avg Daily Profit :0.32 %
Env #:0 Genome_id # :41 Fitness :22848.81 Final Amt :2017.66 Days :221 Avg Daily Profit :0.031 %
Env #:0 Genome_id # :42 Fitness :4998.28 Final Amt :1976.69 Days :221 Avg Daily Profit :0.019 %
Env #:0 Genome_id # :46 Fitness :120631.96 Final Amt :4766.46 Days :221 Avg Daily Profit :0.407 %
Env #:0 Genome_id # :47 Fitness :-54227.12 Final Amt :1527.91 Days :221 Avg Daily Profit :-0.117 %
Env #:0 Genome_id # :1072 Fitness :192195.82 Final Amt :3544.37 Days :221 Avg Daily Profit :0.27 %
Env #:0 Genome_id # :718 Fitness :171763.92 Final Amt :3151.59 Days :221 Avg Daily Profit :0.226 %
Env #:0 Genome_id # :55 Fitness :0.0 Final Amt :2000.0 Days :221 Avg Daily Profit :0.0 %
Env #:0 Genome_id # :56 Fitness :47392.35 Final Amt :2637.79 Days :221 Avg Daily Profit :0.133 %
Env #:0 Genome_id # :58 Fitness :-21715.09 Final Amt :1957.42 Days :221 Avg Daily Profit :0.012 %
Env #:0 Genome_id # :59 Fitness :-266.9 Final Amt :1920.81 Days :221 Avg Daily Profit :0.002 %
Env #:0 Genome_id # :65 Fitness :-47823.03 Final Amt :1572.16 Days :221 Avg Daily Profit :-0.082 %
Env #:0 Genome_id # :66 Fitness :-64892.32 Final Amt :2010.52 Days :221 Avg Daily Profit :0.007 %
Env #:0 Genome_id # :1042 Fitness :108554.01 Final Amt :2212.69 Days :221 Avg Daily Profit :0.06 %
Env #:0 Genome_id # :71 Fitness :17926.21 Final Amt :2527.86 Days :221 Avg Daily Profit :0.114 %
Env #:0 Genome_id # :52 Fitness :91313.69 Final Amt :2239.68 Days :221 Avg Daily Profit :0.06 %
Env #:0 Genome_id # :78 Fitness :-60929.6 Final Amt :4165.25 Days :221 Avg Daily Profit :0.349 %
Env #:0 Genome_id # :83 Fitness :-65971.04 Final Amt :1909.52 Days :221 Avg Daily Profit :-0.017 %
Env #:0 Genome_id # :84 Fitness :118435.73 Final Amt :5102.92 Days :221 Avg Daily Profit :0.438 %
Env #:0 Genome_id # :88 Fitness :-3997.41 Final Amt :1924.59 Days :221 Avg Daily Profit :-0.008 %
Env #:0 Genome_id # :89 Fitness :26956.7 Final Amt :1333.82 Days :221 Avg Daily Profit :-0.157 %
Env #:0 Genome_id # :90 Fitness :29975.88 Final Amt :2421.67 Days :221 Avg Daily Profit :0.105 %
Env #:0 Genome_id # :91 Fitness :-37909.83 Final Amt :1801.35 Days :221 Avg Daily Profit :-0.027 %
Env #:0 Genome_id # :99 Fitness :119914.36 Final Amt :5542.43 Days :221 Avg Daily Profit :0.471 %
Env #:0 Genome_id # :46 Fitness :120631.96 Final Amt :4766.46 Days :221 Avg Daily Profit :0.407 %
Env #:0 Genome_id # :718 Fitness :171763.92 Final Amt :3151.59 Days :221 Avg Daily Profit :0.226 %
Env #:0 Genome_id # :84 Fitness :118435.73 Final Amt :5102.92 Days :221 Avg Daily Profit :0.438 %
Env #:0 Genome_id # :99 Fitness :119914.36 Final Amt :5542.43 Days :221 Avg Daily Profit :0.471 %
Env #:0 Genome_id # :113 Fitness :-5349.58 Final Amt :1898.66 Days :221 Avg Daily Profit :-0.006 %
Env #:0 Genome_id # :121 Fitness :-35437.56 Final Amt :1799.47 Days :221 Avg Daily Profit :-0.027 %
Env #:0 Genome_id # :122 Fitness :1677.24 Final Amt :1965.12 Days :221 Avg Daily Profit :-0.002 %
Env #:0 Genome_id # :99 Fitness :119914.36 Final Amt :5542.43 Days :221 Avg Daily Profit :0.471 %
Env #:0 Genome_id # :127 Fitness :105976.7 Final Amt :3801.54 Days :221 Avg Daily Profit :0.3 %
Env #:0 Genome_id # :134 Fitness :-655.93 Final Amt :1933.68 Days :221 Avg Daily Profit :0.005 %
Env #:0 Genome_id # :1072 Fitness :192195.82 Final Amt :3544.37 Days :221 Avg Daily Profit :0.27 %
Env #:0 Genome_id # :137 Fitness :-19013.47 Final Amt :2230.44 Days :221 Avg Daily Profit :0.073 %
Env #:0 Genome_id # :138 Fitness :-22906.37 Final Amt :1810.36 Days :221 Avg Daily Profit :-0.028 %
Env #:0 Genome_id # :144 Fitness :-34418.71 Final Amt :1763.12 Days :221 Avg Daily Profit :-0.032 %
Env #:0 Genome_id # :145 Fitness :-30504.77 Final Amt :1260.62 Days :221 Avg Daily Profit :-0.187 %
Env #:0 Genome_id # :146 Fitness :-16357.54 Final Amt :1724.6 Days :221 Avg Daily Profit :-0.052 %
Env #:0 Genome_id # :147 Fitness :2766.78 Final Amt :1955.8 Days :221 Avg Daily Profit :0.009 %
Env #:0 Genome_id # :151 Fitness :95272.64 Final Amt :2456.82 Days :221 Avg Daily Profit :0.103 %
Env #:0 Genome_id # :152 Fitness :-23635.86 Final Amt :2018.33 Days :221 Avg Daily Profit :0.012 %
Env #:0 Genome_id # :156 Fitness :-467.08 Final Amt :1893.04 Days :221 Avg Daily Profit :-0.004 %
Env #:0 Genome_id # :157 Fitness :47109.26 Final Amt :2007.57 Days :221 Avg Daily Profit :0.019 %
Env #:0 Genome_id # :160 Fitness :16522.29 Final Amt :4597.64 Days :221 Avg Daily Profit :0.384 %
Env #:0 Genome_id # :1072 Fitness :192195.82 Final Amt :3544.37 Days :221 Avg Daily Profit :0.27 %
Env #:0 Genome_id # :167 Fitness :78591.82 Final Amt :3711.76 Days :221 Avg Daily Profit :0.293 %
Env #:0 Genome_id # :168 Fitness :-13225.16 Final Amt :1849.54 Days :221 Avg Daily Profit :-0.02 %
Env #:0 Genome_id # :170 Fitness :32483.91 Final Amt :2475.64 Days :221 Avg Daily Profit :0.11 %
Env #:0 Genome_id # :171 Fitness :-52350.95 Final Amt :1518.6 Days :221 Avg Daily Profit :-0.112 %
Env #:0 Genome_id # :1072 Fitness :192195.82 Final Amt :3544.37 Days :221 Avg Daily Profit :0.27 %
Env #:0 Genome_id # :718 Fitness :171763.92 Final Amt :3151.59 Days :221 Avg Daily Profit :0.226 %
Env #:0 Genome_id # :104 Fitness :138391.53 Final Amt :1878.93 Days :221 Avg Daily Profit :-0.012 %
Env #:0 Genome_id # :46 Fitness :120631.96 Final Amt :4766.46 Days :221 Avg Daily Profit :0.407 %
Env #:0 Genome_id # :188 Fitness :-57198.98 Final Amt :1283.88 Days :221 Avg Daily Profit :-0.19 %
Env #:0 Genome_id # :1072 Fitness :192195.82 Final Amt :3544.37 Days :221 Avg Daily Profit :0.27 %
Env #:0 Genome_id # :186 Fitness :177921.72 Final Amt :4148.43 Days :221 Avg Daily Profit :0.335 %
Env #:0 Genome_id # :104 Fitness :138391.53 Final Amt :1878.93 Days :221 Avg Daily Profit :-0.012 %
Env #:0 Genome_id # :84 Fitness :118435.73 Final Amt :5102.92 Days :221 Avg Daily Profit :0.438 %
Env #:0 Genome_id # :204 Fitness :-46239.65 Final Amt :1834.05 Days :221 Avg Daily Profit :-0.014 %
Env #:0 Genome_id # :186 Fitness :177921.72 Final Amt :4148.43 Days :221 Avg Daily Profit :0.335 %
Env #:0 Genome_id # :104 Fitness :138391.53 Final Amt :1878.93 Days :221 Avg Daily Profit :-0.012 %
Env #:0 Genome_id # :216 Fitness :73398.03 Final Amt :2866.6 Days :221 Avg Daily Profit :0.166 %
Env #:0 Genome_id # :217 Fitness :-25189.12 Final Amt :1804.9 Days :221 Avg Daily Profit :-0.025 %Env #:0 Genome_id # :871 Fitness :-28396.53 Final Amt :3348.01 Days :221 Avg Daily Profit :0.239 %
Env #:0 Genome_id # :365 Fitness :38850.32 Final Amt :1648.21 Days :221 Avg Daily Profit :-0.076 %
Env #:0 Genome_id # :1042 Fitness :108554.01 Final Amt :2212.69 Days :221 Avg Daily Profit :0.06 %
Env #:0 Genome_id # :594 Fitness :78705.9 Final Amt :3638.16 Days :221 Avg Daily Profit :0.284 %
Env #:0 Genome_id # :929 Fitness :93093.53 Final Amt :3864.69 Days :221 Avg Daily Profit :0.317 %
Env #:0 Genome_id # :1 Fitness :23952.84 Final Amt :1716.73 Days :221 Avg Daily Profit :-0.057 %
Env #:0 Genome_id # :1072 Fitness :192195.82 Final Amt :3544.37 Days :221 Avg Daily Profit :0.27 %
Env #:0 Genome_id # :718 Fitness :171763.92 Final Amt :3151.59 Days :221 Avg Daily Profit :0.226 %
Env #:0 Genome_id # :929 Fitness :93093.53 Final Amt :3864.69 Days :221 Avg Daily Profit :0.317 %
Env #:0 Genome_id # :15 Fitness :103335.9 Final Amt :3989.16 Days :221 Avg Daily Profit :0.328 %
Env #:0 Genome_id # :31 Fitness :73701.37 Final Amt :3473.46 Days :221 Avg Daily Profit :0.257 %
Env #:0 Genome_id # :22 Fitness :24208.1 Final Amt :2715.56 Days :221 Avg Daily Profit :0.149 %
Env #:0 Genome_id # :99 Fitness :142987.96 Final Amt :5613.95 Days :221 Avg Daily Profit :0.481 %
Env #:0 Genome_id # :1042 Fitness :108554.01 Final Amt :2212.69 Days :221 Avg Daily Profit :0.06 %
Env #:0 Genome_id # :36 Fitness :107610.06 Final Amt :4621.24 Days :221 Avg Daily Profit :0.39 %
Env #:0 Genome_id # :1072 Fitness :192195.82 Final Amt :3544.37 Days :221 Avg Daily Profit :0.27 %
Env #:0 Genome_id # :99 Fitness :142987.96 Final Amt :5613.95 Days :221 Avg Daily Profit :0.481 %
Env #:0 Genome_id # :1042 Fitness :108554.01 Final Amt :2212.69 Days :221 Avg Daily Profit :0.06 %
Env #:0 Genome_id # :51 Fitness :0.0 Final Amt :2000.0 Days :221 Avg Daily Profit :0.0 %
Env #:0 Genome_id # :52 Fitness :91313.69 Final Amt :2239.68 Days :221 Avg Daily Profit :0.06 %
Env #:0 Genome_id # :1042 Fitness :108554.01 Final Amt :2212.69 Days :221 Avg Daily Profit :0.06 %
Env #:0 Genome_id # :57 Fitness :39755.97 Final Amt :2102.12 Days :221 Avg Daily Profit :0.04 %
Env #:0 Genome_id # :62 Fitness :-2786.69 Final Amt :1748.87 Days :221 Avg Daily Profit :-0.035 %
Env #:0 Genome_id # :1072 Fitness :192195.82 Final Amt :3544.37 Days :221 Avg Daily Profit :0.27 %
Env #:0 Genome_id # :67 Fitness :0.0 Final Amt :2000.0 Days :221 Avg Daily Profit :0.0 %
Env #:0 Genome_id # :68 Fitness :-54449.09 Final Amt :1542.02 Days :221 Avg Daily Profit :-0.095 %
Env #:0 Genome_id # :72 Fitness :-18558.34 Final Amt :1782.83 Days :221 Avg Daily Profit :-0.033 %
Env #:0 Genome_id # :73 Fitness :65922.51 Final Amt :2272.5 Days :221 Avg Daily Profit :0.074 %
Env #:0 Genome_id # :79 Fitness :11008.85 Final Amt :1904.64 Days :221 Avg Daily Profit :-0.016 %
Env #:0 Genome_id # :80 Fitness :59141.59 Final Amt :2111.1 Days :221 Avg Daily Profit :0.038 %
Env #:0 Genome_id # :1042 Fitness :108554.01 Final Amt :2212.69 Days :221 Avg Daily Profit :0.06 %
Env #:0 Genome_id # :85 Fitness :35724.6 Final Amt :3697.36 Days :221 Avg Daily Profit :0.288 %
Env #:0 Genome_id # :92 Fitness :-31106.81 Final Amt :1601.5 Days :221 Avg Daily Profit :-0.086 %
Env #:0 Genome_id # :1072 Fitness :192195.82 Final Amt :3544.37 Days :221 Avg Daily Profit :0.27 %
Env #:0 Genome_id # :95 Fitness :-29328.98 Final Amt :1252.64 Days :221 Avg Daily Profit :-0.189 %
Env #:0 Genome_id # :96 Fitness :-81758.53 Final Amt :1628.11 Days :221 Avg Daily Profit :-0.072 %
Env #:0 Genome_id # :101 Fitness :1117.22 Final Amt :1697.24 Days :221 Avg Daily Profit :-0.058 %
Env #:0 Genome_id # :102 Fitness :3469.14 Final Amt :1988.36 Days :221 Avg Daily Profit :0.018 %
Env #:0 Genome_id # :108 Fitness :74522.5 Final Amt :2135.58 Days :221 Avg Daily Profit :0.043 %
Env #:0 Genome_id # :109 Fitness :3576.58 Final Amt :2644.06 Days :221 Avg Daily Profit :0.136 %
Env #:0 Genome_id # :104 Fitness :138391.53 Final Amt :1878.93 Days :221 Avg Daily Profit :-0.012 %
Env #:0 Genome_id # :46 Fitness :120631.96 Final Amt :4766.46 Days :221 Avg Daily Profit :0.407 %
Env #:0 Genome_id # :1072 Fitness :192195.82 Final Amt :3544.37 Days :221 Avg Daily Profit :0.27 %
Env #:0 Genome_id # :718 Fitness :171763.92 Final Amt :3151.59 Days :221 Avg Daily Profit :0.226 %
Env #:0 Genome_id # :104 Fitness :138391.53 Final Amt :1878.93 Days :221 Avg Daily Profit :-0.012 %
Env #:0 Genome_id # :46 Fitness :120631.96 Final Amt :4766.46 Days :221 Avg Daily Profit :0.407 %
Env #:0 Genome_id # :132 Fitness :35195.55 Final Amt :1774.72 Days :221 Avg Daily Profit :-0.04 %
Env #:0 Genome_id # :133 Fitness :-2503.58 Final Amt :1924.84 Days :221 Avg Daily Profit :0.001 %
Env #:0 Genome_id # :104 Fitness :138391.53 Final Amt :1878.93 Days :221 Avg Daily Profit :-0.012 %
Env #:0 Genome_id # :46 Fitness :120631.96 Final Amt :4766.46 Days :221 Avg Daily Profit :0.407 %
Env #:0 Genome_id # :149 Fitness :5992.52 Final Amt :2197.84 Days :221 Avg Daily Profit :0.05 %
Env #:0 Genome_id # :150 Fitness :5116.94 Final Amt :1917.33 Days :221 Avg Daily Profit :0.011 %
Env #:0 Genome_id # :99 Fitness :119914.36 Final Amt :5542.43 Days :221 Avg Daily Profit :0.471 %
Env #:0 Genome_id # :155 Fitness :-8527.14 Final Amt :1734.93 Days :221 Avg Daily Profit :-0.039 %
Env #:0 Genome_id # :163 Fitness :41589.55 Final Amt :1804.94 Days :221 Avg Daily Profit :-0.02 %
Env #:0 Genome_id # :164 Fitness :759.15 Final Amt :1944.45 Days :221 Avg Daily Profit :0.006 %
Env #:0 Genome_id # :104 Fitness :138391.53 Final Amt :1878.93 Days :221 Avg Daily Profit :-0.012 %
Env #:0 Genome_id # :46 Fitness :120631.96 Final Amt :4766.46 Days :221 Avg Daily Profit :0.407 %
Env #:0 Genome_id # :84 Fitness :118435.73 Final Amt :5102.92 Days :221 Avg Daily Profit :0.438 %
Env #:0 Genome_id # :176 Fitness :0.0 Final Amt :2000.0 Days :221 Avg Daily Profit :0.0 %
Env #:0 Genome_id # :179 Fitness :3052.0 Final Amt :1924.91 Days :221 Avg Daily Profit :0.006 %
Env #:0 Genome_id # :180 Fitness :-40846.81 Final Amt :1564.72 Days :221 Avg Daily Profit :-0.094 %
Env #:0 Genome_id # :186 Fitness :177921.72 Final Amt :4148.43 Days :221 Avg Daily Profit :0.335 %
Env #:0 Genome_id # :187 Fitness :9012.64 Final Amt :2751.64 Days :221 Avg Daily Profit :0.161 %
Env #:0 Genome_id # :191 Fitness :-20157.27 Final Amt :1851.39 Days :221 Avg Daily Profit :-0.015 %
Env #:0 Genome_id # :192 Fitness :49919.38 Final Amt :2386.4 Days :221 Avg Daily Profit :0.091 %
Env #:0 Genome_id # :46 Fitness :120631.96 Final Amt :4766.46 Days :221 Avg Daily Profit :0.407 %
Env #:0 Genome_id # :197 Fitness :69443.85 Final Amt :2560.75 Days :221 Avg Daily Profit :0.124 %
Env #:0 Genome_id # :202 Fitness :46260.76 Final Amt :1928.08 Days :221 Avg Daily Profit :0.001 %
Env #:0 Genome_id # :203 Fitness :55135.69 Final Amt :2197.76 Days :221 Avg Daily Profit :0.056 %
Env #:0 Genome_id # :207 Fitness :0.0 Final Amt :2000.0 Days :221 Avg Daily Profit :0.0 %
Env #:0 Genome_id # :208 Fitness :-9991.43 Final Amt :1887.96 Days :221 Avg Daily Profit :-0.012 %
Env #:0 Genome_id # :212 Fitness :65115.5 Final Amt :2184.46 Days :221 Avg Daily Profit :0.053 %
Env #:0 Genome_id # :213 Fitness :-29569.27 Final Amt :3101.34 Days :221 Avg Daily Profit :0.207 %
Env #:0 Genome_id # :219 Fitness :-90557.16 Final Amt :2297.55 Days :221 Avg Daily Profit :0.083 %
Env #:0 Genome_id # :220 Fitness :-7616.76 Final Amt :1805.67 Days :221 Avg Daily Profit :-0.027 %
Env #:0 Genome_id # :221 Fitness :0.0 Final Amt :2000.0 Days :221 Avg Daily Profit :0.0 %
Env #:0 Genome_id # :222 Fitness :424.55 Final Amt :1923.34 Days :221 Avg Daily Profit :0.002 %
Env #:0 Genome_id # :226 Fitness :7751.44 Final Amt :1928.75 Days :221 Avg Daily Profit :0.007 %
Env #:0 Genome_id # :227 Fitness :-47695.57 Final Amt :1939.52 Days :221 Avg Daily Profit :0.016 %
Env #:0 Genome_id # :230 Fitness :-158115.13 Final Amt :3266.77 Days :221 Avg Daily Profit :0.234 %
Env #:0 Genome_id # :231 Fitness :86006.63 Final Amt :1463.37 Days :221 Avg Daily Profit :-0.123 %
Env #:0 Genome_id # :235 Fitness :-5394.91 Final Amt :1869.62 Days :221 Avg Daily Profit :-0.022 %
Env #:0 Genome_id # :236 Fitness :-27437.78 Final Amt :1745.72 Days :221 Avg Daily Profit :-0.046 %
Population of 20 members in 2 species:
   ID   age  size  fitness  adj fit  stag
  ====  ===  ====  =======  =======  ====
     1   14    10  192195.8    0.436   -69
     2   14    10  177921.7    0.451   -67
Total extinctions: 0
Generation time: 2286.656 sec (2272.802 average)
Saving checkpoint to neat-checkpoint-14

 ****** Running generation 15 ****** 

Population's average fitness: 64590.14680 stdev: 73070.71372
Best fitness: 192195.82400 - size: (8, 37) - species 1 - id 1072
Average adjusted fitness: 0.465
Mean genetic distance 2.298, standard deviation 0.938
Population of 20 members in 2 species:
   ID   age  size  fitness  adj fit  stag
  ====  ===  ====  =======  =======  ====
     1   15     9  192195.8    0.434   -68
     2   15    11  177921.7    0.496   -66
Total extinctions: 0
Generation time: 2312.833 sec (2274.204 average)
Saving checkpoint to neat-checkpoint-15

 ****** Running generation 16 ****** 

Population's average fitness: 54221.19685 stdev: 78516.80017
Best fitness: 192195.82400 - size: (8, 37) - species 1 - id 1072
Average adjusted fitness: 0.512
Mean genetic distance 2.294, standard deviation 0.923
Population of 20 members in 2 species:
   ID   age  size  fitness  adj fit  stag
  ====  ===  ====  =======  =======  ====
     1   16    10  192195.8    0.510   -67
     2   16    10  177921.7    0.514   -65
Total extinctions: 0
Generation time: 2286.932 sec (2271.395 average)
Saving checkpoint to neat-checkpoint-16

 ****** Running generation 17 ****** 

Population's average fitness: 36727.01015 stdev: 91694.87495
Best fitness: 192195.82400 - size: (8, 37) - species 1 - id 1072
Average adjusted fitness: 0.556
Mean genetic distance 2.278, standard deviation 0.890
Population of 20 members in 2 species:
   ID   age  size  fitness  adj fit  stag
  ====  ===  ====  =======  =======  ====
     1   17    11  192195.8    0.596   -66
     2   17     9  177921.7    0.517   -64
Total extinctions: 0
Generation time: 2260.925 sec (2275.248 average)
Saving checkpoint to neat-checkpoint-17

 ****** Running generation 18 ****** 

Population's average fitness: 35333.45115 stdev: 83012.24046
Best fitness: 192195.82400 - size: (8, 37) - species 1 - id 1072
Average adjusted fitness: 0.441
Mean genetic distance 2.297, standard deviation 0.852
Population of 20 members in 2 species:
   ID   age  size  fitness  adj fit  stag
  ====  ===  ====  =======  =======  ====
     1   18    10  192195.8    0.415   -65
     2   18    10  177921.7    0.467   -63
Total extinctions: 0
Generation time: 2256.828 sec (2293.909 average)
Saving checkpoint to neat-checkpoint-18

 ****** Running generation 19 ****** 

Population's average fitness: 66582.23140 stdev: 80013.93031
Best fitness: 201329.78400 - size: (6, 36) - species 2 - id 259
Average adjusted fitness: 0.446
Mean genetic distance 2.296, standard deviation 0.858
Population of 20 members in 2 species:
   ID   age  size  fitness  adj fit  stag
  ====  ===  ====  =======  =======  ====
     1   19     9  192195.8    0.402   -64
     2   19    11  201329.8    0.491     0
Total extinctions: 0
Generation time: 2164.398 sec (2289.918 average)
Saving checkpoint to neat-checkpoint-19

 ****** Running generation 20 ****** 

Population's average fitness: 64720.91890 stdev: 78465.47087
Best fitness: 201329.78400 - size: (6, 36) - species 2 - id 259
Average adjusted fitness: 0.439
Mean genetic distance 2.373, standard deviation 0.812
Population of 20 members in 2 species:
   ID   age  size  fitness  adj fit  stag
  ====  ===  ====  =======  =======  ====
     1   20    10  192195.8    0.510   -63
     2   20    10  201329.8    0.368     1
Total extinctions: 0
Generation time: 2238.367 sec (2282.269 average)
Saving checkpoint to neat-checkpoint-20

 ****** Running generation 21 ****** 

Population's average fitness: 62699.58465 stdev: 81691.09855
Best fitness: 201329.78400 - size: (6, 36) - species 2 - id 259
Average adjusted fitness: 0.447
Mean genetic distance 2.176, standard deviation 0.973
Population of 20 members in 2 species:
   ID   age  size  fitness  adj fit  stag
  ====  ===  ====  =======  =======  ====
     1   21    11  192195.8    0.482   -62
     2   21     9  201329.8    0.411     2
Total extinctions: 0
Generation time: 2306.751 sec (2279.464 average)
Saving checkpoint to neat-checkpoint-21

 ****** Running generation 22 ****** 

Population's average fitness: 61172.27080 stdev: 81043.33762
Best fitness: 201329.78400 - size: (6, 36) - species 2 - id 259
Average adjusted fitness: 0.458
Mean genetic distance 2.182, standard deviation 0.949
Population of 20 members in 2 species:
   ID   age  size  fitness  adj fit  stag
  ====  ===  ====  =======  =======  ====
     1   22    10  192195.8    0.403   -61
     2   22    10  201329.8    0.512     3
Total extinctions: 0
Generation time: 2278.468 sec (2267.617 average)
Saving checkpoint to neat-checkpoint-22

 ****** Running generation 23 ****** 

Population's average fitness: 41290.49485 stdev: 105683.40266
Best fitness: 201329.78400 - size: (6, 36) - species 2 - id 259
Average adjusted fitness: 0.649
Mean genetic distance 2.166, standard deviation 0.972
Population of 20 members in 2 species:
   ID   age  size  fitness  adj fit  stag
  ====  ===  ====  =======  =======  ====
     1   23    11  192195.8    0.677   -60
     2   23     9  201329.8    0.621     4
Total extinctions: 0
Generation time: 2311.292 sec (2270.345 average)
Saving checkpoint to neat-checkpoint-23

 ****** Running generation 24 ****** 

Population's average fitness: 49265.18825 stdev: 87973.89625
Best fitness: 201329.78400 - size: (6, 36) - species 2 - id 259
Average adjusted fitness: 0.518
Mean genetic distance 2.270, standard deviation 0.937
Population of 20 members in 2 species:
   ID   age  size  fitness  adj fit  stag
  ====  ===  ====  =======  =======  ====
     1   24    10  192195.8    0.464   -59
     2   24    10  201329.8    0.572     5
Total extinctions: 0
Generation time: 2251.198 sec (2266.799 average)
Saving checkpoint to neat-checkpoint-24

 ****** Running generation 25 ****** 

Population's average fitness: 66915.21180 stdev: 81024.58154
Best fitness: 201329.78400 - size: (6, 36) - species 2 - id 259
Average adjusted fitness: 0.461
Mean genetic distance 2.182, standard deviation 0.967
Population of 20 members in 2 species:
   ID   age  size  fitness  adj fit  stag
  ====  ===  ====  =======  =======  ====
     1   25     9  192195.8    0.428   -58
     2   25    11  201329.8    0.495     6
Total extinctions: 0
Generation time: 2225.047 sec (2258.021 average)
Saving checkpoint to neat-checkpoint-25

 ****** Running generation 26 ****** 

Population's average fitness: 42621.88390 stdev: 93616.25513
Best fitness: 201329.78400 - size: (6, 36) - species 2 - id 259
Average adjusted fitness: 0.498
Mean genetic distance 2.208, standard deviation 0.954
Population of 20 members in 2 species:
   ID   age  size  fitness  adj fit  stag
  ====  ===  ====  =======  =======  ====
     1   26    10  192195.8    0.482   -57
     2   26    10  201329.8    0.514     7
Total extinctions: 0
Generation time: 2282.517 sec (2257.579 average)
Saving checkpoint to neat-checkpoint-26

 ****** Running generation 27 ****** 

Population's average fitness: 64872.10770 stdev: 81290.06369
Best fitness: 201329.78400 - size: (6, 36) - species 2 - id 259
Average adjusted fitness: 0.470
Mean genetic distance 2.167, standard deviation 0.958
Population of 20 members in 2 species:
   ID   age  size  fitness  adj fit  stag
  ====  ===  ====  =======  =======  ====
     1   27     9  192195.8    0.416   -56
     2   27    11  201329.8    0.524     8
Total extinctions: 0
Generation time: 2289.212 sec (2260.408 average)
Saving checkpoint to neat-checkpoint-27

 ****** Running generation 28 ****** 

Population's average fitness: 55329.25290 stdev: 86992.90492
Best fitness: 201329.78400 - size: (6, 36) - species 2 - id 259
Average adjusted fitness: 0.554
Mean genetic distance 2.209, standard deviation 0.986
Population of 20 members in 2 species:
   ID   age  size  fitness  adj fit  stag
  ====  ===  ====  =======  =======  ====
     1   28    10  192195.8    0.580   -55
     2   28    10  201329.8    0.528     9
Env #:0 Genome_id # :46 Fitness :120631.96 Final Amt :4766.46 Days :221 Avg Daily Profit :0.407 %
Env #:0 Genome_id # :225 Fitness :-57007.74 Final Amt :1764.82 Days :221 Avg Daily Profit :-0.038 %
Env #:0 Genome_id # :233 Fitness :-3465.49 Final Amt :1911.63 Days :221 Avg Daily Profit :-0.004 %
Env #:0 Genome_id # :234 Fitness :-7481.68 Final Amt :1866.5 Days :221 Avg Daily Profit :-0.011 %
Env #:0 Genome_id # :46 Fitness :120631.96 Final Amt :4766.46 Days :221 Avg Daily Profit :0.407 %
Env #:0 Genome_id # :239 Fitness :-2335.07 Final Amt :1904.86 Days :221 Avg Daily Profit :-0.003 %
Env #:0 Genome_id # :718 Fitness :171763.92 Final Amt :3151.59 Days :221 Avg Daily Profit :0.226 %
Env #:0 Genome_id # :84 Fitness :118435.73 Final Amt :5102.92 Days :221 Avg Daily Profit :0.438 %
Env #:0 Genome_id # :249 Fitness :-64201.47 Final Amt :1566.2 Days :221 Avg Daily Profit :-0.082 %
Env #:0 Genome_id # :250 Fitness :-25218.27 Final Amt :1667.4 Days :221 Avg Daily Profit :-0.062 %
Env #:0 Genome_id # :254 Fitness :-42077.53 Final Amt :1520.16 Days :221 Avg Daily Profit :-0.108 %
Env #:0 Genome_id # :255 Fitness :123203.75 Final Amt :1776.04 Days :221 Avg Daily Profit :-0.042 %
Env #:0 Genome_id # :1072 Fitness :192195.82 Final Amt :3544.37 Days :221 Avg Daily Profit :0.27 %
Env #:0 Genome_id # :718 Fitness :171763.92 Final Amt :3151.59 Days :221 Avg Daily Profit :0.226 %
Env #:0 Genome_id # :1072 Fitness :192195.82 Final Amt :3544.37 Days :221 Avg Daily Profit :0.27 %
Env #:0 Genome_id # :718 Fitness :171763.92 Final Amt :3151.59 Days :221 Avg Daily Profit :0.226 %
Env #:0 Genome_id # :275 Fitness :32473.5 Final Amt :3962.61 Days :221 Avg Daily Profit :0.319 %
Env #:0 Genome_id # :276 Fitness :36286.66 Final Amt :2635.99 Days :221 Avg Daily Profit :0.146 %
Env #:0 Genome_id # :267 Fitness :121332.08 Final Amt :5290.94 Days :221 Avg Daily Profit :0.449 %
Env #:0 Genome_id # :281 Fitness :133933.14 Final Amt :2563.23 Days :221 Avg Daily Profit :0.119 %
Env #:0 Genome_id # :286 Fitness :30400.28 Final Amt :2232.9 Days :221 Avg Daily Profit :0.065 %
Env #:0 Genome_id # :287 Fitness :-20627.36 Final Amt :2391.97 Days :221 Avg Daily Profit :0.093 %
Env #:0 Genome_id # :281 Fitness :133933.14 Final Amt :2563.23 Days :221 Avg Daily Profit :0.119 %
Env #:0 Genome_id # :295 Fitness :-36269.8 Final Amt :1784.43 Days :221 Avg Daily Profit :-0.034 %
Env #:0 Genome_id # :186 Fitness :177921.72 Final Amt :4148.43 Days :221 Avg Daily Profit :0.335 %
Env #:0 Genome_id # :104 Fitness :138391.53 Final Amt :1878.93 Days :221 Avg Daily Profit :-0.012 %
Env #:0 Genome_id # :281 Fitness :133933.14 Final Amt :2563.23 Days :221 Avg Daily Profit :0.119 %
Env #:0 Genome_id # :309 Fitness :-1634.57 Final Amt :1892.08 Days :221 Avg Daily Profit :-0.005 %
Env #:0 Genome_id # :314 Fitness :-18413.9 Final Amt :1800.39 Days :221 Avg Daily Profit :-0.03 %
Env #:0 Genome_id # :315 Fitness :7206.18 Final Amt :2077.48 Days :221 Avg Daily Profit :0.032 %
Env #:0 Genome_id # :1072 Fitness :192195.82 Final Amt :3544.37 Days :221 Avg Daily Profit :0.27 %
Env #:0 Genome_id # :718 Fitness :171763.92 Final Amt :3151.59 Days :221 Avg Daily Profit :0.226 %
Env #:0 Genome_id # :186 Fitness :177921.72 Final Amt :4148.43 Days :221 Avg Daily Profit :0.335 %
Env #:0 Genome_id # :104 Fitness :138391.53 Final Amt :1878.93 Days :221 Avg Daily Profit :-0.012 %
Env #:0 Genome_id # :1072 Fitness :192195.82 Final Amt :3544.37 Days :221 Avg Daily Profit :0.27 %
Env #:0 Genome_id # :718 Fitness :171763.92 Final Amt :3151.59 Days :221 Avg Daily Profit :0.226 %
Env #:0 Genome_id # :345 Fitness :-17048.86 Final Amt :2213.81 Days :221 Avg Daily Profit :0.057 %
Env #:0 Genome_id # :346 Fitness :112985.56 Final Amt :2017.97 Days :221 Avg Daily Profit :0.016 %
Env #:0 Genome_id # :1072 Fitness :192195.82 Final Amt :3544.37 Days :221 Avg Daily Profit :0.27 %
Env #:0 Genome_id # :718 Fitness :171763.92 Final Amt :3151.59 Days :221 Avg Daily Profit :0.226 %
Env #:0 Genome_id # :357 Fitness :75822.77 Final Amt :2185.31 Days :221 Avg Daily Profit :0.058 %
Env #:0 Genome_id # :358 Fitness :-17931.32 Final Amt :1849.69 Days :221 Avg Daily Profit :-0.017 %
Env #:0 Genome_id # :281 Fitness :133933.14 Final Amt :2563.23 Days :221 Avg Daily Profit :0.119 %
Env #:0 Genome_id # :365 Fitness :-56200.5 Final Amt :2280.5 Days :221 Avg Daily Profit :0.078 %
Env #:0 Genome_id # :259 Fitness :201329.78 Final Amt :3945.05 Days :221 Avg Daily Profit :0.318 %
Env #:0 Genome_id # :186 Fitness :177921.72 Final Amt :4148.43 Days :221 Avg Daily Profit :0.335 %
Env #:0 Genome_id # :377 Fitness :46909.16 Final Amt :3176.31 Days :221 Avg Daily Profit :0.221 %
Env #:0 Genome_id # :378 Fitness :89806.32 Final Amt :2451.7 Days :221 Avg Daily Profit :0.105 %
Env #:0 Genome_id # :380 Fitness :-1741.78 Final Amt :1967.35 Days :221 Avg Daily Profit :0.011 %
Env #:0 Genome_id # :381 Fitness :3790.97 Final Amt :1466.86 Days :221 Avg Daily Profit :-0.124 %
Env #:0 Genome_id # :387 Fitness :-124128.79 Final Amt :1529.94 Days :221 Avg Daily Profit :-0.093 %
Env #:0 Genome_id # :388 Fitness :-16296.56 Final Amt :1736.71 Days :221 Avg Daily Profit :-0.045 %
Env #:0 Genome_id # :1072 Fitness :192195.82 Final Amt :3544.37 Days :221 Avg Daily Profit :0.27 %
Env #:0 Genome_id # :718 Fitness :171763.92 Final Amt :3151.59 Days :221 Avg Daily Profit :0.226 %
Env #:0 Genome_id # :104 Fitness :138391.53 Final Amt :1878.93 Days :221 Avg Daily Profit :-0.012 %
Env #:0 Genome_id # :400 Fitness :16846.16 Final Amt :2093.77 Days :221 Avg Daily Profit :0.039 %

Env #:0 Genome_id # :215 Fitness :72597.06 Final Amt :3549.79 Days :221 Avg Daily Profit :0.266 %
Env #:0 Genome_id # :718 Fitness :171763.92 Final Amt :3151.59 Days :221 Avg Daily Profit :0.226 %
Env #:0 Genome_id # :84 Fitness :118435.73 Final Amt :5102.92 Days :221 Avg Daily Profit :0.438 %
Env #:0 Genome_id # :223 Fitness :6206.97 Final Amt :1916.25 Days :221 Avg Daily Profit :0.0 %
Env #:0 Genome_id # :224 Fitness :90912.93 Final Amt :2302.48 Days :221 Avg Daily Profit :0.077 %
Env #:0 Genome_id # :228 Fitness :-16159.05 Final Amt :3372.41 Days :221 Avg Daily Profit :0.244 %
Env #:0 Genome_id # :229 Fitness :-23411.69 Final Amt :1807.43 Days :221 Avg Daily Profit :-0.025 %
Env #:0 Genome_id # :84 Fitness :118435.73 Final Amt :5102.92 Days :221 Avg Daily Profit :0.438 %
Env #:0 Genome_id # :232 Fitness :14254.4 Final Amt :1884.82 Days :221 Avg Daily Profit :-0.013 %
Env #:0 Genome_id # :237 Fitness :-36720.71 Final Amt :1563.01 Days :221 Avg Daily Profit :-0.101 %
Env #:0 Genome_id # :238 Fitness :90076.81 Final Amt :2369.41 Days :221 Avg Daily Profit :0.082 %
Env #:0 Genome_id # :242 Fitness :4566.03 Final Amt :2001.18 Days :221 Avg Daily Profit :0.014 %
Env #:0 Genome_id # :243 Fitness :11407.08 Final Amt :3241.72 Days :221 Avg Daily Profit :0.232 %
Env #:0 Genome_id # :244 Fitness :-18617.23 Final Amt :1769.0 Days :221 Avg Daily Profit :-0.039 %
Env #:0 Genome_id # :1072 Fitness :192195.82 Final Amt :3544.37 Days :221 Avg Daily Profit :0.27 %
Env #:0 Genome_id # :46 Fitness :120631.96 Final Amt :4766.46 Days :221 Avg Daily Profit :0.407 %
Env #:0 Genome_id # :253 Fitness :15693.94 Final Amt :1133.05 Days :221 Avg Daily Profit :-0.232 %
Env #:0 Genome_id # :84 Fitness :118435.73 Final Amt :5102.92 Days :221 Avg Daily Profit :0.438 %
Env #:0 Genome_id # :260 Fitness :7271.11 Final Amt :2065.11 Days :221 Avg Daily Profit :0.028 %
Env #:0 Genome_id # :263 Fitness :36900.61 Final Amt :2073.21 Days :221 Avg Daily Profit :0.022 %
Env #:0 Genome_id # :264 Fitness :2830.16 Final Amt :2041.64 Days :221 Avg Daily Profit :0.009 %
Env #:0 Genome_id # :270 Fitness :-13330.24 Final Amt :2239.48 Days :221 Avg Daily Profit :0.057 %
Env #:0 Genome_id # :271 Fitness :113756.32 Final Amt :4713.89 Days :221 Avg Daily Profit :0.401 %
Env #:0 Genome_id # :273 Fitness :-11913.53 Final Amt :3223.98 Days :221 Avg Daily Profit :0.225 %
Env #:0 Genome_id # :274 Fitness :-11107.84 Final Amt :1529.31 Days :221 Avg Daily Profit :-0.118 %
Env #:0 Genome_id # :1072 Fitness :192195.82 Final Amt :3544.37 Days :221 Avg Daily Profit :0.27 %
Env #:0 Genome_id # :718 Fitness :171763.92 Final Amt :3151.59 Days :221 Avg Daily Profit :0.226 %
Env #:0 Genome_id # :259 Fitness :201329.78 Final Amt :3945.05 Days :221 Avg Daily Profit :0.318 %
Env #:0 Genome_id # :186 Fitness :177921.72 Final Amt :4148.43 Days :221 Avg Daily Profit :0.335 %
Env #:0 Genome_id # :291 Fitness :-35823.8 Final Amt :1633.63 Days :221 Avg Daily Profit :-0.071 %
Env #:0 Genome_id # :292 Fitness :3277.39 Final Amt :1915.64 Days :221 Avg Daily Profit :0.003 %
Env #:0 Genome_id # :296 Fitness :19822.94 Final Amt :2202.47 Days :221 Avg Daily Profit :0.047 %
Env #:0 Genome_id # :297 Fitness :38421.76 Final Amt :2391.78 Days :221 Avg Daily Profit :0.098 %
Env #:0 Genome_id # :300 Fitness :-26243.07 Final Amt :1696.17 Days :221 Avg Daily Profit :-0.054 %
Env #:0 Genome_id # :301 Fitness :33628.47 Final Amt :2173.32 Days :221 Avg Daily Profit :0.05 %
Env #:0 Genome_id # :307 Fitness :36020.33 Final Amt :2218.2 Days :221 Avg Daily Profit :0.064 %
Env #:0 Genome_id # :308 Fitness :72791.44 Final Amt :2347.74 Days :221 Avg Daily Profit :0.089 %
Env #:0 Genome_id # :312 Fitness :8709.62 Final Amt :1889.25 Days :221 Avg Daily Profit :-0.019 %
Env #:0 Genome_id # :313 Fitness :66930.08 Final Amt :3196.24 Days :221 Avg Daily Profit :0.218 %
Env #:0 Genome_id # :259 Fitness :201329.78 Final Amt :3945.05 Days :221 Avg Daily Profit :0.318 %
Env #:0 Genome_id # :186 Fitness :177921.72 Final Amt :4148.43 Days :221 Avg Daily Profit :0.335 %
Env #:0 Genome_id # :319 Fitness :66625.94 Final Amt :2332.73 Days :221 Avg Daily Profit :0.087 %
Env #:0 Genome_id # :320 Fitness :-254191.27 Final Amt :1785.8 Days :221 Avg Daily Profit :-0.033 %
Env #:0 Genome_id # :324 Fitness :-1338.99 Final Amt :1986.5 Days :221 Avg Daily Profit :-0.003 %
Env #:0 Genome_id # :325 Fitness :-8934.41 Final Amt :2255.1 Days :221 Avg Daily Profit :0.055 %
Env #:0 Genome_id # :328 Fitness :2686.88 Final Amt :1607.03 Days :221 Avg Daily Profit :-0.087 %
Env #:0 Genome_id # :329 Fitness :23087.77 Final Amt :2232.98 Days :221 Avg Daily Profit :0.058 %
Env #:0 Genome_id # :333 Fitness :3757.33 Final Amt :2574.49 Days :221 Avg Daily Profit :0.139 %
Env #:0 Genome_id # :334 Fitness :42269.09 Final Amt :2254.69 Days :221 Avg Daily Profit :0.069 %
Env #:0 Genome_id # :340 Fitness :81438.06 Final Amt :2242.87 Days :221 Avg Daily Profit :0.069 %
Env #:0 Genome_id # :341 Fitness :-10302.39 Final Amt :1845.99 Days :221 Avg Daily Profit :-0.013 %
Env #:0 Genome_id # :342 Fitness :0.0 Final Amt :2000.0 Days :221 Avg Daily Profit :0.0 %
Env #:0 Genome_id # :343 Fitness :-48238.74 Final Amt :1512.64 Days :221 Avg Daily Profit :-0.123 %
Env #:0 Genome_id # :347 Fitness :-10561.42 Final Amt :1848.98 Days :221 Avg Daily Profit :-0.015 %
Env #:0 Genome_id # :348 Fitness :83155.89 Final Amt :2410.03 Days :221 Avg Daily Profit :0.1 %
Env #:0 Genome_id # :352 Fitness :0.0 Final Amt :2000.0 Days :221 Avg Daily Profit :0.0 %
Env #:0 Genome_id # :353 Fitness :-431.98 Final Amt :1899.22 Days :221 Avg Daily Profit :-0.002 %
Env #:0 Genome_id # :356 Fitness :3726.17 Final Amt :1978.28 Days :221 Avg Daily Profit :0.011 %
Env #:0 Genome_id # :259 Fitness :201329.78 Final Amt :3945.05 Days :221 Avg Daily Profit :0.318 %
Env #:0 Genome_id # :361 Fitness :23956.32 Final Amt :2017.8 Days :221 Avg Daily Profit :0.018 %
Env #:0 Genome_id # :362 Fitness :8583.52 Final Amt :1880.47 Days :221 Avg Daily Profit :-0.017 %
Env #:0 Genome_id # :366 Fitness :-41972.71 Final Amt :1682.58 Days :221 Avg Daily Profit :-0.06 %
Env #:0 Genome_id # :367 Fitness :-2270.31 Final Amt :1830.71 Days :221 Avg Daily Profit :-0.023 %
Env #:0 Genome_id # :373 Fitness :47146.89 Final Amt :2104.23 Days :221 Avg Daily Profit :0.04 %
Env #:0 Genome_id # :374 Fitness :43825.01 Final Amt :2084.15 Days :221 Avg Daily Profit :0.033 %
Env #:0 Genome_id # :281 Fitness :133933.14 Final Amt :2563.23 Days :221 Avg Daily Profit :0.119 %
Env #:0 Genome_id # :379 Fitness :-35598.51 Final Amt :1685.37 Days :221 Avg Daily Profit :-0.054 %
Env #:0 Genome_id # :385 Fitness :7577.83 Final Amt :1594.03 Days :221 Avg Daily Profit :-0.077 %
Env #:0 Genome_id # :386 Fitness :2804.85 Final Amt :2468.97 Days :221 Avg Daily Profit :0.113 %
Env #:0 Genome_id # :281 Fitness :133933.14 Final Amt :2563.23 Days :221 Avg Daily Profit :0.119 %
Env #:0 Genome_id # :393 Fitness :-39957.45 Final Amt :1703.14 Days :221 Avg Daily Profit :-0.053 %
Env #:0 Genome_id # :401 Fitness :-7722.11 Final Amt :1871.08 Days :221 Avg Daily Profit :-0.012 %
Env #:0 Genome_id # :402 Fitness :54668.48 Final Amt :2269.42 Days :221 Avg Daily Profit :0.072 %

Env #:0 Genome_id # :240 Fitness :-958.94 Final Amt :1681.34 Days :221 Avg Daily Profit :-0.058 %
Env #:0 Genome_id # :241 Fitness :-41278.96 Final Amt :1672.45 Days :221 Avg Daily Profit :-0.065 %
Env #:0 Genome_id # :245 Fitness :-20273.24 Final Amt :1812.33 Days :221 Avg Daily Profit :-0.027 %
Env #:0 Genome_id # :246 Fitness :-23152.59 Final Amt :1832.35 Days :221 Avg Daily Profit :-0.02 %
Env #:0 Genome_id # :186 Fitness :177921.72 Final Amt :4148.43 Days :221 Avg Daily Profit :0.335 %
Env #:0 Genome_id # :104 Fitness :138391.53 Final Amt :1878.93 Days :221 Avg Daily Profit :-0.012 %
Env #:0 Genome_id # :258 Fitness :68656.65 Final Amt :3149.2 Days :221 Avg Daily Profit :0.216 %
Env #:0 Genome_id # :259 Fitness :201329.78 Final Amt :3945.05 Days :221 Avg Daily Profit :0.318 %
Env #:0 Genome_id # :265 Fitness :-3479.97 Final Amt :1864.66 Days :221 Avg Daily Profit :-0.012 %
Env #:0 Genome_id # :266 Fitness :0.0 Final Amt :2000.0 Days :221 Avg Daily Profit :0.0 %
Env #:0 Genome_id # :268 Fitness :2102.43 Final Amt :1742.88 Days :221 Avg Daily Profit :-0.033 %
Env #:0 Genome_id # :269 Fitness :-5054.82 Final Amt :1907.22 Days :221 Avg Daily Profit :-0.02 %
Env #:0 Genome_id # :272 Fitness :50529.35 Final Amt :2347.37 Days :221 Avg Daily Profit :0.079 %
Env #:0 Genome_id # :259 Fitness :201329.78 Final Amt :3945.05 Days :221 Avg Daily Profit :0.318 %
Env #:0 Genome_id # :277 Fitness :-5144.23 Final Amt :1881.86 Days :221 Avg Daily Profit :-0.015 %
Env #:0 Genome_id # :278 Fitness :-39023.05 Final Amt :2150.34 Days :221 Avg Daily Profit :0.05 %
Env #:0 Genome_id # :282 Fitness :31462.66 Final Amt :2289.85 Days :221 Avg Daily Profit :0.085 %
Env #:0 Genome_id # :283 Fitness :-21823.03 Final Amt :1989.13 Days :221 Avg Daily Profit :0.021 %
Env #:0 Genome_id # :104 Fitness :138391.53 Final Amt :1878.93 Days :221 Avg Daily Profit :-0.012 %
Env #:0 Genome_id # :288 Fitness :-10286.84 Final Amt :1497.81 Days :221 Avg Daily Profit :-0.106 %
Env #:0 Genome_id # :1072 Fitness :192195.82 Final Amt :3544.37 Days :221 Avg Daily Profit :0.27 %
Env #:0 Genome_id # :718 Fitness :171763.92 Final Amt :3151.59 Days :221 Avg Daily Profit :0.226 %
Env #:0 Genome_id # :302 Fitness :-2567.45 Final Amt :1951.47 Days :221 Avg Daily Profit :-0.011 %
Env #:0 Genome_id # :259 Fitness :201329.78 Final Amt :3945.05 Days :221 Avg Daily Profit :0.318 %
Env #:0 Genome_id # :305 Fitness :-54493.43 Final Amt :1721.74 Days :221 Avg Daily Profit :-0.05 %
Env #:0 Genome_id # :306 Fitness :119636.62 Final Amt :3256.02 Days :221 Avg Daily Profit :0.224 %
Env #:0 Genome_id # :310 Fitness :-6224.2 Final Amt :1938.9 Days :221 Avg Daily Profit :0.004 %
Env #:0 Genome_id # :311 Fitness :-14376.36 Final Amt :1943.67 Days :221 Avg Daily Profit :0.009 %
Env #:0 Genome_id # :317 Fitness :39868.83 Final Amt :1954.05 Days :221 Avg Daily Profit :0.008 %
Env #:0 Genome_id # :318 Fitness :-59116.51 Final Amt :1670.14 Days :221 Avg Daily Profit :-0.064 %
Env #:0 Genome_id # :321 Fitness :-38333.26 Final Amt :1760.96 Days :221 Avg Daily Profit :-0.047 %
Env #:0 Genome_id # :322 Fitness :-14215.84 Final Amt :3128.92 Days :221 Avg Daily Profit :0.219 %
Env #:0 Genome_id # :326 Fitness :-38101.84 Final Amt :1836.99 Days :221 Avg Daily Profit :-0.022 %
Env #:0 Genome_id # :327 Fitness :-18335.14 Final Amt :1766.82 Days :221 Avg Daily Profit :-0.052 %
Env #:0 Genome_id # :330 Fitness :29286.4 Final Amt :2324.85 Days :221 Avg Daily Profit :0.079 %
Env #:0 Genome_id # :259 Fitness :201329.78 Final Amt :3945.05 Days :221 Avg Daily Profit :0.318 %
Env #:0 Genome_id # :335 Fitness :90573.96 Final Amt :1850.74 Days :221 Avg Daily Profit :-0.004 %
Env #:0 Genome_id # :336 Fitness :15592.04 Final Amt :2041.21 Days :221 Avg Daily Profit :0.021 %
Env #:0 Genome_id # :338 Fitness :-39205.2 Final Amt :1772.48 Days :221 Avg Daily Profit :-0.038 %
Env #:0 Genome_id # :339 Fitness :16310.2 Final Amt :2095.83 Days :221 Avg Daily Profit :0.028 %
Env #:0 Genome_id # :104 Fitness :138391.53 Final Amt :1878.93 Days :221 Avg Daily Profit :-0.012 %
Env #:0 Genome_id # :344 Fitness :79132.12 Final Amt :2969.95 Days :221 Avg Daily Profit :0.197 %
Env #:0 Genome_id # :281 Fitness :133933.14 Final Amt :2563.23 Days :221 Avg Daily Profit :0.119 %
Env #:0 Genome_id # :351 Fitness :1416.11 Final Amt :1876.17 Days :221 Avg Daily Profit :-0.009 %
Env #:0 Genome_id # :359 Fitness :-97950.08 Final Amt :1652.47 Days :221 Avg Daily Profit :-0.059 %
Env #:0 Genome_id # :360 Fitness :-44027.01 Final Amt :1783.63 Days :221 Avg Daily Profit :-0.027 %
Env #:0 Genome_id # :363 Fitness :24456.74 Final Amt :1930.87 Days :221 Avg Daily Profit :0.007 %
Env #:0 Genome_id # :364 Fitness :28334.14 Final Amt :3793.22 Days :221 Avg Daily Profit :0.296 %
Env #:0 Genome_id # :368 Fitness :0.0 Final Amt :2000.0 Days :221 Avg Daily Profit :0.0 %
Env #:0 Genome_id # :369 Fitness :6286.71 Final Amt :1956.88 Days :221 Avg Daily Profit :0.006 %
Env #:0 Genome_id # :370 Fitness :7390.43 Final Amt :1976.66 Days :221 Avg Daily Profit :0.011 %
Env #:0 Genome_id # :371 Fitness :97621.4 Final Amt :2083.29 Days :221 Avg Daily Profit :0.027 %
Env #:0 Genome_id # :375 Fitness :-7828.85 Final Amt :1819.05 Days :221 Avg Daily Profit :-0.023 %
Env #:0 Genome_id # :376 Fitness :-46086.69 Final Amt :2558.78 Days :221 Avg Daily Profit :0.118 %
Env #:0 Genome_id # :382 Fitness :41363.43 Final Amt :2934.42 Days :221 Avg Daily Profit :0.183 %
Env #:0 Genome_id # :383 Fitness :71498.9 Final Amt :2222.82 Days :221 Avg Daily Profit :0.052 %
Env #:0 Genome_id # :384 Fitness :4408.81 Final Amt :2051.59 Days :221 Avg Daily Profit :0.012 %
Env #:0 Genome_id # :259 Fitness :201329.78 Final Amt :3945.05 Days :221 Avg Daily Profit :0.318 %
Env #:0 Genome_id # :389 Fitness :44566.77 Final Amt :2126.74 Days :221 Avg Daily Profit :0.042 %
Env #:0 Genome_id # :390 Fitness :-42664.36 Final Amt :1691.73 Days :221 Avg Daily Profit :-0.057 %
Env #:0 Genome_id # :394 Fitness :-33473.88 Final Amt :1661.02 Days :221 Avg Daily Profit :-0.078 %
Env #:0 Genome_id # :395 Fitness :57808.14 Final Amt :3146.24 Days :221 Avg Daily Profit :0.216 %
Env #:0 Genome_id # :259 Fitness :201329.78 Final Amt :3945.05 Days :221 Avg Daily Profit :0.318 %
Env #:0 Genome_id # :186 Fitness :177921.72 Final Amt :4148.43 Days :221 Avg Daily Profit :0.335 %
Env #:0 Genome_id # :403 Fitness :-64531.58 Final Amt :1708.14 Days :221 Avg Daily Profit :-0.049 %
Env #:0 Genome_id # :404 Fitness :58317.95 Final Amt :2511.89 Days :221 Avg Daily Profit :0.117 %

Env #:0 Genome_id # :46 Fitness :120631.96 Final Amt :4766.46 Days :221 Avg Daily Profit :0.407 %
Env #:0 Genome_id # :211 Fitness :-17685.5 Final Amt :2482.74 Days :221 Avg Daily Profit :0.106 %
Env #:0 Genome_id # :218 Fitness :49713.69 Final Amt :3061.95 Days :221 Avg Daily Profit :0.215 %
Env #:0 Genome_id # :1072 Fitness :192195.82 Final Amt :3544.37 Days :221 Avg Daily Profit :0.27 %
Env #:0 Genome_id # :186 Fitness :177921.72 Final Amt :4148.43 Days :221 Avg Daily Profit :0.335 %
Env #:0 Genome_id # :104 Fitness :138391.53 Final Amt :1878.93 Days :221 Avg Daily Profit :-0.012 %
Env #:0 Genome_id # :1072 Fitness :192195.82 Final Amt :3544.37 Days :221 Avg Daily Profit :0.27 %
Env #:0 Genome_id # :718 Fitness :171763.92 Final Amt :3151.59 Days :221 Avg Daily Profit :0.226 %
Env #:0 Genome_id # :186 Fitness :177921.72 Final Amt :4148.43 Days :221 Avg Daily Profit :0.335 %
Env #:0 Genome_id # :104 Fitness :138391.53 Final Amt :1878.93 Days :221 Avg Daily Profit :-0.012 %
Env #:0 Genome_id # :247 Fitness :33866.02 Final Amt :2237.5 Days :221 Avg Daily Profit :0.079 %
Env #:0 Genome_id # :248 Fitness :1786.25 Final Amt :1955.69 Days :221 Avg Daily Profit :0.005 %
Env #:0 Genome_id # :251 Fitness :-86892.09 Final Amt :1666.52 Days :221 Avg Daily Profit :-0.064 %
Env #:0 Genome_id # :252 Fitness :18630.81 Final Amt :1975.57 Days :221 Avg Daily Profit :0.014 %
Env #:0 Genome_id # :256 Fitness :-2539.32 Final Amt :1934.82 Days :221 Avg Daily Profit :0.005 %
Env #:0 Genome_id # :257 Fitness :-27841.83 Final Amt :2141.44 Days :221 Avg Daily Profit :0.055 %
Env #:0 Genome_id # :261 Fitness :69543.99 Final Amt :2318.0 Days :221 Avg Daily Profit :0.08 %
Env #:0 Genome_id # :262 Fitness :-37187.39 Final Amt :1885.64 Days :221 Avg Daily Profit :-0.008 %
Env #:0 Genome_id # :84 Fitness :118435.73 Final Amt :5102.92 Days :221 Avg Daily Profit :0.438 %
Env #:0 Genome_id # :267 Fitness :121332.08 Final Amt :5290.94 Days :221 Avg Daily Profit :0.449 %
Env #:0 Genome_id # :186 Fitness :177921.72 Final Amt :4148.43 Days :221 Avg Daily Profit :0.335 %
Env #:0 Genome_id # :104 Fitness :138391.53 Final Amt :1878.93 Days :221 Avg Daily Profit :-0.012 %
Env #:0 Genome_id # :279 Fitness :1314.74 Final Amt :1865.29 Days :221 Avg Daily Profit :-0.012 %
Env #:0 Genome_id # :280 Fitness :22158.5 Final Amt :1987.89 Days :221 Avg Daily Profit :0.02 %
Env #:0 Genome_id # :284 Fitness :-4356.6 Final Amt :1533.88 Days :221 Avg Daily Profit :-0.096 %
Env #:0 Genome_id # :285 Fitness :81367.47 Final Amt :2268.98 Days :221 Avg Daily Profit :0.068 %
Env #:0 Genome_id # :289 Fitness :89979.46 Final Amt :3368.86 Days :221 Avg Daily Profit :0.255 %
Env #:0 Genome_id # :290 Fitness :14273.65 Final Amt :1828.23 Days :221 Avg Daily Profit :-0.022 %
Env #:0 Genome_id # :293 Fitness :8496.34 Final Amt :1921.7 Days :221 Avg Daily Profit :0.002 %
Env #:0 Genome_id # :294 Fitness :-49215.92 Final Amt :1707.86 Days :221 Avg Daily Profit :-0.054 %
Env #:0 Genome_id # :298 Fitness :30154.08 Final Amt :1991.41 Days :221 Avg Daily Profit :0.011 %
Env #:0 Genome_id # :299 Fitness :-20863.31 Final Amt :1839.31 Days :221 Avg Daily Profit :-0.023 %
Env #:0 Genome_id # :303 Fitness :-12087.61 Final Amt :1905.98 Days :221 Avg Daily Profit :0.004 %
Env #:0 Genome_id # :304 Fitness :9958.53 Final Amt :2084.85 Days :221 Avg Daily Profit :0.035 %
Env #:0 Genome_id # :1072 Fitness :192195.82 Final Amt :3544.37 Days :221 Avg Daily Profit :0.27 %
Env #:0 Genome_id # :718 Fitness :171763.92 Final Amt :3151.59 Days :221 Avg Daily Profit :0.226 %
Env #:0 Genome_id # :104 Fitness :138391.53 Final Amt :1878.93 Days :221 Avg Daily Profit :-0.012 %
Env #:0 Genome_id # :316 Fitness :27439.25 Final Amt :2885.85 Days :221 Avg Daily Profit :0.179 %
Env #:0 Genome_id # :281 Fitness :133933.14 Final Amt :2563.23 Days :221 Avg Daily Profit :0.119 %
Env #:0 Genome_id # :323 Fitness :-110745.7 Final Amt :1862.06 Days :221 Avg Daily Profit :-0.011 %
Env #:0 Genome_id # :331 Fitness :-26432.17 Final Amt :1737.62 Days :221 Avg Daily Profit :-0.044 %
Env #:0 Genome_id # :332 Fitness :-33597.37 Final Amt :3484.93 Days :221 Avg Daily Profit :0.26 %
Env #:0 Genome_id # :281 Fitness :133933.14 Final Amt :2563.23 Days :221 Avg Daily Profit :0.119 %
Env #:0 Genome_id # :337 Fitness :88038.51 Final Amt :3544.82 Days :221 Avg Daily Profit :0.264 %
Env #:0 Genome_id # :259 Fitness :201329.78 Final Amt :3945.05 Days :221 Avg Daily Profit :0.318 %
Env #:0 Genome_id # :186 Fitness :177921.72 Final Amt :4148.43 Days :221 Avg Daily Profit :0.335 %
Env #:0 Genome_id # :349 Fitness :-12903.62 Final Amt :1785.08 Days :221 Avg Daily Profit :-0.034 %
Env #:0 Genome_id # :350 Fitness :-31.8 Final Amt :1999.25 Days :221 Avg Daily Profit :-0.0 %
Env #:0 Genome_id # :354 Fitness :-53438.52 Final Amt :1834.2 Days :221 Avg Daily Profit :-0.023 %
Env #:0 Genome_id # :355 Fitness :-115615.11 Final Amt :1767.3 Days :221 Avg Daily Profit :-0.052 %
Env #:0 Genome_id # :186 Fitness :177921.72 Final Amt :4148.43 Days :221 Avg Daily Profit :0.335 %
Env #:0 Genome_id # :104 Fitness :138391.53 Final Amt :1878.93 Days :221 Avg Daily Profit :-0.012 %
Env #:0 Genome_id # :1072 Fitness :192195.82 Final Amt :3544.37 Days :221 Avg Daily Profit :0.27 %
Env #:0 Genome_id # :718 Fitness :171763.92 Final Amt :3151.59 Days :221 Avg Daily Profit :0.226 %
Env #:0 Genome_id # :104 Fitness :138391.53 Final Amt :1878.93 Days :221 Avg Daily Profit :-0.012 %
Env #:0 Genome_id # :372 Fitness :97279.39 Final Amt :3687.58 Days :221 Avg Daily Profit :0.281 %
Env #:0 Genome_id # :1072 Fitness :192195.82 Final Amt :3544.37 Days :221 Avg Daily Profit :0.27 %
Env #:0 Genome_id # :718 Fitness :171763.92 Final Amt :3151.59 Days :221 Avg Daily Profit :0.226 %
Env #:0 Genome_id # :186 Fitness :177921.72 Final Amt :4148.43 Days :221 Avg Daily Profit :0.335 %
Env #:0 Genome_id # :104 Fitness :138391.53 Final Amt :1878.93 Days :221 Avg Daily Profit :-0.012 %
Env #:0 Genome_id # :391 Fitness :65335.02 Final Amt :2219.64 Days :221 Avg Daily Profit :0.062 %
Env #:0 Genome_id # :392 Fitness :70132.57 Final Amt :2158.73 Days :221 Avg Daily Profit :0.05 %
Env #:0 Genome_id # :396 Fitness :40317.68 Final Amt :2619.74 Days :221 Avg Daily Profit :0.126 %
Env #:0 Genome_id # :397 Fitness :-30718.15 Final Amt :1740.73 Days :221 Avg Daily Profit :-0.044 %
Env #:0 Genome_id # :398 Fitness :-21904.83 Final Amt :1858.09 Days :221 Avg Daily Profit :-0.016 %
Env #:0 Genome_id # :399 Fitness :6380.98 Final Amt :1993.07 Days :221 Avg Daily Profit :0.017 %
Env #:0 Genome_id # :405 Fitness :-12202.74 Final Amt :1807.7 Days :221 Avg Daily Profit :-0.03 %
Env #:0 Genome_id # :406 Fitness :39404.69 Final Amt :1717.58 Days :221 Avg Daily Profit :-0.047 %

Total extinctions: 0
Generation time: 2326.818 sec (2267.407 average)
Saving checkpoint to neat-checkpoint-28

 ****** Running generation 29 ****** 

Population's average fitness: 53938.46260 stdev: 83451.36196
Best fitness: 201329.78400 - size: (6, 36) - species 2 - id 259
Average adjusted fitness: 0.446
Mean genetic distance 2.221, standard deviation 0.914
Population of 20 members in 2 species:
   ID   age  size  fitness  adj fit  stag
  ====  ===  ====  =======  =======  ====
     1   29     9  192195.8    0.422   -54
     2   29    11  201329.8    0.469    10
Total extinctions: 0
Generation time: 2310.703 sec (2282.037 average)
Saving checkpoint to neat-checkpoint-29
Key: 259
Fitness: 201329.78400000234
Nodes:
	0 DefaultNodeGene(key=0, bias=1.2346248619896736, response=1.3074636690195809, activation=relu, aggregation=mean)
	1 DefaultNodeGene(key=1, bias=1.4600525897237333, response=1.000277408244896, activation=relu, aggregation=median)
	2 DefaultNodeGene(key=2, bias=-0.8632841174948472, response=1.2032931265840354, activation=relu, aggregation=mean)
	227 DefaultNodeGene(key=227, bias=-2.8547797866645683, response=1.4223577886773549, activation=relu, aggregation=max)
	24 DefaultNodeGene(key=24, bias=-0.7693560225843586, response=0.9079607086868894, activation=relu, aggregation=median)
	63 DefaultNodeGene(key=63, bias=0.11004706737222636, response=1.2136359716873317, activation=relu, aggregation=sum)
Connections:
	DefaultConnectionGene(key=(-34, 2), weight=0.12611245653893516, enabled=True)
	DefaultConnectionGene(key=(-33, 1), weight=0.07665049559152826, enabled=False)
	DefaultConnectionGene(key=(-33, 2), weight=0.5221851755217792, enabled=True)
	DefaultConnectionGene(key=(-32, 2), weight=-1.5648378155685685, enabled=False)
	DefaultConnectionGene(key=(-31, 0), weight=0.46108956615881713, enabled=True)
	DefaultConnectionGene(key=(-31, 2), weight=1.1531973384778933, enabled=True)
	DefaultConnectionGene(key=(-30, 2), weight=-1.9556548686091164, enabled=True)
	DefaultConnectionGene(key=(-28, 0), weight=0.22242400875181062, enabled=False)
	DefaultConnectionGene(key=(-28, 227), weight=2.1109230046735314, enabled=False)
	DefaultConnectionGene(key=(-27, 2), weight=-0.767734335598817, enabled=True)
	DefaultConnectionGene(key=(-26, 0), weight=0.4601660555444615, enabled=True)
	DefaultConnectionGene(key=(-26, 1), weight=1.0973224030723507, enabled=False)
	DefaultConnectionGene(key=(-26, 2), weight=0.6286930237134285, enabled=False)
	DefaultConnectionGene(key=(-26, 63), weight=-1.2555433277008325, enabled=True)
	DefaultConnectionGene(key=(-25, 2), weight=2.242876646529422, enabled=True)
	DefaultConnectionGene(key=(-24, 0), weight=0.6267396641655713, enabled=True)
	DefaultConnectionGene(key=(-24, 1), weight=-0.7728145933455597, enabled=False)
	DefaultConnectionGene(key=(-23, 0), weight=-1.9274574222321452, enabled=True)
	DefaultConnectionGene(key=(-23, 2), weight=0.20973618759642573, enabled=False)
	DefaultConnectionGene(key=(-22, 1), weight=-1.4957550639230126, enabled=True)
	DefaultConnectionGene(key=(-22, 2), weight=0.8352081615067748, enabled=False)
	DefaultConnectionGene(key=(-21, 0), weight=2.054211962315262, enabled=False)
	DefaultConnectionGene(key=(-20, 1), weight=-2.545219281084684, enabled=True)
	DefaultConnectionGene(key=(-19, 0), weight=0.8378127364635035, enabled=False)
	DefaultConnectionGene(key=(-19, 2), weight=-1.3121923338883654, enabled=False)
	DefaultConnectionGene(key=(-18, 0), weight=-1.257382837830319, enabled=True)
	DefaultConnectionGene(key=(-17, 2), weight=2.5118641594808926, enabled=False)
	DefaultConnectionGene(key=(-16, 0), weight=1.8753415924495593, enabled=False)
	DefaultConnectionGene(key=(-16, 1), weight=-0.6639963939949032, enabled=True)
	DefaultConnectionGene(key=(-15, 0), weight=1.753194154383158, enabled=False)
	DefaultConnectionGene(key=(-15, 2), weight=2.311865953762647, enabled=True)
	DefaultConnectionGene(key=(-14, 1), weight=-0.7666640777718552, enabled=False)
	DefaultConnectionGene(key=(-14, 2), weight=1.6485207393492203, enabled=False)
	DefaultConnectionGene(key=(-13, 0), weight=-1.109291918050049, enabled=True)
	DefaultConnectionGene(key=(-13, 1), weight=-0.0681216951519894, enabled=False)
	DefaultConnectionGene(key=(-13, 2), weight=1.7632428246934078, enabled=False)
	DefaultConnectionGene(key=(-12, 1), weight=0.7877048867941238, enabled=True)
	DefaultConnectionGene(key=(-12, 2), weight=0.7560981429969459, enabled=False)
	DefaultConnectionGene(key=(-11, 1), weight=-1.4670500526505663, enabled=False)
	DefaultConnectionGene(key=(-11, 24), weight=2.788830030607121, enabled=True)
	DefaultConnectionGene(key=(-10, 63), weight=0.10112010941312077, enabled=True)
	DefaultConnectionGene(key=(-8, 1), weight=1.66007772417575, enabled=False)
	DefaultConnectionGene(key=(-7, 0), weight=0.08669765711783961, enabled=True)
	DefaultConnectionGene(key=(-7, 2), weight=-1.0722086786449496, enabled=True)
	DefaultConnectionGene(key=(-6, 0), weight=1.9228843411344188, enabled=True)
	DefaultConnectionGene(key=(-6, 2), weight=0.8615264067058424, enabled=True)
	DefaultConnectionGene(key=(-4, 1), weight=-1.0991730824391648, enabled=True)
	DefaultConnectionGene(key=(-4, 24), weight=0.3779375301359153, enabled=True)
	DefaultConnectionGene(key=(-3, 0), weight=-2.69256015172614, enabled=True)
	DefaultConnectionGene(key=(-3, 1), weight=0.12535483235306938, enabled=True)
	DefaultConnectionGene(key=(-3, 2), weight=0.4665954104550826, enabled=True)
	DefaultConnectionGene(key=(-2, 2), weight=-0.7475091047649114, enabled=True)
	DefaultConnectionGene(key=(-1, 2), weight=-1.467370227459698, enabled=True)
	DefaultConnectionGene(key=(-1, 227), weight=-0.023729909355080903, enabled=True)
	DefaultConnectionGene(key=(1, 1), weight=-0.5479328357356099, enabled=True)
	DefaultConnectionGene(key=(24, 0), weight=0.9878919767075225, enabled=False)
	DefaultConnectionGene(key=(24, 1), weight=0.13544894988022907, enabled=True)
	DefaultConnectionGene(key=(63, 1), weight=-0.7870227820250854, enabled=True)
	DefaultConnectionGene(key=(227, 0), weight=-0.7721022484400291, enabled=True)
