nohup: ignoring input

 ****** Running generation 0 ****** 

Population's average fitness: 61349.26505 stdev: 90954.69879
Best fitness: 187619.56800 - size: (8, 27) - species 2 - id 1042
Average adjusted fitness: 0.655
Mean genetic distance 2.209, standard deviation 0.869
Population of 20 members in 2 species:
   ID   age  size  fitness  adj fit  stag
  ====  ===  ====  =======  =======  ====
     1    0     7  149681.8    0.584   -83
     2    0    13  187619.6    0.725   -81
Total extinctions: 0
Generation time: 2492.276 sec
Saving checkpoint to neat-checkpoint-0

 ****** Running generation 1 ****** 

Population's average fitness: 40611.44385 stdev: 73029.26985
Best fitness: 187619.56800 - size: (8, 27) - species 2 - id 1042
Average adjusted fitness: 0.387
Mean genetic distance 2.247, standard deviation 0.936
Population of 20 members in 2 species:
   ID   age  size  fitness  adj fit  stag
  ====  ===  ====  =======  =======  ====
     1    1     9  149681.8    0.456   -82
     2    1    11  187619.6    0.319   -80
Total extinctions: 0
Generation time: 2609.243 sec (2550.760 average)
Saving checkpoint to neat-checkpoint-1

 ****** Running generation 2 ****** 

Population's average fitness: 46595.21440 stdev: 73783.92776
Best fitness: 187619.56800 - size: (8, 27) - species 2 - id 1042
Average adjusted fitness: 0.526
Mean genetic distance 2.239, standard deviation 1.020
Population of 20 members in 2 species:
   ID   age  size  fitness  adj fit  stag
  ====  ===  ====  =======  =======  ====
     1    2    10  149681.8    0.509   -81
     2    2    10  187619.6    0.542   -79
Total extinctions: 0
Generation time: 2414.116 sec (2505.212 average)
Saving checkpoint to neat-checkpoint-2

 ****** Running generation 3 ****** 

Population's average fitness: 28149.64945 stdev: 82504.35182
Best fitness: 187619.56800 - size: (8, 27) - species 2 - id 1042
Average adjusted fitness: 0.445
Mean genetic distance 2.189, standard deviation 1.013
Population of 20 members in 2 species:
   ID   age  size  fitness  adj fit  stag
  ====  ===  ====  =======  =======  ====
     1    3    11  149681.8    0.457   -80
     2    3     9  187619.6    0.433   -78
Total extinctions: 0
Generation time: 2536.522 sec (2513.039 average)
Saving checkpoint to neat-checkpoint-3

 ****** Running generation 4 ****** 

Population's average fitness: 69686.05075 stdev: 96546.96300
Best fitness: 202154.48000 - size: (6, 27) - species 1 - id 43
Average adjusted fitness: 0.613
Mean genetic distance 2.221, standard deviation 0.953
Population of 20 members in 2 species:
   ID   age  size  fitness  adj fit  stag
  ====  ===  ====  =======  =======  ====
     1    4    12  202154.5    0.688   -79
     2    4     8  187619.6    0.538   -77
Total extinctions: 0
Generation time: 2563.917 sec (2523.215 average)
Saving checkpoint to neat-checkpoint-4

 ****** Running generation 5 ****** 

Population's average fitness: 53356.80725 stdev: 84089.07398
Best fitness: 202154.48000 - size: (6, 27) - species 1 - id 43
Average adjusted fitness: 0.404
Mean genetic distance 2.116, standard deviation 1.105
Population of 20 members in 2 species:
   ID   age  size  fitness  adj fit  stag
  ====  ===  ====  =======  =======  ====
     1    5    11  202154.5    0.443   -78
     2    5     9  187619.6    0.364   -76
Total extinctions: 0
Generation time: 2323.331 sec (2489.901 average)
Saving checkpoint to neat-checkpoint-5

 ****** Running generation 6 ****** 

Population's average fitness: 62776.48035 stdev: 93121.76238
Best fitness: 210488.26600 - size: (8, 38) - species 1 - id 81
Average adjusted fitness: 0.472
Mean genetic distance 2.144, standard deviation 1.077
Population of 20 members in 2 species:
   ID   age  size  fitness  adj fit  stag
  ====  ===  ====  =======  =======  ====
     1    6    12  210488.3    0.563   -77
     2    6     8  187619.6    0.380   -75
Total extinctions: 0
Generation time: 2582.393 sec (2503.114 average)
Saving checkpoint to neat-checkpoint-6

 ****** Running generation 7 ****** 

Population's average fitness: 68864.11970 stdev: 85878.63696
Best fitness: 210488.26600 - size: (8, 38) - species 1 - id 81
Average adjusted fitness: 0.516
Mean genetic distance 2.187, standard deviation 1.015
Population of 20 members in 2 species:
   ID   age  size  fitness  adj fit  stag
  ====  ===  ====  =======  =======  ====
     1    7    11  210488.3    0.618   -76
     2    7     9  187619.6    0.413   -74
Total extinctions: 0
Generation time: 2457.107 sec (2497.363 average)
Saving checkpoint to neat-checkpoint-7

 ****** Running generation 8 ****** 

Population's average fitness: 61905.48660 stdev: 105208.14970
Best fitness: 210488.26600 - size: (8, 38) - species 1 - id 81
Average adjusted fitness: 0.477
Mean genetic distance 2.143, standard deviation 0.992
Population of 20 members in 2 species:
   ID   age  size  fitness  adj fit  stag
  ====  ===  ====  =======  =======  ====
     1    8    12  210488.3    0.604   -75
     2    8     8  187619.6    0.350   -73
Total extinctions: 0
Generation time: 2443.632 sec (2491.393 average)
Saving checkpoint to neat-checkpoint-8

 ****** Running generation 9 ****** 

Population's average fitness: 64227.82395 stdev: 94428.27354
Best fitness: 210488.26600 - size: (8, 38) - species 1 - id 81
Average adjusted fitness: 0.521
Mean genetic distance 2.213, standard deviation 0.987
Population of 20 members in 2 species:
   ID   age  size  fitness  adj fit  stag
  ====  ===  ====  =======  =======  ====
     1    9    11  210488.3    0.494   -74
     2    9     9  187619.6    0.548   -72
Total extinctions: 0
Generation time: 2587.370 sec (2500.991 average)
Saving checkpoint to neat-checkpoint-9

 ****** Running generation 10 ****** 

Population's average fitness: 55374.27010 stdev: 94822.29738
Best fitness: 210488.26600 - size: (8, 38) - species 1 - id 81
Average adjusted fitness: 0.486
Mean genetic distance 2.175, standard deviation 1.138
Population of 20 members in 2 species:
   ID   age  size  fitness  adj fit  stag
  ====  ===  ====  =======  =======  ====
     1   10    10  210488.3    0.487   -73
     2   10    10  187619.6    0.484   -71
Total extinctions: 0
Generation time: 2562.955 sec (2508.059 average)
Saving checkpoint to neat-checkpoint-10

 ****** Running generation 11 ****** 

Population's average fitness: 75153.05640 stdev: 117194.22906
Best fitness: 226247.18500 - size: (7, 36) - species 1 - id 148
Average adjusted fitness: 0.553
Mean genetic distance 2.141, standard deviation 1.081
Population of 20 members in 2 species:
   ID   age  size  fitness  adj fit  stag
  ====  ===  ====  =======  =======  ====
     1   11    11  226247.2    0.693     0
     2   11     9  187619.6    0.413   -70
Total extinctions: 0
Generation time: 2471.338 sec (2494.268 average)
Saving checkpoint to neat-checkpoint-11

 ****** Running generation 12 ****** 

Population's average fitness: 68241.77580 stdev: 97996.40992
Best fitness: 226247.18500 - size: (7, 36) - species 1 - id 148
Average adjusted fitness: 0.457
Mean genetic distance 2.157, standard deviation 1.098
Population of 20 members in 2 species:
   ID   age  size  fitness  adj fit  stag
  ====  ===  ====  =======  =======  ====
     1   12    10  226247.2    0.477     1
     2   12    10  187619.6    0.438   -69
Total extinctions: 0
Generation time: 2522.491 sec (2505.106 average)
Saving checkpoint to neat-checkpoint-12

 ****** Running generation 13 ****** 

Population's average fitness: 62572.39555 stdev: 100429.54112
Best fitness: 226247.18500 - size: (7, 36) - species 1 - id 148
Average adjusted fitness: 0.467
Mean genetic distance 2.176, standard deviation 1.049
Population of 20 members in 2 species:
   ID   age  size  fitness  adj fit  stag
  ====  ===  ====  =======  =======  ====
     1   13     9  226247.2    0.430     2
     2   13    11  187619.6    0.504   -68
Total extinctions: 0
Generation time: 2566.929 sec (2508.146 average)
Saving checkpoint to neat-checkpoint-13

 ****** Running generation 14 ****** 

Population's average fitness: 50958.41945 stdev: 108571.54988
Best fitness: 226247.18500 - size: (7, 36) - species 1 - id 148
Average adjusted fitness: 0.425
Mean genetic distance 2.103, standard deviation 1.038
Env #:0 Genome_id # :929 Fitness :123376.67 Final Amt :4428.21 Days :236 Avg Daily Profit :0.371 %
Env #:0 Genome_id # :99 Fitness :111670.29 Final Amt :4005.78 Days :236 Avg Daily Profit :0.328 %
Env #:0 Genome_id # :1072 Fitness :143510.22 Final Amt :2485.63 Days :236 Avg Daily Profit :0.125 %
Env #:0 Genome_id # :785 Fitness :111167.55 Final Amt :4107.53 Days :236 Avg Daily Profit :0.342 %
Env #:0 Genome_id # :365 Fitness :149681.75 Final Amt :3172.87 Days :236 Avg Daily Profit :0.235 %
Env #:0 Genome_id # :1072 Fitness :143510.22 Final Amt :2485.63 Days :236 Avg Daily Profit :0.125 %
Env #:0 Genome_id # :7 Fitness :-33317.01 Final Amt :1410.85 Days :236 Avg Daily Profit :-0.108 %
Env #:0 Genome_id # :8 Fitness :63033.54 Final Amt :3466.05 Days :236 Avg Daily Profit :0.266 %
Env #:0 Genome_id # :365 Fitness :149681.75 Final Amt :3172.87 Days :236 Avg Daily Profit :0.235 %
Env #:0 Genome_id # :1072 Fitness :143510.22 Final Amt :2485.63 Days :236 Avg Daily Profit :0.125 %
Env #:0 Genome_id # :21 Fitness :65381.83 Final Amt :2641.44 Days :236 Avg Daily Profit :0.154 %
Env #:0 Genome_id # :22 Fitness :42808.96 Final Amt :2790.05 Days :236 Avg Daily Profit :0.178 %
Env #:0 Genome_id # :365 Fitness :149681.75 Final Amt :3172.87 Days :236 Avg Daily Profit :0.235 %
Env #:0 Genome_id # :1072 Fitness :143510.22 Final Amt :2485.63 Days :236 Avg Daily Profit :0.125 %
Env #:0 Genome_id # :1042 Fitness :187619.57 Final Amt :5771.63 Days :236 Avg Daily Profit :0.48 %
Env #:0 Genome_id # :929 Fitness :123376.67 Final Amt :4428.21 Days :236 Avg Daily Profit :0.371 %
Env #:0 Genome_id # :41 Fitness :1493.74 Final Amt :1703.2 Days :236 Avg Daily Profit :-0.026 %
Env #:0 Genome_id # :42 Fitness :-16055.56 Final Amt :1657.8 Days :236 Avg Daily Profit :-0.034 %
Env #:0 Genome_id # :46 Fitness :196916.59 Final Amt :2988.85 Days :236 Avg Daily Profit :0.212 %
Env #:0 Genome_id # :47 Fitness :169280.75 Final Amt :2926.95 Days :236 Avg Daily Profit :0.204 %
Env #:0 Genome_id # :50 Fitness :-54483.62 Final Amt :1434.63 Days :236 Avg Daily Profit :-0.098 %
Env #:0 Genome_id # :1042 Fitness :187619.57 Final Amt :5771.63 Days :236 Avg Daily Profit :0.48 %
Env #:0 Genome_id # :1042 Fitness :187619.57 Final Amt :5771.63 Days :236 Avg Daily Profit :0.48 %
Env #:0 Genome_id # :929 Fitness :123376.67 Final Amt :4428.21 Days :236 Avg Daily Profit :0.371 %
Env #:0 Genome_id # :47 Fitness :169280.75 Final Amt :2926.95 Days :236 Avg Daily Profit :0.204 %
Env #:0 Genome_id # :62 Fitness :3262.84 Final Amt :2056.47 Days :236 Avg Daily Profit :0.012 %
Env #:0 Genome_id # :67 Fitness :-35591.36 Final Amt :2109.03 Days :236 Avg Daily Profit :0.051 %
Env #:0 Genome_id # :68 Fitness :-49058.8 Final Amt :1340.68 Days :236 Avg Daily Profit :-0.135 %
Env #:0 Genome_id # :72 Fitness :-5413.82 Final Amt :1729.03 Days :236 Avg Daily Profit :-0.039 %
Env #:0 Genome_id # :73 Fitness :-25960.93 Final Amt :1586.44 Days :236 Avg Daily Profit :-0.086 %
Env #:0 Genome_id # :76 Fitness :-31882.8 Final Amt :1358.51 Days :236 Avg Daily Profit :-0.121 %
Env #:0 Genome_id # :43 Fitness :202154.48 Final Amt :2574.82 Days :236 Avg Daily Profit :0.147 %
Env #:0 Genome_id # :81 Fitness :210488.27 Final Amt :2410.89 Days :236 Avg Daily Profit :0.119 %
Env #:0 Genome_id # :82 Fitness :0.0 Final Amt :2000.0 Days :236 Avg Daily Profit :0.0 %
Env #:0 Genome_id # :86 Fitness :-94774.6 Final Amt :1256.39 Days :236 Avg Daily Profit :-0.157 %
Env #:0 Genome_id # :87 Fitness :-27723.82 Final Amt :1430.46 Days :236 Avg Daily Profit :-0.1 %
Env #:0 Genome_id # :46 Fitness :196916.59 Final Amt :2988.85 Days :236 Avg Daily Profit :0.212 %
Env #:0 Genome_id # :90 Fitness :46262.34 Final Amt :2434.78 Days :236 Avg Daily Profit :0.121 %
Env #:0 Genome_id # :97 Fitness :-23186.61 Final Amt :1463.33 Days :236 Avg Daily Profit :-0.088 %
Env #:0 Genome_id # :98 Fitness :97650.74 Final Amt :3237.13 Days :236 Avg Daily Profit :0.239 %
Env #:0 Genome_id # :102 Fitness :-52020.69 Final Amt :1441.56 Days :236 Avg Daily Profit :-0.1 %
Env #:0 Genome_id # :103 Fitness :25360.39 Final Amt :2136.14 Days :236 Avg Daily Profit :0.07 %
Env #:0 Genome_id # :43 Fitness :202154.48 Final Amt :2574.82 Days :236 Avg Daily Profit :0.147 %
Env #:0 Genome_id # :46 Fitness :196916.59 Final Amt :2988.85 Days :236 Avg Daily Profit :0.212 %
Env #:0 Genome_id # :111 Fitness :188719.34 Final Amt :2397.47 Days :236 Avg Daily Profit :0.108 %
Env #:0 Genome_id # :112 Fitness :-49050.94 Final Amt :1311.73 Days :236 Avg Daily Profit :-0.135 %
Env #:0 Genome_id # :116 Fitness :35189.07 Final Amt :2566.1 Days :236 Avg Daily Profit :0.125 %
Env #:0 Genome_id # :117 Fitness :-46128.83 Final Amt :1413.77 Days :236 Avg Daily Profit :-0.106 %
Env #:0 Genome_id # :81 Fitness :210488.27 Final Amt :2410.89 Days :236 Avg Daily Profit :0.119 %
Env #:0 Genome_id # :108 Fitness :204489.8 Final Amt :2804.38 Days :236 Avg Daily Profit :0.181 %
Env #:0 Genome_id # :125 Fitness :-9775.82 Final Amt :1674.67 Days :236 Avg Daily Profit :-0.037 %
Env #:0 Genome_id # :126 Fitness :-52688.81 Final Amt :1277.7 Days :236 Avg Daily Profit :-0.174 %
Env #:0 Genome_id # :130 Fitness :-53219.08 Final Amt :1285.55 Days :236 Avg Daily Profit :-0.143 %
Env #:0 Genome_id # :131 Fitness :46937.7 Final Amt :2537.12 Days :236 Avg Daily Profit :0.137 %
Env #:0 Genome_id # :108 Fitness :204489.8 Final Amt :2804.38 Days :236 Avg Daily Profit :0.181 %
Env #:0 Genome_id # :43 Fitness :202154.48 Final Amt :2574.82 Days :236 Avg Daily Profit :0.147 %
Env #:0 Genome_id # :1042 Fitness :187619.57 Final Amt :5771.63 Days :236 Avg Daily Profit :0.48 %
Env #:0 Genome_id # :115 Fitness :186952.95 Final Amt :2828.84 Days :236 Avg Daily Profit :0.186 %
Env #:0 Genome_id # :43 Fitness :202154.48 Final Amt :2574.82 Days :236 Avg Daily Profit :0.147 %
Env #:0 Genome_id # :148 Fitness :226247.18 Final Amt :2653.34 Days :236 Avg Daily Profit :0.157 %
Env #:0 Genome_id # :153 Fitness :-8553.15 Final Amt :1786.58 Days :236 Avg Daily Profit :-0.013 %
Env #:0 Genome_id # :154 Fitness :182639.02 Final Amt :2553.56 Days :236 Avg Daily Profit :0.145 %
Env #:0 Genome_id # :156 Fitness :-33821.28 Final Amt :1387.63 Days :236 Avg Daily Profit :-0.111 %
Env #:0 Genome_id # :157 Fitness :-35522.81 Final Amt :1430.91 Days :236 Avg Daily Profit :-0.099 %
Env #:0 Genome_id # :161 Fitness :-3351.09 Final Amt :2121.61 Days :236 Avg Daily Profit :0.063 %
Env #:0 Genome_id # :162 Fitness :32942.76 Final Amt :2307.81 Days :236 Avg Daily Profit :0.098 %
Env #:0 Genome_id # :929 Fitness :123376.67 Final Amt :4428.21 Days :236 Avg Daily Profit :0.371 %
Env #:0 Genome_id # :169 Fitness :-43762.73 Final Amt :1434.82 Days :236 Avg Daily Profit :-0.107 %
Env #:0 Genome_id # :174 Fitness :65923.79 Final Amt :1856.56 Days :236 Avg Daily Profit :0.004 %
Env #:0 Genome_id # :175 Fitness :52845.27 Final Amt :2334.05 Days :236 Avg Daily Profit :0.109 %
Env #:0 Genome_id # :179 Fitness :-19201.51 Final Amt :1439.19 Days :236 Avg Daily Profit :-0.096 %
Env #:0 Genome_id # :180 Fitness :23616.85 Final Amt :2119.7 Days :236 Avg Daily Profit :0.038 %
Env #:0 Genome_id # :184 Fitness :-41965.12 Final Amt :2465.96 Days :236 Avg Daily Profit :0.126 %
Env #:0 Genome_id # :185 Fitness :33660.89 Final Amt :2357.38 Days :236 Avg Daily Profit :0.111 %
Env #:0 Genome_id # :188 Fitness :156540.16 Final Amt :5956.98 Days :236 Avg Daily Profit :0.498 %
Env #:0 Genome_id # :189 Fitness :67079.56 Final Amt :3125.38 Days :236 Avg Daily Profit :0.216 %
Env #:0 Genome_id # :195 Fitness :-50463.84 Final Amt :1371.06 Days :236 Avg Daily Profit :-0.119 %
Env #:0 Genome_id # :196 Fitness :-81469.06 Final Amt :1443.54 Days :236 Avg Daily Profit :-0.1 %
Env #:0 Genome_id # :198 Fitness :10644.95 Final Amt :2003.09 Days :236 Avg Daily Profit :0.038 %
Env #:0 Genome_id # :199 Fitness :239684.92 Final Amt :4103.48 Days :236 Avg Daily Profit :0.34 %
Env #:0 Genome_id # :204 Fitness :-46130.53 Final Amt :1329.67 Days :236 Avg Daily Profit :-0.139 %
Env #:0 Genome_id # :205 Fitness :33178.71 Final Amt :2360.58 Days :236 Avg Daily Profit :0.114 %
Env #:0 Genome_id # :209 Fitness :85198.16 Final Amt :3139.26 Days :236 Avg Daily Profit :0.225 %
Env #:0 Genome_id # :210 Fitness :41392.53 Final Amt :2419.38 Days :236 Avg Daily Profit :0.119 %Env #:0 Genome_id # :242 Fitness :-47434.72 Final Amt :1471.01 Days :236 Avg Daily Profit :-0.082 %
Env #:0 Genome_id # :942 Fitness :84066.66 Final Amt :3629.06 Days :236 Avg Daily Profit :0.286 %
Env #:0 Genome_id # :245 Fitness :39218.44 Final Amt :2873.22 Days :236 Avg Daily Profit :0.191 %
Env #:0 Genome_id # :937 Fitness :-210733.94 Final Amt :1768.13 Days :236 Avg Daily Profit :-0.011 %
Env #:0 Genome_id # :718 Fitness :117650.11 Final Amt :1878.78 Days :236 Avg Daily Profit :0.012 %
Env #:0 Genome_id # :1 Fitness :1728.43 Final Amt :1997.72 Days :236 Avg Daily Profit :-0.0 %
Env #:0 Genome_id # :5 Fitness :25336.43 Final Amt :2199.53 Days :236 Avg Daily Profit :0.075 %
Env #:0 Genome_id # :6 Fitness :-36544.02 Final Amt :1422.98 Days :236 Avg Daily Profit :-0.1 %
Env #:0 Genome_id # :11 Fitness :10495.44 Final Amt :2968.04 Days :236 Avg Daily Profit :0.2 %
Env #:0 Genome_id # :12 Fitness :-43803.74 Final Amt :1418.33 Days :236 Avg Daily Profit :-0.105 %
Env #:0 Genome_id # :16 Fitness :-36193.81 Final Amt :1395.23 Days :236 Avg Daily Profit :-0.11 %
Env #:0 Genome_id # :17 Fitness :-36356.17 Final Amt :1500.42 Days :236 Avg Daily Profit :-0.08 %
Env #:0 Genome_id # :23 Fitness :18255.65 Final Amt :2502.0 Days :236 Avg Daily Profit :0.135 %
Env #:0 Genome_id # :24 Fitness :25146.28 Final Amt :2281.42 Days :236 Avg Daily Profit :0.102 %
Env #:0 Genome_id # :27 Fitness :89945.1 Final Amt :3364.61 Days :236 Avg Daily Profit :0.261 %
Env #:0 Genome_id # :28 Fitness :-110694.28 Final Amt :1346.93 Days :236 Avg Daily Profit :-0.129 %
Env #:0 Genome_id # :32 Fitness :-49604.35 Final Amt :1374.11 Days :236 Avg Daily Profit :-0.117 %
Env #:0 Genome_id # :33 Fitness :16915.52 Final Amt :1965.84 Days :236 Avg Daily Profit :0.03 %
Env #:0 Genome_id # :927 Fitness :113931.97 Final Amt :4305.1 Days :236 Avg Daily Profit :0.357 %
Env #:0 Genome_id # :36 Fitness :-65468.12 Final Amt :2085.64 Days :236 Avg Daily Profit :0.056 %
Env #:0 Genome_id # :365 Fitness :149681.75 Final Amt :3172.87 Days :236 Avg Daily Profit :0.235 %
Env #:0 Genome_id # :1072 Fitness :143510.22 Final Amt :2485.63 Days :236 Avg Daily Profit :0.125 %
Env #:0 Genome_id # :929 Fitness :123376.67 Final Amt :4428.21 Days :236 Avg Daily Profit :0.371 %
Env #:0 Genome_id # :927 Fitness :113931.97 Final Amt :4305.1 Days :236 Avg Daily Profit :0.357 %
Env #:0 Genome_id # :51 Fitness :116549.45 Final Amt :2706.24 Days :236 Avg Daily Profit :0.158 %
Env #:0 Genome_id # :57 Fitness :-50644.98 Final Amt :1289.1 Days :236 Avg Daily Profit :-0.143 %
Env #:0 Genome_id # :65 Fitness :82458.67 Final Amt :4218.54 Days :236 Avg Daily Profit :0.359 %
Env #:0 Genome_id # :66 Fitness :-25347.4 Final Amt :1435.62 Days :236 Avg Daily Profit :-0.098 %
Env #:0 Genome_id # :1042 Fitness :187619.57 Final Amt :5771.63 Days :236 Avg Daily Profit :0.48 %
Env #:0 Genome_id # :929 Fitness :123376.67 Final Amt :4428.21 Days :236 Avg Daily Profit :0.371 %
Env #:0 Genome_id # :46 Fitness :196916.59 Final Amt :2988.85 Days :236 Avg Daily Profit :0.212 %
Env #:0 Genome_id # :47 Fitness :169280.75 Final Amt :2926.95 Days :236 Avg Daily Profit :0.204 %
Env #:0 Genome_id # :83 Fitness :47693.37 Final Amt :2503.47 Days :236 Avg Daily Profit :0.138 %
Env #:0 Genome_id # :84 Fitness :-43928.64 Final Amt :1335.19 Days :236 Avg Daily Profit :-0.127 %
Env #:0 Genome_id # :88 Fitness :-8173.39 Final Amt :1380.15 Days :236 Avg Daily Profit :-0.11 %
Env #:0 Genome_id # :89 Fitness :0.0 Final Amt :2000.0 Days :236 Avg Daily Profit :0.0 %
Env #:0 Genome_id # :81 Fitness :210488.27 Final Amt :2410.89 Days :236 Avg Daily Profit :0.119 %
Env #:0 Genome_id # :43 Fitness :202154.48 Final Amt :2574.82 Days :236 Avg Daily Profit :0.147 %
Env #:0 Genome_id # :95 Fitness :34458.41 Final Amt :2403.77 Days :236 Avg Daily Profit :0.116 %
Env #:0 Genome_id # :96 Fitness :38729.68 Final Amt :2068.14 Days :236 Avg Daily Profit :0.043 %
Env #:0 Genome_id # :100 Fitness :-42319.54 Final Amt :1372.38 Days :236 Avg Daily Profit :-0.117 %
Env #:0 Genome_id # :101 Fitness :-53751.27 Final Amt :1279.5 Days :236 Avg Daily Profit :-0.151 %
Env #:0 Genome_id # :107 Fitness :40583.65 Final Amt :1855.56 Days :236 Avg Daily Profit :-0.012 %
Env #:0 Genome_id # :108 Fitness :204489.8 Final Amt :2804.38 Days :236 Avg Daily Profit :0.181 %
Env #:0 Genome_id # :51 Fitness :116549.45 Final Amt :2706.24 Days :236 Avg Daily Profit :0.158 %
Env #:0 Genome_id # :113 Fitness :13794.1 Final Amt :2076.7 Days :236 Avg Daily Profit :0.046 %
Env #:0 Genome_id # :43 Fitness :202154.48 Final Amt :2574.82 Days :236 Avg Daily Profit :0.147 %
Env #:0 Genome_id # :118 Fitness :0.0 Final Amt :2000.0 Days :236 Avg Daily Profit :0.0 %
Env #:0 Genome_id # :123 Fitness :25017.93 Final Amt :2295.57 Days :236 Avg Daily Profit :0.1 %
Env #:0 Genome_id # :124 Fitness :90183.27 Final Amt :2465.52 Days :236 Avg Daily Profit :0.128 %
Env #:0 Genome_id # :128 Fitness :-46922.68 Final Amt :1485.87 Days :236 Avg Daily Profit :-0.085 %
Env #:0 Genome_id # :129 Fitness :-41069.4 Final Amt :1406.37 Days :236 Avg Daily Profit :-0.107 %
Env #:0 Genome_id # :135 Fitness :5310.67 Final Amt :2063.55 Days :236 Avg Daily Profit :0.014 %
Env #:0 Genome_id # :136 Fitness :39561.79 Final Amt :2299.15 Days :236 Avg Daily Profit :0.102 %
Env #:0 Genome_id # :139 Fitness :-22203.24 Final Amt :1450.31 Days :236 Avg Daily Profit :-0.093 %
Env #:0 Genome_id # :140 Fitness :58571.63 Final Amt :2224.31 Days :236 Avg Daily Profit :0.081 %
Env #:0 Genome_id # :144 Fitness :-111914.37 Final Amt :1156.78 Days :236 Avg Daily Profit :-0.189 %
Env #:0 Genome_id # :145 Fitness :-48695.95 Final Amt :1368.58 Days :236 Avg Daily Profit :-0.116 %
Env #:0 Genome_id # :81 Fitness :210488.27 Final Amt :2410.89 Days :236 Avg Daily Profit :0.119 %
Env #:0 Genome_id # :108 Fitness :204489.8 Final Amt :2804.38 Days :236 Avg Daily Profit :0.181 %
Env #:0 Genome_id # :1042 Fitness :187619.57 Final Amt :5771.63 Days :236 Avg Daily Profit :0.48 %
Env #:0 Genome_id # :115 Fitness :186952.95 Final Amt :2828.84 Days :236 Avg Daily Profit :0.186 %
Env #:0 Genome_id # :152 Fitness :222495.88 Final Amt :3090.29 Days :236 Avg Daily Profit :0.218 %
Env #:0 Genome_id # :81 Fitness :210488.27 Final Amt :2410.89 Days :236 Avg Daily Profit :0.119 %
Env #:0 Genome_id # :1042 Fitness :187619.57 Final Amt :5771.63 Days :236 Avg Daily Profit :0.48 %
Env #:0 Genome_id # :115 Fitness :186952.95 Final Amt :2828.84 Days :236 Avg Daily Profit :0.186 %
Env #:0 Genome_id # :148 Fitness :226247.18 Final Amt :2653.34 Days :236 Avg Daily Profit :0.157 %
Env #:0 Genome_id # :152 Fitness :222495.88 Final Amt :3090.29 Days :236 Avg Daily Profit :0.218 %
Env #:0 Genome_id # :181 Fitness :-49793.36 Final Amt :1407.93 Days :236 Avg Daily Profit :-0.106 %
Env #:0 Genome_id # :182 Fitness :-80762.23 Final Amt :1214.51 Days :236 Avg Daily Profit :-0.174 %
Env #:0 Genome_id # :186 Fitness :-40914.92 Final Amt :2048.99 Days :236 Avg Daily Profit :0.054 %
Env #:0 Genome_id # :187 Fitness :40378.57 Final Amt :2469.71 Days :236 Avg Daily Profit :0.121 %
Env #:0 Genome_id # :190 Fitness :7053.95 Final Amt :1902.17 Days :236 Avg Daily Profit :0.006 %
Env #:0 Genome_id # :148 Fitness :226247.18 Final Amt :2653.34 Days :236 Avg Daily Profit :0.157 %
Env #:0 Genome_id # :193 Fitness :-40822.72 Final Amt :1471.32 Days :236 Avg Daily Profit :-0.09 %
Env #:0 Genome_id # :194 Fitness :-55316.87 Final Amt :1330.87 Days :236 Avg Daily Profit :-0.127 %
Env #:0 Genome_id # :200 Fitness :3496.49 Final Amt :2068.2 Days :236 Avg Daily Profit :0.015 %
Env #:0 Genome_id # :201 Fitness :-31580.85 Final Amt :1695.51 Days :236 Avg Daily Profit :-0.026 %
Env #:0 Genome_id # :202 Fitness :138550.39 Final Amt :3387.68 Days :236 Avg Daily Profit :0.252 %
Env #:0 Genome_id # :203 Fitness :-14728.15 Final Amt :1633.93 Days :236 Avg Daily Profit :-0.041 %
Env #:0 Genome_id # :207 Fitness :0.0 Final Amt :2000.0 Days :236 Avg Daily Profit :0.0 %
Env #:0 Genome_id # :208 Fitness :21931.84 Final Amt :2235.88 Days :236 Avg Daily Profit :0.079 %
Env #:0 Genome_id # :212 Fitness :-55025.73 Final Amt :1382.41 Days :236 Avg Daily Profit :-0.115 %
Env #:0 Genome_id # :213 Fitness :172976.68 Final Amt :2357.74 Days :236 Avg Daily Profit :0.107 %Env #:0 Genome_id # :941 Fitness :98271.8 Final Amt :4259.36 Days :236 Avg Daily Profit :0.34 %
Env #:0 Genome_id # :263 Fitness :-42330.4 Final Amt :1710.7 Days :236 Avg Daily Profit :-0.029 %
Env #:0 Genome_id # :718 Fitness :117650.11 Final Amt :1878.78 Days :236 Avg Daily Profit :0.012 %
Env #:0 Genome_id # :335 Fitness :44233.6 Final Amt :2521.36 Days :236 Avg Daily Profit :0.139 %
Env #:0 Genome_id # :927 Fitness :113931.97 Final Amt :4305.1 Days :236 Avg Daily Profit :0.357 %
Env #:0 Genome_id # :829 Fitness :112980.02 Final Amt :4923.39 Days :236 Avg Daily Profit :0.414 %
Env #:0 Genome_id # :2 Fitness :-44384.45 Final Amt :1400.49 Days :236 Avg Daily Profit :-0.115 %
Env #:0 Genome_id # :3 Fitness :0.0 Final Amt :2000.0 Days :236 Avg Daily Profit :0.0 %
Env #:0 Genome_id # :929 Fitness :123376.67 Final Amt :4428.21 Days :236 Avg Daily Profit :0.371 %
Env #:0 Genome_id # :927 Fitness :113931.97 Final Amt :4305.1 Days :236 Avg Daily Profit :0.357 %
Env #:0 Genome_id # :13 Fitness :41511.19 Final Amt :2619.06 Days :236 Avg Daily Profit :0.153 %
Env #:0 Genome_id # :14 Fitness :7078.37 Final Amt :1605.12 Days :236 Avg Daily Profit :-0.049 %
Env #:0 Genome_id # :18 Fitness :-7201.09 Final Amt :2187.94 Days :236 Avg Daily Profit :0.079 %
Env #:0 Genome_id # :19 Fitness :2177.9 Final Amt :1975.75 Days :236 Avg Daily Profit :0.025 %
Env #:0 Genome_id # :20 Fitness :-235.65 Final Amt :1915.18 Days :236 Avg Daily Profit :-0.007 %
Env #:0 Genome_id # :1042 Fitness :187619.57 Final Amt :5771.63 Days :236 Avg Daily Profit :0.48 %
Env #:0 Genome_id # :25 Fitness :17400.48 Final Amt :2320.27 Days :236 Avg Daily Profit :0.102 %
Env #:0 Genome_id # :26 Fitness :-12852.09 Final Amt :1733.04 Days :236 Avg Daily Profit :-0.031 %
Env #:0 Genome_id # :30 Fitness :22111.79 Final Amt :2127.69 Days :236 Avg Daily Profit :0.061 %
Env #:0 Genome_id # :31 Fitness :-32356.35 Final Amt :1394.31 Days :236 Avg Daily Profit :-0.109 %
Env #:0 Genome_id # :34 Fitness :15913.13 Final Amt :2040.41 Days :236 Avg Daily Profit :0.043 %
Env #:0 Genome_id # :35 Fitness :-24831.26 Final Amt :1694.88 Days :236 Avg Daily Profit :-0.043 %
Env #:0 Genome_id # :39 Fitness :0.0 Final Amt :2000.0 Days :236 Avg Daily Profit :0.0 %
Env #:0 Genome_id # :40 Fitness :-99684.81 Final Amt :929.84 Days :236 Avg Daily Profit :-0.292 %
Env #:0 Genome_id # :44 Fitness :3859.3 Final Amt :1954.81 Days :236 Avg Daily Profit :0.024 %
Env #:0 Genome_id # :45 Fitness :-2964.38 Final Amt :1984.01 Days :236 Avg Daily Profit :-0.003 %
Env #:0 Genome_id # :48 Fitness :64710.53 Final Amt :3020.24 Days :236 Avg Daily Profit :0.205 %
Env #:0 Genome_id # :49 Fitness :35545.39 Final Amt :2344.19 Days :236 Avg Daily Profit :0.097 %
Env #:0 Genome_id # :53 Fitness :71713.2 Final Amt :2895.16 Days :236 Avg Daily Profit :0.197 %
Env #:0 Genome_id # :54 Fitness :-74007.8 Final Amt :963.77 Days :236 Avg Daily Profit :-0.279 %
Env #:0 Genome_id # :58 Fitness :7325.83 Final Amt :2190.07 Days :236 Avg Daily Profit :0.047 %
Env #:0 Genome_id # :59 Fitness :-33597.4 Final Amt :1444.21 Days :236 Avg Daily Profit :-0.1 %
Env #:0 Genome_id # :43 Fitness :202154.48 Final Amt :2574.82 Days :236 Avg Daily Profit :0.147 %
Env #:0 Genome_id # :46 Fitness :196916.59 Final Amt :2988.85 Days :236 Avg Daily Profit :0.212 %
Env #:0 Genome_id # :69 Fitness :48437.3 Final Amt :2561.37 Days :236 Avg Daily Profit :0.135 %
Env #:0 Genome_id # :70 Fitness :31193.72 Final Amt :2308.27 Days :236 Avg Daily Profit :0.102 %
Env #:0 Genome_id # :74 Fitness :-49451.05 Final Amt :1297.52 Days :236 Avg Daily Profit :-0.145 %
Env #:0 Genome_id # :75 Fitness :66097.96 Final Amt :2345.52 Days :236 Avg Daily Profit :0.106 %
Env #:0 Genome_id # :77 Fitness :-46238.81 Final Amt :1584.81 Days :236 Avg Daily Profit :-0.061 %
Env #:0 Genome_id # :78 Fitness :62582.41 Final Amt :2418.65 Days :236 Avg Daily Profit :0.124 %
Env #:0 Genome_id # :51 Fitness :116549.45 Final Amt :2706.24 Days :236 Avg Daily Profit :0.158 %
Env #:0 Genome_id # :85 Fitness :-46632.16 Final Amt :1872.62 Days :236 Avg Daily Profit :0.02 %
Env #:0 Genome_id # :93 Fitness :101026.45 Final Amt :3220.13 Days :236 Avg Daily Profit :0.241 %
Env #:0 Genome_id # :94 Fitness :59916.79 Final Amt :2530.77 Days :236 Avg Daily Profit :0.14 %
Env #:0 Genome_id # :51 Fitness :116549.45 Final Amt :2706.24 Days :236 Avg Daily Profit :0.158 %
Env #:0 Genome_id # :99 Fitness :-47561.32 Final Amt :1449.41 Days :236 Avg Daily Profit :-0.092 %
Env #:0 Genome_id # :104 Fitness :-65250.31 Final Amt :1743.64 Days :236 Avg Daily Profit :-0.025 %
Env #:0 Genome_id # :81 Fitness :210488.27 Final Amt :2410.89 Days :236 Avg Daily Profit :0.119 %
Env #:0 Genome_id # :1042 Fitness :187619.57 Final Amt :5771.63 Days :236 Avg Daily Profit :0.48 %
Env #:0 Genome_id # :929 Fitness :123376.67 Final Amt :4428.21 Days :236 Avg Daily Profit :0.371 %
Env #:0 Genome_id # :119 Fitness :-26678.16 Final Amt :1562.35 Days :236 Avg Daily Profit :-0.083 %
Env #:0 Genome_id # :120 Fitness :69777.48 Final Amt :2245.51 Days :236 Avg Daily Profit :0.088 %
Env #:0 Genome_id # :929 Fitness :123376.67 Final Amt :4428.21 Days :236 Avg Daily Profit :0.371 %
Env #:0 Genome_id # :127 Fitness :49431.65 Final Amt :2437.98 Days :236 Avg Daily Profit :0.127 %
Env #:0 Genome_id # :132 Fitness :41343.12 Final Amt :2044.81 Days :236 Avg Daily Profit :0.045 %
Env #:0 Genome_id # :81 Fitness :210488.27 Final Amt :2410.89 Days :236 Avg Daily Profit :0.119 %
Env #:0 Genome_id # :929 Fitness :123376.67 Final Amt :4428.21 Days :236 Avg Daily Profit :0.371 %
Env #:0 Genome_id # :141 Fitness :-27043.53 Final Amt :1442.93 Days :236 Avg Daily Profit :-0.094 %
Env #:0 Genome_id # :146 Fitness :-20417.78 Final Amt :1361.61 Days :236 Avg Daily Profit :-0.122 %
Env #:0 Genome_id # :147 Fitness :-36034.93 Final Amt :1411.98 Days :236 Avg Daily Profit :-0.111 %
Env #:0 Genome_id # :929 Fitness :123376.67 Final Amt :4428.21 Days :236 Avg Daily Profit :0.371 %
Env #:0 Genome_id # :155 Fitness :-898.42 Final Amt :1658.67 Days :236 Avg Daily Profit :-0.039 %
Env #:0 Genome_id # :163 Fitness :-65915.58 Final Amt :2130.28 Days :236 Avg Daily Profit :0.069 %
Env #:0 Genome_id # :164 Fitness :80610.25 Final Amt :2373.45 Days :236 Avg Daily Profit :0.114 %
Env #:0 Genome_id # :167 Fitness :-35716.3 Final Amt :1378.38 Days :236 Avg Daily Profit :-0.119 %
Env #:0 Genome_id # :168 Fitness :-25901.96 Final Amt :1506.03 Days :236 Avg Daily Profit :-0.079 %
Env #:0 Genome_id # :172 Fitness :-48043.6 Final Amt :1292.18 Days :236 Avg Daily Profit :-0.145 %
Env #:0 Genome_id # :173 Fitness :85282.94 Final Amt :3753.86 Days :236 Avg Daily Profit :0.3 %
Env #:0 Genome_id # :81 Fitness :210488.27 Final Amt :2410.89 Days :236 Avg Daily Profit :0.119 %
Env #:0 Genome_id # :176 Fitness :-21669.54 Final Amt :1631.71 Days :236 Avg Daily Profit :-0.045 %
Env #:0 Genome_id # :1042 Fitness :187619.57 Final Amt :5771.63 Days :236 Avg Daily Profit :0.48 %
Env #:0 Genome_id # :115 Fitness :186952.95 Final Amt :2828.84 Days :236 Avg Daily Profit :0.186 %
Env #:0 Genome_id # :191 Fitness :-76956.48 Final Amt :1383.47 Days :236 Avg Daily Profit :-0.118 %
Env #:0 Genome_id # :192 Fitness :-46528.95 Final Amt :1478.9 Days :236 Avg Daily Profit :-0.086 %
Env #:0 Genome_id # :188 Fitness :156540.16 Final Amt :5956.98 Days :236 Avg Daily Profit :0.498 %
Env #:0 Genome_id # :197 Fitness :86810.96 Final Amt :1925.9 Days :236 Avg Daily Profit :0.023 %
Env #:0 Genome_id # :148 Fitness :226247.18 Final Amt :2653.34 Days :236 Avg Daily Profit :0.157 %
Env #:0 Genome_id # :152 Fitness :222495.88 Final Amt :3090.29 Days :236 Avg Daily Profit :0.218 %
Env #:0 Genome_id # :81 Fitness :210488.27 Final Amt :2410.89 Days :236 Avg Daily Profit :0.119 %
Env #:0 Genome_id # :211 Fitness :206615.1 Final Amt :2412.81 Days :236 Avg Daily Profit :0.118 %
Env #:0 Genome_id # :199 Fitness :239684.92 Final Amt :4103.48 Days :236 Avg Daily Profit :0.34 %
Env #:0 Genome_id # :1042 Fitness :187619.57 Final Amt :5771.63 Days :236 Avg Daily Profit :0.48 %
Env #:0 Genome_id # :148 Fitness :226247.18 Final Amt :2653.34 Days :236 Avg Daily Profit :0.157 %
Env #:0 Genome_id # :152 Fitness :222495.88 Final Amt :3090.29 Days :236 Avg Daily Profit :0.218 %Env #:0 Genome_id # :871 Fitness :39007.77 Final Amt :3164.52 Days :236 Avg Daily Profit :0.231 %
Env #:0 Genome_id # :365 Fitness :149681.75 Final Amt :3172.87 Days :236 Avg Daily Profit :0.235 %
Env #:0 Genome_id # :1042 Fitness :187619.57 Final Amt :5771.63 Days :236 Avg Daily Profit :0.48 %
Env #:0 Genome_id # :594 Fitness :105822.81 Final Amt :3905.81 Days :236 Avg Daily Profit :0.324 %
Env #:0 Genome_id # :914 Fitness :-28884.92 Final Amt :1571.28 Days :236 Avg Daily Profit :-0.055 %
Env #:0 Genome_id # :31 Fitness :-25839.95 Final Amt :1417.62 Days :236 Avg Daily Profit :-0.104 %
Env #:0 Genome_id # :4 Fitness :60424.83 Final Amt :2542.79 Days :236 Avg Daily Profit :0.143 %
Env #:0 Genome_id # :1042 Fitness :187619.57 Final Amt :5771.63 Days :236 Avg Daily Profit :0.48 %
Env #:0 Genome_id # :9 Fitness :-44603.48 Final Amt :1262.62 Days :236 Avg Daily Profit :-0.155 %
Env #:0 Genome_id # :10 Fitness :-30496.94 Final Amt :1401.77 Days :236 Avg Daily Profit :-0.106 %
Env #:0 Genome_id # :718 Fitness :117650.11 Final Amt :1878.78 Days :236 Avg Daily Profit :0.012 %
Env #:0 Genome_id # :15 Fitness :38550.89 Final Amt :2430.3 Days :236 Avg Daily Profit :0.123 %
Env #:0 Genome_id # :929 Fitness :123376.67 Final Amt :4428.21 Days :236 Avg Daily Profit :0.371 %
Env #:0 Genome_id # :927 Fitness :113931.97 Final Amt :4305.1 Days :236 Avg Daily Profit :0.357 %
Env #:0 Genome_id # :718 Fitness :117650.11 Final Amt :1878.78 Days :236 Avg Daily Profit :0.012 %
Env #:0 Genome_id # :29 Fitness :-43340.16 Final Amt :1427.18 Days :236 Avg Daily Profit :-0.101 %
Env #:0 Genome_id # :37 Fitness :-70442.3 Final Amt :1401.45 Days :236 Avg Daily Profit :-0.106 %
Env #:0 Genome_id # :38 Fitness :72571.43 Final Amt :3644.01 Days :236 Avg Daily Profit :0.29 %
Env #:0 Genome_id # :718 Fitness :117650.11 Final Amt :1878.78 Days :236 Avg Daily Profit :0.012 %
Env #:0 Genome_id # :43 Fitness :202154.48 Final Amt :2574.82 Days :236 Avg Daily Profit :0.147 %
Env #:0 Genome_id # :51 Fitness :116549.45 Final Amt :2706.24 Days :236 Avg Daily Profit :0.158 %
Env #:0 Genome_id # :52 Fitness :2683.22 Final Amt :2032.35 Days :236 Avg Daily Profit :0.008 %
Env #:0 Genome_id # :55 Fitness :-26949.75 Final Amt :1397.86 Days :236 Avg Daily Profit :-0.117 %
Env #:0 Genome_id # :56 Fitness :-147056.64 Final Amt :2567.54 Days :236 Avg Daily Profit :0.141 %
Env #:0 Genome_id # :60 Fitness :-34642.27 Final Amt :1423.4 Days :236 Avg Daily Profit :-0.107 %
Env #:0 Genome_id # :61 Fitness :15318.01 Final Amt :1815.34 Days :236 Avg Daily Profit :-0.004 %
Env #:0 Genome_id # :63 Fitness :47700.07 Final Amt :2312.51 Days :236 Avg Daily Profit :0.105 %
Env #:0 Genome_id # :64 Fitness :64424.39 Final Amt :2483.09 Days :236 Avg Daily Profit :0.133 %
Env #:0 Genome_id # :51 Fitness :116549.45 Final Amt :2706.24 Days :236 Avg Daily Profit :0.158 %
Env #:0 Genome_id # :71 Fitness :-74077.87 Final Amt :1481.64 Days :236 Avg Daily Profit :-0.087 %
Env #:0 Genome_id # :79 Fitness :83555.88 Final Amt :2668.42 Days :236 Avg Daily Profit :0.147 %
Env #:0 Genome_id # :80 Fitness :66168.12 Final Amt :2460.98 Days :236 Avg Daily Profit :0.131 %
Env #:0 Genome_id # :1042 Fitness :187619.57 Final Amt :5771.63 Days :236 Avg Daily Profit :0.48 %
Env #:0 Genome_id # :929 Fitness :123376.67 Final Amt :4428.21 Days :236 Avg Daily Profit :0.371 %
Env #:0 Genome_id # :91 Fitness :96818.99 Final Amt :1526.08 Days :236 Avg Daily Profit :-0.085 %
Env #:0 Genome_id # :92 Fitness :65804.54 Final Amt :2522.64 Days :236 Avg Daily Profit :0.139 %
Env #:0 Genome_id # :1042 Fitness :187619.57 Final Amt :5771.63 Days :236 Avg Daily Profit :0.48 %
Env #:0 Genome_id # :929 Fitness :123376.67 Final Amt :4428.21 Days :236 Avg Daily Profit :0.371 %
Env #:0 Genome_id # :105 Fitness :58573.57 Final Amt :3047.56 Days :236 Avg Daily Profit :0.209 %
Env #:0 Genome_id # :106 Fitness :10780.6 Final Amt :2193.15 Days :236 Avg Daily Profit :0.04 %
Env #:0 Genome_id # :109 Fitness :-80649.29 Final Amt :1442.37 Days :236 Avg Daily Profit :-0.09 %
Env #:0 Genome_id # :110 Fitness :63100.69 Final Amt :2311.53 Days :236 Avg Daily Profit :0.086 %
Env #:0 Genome_id # :114 Fitness :-25791.4 Final Amt :1633.13 Days :236 Avg Daily Profit :-0.052 %
Env #:0 Genome_id # :115 Fitness :186952.95 Final Amt :2828.84 Days :236 Avg Daily Profit :0.186 %
Env #:0 Genome_id # :121 Fitness :71438.14 Final Amt :3081.15 Days :236 Avg Daily Profit :0.225 %
Env #:0 Genome_id # :122 Fitness :-91411.69 Final Amt :1516.8 Days :236 Avg Daily Profit :-0.077 %
Env #:0 Genome_id # :1042 Fitness :187619.57 Final Amt :5771.63 Days :236 Avg Daily Profit :0.48 %
Env #:0 Genome_id # :115 Fitness :186952.95 Final Amt :2828.84 Days :236 Avg Daily Profit :0.186 %
Env #:0 Genome_id # :133 Fitness :-6405.18 Final Amt :1916.26 Days :236 Avg Daily Profit :-0.013 %
Env #:0 Genome_id # :134 Fitness :35883.62 Final Amt :2407.34 Days :236 Avg Daily Profit :0.117 %
Env #:0 Genome_id # :137 Fitness :-23676.08 Final Amt :1546.1 Days :236 Avg Daily Profit :-0.067 %
Env #:0 Genome_id # :138 Fitness :-91140.86 Final Amt :1392.95 Days :236 Avg Daily Profit :-0.118 %
Env #:0 Genome_id # :142 Fitness :-42138.39 Final Amt :1372.8 Days :236 Avg Daily Profit :-0.116 %
Env #:0 Genome_id # :143 Fitness :65699.83 Final Amt :2409.84 Days :236 Avg Daily Profit :0.115 %
Env #:0 Genome_id # :149 Fitness :-22389.29 Final Amt :1698.91 Days :236 Avg Daily Profit :-0.059 %
Env #:0 Genome_id # :150 Fitness :-88682.77 Final Amt :1322.36 Days :236 Avg Daily Profit :-0.134 %
Env #:0 Genome_id # :151 Fitness :96767.63 Final Amt :3072.6 Days :236 Avg Daily Profit :0.217 %
Env #:0 Genome_id # :152 Fitness :222495.88 Final Amt :3090.29 Days :236 Avg Daily Profit :0.218 %
Env #:0 Genome_id # :158 Fitness :-63394.69 Final Amt :1403.51 Days :236 Avg Daily Profit :-0.114 %
Env #:0 Genome_id # :159 Fitness :99367.45 Final Amt :3861.2 Days :236 Avg Daily Profit :0.312 %
Env #:0 Genome_id # :160 Fitness :93902.32 Final Amt :3826.51 Days :236 Avg Daily Profit :0.307 %
Env #:0 Genome_id # :148 Fitness :226247.18 Final Amt :2653.34 Days :236 Avg Daily Profit :0.157 %
Env #:0 Genome_id # :165 Fitness :115532.87 Final Amt :2009.44 Days :236 Avg Daily Profit :0.045 %
Env #:0 Genome_id # :166 Fitness :49821.48 Final Amt :2511.54 Days :236 Avg Daily Profit :0.134 %
Env #:0 Genome_id # :170 Fitness :91011.61 Final Amt :4005.64 Days :236 Avg Daily Profit :0.33 %
Env #:0 Genome_id # :171 Fitness :37993.53 Final Amt :2138.65 Days :236 Avg Daily Profit :0.068 %
Env #:0 Genome_id # :177 Fitness :-73397.74 Final Amt :1437.59 Days :236 Avg Daily Profit :-0.095 %
Env #:0 Genome_id # :178 Fitness :74224.12 Final Amt :2937.92 Days :236 Avg Daily Profit :0.2 %
Env #:0 Genome_id # :929 Fitness :123376.67 Final Amt :4428.21 Days :236 Avg Daily Profit :0.371 %
Env #:0 Genome_id # :183 Fitness :-8287.31 Final Amt :1794.48 Days :236 Avg Daily Profit :-0.027 %
Env #:0 Genome_id # :152 Fitness :222495.88 Final Amt :3090.29 Days :236 Avg Daily Profit :0.218 %
Env #:0 Genome_id # :81 Fitness :210488.27 Final Amt :2410.89 Days :236 Avg Daily Profit :0.119 %
Env #:0 Genome_id # :1042 Fitness :187619.57 Final Amt :5771.63 Days :236 Avg Daily Profit :0.48 %
Env #:0 Genome_id # :115 Fitness :186952.95 Final Amt :2828.84 Days :236 Avg Daily Profit :0.186 %
Env #:0 Genome_id # :81 Fitness :210488.27 Final Amt :2410.89 Days :236 Avg Daily Profit :0.119 %
Env #:0 Genome_id # :206 Fitness :196215.74 Final Amt :4090.99 Days :236 Avg Daily Profit :0.341 %
Env #:0 Genome_id # :148 Fitness :226247.18 Final Amt :2653.34 Days :236 Avg Daily Profit :0.157 %
Env #:0 Genome_id # :152 Fitness :222495.88 Final Amt :3090.29 Days :236 Avg Daily Profit :0.218 %
Env #:0 Genome_id # :219 Fitness :36797.1 Final Amt :1866.6 Days :236 Avg Daily Profit :0.006 %
Env #:0 Genome_id # :220 Fitness :-16720.08 Final Amt :1589.29 Days :236 Avg Daily Profit :-0.054 %
Env #:0 Genome_id # :81 Fitness :210488.27 Final Amt :2410.89 Days :236 Avg Daily Profit :0.119 %
Env #:0 Genome_id # :225 Fitness :-43798.4 Final Amt :1694.47 Days :236 Avg Daily Profit :-0.059 %
Env #:0 Genome_id # :232 Fitness :117023.78 Final Amt :2701.68 Days :236 Avg Daily Profit :0.17 %
Env #:0 Genome_id # :199 Fitness :239684.92 Final Amt :4103.48 Days :236 Avg Daily Profit :0.34 %Population of 20 members in 2 species:
   ID   age  size  fitness  adj fit  stag
  ====  ===  ====  =======  =======  ====
     1   14     8  226247.2    0.376     3
     2   14    12  187619.6    0.475   -67
Total extinctions: 0
Generation time: 2521.931 sec (2503.948 average)
Saving checkpoint to neat-checkpoint-14

 ****** Running generation 15 ****** 

Population's average fitness: 97750.45860 stdev: 96243.27720
Best fitness: 239684.92100 - size: (9, 25) - species 2 - id 199
Average adjusted fitness: 0.520
Mean genetic distance 2.215, standard deviation 0.978
Population of 20 members in 2 species:
   ID   age  size  fitness  adj fit  stag
  ====  ===  ====  =======  =======  ====
     1   15    10  226247.2    0.600     4
     2   15    10  239684.9    0.439     0
Total extinctions: 0
Generation time: 2433.567 sec (2514.971 average)
Saving checkpoint to neat-checkpoint-15

 ****** Running generation 16 ****** 

Population's average fitness: 89838.24430 stdev: 102764.86777
Best fitness: 239684.92100 - size: (9, 25) - species 2 - id 199
Average adjusted fitness: 0.519
Mean genetic distance 2.142, standard deviation 1.066
Population of 20 members in 2 species:
   ID   age  size  fitness  adj fit  stag
  ====  ===  ====  =======  =======  ====
     1   16    11  226247.2    0.569     5
     2   16     9  239684.9    0.468     1
Total extinctions: 0
Generation time: 2576.541 sec (2514.386 average)
Saving checkpoint to neat-checkpoint-16

 ****** Running generation 17 ****** 

Population's average fitness: 59153.29735 stdev: 121341.89008
Best fitness: 239684.92100 - size: (9, 25) - species 2 - id 199
Average adjusted fitness: 0.622
Mean genetic distance 2.223, standard deviation 0.999
Population of 20 members in 2 species:
   ID   age  size  fitness  adj fit  stag
  ====  ===  ====  =======  =======  ====
     1   17    10  226247.2    0.604     6
     2   17    10  239684.9    0.641     2
Total extinctions: 0
Generation time: 2449.300 sec (2513.606 average)
Saving checkpoint to neat-checkpoint-17

 ****** Running generation 18 ****** 

Population's average fitness: 89441.91790 stdev: 104105.21654
Best fitness: 239684.92100 - size: (9, 25) - species 2 - id 199
Average adjusted fitness: 0.495
Mean genetic distance 2.178, standard deviation 1.041
Population of 20 members in 2 species:
   ID   age  size  fitness  adj fit  stag
  ====  ===  ====  =======  =======  ====
     1   18    11  226247.2    0.563     7
     2   18     9  239684.9    0.427     3
Total extinctions: 0
Generation time: 2472.574 sec (2516.500 average)
Saving checkpoint to neat-checkpoint-18

 ****** Running generation 19 ****** 

Population's average fitness: 85707.50155 stdev: 102252.87554
Best fitness: 239684.92100 - size: (9, 25) - species 2 - id 199
Average adjusted fitness: 0.458
Mean genetic distance 2.276, standard deviation 0.933
Population of 20 members in 2 species:
   ID   age  size  fitness  adj fit  stag
  ====  ===  ====  =======  =======  ====
     1   19     9  226247.2    0.337     8
     2   19    11  239684.9    0.580     4
Total extinctions: 0
Generation time: 2514.970 sec (2509.260 average)
Saving checkpoint to neat-checkpoint-19

 ****** Running generation 20 ****** 

Population's average fitness: 85373.13240 stdev: 102176.69673
Best fitness: 239684.92100 - size: (9, 25) - species 2 - id 199
Average adjusted fitness: 0.476
Mean genetic distance 2.280, standard deviation 0.984
Population of 20 members in 2 species:
   ID   age  size  fitness  adj fit  stag
  ====  ===  ====  =======  =======  ====
     1   20    10  226247.2    0.480     9
     2   20    10  239684.9    0.473     5
Total extinctions: 0
Generation time: 2484.315 sec (2501.396 average)
Saving checkpoint to neat-checkpoint-20

 ****** Running generation 21 ****** 

Population's average fitness: 108251.43505 stdev: 107779.06302
Best fitness: 239684.92100 - size: (9, 25) - species 2 - id 199
Average adjusted fitness: 0.573
Mean genetic distance 2.408, standard deviation 0.930
Population of 20 members in 2 species:
   ID   age  size  fitness  adj fit  stag
  ====  ===  ====  =======  =======  ====
     1   21    11  226247.2    0.613    10
     2   21     9  239684.9    0.533     6
Total extinctions: 0
Generation time: 2432.163 sec (2497.478 average)
Saving checkpoint to neat-checkpoint-21

 ****** Running generation 22 ****** 

Population's average fitness: 81192.43175 stdev: 121355.41268
Best fitness: 275087.34600 - size: (7, 27) - species 2 - id 305
Average adjusted fitness: 0.498
Mean genetic distance 2.302, standard deviation 1.021
Population of 20 members in 2 species:
   ID   age  size  fitness  adj fit  stag
  ====  ===  ====  =======  =======  ====
     1   22    10  226247.2    0.434    11
     2   22    10  275087.3    0.562     0
Total extinctions: 0
Generation time: 2411.954 sec (2486.424 average)
Saving checkpoint to neat-checkpoint-22

 ****** Running generation 23 ****** 

Population's average fitness: 100887.21130 stdev: 124808.76674
Best fitness: 275087.34600 - size: (7, 27) - species 2 - id 305
Average adjusted fitness: 0.540
Mean genetic distance 2.269, standard deviation 0.958
Population of 20 members in 2 species:
   ID   age  size  fitness  adj fit  stag
  ====  ===  ====  =======  =======  ====
     1   23    11  244923.0    0.586     0
     2   23     9  275087.3    0.494     1
Total extinctions: 0
Generation time: 2478.971 sec (2477.629 average)
Saving checkpoint to neat-checkpoint-23

 ****** Running generation 24 ****** 

Population's average fitness: 90751.77380 stdev: 118614.97803
Best fitness: 275087.34600 - size: (7, 27) - species 2 - id 305
Average adjusted fitness: 0.478
Mean genetic distance 2.232, standard deviation 1.089
Population of 20 members in 2 species:
   ID   age  size  fitness  adj fit  stag
  ====  ===  ====  =======  =======  ====
     1   24    10  244923.0    0.463     1
     2   24    10  275087.3    0.492     2
Total extinctions: 0
Generation time: 2551.080 sec (2480.544 average)
Saving checkpoint to neat-checkpoint-24

 ****** Running generation 25 ****** 

Population's average fitness: 95219.79615 stdev: 125744.76439
Best fitness: 275087.34600 - size: (7, 27) - species 2 - id 305
Average adjusted fitness: 0.543
Mean genetic distance 2.237, standard deviation 1.089
Population of 20 members in 2 species:
   ID   age  size  fitness  adj fit  stag
  ====  ===  ====  =======  =======  ====
     1   25     9  244923.0    0.503     2
     2   25    11  275087.3    0.583     3
Total extinctions: 0
Generation time: 2454.920 sec (2482.679 average)
Saving checkpoint to neat-checkpoint-25

 ****** Running generation 26 ****** 

Population's average fitness: 109182.11520 stdev: 119514.66264
Best fitness: 275087.34600 - size: (7, 27) - species 2 - id 305
Average adjusted fitness: 0.480
Mean genetic distance 2.291, standard deviation 1.076
Population of 20 members in 2 species:
   ID   age  size  fitness  adj fit  stag
  ====  ===  ====  =======  =======  ====
     1   26    10  244923.0    0.460     3
     2   26    10  275087.3    0.499     4
Total extinctions: 0
Generation time: 2492.780 sec (2474.303 average)
Saving checkpoint to neat-checkpoint-26

 ****** Running generation 27 ****** 

Population's average fitness: 79254.78985 stdev: 135495.25922
Best fitness: 275087.34600 - size: (7, 27) - species 2 - id 305
Average adjusted fitness: 0.563
Mean genetic distance 2.249, standard deviation 1.094
Population of 20 members in 2 species:
   ID   age  size  fitness  adj fit  stag
  ====  ===  ====  =======  =======  ====
     1   27    11  244923.0    0.603     4
     2   27     9  275087.3    0.524     5
Total extinctions: 0
Generation time: 2291.972 sec (2458.570 average)
Saving checkpoint to neat-checkpoint-27

 ****** Running generation 28 ****** 

Population's average fitness: 100483.97625 stdev: 109906.74876
Best fitness: 275087.34600 - size: (7, 27) - species 2 - id 305
Average adjusted fitness: 0.474
Mean genetic distance 2.208, standard deviation 1.060
Population of 20 members in 2 species:
   ID   age  size  fitness  adj fit  stag
  ====  ===  ====  =======  =======  ====
     1   28     9  244923.0    0.376     5
     2   28    11  275087.3    0.572     6
Env #:0 Genome_id # :1042 Fitness :187619.57 Final Amt :5771.63 Days :236 Avg Daily Profit :0.48 %
Env #:0 Genome_id # :115 Fitness :186952.95 Final Amt :2828.84 Days :236 Avg Daily Profit :0.186 %
Env #:0 Genome_id # :81 Fitness :210488.27 Final Amt :2410.89 Days :236 Avg Daily Profit :0.119 %
Env #:0 Genome_id # :239 Fitness :-42428.79 Final Amt :1393.46 Days :236 Avg Daily Profit :-0.11 %
Env #:0 Genome_id # :244 Fitness :96274.36 Final Amt :3082.97 Days :236 Avg Daily Profit :0.223 %
Env #:0 Genome_id # :245 Fitness :-40606.4 Final Amt :1354.67 Days :236 Avg Daily Profit :-0.121 %
Env #:0 Genome_id # :249 Fitness :-49907.58 Final Amt :1338.26 Days :236 Avg Daily Profit :-0.126 %
Env #:0 Genome_id # :250 Fitness :-34891.73 Final Amt :1524.64 Days :236 Avg Daily Profit :-0.097 %
Env #:0 Genome_id # :254 Fitness :-11372.31 Final Amt :1522.31 Days :236 Avg Daily Profit :-0.085 %
Env #:0 Genome_id # :255 Fitness :26396.4 Final Amt :2187.35 Days :236 Avg Daily Profit :0.074 %
Env #:0 Genome_id # :261 Fitness :83602.09 Final Amt :3436.07 Days :236 Avg Daily Profit :0.262 %
Env #:0 Genome_id # :262 Fitness :33360.6 Final Amt :2549.06 Days :236 Avg Daily Profit :0.141 %
Env #:0 Genome_id # :81 Fitness :210488.27 Final Amt :2410.89 Days :236 Avg Daily Profit :0.119 %
Env #:0 Genome_id # :267 Fitness :49092.13 Final Amt :2606.26 Days :236 Avg Daily Profit :0.156 %
Env #:0 Genome_id # :266 Fitness :237695.31 Final Amt :3461.01 Days :236 Avg Daily Profit :0.267 %
Env #:0 Genome_id # :1042 Fitness :187619.57 Final Amt :5771.63 Days :236 Avg Daily Profit :0.48 %
Env #:0 Genome_id # :279 Fitness :-54750.88 Final Amt :1344.68 Days :236 Avg Daily Profit :-0.125 %
Env #:0 Genome_id # :280 Fitness :-959.19 Final Amt :1909.46 Days :236 Avg Daily Profit :0.029 %
Env #:0 Genome_id # :284 Fitness :115385.85 Final Amt :2717.65 Days :236 Avg Daily Profit :0.171 %
Env #:0 Genome_id # :285 Fitness :113120.5 Final Amt :2911.43 Days :236 Avg Daily Profit :0.196 %
Env #:0 Genome_id # :286 Fitness :44255.31 Final Amt :2345.01 Days :236 Avg Daily Profit :0.109 %
Env #:0 Genome_id # :287 Fitness :-27809.78 Final Amt :1461.75 Days :236 Avg Daily Profit :-0.105 %
Env #:0 Genome_id # :293 Fitness :-38762.55 Final Amt :1403.4 Days :236 Avg Daily Profit :-0.107 %
Env #:0 Genome_id # :294 Fitness :-68402.21 Final Amt :1316.91 Days :236 Avg Daily Profit :-0.133 %
Env #:0 Genome_id # :298 Fitness :-31819.54 Final Amt :1379.8 Days :236 Avg Daily Profit :-0.113 %
Env #:0 Genome_id # :299 Fitness :0.0 Final Amt :2000.0 Days :236 Avg Daily Profit :0.0 %
Env #:0 Genome_id # :300 Fitness :62561.04 Final Amt :2430.95 Days :236 Avg Daily Profit :0.12 %
Env #:0 Genome_id # :301 Fitness :-106261.3 Final Amt :1363.47 Days :236 Avg Daily Profit :-0.121 %
Env #:0 Genome_id # :305 Fitness :275087.35 Final Amt :3320.61 Days :236 Avg Daily Profit :0.249 %
Env #:0 Genome_id # :306 Fitness :-1920.38 Final Amt :1724.16 Days :236 Avg Daily Profit :-0.025 %
Env #:0 Genome_id # :310 Fitness :244923.02 Final Amt :2777.76 Days :236 Avg Daily Profit :0.178 %
Env #:0 Genome_id # :311 Fitness :-45712.13 Final Amt :1347.14 Days :236 Avg Daily Profit :-0.123 %
Env #:0 Genome_id # :305 Fitness :275087.35 Final Amt :3320.61 Days :236 Avg Daily Profit :0.249 %
Env #:0 Genome_id # :199 Fitness :239684.92 Final Amt :4103.48 Days :236 Avg Daily Profit :0.34 %
Env #:0 Genome_id # :321 Fitness :126929.26 Final Amt :2360.3 Days :236 Avg Daily Profit :0.094 %
Env #:0 Genome_id # :322 Fitness :-38981.72 Final Amt :1331.31 Days :236 Avg Daily Profit :-0.13 %
Env #:0 Genome_id # :326 Fitness :101934.05 Final Amt :2443.57 Days :236 Avg Daily Profit :0.125 %
Env #:0 Genome_id # :327 Fitness :-49855.46 Final Amt :1339.17 Days :236 Avg Daily Profit :-0.126 %
Env #:0 Genome_id # :330 Fitness :11973.39 Final Amt :1991.65 Days :236 Avg Daily Profit :0.038 %
Env #:0 Genome_id # :305 Fitness :275087.35 Final Amt :3320.61 Days :236 Avg Daily Profit :0.249 %
Env #:0 Genome_id # :152 Fitness :222495.88 Final Amt :3090.29 Days :236 Avg Daily Profit :0.218 %
Env #:0 Genome_id # :337 Fitness :-30156.28 Final Amt :1388.95 Days :236 Avg Daily Profit :-0.11 %
Env #:0 Genome_id # :305 Fitness :275087.35 Final Amt :3320.61 Days :236 Avg Daily Profit :0.249 %
Env #:0 Genome_id # :199 Fitness :239684.92 Final Amt :4103.48 Days :236 Avg Daily Profit :0.34 %
Env #:0 Genome_id # :310 Fitness :244923.02 Final Amt :2777.76 Days :236 Avg Daily Profit :0.178 %
Env #:0 Genome_id # :148 Fitness :226247.18 Final Amt :2653.34 Days :236 Avg Daily Profit :0.157 %
Env #:0 Genome_id # :346 Fitness :245009.07 Final Amt :4638.83 Days :236 Avg Daily Profit :0.391 %
Env #:0 Genome_id # :199 Fitness :239684.92 Final Amt :4103.48 Days :236 Avg Daily Profit :0.34 %
Env #:0 Genome_id # :363 Fitness :270162.52 Final Amt :4029.14 Days :236 Avg Daily Profit :0.334 %
Env #:0 Genome_id # :364 Fitness :-31793.0 Final Amt :1455.73 Days :236 Avg Daily Profit :-0.093 %
Env #:0 Genome_id # :368 Fitness :139232.07 Final Amt :2523.6 Days :236 Avg Daily Profit :0.139 %
Env #:0 Genome_id # :369 Fitness :-55364.93 Final Amt :1311.62 Days :236 Avg Daily Profit :-0.135 %
Env #:0 Genome_id # :305 Fitness :275087.35 Final Amt :3320.61 Days :236 Avg Daily Profit :0.249 %
Env #:0 Genome_id # :363 Fitness :270162.52 Final Amt :4029.14 Days :236 Avg Daily Profit :0.334 %
Env #:0 Genome_id # :310 Fitness :244923.02 Final Amt :2777.76 Days :236 Avg Daily Profit :0.178 %
Env #:0 Genome_id # :353 Fitness :235943.55 Final Amt :2910.56 Days :236 Avg Daily Profit :0.195 %
Env #:0 Genome_id # :387 Fitness :26876.21 Final Amt :2261.14 Days :236 Avg Daily Profit :0.096 %
Env #:0 Genome_id # :388 Fitness :39783.35 Final Amt :2076.43 Days :236 Avg Daily Profit :0.044 %
Env #:0 Genome_id # :310 Fitness :244923.02 Final Amt :2777.76 Days :236 Avg Daily Profit :0.178 %
Env #:0 Genome_id # :353 Fitness :235943.55 Final Amt :2910.56 Days :236 Avg Daily Profit :0.195 %
Env #:0 Genome_id # :401 Fitness :64163.85 Final Amt :2491.68 Days :236 Avg Daily Profit :0.13 %
Env #:0 Genome_id # :402 Fitness :191182.04 Final Amt :2574.11 Days :236 Avg Daily Profit :0.151 %

Env #:0 Genome_id # :148 Fitness :226247.18 Final Amt :2653.34 Days :236 Avg Daily Profit :0.157 %
Env #:0 Genome_id # :152 Fitness :222495.88 Final Amt :3090.29 Days :236 Avg Daily Profit :0.218 %
Env #:0 Genome_id # :115 Fitness :186952.95 Final Amt :2828.84 Days :236 Avg Daily Profit :0.186 %
Env #:0 Genome_id # :246 Fitness :63790.0 Final Amt :2498.48 Days :236 Avg Daily Profit :0.137 %
Env #:0 Genome_id # :251 Fitness :-58026.75 Final Amt :1275.56 Days :236 Avg Daily Profit :-0.15 %
Env #:0 Genome_id # :252 Fitness :104329.53 Final Amt :3906.51 Days :236 Avg Daily Profit :0.305 %
Env #:0 Genome_id # :256 Fitness :28414.17 Final Amt :2162.55 Days :236 Avg Daily Profit :0.072 %
Env #:0 Genome_id # :257 Fitness :-32822.8 Final Amt :1406.81 Days :236 Avg Daily Profit :-0.105 %
Env #:0 Genome_id # :1042 Fitness :187619.57 Final Amt :5771.63 Days :236 Avg Daily Profit :0.48 %
Env #:0 Genome_id # :115 Fitness :186952.95 Final Amt :2828.84 Days :236 Avg Daily Profit :0.186 %
Env #:0 Genome_id # :148 Fitness :226247.18 Final Amt :2653.34 Days :236 Avg Daily Profit :0.157 %
Env #:0 Genome_id # :152 Fitness :222495.88 Final Amt :3090.29 Days :236 Avg Daily Profit :0.218 %
Env #:0 Genome_id # :275 Fitness :50772.33 Final Amt :2248.87 Days :236 Avg Daily Profit :0.088 %
Env #:0 Genome_id # :276 Fitness :8521.18 Final Amt :1504.24 Days :236 Avg Daily Profit :-0.075 %
Env #:0 Genome_id # :81 Fitness :210488.27 Final Amt :2410.89 Days :236 Avg Daily Profit :0.119 %
Env #:0 Genome_id # :281 Fitness :161379.42 Final Amt :2248.27 Days :236 Avg Daily Profit :0.092 %
Env #:0 Genome_id # :199 Fitness :239684.92 Final Amt :4103.48 Days :236 Avg Daily Profit :0.34 %
Env #:0 Genome_id # :266 Fitness :237695.31 Final Amt :3461.01 Days :236 Avg Daily Profit :0.267 %
Env #:0 Genome_id # :81 Fitness :210488.27 Final Amt :2410.89 Days :236 Avg Daily Profit :0.119 %
Env #:0 Genome_id # :295 Fitness :100068.92 Final Amt :2499.3 Days :236 Avg Daily Profit :0.135 %
Env #:0 Genome_id # :302 Fitness :-53805.89 Final Amt :1267.59 Days :236 Avg Daily Profit :-0.154 %
Env #:0 Genome_id # :199 Fitness :239684.92 Final Amt :4103.48 Days :236 Avg Daily Profit :0.34 %
Env #:0 Genome_id # :307 Fitness :-46290.08 Final Amt :1061.6 Days :236 Avg Daily Profit :-0.243 %
Env #:0 Genome_id # :308 Fitness :-46736.24 Final Amt :1220.85 Days :236 Avg Daily Profit :-0.19 %
Env #:0 Genome_id # :312 Fitness :-40854.79 Final Amt :1394.86 Days :236 Avg Daily Profit :-0.109 %
Env #:0 Genome_id # :313 Fitness :48007.54 Final Amt :2594.9 Days :236 Avg Daily Profit :0.151 %
Env #:0 Genome_id # :314 Fitness :88043.45 Final Amt :3648.99 Days :236 Avg Daily Profit :0.293 %
Env #:0 Genome_id # :315 Fitness :21919.21 Final Amt :2094.35 Days :236 Avg Daily Profit :0.062 %
Env #:0 Genome_id # :319 Fitness :179598.82 Final Amt :5919.04 Days :236 Avg Daily Profit :0.494 %
Env #:0 Genome_id # :320 Fitness :-103531.41 Final Amt :2199.91 Days :236 Avg Daily Profit :0.081 %
Env #:0 Genome_id # :324 Fitness :36224.69 Final Amt :2444.23 Days :236 Avg Daily Profit :0.122 %
Env #:0 Genome_id # :325 Fitness :-3678.92 Final Amt :1737.41 Days :236 Avg Daily Profit :-0.02 %
Env #:0 Genome_id # :199 Fitness :239684.92 Final Amt :4103.48 Days :236 Avg Daily Profit :0.34 %
Env #:0 Genome_id # :266 Fitness :237695.31 Final Amt :3461.01 Days :236 Avg Daily Profit :0.267 %
Env #:0 Genome_id # :335 Fitness :1332.81 Final Amt :1629.89 Days :236 Avg Daily Profit :-0.044 %
Env #:0 Genome_id # :336 Fitness :201322.38 Final Amt :6715.61 Days :236 Avg Daily Profit :0.547 %
Env #:0 Genome_id # :340 Fitness :21551.49 Final Amt :2358.77 Days :236 Avg Daily Profit :0.089 %
Env #:0 Genome_id # :341 Fitness :80393.42 Final Amt :2724.48 Days :236 Avg Daily Profit :0.176 %
Env #:0 Genome_id # :342 Fitness :-5579.94 Final Amt :1716.75 Days :236 Avg Daily Profit :-0.024 %
Env #:0 Genome_id # :343 Fitness :-27685.43 Final Amt :1373.78 Days :236 Avg Daily Profit :-0.12 %
Env #:0 Genome_id # :347 Fitness :18196.04 Final Amt :2096.25 Days :236 Avg Daily Profit :0.052 %
Env #:0 Genome_id # :348 Fitness :16614.89 Final Amt :2027.12 Days :236 Avg Daily Profit :0.037 %
Env #:0 Genome_id # :352 Fitness :-39318.95 Final Amt :1450.88 Days :236 Avg Daily Profit :-0.094 %
Env #:0 Genome_id # :353 Fitness :235943.55 Final Amt :2910.56 Days :236 Avg Daily Profit :0.195 %
Env #:0 Genome_id # :359 Fitness :136253.6 Final Amt :3153.49 Days :236 Avg Daily Profit :0.232 %
Env #:0 Genome_id # :360 Fitness :-28128.5 Final Amt :1443.75 Days :236 Avg Daily Profit :-0.094 %
Env #:0 Genome_id # :310 Fitness :244923.02 Final Amt :2777.76 Days :236 Avg Daily Profit :0.178 %
Env #:0 Genome_id # :353 Fitness :235943.55 Final Amt :2910.56 Days :236 Avg Daily Profit :0.195 %
Env #:0 Genome_id # :346 Fitness :245009.07 Final Amt :4638.83 Days :236 Avg Daily Profit :0.391 %
Env #:0 Genome_id # :372 Fitness :70445.71 Final Amt :2577.53 Days :236 Avg Daily Profit :0.152 %
Env #:0 Genome_id # :377 Fitness :1777.45 Final Amt :1833.09 Days :236 Avg Daily Profit :0.002 %
Env #:0 Genome_id # :378 Fitness :-38823.27 Final Amt :1396.05 Days :236 Avg Daily Profit :-0.109 %
Env #:0 Genome_id # :382 Fitness :-13490.29 Final Amt :1722.79 Days :236 Avg Daily Profit :-0.028 %
Env #:0 Genome_id # :383 Fitness :33466.92 Final Amt :2301.51 Days :236 Avg Daily Profit :0.101 %
Env #:0 Genome_id # :384 Fitness :1049.36 Final Amt :1878.43 Days :236 Avg Daily Profit :0.008 %
Env #:0 Genome_id # :385 Fitness :752.73 Final Amt :1888.94 Days :236 Avg Daily Profit :0.01 %
Env #:0 Genome_id # :148 Fitness :226247.18 Final Amt :2653.34 Days :236 Avg Daily Profit :0.157 %
Env #:0 Genome_id # :393 Fitness :86748.82 Final Amt :2722.04 Days :236 Avg Daily Profit :0.169 %
Env #:0 Genome_id # :399 Fitness :-57985.76 Final Amt :1340.53 Days :236 Avg Daily Profit :-0.129 %
Env #:0 Genome_id # :400 Fitness :34595.75 Final Amt :2359.2 Days :236 Avg Daily Profit :0.113 %
Env #:0 Genome_id # :403 Fitness :52709.82 Final Amt :2473.97 Days :236 Avg Daily Profit :0.133 %
Env #:0 Genome_id # :404 Fitness :80719.04 Final Amt :2799.02 Days :236 Avg Daily Profit :0.184 %

Env #:0 Genome_id # :214 Fitness :79436.17 Final Amt :2198.93 Days :236 Avg Daily Profit :0.082 %
Env #:0 Genome_id # :215 Fitness :27443.73 Final Amt :2398.71 Days :236 Avg Daily Profit :0.119 %
Env #:0 Genome_id # :216 Fitness :-46426.32 Final Amt :1342.57 Days :236 Avg Daily Profit :-0.126 %
Env #:0 Genome_id # :217 Fitness :11607.09 Final Amt :2135.65 Days :236 Avg Daily Profit :0.029 %
Env #:0 Genome_id # :221 Fitness :46076.58 Final Amt :2474.53 Days :236 Avg Daily Profit :0.132 %
Env #:0 Genome_id # :222 Fitness :42013.18 Final Amt :1987.78 Days :236 Avg Daily Profit :0.028 %
Env #:0 Genome_id # :226 Fitness :-14629.65 Final Amt :1610.59 Days :236 Avg Daily Profit :-0.051 %
Env #:0 Genome_id # :227 Fitness :-2327.05 Final Amt :1812.35 Days :236 Avg Daily Profit :-0.004 %
Env #:0 Genome_id # :233 Fitness :-16814.39 Final Amt :1367.32 Days :236 Avg Daily Profit :-0.118 %
Env #:0 Genome_id # :234 Fitness :58292.03 Final Amt :2501.32 Days :236 Avg Daily Profit :0.135 %
Env #:0 Genome_id # :237 Fitness :-53297.94 Final Amt :1222.4 Days :236 Avg Daily Profit :-0.165 %
Env #:0 Genome_id # :238 Fitness :-36555.33 Final Amt :1367.71 Days :236 Avg Daily Profit :-0.122 %
Env #:0 Genome_id # :242 Fitness :141922.86 Final Amt :2743.67 Days :236 Avg Daily Profit :0.175 %
Env #:0 Genome_id # :243 Fitness :131260.21 Final Amt :2625.13 Days :236 Avg Daily Profit :0.155 %
Env #:0 Genome_id # :199 Fitness :239684.92 Final Amt :4103.48 Days :236 Avg Daily Profit :0.34 %
Env #:0 Genome_id # :1042 Fitness :187619.57 Final Amt :5771.63 Days :236 Avg Daily Profit :0.48 %
Env #:0 Genome_id # :148 Fitness :226247.18 Final Amt :2653.34 Days :236 Avg Daily Profit :0.157 %
Env #:0 Genome_id # :152 Fitness :222495.88 Final Amt :3090.29 Days :236 Avg Daily Profit :0.218 %
Env #:0 Genome_id # :260 Fitness :-5813.44 Final Amt :1656.25 Days :236 Avg Daily Profit :-0.042 %
Env #:0 Genome_id # :199 Fitness :239684.92 Final Amt :4103.48 Days :236 Avg Daily Profit :0.34 %
Env #:0 Genome_id # :263 Fitness :-6830.73 Final Amt :1688.85 Days :236 Avg Daily Profit :-0.035 %
Env #:0 Genome_id # :264 Fitness :31671.55 Final Amt :1946.48 Days :236 Avg Daily Profit :0.026 %
Env #:0 Genome_id # :270 Fitness :18788.44 Final Amt :2110.63 Days :236 Avg Daily Profit :0.057 %
Env #:0 Genome_id # :271 Fitness :-4579.74 Final Amt :1591.17 Days :236 Avg Daily Profit :-0.059 %
Env #:0 Genome_id # :273 Fitness :214303.65 Final Amt :4241.18 Days :236 Avg Daily Profit :0.337 %
Env #:0 Genome_id # :274 Fitness :-22584.54 Final Amt :1521.76 Days :236 Avg Daily Profit :-0.073 %
Env #:0 Genome_id # :148 Fitness :226247.18 Final Amt :2653.34 Days :236 Avg Daily Profit :0.157 %
Env #:0 Genome_id # :152 Fitness :222495.88 Final Amt :3090.29 Days :236 Avg Daily Profit :0.218 %
Env #:0 Genome_id # :273 Fitness :214303.65 Final Amt :4241.18 Days :236 Avg Daily Profit :0.337 %
Env #:0 Genome_id # :288 Fitness :-4162.26 Final Amt :1855.98 Days :236 Avg Daily Profit :-0.028 %
Env #:0 Genome_id # :291 Fitness :118191.42 Final Amt :3911.55 Days :236 Avg Daily Profit :0.322 %
Env #:0 Genome_id # :292 Fitness :-7855.1 Final Amt :1801.43 Days :236 Avg Daily Profit :-0.011 %
Env #:0 Genome_id # :296 Fitness :-2070.76 Final Amt :1442.69 Days :236 Avg Daily Profit :-0.096 %
Env #:0 Genome_id # :297 Fitness :24216.31 Final Amt :2376.35 Days :236 Avg Daily Profit :0.112 %
Env #:0 Genome_id # :266 Fitness :237695.31 Final Amt :3461.01 Days :236 Avg Daily Profit :0.267 %
Env #:0 Genome_id # :290 Fitness :232863.98 Final Amt :3112.88 Days :236 Avg Daily Profit :0.224 %
Env #:0 Genome_id # :148 Fitness :226247.18 Final Amt :2653.34 Days :236 Avg Daily Profit :0.157 %
Env #:0 Genome_id # :152 Fitness :222495.88 Final Amt :3090.29 Days :236 Avg Daily Profit :0.218 %
Env #:0 Genome_id # :266 Fitness :237695.31 Final Amt :3461.01 Days :236 Avg Daily Profit :0.267 %
Env #:0 Genome_id # :316 Fitness :-37513.6 Final Amt :1431.51 Days :236 Avg Daily Profit :-0.1 %
Env #:0 Genome_id # :152 Fitness :222495.88 Final Amt :3090.29 Days :236 Avg Daily Profit :0.218 %
Env #:0 Genome_id # :323 Fitness :134052.2 Final Amt :2516.85 Days :236 Avg Daily Profit :0.139 %
Env #:0 Genome_id # :328 Fitness :-18636.49 Final Amt :1391.61 Days :236 Avg Daily Profit :-0.12 %
Env #:0 Genome_id # :329 Fitness :42854.27 Final Amt :2220.01 Days :236 Avg Daily Profit :0.06 %
Env #:0 Genome_id # :310 Fitness :244923.02 Final Amt :2777.76 Days :236 Avg Daily Profit :0.178 %
Env #:0 Genome_id # :148 Fitness :226247.18 Final Amt :2653.34 Days :236 Avg Daily Profit :0.157 %
Env #:0 Genome_id # :266 Fitness :237695.31 Final Amt :3461.01 Days :236 Avg Daily Profit :0.267 %
Env #:0 Genome_id # :344 Fitness :-43830.83 Final Amt :1332.75 Days :236 Avg Daily Profit :-0.129 %
Env #:0 Genome_id # :349 Fitness :229703.46 Final Amt :4964.35 Days :236 Avg Daily Profit :0.417 %
Env #:0 Genome_id # :350 Fitness :-118404.46 Final Amt :1212.45 Days :236 Avg Daily Profit :-0.171 %
Env #:0 Genome_id # :354 Fitness :93272.34 Final Amt :2866.65 Days :236 Avg Daily Profit :0.186 %
Env #:0 Genome_id # :355 Fitness :-44884.7 Final Amt :1369.45 Days :236 Avg Daily Profit :-0.116 %
Env #:0 Genome_id # :356 Fitness :-26174.12 Final Amt :1799.97 Days :236 Avg Daily Profit :-0.007 %
Env #:0 Genome_id # :305 Fitness :275087.35 Final Amt :3320.61 Days :236 Avg Daily Profit :0.249 %
Env #:0 Genome_id # :361 Fitness :15056.31 Final Amt :2165.84 Days :236 Avg Daily Profit :0.077 %
Env #:0 Genome_id # :362 Fitness :49176.43 Final Amt :2325.18 Days :236 Avg Daily Profit :0.1 %
Env #:0 Genome_id # :366 Fitness :223165.94 Final Amt :2478.02 Days :236 Avg Daily Profit :0.13 %
Env #:0 Genome_id # :367 Fitness :-32473.11 Final Amt :1386.68 Days :236 Avg Daily Profit :-0.111 %
Env #:0 Genome_id # :370 Fitness :44119.83 Final Amt :2790.13 Days :236 Avg Daily Profit :0.155 %
Env #:0 Genome_id # :371 Fitness :-50403.81 Final Amt :1416.41 Days :236 Avg Daily Profit :-0.104 %
Env #:0 Genome_id # :375 Fitness :18009.71 Final Amt :2092.18 Days :236 Avg Daily Profit :0.062 %
Env #:0 Genome_id # :376 Fitness :-50450.84 Final Amt :1224.81 Days :236 Avg Daily Profit :-0.169 %
Env #:0 Genome_id # :380 Fitness :-50690.98 Final Amt :1398.47 Days :236 Avg Daily Profit :-0.108 %
Env #:0 Genome_id # :381 Fitness :139161.13 Final Amt :2911.48 Days :236 Avg Daily Profit :0.201 %
Env #:0 Genome_id # :363 Fitness :270162.52 Final Amt :4029.14 Days :236 Avg Daily Profit :0.334 %
Env #:0 Genome_id # :346 Fitness :245009.07 Final Amt :4638.83 Days :236 Avg Daily Profit :0.391 %
Env #:0 Genome_id # :391 Fitness :144070.52 Final Amt :3643.99 Days :236 Avg Daily Profit :0.289 %
Env #:0 Genome_id # :392 Fitness :46510.88 Final Amt :2512.57 Days :236 Avg Daily Profit :0.134 %
Env #:0 Genome_id # :396 Fitness :-47600.84 Final Amt :1403.89 Days :236 Avg Daily Profit :-0.106 %
Env #:0 Genome_id # :397 Fitness :-162183.59 Final Amt :1579.84 Days :236 Avg Daily Profit :-0.085 %
Env #:0 Genome_id # :363 Fitness :270162.52 Final Amt :4029.14 Days :236 Avg Daily Profit :0.334 %
Env #:0 Genome_id # :346 Fitness :245009.07 Final Amt :4638.83 Days :236 Avg Daily Profit :0.391 %
Env #:0 Genome_id # :405 Fitness :106849.33 Final Amt :3292.81 Days :236 Avg Daily Profit :0.252 %
Env #:0 Genome_id # :406 Fitness :-50810.53 Final Amt :1229.9 Days :236 Avg Daily Profit :-0.166 %

Env #:0 Genome_id # :115 Fitness :186952.95 Final Amt :2828.84 Days :236 Avg Daily Profit :0.186 %
Env #:0 Genome_id # :218 Fitness :-71586.26 Final Amt :1387.66 Days :236 Avg Daily Profit :-0.115 %
Env #:0 Genome_id # :223 Fitness :58018.79 Final Amt :2636.55 Days :236 Avg Daily Profit :0.154 %
Env #:0 Genome_id # :224 Fitness :32050.08 Final Amt :2240.38 Days :236 Avg Daily Profit :0.084 %
Env #:0 Genome_id # :228 Fitness :45894.55 Final Amt :2558.25 Days :236 Avg Daily Profit :0.146 %
Env #:0 Genome_id # :229 Fitness :27000.01 Final Amt :2360.78 Days :236 Avg Daily Profit :0.086 %
Env #:0 Genome_id # :230 Fitness :-236147.29 Final Amt :1274.56 Days :236 Avg Daily Profit :-0.156 %
Env #:0 Genome_id # :231 Fitness :9474.93 Final Amt :2184.51 Days :236 Avg Daily Profit :0.051 %
Env #:0 Genome_id # :235 Fitness :-35284.35 Final Amt :1425.75 Days :236 Avg Daily Profit :-0.1 %
Env #:0 Genome_id # :236 Fitness :90746.27 Final Amt :4158.99 Days :236 Avg Daily Profit :0.343 %
Env #:0 Genome_id # :240 Fitness :165359.51 Final Amt :2643.28 Days :236 Avg Daily Profit :0.161 %
Env #:0 Genome_id # :241 Fitness :-14297.94 Final Amt :1650.64 Days :236 Avg Daily Profit :-0.04 %
Env #:0 Genome_id # :247 Fitness :-13133.1 Final Amt :1662.57 Days :236 Avg Daily Profit :-0.044 %
Env #:0 Genome_id # :248 Fitness :65705.42 Final Amt :2754.9 Days :236 Avg Daily Profit :0.167 %
Env #:0 Genome_id # :81 Fitness :210488.27 Final Amt :2410.89 Days :236 Avg Daily Profit :0.119 %
Env #:0 Genome_id # :253 Fitness :-29437.4 Final Amt :1382.98 Days :236 Avg Daily Profit :-0.112 %
Env #:0 Genome_id # :258 Fitness :-38325.9 Final Amt :1440.41 Days :236 Avg Daily Profit :-0.095 %
Env #:0 Genome_id # :259 Fitness :12085.78 Final Amt :1487.85 Days :236 Avg Daily Profit :-0.081 %
Env #:0 Genome_id # :265 Fitness :112037.94 Final Amt :2802.77 Days :236 Avg Daily Profit :0.182 %
Env #:0 Genome_id # :266 Fitness :237695.31 Final Amt :3461.01 Days :236 Avg Daily Profit :0.267 %
Env #:0 Genome_id # :268 Fitness :16695.91 Final Amt :1921.05 Days :236 Avg Daily Profit :0.015 %
Env #:0 Genome_id # :269 Fitness :0.0 Final Amt :2000.0 Days :236 Avg Daily Profit :0.0 %
Env #:0 Genome_id # :272 Fitness :39984.23 Final Amt :2238.25 Days :236 Avg Daily Profit :0.084 %
Env #:0 Genome_id # :199 Fitness :239684.92 Final Amt :4103.48 Days :236 Avg Daily Profit :0.34 %
Env #:0 Genome_id # :277 Fitness :7788.76 Final Amt :1916.0 Days :236 Avg Daily Profit :0.01 %
Env #:0 Genome_id # :278 Fitness :60159.23 Final Amt :3027.95 Days :236 Avg Daily Profit :0.214 %
Env #:0 Genome_id # :282 Fitness :-33489.23 Final Amt :1543.45 Days :236 Avg Daily Profit :-0.067 %
Env #:0 Genome_id # :283 Fitness :173388.71 Final Amt :2218.36 Days :236 Avg Daily Profit :0.081 %
Env #:0 Genome_id # :289 Fitness :36009.41 Final Amt :2289.75 Days :236 Avg Daily Profit :0.086 %
Env #:0 Genome_id # :290 Fitness :232863.98 Final Amt :3112.88 Days :236 Avg Daily Profit :0.224 %
Env #:0 Genome_id # :148 Fitness :226247.18 Final Amt :2653.34 Days :236 Avg Daily Profit :0.157 %
Env #:0 Genome_id # :152 Fitness :222495.88 Final Amt :3090.29 Days :236 Avg Daily Profit :0.218 %
Env #:0 Genome_id # :303 Fitness :50322.8 Final Amt :2341.36 Days :236 Avg Daily Profit :0.104 %
Env #:0 Genome_id # :304 Fitness :31020.84 Final Amt :2564.38 Days :236 Avg Daily Profit :0.143 %
Env #:0 Genome_id # :81 Fitness :210488.27 Final Amt :2410.89 Days :236 Avg Daily Profit :0.119 %
Env #:0 Genome_id # :309 Fitness :206168.54 Final Amt :2361.06 Days :236 Avg Daily Profit :0.111 %
Env #:0 Genome_id # :317 Fitness :-41066.53 Final Amt :1209.62 Days :236 Avg Daily Profit :-0.178 %
Env #:0 Genome_id # :318 Fitness :-1884.33 Final Amt :1887.93 Days :236 Avg Daily Profit :0.007 %
Env #:0 Genome_id # :310 Fitness :244923.02 Final Amt :2777.76 Days :236 Avg Daily Profit :0.178 %
Env #:0 Genome_id # :148 Fitness :226247.18 Final Amt :2653.34 Days :236 Avg Daily Profit :0.157 %
Env #:0 Genome_id # :331 Fitness :-52945.67 Final Amt :1274.01 Days :236 Avg Daily Profit :-0.149 %
Env #:0 Genome_id # :332 Fitness :-54373.57 Final Amt :1381.63 Days :236 Avg Daily Profit :-0.115 %
Env #:0 Genome_id # :333 Fitness :-76794.5 Final Amt :1339.63 Days :236 Avg Daily Profit :-0.127 %
Env #:0 Genome_id # :334 Fitness :95492.65 Final Amt :3894.03 Days :236 Avg Daily Profit :0.302 %
Env #:0 Genome_id # :338 Fitness :-28983.42 Final Amt :2032.33 Days :236 Avg Daily Profit :0.031 %
Env #:0 Genome_id # :339 Fitness :91402.09 Final Amt :2687.24 Days :236 Avg Daily Profit :0.166 %
Env #:0 Genome_id # :345 Fitness :10032.16 Final Amt :1979.79 Days :236 Avg Daily Profit :0.021 %
Env #:0 Genome_id # :346 Fitness :245009.07 Final Amt :4638.83 Days :236 Avg Daily Profit :0.391 %
Env #:0 Genome_id # :152 Fitness :222495.88 Final Amt :3090.29 Days :236 Avg Daily Profit :0.218 %
Env #:0 Genome_id # :351 Fitness :6788.93 Final Amt :1870.46 Days :236 Avg Daily Profit :0.012 %
Env #:0 Genome_id # :357 Fitness :22474.54 Final Amt :2030.73 Days :236 Avg Daily Profit :0.037 %
Env #:0 Genome_id # :358 Fitness :71365.92 Final Amt :2466.41 Days :236 Avg Daily Profit :0.129 %
Env #:0 Genome_id # :148 Fitness :226247.18 Final Amt :2653.34 Days :236 Avg Daily Profit :0.157 %
Env #:0 Genome_id # :365 Fitness :-4990.16 Final Amt :1717.21 Days :236 Avg Daily Profit :-0.023 %
Env #:0 Genome_id # :373 Fitness :-3031.41 Final Amt :1402.13 Days :236 Avg Daily Profit :-0.113 %
Env #:0 Genome_id # :374 Fitness :-173490.08 Final Amt :1347.19 Days :236 Avg Daily Profit :-0.133 %
Env #:0 Genome_id # :148 Fitness :226247.18 Final Amt :2653.34 Days :236 Avg Daily Profit :0.157 %
Env #:0 Genome_id # :379 Fitness :-28172.61 Final Amt :1434.82 Days :236 Avg Daily Profit :-0.098 %
Env #:0 Genome_id # :386 Fitness :0.0 Final Amt :2000.0 Days :236 Avg Daily Profit :0.0 %
Env #:0 Genome_id # :305 Fitness :275087.35 Final Amt :3320.61 Days :236 Avg Daily Profit :0.249 %
Env #:0 Genome_id # :389 Fitness :129943.84 Final Amt :2343.53 Days :236 Avg Daily Profit :0.107 %
Env #:0 Genome_id # :390 Fitness :43045.77 Final Amt :1945.73 Days :236 Avg Daily Profit :0.019 %
Env #:0 Genome_id # :394 Fitness :126291.81 Final Amt :2480.31 Days :236 Avg Daily Profit :0.136 %
Env #:0 Genome_id # :395 Fitness :-211958.36 Final Amt :1391.91 Days :236 Avg Daily Profit :-0.117 %
Env #:0 Genome_id # :398 Fitness :-103248.98 Final Amt :1257.97 Days :236 Avg Daily Profit :-0.153 %
Env #:0 Genome_id # :305 Fitness :275087.35 Final Amt :3320.61 Days :236 Avg Daily Profit :0.249 %

Total extinctions: 0
Generation time: 2159.913 sec (2427.304 average)
Saving checkpoint to neat-checkpoint-28

 ****** Running generation 29 ****** 

Population's average fitness: 80342.25510 stdev: 145359.44289
Best fitness: 275087.34600 - size: (7, 27) - species 2 - id 305
Average adjusted fitness: 0.593
Mean genetic distance 2.260, standard deviation 1.069
Population of 20 members in 2 species:
   ID   age  size  fitness  adj fit  stag
  ====  ===  ====  =======  =======  ====
     1   29     8  244923.0    0.525     6
     2   29    12  275087.3    0.661     7
Total extinctions: 0
Generation time: 1463.603 sec (2322.167 average)
Saving checkpoint to neat-checkpoint-29
Key: 305
Fitness: 275087.3459999985
Nodes:
	0 DefaultNodeGene(key=0, bias=0.8715999265309082, response=0.9231122377458358, activation=sigmoid, aggregation=mean)
	1 DefaultNodeGene(key=1, bias=1.3064920385607115, response=1.2745271214323695, activation=relu, aggregation=median)
	2 DefaultNodeGene(key=2, bias=-0.610185093880993, response=0.9197268226475145, activation=relu, aggregation=mean)
	227 DefaultNodeGene(key=227, bias=-1.0774757786263478, response=0.7538233553780168, activation=sigmoid, aggregation=maxabs)
	42 DefaultNodeGene(key=42, bias=3.0650599166157133, response=0.9152351368364087, activation=relu, aggregation=maxabs)
	63 DefaultNodeGene(key=63, bias=-0.4729325240424249, response=0.8119529183636429, activation=relu, aggregation=mean)
	896 DefaultNodeGene(key=896, bias=-1.0211201237507819, response=0.8718126243801929, activation=relu, aggregation=product)
Connections:
	DefaultConnectionGene(key=(-34, 2), weight=0.4877993390328576, enabled=False)
	DefaultConnectionGene(key=(-33, 1), weight=1.278381705424096, enabled=False)
	DefaultConnectionGene(key=(-33, 2), weight=1.2002516627545563, enabled=True)
	DefaultConnectionGene(key=(-32, 2), weight=0.6720843287362464, enabled=False)
	DefaultConnectionGene(key=(-31, 0), weight=0.9313207074656693, enabled=False)
	DefaultConnectionGene(key=(-31, 2), weight=-2.4927300173581624, enabled=False)
	DefaultConnectionGene(key=(-30, 2), weight=1.162769787966868, enabled=False)
	DefaultConnectionGene(key=(-28, 0), weight=0.06546919932386346, enabled=False)
	DefaultConnectionGene(key=(-28, 227), weight=-0.3713530020381677, enabled=True)
	DefaultConnectionGene(key=(-27, 2), weight=-0.46651297954991355, enabled=False)
	DefaultConnectionGene(key=(-26, 0), weight=-0.7976881319956903, enabled=True)
	DefaultConnectionGene(key=(-26, 1), weight=0.9900236431631678, enabled=True)
	DefaultConnectionGene(key=(-26, 2), weight=0.7162070428963723, enabled=False)
	DefaultConnectionGene(key=(-26, 63), weight=1.3628818715665347, enabled=True)
	DefaultConnectionGene(key=(-25, 2), weight=1.8973876742929394, enabled=True)
	DefaultConnectionGene(key=(-24, 0), weight=0.8377184240451535, enabled=True)
	DefaultConnectionGene(key=(-24, 1), weight=0.8958685702454865, enabled=False)
	DefaultConnectionGene(key=(-23, 0), weight=-1.5286804162091165, enabled=False)
	DefaultConnectionGene(key=(-23, 2), weight=0.08333109924951668, enabled=True)
	DefaultConnectionGene(key=(-22, 1), weight=-1.0755724023567166, enabled=True)
	DefaultConnectionGene(key=(-22, 2), weight=0.025611120338867588, enabled=True)
	DefaultConnectionGene(key=(-21, 0), weight=-0.3412580888427114, enabled=False)
	DefaultConnectionGene(key=(-20, 1), weight=-1.8941194076841488, enabled=True)
	DefaultConnectionGene(key=(-19, 2), weight=0.7313557221488698, enabled=False)
	DefaultConnectionGene(key=(-18, 0), weight=-0.5996501603607115, enabled=True)
	DefaultConnectionGene(key=(-18, 1), weight=0.3348237411931117, enabled=False)
	DefaultConnectionGene(key=(-18, 42), weight=1.4252387025239839, enabled=True)
	DefaultConnectionGene(key=(-17, 2), weight=1.1773981836667105, enabled=False)
	DefaultConnectionGene(key=(-16, 0), weight=0.425996346289676, enabled=False)
	DefaultConnectionGene(key=(-15, 0), weight=2.608228313267613, enabled=False)
	DefaultConnectionGene(key=(-15, 2), weight=0.35952913066721526, enabled=True)
	DefaultConnectionGene(key=(-14, 1), weight=-0.6557642134108476, enabled=True)
	DefaultConnectionGene(key=(-14, 2), weight=0.42797452236659533, enabled=False)
	DefaultConnectionGene(key=(-13, 0), weight=-0.6115470807525171, enabled=True)
	DefaultConnectionGene(key=(-13, 1), weight=0.10845239638778637, enabled=False)
	DefaultConnectionGene(key=(-13, 2), weight=1.5026216705225908, enabled=True)
	DefaultConnectionGene(key=(-12, 1), weight=3.901730500264354, enabled=True)
	DefaultConnectionGene(key=(-12, 2), weight=1.766413995225666, enabled=True)
	DefaultConnectionGene(key=(-11, 1), weight=-1.6129850946971258, enabled=False)
	DefaultConnectionGene(key=(-10, 63), weight=1.3431314457149386, enabled=False)
	DefaultConnectionGene(key=(-8, 1), weight=-0.13227490451238472, enabled=False)
	DefaultConnectionGene(key=(-7, 0), weight=0.307539511162582, enabled=True)
	DefaultConnectionGene(key=(-7, 2), weight=-1.9015610754832393, enabled=True)
	DefaultConnectionGene(key=(-7, 42), weight=-1.612875726294131, enabled=True)
	DefaultConnectionGene(key=(-6, 2), weight=1.3999600735942388, enabled=False)
	DefaultConnectionGene(key=(-4, 1), weight=-0.9100164279855718, enabled=True)
	DefaultConnectionGene(key=(-4, 896), weight=0.42697617580729685, enabled=True)
	DefaultConnectionGene(key=(-3, 0), weight=-0.12878083739856067, enabled=False)
	DefaultConnectionGene(key=(-3, 1), weight=1.0595286694821422, enabled=False)
	DefaultConnectionGene(key=(-3, 2), weight=1.944347513757561, enabled=False)
	DefaultConnectionGene(key=(-2, 2), weight=-1.0008201907141663, enabled=False)
	DefaultConnectionGene(key=(-2, 42), weight=-1.1598426656910743, enabled=False)
	DefaultConnectionGene(key=(-1, 0), weight=-0.5255579897227525, enabled=False)
	DefaultConnectionGene(key=(-1, 2), weight=1.4607737110295052, enabled=False)
	DefaultConnectionGene(key=(1, 1), weight=0.7415222548178665, enabled=True)
	DefaultConnectionGene(key=(42, 0), weight=-1.987351475867552, enabled=False)
	DefaultConnectionGene(key=(63, 1), weight=1.5214005980510412, enabled=True)
	DefaultConnectionGene(key=(227, 0), weight=-0.4479252835698145, enabled=True)
