nohup: ignoring input

 ****** Running generation 0 ****** 

Population's average fitness: 54047.29495 stdev: 86485.67457
Best fitness: 179757.64700 - size: (8, 37) - species 1 - id 1072
Average adjusted fitness: 0.596
Mean genetic distance 2.188, standard deviation 0.917
Population of 20 members in 2 species:
   ID   age  size  fitness  adj fit  stag
  ====  ===  ====  =======  =======  ====
     1    0     8  179757.6    0.576   -83
     2    0    12  178218.4    0.616   -81
Total extinctions: 0
Generation time: 2334.634 sec
Saving checkpoint to neat-checkpoint-0

 ****** Running generation 1 ****** 

Population's average fitness: 29229.13485 stdev: 87360.79726
Best fitness: 179757.64700 - size: (8, 37) - species 1 - id 1072
Average adjusted fitness: 0.457
Mean genetic distance 2.324, standard deviation 0.785
Population of 20 members in 2 species:
   ID   age  size  fitness  adj fit  stag
  ====  ===  ====  =======  =======  ====
     1    1    10  179757.6    0.545   -82
     2    1    10  178218.4    0.369   -80
Total extinctions: 0
Generation time: 2385.443 sec (2360.038 average)
Saving checkpoint to neat-checkpoint-1

 ****** Running generation 2 ****** 

Population's average fitness: 53683.68550 stdev: 86822.09451
Best fitness: 179757.64700 - size: (8, 37) - species 1 - id 1072
Average adjusted fitness: 0.592
Mean genetic distance 2.343, standard deviation 0.852
Population of 20 members in 2 species:
   ID   age  size  fitness  adj fit  stag
  ====  ===  ====  =======  =======  ====
     1    2     9  179757.6    0.521   -81
     2    2    11  178218.4    0.663   -79
Total extinctions: 0
Generation time: 2493.809 sec (2404.628 average)
Saving checkpoint to neat-checkpoint-2

 ****** Running generation 3 ****** 

Population's average fitness: 34623.27940 stdev: 97442.83253
Best fitness: 179757.64700 - size: (8, 37) - species 1 - id 1072
Average adjusted fitness: 0.534
Mean genetic distance 2.357, standard deviation 0.899
Population of 20 members in 2 species:
   ID   age  size  fitness  adj fit  stag
  ====  ===  ====  =======  =======  ====
     1    3    10  179757.6    0.485   -80
     2    3    10  178218.4    0.582   -78
Total extinctions: 0
Generation time: 2493.428 sec (2426.828 average)
Saving checkpoint to neat-checkpoint-3

 ****** Running generation 4 ****** 

Population's average fitness: 32547.94320 stdev: 83317.85091
Best fitness: 179757.64700 - size: (8, 37) - species 1 - id 1072
Average adjusted fitness: 0.440
Mean genetic distance 2.265, standard deviation 0.938
Population of 20 members in 2 species:
   ID   age  size  fitness  adj fit  stag
  ====  ===  ====  =======  =======  ====
     1    4     9  179757.6    0.417   -79
     2    4    11  178218.4    0.463   -77
Total extinctions: 0
Generation time: 2469.501 sec (2435.363 average)
Saving checkpoint to neat-checkpoint-4

 ****** Running generation 5 ****** 

Population's average fitness: 37303.88155 stdev: 80628.93295
Best fitness: 179757.64700 - size: (8, 37) - species 1 - id 1072
Average adjusted fitness: 0.471
Mean genetic distance 2.255, standard deviation 0.944
Population of 20 members in 2 species:
   ID   age  size  fitness  adj fit  stag
  ====  ===  ====  =======  =======  ====
     1    5    10  179757.6    0.499   -78
     2    5    10  178218.4    0.442   -76
Total extinctions: 0
Generation time: 2360.533 sec (2422.891 average)
Saving checkpoint to neat-checkpoint-5

 ****** Running generation 6 ****** 

Population's average fitness: 65373.87635 stdev: 71698.15523
Best fitness: 179757.64700 - size: (8, 37) - species 1 - id 1072
Average adjusted fitness: 0.527
Mean genetic distance 2.208, standard deviation 0.988
Population of 20 members in 2 species:
   ID   age  size  fitness  adj fit  stag
  ====  ===  ====  =======  =======  ====
     1    6    11  179757.6    0.588   -77
     2    6     9  178218.4    0.466   -75
Total extinctions: 0
Generation time: 2437.905 sec (2425.036 average)
Saving checkpoint to neat-checkpoint-6

 ****** Running generation 7 ****** 

Population's average fitness: 29680.52680 stdev: 90299.45283
Best fitness: 179757.64700 - size: (8, 37) - species 1 - id 1072
Average adjusted fitness: 0.434
Mean genetic distance 2.278, standard deviation 0.964
Population of 20 members in 2 species:
   ID   age  size  fitness  adj fit  stag
  ====  ===  ====  =======  =======  ====
     1    7    10  179757.6    0.465   -76
     2    7    10  178218.4    0.404   -74
Total extinctions: 0
Generation time: 2356.359 sec (2416.451 average)
Saving checkpoint to neat-checkpoint-7

 ****** Running generation 8 ****** 

Population's average fitness: 70644.80630 stdev: 67405.31130
Best fitness: 179757.64700 - size: (8, 37) - species 1 - id 1072
Average adjusted fitness: 0.504
Mean genetic distance 2.181, standard deviation 1.090
Population of 20 members in 2 species:
   ID   age  size  fitness  adj fit  stag
  ====  ===  ====  =======  =======  ====
     1    8     9  179757.6    0.467   -75
     2    8    11  178218.4    0.542   -73
Total extinctions: 0
Generation time: 2376.612 sec (2412.025 average)
Saving checkpoint to neat-checkpoint-8

 ****** Running generation 9 ****** 

Population's average fitness: 53849.48635 stdev: 86817.26950
Best fitness: 179757.64700 - size: (8, 37) - species 1 - id 1072
Average adjusted fitness: 0.548
Mean genetic distance 2.178, standard deviation 1.033
Population of 20 members in 2 species:
   ID   age  size  fitness  adj fit  stag
  ====  ===  ====  =======  =======  ====
     1    9    10  179757.6    0.627   -74
     2    9    10  178218.4    0.469   -72
Total extinctions: 0
Generation time: 2371.692 sec (2407.991 average)
Saving checkpoint to neat-checkpoint-9

 ****** Running generation 10 ****** 

Population's average fitness: 54903.88015 stdev: 94506.05900
Best fitness: 195331.06200 - size: (9, 27) - species 1 - id 135
Average adjusted fitness: 0.477
Mean genetic distance 2.249, standard deviation 1.020
Population of 20 members in 2 species:
   ID   age  size  fitness  adj fit  stag
  ====  ===  ====  =======  =======  ====
     1   10    11  195331.1    0.563   -73
     2   10     9  178218.4    0.391   -71
Total extinctions: 0
Generation time: 2453.485 sec (2419.877 average)
Saving checkpoint to neat-checkpoint-10

 ****** Running generation 11 ****** 

Population's average fitness: 58764.37725 stdev: 85325.90774
Best fitness: 195331.06200 - size: (9, 27) - species 1 - id 135
Average adjusted fitness: 0.489
Mean genetic distance 2.157, standard deviation 1.112
Population of 20 members in 2 species:
   ID   age  size  fitness  adj fit  stag
  ====  ===  ====  =======  =======  ====
     1   11    10  195331.1    0.519   -72
     2   11    10  178218.4    0.458   -70
Total extinctions: 0
Generation time: 2504.966 sec (2431.829 average)
Saving checkpoint to neat-checkpoint-11

 ****** Running generation 12 ****** 

Population's average fitness: 61144.57520 stdev: 90871.47182
Best fitness: 195331.06200 - size: (9, 27) - species 1 - id 135
Average adjusted fitness: 0.588
Mean genetic distance 2.206, standard deviation 1.055
Population of 20 members in 2 species:
   ID   age  size  fitness  adj fit  stag
  ====  ===  ====  =======  =======  ====
     1   12    11  195331.1    0.653   -71
     2   12     9  178218.4    0.522   -69
Total extinctions: 0
Generation time: 2338.539 sec (2416.302 average)
Saving checkpoint to neat-checkpoint-12

 ****** Running generation 13 ****** 

Population's average fitness: 69946.14650 stdev: 118070.39777
Best fitness: 254853.87400 - size: (8, 34) - species 2 - id 171
Average adjusted fitness: 0.615
Mean genetic distance 2.233, standard deviation 1.052
Population of 20 members in 2 species:
   ID   age  size  fitness  adj fit  stag
  ====  ===  ====  =======  =======  ====
     1   13    10  196803.7    0.649   -70
     2   13    10  254853.9    0.581     0
Total extinctions: 0
Generation time: 2419.035 sec (2408.863 average)
Saving checkpoint to neat-checkpoint-13

 ****** Running generation 14 ****** 

Population's average fitness: 58579.56700 stdev: 115783.05427
Best fitness: 254853.87400 - size: (8, 34) - species 2 - id 171
Average adjusted fitness: 0.481
Mean genetic distance 2.224, standard deviation 1.043Env #:0 Genome_id # :929 Fitness :124473.72 Final Amt :4856.01 Days :236 Avg Daily Profit :0.397 %
Env #:0 Genome_id # :99 Fitness :122446.81 Final Amt :4554.77 Days :236 Avg Daily Profit :0.371 %
Env #:0 Genome_id # :1072 Fitness :179757.65 Final Amt :2706.17 Days :236 Avg Daily Profit :0.149 %
Env #:0 Genome_id # :785 Fitness :48181.95 Final Amt :3167.37 Days :236 Avg Daily Profit :0.218 %
Env #:0 Genome_id # :927 Fitness :69254.8 Final Amt :3785.5 Days :236 Avg Daily Profit :0.292 %
Env #:0 Genome_id # :829 Fitness :66407.5 Final Amt :3690.0 Days :236 Avg Daily Profit :0.282 %
Env #:0 Genome_id # :2 Fitness :-45817.19 Final Amt :1427.35 Days :236 Avg Daily Profit :-0.116 %
Env #:0 Genome_id # :3 Fitness :-13489.63 Final Amt :2208.38 Days :236 Avg Daily Profit :0.071 %
Env #:0 Genome_id # :365 Fitness :108572.58 Final Amt :2785.5 Days :236 Avg Daily Profit :0.159 %
Env #:0 Genome_id # :10 Fitness :-74814.87 Final Amt :1449.36 Days :236 Avg Daily Profit :-0.115 %
Env #:0 Genome_id # :13 Fitness :0.0 Final Amt :2000.0 Days :236 Avg Daily Profit :0.0 %
Env #:0 Genome_id # :14 Fitness :83388.46 Final Amt :2518.72 Days :236 Avg Daily Profit :0.123 %
Env #:0 Genome_id # :18 Fitness :-5385.38 Final Amt :1547.69 Days :236 Avg Daily Profit :-0.083 %
Env #:0 Genome_id # :19 Fitness :35122.01 Final Amt :2605.08 Days :236 Avg Daily Profit :0.134 %
Env #:0 Genome_id # :20 Fitness :131628.91 Final Amt :2862.61 Days :236 Avg Daily Profit :0.173 %
Env #:0 Genome_id # :21 Fitness :97707.75 Final Amt :2901.75 Days :236 Avg Daily Profit :0.187 %
Env #:0 Genome_id # :27 Fitness :78697.55 Final Amt :2531.82 Days :236 Avg Daily Profit :0.126 %
Env #:0 Genome_id # :28 Fitness :-14617.67 Final Amt :1822.92 Days :236 Avg Daily Profit :-0.038 %
Env #:0 Genome_id # :30 Fitness :129715.24 Final Amt :6433.14 Days :236 Avg Daily Profit :0.516 %
Env #:0 Genome_id # :31 Fitness :-51991.47 Final Amt :1507.72 Days :236 Avg Daily Profit :-0.102 %
Env #:0 Genome_id # :34 Fitness :-134597.91 Final Amt :1270.95 Days :236 Avg Daily Profit :-0.167 %
Env #:0 Genome_id # :35 Fitness :-31863.7 Final Amt :2566.31 Days :236 Avg Daily Profit :0.123 %
Env #:0 Genome_id # :39 Fitness :80662.96 Final Amt :2805.99 Days :236 Avg Daily Profit :0.167 %
Env #:0 Genome_id # :40 Fitness :-54697.25 Final Amt :1471.22 Days :236 Avg Daily Profit :-0.108 %
Env #:0 Genome_id # :44 Fitness :-1612.13 Final Amt :1958.71 Days :236 Avg Daily Profit :-0.007 %
Env #:0 Genome_id # :45 Fitness :-49890.43 Final Amt :1426.41 Days :236 Avg Daily Profit :-0.119 %
Env #:0 Genome_id # :48 Fitness :64216.38 Final Amt :3247.27 Days :236 Avg Daily Profit :0.228 %
Env #:0 Genome_id # :49 Fitness :22276.32 Final Amt :2303.05 Days :236 Avg Daily Profit :0.062 %
Env #:0 Genome_id # :53 Fitness :-83010.39 Final Amt :1286.74 Days :236 Avg Daily Profit :-0.166 %
Env #:0 Genome_id # :54 Fitness :-32521.9 Final Amt :1519.03 Days :236 Avg Daily Profit :-0.095 %
Env #:0 Genome_id # :58 Fitness :82379.69 Final Amt :3522.07 Days :236 Avg Daily Profit :0.264 %
Env #:0 Genome_id # :59 Fitness :-24865.94 Final Amt :1477.79 Days :236 Avg Daily Profit :-0.102 %
Env #:0 Genome_id # :62 Fitness :-44227.34 Final Amt :1570.03 Days :236 Avg Daily Profit :-0.085 %
Env #:0 Genome_id # :63 Fitness :-49069.78 Final Amt :1433.09 Days :236 Avg Daily Profit :-0.127 %
Env #:0 Genome_id # :69 Fitness :0.0 Final Amt :2000.0 Days :236 Avg Daily Profit :0.0 %
Env #:0 Genome_id # :70 Fitness :-10483.98 Final Amt :1891.87 Days :236 Avg Daily Profit :-0.002 %
Env #:0 Genome_id # :72 Fitness :-62039.63 Final Amt :1322.03 Days :236 Avg Daily Profit :-0.153 %
Env #:0 Genome_id # :73 Fitness :34492.34 Final Amt :2549.45 Days :236 Avg Daily Profit :0.125 %
Env #:0 Genome_id # :365 Fitness :108572.58 Final Amt :2785.5 Days :236 Avg Daily Profit :0.159 %
Env #:0 Genome_id # :78 Fitness :95753.91 Final Amt :2850.03 Days :236 Avg Daily Profit :0.17 %
Env #:0 Genome_id # :30 Fitness :129715.24 Final Amt :6433.14 Days :236 Avg Daily Profit :0.516 %
Env #:0 Genome_id # :85 Fitness :-86979.36 Final Amt :1556.64 Days :236 Avg Daily Profit :-0.081 %
Env #:0 Genome_id # :93 Fitness :-82601.7 Final Amt :1338.39 Days :236 Avg Daily Profit :-0.149 %
Env #:0 Genome_id # :94 Fitness :-67897.31 Final Amt :1571.79 Days :236 Avg Daily Profit :-0.081 %
Env #:0 Genome_id # :30 Fitness :129715.24 Final Amt :6433.14 Days :236 Avg Daily Profit :0.516 %
Env #:0 Genome_id # :99 Fitness :32172.79 Final Amt :2325.34 Days :236 Avg Daily Profit :0.081 %
Env #:0 Genome_id # :104 Fitness :-15053.23 Final Amt :2313.19 Days :236 Avg Daily Profit :0.085 %
Env #:0 Genome_id # :105 Fitness :114819.13 Final Amt :2508.45 Days :236 Avg Daily Profit :0.116 %
Env #:0 Genome_id # :109 Fitness :15107.05 Final Amt :2612.39 Days :236 Avg Daily Profit :0.141 %
Env #:0 Genome_id # :110 Fitness :9211.84 Final Amt :2087.78 Days :236 Avg Daily Profit :0.019 %
Env #:0 Genome_id # :114 Fitness :-93939.14 Final Amt :1408.58 Days :236 Avg Daily Profit :-0.125 %
Env #:0 Genome_id # :115 Fitness :-65645.0 Final Amt :1337.91 Days :236 Avg Daily Profit :-0.147 %
Env #:0 Genome_id # :120 Fitness :-46875.38 Final Amt :1396.73 Days :236 Avg Daily Profit :-0.126 %
Env #:0 Genome_id # :1072 Fitness :179757.65 Final Amt :2706.17 Days :236 Avg Daily Profit :0.149 %
Env #:0 Genome_id # :125 Fitness :34210.45 Final Amt :2134.7 Days :236 Avg Daily Profit :0.053 %
Env #:0 Genome_id # :126 Fitness :82888.0 Final Amt :2846.01 Days :236 Avg Daily Profit :0.175 %
Env #:0 Genome_id # :130 Fitness :126883.57 Final Amt :2752.27 Days :236 Avg Daily Profit :0.159 %
Env #:0 Genome_id # :131 Fitness :-62196.86 Final Amt :989.75 Days :236 Avg Daily Profit :-0.28 %
Env #:0 Genome_id # :132 Fitness :-73105.25 Final Amt :1761.53 Days :236 Avg Daily Profit :-0.036 %
Env #:0 Genome_id # :133 Fitness :42415.24 Final Amt :3789.28 Days :236 Avg Daily Profit :0.291 %
Env #:0 Genome_id # :139 Fitness :-61352.45 Final Amt :2212.25 Days :236 Avg Daily Profit :0.066 %
Env #:0 Genome_id # :140 Fitness :23921.43 Final Amt :2502.2 Days :236 Avg Daily Profit :0.121 %
Env #:0 Genome_id # :142 Fitness :-44233.87 Final Amt :1416.11 Days :236 Avg Daily Profit :-0.119 %
Env #:0 Genome_id # :143 Fitness :-58516.85 Final Amt :1429.63 Days :236 Avg Daily Profit :-0.118 %
Env #:0 Genome_id # :147 Fitness :35468.97 Final Amt :2795.38 Days :236 Avg Daily Profit :0.156 %
Env #:0 Genome_id # :148 Fitness :63152.72 Final Amt :2963.01 Days :236 Avg Daily Profit :0.189 %
Env #:0 Genome_id # :153 Fitness :59584.27 Final Amt :2677.02 Days :236 Avg Daily Profit :0.151 %
Env #:0 Genome_id # :154 Fitness :121502.07 Final Amt :2828.0 Days :236 Avg Daily Profit :0.174 %
Env #:0 Genome_id # :158 Fitness :-870.38 Final Amt :2026.97 Days :236 Avg Daily Profit :0.007 %
Env #:0 Genome_id # :159 Fitness :-33103.27 Final Amt :1473.6 Days :236 Avg Daily Profit :-0.102 %
Env #:0 Genome_id # :135 Fitness :195331.06 Final Amt :2608.51 Days :236 Avg Daily Profit :0.137 %
Env #:0 Genome_id # :1072 Fitness :179757.65 Final Amt :2706.17 Days :236 Avg Daily Profit :0.149 %
Env #:0 Genome_id # :1042 Fitness :178218.45 Final Amt :2370.08 Days :236 Avg Daily Profit :0.094 %
Env #:0 Genome_id # :20 Fitness :131628.91 Final Amt :2862.61 Days :236 Avg Daily Profit :0.173 %
Env #:0 Genome_id # :1072 Fitness :179757.65 Final Amt :2706.17 Days :236 Avg Daily Profit :0.149 %
Env #:0 Genome_id # :106 Fitness :148040.51 Final Amt :2811.8 Days :236 Avg Daily Profit :0.17 %
Env #:0 Genome_id # :181 Fitness :71595.93 Final Amt :2685.88 Days :236 Avg Daily Profit :0.148 %
Env #:0 Genome_id # :182 Fitness :-12897.47 Final Amt :1604.15 Days :236 Avg Daily Profit :-0.082 %
Env #:0 Genome_id # :186 Fitness :72331.62 Final Amt :2648.39 Days :236 Avg Daily Profit :0.146 %
Env #:0 Genome_id # :187 Fitness :79597.73 Final Amt :2572.7 Days :236 Avg Daily Profit :0.135 %
Env #:0 Genome_id # :191 Fitness :-49093.38 Final Amt :1447.39 Days :236 Avg Daily Profit :-0.112 %
Env #:0 Genome_id # :192 Fitness :-13204.82 Final Amt :1762.94 Days :236 Avg Daily Profit :-0.049 %
Env #:0 Genome_id # :175 Fitness :196803.69 Final Amt :2885.3 Days :236 Avg Daily Profit :0.179 %
Env #:0 Genome_id # :135 Fitness :195331.06 Final Amt :2608.51 Days :236 Avg Daily Profit :0.137 %Env #:0 Genome_id # :941 Fitness :85320.25 Final Amt :4061.2 Days :236 Avg Daily Profit :0.32 %
Env #:0 Genome_id # :263 Fitness :-78959.28 Final Amt :1474.74 Days :236 Avg Daily Profit :-0.114 %
Env #:0 Genome_id # :718 Fitness :140029.09 Final Amt :2148.05 Days :236 Avg Daily Profit :0.054 %
Env #:0 Genome_id # :335 Fitness :-39215.62 Final Amt :1314.28 Days :236 Avg Daily Profit :-0.16 %
Env #:0 Genome_id # :914 Fitness :-43216.86 Final Amt :1618.09 Days :236 Avg Daily Profit :-0.067 %
Env #:0 Genome_id # :31 Fitness :60060.17 Final Amt :3018.38 Days :236 Avg Daily Profit :0.194 %
Env #:0 Genome_id # :4 Fitness :-88807.3 Final Amt :1560.95 Days :236 Avg Daily Profit :-0.09 %
Env #:0 Genome_id # :5 Fitness :-32153.03 Final Amt :1497.56 Days :236 Avg Daily Profit :-0.095 %
Env #:0 Genome_id # :8 Fitness :-38248.86 Final Amt :1436.07 Days :236 Avg Daily Profit :-0.122 %
Env #:0 Genome_id # :9 Fitness :38071.85 Final Amt :1633.62 Days :236 Avg Daily Profit :-0.067 %
Env #:0 Genome_id # :11 Fitness :80357.44 Final Amt :2704.91 Days :236 Avg Daily Profit :0.151 %
Env #:0 Genome_id # :12 Fitness :-56058.58 Final Amt :1517.53 Days :236 Avg Daily Profit :-0.11 %
Env #:0 Genome_id # :16 Fitness :37509.76 Final Amt :2872.52 Days :236 Avg Daily Profit :0.178 %
Env #:0 Genome_id # :17 Fitness :82290.57 Final Amt :2545.72 Days :236 Avg Daily Profit :0.126 %
Env #:0 Genome_id # :1072 Fitness :179757.65 Final Amt :2706.17 Days :236 Avg Daily Profit :0.149 %
Env #:0 Genome_id # :718 Fitness :140029.09 Final Amt :2148.05 Days :236 Avg Daily Profit :0.054 %
Env #:0 Genome_id # :25 Fitness :-88193.38 Final Amt :1563.39 Days :236 Avg Daily Profit :-0.087 %
Env #:0 Genome_id # :26 Fitness :-129062.75 Final Amt :1534.33 Days :236 Avg Daily Profit :-0.094 %
Env #:0 Genome_id # :32 Fitness :65294.97 Final Amt :2994.08 Days :236 Avg Daily Profit :0.193 %
Env #:0 Genome_id # :33 Fitness :58057.34 Final Amt :2915.93 Days :236 Avg Daily Profit :0.184 %
Env #:0 Genome_id # :36 Fitness :976.4 Final Amt :1277.97 Days :236 Avg Daily Profit :-0.168 %
Env #:0 Genome_id # :1072 Fitness :179757.65 Final Amt :2706.17 Days :236 Avg Daily Profit :0.149 %
Env #:0 Genome_id # :41 Fitness :-30138.63 Final Amt :1480.7 Days :236 Avg Daily Profit :-0.103 %
Env #:0 Genome_id # :42 Fitness :-68905.69 Final Amt :1319.39 Days :236 Avg Daily Profit :-0.151 %
Env #:0 Genome_id # :46 Fitness :-16257.76 Final Amt :1487.17 Days :236 Avg Daily Profit :-0.108 %
Env #:0 Genome_id # :47 Fitness :-50221.57 Final Amt :1425.61 Days :236 Avg Daily Profit :-0.119 %
Env #:0 Genome_id # :51 Fitness :-74265.93 Final Amt :1333.93 Days :236 Avg Daily Profit :-0.15 %
Env #:0 Genome_id # :52 Fitness :-54650.27 Final Amt :1358.51 Days :236 Avg Daily Profit :-0.152 %
Env #:0 Genome_id # :55 Fitness :55169.41 Final Amt :3428.27 Days :236 Avg Daily Profit :0.256 %
Env #:0 Genome_id # :56 Fitness :3783.32 Final Amt :2038.86 Days :236 Avg Daily Profit :0.008 %
Env #:0 Genome_id # :60 Fitness :-45731.4 Final Amt :1492.22 Days :236 Avg Daily Profit :-0.098 %
Env #:0 Genome_id # :61 Fitness :65024.24 Final Amt :2703.63 Days :236 Avg Daily Profit :0.152 %
Env #:0 Genome_id # :65 Fitness :17625.82 Final Amt :2004.24 Days :236 Avg Daily Profit :0.013 %
Env #:0 Genome_id # :66 Fitness :13552.98 Final Amt :2174.24 Days :236 Avg Daily Profit :0.037 %
Env #:0 Genome_id # :67 Fitness :-42070.49 Final Amt :1414.38 Days :236 Avg Daily Profit :-0.119 %
Env #:0 Genome_id # :68 Fitness :4140.79 Final Amt :2043.43 Days :236 Avg Daily Profit :0.013 %
Env #:0 Genome_id # :74 Fitness :128934.53 Final Amt :4790.16 Days :236 Avg Daily Profit :0.391 %
Env #:0 Genome_id # :75 Fitness :-25277.87 Final Amt :1518.42 Days :236 Avg Daily Profit :-0.09 %
Env #:0 Genome_id # :1072 Fitness :179757.65 Final Amt :2706.17 Days :236 Avg Daily Profit :0.149 %
Env #:0 Genome_id # :718 Fitness :140029.09 Final Amt :2148.05 Days :236 Avg Daily Profit :0.054 %
Env #:0 Genome_id # :83 Fitness :73135.7 Final Amt :2758.36 Days :236 Avg Daily Profit :0.163 %
Env #:0 Genome_id # :84 Fitness :77069.68 Final Amt :3023.26 Days :236 Avg Daily Profit :0.196 %
Env #:0 Genome_id # :88 Fitness :-78439.81 Final Amt :1458.94 Days :236 Avg Daily Profit :-0.108 %
Env #:0 Genome_id # :89 Fitness :-13890.17 Final Amt :1756.93 Days :236 Avg Daily Profit :-0.034 %
Env #:0 Genome_id # :91 Fitness :114766.49 Final Amt :2382.95 Days :236 Avg Daily Profit :0.099 %
Env #:0 Genome_id # :92 Fitness :0.0 Final Amt :2000.0 Days :236 Avg Daily Profit :0.0 %
Env #:0 Genome_id # :95 Fitness :2593.03 Final Amt :2027.19 Days :236 Avg Daily Profit :0.006 %
Env #:0 Genome_id # :96 Fitness :-26069.66 Final Amt :1486.54 Days :236 Avg Daily Profit :-0.099 %
Env #:0 Genome_id # :100 Fitness :39316.27 Final Amt :2454.28 Days :236 Avg Daily Profit :0.1 %
Env #:0 Genome_id # :101 Fitness :78154.28 Final Amt :2792.85 Days :236 Avg Daily Profit :0.172 %
Env #:0 Genome_id # :91 Fitness :114766.49 Final Amt :2382.95 Days :236 Avg Daily Profit :0.099 %
Env #:0 Genome_id # :106 Fitness :148040.51 Final Amt :2811.8 Days :236 Avg Daily Profit :0.17 %
Env #:0 Genome_id # :30 Fitness :129715.24 Final Amt :6433.14 Days :236 Avg Daily Profit :0.516 %
Env #:0 Genome_id # :113 Fitness :-40171.06 Final Amt :2654.54 Days :236 Avg Daily Profit :0.143 %
Env #:0 Genome_id # :121 Fitness :104311.86 Final Amt :4743.44 Days :236 Avg Daily Profit :0.387 %
Env #:0 Genome_id # :122 Fitness :47115.8 Final Amt :2486.66 Days :236 Avg Daily Profit :0.106 %
Env #:0 Genome_id # :30 Fitness :129715.24 Final Amt :6433.14 Days :236 Avg Daily Profit :0.516 %
Env #:0 Genome_id # :127 Fitness :-28071.47 Final Amt :1743.17 Days :236 Avg Daily Profit :-0.048 %
Env #:0 Genome_id # :1072 Fitness :179757.65 Final Amt :2706.17 Days :236 Avg Daily Profit :0.149 %
Env #:0 Genome_id # :106 Fitness :148040.51 Final Amt :2811.8 Days :236 Avg Daily Profit :0.17 %
Env #:0 Genome_id # :137 Fitness :69943.04 Final Amt :2605.11 Days :236 Avg Daily Profit :0.139 %
Env #:0 Genome_id # :138 Fitness :-59255.24 Final Amt :2074.19 Days :236 Avg Daily Profit :0.031 %
Env #:0 Genome_id # :144 Fitness :55492.88 Final Amt :2768.05 Days :236 Avg Daily Profit :0.166 %
Env #:0 Genome_id # :145 Fitness :78994.52 Final Amt :2723.75 Days :236 Avg Daily Profit :0.159 %
Env #:0 Genome_id # :149 Fitness :-31596.0 Final Amt :1358.17 Days :236 Avg Daily Profit :-0.144 %
Env #:0 Genome_id # :150 Fitness :-55917.39 Final Amt :1368.19 Days :236 Avg Daily Profit :-0.136 %
Env #:0 Genome_id # :30 Fitness :129715.24 Final Amt :6433.14 Days :236 Avg Daily Profit :0.516 %
Env #:0 Genome_id # :155 Fitness :87897.39 Final Amt :2827.16 Days :236 Avg Daily Profit :0.172 %
Env #:0 Genome_id # :106 Fitness :148040.51 Final Amt :2811.8 Days :236 Avg Daily Profit :0.17 %
Env #:0 Genome_id # :162 Fitness :0.0 Final Amt :2000.0 Days :236 Avg Daily Profit :0.0 %
Env #:0 Genome_id # :167 Fitness :112075.58 Final Amt :4208.13 Days :236 Avg Daily Profit :0.338 %
Env #:0 Genome_id # :168 Fitness :111628.63 Final Amt :2782.4 Days :236 Avg Daily Profit :0.161 %
Env #:0 Genome_id # :172 Fitness :-51616.02 Final Amt :1346.12 Days :236 Avg Daily Profit :-0.14 %
Env #:0 Genome_id # :173 Fitness :44896.15 Final Amt :3026.55 Days :236 Avg Daily Profit :0.192 %
Env #:0 Genome_id # :175 Fitness :196803.69 Final Amt :2885.3 Days :236 Avg Daily Profit :0.179 %
Env #:0 Genome_id # :176 Fitness :6604.6 Final Amt :2386.74 Days :236 Avg Daily Profit :0.103 %
Env #:0 Genome_id # :175 Fitness :196803.69 Final Amt :2885.3 Days :236 Avg Daily Profit :0.179 %
Env #:0 Genome_id # :135 Fitness :195331.06 Final Amt :2608.51 Days :236 Avg Daily Profit :0.137 %
Env #:0 Genome_id # :20 Fitness :131628.91 Final Amt :2862.61 Days :236 Avg Daily Profit :0.173 %
Env #:0 Genome_id # :190 Fitness :-121188.77 Final Amt :1400.53 Days :236 Avg Daily Profit :-0.135 %
Env #:0 Genome_id # :1072 Fitness :179757.65 Final Amt :2706.17 Days :236 Avg Daily Profit :0.149 %
Env #:0 Genome_id # :197 Fitness :85824.3 Final Amt :2485.63 Days :236 Avg Daily Profit :0.115 %
Env #:0 Genome_id # :205 Fitness :-41218.85 Final Amt :2317.2 Days :236 Avg Daily Profit :0.073 %
Env #:0 Genome_id # :206 Fitness :68204.6 Final Amt :2489.59 Days :236 Avg Daily Profit :0.116 %Env #:0 Genome_id # :242 Fitness :-80332.91 Final Amt :1418.13 Days :236 Avg Daily Profit :-0.127 %
Env #:0 Genome_id # :942 Fitness :126232.46 Final Amt :5377.49 Days :236 Avg Daily Profit :0.442 %
Env #:0 Genome_id # :1042 Fitness :178218.45 Final Amt :2370.08 Days :236 Avg Daily Profit :0.094 %
Env #:0 Genome_id # :594 Fitness :45653.04 Final Amt :2574.82 Days :236 Avg Daily Profit :0.127 %
Env #:0 Genome_id # :1042 Fitness :178218.45 Final Amt :2370.08 Days :236 Avg Daily Profit :0.094 %
Env #:0 Genome_id # :942 Fitness :126232.46 Final Amt :5377.49 Days :236 Avg Daily Profit :0.442 %
Env #:0 Genome_id # :1072 Fitness :179757.65 Final Amt :2706.17 Days :236 Avg Daily Profit :0.149 %
Env #:0 Genome_id # :718 Fitness :140029.09 Final Amt :2148.05 Days :236 Avg Daily Profit :0.054 %
Env #:0 Genome_id # :929 Fitness :124473.72 Final Amt :4856.01 Days :236 Avg Daily Profit :0.397 %
Env #:0 Genome_id # :15 Fitness :-52310.92 Final Amt :1392.03 Days :236 Avg Daily Profit :-0.128 %
Env #:0 Genome_id # :365 Fitness :108572.58 Final Amt :2785.5 Days :236 Avg Daily Profit :0.159 %
Env #:0 Genome_id # :22 Fitness :-26231.49 Final Amt :1639.85 Days :236 Avg Daily Profit :-0.067 %
Env #:0 Genome_id # :1042 Fitness :178218.45 Final Amt :2370.08 Days :236 Avg Daily Profit :0.094 %
Env #:0 Genome_id # :20 Fitness :131628.91 Final Amt :2862.61 Days :236 Avg Daily Profit :0.173 %
Env #:0 Genome_id # :718 Fitness :140029.09 Final Amt :2148.05 Days :236 Avg Daily Profit :0.054 %
Env #:0 Genome_id # :365 Fitness :108572.58 Final Amt :2785.5 Days :236 Avg Daily Profit :0.159 %
Env #:0 Genome_id # :1042 Fitness :178218.45 Final Amt :2370.08 Days :236 Avg Daily Profit :0.094 %
Env #:0 Genome_id # :20 Fitness :131628.91 Final Amt :2862.61 Days :236 Avg Daily Profit :0.173 %
Env #:0 Genome_id # :1072 Fitness :179757.65 Final Amt :2706.17 Days :236 Avg Daily Profit :0.149 %
Env #:0 Genome_id # :718 Fitness :140029.09 Final Amt :2148.05 Days :236 Avg Daily Profit :0.054 %
Env #:0 Genome_id # :1042 Fitness :178218.45 Final Amt :2370.08 Days :236 Avg Daily Profit :0.094 %
Env #:0 Genome_id # :20 Fitness :131628.91 Final Amt :2862.61 Days :236 Avg Daily Profit :0.173 %
Env #:0 Genome_id # :718 Fitness :140029.09 Final Amt :2148.05 Days :236 Avg Daily Profit :0.054 %
Env #:0 Genome_id # :365 Fitness :108572.58 Final Amt :2785.5 Days :236 Avg Daily Profit :0.159 %
Env #:0 Genome_id # :30 Fitness :129715.24 Final Amt :6433.14 Days :236 Avg Daily Profit :0.516 %
Env #:0 Genome_id # :71 Fitness :-22259.79 Final Amt :2547.5 Days :236 Avg Daily Profit :0.129 %
Env #:0 Genome_id # :79 Fitness :36222.27 Final Amt :2391.84 Days :236 Avg Daily Profit :0.102 %
Env #:0 Genome_id # :80 Fitness :107830.98 Final Amt :2583.85 Days :236 Avg Daily Profit :0.134 %
Env #:0 Genome_id # :1042 Fitness :178218.45 Final Amt :2370.08 Days :236 Avg Daily Profit :0.094 %
Env #:0 Genome_id # :20 Fitness :131628.91 Final Amt :2862.61 Days :236 Avg Daily Profit :0.173 %
Env #:0 Genome_id # :718 Fitness :140029.09 Final Amt :2148.05 Days :236 Avg Daily Profit :0.054 %
Env #:0 Genome_id # :365 Fitness :108572.58 Final Amt :2785.5 Days :236 Avg Daily Profit :0.159 %
Env #:0 Genome_id # :1042 Fitness :178218.45 Final Amt :2370.08 Days :236 Avg Daily Profit :0.094 %
Env #:0 Genome_id # :20 Fitness :131628.91 Final Amt :2862.61 Days :236 Avg Daily Profit :0.173 %
Env #:0 Genome_id # :107 Fitness :-40391.09 Final Amt :1444.79 Days :236 Avg Daily Profit :-0.117 %
Env #:0 Genome_id # :108 Fitness :56629.73 Final Amt :2308.97 Days :236 Avg Daily Profit :0.079 %
Env #:0 Genome_id # :1042 Fitness :178218.45 Final Amt :2370.08 Days :236 Avg Daily Profit :0.094 %
Env #:0 Genome_id # :20 Fitness :131628.91 Final Amt :2862.61 Days :236 Avg Daily Profit :0.173 %
Env #:0 Genome_id # :118 Fitness :110964.57 Final Amt :3804.44 Days :236 Avg Daily Profit :0.295 %
Env #:0 Genome_id # :119 Fitness :73212.97 Final Amt :3696.79 Days :236 Avg Daily Profit :0.284 %
Env #:0 Genome_id # :123 Fitness :16255.12 Final Amt :2003.17 Days :236 Avg Daily Profit :0.028 %
Env #:0 Genome_id # :124 Fitness :-54655.07 Final Amt :1460.99 Days :236 Avg Daily Profit :-0.114 %
Env #:0 Genome_id # :128 Fitness :-65361.09 Final Amt :1485.36 Days :236 Avg Daily Profit :-0.112 %
Env #:0 Genome_id # :129 Fitness :-62899.32 Final Amt :1337.61 Days :236 Avg Daily Profit :-0.146 %
Env #:0 Genome_id # :718 Fitness :140029.09 Final Amt :2148.05 Days :236 Avg Daily Profit :0.054 %
Env #:0 Genome_id # :134 Fitness :42948.29 Final Amt :2266.23 Days :236 Avg Daily Profit :0.08 %
Env #:0 Genome_id # :30 Fitness :129715.24 Final Amt :6433.14 Days :236 Avg Daily Profit :0.516 %
Env #:0 Genome_id # :141 Fitness :11118.74 Final Amt :1970.04 Days :236 Avg Daily Profit :0.007 %
Env #:0 Genome_id # :146 Fitness :-34626.3 Final Amt :1453.33 Days :236 Avg Daily Profit :-0.11 %
Env #:0 Genome_id # :135 Fitness :195331.06 Final Amt :2608.51 Days :236 Avg Daily Profit :0.137 %
Env #:0 Genome_id # :151 Fitness :85447.95 Final Amt :2579.09 Days :236 Avg Daily Profit :0.132 %
Env #:0 Genome_id # :152 Fitness :-73275.99 Final Amt :1411.07 Days :236 Avg Daily Profit :-0.122 %
Env #:0 Genome_id # :156 Fitness :2156.71 Final Amt :1974.43 Days :236 Avg Daily Profit :-0.004 %
Env #:0 Genome_id # :157 Fitness :92495.43 Final Amt :4000.6 Days :236 Avg Daily Profit :0.313 %
Env #:0 Genome_id # :160 Fitness :-60418.02 Final Amt :1424.92 Days :236 Avg Daily Profit :-0.125 %
Env #:0 Genome_id # :161 Fitness :-130009.81 Final Amt :1866.27 Days :236 Avg Daily Profit :-0.005 %
Env #:0 Genome_id # :165 Fitness :126234.23 Final Amt :2689.16 Days :236 Avg Daily Profit :0.151 %
Env #:0 Genome_id # :166 Fitness :0.0 Final Amt :2000.0 Days :236 Avg Daily Profit :0.0 %
Env #:0 Genome_id # :170 Fitness :-229949.31 Final Amt :1140.91 Days :236 Avg Daily Profit :-0.219 %
Env #:0 Genome_id # :171 Fitness :254853.87 Final Amt :3065.94 Days :236 Avg Daily Profit :0.203 %
Env #:0 Genome_id # :177 Fitness :150230.51 Final Amt :2399.26 Days :236 Avg Daily Profit :0.105 %
Env #:0 Genome_id # :178 Fitness :-8907.22 Final Amt :1892.41 Days :236 Avg Daily Profit :-0.006 %
Env #:0 Genome_id # :1072 Fitness :179757.65 Final Amt :2706.17 Days :236 Avg Daily Profit :0.149 %
Env #:0 Genome_id # :183 Fitness :2137.43 Final Amt :2015.41 Days :236 Avg Daily Profit :0.006 %
Env #:0 Genome_id # :188 Fitness :70118.79 Final Amt :2686.09 Days :236 Avg Daily Profit :0.153 %
Env #:0 Genome_id # :189 Fitness :-123565.76 Final Amt :1027.6 Days :236 Avg Daily Profit :-0.269 %
Env #:0 Genome_id # :193 Fitness :-78190.5 Final Amt :1414.68 Days :236 Avg Daily Profit :-0.13 %
Env #:0 Genome_id # :194 Fitness :-89994.68 Final Amt :1699.14 Days :236 Avg Daily Profit :-0.049 %
Env #:0 Genome_id # :198 Fitness :-25626.43 Final Amt :1522.75 Days :236 Avg Daily Profit :-0.09 %
Env #:0 Genome_id # :199 Fitness :-68239.23 Final Amt :1318.23 Days :236 Avg Daily Profit :-0.154 %
Env #:0 Genome_id # :1042 Fitness :178218.45 Final Amt :2370.08 Days :236 Avg Daily Profit :0.094 %
Env #:0 Genome_id # :20 Fitness :131628.91 Final Amt :2862.61 Days :236 Avg Daily Profit :0.173 %
Env #:0 Genome_id # :209 Fitness :-179295.65 Final Amt :1136.74 Days :236 Avg Daily Profit :-0.222 %
Env #:0 Genome_id # :210 Fitness :-266959.65 Final Amt :1541.01 Days :236 Avg Daily Profit :-0.091 %
Env #:0 Genome_id # :214 Fitness :-64615.64 Final Amt :1373.95 Days :236 Avg Daily Profit :-0.137 %
Env #:0 Genome_id # :215 Fitness :-250251.01 Final Amt :1331.55 Days :236 Avg Daily Profit :-0.156 %
Env #:0 Genome_id # :219 Fitness :60741.98 Final Amt :2029.15 Days :236 Avg Daily Profit :0.029 %
Env #:0 Genome_id # :220 Fitness :-43402.64 Final Amt :2975.87 Days :236 Avg Daily Profit :0.186 %
Env #:0 Genome_id # :221 Fitness :-123582.0 Final Amt :1346.34 Days :236 Avg Daily Profit :-0.151 %
Env #:0 Genome_id # :222 Fitness :-33333.45 Final Amt :1784.22 Days :236 Avg Daily Profit :-0.03 %
Env #:0 Genome_id # :228 Fitness :7885.49 Final Amt :1960.9 Days :236 Avg Daily Profit :0.008 %
Env #:0 Genome_id # :229 Fitness :-5611.09 Final Amt :1377.66 Days :236 Avg Daily Profit :-0.145 %
Env #:0 Genome_id # :233 Fitness :9063.92 Final Amt :3410.54 Days :236 Avg Daily Profit :0.254 %Env #:0 Genome_id # :871 Fitness :29776.28 Final Amt :4542.19 Days :236 Avg Daily Profit :0.371 %
Env #:0 Genome_id # :365 Fitness :108572.58 Final Amt :2785.5 Days :236 Avg Daily Profit :0.159 %
Env #:0 Genome_id # :245 Fitness :75778.25 Final Amt :4350.56 Days :236 Avg Daily Profit :0.354 %
Env #:0 Genome_id # :937 Fitness :-137492.43 Final Amt :3290.57 Days :236 Avg Daily Profit :0.231 %
Env #:0 Genome_id # :929 Fitness :124473.72 Final Amt :4856.01 Days :236 Avg Daily Profit :0.397 %
Env #:0 Genome_id # :1 Fitness :-25524.91 Final Amt :1741.08 Days :236 Avg Daily Profit :-0.047 %
Env #:0 Genome_id # :6 Fitness :-28020.71 Final Amt :1489.63 Days :236 Avg Daily Profit :-0.097 %
Env #:0 Genome_id # :7 Fitness :-71583.93 Final Amt :1527.78 Days :236 Avg Daily Profit :-0.093 %
Env #:0 Genome_id # :1042 Fitness :178218.45 Final Amt :2370.08 Days :236 Avg Daily Profit :0.094 %
Env #:0 Genome_id # :942 Fitness :126232.46 Final Amt :5377.49 Days :236 Avg Daily Profit :0.442 %
Env #:0 Genome_id # :23 Fitness :-30664.35 Final Amt :1462.47 Days :236 Avg Daily Profit :-0.108 %
Env #:0 Genome_id # :24 Fitness :99899.16 Final Amt :2738.99 Days :236 Avg Daily Profit :0.161 %
Env #:0 Genome_id # :942 Fitness :126232.46 Final Amt :5377.49 Days :236 Avg Daily Profit :0.442 %
Env #:0 Genome_id # :29 Fitness :58858.74 Final Amt :2544.13 Days :236 Avg Daily Profit :0.124 %
Env #:0 Genome_id # :37 Fitness :-68924.92 Final Amt :1280.5 Days :236 Avg Daily Profit :-0.165 %
Env #:0 Genome_id # :38 Fitness :-124419.62 Final Amt :1851.09 Days :236 Avg Daily Profit :-0.017 %
Env #:0 Genome_id # :30 Fitness :129715.24 Final Amt :6433.14 Days :236 Avg Daily Profit :0.516 %
Env #:0 Genome_id # :43 Fitness :-22294.4 Final Amt :1487.54 Days :236 Avg Daily Profit :-0.106 %
Env #:0 Genome_id # :365 Fitness :108572.58 Final Amt :2785.5 Days :236 Avg Daily Profit :0.159 %
Env #:0 Genome_id # :50 Fitness :22316.29 Final Amt :1935.57 Days :236 Avg Daily Profit :0.015 %
Env #:0 Genome_id # :30 Fitness :129715.24 Final Amt :6433.14 Days :236 Avg Daily Profit :0.516 %
Env #:0 Genome_id # :57 Fitness :-87.02 Final Amt :1997.04 Days :236 Avg Daily Profit :0.017 %
Env #:0 Genome_id # :64 Fitness :-88031.86 Final Amt :1777.41 Days :236 Avg Daily Profit :-0.036 %
Env #:0 Genome_id # :1072 Fitness :179757.65 Final Amt :2706.17 Days :236 Avg Daily Profit :0.149 %
Env #:0 Genome_id # :1042 Fitness :178218.45 Final Amt :2370.08 Days :236 Avg Daily Profit :0.094 %
Env #:0 Genome_id # :20 Fitness :131628.91 Final Amt :2862.61 Days :236 Avg Daily Profit :0.173 %
Env #:0 Genome_id # :76 Fitness :40068.08 Final Amt :2706.74 Days :236 Avg Daily Profit :0.153 %
Env #:0 Genome_id # :77 Fitness :-26220.28 Final Amt :1490.03 Days :236 Avg Daily Profit :-0.105 %
Env #:0 Genome_id # :81 Fitness :-11575.18 Final Amt :1804.31 Days :236 Avg Daily Profit :-0.034 %
Env #:0 Genome_id # :82 Fitness :-6579.11 Final Amt :1896.49 Days :236 Avg Daily Profit :-0.022 %
Env #:0 Genome_id # :86 Fitness :-80624.89 Final Amt :1771.26 Days :236 Avg Daily Profit :-0.038 %
Env #:0 Genome_id # :87 Fitness :7443.33 Final Amt :2096.1 Days :236 Avg Daily Profit :0.021 %
Env #:0 Genome_id # :90 Fitness :-152.32 Final Amt :2056.66 Days :236 Avg Daily Profit :0.024 %
Env #:0 Genome_id # :1072 Fitness :179757.65 Final Amt :2706.17 Days :236 Avg Daily Profit :0.149 %
Env #:0 Genome_id # :97 Fitness :-29256.09 Final Amt :1517.97 Days :236 Avg Daily Profit :-0.1 %
Env #:0 Genome_id # :98 Fitness :66797.1 Final Amt :2259.3 Days :236 Avg Daily Profit :0.071 %
Env #:0 Genome_id # :102 Fitness :97265.49 Final Amt :2820.81 Days :236 Avg Daily Profit :0.166 %
Env #:0 Genome_id # :103 Fitness :3287.44 Final Amt :2492.37 Days :236 Avg Daily Profit :0.103 %
Env #:0 Genome_id # :1072 Fitness :179757.65 Final Amt :2706.17 Days :236 Avg Daily Profit :0.149 %
Env #:0 Genome_id # :718 Fitness :140029.09 Final Amt :2148.05 Days :236 Avg Daily Profit :0.054 %
Env #:0 Genome_id # :111 Fitness :-22683.93 Final Amt :1823.51 Days :236 Avg Daily Profit :-0.017 %
Env #:0 Genome_id # :112 Fitness :22904.02 Final Amt :1552.13 Days :236 Avg Daily Profit :-0.089 %
Env #:0 Genome_id # :116 Fitness :71589.56 Final Amt :2407.45 Days :236 Avg Daily Profit :0.105 %
Env #:0 Genome_id # :117 Fitness :-69662.79 Final Amt :1315.86 Days :236 Avg Daily Profit :-0.154 %
Env #:0 Genome_id # :106 Fitness :148040.51 Final Amt :2811.8 Days :236 Avg Daily Profit :0.17 %
Env #:0 Genome_id # :718 Fitness :140029.09 Final Amt :2148.05 Days :236 Avg Daily Profit :0.054 %
Env #:0 Genome_id # :1042 Fitness :178218.45 Final Amt :2370.08 Days :236 Avg Daily Profit :0.094 %
Env #:0 Genome_id # :20 Fitness :131628.91 Final Amt :2862.61 Days :236 Avg Daily Profit :0.173 %
Env #:0 Genome_id # :135 Fitness :195331.06 Final Amt :2608.51 Days :236 Avg Daily Profit :0.137 %
Env #:0 Genome_id # :136 Fitness :101486.82 Final Amt :2607.6 Days :236 Avg Daily Profit :0.14 %
Env #:0 Genome_id # :1042 Fitness :178218.45 Final Amt :2370.08 Days :236 Avg Daily Profit :0.094 %
Env #:0 Genome_id # :20 Fitness :131628.91 Final Amt :2862.61 Days :236 Avg Daily Profit :0.173 %
Env #:0 Genome_id # :1072 Fitness :179757.65 Final Amt :2706.17 Days :236 Avg Daily Profit :0.149 %
Env #:0 Genome_id # :106 Fitness :148040.51 Final Amt :2811.8 Days :236 Avg Daily Profit :0.17 %
Env #:0 Genome_id # :1042 Fitness :178218.45 Final Amt :2370.08 Days :236 Avg Daily Profit :0.094 %
Env #:0 Genome_id # :20 Fitness :131628.91 Final Amt :2862.61 Days :236 Avg Daily Profit :0.173 %
Env #:0 Genome_id # :163 Fitness :-52135.55 Final Amt :2570.84 Days :236 Avg Daily Profit :0.127 %
Env #:0 Genome_id # :164 Fitness :4248.75 Final Amt :1854.51 Days :236 Avg Daily Profit :-0.015 %
Env #:0 Genome_id # :30 Fitness :129715.24 Final Amt :6433.14 Days :236 Avg Daily Profit :0.516 %
Env #:0 Genome_id # :169 Fitness :99405.46 Final Amt :2592.8 Days :236 Avg Daily Profit :0.134 %
Env #:0 Genome_id # :174 Fitness :-90220.81 Final Amt :1445.77 Days :236 Avg Daily Profit :-0.122 %
Env #:0 Genome_id # :135 Fitness :195331.06 Final Amt :2608.51 Days :236 Avg Daily Profit :0.137 %
Env #:0 Genome_id # :179 Fitness :-71800.43 Final Amt :1344.47 Days :236 Avg Daily Profit :-0.145 %
Env #:0 Genome_id # :180 Fitness :77232.17 Final Amt :2779.37 Days :236 Avg Daily Profit :0.165 %
Env #:0 Genome_id # :184 Fitness :126060.01 Final Amt :3170.43 Days :236 Avg Daily Profit :0.223 %
Env #:0 Genome_id # :185 Fitness :167120.44 Final Amt :2487.55 Days :236 Avg Daily Profit :0.119 %
Env #:0 Genome_id # :171 Fitness :254853.87 Final Amt :3065.94 Days :236 Avg Daily Profit :0.203 %
Env #:0 Genome_id # :1042 Fitness :178218.45 Final Amt :2370.08 Days :236 Avg Daily Profit :0.094 %
Env #:0 Genome_id # :195 Fitness :-60227.42 Final Amt :1295.67 Days :236 Avg Daily Profit :-0.161 %
Env #:0 Genome_id # :196 Fitness :53097.03 Final Amt :2793.27 Days :236 Avg Daily Profit :0.164 %
Env #:0 Genome_id # :200 Fitness :86836.87 Final Amt :2915.03 Days :236 Avg Daily Profit :0.185 %
Env #:0 Genome_id # :201 Fitness :46924.83 Final Amt :2383.05 Days :236 Avg Daily Profit :0.097 %
Env #:0 Genome_id # :202 Fitness :-30578.13 Final Amt :1852.49 Days :236 Avg Daily Profit :-0.016 %
Env #:0 Genome_id # :203 Fitness :-109604.9 Final Amt :1108.38 Days :236 Avg Daily Profit :-0.229 %
Env #:0 Genome_id # :1072 Fitness :179757.65 Final Amt :2706.17 Days :236 Avg Daily Profit :0.149 %
Env #:0 Genome_id # :211 Fitness :65465.84 Final Amt :2878.08 Days :236 Avg Daily Profit :0.173 %
Env #:0 Genome_id # :171 Fitness :254853.87 Final Amt :3065.94 Days :236 Avg Daily Profit :0.203 %
Env #:0 Genome_id # :1042 Fitness :178218.45 Final Amt :2370.08 Days :236 Avg Daily Profit :0.094 %
Env #:0 Genome_id # :223 Fitness :56696.59 Final Amt :2698.56 Days :236 Avg Daily Profit :0.149 %
Env #:0 Genome_id # :224 Fitness :93584.2 Final Amt :5849.06 Days :236 Avg Daily Profit :0.477 %
Env #:0 Genome_id # :226 Fitness :-63399.47 Final Amt :1384.85 Days :236 Avg Daily Profit :-0.138 %
Env #:0 Genome_id # :227 Fitness :85110.85 Final Amt :3745.9 Days :236 Avg Daily Profit :0.295 %
Env #:0 Genome_id # :230 Fitness :-78653.41 Final Amt :1437.04 Days :236 Avg Daily Profit :-0.123 %
Env #:0 Genome_id # :171 Fitness :254853.87 Final Amt :3065.94 Days :236 Avg Daily Profit :0.203 %
Population of 20 members in 2 species:
   ID   age  size  fitness  adj fit  stag
  ====  ===  ====  =======  =======  ====
     1   14    11  196803.7    0.582   -69
     2   14     9  254853.9    0.381     1
Total extinctions: 0
Generation time: 2470.743 sec (2408.987 average)
Saving checkpoint to neat-checkpoint-14

 ****** Running generation 15 ****** 

Population's average fitness: 44758.96845 stdev: 132055.08209
Best fitness: 254853.87400 - size: (8, 34) - species 2 - id 171
Average adjusted fitness: 0.594
Mean genetic distance 2.265, standard deviation 1.015
Population of 20 members in 2 species:
   ID   age  size  fitness  adj fit  stag
  ====  ===  ====  =======  =======  ====
     1   15    10  196803.7    0.630   -68
     2   15    10  254853.9    0.557     2
Total extinctions: 0
Generation time: 2521.164 sec (2425.050 average)
Saving checkpoint to neat-checkpoint-15

 ****** Running generation 16 ****** 

Population's average fitness: 46201.22865 stdev: 124372.44628
Best fitness: 254853.87400 - size: (8, 34) - species 2 - id 171
Average adjusted fitness: 0.587
Mean genetic distance 2.205, standard deviation 1.068
Population of 20 members in 2 species:
   ID   age  size  fitness  adj fit  stag
  ====  ===  ====  =======  =======  ====
     1   16     9  196803.7    0.555   -67
     2   16    11  254853.9    0.619     3
Total extinctions: 0
Generation time: 2492.575 sec (2430.517 average)
Saving checkpoint to neat-checkpoint-16

 ****** Running generation 17 ****** 

Population's average fitness: 38831.55125 stdev: 113374.12287
Best fitness: 254853.87400 - size: (8, 34) - species 2 - id 171
Average adjusted fitness: 0.440
Mean genetic distance 2.239, standard deviation 1.018
Population of 20 members in 2 species:
   ID   age  size  fitness  adj fit  stag
  ====  ===  ====  =======  =======  ====
     1   17    10  196803.7    0.461   -66
     2   17    10  254853.9    0.419     4
Total extinctions: 0
Generation time: 2484.059 sec (2443.287 average)
Saving checkpoint to neat-checkpoint-17

 ****** Running generation 18 ****** 

Population's average fitness: 44809.93200 stdev: 126229.13297
Best fitness: 254853.87400 - size: (8, 34) - species 2 - id 171
Average adjusted fitness: 0.575
Mean genetic distance 2.230, standard deviation 1.014
Population of 20 members in 2 species:
   ID   age  size  fitness  adj fit  stag
  ====  ===  ====  =======  =======  ====
     1   18    11  196803.7    0.602   -65
     2   18     9  254853.9    0.549     5
Total extinctions: 0
Generation time: 2461.651 sec (2451.791 average)
Saving checkpoint to neat-checkpoint-18

 ****** Running generation 19 ****** 

Population's average fitness: 69612.76160 stdev: 102094.11706
Best fitness: 254853.87400 - size: (8, 34) - species 2 - id 171
Average adjusted fitness: 0.450
Mean genetic distance 2.306, standard deviation 0.985
Population of 20 members in 2 species:
   ID   age  size  fitness  adj fit  stag
  ====  ===  ====  =======  =======  ====
     1   19    10  205814.2    0.470   -64
     2   19    10  254853.9    0.429     6
Total extinctions: 0
Generation time: 2361.879 sec (2450.810 average)
Saving checkpoint to neat-checkpoint-19

 ****** Running generation 20 ****** 

Population's average fitness: 85517.89325 stdev: 94892.58440
Best fitness: 254853.87400 - size: (8, 34) - species 2 - id 171
Average adjusted fitness: 0.551
Mean genetic distance 2.266, standard deviation 0.988
Population of 20 members in 2 species:
   ID   age  size  fitness  adj fit  stag
  ====  ===  ====  =======  =======  ====
     1   20    11  205814.2    0.572   -63
     2   20     9  254853.9    0.530     7
Total extinctions: 0
Generation time: 2508.334 sec (2456.294 average)
Saving checkpoint to neat-checkpoint-20

 ****** Running generation 21 ****** 

Population's average fitness: 57961.39605 stdev: 114382.46889
Best fitness: 254853.87400 - size: (8, 34) - species 2 - id 171
Average adjusted fitness: 0.466
Mean genetic distance 2.268, standard deviation 0.994
Population of 20 members in 2 species:
   ID   age  size  fitness  adj fit  stag
  ====  ===  ====  =======  =======  ====
     1   21    10  205814.2    0.418   -62
     2   21    10  254853.9    0.514     8
Total extinctions: 0
Generation time: 2396.940 sec (2445.492 average)
Saving checkpoint to neat-checkpoint-21

 ****** Running generation 22 ****** 

Population's average fitness: 65169.37465 stdev: 100581.64278
Best fitness: 254853.87400 - size: (8, 34) - species 2 - id 171
Average adjusted fitness: 0.489
Mean genetic distance 2.288, standard deviation 0.990
Population of 20 members in 2 species:
   ID   age  size  fitness  adj fit  stag
  ====  ===  ====  =======  =======  ====
     1   22    11  205814.2    0.496   -61
     2   22     9  254853.9    0.483     9
Total extinctions: 0
Generation time: 2388.995 sec (2450.538 average)
Saving checkpoint to neat-checkpoint-22

 ****** Running generation 23 ****** 

Population's average fitness: 80219.27805 stdev: 93774.36656
Best fitness: 254853.87400 - size: (8, 34) - species 2 - id 171
Average adjusted fitness: 0.478
Mean genetic distance 2.259, standard deviation 1.034
Population of 20 members in 2 species:
   ID   age  size  fitness  adj fit  stag
  ====  ===  ====  =======  =======  ====
     1   23    10  205814.2    0.419   -60
     2   23    10  254853.9    0.538    10
Total extinctions: 0
Generation time: 2487.419 sec (2457.376 average)
Saving checkpoint to neat-checkpoint-23

 ****** Running generation 24 ****** 

Population's average fitness: 87015.22320 stdev: 102527.19064
Best fitness: 254853.87400 - size: (8, 34) - species 2 - id 171
Average adjusted fitness: 0.572
Mean genetic distance 2.279, standard deviation 1.014
Population of 20 members in 2 species:
   ID   age  size  fitness  adj fit  stag
  ====  ===  ====  =======  =======  ====
     1   24     9  205814.2    0.509   -59
     2   24    11  254853.9    0.635    11
Total extinctions: 0
Generation time: 2444.586 sec (2454.760 average)
Saving checkpoint to neat-checkpoint-24

 ****** Running generation 25 ****** 

Population's average fitness: 35470.03030 stdev: 115603.61454
Best fitness: 254853.87400 - size: (8, 34) - species 2 - id 171
Average adjusted fitness: 0.378
Mean genetic distance 2.266, standard deviation 1.040
Population of 20 members in 2 species:
   ID   age  size  fitness  adj fit  stag
  ====  ===  ====  =======  =======  ====
     1   25    10  205814.2    0.435   -58
     2   25    10  254853.9    0.320    12
Total extinctions: 0
Generation time: 2395.344 sec (2442.178 average)
Saving checkpoint to neat-checkpoint-25

 ****** Running generation 26 ****** 

Population's average fitness: 54445.30835 stdev: 113786.36385
Best fitness: 254853.87400 - size: (8, 34) - species 2 - id 171
Average adjusted fitness: 0.563
Mean genetic distance 2.226, standard deviation 1.067
Population of 20 members in 2 species:
   ID   age  size  fitness  adj fit  stag
  ====  ===  ====  =======  =======  ====
     1   26    11  205814.2    0.588   -57
     2   26     9  254853.9    0.538    13
Total extinctions: 0
Generation time: 2421.459 sec (2435.067 average)
Saving checkpoint to neat-checkpoint-26

 ****** Running generation 27 ****** 

Population's average fitness: 83455.26450 stdev: 112609.43345
Best fitness: 254853.87400 - size: (8, 34) - species 2 - id 171
Average adjusted fitness: 0.582
Mean genetic distance 2.186, standard deviation 1.084
Population of 20 members in 2 species:
   ID   age  size  fitness  adj fit  stag
  ====  ===  ====  =======  =======  ====
     1   27    10  207498.4    0.580   -56
     2   27    10  254853.9    0.584    14
Total extinctions: 0
Generation time: 2344.052 sec (2421.066 average)
Saving checkpoint to neat-checkpoint-27

 ****** Running generation 28 ****** 

Population's average fitness: 68551.22115 stdev: 106631.80440
Best fitness: 254853.87400 - size: (8, 34) - species 2 - id 171
Average adjusted fitness: 0.448
Mean genetic distance 2.171, standard deviation 1.098
Population of 20 members in 2 species:
   ID   age  size  fitness  adj fit  stag
  ====  ===  ====  =======  =======  ====
     1   28    11  207498.4    0.491   -55
     2   28     9  254853.9    0.405    15
Env #:0 Genome_id # :204 Fitness :123972.71 Final Amt :3480.11 Days :236 Avg Daily Profit :0.257 %
Env #:0 Genome_id # :171 Fitness :254853.87 Final Amt :3065.94 Days :236 Avg Daily Profit :0.203 %
Env #:0 Genome_id # :207 Fitness :71327.86 Final Amt :2634.63 Days :236 Avg Daily Profit :0.137 %
Env #:0 Genome_id # :208 Fitness :-2982.57 Final Amt :1958.86 Days :236 Avg Daily Profit :-0.008 %
Env #:0 Genome_id # :212 Fitness :-68270.35 Final Amt :1341.62 Days :236 Avg Daily Profit :-0.147 %
Env #:0 Genome_id # :213 Fitness :86452.46 Final Amt :2683.71 Days :236 Avg Daily Profit :0.149 %
Env #:0 Genome_id # :20 Fitness :131628.91 Final Amt :2862.61 Days :236 Avg Daily Profit :0.173 %
Env #:0 Genome_id # :218 Fitness :49809.23 Final Amt :2172.64 Days :236 Avg Daily Profit :0.06 %
Env #:0 Genome_id # :1072 Fitness :179757.65 Final Amt :2706.17 Days :236 Avg Daily Profit :0.149 %
Env #:0 Genome_id # :225 Fitness :-88987.73 Final Amt :1332.76 Days :236 Avg Daily Profit :-0.152 %
Env #:0 Genome_id # :231 Fitness :-129388.82 Final Amt :1741.75 Days :236 Avg Daily Profit :-0.039 %
Env #:0 Genome_id # :232 Fitness :-32701.66 Final Amt :1529.23 Days :236 Avg Daily Profit :-0.089 %
Env #:0 Genome_id # :1072 Fitness :179757.65 Final Amt :2706.17 Days :236 Avg Daily Profit :0.149 %
Env #:0 Genome_id # :239 Fitness :84822.65 Final Amt :2639.27 Days :236 Avg Daily Profit :0.151 %
Env #:0 Genome_id # :20 Fitness :131628.91 Final Amt :2862.61 Days :236 Avg Daily Profit :0.173 %
Env #:0 Genome_id # :246 Fitness :33665.48 Final Amt :2500.21 Days :236 Avg Daily Profit :0.122 %
Env #:0 Genome_id # :251 Fitness :-239883.28 Final Amt :1565.03 Days :236 Avg Daily Profit :-0.082 %
Env #:0 Genome_id # :252 Fitness :117947.41 Final Amt :2805.93 Days :236 Avg Daily Profit :0.171 %
Env #:0 Genome_id # :256 Fitness :60067.2 Final Amt :2561.52 Days :236 Avg Daily Profit :0.136 %
Env #:0 Genome_id # :257 Fitness :-4378.32 Final Amt :1961.71 Days :236 Avg Daily Profit :-0.001 %
Env #:0 Genome_id # :258 Fitness :7945.2 Final Amt :2061.32 Days :236 Avg Daily Profit :0.014 %
Env #:0 Genome_id # :259 Fitness :-32249.51 Final Amt :1471.62 Days :236 Avg Daily Profit :-0.103 %
Env #:0 Genome_id # :263 Fitness :66316.51 Final Amt :3567.96 Days :236 Avg Daily Profit :0.261 %
Env #:0 Genome_id # :264 Fitness :115334.78 Final Amt :3035.57 Days :236 Avg Daily Profit :0.194 %
Env #:0 Genome_id # :268 Fitness :-11214.03 Final Amt :1705.86 Days :236 Avg Daily Profit :-0.051 %
Env #:0 Genome_id # :269 Fitness :69855.66 Final Amt :2543.57 Days :236 Avg Daily Profit :0.129 %
Env #:0 Genome_id # :275 Fitness :-122461.95 Final Amt :1358.4 Days :236 Avg Daily Profit :-0.141 %
Env #:0 Genome_id # :276 Fitness :47287.82 Final Amt :2282.17 Days :236 Avg Daily Profit :0.079 %
Env #:0 Genome_id # :135 Fitness :195331.06 Final Amt :2608.51 Days :236 Avg Daily Profit :0.137 %
Env #:0 Genome_id # :281 Fitness :58792.53 Final Amt :2544.72 Days :236 Avg Daily Profit :0.129 %
Env #:0 Genome_id # :289 Fitness :106899.28 Final Amt :2611.9 Days :236 Avg Daily Profit :0.138 %
Env #:0 Genome_id # :290 Fitness :-107708.26 Final Amt :1389.79 Days :236 Avg Daily Profit :-0.138 %
Env #:0 Genome_id # :135 Fitness :195331.06 Final Amt :2608.51 Days :236 Avg Daily Profit :0.137 %
Env #:0 Genome_id # :295 Fitness :-16181.16 Final Amt :1810.35 Days :236 Avg Daily Profit :-0.033 %
Env #:0 Genome_id # :171 Fitness :254853.87 Final Amt :3065.94 Days :236 Avg Daily Profit :0.203 %
Env #:0 Genome_id # :1042 Fitness :178218.45 Final Amt :2370.08 Days :236 Avg Daily Profit :0.094 %
Env #:0 Genome_id # :135 Fitness :195331.06 Final Amt :2608.51 Days :236 Avg Daily Profit :0.137 %
Env #:0 Genome_id # :309 Fitness :-76167.29 Final Amt :1305.52 Days :236 Avg Daily Profit :-0.158 %
Env #:0 Genome_id # :317 Fitness :41400.93 Final Amt :2540.5 Days :236 Avg Daily Profit :0.13 %
Env #:0 Genome_id # :318 Fitness :147062.61 Final Amt :6959.01 Days :236 Avg Daily Profit :0.552 %
Env #:0 Genome_id # :135 Fitness :195331.06 Final Amt :2608.51 Days :236 Avg Daily Profit :0.137 %
Env #:0 Genome_id # :323 Fitness :42328.86 Final Amt :2411.03 Days :236 Avg Daily Profit :0.102 %
Env #:0 Genome_id # :331 Fitness :0.0 Final Amt :2000.0 Days :236 Avg Daily Profit :0.0 %
Env #:0 Genome_id # :332 Fitness :133362.58 Final Amt :2499.75 Days :236 Avg Daily Profit :0.124 %
Env #:0 Genome_id # :333 Fitness :132598.68 Final Amt :3885.47 Days :236 Avg Daily Profit :0.298 %
Env #:0 Genome_id # :334 Fitness :-93866.84 Final Amt :1349.34 Days :236 Avg Daily Profit :-0.142 %
Env #:0 Genome_id # :338 Fitness :-30947.74 Final Amt :1521.94 Days :236 Avg Daily Profit :-0.096 %
Env #:0 Genome_id # :339 Fitness :-7775.69 Final Amt :1879.15 Days :236 Avg Daily Profit :-0.025 %
Env #:0 Genome_id # :342 Fitness :33388.63 Final Amt :2046.61 Days :236 Avg Daily Profit :0.039 %
Env #:0 Genome_id # :171 Fitness :254853.87 Final Amt :3065.94 Days :236 Avg Daily Profit :0.203 %
Env #:0 Genome_id # :347 Fitness :-40849.55 Final Amt :2948.85 Days :236 Avg Daily Profit :0.189 %
Env #:0 Genome_id # :348 Fitness :-94337.7 Final Amt :1446.42 Days :236 Avg Daily Profit :-0.112 %
Env #:0 Genome_id # :352 Fitness :44052.91 Final Amt :2403.55 Days :236 Avg Daily Profit :0.105 %
Env #:0 Genome_id # :353 Fitness :26177.22 Final Amt :2346.35 Days :236 Avg Daily Profit :0.095 %
Env #:0 Genome_id # :356 Fitness :35328.79 Final Amt :2478.28 Days :236 Avg Daily Profit :0.124 %
Env #:0 Genome_id # :357 Fitness :-62982.01 Final Amt :1473.11 Days :236 Avg Daily Profit :-0.11 %
Env #:0 Genome_id # :361 Fitness :-16517.37 Final Amt :1618.5 Days :236 Avg Daily Profit :-0.075 %
Env #:0 Genome_id # :362 Fitness :119850.73 Final Amt :2729.87 Days :236 Avg Daily Profit :0.154 %
Env #:0 Genome_id # :366 Fitness :88662.0 Final Amt :3337.71 Days :236 Avg Daily Profit :0.24 %
Env #:0 Genome_id # :367 Fitness :56068.66 Final Amt :2344.82 Days :236 Avg Daily Profit :0.082 %
Env #:0 Genome_id # :372 Fitness :121320.84 Final Amt :2576.76 Days :236 Avg Daily Profit :0.131 %
Env #:0 Genome_id # :171 Fitness :254853.87 Final Amt :3065.94 Days :236 Avg Daily Profit :0.203 %
Env #:0 Genome_id # :175 Fitness :196803.69 Final Amt :2885.3 Days :236 Avg Daily Profit :0.179 %
Env #:0 Genome_id # :379 Fitness :-51966.72 Final Amt :1369.02 Days :236 Avg Daily Profit :-0.14 %
Env #:0 Genome_id # :387 Fitness :-15362.37 Final Amt :1737.07 Days :236 Avg Daily Profit :-0.055 %
Env #:0 Genome_id # :388 Fitness :-36235.01 Final Amt :1423.7 Days :236 Avg Daily Profit :-0.119 %
Env #:0 Genome_id # :389 Fitness :-82841.72 Final Amt :1791.9 Days :236 Avg Daily Profit :-0.03 %
Env #:0 Genome_id # :390 Fitness :-58628.47 Final Amt :1588.08 Days :236 Avg Daily Profit :-0.078 %
Env #:0 Genome_id # :396 Fitness :-77725.31 Final Amt :1366.17 Days :236 Avg Daily Profit :-0.143 %
Env #:0 Genome_id # :397 Fitness :187410.51 Final Amt :2919.39 Days :236 Avg Daily Profit :0.186 %
Env #:0 Genome_id # :1042 Fitness :178218.45 Final Amt :2370.08 Days :236 Avg Daily Profit :0.094 %
Env #:0 Genome_id # :280 Fitness :166249.36 Final Amt :3093.84 Days :236 Avg Daily Profit :0.208 %

Env #:0 Genome_id # :235 Fitness :91483.79 Final Amt :2819.59 Days :236 Avg Daily Profit :0.167 %
Env #:0 Genome_id # :236 Fitness :-15754.85 Final Amt :3545.95 Days :236 Avg Daily Profit :0.269 %
Env #:0 Genome_id # :240 Fitness :-91050.67 Final Amt :1415.65 Days :236 Avg Daily Profit :-0.125 %
Env #:0 Genome_id # :241 Fitness :-24616.75 Final Amt :1736.97 Days :236 Avg Daily Profit :-0.04 %
Env #:0 Genome_id # :247 Fitness :-74210.63 Final Amt :1398.4 Days :236 Avg Daily Profit :-0.125 %
Env #:0 Genome_id # :248 Fitness :-132070.11 Final Amt :2432.08 Days :236 Avg Daily Profit :0.106 %
Env #:0 Genome_id # :1072 Fitness :179757.65 Final Amt :2706.17 Days :236 Avg Daily Profit :0.149 %
Env #:0 Genome_id # :253 Fitness :-28463.24 Final Amt :1501.95 Days :236 Avg Daily Profit :-0.101 %
Env #:0 Genome_id # :1042 Fitness :178218.45 Final Amt :2370.08 Days :236 Avg Daily Profit :0.094 %
Env #:0 Genome_id # :20 Fitness :131628.91 Final Amt :2862.61 Days :236 Avg Daily Profit :0.173 %
Env #:0 Genome_id # :135 Fitness :195331.06 Final Amt :2608.51 Days :236 Avg Daily Profit :0.137 %
Env #:0 Genome_id # :267 Fitness :60509.77 Final Amt :2568.47 Days :236 Avg Daily Profit :0.128 %
Env #:0 Genome_id # :20 Fitness :131628.91 Final Amt :2862.61 Days :236 Avg Daily Profit :0.173 %
Env #:0 Genome_id # :274 Fitness :64609.82 Final Amt :2821.39 Days :236 Avg Daily Profit :0.174 %
Env #:0 Genome_id # :255 Fitness :205814.19 Final Amt :2747.63 Days :236 Avg Daily Profit :0.163 %
Env #:0 Genome_id # :175 Fitness :196803.69 Final Amt :2885.3 Days :236 Avg Daily Profit :0.179 %
Env #:0 Genome_id # :1042 Fitness :178218.45 Final Amt :2370.08 Days :236 Avg Daily Profit :0.094 %
Env #:0 Genome_id # :280 Fitness :166249.36 Final Amt :3093.84 Days :236 Avg Daily Profit :0.208 %
Env #:0 Genome_id # :255 Fitness :205814.19 Final Amt :2747.63 Days :236 Avg Daily Profit :0.163 %
Env #:0 Genome_id # :175 Fitness :196803.69 Final Amt :2885.3 Days :236 Avg Daily Profit :0.179 %
Env #:0 Genome_id # :303 Fitness :-116600.1 Final Amt :1363.55 Days :236 Avg Daily Profit :-0.143 %
Env #:0 Genome_id # :304 Fitness :-3614.99 Final Amt :1943.6 Days :236 Avg Daily Profit :-0.011 %
Env #:0 Genome_id # :307 Fitness :68565.66 Final Amt :2717.0 Days :236 Avg Daily Profit :0.153 %
Env #:0 Genome_id # :308 Fitness :-89333.86 Final Amt :2022.98 Days :236 Avg Daily Profit :0.025 %
Env #:0 Genome_id # :312 Fitness :26480.97 Final Amt :2360.2 Days :236 Avg Daily Profit :0.099 %
Env #:0 Genome_id # :313 Fitness :73701.04 Final Amt :2589.9 Days :236 Avg Daily Profit :0.135 %
Env #:0 Genome_id # :1042 Fitness :178218.45 Final Amt :2370.08 Days :236 Avg Daily Profit :0.094 %
Env #:0 Genome_id # :280 Fitness :166249.36 Final Amt :3093.84 Days :236 Avg Daily Profit :0.208 %
Env #:0 Genome_id # :321 Fitness :33465.52 Final Amt :1904.14 Days :236 Avg Daily Profit :-0.005 %
Env #:0 Genome_id # :322 Fitness :67595.5 Final Amt :2663.91 Days :236 Avg Daily Profit :0.15 %
Env #:0 Genome_id # :326 Fitness :-137298.38 Final Amt :1415.33 Days :236 Avg Daily Profit :-0.129 %
Env #:0 Genome_id # :327 Fitness :39849.43 Final Amt :2414.66 Days :236 Avg Daily Profit :0.103 %
Env #:0 Genome_id # :280 Fitness :166249.36 Final Amt :3093.84 Days :236 Avg Daily Profit :0.208 %
Env #:0 Genome_id # :330 Fitness :97589.01 Final Amt :2518.37 Days :236 Avg Daily Profit :0.126 %
Env #:0 Genome_id # :335 Fitness :137253.55 Final Amt :5105.36 Days :236 Avg Daily Profit :0.419 %
Env #:0 Genome_id # :336 Fitness :110705.36 Final Amt :2225.49 Days :236 Avg Daily Profit :0.063 %
Env #:0 Genome_id # :340 Fitness :-91161.0 Final Amt :1516.48 Days :236 Avg Daily Profit :-0.099 %
Env #:0 Genome_id # :341 Fitness :56211.62 Final Amt :2666.81 Days :236 Avg Daily Profit :0.152 %
Env #:0 Genome_id # :343 Fitness :-47671.11 Final Amt :1508.35 Days :236 Avg Daily Profit :-0.095 %
Env #:0 Genome_id # :344 Fitness :-40177.61 Final Amt :1511.92 Days :236 Avg Daily Profit :-0.093 %
Env #:0 Genome_id # :349 Fitness :-84787.14 Final Amt :1416.8 Days :236 Avg Daily Profit :-0.121 %
Env #:0 Genome_id # :350 Fitness :-72822.27 Final Amt :982.0 Days :236 Avg Daily Profit :-0.283 %
Env #:0 Genome_id # :354 Fitness :40540.26 Final Amt :2304.44 Days :236 Avg Daily Profit :0.083 %
Env #:0 Genome_id # :355 Fitness :-32780.23 Final Amt :1465.33 Days :236 Avg Daily Profit :-0.105 %
Env #:0 Genome_id # :359 Fitness :-203875.69 Final Amt :1872.91 Days :236 Avg Daily Profit :-0.012 %
Env #:0 Genome_id # :360 Fitness :35858.16 Final Amt :2873.55 Days :236 Avg Daily Profit :0.179 %
Env #:0 Genome_id # :363 Fitness :2501.74 Final Amt :1849.38 Days :236 Avg Daily Profit :-0.01 %
Env #:0 Genome_id # :364 Fitness :-35202.88 Final Amt :2894.91 Days :236 Avg Daily Profit :0.181 %
Env #:0 Genome_id # :368 Fitness :-410.06 Final Amt :1992.57 Days :236 Avg Daily Profit :-0.002 %
Env #:0 Genome_id # :369 Fitness :-5008.56 Final Amt :2486.14 Days :236 Avg Daily Profit :0.116 %
Env #:0 Genome_id # :370 Fitness :-73006.19 Final Amt :1315.5 Days :236 Avg Daily Profit :-0.153 %
Env #:0 Genome_id # :371 Fitness :-83466.36 Final Amt :902.2 Days :236 Avg Daily Profit :-0.318 %
Env #:0 Genome_id # :377 Fitness :157945.25 Final Amt :3382.49 Days :236 Avg Daily Profit :0.249 %
Env #:0 Genome_id # :378 Fitness :114698.95 Final Amt :3665.48 Days :236 Avg Daily Profit :0.275 %
Env #:0 Genome_id # :382 Fitness :51230.37 Final Amt :2553.84 Days :236 Avg Daily Profit :0.127 %
Env #:0 Genome_id # :383 Fitness :59713.22 Final Amt :2891.36 Days :236 Avg Daily Profit :0.183 %
Env #:0 Genome_id # :280 Fitness :166249.36 Final Amt :3093.84 Days :236 Avg Daily Profit :0.208 %
Env #:0 Genome_id # :386 Fitness :57349.16 Final Amt :3419.74 Days :236 Avg Daily Profit :0.254 %
Env #:0 Genome_id # :365 Fitness :207498.36 Final Amt :3224.5 Days :236 Avg Daily Profit :0.223 %
Env #:0 Genome_id # :255 Fitness :205814.19 Final Amt :2747.63 Days :236 Avg Daily Profit :0.163 %
Env #:0 Genome_id # :400 Fitness :80934.75 Final Amt :2732.54 Days :236 Avg Daily Profit :0.159 %
Env #:0 Genome_id # :171 Fitness :254853.87 Final Amt :3065.94 Days :236 Avg Daily Profit :0.203 %

Env #:0 Genome_id # :234 Fitness :-53331.77 Final Amt :1880.85 Days :236 Avg Daily Profit :-0.011 %
Env #:0 Genome_id # :237 Fitness :-95313.12 Final Amt :1296.4 Days :236 Avg Daily Profit :-0.159 %
Env #:0 Genome_id # :238 Fitness :9635.26 Final Amt :5410.25 Days :236 Avg Daily Profit :0.44 %
Env #:0 Genome_id # :242 Fitness :53223.8 Final Amt :2749.88 Days :236 Avg Daily Profit :0.164 %
Env #:0 Genome_id # :243 Fitness :-63901.27 Final Amt :1323.82 Days :236 Avg Daily Profit :-0.161 %
Env #:0 Genome_id # :244 Fitness :91875.31 Final Amt :2604.48 Days :236 Avg Daily Profit :0.137 %
Env #:0 Genome_id # :245 Fitness :-41559.88 Final Amt :818.19 Days :236 Avg Daily Profit :-0.358 %
Env #:0 Genome_id # :249 Fitness :76784.0 Final Amt :2922.8 Days :236 Avg Daily Profit :0.18 %
Env #:0 Genome_id # :250 Fitness :-31421.06 Final Amt :1574.33 Days :236 Avg Daily Profit :-0.083 %
Env #:0 Genome_id # :254 Fitness :52834.52 Final Amt :2940.34 Days :236 Avg Daily Profit :0.187 %
Env #:0 Genome_id # :255 Fitness :205814.19 Final Amt :2747.63 Days :236 Avg Daily Profit :0.163 %
Env #:0 Genome_id # :260 Fitness :412.06 Final Amt :2007.43 Days :236 Avg Daily Profit :0.002 %
Env #:0 Genome_id # :171 Fitness :254853.87 Final Amt :3065.94 Days :236 Avg Daily Profit :0.203 %
Env #:0 Genome_id # :265 Fitness :-55064.26 Final Amt :1363.6 Days :236 Avg Daily Profit :-0.138 %
Env #:0 Genome_id # :266 Fitness :11008.81 Final Amt :1910.89 Days :236 Avg Daily Profit :0.009 %
Env #:0 Genome_id # :270 Fitness :-13205.73 Final Amt :1525.24 Days :236 Avg Daily Profit :-0.1 %
Env #:0 Genome_id # :271 Fitness :71818.48 Final Amt :3726.79 Days :236 Avg Daily Profit :0.285 %
Env #:0 Genome_id # :171 Fitness :254853.87 Final Amt :3065.94 Days :236 Avg Daily Profit :0.203 %
Env #:0 Genome_id # :1042 Fitness :178218.45 Final Amt :2370.08 Days :236 Avg Daily Profit :0.094 %
Env #:0 Genome_id # :279 Fitness :-30289.65 Final Amt :1773.31 Days :236 Avg Daily Profit :-0.035 %
Env #:0 Genome_id # :280 Fitness :166249.36 Final Amt :3093.84 Days :236 Avg Daily Profit :0.208 %
Env #:0 Genome_id # :284 Fitness :0.0 Final Amt :2000.0 Days :236 Avg Daily Profit :0.0 %
Env #:0 Genome_id # :285 Fitness :-74350.01 Final Amt :1333.73 Days :236 Avg Daily Profit :-0.146 %
Env #:0 Genome_id # :286 Fitness :-34943.62 Final Amt :1486.97 Days :236 Avg Daily Profit :-0.103 %
Env #:0 Genome_id # :287 Fitness :76740.48 Final Amt :2679.81 Days :236 Avg Daily Profit :0.151 %
Env #:0 Genome_id # :291 Fitness :65750.71 Final Amt :2561.92 Days :236 Avg Daily Profit :0.132 %
Env #:0 Genome_id # :292 Fitness :-110728.54 Final Amt :3053.38 Days :236 Avg Daily Profit :0.202 %
Env #:0 Genome_id # :296 Fitness :39560.44 Final Amt :2270.47 Days :236 Avg Daily Profit :0.075 %
Env #:0 Genome_id # :297 Fitness :63458.38 Final Amt :2504.65 Days :236 Avg Daily Profit :0.121 %
Env #:0 Genome_id # :280 Fitness :166249.36 Final Amt :3093.84 Days :236 Avg Daily Profit :0.208 %
Env #:0 Genome_id # :302 Fitness :38105.24 Final Amt :3253.23 Days :236 Avg Daily Profit :0.229 %
Env #:0 Genome_id # :255 Fitness :205814.19 Final Amt :2747.63 Days :236 Avg Daily Profit :0.163 %
Env #:0 Genome_id # :175 Fitness :196803.69 Final Amt :2885.3 Days :236 Avg Daily Profit :0.179 %
Env #:0 Genome_id # :316 Fitness :-22732.08 Final Amt :1704.69 Days :236 Avg Daily Profit :-0.065 %
Env #:0 Genome_id # :171 Fitness :254853.87 Final Amt :3065.94 Days :236 Avg Daily Profit :0.203 %
Env #:0 Genome_id # :319 Fitness :28573.29 Final Amt :2206.83 Days :236 Avg Daily Profit :0.067 %
Env #:0 Genome_id # :320 Fitness :-728.99 Final Amt :1989.59 Days :236 Avg Daily Profit :-0.002 %
Env #:0 Genome_id # :324 Fitness :36100.57 Final Amt :2444.05 Days :236 Avg Daily Profit :0.116 %
Env #:0 Genome_id # :325 Fitness :10256.55 Final Amt :2080.31 Days :236 Avg Daily Profit :0.036 %
Env #:0 Genome_id # :328 Fitness :-50205.2 Final Amt :1301.9 Days :236 Avg Daily Profit :-0.162 %
Env #:0 Genome_id # :329 Fitness :84359.69 Final Amt :2690.81 Days :236 Avg Daily Profit :0.149 %
Env #:0 Genome_id # :255 Fitness :205814.19 Final Amt :2747.63 Days :236 Avg Daily Profit :0.163 %
Env #:0 Genome_id # :175 Fitness :196803.69 Final Amt :2885.3 Days :236 Avg Daily Profit :0.179 %
Env #:0 Genome_id # :345 Fitness :42373.81 Final Amt :2021.68 Days :236 Avg Daily Profit :0.033 %
Env #:0 Genome_id # :346 Fitness :-70926.28 Final Amt :1302.99 Days :236 Avg Daily Profit :-0.164 %
Env #:0 Genome_id # :135 Fitness :195331.06 Final Amt :2608.51 Days :236 Avg Daily Profit :0.137 %
Env #:0 Genome_id # :351 Fitness :10957.65 Final Amt :1865.74 Days :236 Avg Daily Profit :-0.015 %
Env #:0 Genome_id # :280 Fitness :166249.36 Final Amt :3093.84 Days :236 Avg Daily Profit :0.208 %
Env #:0 Genome_id # :358 Fitness :-72273.72 Final Amt :1194.41 Days :236 Avg Daily Profit :-0.203 %
Env #:0 Genome_id # :135 Fitness :195331.06 Final Amt :2608.51 Days :236 Avg Daily Profit :0.137 %
Env #:0 Genome_id # :365 Fitness :207498.36 Final Amt :3224.5 Days :236 Avg Daily Profit :0.223 %
Env #:0 Genome_id # :373 Fitness :-21249.95 Final Amt :1445.68 Days :236 Avg Daily Profit :-0.118 %
Env #:0 Genome_id # :374 Fitness :-10678.18 Final Amt :1880.55 Days :236 Avg Daily Profit :-0.021 %
Env #:0 Genome_id # :375 Fitness :-154953.34 Final Amt :1239.14 Days :236 Avg Daily Profit :-0.184 %
Env #:0 Genome_id # :376 Fitness :74413.25 Final Amt :3417.49 Days :236 Avg Daily Profit :0.254 %
Env #:0 Genome_id # :380 Fitness :128417.23 Final Amt :2673.72 Days :236 Avg Daily Profit :0.148 %
Env #:0 Genome_id # :381 Fitness :-27002.76 Final Amt :1327.64 Days :236 Avg Daily Profit :-0.147 %
Env #:0 Genome_id # :384 Fitness :124110.97 Final Amt :2813.13 Days :236 Avg Daily Profit :0.17 %
Env #:0 Genome_id # :385 Fitness :-63981.27 Final Amt :1297.64 Days :236 Avg Daily Profit :-0.163 %
Env #:0 Genome_id # :391 Fitness :-29433.08 Final Amt :1480.6 Days :236 Avg Daily Profit :-0.101 %
Env #:0 Genome_id # :392 Fitness :106216.96 Final Amt :4081.24 Days :236 Avg Daily Profit :0.324 %
Env #:0 Genome_id # :394 Fitness :5022.68 Final Amt :2061.79 Days :236 Avg Daily Profit :0.013 %
Env #:0 Genome_id # :395 Fitness :43746.73 Final Amt :2395.46 Days :236 Avg Daily Profit :0.095 %
Env #:0 Genome_id # :398 Fitness :162500.0 Final Amt :2054.17 Days :236 Avg Daily Profit :0.036 %
Env #:0 Genome_id # :399 Fitness :-49274.55 Final Amt :1402.15 Days :236 Avg Daily Profit :-0.137 %
Env #:0 Genome_id # :403 Fitness :150625.18 Final Amt :2812.92 Days :236 Avg Daily Profit :0.169 %
Env #:0 Genome_id # :404 Fitness :7357.82 Final Amt :1617.25 Days :236 Avg Daily Profit :-0.073 %

Env #:0 Genome_id # :175 Fitness :196803.69 Final Amt :2885.3 Days :236 Avg Daily Profit :0.179 %
Env #:0 Genome_id # :135 Fitness :195331.06 Final Amt :2608.51 Days :236 Avg Daily Profit :0.137 %
Env #:0 Genome_id # :216 Fitness :43549.62 Final Amt :2450.7 Days :236 Avg Daily Profit :0.104 %
Env #:0 Genome_id # :217 Fitness :-85413.89 Final Amt :1326.25 Days :236 Avg Daily Profit :-0.154 %
Env #:0 Genome_id # :175 Fitness :196803.69 Final Amt :2885.3 Days :236 Avg Daily Profit :0.179 %
Env #:0 Genome_id # :135 Fitness :195331.06 Final Amt :2608.51 Days :236 Avg Daily Profit :0.137 %
Env #:0 Genome_id # :1042 Fitness :178218.45 Final Amt :2370.08 Days :236 Avg Daily Profit :0.094 %
Env #:0 Genome_id # :20 Fitness :131628.91 Final Amt :2862.61 Days :236 Avg Daily Profit :0.173 %
Env #:0 Genome_id # :175 Fitness :196803.69 Final Amt :2885.3 Days :236 Avg Daily Profit :0.179 %
Env #:0 Genome_id # :135 Fitness :195331.06 Final Amt :2608.51 Days :236 Avg Daily Profit :0.137 %
Env #:0 Genome_id # :171 Fitness :254853.87 Final Amt :3065.94 Days :236 Avg Daily Profit :0.203 %
Env #:0 Genome_id # :1042 Fitness :178218.45 Final Amt :2370.08 Days :236 Avg Daily Profit :0.094 %
Env #:0 Genome_id # :175 Fitness :196803.69 Final Amt :2885.3 Days :236 Avg Daily Profit :0.179 %
Env #:0 Genome_id # :135 Fitness :195331.06 Final Amt :2608.51 Days :236 Avg Daily Profit :0.137 %
Env #:0 Genome_id # :261 Fitness :-83021.56 Final Amt :1658.05 Days :236 Avg Daily Profit :-0.062 %
Env #:0 Genome_id # :262 Fitness :-60894.78 Final Amt :1435.2 Days :236 Avg Daily Profit :-0.121 %
Env #:0 Genome_id # :255 Fitness :205814.19 Final Amt :2747.63 Days :236 Avg Daily Profit :0.163 %
Env #:0 Genome_id # :175 Fitness :196803.69 Final Amt :2885.3 Days :236 Avg Daily Profit :0.179 %
Env #:0 Genome_id # :272 Fitness :70883.99 Final Amt :3140.91 Days :236 Avg Daily Profit :0.218 %
Env #:0 Genome_id # :273 Fitness :88107.36 Final Amt :4090.52 Days :236 Avg Daily Profit :0.321 %
Env #:0 Genome_id # :277 Fitness :-36795.0 Final Amt :1620.32 Days :236 Avg Daily Profit :-0.072 %
Env #:0 Genome_id # :278 Fitness :122351.81 Final Amt :4861.82 Days :236 Avg Daily Profit :0.4 %
Env #:0 Genome_id # :282 Fitness :-110605.73 Final Amt :1496.56 Days :236 Avg Daily Profit :-0.106 %
Env #:0 Genome_id # :283 Fitness :-76567.45 Final Amt :1378.6 Days :236 Avg Daily Profit :-0.131 %
Env #:0 Genome_id # :288 Fitness :27744.76 Final Amt :2276.84 Days :236 Avg Daily Profit :0.065 %
Env #:0 Genome_id # :171 Fitness :254853.87 Final Amt :3065.94 Days :236 Avg Daily Profit :0.203 %
Env #:0 Genome_id # :293 Fitness :51015.21 Final Amt :2616.95 Days :236 Avg Daily Profit :0.139 %
Env #:0 Genome_id # :294 Fitness :89917.95 Final Amt :2225.43 Days :236 Avg Daily Profit :0.075 %
Env #:0 Genome_id # :298 Fitness :-33704.47 Final Amt :1473.34 Days :236 Avg Daily Profit :-0.102 %
Env #:0 Genome_id # :299 Fitness :0.0 Final Amt :2000.0 Days :236 Avg Daily Profit :0.0 %
Env #:0 Genome_id # :300 Fitness :6716.07 Final Amt :2075.4 Days :236 Avg Daily Profit :0.025 %
Env #:0 Genome_id # :301 Fitness :18309.4 Final Amt :2189.56 Days :236 Avg Daily Profit :0.056 %
Env #:0 Genome_id # :305 Fitness :67158.58 Final Amt :3340.23 Days :236 Avg Daily Profit :0.242 %
Env #:0 Genome_id # :306 Fitness :63677.69 Final Amt :2637.21 Days :236 Avg Daily Profit :0.141 %
Env #:0 Genome_id # :310 Fitness :-74397.49 Final Amt :1426.55 Days :236 Avg Daily Profit :-0.125 %
Env #:0 Genome_id # :311 Fitness :876.24 Final Amt :2027.55 Days :236 Avg Daily Profit :0.013 %
Env #:0 Genome_id # :314 Fitness :84503.98 Final Amt :2669.32 Days :236 Avg Daily Profit :0.148 %
Env #:0 Genome_id # :315 Fitness :77480.71 Final Amt :2748.11 Days :236 Avg Daily Profit :0.158 %
Env #:0 Genome_id # :255 Fitness :205814.19 Final Amt :2747.63 Days :236 Avg Daily Profit :0.163 %
Env #:0 Genome_id # :175 Fitness :196803.69 Final Amt :2885.3 Days :236 Avg Daily Profit :0.179 %
Env #:0 Genome_id # :171 Fitness :254853.87 Final Amt :3065.94 Days :236 Avg Daily Profit :0.203 %
Env #:0 Genome_id # :1042 Fitness :178218.45 Final Amt :2370.08 Days :236 Avg Daily Profit :0.094 %
Env #:0 Genome_id # :135 Fitness :195331.06 Final Amt :2608.51 Days :236 Avg Daily Profit :0.137 %
Env #:0 Genome_id # :337 Fitness :-38387.99 Final Amt :1462.74 Days :236 Avg Daily Profit :-0.111 %
Env #:0 Genome_id # :1042 Fitness :178218.45 Final Amt :2370.08 Days :236 Avg Daily Profit :0.094 %
Env #:0 Genome_id # :280 Fitness :166249.36 Final Amt :3093.84 Days :236 Avg Daily Profit :0.208 %
Env #
Total extinctions: 0
Generation time: 2219.661 sec (2396.867 average)
Saving checkpoint to neat-checkpoint-28

 ****** Running generation 29 ****** 

Population's average fitness: 79128.14800 stdev: 114263.48193
Best fitness: 254853.87400 - size: (8, 34) - species 2 - id 171
Average adjusted fitness: 0.545
Mean genetic distance 2.191, standard deviation 1.091
Population of 20 members in 2 species:
   ID   age  size  fitness  adj fit  stag
  ====  ===  ====  =======  =======  ====
     1   29    10  207498.4    0.543   -54
     2   29    10  254853.9    0.546    16
Total extinctions: 0
Generation time: 2194.050 sec (2380.084 average)
Saving checkpoint to neat-checkpoint-29
Key: 171
Fitness: 254853.87400000042
Nodes:
	0 DefaultNodeGene(key=0, bias=1.5912797653808237, response=1.1601501400047973, activation=relu, aggregation=mean)
	1 DefaultNodeGene(key=1, bias=-1.2613809920463968, response=1.2411349293567322, activation=relu, aggregation=median)
	2 DefaultNodeGene(key=2, bias=1.5900858233296453, response=1.0310447511196557, activation=relu, aggregation=mean)
	227 DefaultNodeGene(key=227, bias=1.9879285813132064, response=1.0556717343724742, activation=relu, aggregation=max)
	24 DefaultNodeGene(key=24, bias=1.402743202104162, response=0.9444928667010605, activation=relu, aggregation=median)
	42 DefaultNodeGene(key=42, bias=1.4261440941974979, response=0.7855870317890579, activation=relu, aggregation=maxabs)
	363 DefaultNodeGene(key=363, bias=0.042822220617720896, response=1.1002041170762544, activation=relu, aggregation=mean)
	63 DefaultNodeGene(key=63, bias=-0.8327861809409023, response=1.723816079143068, activation=relu, aggregation=mean)
Connections:
	DefaultConnectionGene(key=(-34, 2), weight=-0.34065075178887333, enabled=True)
	DefaultConnectionGene(key=(-33, 1), weight=-0.30392424422903275, enabled=False)
	DefaultConnectionGene(key=(-33, 2), weight=0.031278106424611485, enabled=False)
	DefaultConnectionGene(key=(-32, 2), weight=1.6124484629953377, enabled=False)
	DefaultConnectionGene(key=(-31, 0), weight=0.01042353264942597, enabled=True)
	DefaultConnectionGene(key=(-31, 2), weight=1.175387256879353, enabled=False)
	DefaultConnectionGene(key=(-30, 2), weight=1.0397870615265734, enabled=True)
	DefaultConnectionGene(key=(-28, 0), weight=-1.0121912369276553, enabled=False)
	DefaultConnectionGene(key=(-28, 227), weight=2.048537754443095, enabled=True)
	DefaultConnectionGene(key=(-27, 2), weight=0.805463248165623, enabled=True)
	DefaultConnectionGene(key=(-26, 0), weight=-1.9537181974744466, enabled=False)
	DefaultConnectionGene(key=(-26, 1), weight=0.9988713435811507, enabled=True)
	DefaultConnectionGene(key=(-26, 2), weight=1.4235676052964166, enabled=True)
	DefaultConnectionGene(key=(-26, 63), weight=3.2488999720929965, enabled=True)
	DefaultConnectionGene(key=(-25, 2), weight=0.5057588168441391, enabled=False)
	DefaultConnectionGene(key=(-24, 0), weight=-1.7519721553261625, enabled=False)
	DefaultConnectionGene(key=(-24, 1), weight=-0.6051930406951481, enabled=True)
	DefaultConnectionGene(key=(-23, 0), weight=-1.5887571105138178, enabled=True)
	DefaultConnectionGene(key=(-23, 2), weight=0.7166883925516214, enabled=False)
	DefaultConnectionGene(key=(-22, 1), weight=1.5012155578911992, enabled=True)
	DefaultConnectionGene(key=(-22, 2), weight=2.011578250708067, enabled=True)
	DefaultConnectionGene(key=(-21, 0), weight=0.9685362683422324, enabled=False)
	DefaultConnectionGene(key=(-20, 1), weight=1.6305561304303209, enabled=True)
	DefaultConnectionGene(key=(-19, 0), weight=0.5834881115645929, enabled=False)
	DefaultConnectionGene(key=(-19, 2), weight=0.5406077179752805, enabled=True)
	DefaultConnectionGene(key=(-18, 0), weight=-1.8525683151142245, enabled=False)
	DefaultConnectionGene(key=(-18, 1), weight=-1.1553291684287732, enabled=False)
	DefaultConnectionGene(key=(-18, 42), weight=1.4983054652880108, enabled=False)
	DefaultConnectionGene(key=(-17, 2), weight=1.1339454845970167, enabled=False)
	DefaultConnectionGene(key=(-16, 0), weight=-2.065885019319354, enabled=False)
	DefaultConnectionGene(key=(-16, 1), weight=-1.067331446374003, enabled=False)
	DefaultConnectionGene(key=(-15, 0), weight=-0.5190709418604966, enabled=False)
	DefaultConnectionGene(key=(-15, 2), weight=3.840596101084925, enabled=True)
	DefaultConnectionGene(key=(-14, 1), weight=1.1274835511912986, enabled=False)
	DefaultConnectionGene(key=(-14, 2), weight=0.4346404106161366, enabled=True)
	DefaultConnectionGene(key=(-13, 0), weight=-2.012360582510844, enabled=True)
	DefaultConnectionGene(key=(-13, 1), weight=0.6575498000921702, enabled=True)
	DefaultConnectionGene(key=(-13, 2), weight=0.9124526622685571, enabled=True)
	DefaultConnectionGene(key=(-12, 1), weight=2.2975755999970793, enabled=False)
	DefaultConnectionGene(key=(-12, 2), weight=2.8011486653799076, enabled=False)
	DefaultConnectionGene(key=(-11, 1), weight=-0.39979500178550537, enabled=False)
	DefaultConnectionGene(key=(-11, 24), weight=-0.04230280837745032, enabled=True)
	DefaultConnectionGene(key=(-10, 63), weight=-0.7457210248316534, enabled=True)
	DefaultConnectionGene(key=(-8, 1), weight=-0.20050516257885917, enabled=False)
	DefaultConnectionGene(key=(-7, 0), weight=-0.681369784052862, enabled=False)
	DefaultConnectionGene(key=(-7, 2), weight=0.6724862276555021, enabled=True)
	DefaultConnectionGene(key=(-7, 42), weight=-0.07998611088413912, enabled=True)
	DefaultConnectionGene(key=(-6, 2), weight=1.4169300484818694, enabled=True)
	DefaultConnectionGene(key=(-5, 1), weight=0.7991272290055308, enabled=False)
	DefaultConnectionGene(key=(-4, 1), weight=2.325341754900939, enabled=False)
	DefaultConnectionGene(key=(-4, 24), weight=-0.9369518533554312, enabled=True)
	DefaultConnectionGene(key=(-4, 363), weight=0.5699305126816071, enabled=False)
	DefaultConnectionGene(key=(-3, 0), weight=1.4999324021765956, enabled=True)
	DefaultConnectionGene(key=(-3, 1), weight=1.8013583193442386, enabled=True)
	DefaultConnectionGene(key=(-3, 2), weight=2.717820361843141, enabled=False)
	DefaultConnectionGene(key=(-2, 2), weight=-0.04584635439152651, enabled=True)
	DefaultConnectionGene(key=(-1, 0), weight=0.40037260036581646, enabled=True)
	DefaultConnectionGene(key=(-1, 2), weight=-2.697278754371015, enabled=True)
	DefaultConnectionGene(key=(1, 1), weight=0.6874649345310104, enabled=True)
	DefaultConnectionGene(key=(24, 0), weight=-0.10484784538423933, enabled=True)
	DefaultConnectionGene(key=(24, 1), weight=1.0423769151986326, enabled=True)
	DefaultConnectionGene(key=(42, 0), weight=-0.4990810143694, enabled=False)
	DefaultConnectionGene(key=(63, 1), weight=1.0721105098864718, enabled=False)
	DefaultConnectionGene(key=(227, 0), weight=-0.7032319013349887, enabled=False)
	DefaultConnectionGene(key=(363, 1), weight=-0.5185508503028647, enabled=True)
