Reporter!

 ****** Running generation 0 ****** 

Population's average fitness: 12030.86755 stdev: 98712.25432
Best fitness: 231962.45700 - size: (8, 27) - species 2 - id 1042
Average adjusted fitness: 0.529
Mean genetic distance 2.172, standard deviation 0.914
Population of 20 members in 2 species:
   ID   age  size  fitness  adj fit  stag
  ====  ===  ====  =======  =======  ====
     1    0     8  127073.1    0.492   -83
     2    0    12  231962.5    0.567     0
Total extinctions: 0
Generation time: 662.320 sec

 ****** Running generation 1 ****** 

Population's average fitness: 37456.87680 stdev: 64829.46225
Best fitness: 231962.45700 - size: (8, 27) - species 2 - id 1042
Average adjusted fitness: 0.261
Mean genetic distance 2.184, standard deviation 1.023
Population of 20 members in 2 species:
   ID   age  size  fitness  adj fit  stag
  ====  ===  ====  =======  =======  ====
     1    1     9  127073.1    0.216   -82
     2    1    11  231962.5    0.306     1
Total extinctions: 0
Generation time: 655.756 sec (659.038 average)

 ****** Running generation 2 ****** 

Population's average fitness: 44144.42045 stdev: 74050.98450
Best fitness: 231962.45700 - size: (8, 27) - species 2 - id 1042
Average adjusted fitness: 0.437
Mean genetic distance 2.344, standard deviation 0.881
Population of 20 members in 2 species:
   ID   age  size  fitness  adj fit  stag
  ====  ===  ====  =======  =======  ====
     1    2    10  127073.1    0.411   -81
     2    2    10  231962.5    0.463     2
Total extinctions: 0
Generation time: 592.281 sec (636.786 average)

 ****** Running generation 3 ****** 

Population's average fitness: 63751.66125 stdev: 76737.31735
Best fitness: 231962.45700 - size: (8, 27) - species 2 - id 1042
Average adjusted fitness: 0.427
Mean genetic distance 2.353, standard deviation 0.883
Population of 20 members in 2 species:
   ID   age  size  fitness  adj fit  stag
  ====  ===  ====  =======  =======  ====
     1    3     9  127073.1    0.328   -80
     2    3    11  231962.5    0.525     3
Total extinctions: 0
Generation time: 634.459 sec (636.204 average)

 ****** Running generation 4 ****** 

Population's average fitness: 57964.12950 stdev: 81634.26021
Best fitness: 231962.45700 - size: (8, 27) - species 2 - id 1042
Average adjusted fitness: 0.460
Mean genetic distance 2.272, standard deviation 0.973
Population of 20 members in 2 species:
   ID   age  size  fitness  adj fit  stag
  ====  ===  ====  =======  =======  ====
     1    4     8  127073.1    0.412   -79
     2    4    12  231962.5    0.508     4
Total extinctions: 0
Generation time: 619.597 sec (632.883 average)

 ****** Running generation 5 ****** 

Population's average fitness: 66134.21710 stdev: 96017.57333
Best fitness: 231962.45700 - size: (8, 27) - species 2 - id 1042
Average adjusted fitness: 0.493
Mean genetic distance 2.318, standard deviation 0.927
Population of 20 members in 2 species:
   ID   age  size  fitness  adj fit  stag
  ====  ===  ====  =======  =======  ====
     1    5     9  127073.1    0.414   -78
     2    5    11  231962.5    0.572     5
Total extinctions: 0
Generation time: 677.754 sec (640.361 average)

 ****** Running generation 6 ****** 

Population's average fitness: 40408.67170 stdev: 107429.59779
Best fitness: 231962.45700 - size: (8, 27) - species 2 - id 1042
Average adjusted fitness: 0.494
Mean genetic distance 2.264, standard deviation 1.016
Population of 20 members in 2 species:
   ID   age  size  fitness  adj fit  stag
  ====  ===  ====  =======  =======  ====
     1    6    10  147381.6    0.489   -77
     2    6    10  231962.5    0.500     6
Total extinctions: 0
Generation time: 740.449 sec (654.659 average)

 ****** Running generation 7 ****** 

Population's average fitness: 60856.39580 stdev: 93833.33487
Best fitness: 231962.45700 - size: (8, 27) - species 2 - id 1042
Average adjusted fitness: 0.463
Mean genetic distance 2.319, standard deviation 0.990
Population of 20 members in 2 species:
   ID   age  size  fitness  adj fit  stag
  ====  ===  ====  =======  =======  ====
     1    7     9  147381.6    0.384   -76
     2    7    11  231962.5    0.542     7
Total extinctions: 0
Generation time: 744.722 sec (665.917 average)

 ****** Running generation 8 ****** 

Population's average fitness: 63935.45425 stdev: 84486.68040
Best fitness: 231962.45700 - size: (8, 27) - species 2 - id 1042
Average adjusted fitness: 0.439
Mean genetic distance 2.197, standard deviation 1.056
Population of 20 members in 2 species:
   ID   age  size  fitness  adj fit  stag
  ====  ===  ====  =======  =======  ====
     1    8     8  147381.6    0.369   -75
     2    8    12  231962.5    0.509     8
Total extinctions: 0
Generation time: 738.690 sec (674.003 average)

 ****** Running generation 9 ****** 

Population's average fitness: 55657.67340 stdev: 86247.90271
Best fitness: 231962.45700 - size: (8, 27) - species 2 - id 1042
Average adjusted fitness: 0.415
Mean genetic distance 2.359, standard deviation 0.935
Population of 20 members in 2 species:
   ID   age  size  fitness  adj fit  stag
  ====  ===  ====  =======  =======  ====
     1    9     9  147381.6    0.418   -74
     2    9    11  231962.5    0.413     9
Total extinctions: 0
Generation time: 641.726 sec (670.775 average)

 ****** Running generation 10 ****** 

Population's average fitness: 48214.42070 stdev: 94895.80876
Best fitness: 231962.45700 - size: (8, 27) - species 2 - id 1042
Average adjusted fitness: 0.417
Mean genetic distance 2.306, standard deviation 0.982
Population of 20 members in 2 species:
   ID   age  size  fitness  adj fit  stag
  ====  ===  ====  =======  =======  ====
     1   10    10  147381.6    0.389   -73
     2   10    10  231962.5    0.445    10
Total extinctions: 0
Generation time: 593.783 sec (663.922 average)

 ****** Running generation 11 ****** 

Population's average fitness: 48645.59410 stdev: 98219.09567
Best fitness: 231962.45700 - size: (8, 27) - species 2 - id 1042
Average adjusted fitness: 0.516
Mean genetic distance 2.359, standard deviation 0.961
Population of 20 members in 2 species:
   ID   age  size  fitness  adj fit  stag
  ====  ===  ====  =======  =======  ====
     1   11     9  147381.6    0.493   -72
     2   11    11  231962.5    0.539    11
Total extinctions: 0
Generation time: 600.411 sec (658.387 average)

 ****** Running generation 12 ****** 

Population's average fitness: 57552.88250 stdev: 85779.86729
Best fitness: 231962.45700 - size: (8, 27) - species 2 - id 1042
Average adjusted fitness: 0.381
Mean genetic distance 2.295, standard deviation 1.019
Population of 20 members in 2 species:
   ID   age  size  fitness  adj fit  stag
  ====  ===  ====  =======  =======  ====
     1   12    10  147381.6    0.380   -71
     2   12    10  231962.5    0.381    12
Total extinctions: 0
Generation time: 553.776 sec (654.537 average)

 ****** Running generation 13 ****** 

Population's average fitness: 53017.80085 stdev: 93875.81425
Best fitness: 231962.45700 - size: (8, 27) - species 2 - id 1042
Average adjusted fitness: 0.460
Mean genetic distance 2.290, standard deviation 1.017
Population of 20 members in 2 species:
   ID   age  size  fitness  adj fit  stag
  ====  ===  ====  =======  =======  ====
     1   13     9  147381.6    0.434   -70
     2   13    11  231962.5    0.485    13
Total extinctions: 0
Generation time: 566.812 sec (647.772 average)

 ****** Running generation 14 ****** 

Population's average fitness: 53787.30365 stdev: 92073.59456
Best fitness: 231962.45700 - size: (8, 27) - species 2 - id 1042
Average adjusted fitness: 0.476
Mean genetic distance 2.304, standard deviation 0.951
Population of 20 members in 2 species:
   ID   age  size  fitness  adj fit  stag
  ====  ===  ====  =======  =======  ====
     1   14    10  147381.6    0.452   -69
     2   14    10  231962.5    0.500    14
Total extinctions: 0
Generation time: 563.980 sec (642.210 average)

 ****** Running generation 15 ****** 

Population's average fitness: 55904.65705 stdev: 90861.53445
Best fitness: 231962.45700 - size: (8, 27) - species 2 - id 1042
Average adjusted fitness: 0.474
Mean genetic distance 2.326, standard deviation 0.965
Population of 20 members in 2 species:
   ID   age  size  fitness  adj fit  stag
  ====  ===  ====  =======  =======  ====
     1   15     9  147381.6    0.467   -68
     2   15    11  231962.5    0.481    15
Total extinctions: 0
Generation time: 607.083 sec (635.143 average)

 ****** Running generation 16 ****** 

Population's average fitness: 72273.34825 stdev: 89703.57196
Best fitness: 246499.14900 - size: (7, 28) - species 1 - id 213
Average adjusted fitness: 0.368
Mean genetic distance 2.300, standard deviation 0.983
Population of 20 members in 2 species:
   ID   age  size  fitness  adj fit  stag
  ====  ===  ====  =======  =======  ====
     1   16    10  246499.1    0.384     0
     2   16    10  231962.5    0.352    16
Total extinctions: 0
Generation time: 612.128 sec (622.311 average)

 ****** Running generation 17 ****** 

Population's average fitness: 69626.67845 stdev: 104490.80386
Best fitness: 246499.14900 - size: (7, 28) - species 1 - id 213
Average adjusted fitness: 0.488
Mean genetic distance 2.285, standard deviation 0.882
Population of 20 members in 2 species:
   ID   age  size  fitness  adj fit  stag
  ====  ===  ====  =======  =======  ====
     1   17    11  246499.1    0.503     1
     2   17     9  231962.5    0.473    17
Total extinctions: 0
Generation time: 678.462 sec (615.685 average)

 ****** Running generation 18 ****** 

Population's average fitness: 67984.42560 stdev: 115363.07819
Best fitness: 246499.14900 - size: (7, 28) - species 1 - id 213
Average adjusted fitness: 0.448
Mean genetic distance 2.049, standard deviation 1.097
Population of 20 members in 2 species:
   ID   age  size  fitness  adj fit  stag
  ====  ===  ====  =======  =======  ====
     1   18    10  246499.1    0.466     2
     2   18    10  231962.5    0.431    18
Total extinctions: 0
Generation time: 654.530 sec (607.269 average)

 ****** Running generation 19 ****** 

Population's average fitness: 64256.84605 stdev: 116297.03175
Best fitness: 246499.14900 - size: (7, 28) - species 1 - id 213
Average adjusted fitness: 0.538
Mean genetic distance 2.027, standard deviation 1.072
Population of 20 members in 2 species:
   ID   age  size  fitness  adj fit  stag
  ====  ===  ====  =======  =======  ====
     1   19    11  246499.1    0.544     3
     2   19     9  231962.5    0.531    19
Total extinctions: 0
Generation time: 693.441 sec (612.441 average)

 ****** Running generation 20 ****** 

Population's average fitness: 73172.84130 stdev: 114924.17925
Best fitness: 251897.03700 - size: (7, 28) - species 1 - id 274
Average adjusted fitness: 0.498
Mean genetic distance 2.051, standard deviation 1.070
Population of 20 members in 2 species:
   ID   age  size  fitness  adj fit  stag
  ====  ===  ====  =======  =======  ====
     1   20    10  251897.0    0.500     0
     2   20    10  231962.5    0.496    20
Total extinctions: 0
Generation time: 693.322 sec (622.395 average)

 ****** Running generation 21 ****** 

Population's average fitness: 81063.40140 stdev: 123362.41485
Best fitness: 262848.90700 - size: (8, 32) - species 2 - id 286
Average adjusted fitness: 0.531
Mean genetic distance 2.004, standard deviation 1.047
Population of 20 members in 2 species:
   ID   age  size  fitness  adj fit  stag
  ====  ===  ====  =======  =======  ====
     1   21     9  251897.0    0.509     1
     2   21    11  262848.9    0.553     0
Total extinctions: 0
Generation time: 721.683 sec (634.522 average)

 ****** Running generation 22 ****** 

Population's average fitness: 116101.98930 stdev: 137042.96170
Best fitness: 320773.82100 - size: (9, 32) - species 2 - id 301
Average adjusted fitness: 0.526
Mean genetic distance 1.960, standard deviation 0.991
Population of 20 members in 2 species:
   ID   age  size  fitness  adj fit  stag
  ====  ===  ====  =======  =======  ====
     1   22     8  251897.0    0.427     2
     2   22    12  320773.8    0.624     0
Total extinctions: 0
Generation time: 704.917 sec (649.636 average)

 ****** Running generation 23 ****** 

Population's average fitness: 110805.89525 stdev: 126839.28545
Best fitness: 320773.82100 - size: (9, 32) - species 2 - id 301
Average adjusted fitness: 0.413
Mean genetic distance 2.090, standard deviation 0.976
Population of 20 members in 2 species:
   ID   age  size  fitness  adj fit  stag
  ====  ===  ====  =======  =======  ====
     1   23     9  251897.0    0.364     3
     2   23    11  320773.8    0.461     1
Total extinctions: 0
Generation time: 685.811 sec (661.536 average)

 ****** Running generation 24 ****** 

Population's average fitness: 87830.49815 stdev: 136944.39252
Best fitness: 320773.82100 - size: (9, 32) - species 2 - id 301
Average adjusted fitness: 0.426
Mean genetic distance 2.081, standard deviation 0.959
Population of 20 members in 2 species:
   ID   age  size  fitness  adj fit  stag
  ====  ===  ====  =======  =======  ====
     1   24    10  251897.0    0.499     4
     2   24    10  320773.8    0.353     2
Total extinctions: 0
Generation time: 666.887 sec (671.826 average)

 ****** Running generation 25 ****** 

Population's average fitness: 102834.62045 stdev: 123985.74623
Best fitness: 320773.82100 - size: (9, 32) - species 2 - id 301
Average adjusted fitness: 0.458
Mean genetic distance 2.032, standard deviation 1.013
Population of 20 members in 2 species:
   ID   age  size  fitness  adj fit  stag
  ====  ===  ====  =======  =======  ====
     1   25     9  251897.0    0.455     5
     2   25    11  320773.8    0.461     3
Total extinctions: 0
Generation time: 612.489 sec (672.367 average)

 ****** Running generation 26 ****** 

Population's average fitness: 126052.78065 stdev: 127048.56844
Best fitness: 320773.82100 - size: (9, 32) - species 2 - id 301
Average adjusted fitness: 0.508
Mean genetic distance 2.042, standard deviation 0.985
Population of 20 members in 2 species:
   ID   age  size  fitness  adj fit  stag
  ====  ===  ====  =======  =======  ====
     1   26    10  251897.0    0.468     6
     2   26    10  320773.8    0.548     4
Total extinctions: 0
Generation time: 438.583 sec (655.013 average)

 ****** Running generation 27 ****** 

Population's average fitness: 84552.09530 stdev: 143236.14214
Best fitness: 320773.82100 - size: (9, 32) - species 2 - id 301
Average adjusted fitness: 0.462
Mean genetic distance 2.126, standard deviation 0.956
Population of 20 members in 2 species:
   ID   age  size  fitness  adj fit  stag
  ====  ===  ====  =======  =======  ====
     1   27     9  251897.0    0.428     7
     2   27    11  320773.8    0.496     5
Total extinctions: 0
Generation time: 534.374 sec (640.604 average)

 ****** Running generation 28 ****** 

Population's average fitness: 56274.30315 stdev: 149175.30914
Best fitness: 320773.82100 - size: (9, 32) - species 2 - id 301
Average adjusted fitness: 0.458
Mean genetic distance 2.049, standard deviation 0.990
Population of 20 members in 2 species:
   ID   age  size  fitness  adj fit  stag
  ====  ===  ====  =======  =======  ====
     1   28    10  251897.0    0.498     8
     2   28    10  320773.8    0.419     6
Total extinctions: 0
Generation time: 432.184 sec (618.369 average)

 ****** Running generation 29 ****** 

Population's average fitness: 82773.72610 stdev: 135421.28745
Best fitness: 320773.82100 - size: (9, 32) - species 2 - id 301
Average adjusted fitness: 0.439
Mean genetic distance 2.039, standard deviation 0.996
Population of 20 members in 2 species:
   ID   age  size  fitness  adj fit  stag
  ====  ===  ====  =======  =======  ====
     1   29     9  251897.0    0.413     9
     2   29    11  320773.8    0.465     7
Total extinctions: 0
Generation time: 427.443 sec (591.769 average)
