nohup: ignoring input

 ****** Running generation 0 ****** 

Population's average fitness: 12030.86755 stdev: 98712.25432
Best fitness: 231962.45700 - size: (8, 27) - species 2 - id 1042
Average adjusted fitness: 0.529
Mean genetic distance 2.172, standard deviation 0.914
Population of 20 members in 2 species:
   ID   age  size  fitness  adj fit  stag
  ====  ===  ====  =======  =======  ====
     1    0     8  127073.1    0.492   -83
     2    0    12  231962.5    0.567     0
Total extinctions: 0
Generation time: 662.320 sec
Saving checkpoint to neat-checkpoint-0

 ****** Running generation 1 ****** 

Population's average fitness: 37456.87680 stdev: 64829.46225
Best fitness: 231962.45700 - size: (8, 27) - species 2 - id 1042
Average adjusted fitness: 0.261
Mean genetic distance 2.184, standard deviation 1.023
Population of 20 members in 2 species:
   ID   age  size  fitness  adj fit  stag
  ====  ===  ====  =======  =======  ====
     1    1     9  127073.1    0.216   -82
     2    1    11  231962.5    0.306     1
Total extinctions: 0
Generation time: 655.756 sec (659.038 average)
Saving checkpoint to neat-checkpoint-1

 ****** Running generation 2 ****** 

Population's average fitness: 44144.42045 stdev: 74050.98450
Best fitness: 231962.45700 - size: (8, 27) - species 2 - id 1042
Average adjusted fitness: 0.437
Mean genetic distance 2.344, standard deviation 0.881
Population of 20 members in 2 species:
   ID   age  size  fitness  adj fit  stag
  ====  ===  ====  =======  =======  ====
     1    2    10  127073.1    0.411   -81
     2    2    10  231962.5    0.463     2
Total extinctions: 0
Generation time: 592.281 sec (636.786 average)
Saving checkpoint to neat-checkpoint-2

 ****** Running generation 3 ****** 

Population's average fitness: 63751.66125 stdev: 76737.31735
Best fitness: 231962.45700 - size: (8, 27) - species 2 - id 1042
Average adjusted fitness: 0.427
Mean genetic distance 2.353, standard deviation 0.883
Population of 20 members in 2 species:
   ID   age  size  fitness  adj fit  stag
  ====  ===  ====  =======  =======  ====
     1    3     9  127073.1    0.328   -80
     2    3    11  231962.5    0.525     3
Total extinctions: 0
Generation time: 634.459 sec (636.204 average)
Saving checkpoint to neat-checkpoint-3

 ****** Running generation 4 ****** 

Population's average fitness: 57964.12950 stdev: 81634.26021
Best fitness: 231962.45700 - size: (8, 27) - species 2 - id 1042
Average adjusted fitness: 0.460
Mean genetic distance 2.272, standard deviation 0.973
Population of 20 members in 2 species:
   ID   age  size  fitness  adj fit  stag
  ====  ===  ====  =======  =======  ====
     1    4     8  127073.1    0.412   -79
     2    4    12  231962.5    0.508     4
Total extinctions: 0
Generation time: 619.597 sec (632.883 average)
Saving checkpoint to neat-checkpoint-4

 ****** Running generation 5 ****** 

Population's average fitness: 66134.21710 stdev: 96017.57333
Best fitness: 231962.45700 - size: (8, 27) - species 2 - id 1042
Average adjusted fitness: 0.493
Mean genetic distance 2.318, standard deviation 0.927
Population of 20 members in 2 species:
   ID   age  size  fitness  adj fit  stag
  ====  ===  ====  =======  =======  ====
     1    5     9  127073.1    0.414   -78
     2    5    11  231962.5    0.572     5
Total extinctions: 0
Generation time: 677.754 sec (640.361 average)
Saving checkpoint to neat-checkpoint-5

 ****** Running generation 6 ****** 

Population's average fitness: 40408.67170 stdev: 107429.59779
Best fitness: 231962.45700 - size: (8, 27) - species 2 - id 1042
Average adjusted fitness: 0.494
Mean genetic distance 2.264, standard deviation 1.016
Population of 20 members in 2 species:
   ID   age  size  fitness  adj fit  stag
  ====  ===  ====  =======  =======  ====
     1    6    10  147381.6    0.489   -77
     2    6    10  231962.5    0.500     6
Total extinctions: 0
Generation time: 740.450 sec (654.660 average)
Saving checkpoint to neat-checkpoint-6

 ****** Running generation 7 ****** 

Population's average fitness: 60856.39580 stdev: 93833.33487
Best fitness: 231962.45700 - size: (8, 27) - species 2 - id 1042
Average adjusted fitness: 0.463
Mean genetic distance 2.319, standard deviation 0.990
Population of 20 members in 2 species:
   ID   age  size  fitness  adj fit  stag
  ====  ===  ====  =======  =======  ====
     1    7     9  147381.6    0.384   -76
     2    7    11  231962.5    0.542     7
Total extinctions: 0
Generation time: 744.723 sec (665.918 average)
Saving checkpoint to neat-checkpoint-7

 ****** Running generation 8 ****** 

Population's average fitness: 63935.45425 stdev: 84486.68040
Best fitness: 231962.45700 - size: (8, 27) - species 2 - id 1042
Average adjusted fitness: 0.439
Mean genetic distance 2.197, standard deviation 1.056
Population of 20 members in 2 species:
   ID   age  size  fitness  adj fit  stag
  ====  ===  ====  =======  =======  ====
     1    8     8  147381.6    0.369   -75
     2    8    12  231962.5    0.509     8
Total extinctions: 0
Generation time: 738.690 sec (674.003 average)
Saving checkpoint to neat-checkpoint-8

 ****** Running generation 9 ****** 

Population's average fitness: 55657.67340 stdev: 86247.90271
Best fitness: 231962.45700 - size: (8, 27) - species 2 - id 1042
Average adjusted fitness: 0.415
Mean genetic distance 2.359, standard deviation 0.935
Population of 20 members in 2 species:
   ID   age  size  fitness  adj fit  stag
  ====  ===  ====  =======  =======  ====
     1    9     9  147381.6    0.418   -74
     2    9    11  231962.5    0.413     9
Total extinctions: 0
Generation time: 641.726 sec (670.776 average)
Saving checkpoint to neat-checkpoint-9

 ****** Running generation 10 ****** 

Population's average fitness: 48214.42070 stdev: 94895.80876
Best fitness: 231962.45700 - size: (8, 27) - species 2 - id 1042
Average adjusted fitness: 0.417
Mean genetic distance 2.306, standard deviation 0.982
Population of 20 members in 2 species:
   ID   age  size  fitness  adj fit  stag
  ====  ===  ====  =======  =======  ====
     1   10    10  147381.6    0.389   -73
     2   10    10  231962.5    0.445    10
Total extinctions: 0
Generation time: 593.783 sec (663.922 average)
Saving checkpoint to neat-checkpoint-10

 ****** Running generation 11 ****** 

Population's average fitness: 48645.59410 stdev: 98219.09567
Best fitness: 231962.45700 - size: (8, 27) - species 2 - id 1042
Average adjusted fitness: 0.516
Mean genetic distance 2.359, standard deviation 0.961
Population of 20 members in 2 species:
   ID   age  size  fitness  adj fit  stag
  ====  ===  ====  =======  =======  ====
     1   11     9  147381.6    0.493   -72
     2   11    11  231962.5    0.539    11
Total extinctions: 0
Generation time: 600.411 sec (658.387 average)
Saving checkpoint to neat-checkpoint-11

 ****** Running generation 12 ****** 

Population's average fitness: 57552.88250 stdev: 85779.86729
Best fitness: 231962.45700 - size: (8, 27) - species 2 - id 1042
Average adjusted fitness: 0.381
Mean genetic distance 2.295, standard deviation 1.019
Population of 20 members in 2 species:
   ID   age  size  fitness  adj fit  stag
  ====  ===  ====  =======  =======  ====
     1   12    10  147381.6    0.380   -71
     2   12    10  231962.5    0.381    12
Total extinctions: 0
Generation time: 553.776 sec (654.537 average)
Saving checkpoint to neat-checkpoint-12

 ****** Running generation 13 ****** 

Population's average fitness: 53017.80085 stdev: 93875.81425
Best fitness: 231962.45700 - size: (8, 27) - species 2 - id 1042
Average adjusted fitness: 0.460
Mean genetic distance 2.290, standard deviation 1.017
Population of 20 members in 2 species:
   ID   age  size  fitness  adj fit  stag
  ====  ===  ====  =======  =======  ====
     1   13     9  147381.6    0.434   -70
     2   13    11  231962.5    0.485    13
Total extinctions: 0
Generation time: 566.812 sec (647.772 average)
Saving checkpoint to neat-checkpoint-13

 ****** Running generation 14 ****** 

Population's average fitness: 53787.30365 stdev: 92073.59456
Best fitness: 231962.45700 - size: (8, 27) - species 2 - id 1042
Average adjusted fitness: 0.476
Mean genetic distance 2.304, standard deviation 0.951
Population of 20 members in 2 species:
   ID   age  size  fitness  adj fit  stag
  ====  ===  ====  =======  =======  ====
     1   14    10  147381.6    0.452   -69
     2   14    10  231962.5    0.500    14
Total extinctions: 0
Generation time: 563.980 sec (642.210 average)
Saving checkpoint to neat-checkpoint-14

 ****** Running generation 15 ****** 

Population's average fitness: 55904.65705 stdev: 90861.53445
Best fitness: 231962.45700 - size: (8, 27) - species 2 - id 1042
Average adjusted fitness: 0.474
Mean genetic distance 2.326, standard deviation 0.965
Population of 20 members in 2 species:
   ID   age  size  fitness  adj fit  stag
  ====  ===  ====  =======  =======  ====
     1   15     9  147381.6    0.467   -68
     2   15    11  231962.5    0.481    15
Total extinctions: 0
Generation time: 607.083 sec (635.143 average)
Saving checkpoint to neat-checkpoint-15

 ****** Running generation 16 ****** 

Population's average fitness: 72273.34825 stdev: 89703.57196
Best fitness: 246499.14900 - size: (7, 28) - species 1 - id 213
Average adjusted fitness: 0.368
Mean genetic distance 2.300, standard deviation 0.983
Population of 20 members in 2 species:
   ID   age  size  fitness  adj fit  stag
  ====  ===  ====  =======  =======  ====
     1   16    10  246499.1    0.384     0
     2   16    10  231962.5    0.352    16
Total extinctions: 0
Generation time: 612.128 sec (622.311 average)
Saving checkpoint to neat-checkpoint-16

 ****** Running generation 17 ****** 

Population's average fitness: 69626.67845 stdev: 104490.80386
Best fitness: 246499.14900 - size: (7, 28) - species 1 - id 213
Average adjusted fitness: 0.488
Mean genetic distance 2.285, standard deviation 0.882
Population of 20 members in 2 species:
   ID   age  size  fitness  adj fit  stag
  ====  ===  ====  =======  =======  ====
     1   17    11  246499.1    0.503     1
     2   17     9  231962.5    0.473    17
Total extinctions: 0
Generation time: 678.462 sec (615.685 average)
Saving checkpoint to neat-checkpoint-17

 ****** Running generation 18 ****** 

Population's average fitness: 67984.42560 stdev: 115363.07819
Best fitness: 246499.14900 - size: (7, 28) - species 1 - id 213
Average adjusted fitness: 0.448
Mean genetic distance 2.049, standard deviation 1.097
Population of 20 members in 2 species:
   ID   age  size  fitness  adj fit  stag
  ====  ===  ====  =======  =======  ====
     1   18    10  246499.1    0.466     2
     2   18    10  231962.5    0.431    18
Total extinctions: 0
Generation time: 654.530 sec (607.269 average)
Saving checkpoint to neat-checkpoint-18

 ****** Running generation 19 ****** 

Population's average fitness: 64256.84605 stdev: 116297.03175
Best fitness: 246499.14900 - size: (7, 28) - species 1 - id 213
Average adjusted fitness: 0.538
Mean genetic distance 2.027, standard deviation 1.072
Population of 20 members in 2 species:
   ID   age  size  fitness  adj fit  stag
  ====  ===  ====  =======  =======  ====
     1   19    11  246499.1    0.544     3
     2   19     9  231962.5    0.531    19
Total extinctions: 0
Generation time: 693.441 sec (612.441 average)
Saving checkpoint to neat-checkpoint-19

 ****** Running generation 20 ****** 

Population's average fitness: 73172.84130 stdev: 114924.17925
Best fitness: 251897.03700 - size: (7, 28) - species 1 - id 274
Average adjusted fitness: 0.498
Mean genetic distance 2.051, standard deviation 1.070
Population of 20 members in 2 species:
   ID   age  size  fitness  adj fit  stag
  ====  ===  ====  =======  =======  ====
     1   20    10  251897.0    0.500     0
     2   20    10  231962.5    0.496    20
Total extinctions: 0
Generation time: 693.323 sec (622.395 average)
Saving checkpoint to neat-checkpoint-20

 ****** Running generation 21 ****** 

Population's average fitness: 81063.40140 stdev: 123362.41485
Best fitness: 262848.90700 - size: (8, 32) - species 2 - id 286
Average adjusted fitness: 0.531
Mean genetic distance 2.004, standard deviation 1.047
Population of 20 members in 2 species:
   ID   age  size  fitness  adj fit  stag
  ====  ===  ====  =======  =======  ====
     1   21     9  251897.0    0.509     1
     2   21    11  262848.9    0.553     0
Total extinctions: 0
Generation time: 721.683 sec (634.522 average)
Saving checkpoint to neat-checkpoint-21

 ****** Running generation 22 ****** 

Population's average fitness: 116101.98930 stdev: 137042.96170
Best fitness: 320773.82100 - size: (9, 32) - species 2 - id 301
Average adjusted fitness: 0.526
Mean genetic distance 1.960, standard deviation 0.991
Population of 20 members in 2 species:
   ID   age  size  fitness  adj fit  stag
  ====  ===  ====  =======  =======  ====
     1   22     8  251897.0    0.427     2
     2   22    12  320773.8    0.624     0
Total extinctions: 0
Generation time: 704.918 sec (649.636 average)
Saving checkpoint to neat-checkpoint-22

 ****** Running generation 23 ****** 

Population's average fitness: 110805.89525 stdev: 126839.28545
Best fitness: 320773.82100 - size: (9, 32) - species 2 - id 301
Average adjusted fitness: 0.413
Mean genetic distance 2.090, standard deviation 0.976
Population of 20 members in 2 species:
   ID   age  size  fitness  adj fit  stag
  ====  ===  ====  =======  =======  ====
     1   23     9  251897.0    0.364     3
     2   23    11  320773.8    0.461     1
Total extinctions: 0
Generation time: 685.811 sec (661.536 average)
Saving checkpoint to neat-checkpoint-23

 ****** Running generation 24 ****** 

Population's average fitness: 87830.49815 stdev: 136944.39252
Best fitness: 320773.82100 - size: (9, 32) - species 2 - id 301
Average adjusted fitness: 0.426
Mean genetic distance 2.081, standard deviation 0.959
Population of 20 members in 2 species:
   ID   age  size  fitness  adj fit  stag
  ====  ===  ====  =======  =======  ====
     1   24    10  251897.0    0.499     4
     2   24    10  320773.8    0.353     2
Total extinctions: 0
Generation time: 666.887 sec (671.827 average)
Saving checkpoint to neat-checkpoint-24

 ****** Running generation 25 ****** 

Population's average fitness: 102834.62045 stdev: 123985.74623
Best fitness: 320773.82100 - size: (9, 32) - species 2 - id 301
Average adjusted fitness: 0.458
Mean genetic distance 2.032, standard deviation 1.013
Population of 20 members in 2 species:
   ID   age  size  fitness  adj fit  stag
  ====  ===  ====  =======  =======  ====
     1   25     9  251897.0    0.455     5
     2   25    11  320773.8    0.461     3
Total extinctions: 0
Generation time: 612.489 sec (672.367 average)
Saving checkpoint to neat-checkpoint-25

 ****** Running generation 26 ****** 

Population's average fitness: 126052.78065 stdev: 127048.56844
Best fitness: 320773.82100 - size: (9, 32) - species 2 - id 301
Average adjusted fitness: 0.508
Mean genetic distance 2.042, standard deviation 0.985
Population of 20 members in 2 species:
   ID   age  size  fitness  adj fit  stag
  ====  ===  ====  =======  =======  ====
     1   26    10  251897.0    0.468     6
     2   26    10  320773.8    0.548     4
Total extinctions: 0
Generation time: 438.583 sec (655.013 average)
Saving checkpoint to neat-checkpoint-26

 ****** Running generation 27 ****** 

Population's average fitness: 84552.09530 stdev: 143236.14214
Best fitness: 320773.82100 - size: (9, 32) - species 2 - id 301
Average adjusted fitness: 0.462
Mean genetic distance 2.126, standard deviation 0.956
Population of 20 members in 2 species:
   ID   age  size  fitness  adj fit  stag
  ====  ===  ====  =======  =======  ====
     1   27     9  251897.0    0.428     7
     2   27    11  320773.8    0.496     5
Total extinctions: 0
Generation time: 534.374 sec (640.604 average)
Saving checkpoint to neat-checkpoint-27

 ****** Running generation 28 ****** 

Population's average fitness: 56274.30315 stdev: 149175.30914
Best fitness: 320773.82100 - size: (9, 32) - species 2 - id 301
Average adjusted fitness: 0.458
Mean genetic distance 2.049, standard deviation 0.990
Population of 20 members in 2 species:
   ID   age  size  fitness  adj fit  stag
  ====  ===  ====  =======  =======  ====
     1   28    10  251897.0    0.498     8
     2   28    10  320773.8    0.419     6
Total extinctions: 0
Generation time: 432.185 sec (618.369 average)Env #:0 Genome_id # :1072 Fitness :127073.12 Final Amt :1856.64 Days :236 Avg Daily Profit :-0.004 %
Env #:0 Genome_id # :6 Fitness :-28891.32 Final Amt :1467.7 Days :236 Avg Daily Profit :-0.079 %
Env #:0 Genome_id # :25 Fitness :-42742.08 Final Amt :2088.73 Days :236 Avg Daily Profit :0.07 %
Env #:0 Genome_id # :31 Fitness :49192.89 Final Amt :1911.73 Days :236 Avg Daily Profit :0.025 %
Env #:0 Genome_id # :1042 Fitness :231962.46 Final Amt :3816.93 Days :236 Avg Daily Profit :0.32 %
Env #:0 Genome_id # :63 Fitness :40136.89 Final Amt :2485.55 Days :236 Avg Daily Profit :0.122 %
Env #:0 Genome_id # :65 Fitness :227739.85 Final Amt :1010.62 Days :236 Avg Daily Profit :-0.245 %
Env #:0 Genome_id # :90 Fitness :-37950.0 Final Amt :1996.52 Days :236 Avg Daily Profit :0.036 %
Env #:0 Genome_id # :38 Fitness :192106.35 Final Amt :2903.4 Days :236 Avg Daily Profit :0.207 %
Env #:0 Genome_id # :117 Fitness :18822.77 Final Amt :1548.56 Days :236 Avg Daily Profit :-0.081 %
Env #:0 Genome_id # :135 Fitness :86490.12 Final Amt :2300.01 Days :236 Avg Daily Profit :0.108 %
Env #:0 Genome_id # :152 Fitness :99306.71 Final Amt :2206.45 Days :236 Avg Daily Profit :0.093 %
Env #:0 Genome_id # :38 Fitness :192106.35 Final Amt :2903.4 Days :236 Avg Daily Profit :0.207 %
Env #:0 Genome_id # :38 Fitness :192106.35 Final Amt :2903.4 Days :236 Avg Daily Profit :0.207 %
Env #:0 Genome_id # :65 Fitness :227739.85 Final Amt :1010.62 Days :236 Avg Daily Profit :-0.245 %
Env #:0 Genome_id # :65 Fitness :227739.85 Final Amt :1010.62 Days :236 Avg Daily Profit :-0.245 %
Env #:0 Genome_id # :65 Fitness :227739.85 Final Amt :1010.62 Days :236 Avg Daily Profit :-0.245 %
Env #:0 Genome_id # :230 Fitness :113434.64 Final Amt :2427.09 Days :236 Avg Daily Profit :0.127 %
Env #:0 Genome_id # :247 Fitness :-9480.73 Final Amt :1507.9 Days :236 Avg Daily Profit :-0.066 %
Env #:0 Genome_id # :255 Fitness :-51640.04 Final Amt :1455.45 Days :236 Avg Daily Profit :-0.081 %
Env #:0 Genome_id # :272 Fitness :111290.18 Final Amt :1779.62 Days :236 Avg Daily Profit :0.001 %
Env #:0 Genome_id # :281 Fitness :23282.05 Final Amt :2024.58 Days :236 Avg Daily Profit :0.041 %
Env #:0 Genome_id # :304 Fitness :188745.53 Final Amt :3750.99 Days :236 Avg Daily Profit :0.307 %
Env #:0 Genome_id # :286 Fitness :262848.91 Final Amt :3876.83 Days :236 Avg Daily Profit :0.324 %
Env #:0 Genome_id # :328 Fitness :207758.08 Final Amt :1547.28 Days :236 Avg Daily Profit :-0.071 %
Env #:0 Genome_id # :344 Fitness :68830.44 Final Amt :2170.6 Days :236 Avg Daily Profit :0.085 %
Env #:0 Genome_id # :357 Fitness :9764.84 Final Amt :1480.33 Days :236 Avg Daily Profit :-0.073 %
Env #:0 Genome_id # :368 Fitness :-30625.67 Final Amt :1520.56 Days :236 Avg Daily Profit :-0.075 %
Env #:0 Genome_id # :387 Fitness :-49839.32 Final Amt :1310.05 Days :236 Avg Daily Profit :-0.127 %
Env #:0 Genome_id # :405 Fitness :0.0 Final Amt :2000.0 Days :236 Avg Daily Profit :0.0 %
Env #:0 Genome_id # :31 Fitness :-15794.65 Final Amt :1518.48 Days :236 Avg Daily Profit :-0.062 %
Env #:0 Genome_id # :1072 Fitness :127073.12 Final Amt :1856.64 Days :236 Avg Daily Profit :-0.004 %
Env #:0 Genome_id # :718 Fitness :74068.88 Final Amt :1234.83 Days :236 Avg Daily Profit :-0.148 %
Env #:0 Genome_id # :718 Fitness :74068.88 Final Amt :1234.83 Days :236 Avg Daily Profit :-0.148 %
Env #:0 Genome_id # :46 Fitness :-15995.78 Final Amt :1575.04 Days :236 Avg Daily Profit :-0.047 %
Env #:0 Genome_id # :67 Fitness :88973.42 Final Amt :2639.41 Days :236 Avg Daily Profit :0.152 %
Env #:0 Genome_id # :1072 Fitness :127073.12 Final Amt :1856.64 Days :236 Avg Daily Profit :-0.004 %
Env #:0 Genome_id # :57 Fitness :96526.13 Final Amt :2267.6 Days :236 Avg Daily Profit :0.106 %
Env #:0 Genome_id # :99 Fitness :-71308.47 Final Amt :1298.82 Days :236 Avg Daily Profit :-0.157 %
Env #:0 Genome_id # :57 Fitness :96526.13 Final Amt :2267.6 Days :236 Avg Daily Profit :0.106 %
Env #:0 Genome_id # :128 Fitness :-53073.53 Final Amt :1285.09 Days :236 Avg Daily Profit :-0.148 %
Env #:0 Genome_id # :57 Fitness :96526.13 Final Amt :2267.6 Days :236 Avg Daily Profit :0.106 %
Env #:0 Genome_id # :1072 Fitness :127073.12 Final Amt :1856.64 Days :236 Avg Daily Profit :-0.004 %
Env #:0 Genome_id # :1042 Fitness :231962.46 Final Amt :3816.93 Days :236 Avg Daily Profit :0.32 %
Env #:0 Genome_id # :185 Fitness :-47277.25 Final Amt :1479.98 Days :236 Avg Daily Profit :-0.081 %
Env #:0 Genome_id # :198 Fitness :-48776.78 Final Amt :1392.6 Days :236 Avg Daily Profit :-0.118 %
Env #:0 Genome_id # :1072 Fitness :127073.12 Final Amt :1856.64 Days :236 Avg Daily Profit :-0.004 %
Env #:0 Genome_id # :225 Fitness :26644.81 Final Amt :1500.82 Days :236 Avg Daily Profit :-0.067 %
Env #:0 Genome_id # :1042 Fitness :231962.46 Final Amt :3816.93 Days :236 Avg Daily Profit :0.32 %
Env #:0 Genome_id # :1042 Fitness :231962.46 Final Amt :3816.93 Days :236 Avg Daily Profit :0.32 %
Env #:0 Genome_id # :267 Fitness :2810.92 Final Amt :1642.38 Days :236 Avg Daily Profit :-0.029 %
Env #:0 Genome_id # :283 Fitness :56718.51 Final Amt :2268.43 Days :236 Avg Daily Profit :0.105 %
Env #:0 Genome_id # :274 Fitness :251897.04 Final Amt :2053.5 Days :236 Avg Daily Profit :0.057 %
Env #:0 Genome_id # :213 Fitness :246499.15 Final Amt :3059.85 Days :236 Avg Daily Profit :0.227 %
Env #:0 Genome_id # :274 Fitness :251897.04 Final Amt :2053.5 Days :236 Avg Daily Profit :0.057 %
Env #:0 Genome_id # :274 Fitness :251897.04 Final Amt :2053.5 Days :236 Avg Daily Profit :0.057 %
Env #:0 Genome_id # :246 Fitness :217310.72 Final Amt :2104.22 Days :236 Avg Daily Profit :0.069 %
Env #:0 Genome_id # :213 Fitness :246499.15 Final Amt :3059.85 Days :236 Avg Daily Profit :0.227 %
Env #:0 Genome_id # :213 Fitness :246499.15 Final Amt :3059.85 Days :236 Avg Daily Profit :0.227 %
Env #:0 Genome_id # :213 Fitness :246499.15 Final Amt :3059.85 Days :236 Avg Daily Profit :0.227 %
Env #:0 Genome_id # :785 Fitness :31988.21 Final Amt :2371.26 Days :236 Avg Daily Profit :0.129 %
Env #:0 Genome_id # :7 Fitness :16298.91 Final Amt :1249.04 Days :236 Avg Daily Profit :-0.157 %
Env #:0 Genome_id # :24 Fitness :-102968.4 Final Amt :694.24 Days :236 Avg Daily Profit :-0.393 %
Env #:0 Genome_id # :33 Fitness :0.0 Final Amt :2000.0 Days :236 Avg Daily Profit :0.0 %
Env #:0 Genome_id # :1072 Fitness :127073.12 Final Amt :1856.64 Days :236 Avg Daily Profit :-0.004 %
Env #:0 Genome_id # :65 Fitness :227739.85 Final Amt :1010.62 Days :236 Avg Daily Profit :-0.245 %
Env #:0 Genome_id # :76 Fitness :147381.63 Final Amt :3633.91 Days :236 Avg Daily Profit :0.3 %
Env #:0 Genome_id # :38 Fitness :192106.35 Final Amt :2903.4 Days :236 Avg Daily Profit :0.207 %
Env #:0 Genome_id # :103 Fitness :12945.63 Final Amt :1718.23 Days :236 Avg Daily Profit :-0.016 %
Env #:0 Genome_id # :113 Fitness :-17227.11 Final Amt :1767.81 Days :236 Avg Daily Profit :-0.044 %
Env #:0 Genome_id # :127 Fitness :-6457.69 Final Amt :1683.68 Days :236 Avg Daily Profit :-0.021 %
Env #:0 Genome_id # :146 Fitness :34900.48 Final Amt :2567.92 Days :236 Avg Daily Profit :0.148 %
Env #:0 Genome_id # :167 Fitness :75821.52 Final Amt :2900.46 Days :236 Avg Daily Profit :0.172 %
Env #:0 Genome_id # :178 Fitness :-27190.11 Final Amt :1715.81 Days :236 Avg Daily Profit :-0.021 %
Env #:0 Genome_id # :196 Fitness :-11937.09 Final Amt :1857.06 Days :236 Avg Daily Profit :-0.031 %
Env #:0 Genome_id # :1072 Fitness :127073.12 Final Amt :1856.64 Days :236 Avg Daily Profit :-0.004 %
Env #:0 Genome_id # :217 Fitness :-28323.95 Final Amt :1445.95 Days :236 Avg Daily Profit :-0.083 %
Env #:0 Genome_id # :229 Fitness :-8904.14 Final Amt :1550.53 Days :236 Avg Daily Profit :-0.053 %
Env #:0 Genome_id # :250 Fitness :-33217.25 Final Amt :2071.53 Days :236 Avg Daily Profit :0.058 %
Env #:0 Genome_id # :258 Fitness :-147671.23 Final Amt :642.97 Days :236 Avg Daily Profit :-0.439 %
Env #:0 Genome_id # :276 Fitness :31146.39 Final Amt :1736.02 Days :236 Avg Daily Profit :-0.007 %
Env #:0 Genome_id # :293 Fitness :-1884.58 Final Amt :1582.04 Days :236 Avg Daily Profit :-0.05 %
Env #:0 Genome_id # :308 Fitness :47706.56 Final Amt :2282.24 Days :236 Avg Daily Profit :0.073 %
Env #:0 Genome_id # :318 Fitness :46516.37 Final Amt :1913.05 Days :236 Avg Daily Profit :0.009 %
Env #:0 Genome_id # :327 Fitness :76310.17 Final Amt :2332.23 Days :236 Avg Daily Profit :0.116 %
Env #:0 Genome_id # :301 Fitness :320773.82 Final Amt :3802.91 Days :236 Avg Daily Profit :0.321 %
Env #:0 Genome_id # :315 Fitness :289871.87 Final Amt :2880.95 Days :236 Avg Daily Profit :0.203 %
Env #:0 Genome_id # :373 Fitness :45453.39 Final Amt :2025.78 Days :236 Avg Daily Profit :0.054 %
Env #:0 Genome_id # :315 Fitness :289871.87 Final Amt :2880.95 Days :236 Avg Daily Profit :0.203 %
Env #:0 Genome_id # :400 Fitness :-43000.97 Final Amt :1155.51 Days :236 Avg Daily Profit :-0.185 %
Env #:0 Genome_id # :914 Fitness :-107337.05 Final Amt :824.75 Days :236 Avg Daily Profit :-0.323 %
Env #:0 Genome_id # :718 Fitness :74068.88 Final Amt :1234.83 Days :236 Avg Daily Profit :-0.148 %
Env #:0 Genome_id # :365 Fitness :63880.45 Final Amt :1615.43 Days :236 Avg Daily Profit :-0.042 %
Env #:0 Genome_id # :29 Fitness :86769.71 Final Amt :3310.65 Days :236 Avg Daily Profit :0.259 %
Env #:0 Genome_id # :43 Fitness :71664.59 Final Amt :2938.18 Days :236 Avg Daily Profit :0.187 %
Env #:0 Genome_id # :38 Fitness :192106.35 Final Amt :2903.4 Days :236 Avg Daily Profit :0.207 %
Env #:0 Genome_id # :57 Fitness :96526.13 Final Amt :2267.6 Days :236 Avg Daily Profit :0.106 %
Env #:0 Genome_id # :1072 Fitness :127073.12 Final Amt :1856.64 Days :236 Avg Daily Profit :-0.004 %
Env #:0 Genome_id # :101 Fitness :-1274.46 Final Amt :1410.45 Days :236 Avg Daily Profit :-0.101 %
Env #:0 Genome_id # :38 Fitness :192106.35 Final Amt :2903.4 Days :236 Avg Daily Profit :0.207 %
Env #:0 Genome_id # :129 Fitness :20644.11 Final Amt :1620.18 Days :236 Avg Daily Profit :-0.036 %
Env #:0 Genome_id # :154 Fitness :-108821.04 Final Amt :910.5 Days :236 Avg Daily Profit :-0.294 %
Env #:0 Genome_id # :1042 Fitness :231962.46 Final Amt :3816.93 Days :236 Avg Daily Profit :0.32 %
Env #:0 Genome_id # :181 Fitness :84385.49 Final Amt :1538.05 Days :236 Avg Daily Profit :-0.065 %
Env #:0 Genome_id # :191 Fitness :68596.21 Final Amt :3500.51 Days :236 Avg Daily Profit :0.285 %
Env #:0 Genome_id # :1042 Fitness :231962.46 Final Amt :3816.93 Days :236 Avg Daily Profit :0.32 %
Env #:0 Genome_id # :215 Fitness :10433.91 Final Amt :1904.73 Days :236 Avg Daily Profit :0.022 %
Env #:0 Genome_id # :1072 Fitness :127073.12 Final Amt :1856.64 Days :236 Avg Daily Profit :-0.004 %
Env #:0 Genome_id # :242 Fitness :192323.8 Final Amt :2979.84 Days :236 Avg Daily Profit :0.206 %
Env #:0 Genome_id # :242 Fitness :192323.8 Final Amt :2979.84 Days :236 Avg Daily Profit :0.206 %
Env #:0 Genome_id # :268 Fitness :-2497.06 Final Amt :1588.11 Days :236 Avg Daily Profit :-0.046 %
Env #:0 Genome_id # :213 Fitness :246499.15 Final Amt :3059.85 Days :236 Avg Daily Profit :0.227 %
Env #:0 Genome_id # :246 Fitness :217310.72 Final Amt :2104.22 Days :236 Avg Daily Profit :0.069 %
Env #:0 Genome_id # :310 Fitness :36480.18 Final Amt :1922.36 Days :236 Avg Daily Profit :0.035 %
Env #:0 Genome_id # :213 Fitness :246499.15 Final Amt :3059.85 Days :236 Avg Daily Profit :0.227 %
Env #:0 Genome_id # :340 Fitness :111289.71 Final Amt :2280.32 Days :236 Avg Daily Profit :0.096 %
Env #:0 Genome_id # :351 Fitness :0.0 Final Amt :2000.0 Days :236 Avg Daily Profit :0.0 %
Env #:0 Genome_id # :274 Fitness :251897.04 Final Amt :2053.5 Days :236 Avg Daily Profit :0.057 %
Env #:0 Genome_id # :382 Fitness :30610.27 Final Amt :2194.65 Days :236 Avg Daily Profit :0.069 %
Env #:0 Genome_id # :274 Fitness :251897.04 Final Amt :2053.5 Days :236 Avg Daily Profit :0.057 %
Env #:0 Genome_id # :1042 Fitness :231962.46 Final Amt :3816.93 Days :236 Avg Daily Profit :0.32 %
Env #:0 Genome_id # :5 Fitness :-12383.51 Final Amt :1543.17 Days :236 Avg Daily Profit :-0.057 %
Env #:0 Genome_id # :15 Fitness :-20150.45 Final Amt :1540.45 Days :236 Avg Daily Profit :-0.062 %
Env #:0 Genome_id # :365 Fitness :63880.45 Final Amt :1615.43 Days :236 Avg Daily Profit :-0.042 %
Env #:0 Genome_id # :37 Fitness :170157.1 Final Amt :4049.43 Days :236 Avg Daily Profit :0.345 %
Env #:0 Genome_id # :61 Fitness :14286.76 Final Amt :2125.58 Days :236 Avg Daily Profit :0.072 %
Env #:0 Genome_id # :29 Fitness :86769.71 Final Amt :3310.65 Days :236 Avg Daily Profit :0.259 %
Env #:0 Genome_id # :1042 Fitness :231962.46 Final Amt :3816.93 Days :236 Avg Daily Profit :0.32 %
Env #:0 Genome_id # :106 Fitness :78943.71 Final Amt :1886.34 Days :236 Avg Daily Profit :0.02 %
Env #:0 Genome_id # :121 Fitness :52764.61 Final Amt :2988.08 Days :236 Avg Daily Profit :0.191 %
Env #:0 Genome_id # :57 Fitness :96526.13 Final Amt :2267.6 Days :236 Avg Daily Profit :0.106 %
Env #:0 Genome_id # :65 Fitness :227739.85 Final Amt :1010.62 Days :236 Avg Daily Profit :-0.245 %
Env #:0 Genome_id # :158 Fitness :45133.04 Final Amt :2923.84 Days :236 Avg Daily Profit :0.176 %
Env #:0 Genome_id # :76 Fitness :147381.63 Final Amt :3633.91 Days :236 Avg Daily Profit :0.3 %
Env #:0 Genome_id # :189 Fitness :-27203.09 Final Amt :1532.93 Days :236 Avg Daily Profit :-0.077 %
Env #:0 Genome_id # :200 Fitness :68624.82 Final Amt :2997.58 Days :236 Avg Daily Profit :0.213 %
Env #:0 Genome_id # :214 Fitness :24560.84 Final Amt :2282.31 Days :236 Avg Daily Profit :0.075 %
Env #:0 Genome_id # :65 Fitness :227739.85 Final Amt :1010.62 Days :236 Avg Daily Profit :-0.245 %
Env #:0 Genome_id # :38 Fitness :192106.35 Final Amt :2903.4 Days :236 Avg Daily Profit :0.207 %
Env #:0 Genome_id # :254 Fitness :43092.41 Final Amt :1603.02 Days :236 Avg Daily Profit :-0.042 %
Env #:0 Genome_id # :270 Fitness :-46392.9 Final Amt :1640.3 Days :236 Avg Daily Profit :-0.03 %
Env #:0 Genome_id # :65 Fitness :227739.85 Final Amt :1010.62 Days :236 Avg Daily Profit :-0.245 %
Env #:0 Genome_id # :295 Fitness :-19421.78 Final Amt :1645.71 Days :236 Avg Daily Profit :-0.051 %
Env #:0 Genome_id # :246 Fitness :217310.72 Final Amt :2104.22 Days :236 Avg Daily Profit :0.069 %
Env #:0 Genome_id # :303 Fitness :306098.69 Final Amt :1395.41 Days :236 Avg Daily Profit :-0.129 %
Env #:0 Genome_id # :341 Fitness :0.0 Final Amt :2000.0 Days :236 Avg Daily Profit :0.0 %
Env #:0 Genome_id # :274 Fitness :251897.04 Final Amt :2053.5 Days :236 Avg Daily Profit :0.057 %
Env #:0 Genome_id # :366 Fitness :13101.46 Final Amt :1740.47 Days :236 Avg Daily Profit :-0.012 %
Env #:0 Genome_id # :392 Fitness :-100376.01 Final Amt :984.24 Days :236 Avg Daily Profit :-0.256 %
Env #:0 Genome_id # :303 Fitness :306098.69 Final Amt :1395.41 Days :236 Avg Daily Profit :-0.129 %
Env #:0 Genome_id # :829 Fitness :19869.7 Final Amt :2219.91 Days :236 Avg Daily Profit :0.098 %
Env #:0 Genome_id # :1 Fitness :19362.26 Final Amt :2007.9 Days :236 Avg Daily Profit :0.049 %
Env #:0 Genome_id # :16 Fitness :19040.44 Final Amt :2576.23 Days :236 Avg Daily Profit :0.132 %
Env #:0 Genome_id # :1042 Fitness :231962.46 Final Amt :3816.93 Days :236 Avg Daily Profit :0.32 %
Env #:0 Genome_id # :48 Fitness :17195.81 Final Amt :2080.65 Days :236 Avg Daily Profit :0.057 %
Env #:0 Genome_id # :68 Fitness :177278.01 Final Amt :4208.64 Days :236 Avg Daily Profit :0.363 %
Env #:0 Genome_id # :75 Fitness :17631.26 Final Amt :1882.72 Days :236 Avg Daily Profit :0.003 %
Env #:0 Genome_id # :93 Fitness :178075.3 Final Amt :2869.62 Days :236 Avg Daily Profit :0.196 %
Env #:0 Genome_id # :104 Fitness :11590.58 Final Amt :1908.45 Days :236 Avg Daily Profit :0.021 %
Env #:0 Genome_id # :114 Fitness :1038.34 Final Amt :1981.65 Days :236 Avg Daily Profit :-0.003 %
Env #:0 Genome_id # :76 Fitness :147381.63 Final Amt :3633.91 Days :236 Avg Daily Profit :0.3 %
Env #:0 Genome_id # :143 Fitness :-76.16 Final Amt :1877.81 Days :236 Avg Daily Profit :0.013 %
Env #:0 Genome_id # :164 Fitness :-19085.38 Final Amt :1309.42 Days :236 Avg Daily Profit :-0.143 %
Env #:0 Genome_id # :176 Fitness :-19302.91 Final Amt :1472.82 Days :236 Avg Daily Profit :-0.075 %
Env #:0 Genome_id # :192 Fitness :-109712.14 Final Amt :908.8 Days :236 Avg Daily Profit :-0.283 %
Env #:0 Genome_id # :207 Fitness :44766.57 Final Amt :2328.73 Days :236 Avg Daily Profit :0.113 %
Env #:0 Genome_id # :57 Fitness :96526.13 Final Amt :2267.6 Days :236 Avg Daily Profit :0.106 %
Env #:0 Genome_id # :38 Fitness :192106.35 Final Amt :2903.4 Days :236 Avg Daily Profit :0.207 %
Env #:0 Genome_id # :65 Fitness :227739.85 Final Amt :1010.62 Days :236 Avg Daily Profit :-0.245 %
Env #:0 Genome_id # :253 Fitness :-47541.32 Final Amt :1284.76 Days :236 Avg Daily Profit :-0.135 %
Env #:0 Genome_id # :269 Fitness :-21530.39 Final Amt :1511.08 Days :236 Avg Daily Profit :-0.068 %
Env #:0 Genome_id # :246 Fitness :217310.72 Final Amt :2104.22 Days :236 Avg Daily Profit :0.069 %
Env #:0 Genome_id # :286 Fitness :262848.91 Final Amt :3876.83 Days :236 Avg Daily Profit :0.324 %
Env #:0 Genome_id # :309 Fitness :-32740.64 Final Amt :1810.53 Days :236 Avg Daily Profit :-0.009 %
Env #:0 Genome_id # :323 Fitness :73027.42 Final Amt :2467.08 Days :236 Avg Daily Profit :0.126 %
Env #:0 Genome_id # :315 Fitness :289871.87 Final Amt :2880.95 Days :236 Avg Daily Profit :0.203 %
Env #:0 Genome_id # :355 Fitness :4002.41 Final Amt :1783.72 Days :236 Avg Daily Profit :0.013 %
Env #:0 Genome_id # :246 Fitness :217310.72 Final Amt :2104.22 Days :236 Avg Daily Profit :0.069 %
Env #:0 Genome_id # :303 Fitness :306098.69 Final Amt :1395.41 Days :236 Avg Daily Profit :-0.129 %
Env #:0 Genome_id # :393 Fitness :-40367.72 Final Amt :1501.5 Days :236 Avg Daily Profit :-0.069 %
Env #:0 Genome_id # :929 Fitness :17491.79 Final Amt :1792.28 Days :236 Avg Daily Profit :0.006 %
Env #:0 Genome_id # :13 Fitness :-6717.83 Final Amt :1506.2 Days :236 Avg Daily Profit :-0.085 %
Env #:0 Genome_id # :19 Fitness :29660.78 Final Amt :2359.29 Days :236 Avg Daily Profit :0.115 %
Env #:0 Genome_id # :32 Fitness :-61353.95 Final Amt :1580.06 Days :236 Avg Daily Profit :-0.053 %
Env #:0 Genome_id # :53 Fitness :81953.86 Final Amt :3536.14 Days :236 Avg Daily Profit :0.266 %
Env #:0 Genome_id # :59 Fitness :-105749.79 Final Amt :1618.95 Days :236 Avg Daily Profit :-0.041 %
Env #:0 Genome_id # :78 Fitness :130412.7 Final Amt :2328.78 Days :236 Avg Daily Profit :0.116 %
Env #:0 Genome_id # :98 Fitness :-40694.68 Final Amt :1461.27 Days :236 Avg Daily Profit :-0.081 %
Env #:0 Genome_id # :109 Fitness :44876.92 Final Amt :2077.55 Days :236 Avg Daily Profit :0.066 %
Env #:0 Genome_id # :120 Fitness :2028.77 Final Amt :2017.96 Days :236 Avg Daily Profit :0.033 %
Env #:0 Genome_id # :1042 Fitness :231962.46 Final Amt :3816.93 Days :236 Avg Daily Profit :0.32 %
Env #:0 Genome_id # :151 Fitness :68030.17 Final Amt :2696.37 Days :236 Avg Daily Profit :0.163 %
Env #:0 Genome_id # :168 Fitness :39149.42 Final Amt :2451.17 Days :236 Avg Daily Profit :0.119 %
Env #:0 Genome_id # :179 Fitness :-75849.66 Final Amt :1300.79 Days :236 Avg Daily Profit :-0.139 %
Env #:0 Genome_id # :195 Fitness :38791.59 Final Amt :2368.45 Days :236 Avg Daily Profit :0.101 %
Env #:0 Genome_id # :204 Fitness :39243.35 Final Amt :2248.85 Days :236 Avg Daily Profit :0.1 %
Env #:0 Genome_id # :212 Fitness :3446.53 Final Amt :2024.6 Days :236 Avg Daily Profit :0.043 %
Env #:0 Genome_id # :235 Fitness :66615.77 Final Amt :2579.49 Days :236 Avg Daily Profit :0.16 %
Env #:0 Genome_id # :213 Fitness :246499.15 Final Amt :3059.85 Days :236 Avg Daily Profit :0.227 %
Env #:0 Genome_id # :260 Fitness :5298.36 Final Amt :2292.66 Days :236 Avg Daily Profit :0.102 %
Env #:0 Genome_id # :234 Fitness :151449.45 Final Amt :2303.03 Days :236 Avg Daily Profit :0.092 %
Env #:0 Genome_id # :290 Fitness :84423.86 Final Amt :2338.47 Days :236 Avg Daily Profit :0.119 %
Env #:0 Genome_id # :299 Fitness :11219.58 Final Amt :2052.92 Days :236 Avg Daily Profit :0.056 %
Env #:0 Genome_id # :322 Fitness :116391.04 Final Amt :2139.68 Days :236 Avg Daily Profit :0.075 %
Env #:0 Genome_id # :315 Fitness :289871.87 Final Amt :2880.95 Days :236 Avg Daily Profit :0.203 %
Env #:0 Genome_id # :346 Fitness :-81432.81 Final Amt :1676.95 Days :236 Avg Daily Profit :-0.044 %
Env #:0 Genome_id # :362 Fitness :97342.1 Final Amt :2258.43 Days :236 Avg Daily Profit :0.08 %
Env #:0 Genome_id # :370 Fitness :-33772.15 Final Amt :1376.65 Days :236 Avg Daily Profit :-0.136 %
Env #:0 Genome_id # :246 Fitness :217310.72 Final Amt :2104.22 Days :236 Avg Daily Profit :0.069 %
Env #:0 Genome_id # :403 Fitness :42583.14 Final Amt :2227.57 Days :236 Avg Daily Profit :0.093 %
Env #:0 Genome_id # :242 Fitness :-120389.35 Final Amt :847.29 Days :236 Avg Daily Profit :-0.316 %
Env #:0 Genome_id # :3 Fitness :-34470.42 Final Amt :1571.7 Days :236 Avg Daily Profit :-0.055 %
Env #:0 Genome_id # :1042 Fitness :231962.46 Final Amt :3816.93 Days :236 Avg Daily Profit :0.32 %
Env #:0 Genome_id # :34 Fitness :42013.54 Final Amt :2786.2 Days :236 Avg Daily Profit :0.163 %
Env #:0 Genome_id # :718 Fitness :74068.88 Final Amt :1234.83 Days :236 Avg Daily Profit :-0.148 %
Env #:0 Genome_id # :62 Fitness :27309.3 Final Amt :1784.75 Days :236 Avg Daily Profit :-0.01 %
Env #:0 Genome_id # :83 Fitness :-19309.27 Final Amt :1436.1 Days :236 Avg Daily Profit :-0.086 %
Env #:0 Genome_id # :65 Fitness :227739.85 Final Amt :1010.62 Days :236 Avg Daily Profit :-0.245 %
Env #:0 Genome_id # :108 Fitness :16763.06 Final Amt :2001.84 Days :236 Avg Daily Profit :0.039 %
Env #:0 Genome_id # :124 Fitness :-58378.46 Final Amt :1394.73 Days :236 Avg Daily Profit :-0.104 %
Env #:0 Genome_id # :65 Fitness :227739.85 Final Amt :1010.62 Days :236 Avg Daily Profit :-0.245 %
Env #:0 Genome_id # :150 Fitness :-146941.78 Final Amt :923.78 Days :236 Avg Daily Profit :-0.285 %
Env #:0 Genome_id # :163 Fitness :43345.07 Final Amt :1949.03 Days :236 Avg Daily Profit :0.04 %
Env #:0 Genome_id # :172 Fitness :-7530.36 Final Amt :1917.02 Days :236 Avg Daily Profit :-0.018 %
Env #:0 Genome_id # :76 Fitness :147381.63 Final Amt :3633.91 Days :236 Avg Daily Profit :0.3 %
Env #:0 Genome_id # :202 Fitness :1194.88 Final Amt :1765.29 Days :236 Avg Daily Profit :-0.013 %
Env #:0 Genome_id # :223 Fitness :19590.27 Final Amt :1501.48 Days :236 Avg Daily Profit :-0.074 %
Env #:0 Genome_id # :234 Fitness :151449.45 Final Amt :2303.03 Days :236 Avg Daily Profit :0.092 %
Env #:0 Genome_id # :249 Fitness :6089.62 Final Amt :1628.64 Days :236 Avg Daily Profit :-0.036 %
Env #:0 Genome_id # :266 Fitness :-24533.0 Final Amt :1450.65 Days :236 Avg Daily Profit :-0.085 %
Env #:0 Genome_id # :280 Fitness :-55447.2 Final Amt :1276.12 Days :236 Avg Daily Profit :-0.144 %
Env #:0 Genome_id # :291 Fitness :53917.6 Final Amt :1914.9 Days :236 Avg Daily Profit :0.032 %
Env #:0 Genome_id # :306 Fitness :64949.68 Final Amt :2239.8 Days :236 Avg Daily Profit :0.095 %
Env #:0 Genome_id # :321 Fitness :110370.71 Final Amt :2051.12 Days :236 Avg Daily Profit :0.044 %
Env #:0 Genome_id # :332 Fitness :-7035.48 Final Amt :1536.38 Days :236 Avg Daily Profit :-0.061 %
Env #:0 Genome_id # :350 Fitness :21629.76 Final Amt :2023.39 Days :236 Avg Daily Profit :0.045 %
Env #:0 Genome_id # :359 Fitness :23309.76 Final Amt :1606.43 Days :236 Avg Daily Profit :-0.045 %
Env #:0 Genome_id # :378 Fitness :-118452.24 Final Amt :1115.93 Days :236 Avg Daily Profit :-0.203 %
Env #:0 Genome_id # :389 Fitness :-36810.13 Final Amt :1527.86 Days :236 Avg Daily Profit :-0.1 %
Env #:0 Genome_id # :399 Fitness :-20431.38 Final Amt :1475.74 Days :236 Avg Daily Profit :-0.082 %
Env #:0 Genome_id # :335 Fitness :-19770.09 Final Amt :1480.88 Days :236 Avg Daily Profit :-0.08 %
Env #:0 Genome_id # :4 Fitness :-20318.25 Final Amt :1726.58 Days :236 Avg Daily Profit :-0.057 %
Env #:0 Genome_id # :1072 Fitness :127073.12 Final Amt :1856.64 Days :236 Avg Daily Profit :-0.004 %
Env #:0 Genome_id # :35 Fitness :-30404.18 Final Amt :1610.54 Days :236 Avg Daily Profit :-0.072 %
Env #:0 Genome_id # :51 Fitness :12385.67 Final Amt :1909.84 Days :236 Avg Daily Profit :0.026 %
Env #:0 Genome_id # :1072 Fitness :127073.12 Final Amt :1856.64 Days :236 Avg Daily Profit :-0.004 %
Env #:0 Genome_id # :77 Fitness :-48245.15 Final Amt :1458.82 Days :236 Avg Daily Profit :-0.08 %
Env #:0 Genome_id # :85 Fitness :16170.65 Final Amt :1895.12 Days :236 Avg Daily Profit :0.001 %
Env #:0 Genome_id # :111 Fitness :-35416.74 Final Amt :1359.53 Days :236 Avg Daily Profit :-0.11 %
Env #:0 Genome_id # :125 Fitness :0.0 Final Amt :2000.0 Days :236 Avg Daily Profit :0.0 %
Env #:0 Genome_id # :1072 Fitness :127073.12 Final Amt :1856.64 Days :236 Avg Daily Profit :-0.004 %
Env #:0 Genome_id # :153 Fitness :-9130.58 Final Amt :1610.13 Days :236 Avg Daily Profit :-0.047 %
Env #:0 Genome_id # :157 Fitness :58464.27 Final Amt :2494.28 Days :236 Avg Daily Profit :0.147 %
Env #:0 Genome_id # :173 Fitness :-5311.99 Final Amt :1737.69 Days :236 Avg Daily Profit :-0.031 %
Env #:0 Genome_id # :57 Fitness :96526.13 Final Amt :2267.6 Days :236 Avg Daily Profit :0.106 %
Env #:0 Genome_id # :203 Fitness :33499.86 Final Amt :2526.43 Days :236 Avg Daily Profit :0.124 %
Env #:0 Genome_id # :76 Fitness :147381.63 Final Amt :3633.91 Days :236 Avg Daily Profit :0.3 %
Env #:0 Genome_id # :213 Fitness :246499.15 Final Amt :3059.85 Days :236 Avg Daily Profit :0.227 %
Env #:0 Genome_id # :245 Fitness :-15048.69 Final Amt :1428.46 Days :236 Avg Daily Profit :-0.106 %
Env #:0 Genome_id # :257 Fitness :13218.49 Final Amt :1841.77 Days :236 Avg Daily Profit :-0.002 %
Env #:0 Genome_id # :274 Fitness :251897.04 Final Amt :2053.5 Days :236 Avg Daily Profit :0.057 %
Env #:0 Genome_id # :287 Fitness :-29337.73 Final Amt :1525.38 Days :236 Avg Daily Profit :-0.061 %
Env #:0 Genome_id # :307 Fitness :3794.47 Final Amt :1595.96 Days :236 Avg Daily Profit :-0.042 %
Env #:0 Genome_id # :320 Fitness :-20485.91 Final Amt :1417.67 Days :236 Avg Daily Profit :-0.093 %
Env #:0 Genome_id # :334 Fitness :10829.0 Final Amt :1844.28 Days :236 Avg Daily Profit :0.014 %
Env #:0 Genome_id # :347 Fitness :32660.47 Final Amt :1282.27 Days :236 Avg Daily Profit :-0.149 %
Env #:0 Genome_id # :360 Fitness :243304.66 Final Amt :915.49 Days :236 Avg Daily Profit :-0.291 %
Env #:0 Genome_id # :371 Fitness :80630.68 Final Amt :2502.8 Days :236 Avg Daily Profit :0.131 %
Env #:0 Genome_id # :384 Fitness :-31535.44 Final Amt :1099.85 Days :236 Avg Daily Profit :-0.198 %
Env #:0 Genome_id # :402 Fitness :42765.92 Final Amt :1559.74 Days :236 Avg Daily Profit :-0.059 %
Env #:0 Genome_id # :937 Fitness :-250927.29 Final Amt :1425.33 Days :236 Avg Daily Profit :-0.108 %
Env #:0 Genome_id # :942 Fitness :85245.63 Final Amt :3583.99 Days :236 Avg Daily Profit :0.296 %
Env #:0 Genome_id # :9 Fitness :84171.99 Final Amt :3201.4 Days :236 Avg Daily Profit :0.238 %
Env #:0 Genome_id # :30 Fitness :-2405.08 Final Amt :1954.73 Days :236 Avg Daily Profit :-0.01 %
Env #:0 Genome_id # :29 Fitness :86769.71 Final Amt :3310.65 Days :236 Avg Daily Profit :0.259 %
Env #:0 Genome_id # :60 Fitness :6802.92 Final Amt :1583.52 Days :236 Avg Daily Profit :-0.048 %
Env #:0 Genome_id # :82 Fitness :-10653.79 Final Amt :1364.75 Days :236 Avg Daily Profit :-0.116 %
Env #:0 Genome_id # :86 Fitness :-11439.34 Final Amt :2021.88 Days :236 Avg Daily Profit :0.05 %
Env #:0 Genome_id # :65 Fitness :227739.85 Final Amt :1010.62 Days :236 Avg Daily Profit :-0.245 %
Env #:0 Genome_id # :115 Fitness :14084.63 Final Amt :1907.6 Days :236 Avg Daily Profit :0.022 %
Env #:0 Genome_id # :140 Fitness :-13378.48 Final Amt :1560.29 Days :236 Avg Daily Profit :-0.082 %
Env #:0 Genome_id # :76 Fitness :147381.63 Final Amt :3633.91 Days :236 Avg Daily Profit :0.3 %
Env #:0 Genome_id # :159 Fitness :15273.77 Final Amt :1698.5 Days :236 Avg Daily Profit :-0.027 %
Env #:0 Genome_id # :57 Fitness :96526.13 Final Amt :2267.6 Days :236 Avg Daily Profit :0.106 %
Env #:0 Genome_id # :184 Fitness :1177.32 Final Amt :2020.99 Days :236 Avg Daily Profit :0.004 %
Env #:0 Genome_id # :76 Fitness :147381.63 Final Amt :3633.91 Days :236 Avg Daily Profit :0.3 %
Env #:0 Genome_id # :216 Fitness :-27053.12 Final Amt :1732.39 Days :236 Avg Daily Profit :-0.042 %
Env #:0 Genome_id # :1042 Fitness :231962.46 Final Amt :3816.93 Days :236 Avg Daily Profit :0.32 %
Env #:0 Genome_id # :244 Fitness :-78210.62 Final Amt :1774.74 Days :236 Avg Daily Profit :-0.023 %
Env #:0 Genome_id # :263 Fitness :1458.21 Final Amt :1923.74 Days :236 Avg Daily Profit :0.023 %
Env #:0 Genome_id # :242 Fitness :192323.8 Final Amt :2979.84 Days :236 Avg Daily Profit :0.206 %
Env #:0 Genome_id # :284 Fitness :-124682.1 Final Amt :1592.36 Days :236 Avg Daily Profit :-0.052 %
Env #:0 Genome_id # :213 Fitness :246499.15 Final Amt :3059.85 Days :236 Avg Daily Profit :0.227 %
Env #:0 Genome_id # :303 Fitness :306098.69 Final Amt :1395.41 Days :236 Avg Daily Profit :-0.129 %
Env #:0 Genome_id # :325 Fitness :55165.24 Final Amt :2473.53 Days :236 Avg Daily Profit :0.141 %
Env #:0 Genome_id # :339 Fitness :127995.64 Final Amt :2073.15 Days :236 Avg Daily Profit :0.061 %
Env #:0 Genome_id # :361 Fitness :91936.98 Final Amt :2542.49 Days :236 Avg Daily Profit :0.155 %
Env #:0 Genome_id # :372 Fitness :-34872.85 Final Amt :1441.95 Days :236 Avg Daily Profit :-0.085 %
Env #:0 Genome_id # :381 Fitness :-30762.54 Final Amt :1438.86 Days :236 Avg Daily Profit :-0.085 %
Env #:0 Genome_id # :246 Fitness :217310.72 Final Amt :2104.22 Days :236 Avg Daily Profit :0.069 %
Env #:0 Genome_id # :245 Fitness :28339.61 Final Amt :2733.97 Days :236 Avg Daily Profit :0.173 %
Env #:0 Genome_id # :365 Fitness :63880.45 Final Amt :1615.43 Days :236 Avg Daily Profit :-0.042 %
Env #:0 Genome_id # :18 Fitness :59708.47 Final Amt :2508.24 Days :236 Avg Daily Profit :0.133 %
Env #:0 Genome_id # :36 Fitness :98058.0 Final Amt :2443.76 Days :236 Avg Daily Profit :0.129 %
Env #:0 Genome_id # :45 Fitness :-93174.98 Final Amt :959.05 Days :236 Avg Daily Profit :-0.278 %
Env #:0 Genome_id # :66 Fitness :-5284.92 Final Amt :1401.86 Days :236 Avg Daily Profit :-0.114 %
Env #:0 Genome_id # :80 Fitness :-147065.87 Final Amt :1155.05 Days :236 Avg Daily Profit :-0.182 %
Env #:0 Genome_id # :95 Fitness :37705.54 Final Amt :1341.85 Days :236 Avg Daily Profit :-0.122 %
Env #:0 Genome_id # :110 Fitness :675.45 Final Amt :1980.59 Days :236 Avg Daily Profit :-0.004 %
Env #:0 Genome_id # :76 Fitness :147381.63 Final Amt :3633.91 Days :236 Avg Daily Profit :0.3 %
Env #:0 Genome_id # :38 Fitness :192106.35 Final Amt :2903.4 Days :236 Avg Daily Profit :0.207 %
Env #:0 Genome_id # :147 Fitness :-21091.24 Final Amt :1504.81 Days :236 Avg Daily Profit :-0.077 %
Env #:0 Genome_id # :166 Fitness :-22819.63 Final Amt :2248.33 Days :236 Avg Daily Profit :0.105 %
Env #:0 Genome_id # :182 Fitness :-19086.24 Final Amt :1421.21 Days :236 Avg Daily Profit :-0.091 %
Env #:0 Genome_id # :186 Fitness :-53547.62 Final Amt :1387.85 Days :236 Avg Daily Profit :-0.104 %
Env #:0 Genome_id # :38 Fitness :192106.35 Final Amt :2903.4 Days :236 Avg Daily Profit :0.207 %
Env #:0 Genome_id # :213 Fitness :246499.15 Final Amt :3059.85 Days :236 Avg Daily Profit :0.227 %
Env #:0 Genome_id # :76 Fitness :147381.63 Final Amt :3633.91 Days :236 Avg Daily Profit :0.3 %
Env #:0 Genome_id # :240 Fitness :-67083.9 Final Amt :1105.18 Days :236 Avg Daily Profit :-0.206 %
Env #:0 Genome_id # :213 Fitness :246499.15 Final Amt :3059.85 Days :236 Avg Daily Profit :0.227 %
Env #:0 Genome_id # :246 Fitness :217310.72 Final Amt :2104.22 Days :236 Avg Daily Profit :0.069 %
Env #:0 Genome_id # :285 Fitness :-29035.21 Final Amt :1545.66 Days :236 Avg Daily Profit :-0.057 %
Env #:0 Genome_id # :305 Fitness :-119775.22 Final Amt :1007.48 Days :236 Avg Daily Profit :-0.254 %
Env #:0 Genome_id # :314 Fitness :12062.05 Final Amt :1835.77 Days :236 Avg Daily Profit :0.014 %
Env #:0 Genome_id # :246 Fitness :217310.72 Final Amt :2104.22 Days :236 Avg Daily Profit :0.069 %
Env #:0 Genome_id # :343 Fitness :140507.46 Final Amt :2465.57 Days :236 Avg Daily Profit :0.141 %
Env #:0 Genome_id # :356 Fitness :82935.57 Final Amt :2361.64 Days :236 Avg Daily Profit :0.096 %
Env #:0 Genome_id # :374 Fitness :259359.79 Final Amt :1974.95 Days :236 Avg Daily Profit :0.037 %
Env #:0 Genome_id # :388 Fitness :-90934.0 Final Amt :1003.55 Days :236 Avg Daily Profit :-0.243 %
Env #:0 Genome_id # :301 Fitness :320773.82 Final Amt :3802.91 Days :236 Avg Daily Profit :0.321 %
Env #:0 Genome_id # :871 Fitness :-38360.99 Final Amt :2183.13 Days :236 Avg Daily Profit :0.084 %
Env #:0 Genome_id # :12 Fitness :13064.98 Final Amt :1756.55 Days :236 Avg Daily Profit :-0.007 %
Env #:0 Genome_id # :27 Fitness :32433.02 Final Amt :2342.32 Days :236 Avg Daily Profit :0.107 %
Env #:0 Genome_id # :41 Fitness :-14741.87 Final Amt :1751.28 Days :236 Avg Daily Profit :-0.026 %
Env #:0 Genome_id # :44 Fitness :24059.34 Final Amt :2053.25 Days :236 Avg Daily Profit :0.063 %
Env #:0 Genome_id # :1042 Fitness :231962.46 Final Amt :3816.93 Days :236 Avg Daily Profit :0.32 %
Env #:0 Genome_id # :79 Fitness :-4755.08 Final Amt :1462.91 Days :236 Avg Daily Profit :-0.075 %
Env #:0 Genome_id # :89 Fitness :4145.46 Final Amt :1610.18 Days :236 Avg Daily Profit :-0.05 %
Env #:0 Genome_id # :102 Fitness :40038.58 Final Amt :2384.61 Days :236 Avg Daily Profit :0.117 %
Env #:0 Genome_id # :1042 Fitness :231962.46 Final Amt :3816.93 Days :236 Avg Daily Profit :0.32 %
Env #:0 Genome_id # :137 Fitness :-40690.64 Final Amt :1337.44 Days :236 Avg Daily Profit :-0.12 %
Env #:0 Genome_id # :142 Fitness :13703.71 Final Amt :2155.94 Days :236 Avg Daily Profit :0.078 %
Env #:0 Genome_id # :155 Fitness :12132.22 Final Amt :2080.97 Days :236 Avg Daily Profit :0.019 %
Env #:0 Genome_id # :1072 Fitness :127073.12 Final Amt :1856.64 Days :236 Avg Daily Profit :-0.004 %
Env #:0 Genome_id # :190 Fitness :-14004.26 Final Amt :1538.66 Days :236 Avg Daily Profit :-0.062 %
Env #:0 Genome_id # :209 Fitness :-66518.65 Final Amt :1458.8 Days :236 Avg Daily Profit :-0.079 %
Env #:0 Genome_id # :222 Fitness :-1434.88 Final Amt :1999.49 Days :236 Avg Daily Profit :0.041 %
Env #:0 Genome_id # :238 Fitness :18816.21 Final Amt :1796.34 Days :236 Avg Daily Profit :0.002 %
Env #:0 Genome_id # :251 Fitness :55221.76 Final Amt :2545.08 Days :236 Avg Daily Profit :0.131 %
Env #:0 Genome_id # :259 Fitness :-21462.08 Final Amt :1465.24 Days :236 Avg Daily Profit :-0.084 %
Env #:0 Genome_id # :279 Fitness :-104097.21 Final Amt :1516.15 Days :236 Avg Daily Profit :-0.073 %
Env #:0 Genome_id # :289 Fitness :34024.24 Final Amt :1704.23 Days :236 Avg Daily Profit :-0.023 %
Env #:0 Genome_id # :298 Fitness :-95431.14 Final Amt :1277.66 Days :236 Avg Daily Profit :-0.146 %
Env #:0 Genome_id # :312 Fitness :63639.71 Final Amt :2243.13 Days :236 Avg Daily Profit :0.077 %
Env #:0 Genome_id # :329 Fitness :-52014.1 Final Amt :1487.81 Days :236 Avg Daily Profit :-0.072 %
Env #:0 Genome_id # :342 Fitness :-22183.38 Final Amt :1522.82 Days :236 Avg Daily Profit :-0.062 %
Env #:0 Genome_id # :354 Fitness :-30318.0 Final Amt :1402.26 Days :236 Avg Daily Profit :-0.099 %
Env #:0 Genome_id # :367 Fitness :0.0 Final Amt :2000.0 Days :236 Avg Daily Profit :0.0 %
Env #:0 Genome_id # :274 Fitness :251897.04 Final Amt :2053.5 Days :236 Avg Daily Profit :0.057 %
Env #:0 Genome_id # :397 Fitness :143853.64 Final Amt :2795.21 Days :236 Avg Daily Profit :0.194 %
Env #:0 Genome_id # :594 Fitness :20129.22 Final Amt :2003.82 Days :236 Avg Daily Profit :0.058 %
Env #:0 Genome_id # :1042 Fitness :231962.46 Final Amt :3816.93 Days :236 Avg Daily Profit :0.32 %
Env #:0 Genome_id # :20 Fitness :-42271.32 Final Amt :1742.18 Days :236 Avg Daily Profit :-0.005 %
Env #:0 Genome_id # :42 Fitness :-3761.28 Final Amt :1561.0 Days :236 Avg Daily Profit :-0.054 %
Env #:0 Genome_id # :56 Fitness :76978.65 Final Amt :2780.9 Days :236 Avg Daily Profit :0.173 %
Env #:0 Genome_id # :29 Fitness :86769.71 Final Amt :3310.65 Days :236 Avg Daily Profit :0.259 %
Env #:0 Genome_id # :1042 Fitness :231962.46 Final Amt :3816.93 Days :236 Avg Daily Profit :0.32 %
Env #:0 Genome_id # :92 Fitness :126639.33 Final Amt :1986.38 Days :236 Avg Daily Profit :0.046 %
Env #:0 Genome_id # :100 Fitness :1901.88 Final Amt :2019.65 Days :236 Avg Daily Profit :0.004 %
Env #:0 Genome_id # :1072 Fitness :127073.12 Final Amt :1856.64 Days :236 Avg Daily Profit :-0.004 %
Env #:0 Genome_id # :138 Fitness :-84881.76 Final Amt :783.4 Days :236 Avg Daily Profit :-0.352 %
Env #:0 Genome_id # :38 Fitness :192106.35 Final Amt :2903.4 Days :236 Avg Daily Profit :0.207 %
Env #:0 Genome_id # :156 Fitness :35839.51 Final Amt :2272.16 Days :236 Avg Daily Profit :0.109 %
Env #:0 Genome_id # :65 Fitness :227739.85 Final Amt :1010.62 Days :236 Avg Daily Profit :-0.245 %
Env #:0 Genome_id # :1042 Fitness :231962.46 Final Amt :3816.93 Days :236 Avg Daily Profit :0.32 %
Env #:0 Genome_id # :205 Fitness :-102899.83 Final Amt :1301.89 Days :236 Avg Daily Profit :-0.133 %
Env #:0 Genome_id # :220 Fitness :6486.36 Final Amt :2067.91 Days :236 Avg Daily Profit :0.055 %
Env #:0 Genome_id # :236 Fitness :88921.03 Final Amt :2395.54 Days :236 Avg Daily Profit :0.127 %
Env #:0 Genome_id # :234 Fitness :151449.45 Final Amt :2303.03 Days :236 Avg Daily Profit :0.092 %
Env #:0 Genome_id # :246 Fitness :217310.72 Final Amt :2104.22 Days :236 Avg Daily Profit :0.069 %
Env #:0 Genome_id # :275 Fitness :-1227.18 Final Amt :1538.11 Days :236 Avg Daily Profit :-0.057 %
Env #:0 Genome_id # :294 Fitness :-77847.5 Final Amt :1575.59 Days :236 Avg Daily Profit :-0.075 %
Env #:0 Genome_id # :1042 Fitness :231962.46 Final Amt :3816.93 Days :236 Avg Daily Profit :0.32 %
Env #:0 Genome_id # :313 Fitness :-38266.54 Final Amt :1460.35 Days :236 Avg Daily Profit :-0.088 %
Env #:0 Genome_id # :331 Fitness :-51795.31 Final Amt :1901.09 Days :236 Avg Daily Profit :0.023 %
Env #:0 Genome_id # :345 Fitness :15925.36 Final Amt :1672.0 Days :236 Avg Daily Profit :-0.022 %
Env #:0 Genome_id # :364 Fitness :-78043.85 Final Amt :1020.8 Days :236 Avg Daily Profit :-0.234 %
Env #:0 Genome_id # :303 Fitness :306098.69 Final Amt :1395.41 Days :236 Avg Daily Profit :-0.129 %
Env #:0 Genome_id # :301 Fitness :320773.82 Final Amt :3802.91 Days :236 Avg Daily Profit :0.321 %
Env #:0 Genome_id # :394 Fitness :-31345.05 Final Amt :1608.58 Days :236 Avg Daily Profit :-0.046 %
Env #:0 Genome_id # :941 Fitness :71083.21 Final Amt :3152.11 Days :236 Avg Daily Profit :0.23 %
Env #:0 Genome_id # :8 Fitness :32993.95 Final Amt :2344.78 Days :236 Avg Daily Profit :0.111 %
Env #:0 Genome_id # :28 Fitness :-28184.44 Final Amt :1955.69 Days :236 Avg Daily Profit :0.041 %
Env #:0 Genome_id # :37 Fitness :170157.1 Final Amt :4049.43 Days :236 Avg Daily Profit :0.345 %
Env #:0 Genome_id # :49 Fitness :-814.19 Final Amt :1769.41 Days :236 Avg Daily Profit :-0.007 %
Env #:0 Genome_id # :70 Fitness :-57365.47 Final Amt :1380.87 Days :236 Avg Daily Profit :-0.112 %
Env #:0 Genome_id # :81 Fitness :-56404.67 Final Amt :1216.9 Days :236 Avg Daily Profit :-0.173 %
Env #:0 Genome_id # :97 Fitness :-86868.08 Final Amt :1125.29 Days :236 Avg Daily Profit :-0.185 %
Env #:0 Genome_id # :1042 Fitness :231962.46 Final Amt :3816.93 Days :236 Avg Daily Profit :0.32 %
Env #:0 Genome_id # :123 Fitness :40226.28 Final Amt :2192.52 Days :236 Avg Daily Profit :0.067 %
Env #:0 Genome_id # :131 Fitness :60790.39 Final Amt :2342.21 Days :236 Avg Daily Profit :0.102 %
Env #:0 Genome_id # :144 Fitness :12426.47 Final Amt :2028.08 Days :236 Avg Daily Profit :0.039 %
Env #:0 Genome_id # :57 Fitness :96526.13 Final Amt :2267.6 Days :236 Avg Daily Profit :0.106 %
Env #:0 Genome_id # :171 Fitness :33180.1 Final Amt :2360.18 Days :236 Avg Daily Profit :0.111 %
Env #:0 Genome_id # :183 Fitness :75409.59 Final Amt :2335.69 Days :236 Avg Daily Profit :0.108 %
Env #:0 Genome_id # :197 Fitness :37822.42 Final Amt :2115.84 Days :236 Avg Daily Profit :0.066 %
Env #:0 Genome_id # :219 Fitness :6480.9 Final Amt :2301.82 Days :236 Avg Daily Profit :0.105 %
Env #:0 Genome_id # :226 Fitness :11503.48 Final Amt :2208.12 Days :236 Avg Daily Profit :0.087 %
Env #:0 Genome_id # :252 Fitness :56092.32 Final Amt :2557.94 Days :236 Avg Daily Profit :0.144 %
Env #:0 Genome_id # :262 Fitness :123590.06 Final Amt :2606.84 Days :236 Avg Daily Profit :0.164 %
Env #:0 Genome_id # :273 Fitness :5897.62 Final Amt :2174.96 Days :236 Avg Daily Profit :0.071 %
Env #:0 Genome_id # :292 Fitness :4483.84 Final Amt :3031.89 Days :236 Avg Daily Profit :0.223 %
Env #:0 Genome_id # :300 Fitness :-51177.69 Final Amt :1558.21 Days :236 Avg Daily Profit :-0.062 %
Env #:0 Genome_id # :316 Fitness :13006.7 Final Amt :1734.73 Days :236 Avg Daily Profit :-0.013 %
Env #:0 Genome_id # :336 Fitness :-16015.97 Final Amt :1514.38 Days :236 Avg Daily Profit :-0.085 %
Env #:0 Genome_id # :246 Fitness :217310.72 Final Amt :2104.22 Days :236 Avg Daily Profit :0.069 %
Env #:0 Genome_id # :358 Fitness :246544.14 Final Amt :3836.56 Days :236 Avg Daily Profit :0.321 %
Env #:0 Genome_id # :375 Fitness :-15462.85 Final Amt :1502.53 Days :236 Avg Daily Profit :-0.064 %
Env #:0 Genome_id # :380 Fitness :15416.29 Final Amt :2174.38 Days :236 Avg Daily Profit :0.079 %
Env #:0 Genome_id # :396 Fitness :-13935.17 Final Amt :1416.9 Days :236 Avg Daily Profit :-0.094 %
Env #:0 Genome_id # :263 Fitness :-79233.67 Final Amt :1297.5 Days :236 Avg Daily Profit :-0.135 %
Env #:0 Genome_id # :9 Fitness :84171.99 Final Amt :3201.4 Days :236 Avg Daily Profit :0.238 %
Env #:0 Genome_id # :942 Fitness :85245.63 Final Amt :3583.99 Days :236 Avg Daily Profit :0.296 %
Env #:0 Genome_id # :38 Fitness :192106.35 Final Amt :2903.4 Days :236 Avg Daily Profit :0.207 %
Env #:0 Genome_id # :47 Fitness :75344.84 Final Amt :2566.1 Days :236 Avg Daily Profit :0.157 %
Env #:0 Genome_id # :57 Fitness :96526.13 Final Amt :2267.6 Days :236 Avg Daily Profit :0.106 %
Env #:0 Genome_id # :73 Fitness :28307.92 Final Amt :2253.98 Days :236 Avg Daily Profit :0.095 %
Env #:0 Genome_id # :87 Fitness :0.0 Final Amt :2000.0 Days :236 Avg Daily Profit :0.0 %
Env #:0 Genome_id # :1072 Fitness :127073.12 Final Amt :1856.64 Days :236 Avg Daily Profit :-0.004 %
Env #:0 Genome_id # :122 Fitness :28101.19 Final Amt :2134.13 Days :236 Avg Daily Profit :0.081 %
Env #:0 Genome_id # :132 Fitness :32719.26 Final Amt :2245.92 Days :236 Avg Daily Profit :0.086 %
Env #:0 Genome_id # :148 Fitness :19386.28 Final Amt :1845.61 Days :236 Avg Daily Profit :0.018 %
Env #:0 Genome_id # :161 Fitness :-38619.85 Final Amt :1506.76 Days :236 Avg Daily Profit :-0.071 %
Env #:0 Genome_id # :170 Fitness :54061.83 Final Amt :1367.17 Days :236 Avg Daily Profit :-0.118 %
Env #:0 Genome_id # :38 Fitness :192106.35 Final Amt :2903.4 Days :236 Avg Daily Profit :0.207 %
Env #:0 Genome_id # :57 Fitness :96526.13 Final Amt :2267.6 Days :236 Avg Daily Profit :0.106 %
Env #:0 Genome_id # :211 Fitness :64907.31 Final Amt :3115.37 Days :236 Avg Daily Profit :0.207 %
Env #:0 Genome_id # :232 Fitness :-60805.47 Final Amt :1079.2 Days :236 Avg Daily Profit :-0.216 %
Env #:0 Genome_id # :248 Fitness :-16988.97 Final Amt :1999.45 Days :236 Avg Daily Profit :0.044 %
Env #:0 Genome_id # :265 Fitness :1177.32 Final Amt :2020.99 Days :236 Avg Daily Profit :0.004 %
Env #:0 Genome_id # :65 Fitness :227739.85 Final Amt :1010.62 Days :236 Avg Daily Profit :-0.245 %
Env #:0 Genome_id # :282 Fitness :82908.12 Final Amt :4065.97 Days :236 Avg Daily Profit :0.325 %
Env #:0 Genome_id # :303 Fitness :306098.69 Final Amt :1395.41 Days :236 Avg Daily Profit :-0.129 %
Env #:0 Genome_id # :301 Fitness :320773.82 Final Amt :3802.91 Days :236 Avg Daily Profit :0.321 %
Env #:0 Genome_id # :330 Fitness :-73957.95 Final Amt :1455.47 Days :236 Avg Daily Profit :-0.085 %
Env #:0 Genome_id # :338 Fitness :-43475.46 Final Amt :1469.41 Days :236 Avg Daily Profit :-0.087 %
Env #:0 Genome_id # :301 Fitness :320773.82 Final Amt :3802.91 Days :236 Avg Daily Profit :0.321 %
Env #:0 Genome_id # :315 Fitness :289871.87 Final Amt :2880.95 Days :236 Avg Daily Profit :0.203 %
Env #:0 Genome_id # :386 Fitness :-163888.42 Final Amt :1175.61 Days :236 Avg Daily Profit :-0.177 %
Env #:0 Genome_id # :315 Fitness :289871.87 Final Amt :2880.95 Days :236 Avg Daily Profit :0.203 %
Env #:0 Genome_id # :927 Fitness :34772.8 Final Amt :2367.76 Days :236 Avg Daily Profit :0.124 %
Env #:0 Genome_id # :2 Fitness :-32810.11 Final Amt :1355.32 Days :236 Avg Daily Profit :-0.132 %
Env #:0 Genome_id # :17 Fitness :0.0 Final Amt :2000.0 Days :236 Avg Daily Profit :0.0 %
Env #:0 Genome_id # :1072 Fitness :127073.12 Final Amt :1856.64 Days :236 Avg Daily Profit :-0.004 %
Env #:0 Genome_id # :38 Fitness :192106.35 Final Amt :2903.4 Days :236 Avg Daily Profit :0.207 %
Env #:0 Genome_id # :47 Fitness :75344.84 Final Amt :2566.1 Days :236 Avg Daily Profit :0.157 %
Env #:0 Genome_id # :71 Fitness :-64383.46 Final Amt :1646.24 Days :236 Avg Daily Profit :-0.035 %
Env #:0 Genome_id # :96 Fitness :-5198.58 Final Amt :1589.55 Days :236 Avg Daily Profit :-0.045 %
Env #:0 Genome_id # :112 Fitness :133044.21 Final Amt :2278.99 Days :236 Avg Daily Profit :0.107 %
Env #:0 Genome_id # :116 Fitness :65252.37 Final Amt :2539.15 Days :236 Avg Daily Profit :0.152 %
Env #:0 Genome_id # :134 Fitness :48076.78 Final Amt :2494.15 Days :236 Avg Daily Profit :0.11 %
Env #:0 Genome_id # :141 Fitness :-10762.45 Final Amt :1558.4 Days :236 Avg Daily Profit :-0.055 %
Env #:0 Genome_id # :160 Fitness :-21133.71 Final Amt :1455.43 Days :236 Avg Daily Profit :-0.085 %
Env #:0 Genome_id # :180 Fitness :-99219.72 Final Amt :1215.74 Days :236 Avg Daily Profit :-0.164 %
Env #:0 Genome_id # :188 Fitness :14147.65 Final Amt :2144.63 Days :236 Avg Daily Profit :0.074 %
Env #:0 Genome_id # :210 Fitness :64848.82 Final Amt :1898.59 Days :236 Avg Daily Profit :0.031 %
Env #:0 Genome_id # :1042 Fitness :231962.46 Final Amt :3816.93 Days :236 Avg Daily Profit :0.32 %
Env #:0 Genome_id # :233 Fitness :-86233.21 Final Amt :1622.9 Days :236 Avg Daily Profit :-0.054 %
Env #:0 Genome_id # :239 Fitness :-58946.27 Final Amt :1405.51 Days :236 Avg Daily Profit :-0.102 %
Env #:0 Genome_id # :65 Fitness :227739.85 Final Amt :1010.62 Days :236 Avg Daily Profit :-0.245 %
Env #:0 Genome_id # :271 Fitness :-43857.17 Final Amt :1166.62 Days :236 Avg Daily Profit :-0.179 %
Env #:0 Genome_id # :1042 Fitness :231962.46 Final Amt :3816.93 Days :236 Avg Daily Profit :0.32 %
Env #:0 Genome_id # :297 Fitness :-10115.25 Final Amt :1910.22 Days :236 Avg Daily Profit :-0.019 %
Env #:0 Genome_id # :274 Fitness :251897.04 Final Amt :2053.5 Days :236 Avg Daily Profit :0.057 %
Env #:0 Genome_id # :324 Fitness :30703.19 Final Amt :2401.35 Days :236 Avg Daily Profit :0.124 %
Env #:0 Genome_id # :213 Fitness :246499.15 Final Amt :3059.85 Days :236 Avg Daily Profit :0.227 %
Env #:0 Genome_id # :303 Fitness :306098.69 Final Amt :1395.41 Days :236 Avg Daily Profit :-0.129 %
Env #:0 Genome_id # :365 Fitness :-64250.19 Final Amt :1346.0 Days :236 Avg Daily Profit :-0.116 %
Env #:0 Genome_id # :383 Fitness :6276.51 Final Amt :1650.52 Days :236 Avg Daily Profit :-0.033 %
Env #:0 Genome_id # :401 Fitness :-5380.13 Final Amt :1530.4 Days :236 Avg Daily Profit :-0.059 %
Env #:0 Genome_id # :942 Fitness :85245.63 Final Amt :3583.99 Days :236 Avg Daily Profit :0.296 %
Env #:0 Genome_id # :11 Fitness :12552.16 Final Amt :1902.31 Days :236 Avg Daily Profit :0.019 %
Env #:0 Genome_id # :26 Fitness :118205.26 Final Amt :3414.77 Days :236 Avg Daily Profit :0.261 %
Env #:0 Genome_id # :40 Fitness :-1799.69 Final Amt :1600.76 Days :236 Avg Daily Profit :-0.042 %
Env #:0 Genome_id # :54 Fitness :121269.0 Final Amt :3790.82 Days :236 Avg Daily Profit :0.321 %
Env #:0 Genome_id # :58 Fitness :-28737.24 Final Amt :1518.07 Days :236 Avg Daily Profit :-0.081 %
Env #:0 Genome_id # :72 Fitness :24943.82 Final Amt :2302.91 Days :236 Avg Daily Profit :0.098 %
Env #:0 Genome_id # :91 Fitness :12096.88 Final Amt :2210.96 Days :236 Avg Daily Profit :0.051 %
Env #:0 Genome_id # :57 Fitness :96526.13 Final Amt :2267.6 Days :236 Avg Daily Profit :0.106 %
Env #:0 Genome_id # :65 Fitness :227739.85 Final Amt :1010.62 Days :236 Avg Daily Profit :-0.245 %
Env #:0 Genome_id # :136 Fitness :2855.63 Final Amt :2020.84 Days :236 Avg Daily Profit :0.008 %
Env #:0 Genome_id # :1072 Fitness :127073.12 Final Amt :1856.64 Days :236 Avg Daily Profit :-0.004 %
Env #:0 Genome_id # :65 Fitness :227739.85 Final Amt :1010.62 Days :236 Avg Daily Profit :-0.245 %
Env #:0 Genome_id # :175 Fitness :6467.09 Final Amt :1733.37 Days :236 Avg Daily Profit :-0.013 %
Env #:0 Genome_id # :194 Fitness :2124.8 Final Amt :1639.14 Days :236 Avg Daily Profit :-0.043 %
Env #:0 Genome_id # :208 Fitness :3280.68 Final Amt :2046.96 Days :236 Avg Daily Profit :0.056 %
Env #:0 Genome_id # :224 Fitness :4111.69 Final Amt :1799.06 Days :236 Avg Daily Profit :0.006 %
Env #:0 Genome_id # :231 Fitness :-16392.16 Final Amt :1507.04 Days :236 Avg Daily Profit :-0.068 %
Env #:0 Genome_id # :243 Fitness :-23890.02 Final Amt :2693.16 Days :236 Avg Daily Profit :0.141 %
Env #:0 Genome_id # :264 Fitness :-54356.25 Final Amt :1576.96 Days :236 Avg Daily Profit :-0.056 %
Env #:0 Genome_id # :278 Fitness :37347.47 Final Amt :1423.43 Days :236 Avg Daily Profit :-0.103 %
Env #:0 Genome_id # :286 Fitness :262848.91 Final Amt :3876.83 Days :236 Avg Daily Profit :0.324 %
Env #:0 Genome_id # :301 Fitness :320773.82 Final Amt :3802.91 Days :236 Avg Daily Profit :0.321 %
Env #:0 Genome_id # :315 Fitness :289871.87 Final Amt :2880.95 Days :236 Avg Daily Profit :0.203 %
Env #:0 Genome_id # :333 Fitness :-32549.01 Final Amt :1374.39 Days :236 Avg Daily Profit :-0.106 %
Env #:0 Genome_id # :337 Fitness :-14220.9 Final Amt :1763.83 Days :236 Avg Daily Profit :-0.041 %
Env #:0 Genome_id # :213 Fitness :246499.15 Final Amt :3059.85 Days :236 Avg Daily Profit :0.227 %
Env #:0 Genome_id # :301 Fitness :320773.82 Final Amt :3802.91 Days :236 Avg Daily Profit :0.321 %
Env #:0 Genome_id # :385 Fitness :-9203.66 Final Amt :1496.03 Days :236 Avg Daily Profit :-0.075 %
Env #:0 Genome_id # :398 Fitness :-58500.83 Final Amt :1456.54 Days :236 Avg Daily Profit :-0.085 %
Env #:0 Genome_id # :718 Fitness :74068.88 Final Amt :1234.83 Days :236 Avg Daily Profit :-0.148 %
Env #:0 Genome_id # :10 Fitness :81352.62 Final Amt :3152.81 Days :236 Avg Daily Profit :0.248 %
Env #:0 Genome_id # :23 Fitness :-1109.5 Final Amt :1901.34 Days :236 Avg Daily Profit :0.038 %
Env #:0 Genome_id # :39 Fitness :22192.27 Final Amt :2254.36 Days :236 Avg Daily Profit :0.094 %
Env #:0 Genome_id # :55 Fitness :-43962.56 Final Amt :1147.33 Days :236 Avg Daily Profit :-0.191 %
Env #:0 Genome_id # :64 Fitness :20351.08 Final Amt :2121.07 Days :236 Avg Daily Profit :0.076 %
Env #:0 Genome_id # :74 Fitness :-121333.88 Final Amt :1200.96 Days :236 Avg Daily Profit :-0.171 %
Env #:0 Genome_id # :94 Fitness :-621.54 Final Amt :2101.33 Days :236 Avg Daily Profit :0.062 %
Env #:0 Genome_id # :105 Fitness :13339.72 Final Amt :1510.01 Days :236 Avg Daily Profit :-0.068 %
Env #:0 Genome_id # :119 Fitness :40919.99 Final Amt :1554.77 Days :236 Avg Daily Profit :-0.053 %
Env #:0 Genome_id # :130 Fitness :-80046.47 Final Amt :1257.46 Days :236 Avg Daily Profit :-0.139 %
Env #:0 Genome_id # :149 Fitness :-808.2 Final Amt :1613.56 Days :236 Avg Daily Profit :-0.045 %
Env #:0 Genome_id # :165 Fitness :-49765.04 Final Amt :1283.84 Days :236 Avg Daily Profit :-0.137 %
Env #:0 Genome_id # :174 Fitness :-3515.93 Final Amt :2104.55 Days :236 Avg Daily Profit :0.045 %
Env #:0 Genome_id # :1072 Fitness :127073.12 Final Amt :1856.64 Days :236 Avg Daily Profit :-0.004 %
Env #:0 Genome_id # :206 Fitness :-52737.82 Final Amt :1410.45 Days :236 Avg Daily Profit :-0.1 %
Env #:0 Genome_id # :221 Fitness :88904.55 Final Amt :4112.13 Days :236 Avg Daily Profit :0.349 %
Env #:0 Genome_id # :228 Fitness :-99028.2 Final Amt :1247.18 Days :236 Avg Daily Profit :-0.15 %
Env #:0 Genome_id # :241 Fitness :-61622.14 Final Amt :1568.0 Days :236 Avg Daily Profit :-0.054 %
Env #:0 Genome_id # :256 Fitness :177220.58 Final Amt :1884.71 Days :236 Avg Daily Profit :0.017 %
Env #:0 Genome_id # :213 Fitness :246499.15 Final Amt :3059.85 Days :236 Avg Daily Profit :0.227 %
Env #:0 Genome_id # :288 Fitness :-86284.96 Final Amt :1543.88 Days :236 Avg Daily Profit :-0.065 %
Env #:0 Genome_id # :296 Fitness :65010.0 Final Amt :2294.84 Days :236 Avg Daily Profit :0.108 %
Env #:0 Genome_id # :319 Fitness :-42827.83 Final Amt :1405.0 Days :236 Avg Daily Profit :-0.101 %
Env #:0 Genome_id # :326 Fitness :-79941.39 Final Amt :1420.99 Days :236 Avg Daily Profit :-0.099 %
Env #:0 Genome_id # :348 Fitness :47762.55 Final Amt :2431.74 Days :236 Avg Daily Profit :0.117 %
Env #:0 Genome_id # :363 Fitness :-6636.15 Final Amt :1575.85 Days :236 Avg Daily Profit :-0.048 %
Env #:0 Genome_id # :377 Fitness :-57780.56 Final Amt :1378.01 Days :236 Avg Daily Profit :-0.117 %
Env #:0 Genome_id # :391 Fitness :21937.78 Final Amt :1986.75 Days :236 Avg Daily Profit :0.042 %
Env #:0 Genome_id # :406 Fitness :87865.38 Final Amt :2673.44 Days :236 Avg Daily Profit :0.157 %
Env #:0 Genome_id # :365 Fitness :63880.45 Final Amt :1615.43 Days :236 Avg Daily Profit :-0.042 %
Env #:0 Genome_id # :941 Fitness :71083.21 Final Amt :3152.11 Days :236 Avg Daily Profit :0.23 %
Env #:0 Genome_id # :22 Fitness :81044.85 Final Amt :3145.56 Days :236 Avg Daily Profit :0.225 %
Env #:0 Genome_id # :21 Fitness :113819.25 Final Amt :4017.64 Days :236 Avg Daily Profit :0.338 %
Env #:0 Genome_id # :50 Fitness :-38193.1 Final Amt :1491.74 Days :236 Avg Daily Profit :-0.081 %
Env #:0 Genome_id # :37 Fitness :170157.1 Final Amt :4049.43 Days :236 Avg Daily Profit :0.345 %
Env #:0 Genome_id # :38 Fitness :192106.35 Final Amt :2903.4 Days :236 Avg Daily Profit :0.207 %
Env #:0 Genome_id # :88 Fitness :2277.43 Final Amt :2030.38 Days :236 Avg Daily Profit :0.006 %
Env #:0 Genome_id # :76 Fitness :147381.63 Final Amt :3633.91 Days :236 Avg Daily Profit :0.3 %
Env #:0 Genome_id # :118 Fitness :-28033.11 Final Amt :1040.89 Days :236 Avg Daily Profit :-0.222 %
Env #:0 Genome_id # :139 Fitness :23201.97 Final Amt :1945.31 Days :236 Avg Daily Profit :0.013 %
Env #:0 Genome_id # :145 Fitness :0.0 Final Amt :2000.0 Days :236 Avg Daily Profit :0.0 %
Env #:0 Genome_id # :76 Fitness :147381.63 Final Amt :3633.91 Days :236 Avg Daily Profit :0.3 %
Env #:0 Genome_id # :177 Fitness :119748.93 Final Amt :4186.12 Days :236 Avg Daily Profit :0.358 %
Env #:0 Genome_id # :187 Fitness :41534.53 Final Amt :2602.15 Days :236 Avg Daily Profit :0.16 %
Env #:0 Genome_id # :201 Fitness :37288.76 Final Amt :2197.45 Days :236 Avg Daily Profit :0.073 %
Env #:0 Genome_id # :38 Fitness :192106.35 Final Amt :2903.4 Days :236 Avg Daily Profit :0.207 %
Env #:0 Genome_id # :227 Fitness :-34287.37 Final Amt :2035.96 Days :236 Avg Daily Profit :0.031 %
Env #:0 Genome_id # :246 Fitness :217310.72 Final Amt :2104.22 Days :236 Avg Daily Profit :0.069 %
Env #:0 Genome_id # :261 Fitness :0.0 Final Amt :2000.0 Days :236 Avg Daily Profit :0.0 %
Env #:0 Genome_id # :1042 Fitness :231962.46 Final Amt :3816.93 Days :236 Avg Daily Profit :0.32 %
Env #:0 Genome_id # :274 Fitness :251897.04 Final Amt :2053.5 Days :236 Avg Daily Profit :0.057 %
Env #:0 Genome_id # :65 Fitness :227739.85 Final Amt :1010.62 Days :236 Avg Daily Profit :-0.245 %
Env #:0 Genome_id # :311 Fitness :-27313.72 Final Amt :1353.75 Days :236 Avg Daily Profit :-0.117 %
Env #:0 Genome_id # :335 Fitness :-16325.22 Final Amt :1484.02 Days :236 Avg Daily Profit :-0.074 %
Env #:0 Genome_id # :349 Fitness :18952.27 Final Amt :2246.3 Days :236 Avg Daily Profit :0.085 %
Env #:0 Genome_id # :352 Fitness :189289.87 Final Amt :2309.44 Days :236 Avg Daily Profit :0.106 %
Env #:0 Genome_id # :369 Fitness :14803.14 Final Amt :1836.92 Days :236 Avg Daily Profit :0.012 %
Env #:0 Genome_id # :379 Fitness :-8632.41 Final Amt :1525.75 Days :236 Avg Daily Profit :-0.066 %
Env #:0 Genome_id # :404 Fitness :-103329.76 Final Amt :1144.94 Days :236 Avg Daily Profit :-0.21 %
Env #:0 Genome_id # :99 Fitness :66525.35 Final Amt :2616.17 Days :236 Avg Daily Profit :0.17 %
Env #:0 Genome_id # :14 Fitness :-28381.63 Final Amt :1347.85 Days :236 Avg Daily Profit :-0.118 %
Env #:0 Genome_id # :21 Fitness :113819.25 Final Amt :4017.64 Days :236 Avg Daily Profit :0.338 %
Env #:0 Genome_id # :26 Fitness :118205.26 Final Amt :3414.77 Days :236 Avg Daily Profit :0.261 %
Env #:0 Genome_id # :52 Fitness :-11566.17 Final Amt :1515.78 Days :236 Avg Daily Profit :-0.064 %
Env #:0 Genome_id # :69 Fitness :-62996.17 Final Amt :1093.09 Days :236 Avg Daily Profit :-0.232 %
Env #:0 Genome_id # :84 Fitness :-30530.34 Final Amt :1214.22 Days :236 Avg Daily Profit :-0.174 %
Env #:0 Genome_id # :76 Fitness :147381.63 Final Amt :3633.91 Days :236 Avg Daily Profit :0.3 %
Env #:0 Genome_id # :107 Fitness :9799.49 Final Amt :1536.48 Days :236 Avg Daily Profit :-0.062 %
Env #:0 Genome_id # :126 Fitness :-69236.34 Final Amt :1338.09 Days :236 Avg Daily Profit :-0.12 %
Env #:0 Genome_id # :133 Fitness :-54750.78 Final Amt :1336.76 Days :236 Avg Daily Profit :-0.136 %
Env #:0 Genome_id # :1042 Fitness :231962.46 Final Amt :3816.93 Days :236 Avg Daily Profit :0.32 %
Env #:0 Genome_id # :162 Fitness :-45467.1 Final Amt :1404.5 Days :236 Avg Daily Profit :-0.101 %
Env #:0 Genome_id # :169 Fitness :-3270.03 Final Amt :1800.39 Days :236 Avg Daily Profit :-0.005 %
Env #:0 Genome_id # :193 Fitness :74856.31 Final Amt :2281.57 Days :236 Avg Daily Profit :0.107 %
Env #:0 Genome_id # :199 Fitness :35666.56 Final Amt :2220.54 Days :236 Avg Daily Profit :0.088 %
Env #:0 Genome_id # :218 Fitness :4067.88 Final Amt :1630.35 Days :236 Avg Daily Profit :-0.032 %
Env #:0 Genome_id # :237 Fitness :48036.2 Final Amt :2370.03 Days :236 Avg Daily Profit :0.116 %
Env #:0 Genome_id # :76 Fitness :147381.63 Final Amt :3633.91 Days :236 Avg Daily Profit :0.3 %
Env #:0 Genome_id # :234 Fitness :151449.45 Final Amt :2303.03 Days :236 Avg Daily Profit :0.092 %
Env #:0 Genome_id # :277 Fitness :30830.9 Final Amt :2219.4 Days :236 Avg Daily Profit :0.085 %
Env #:0 Genome_id # :242 Fitness :192323.8 Final Amt :2979.84 Days :236 Avg Daily Profit :0.206 %
Env #:0 Genome_id # :302 Fitness :171404.42 Final Amt :3284.81 Days :236 Avg Daily Profit :0.258 %
Env #:0 Genome_id # :317 Fitness :83985.58 Final Amt :2250.31 Days :236 Avg Daily Profit :0.095 %
Env #:0 Genome_id # :301 Fitness :320773.82 Final Amt :3802.91 Days :236 Avg Daily Profit :0.321 %
Env #:0 Genome_id # :303 Fitness :306098.69 Final Amt :1395.41 Days :236 Avg Daily Profit :-0.129 %
Env #:0 Genome_id # :353 Fitness :15172.0 Final Amt :2236.62 Days :236 Avg Daily Profit :0.095 %
Env #:0 Genome_id # :376 Fitness :458.67 Final Amt :1273.07 Days :236 Avg Daily Profit :-0.137 %
Env #:0 Genome_id # :390 Fitness :-59224.16 Final Amt :1211.87 Days :236 Avg Daily Profit :-0.174 %
Env #:0 Genome_id # :395 Fitness :22246.16 Final Amt :2592.39 Days :236 Avg Daily Profit :0.149 %

Saving checkpoint to neat-checkpoint-28

 ****** Running generation 29 ****** 

Population's average fitness: 82773.72610 stdev: 135421.28745
Best fitness: 320773.82100 - size: (9, 32) - species 2 - id 301
Average adjusted fitness: 0.439
Mean genetic distance 2.039, standard deviation 0.996
Population of 20 members in 2 species:
   ID   age  size  fitness  adj fit  stag
  ====  ===  ====  =======  =======  ====
     1   29     9  251897.0    0.413     9
     2   29    11  320773.8    0.465     7
Total extinctions: 0
Generation time: 427.443 sec (591.769 average)
Saving checkpoint to neat-checkpoint-29
Key: 301
Fitness: 320773.82100000087
Nodes:
	0 DefaultNodeGene(key=0, bias=0.8396991716487536, response=1.1310997254398627, activation=relu, aggregation=mean)
	1 DefaultNodeGene(key=1, bias=-1.1153946953122154, response=1.1186900367592785, activation=relu, aggregation=median)
	2 DefaultNodeGene(key=2, bias=-0.12979553134818245, response=0.7964394660571054, activation=relu, aggregation=mean)
	227 DefaultNodeGene(key=227, bias=3.3258170041013866, response=1.0286229388786758, activation=relu, aggregation=max)
	24 DefaultNodeGene(key=24, bias=-0.8639828977121495, response=1.0519568907212289, activation=relu, aggregation=median)
	42 DefaultNodeGene(key=42, bias=1.3556472399792705, response=0.8210641195286416, activation=relu, aggregation=maxabs)
	363 DefaultNodeGene(key=363, bias=-0.569463448699965, response=1.2804231357465208, activation=relu, aggregation=mean)
	63 DefaultNodeGene(key=63, bias=-0.41775032894956593, response=1.014380771894724, activation=relu, aggregation=mean)
	924 DefaultNodeGene(key=924, bias=-0.5923511115488949, response=1.0101558746701194, activation=relu, aggregation=max)
Connections:
	DefaultConnectionGene(key=(-34, 2), weight=-1.1956922225517632, enabled=False)
	DefaultConnectionGene(key=(-33, 1), weight=-0.18844532308175682, enabled=False)
	DefaultConnectionGene(key=(-33, 2), weight=-0.4787187189635203, enabled=True)
	DefaultConnectionGene(key=(-32, 2), weight=1.5346977606110883, enabled=True)
	DefaultConnectionGene(key=(-31, 0), weight=-0.35323121842287863, enabled=True)
	DefaultConnectionGene(key=(-31, 2), weight=-2.5505806410122345, enabled=True)
	DefaultConnectionGene(key=(-30, 2), weight=1.0797211411871026, enabled=False)
	DefaultConnectionGene(key=(-28, 0), weight=-0.5745014516805722, enabled=False)
	DefaultConnectionGene(key=(-28, 227), weight=0.1619017704767619, enabled=True)
	DefaultConnectionGene(key=(-27, 2), weight=1.080312846761462, enabled=True)
	DefaultConnectionGene(key=(-26, 0), weight=-1.050479699468911, enabled=False)
	DefaultConnectionGene(key=(-26, 1), weight=0.8995138966847546, enabled=True)
	DefaultConnectionGene(key=(-26, 2), weight=2.0116651585207244, enabled=False)
	DefaultConnectionGene(key=(-26, 63), weight=1.3057014773245295, enabled=True)
	DefaultConnectionGene(key=(-25, 2), weight=1.4149096558794996, enabled=False)
	DefaultConnectionGene(key=(-24, 0), weight=2.385570908124792, enabled=False)
	DefaultConnectionGene(key=(-24, 1), weight=-1.2084992452129386, enabled=True)
	DefaultConnectionGene(key=(-23, 0), weight=-0.9254912072878934, enabled=False)
	DefaultConnectionGene(key=(-23, 2), weight=0.9017568347260511, enabled=True)
	DefaultConnectionGene(key=(-22, 1), weight=-2.037478053415815, enabled=False)
	DefaultConnectionGene(key=(-22, 2), weight=-0.7731811667762856, enabled=False)
	DefaultConnectionGene(key=(-21, 0), weight=0.026020593610727366, enabled=True)
	DefaultConnectionGene(key=(-20, 1), weight=-1.3170095233020702, enabled=True)
	DefaultConnectionGene(key=(-19, 0), weight=0.09744646382507156, enabled=False)
	DefaultConnectionGene(key=(-19, 2), weight=-1.7350733249202541, enabled=False)
	DefaultConnectionGene(key=(-18, 0), weight=-1.8338052493541135, enabled=True)
	DefaultConnectionGene(key=(-18, 1), weight=-0.34336474936510775, enabled=True)
	DefaultConnectionGene(key=(-18, 42), weight=2.1766754471454077, enabled=False)
	DefaultConnectionGene(key=(-17, 2), weight=1.2776925005884863, enabled=False)
	DefaultConnectionGene(key=(-16, 0), weight=1.9014591965726373, enabled=False)
	DefaultConnectionGene(key=(-16, 1), weight=0.09368843011155248, enabled=False)
	DefaultConnectionGene(key=(-15, 0), weight=1.9318068411870288, enabled=False)
	DefaultConnectionGene(key=(-15, 2), weight=2.8595806962903656, enabled=True)
	DefaultConnectionGene(key=(-14, 1), weight=-2.1079008259276004, enabled=True)
	DefaultConnectionGene(key=(-14, 2), weight=1.339312870168932, enabled=False)
	DefaultConnectionGene(key=(-13, 0), weight=-0.8547424205556393, enabled=True)
	DefaultConnectionGene(key=(-13, 1), weight=0.47402724013905434, enabled=False)
	DefaultConnectionGene(key=(-13, 2), weight=-0.5512008508115215, enabled=True)
	DefaultConnectionGene(key=(-12, 1), weight=2.6506879161000967, enabled=True)
	DefaultConnectionGene(key=(-12, 2), weight=1.4992894823510083, enabled=True)
	DefaultConnectionGene(key=(-11, 1), weight=-1.5657408605445648, enabled=False)
	DefaultConnectionGene(key=(-11, 24), weight=-0.22704775112196163, enabled=False)
	DefaultConnectionGene(key=(-10, 63), weight=-1.6754105280085312, enabled=False)
	DefaultConnectionGene(key=(-8, 1), weight=0.6044892272228733, enabled=False)
	DefaultConnectionGene(key=(-7, 0), weight=-0.5615292712992281, enabled=True)
	DefaultConnectionGene(key=(-7, 2), weight=-1.7374839182008177, enabled=False)
	DefaultConnectionGene(key=(-7, 42), weight=2.429616992344906, enabled=False)
	DefaultConnectionGene(key=(-6, 2), weight=1.3190809003081958, enabled=True)
	DefaultConnectionGene(key=(-4, 1), weight=-0.5806428904027732, enabled=True)
	DefaultConnectionGene(key=(-4, 24), weight=-0.9685351403477584, enabled=False)
	DefaultConnectionGene(key=(-4, 363), weight=-0.6959211075983427, enabled=True)
	DefaultConnectionGene(key=(-3, 0), weight=-1.7551184384779905, enabled=True)
	DefaultConnectionGene(key=(-3, 1), weight=0.6200014536506916, enabled=False)
	DefaultConnectionGene(key=(-3, 2), weight=1.4168940520698394, enabled=False)
	DefaultConnectionGene(key=(-2, 2), weight=-1.0188017995572434, enabled=False)
	DefaultConnectionGene(key=(-1, 0), weight=1.683488785960249, enabled=True)
	DefaultConnectionGene(key=(-1, 2), weight=-3.282180488574378, enabled=True)
	DefaultConnectionGene(key=(1, 1), weight=0.7835989442772694, enabled=True)
	DefaultConnectionGene(key=(24, 0), weight=0.9379170168703904, enabled=False)
	DefaultConnectionGene(key=(24, 1), weight=1.5278931396420259, enabled=False)
	DefaultConnectionGene(key=(24, 924), weight=1.4346473467318765, enabled=True)
	DefaultConnectionGene(key=(42, 0), weight=-1.158045623580528, enabled=False)
	DefaultConnectionGene(key=(63, 1), weight=1.4568435920965848, enabled=True)
	DefaultConnectionGene(key=(227, 0), weight=-1.2882341725610988, enabled=True)
	DefaultConnectionGene(key=(363, 1), weight=0.4068195409521266, enabled=True)
	DefaultConnectionGene(key=(924, 0), weight=1.4709933786865725, enabled=False)
