nohup: ignoring input

 ****** Running generation 0 ****** 

Population's average fitness: 54020.34375 stdev: 78841.07459
Best fitness: 188715.74500 - size: (8, 27) - species 2 - id 1042
Average adjusted fitness: 0.565
Mean genetic distance 2.242, standard deviation 0.989
Population of 20 members in 2 species:
   ID   age  size  fitness  adj fit  stag
  ====  ===  ====  =======  =======  ====
     1    0     8  142664.7    0.513   -83
     2    0    12  188715.7    0.617   -81
Total extinctions: 0
Generation time: 621.282 sec
Saving checkpoint to neat-checkpoint-0

 ****** Running generation 1 ****** 

Population's average fitness: 54357.63780 stdev: 80432.09979
Best fitness: 188715.74500 - size: (8, 27) - species 2 - id 1042
Average adjusted fitness: 0.497
Mean genetic distance 2.281, standard deviation 0.923
Population of 20 members in 2 species:
   ID   age  size  fitness  adj fit  stag
  ====  ===  ====  =======  =======  ====
     1    1     9  142664.7    0.462   -82
     2    1    11  188715.7    0.531   -80
Total extinctions: 0
Generation time: 633.004 sec (627.143 average)
Saving checkpoint to neat-checkpoint-1

 ****** Running generation 2 ****** 

Population's average fitness: 40501.94630 stdev: 82232.48356
Best fitness: 188715.74500 - size: (8, 27) - species 2 - id 1042
Average adjusted fitness: 0.480
Mean genetic distance 2.267, standard deviation 0.932
Population of 20 members in 2 species:
   ID   age  size  fitness  adj fit  stag
  ====  ===  ====  =======  =======  ====
     1    2    10  142664.7    0.531   -81
     2    2    10  188715.7    0.429   -79
Total extinctions: 0
Generation time: 580.088 sec (611.458 average)
Saving checkpoint to neat-checkpoint-2

 ****** Running generation 3 ****** 

Population's average fitness: 50992.20080 stdev: 82118.69599
Best fitness: 188715.74500 - size: (8, 27) - species 2 - id 1042
Average adjusted fitness: 0.524
Mean genetic distance 2.306, standard deviation 0.940
Population of 20 members in 2 species:
   ID   age  size  fitness  adj fit  stag
  ====  ===  ====  =======  =======  ====
     1    3     9  142664.7    0.503   -80
     2    3    11  188715.7    0.545   -78
Total extinctions: 0
Generation time: 556.245 sec (597.655 average)
Saving checkpoint to neat-checkpoint-3

 ****** Running generation 4 ****** 

Population's average fitness: 48455.00875 stdev: 79282.02438
Best fitness: 188715.74500 - size: (8, 27) - species 2 - id 1042
Average adjusted fitness: 0.504
Mean genetic distance 2.300, standard deviation 0.909
Population of 20 members in 2 species:
   ID   age  size  fitness  adj fit  stag
  ====  ===  ====  =======  =======  ====
     1    4    10  142664.7    0.477   -79
     2    4    10  188715.7    0.532   -77
Total extinctions: 0
Generation time: 548.707 sec (587.865 average)
Saving checkpoint to neat-checkpoint-4

 ****** Running generation 5 ****** 

Population's average fitness: 29508.67445 stdev: 89821.22830
Best fitness: 188715.74500 - size: (8, 27) - species 2 - id 1042
Average adjusted fitness: 0.533
Mean genetic distance 2.282, standard deviation 1.004
Population of 20 members in 2 species:
   ID   age  size  fitness  adj fit  stag
  ====  ===  ====  =======  =======  ====
     1    5    11  142664.7    0.579   -78
     2    5     9  188715.7    0.487   -76
Total extinctions: 0
Generation time: 561.944 sec (583.545 average)
Saving checkpoint to neat-checkpoint-5

 ****** Running generation 6 ****** 

Population's average fitness: 70141.12005 stdev: 67194.77852
Best fitness: 188715.74500 - size: (8, 27) - species 2 - id 1042
Average adjusted fitness: 0.484
Mean genetic distance 2.123, standard deviation 1.090
Population of 20 members in 2 species:
   ID   age  size  fitness  adj fit  stag
  ====  ===  ====  =======  =======  ====
     1    6     9  142664.7    0.355   -77
     2    6    11  188715.7    0.614   -75
Total extinctions: 0
Generation time: 543.947 sec (577.888 average)
Saving checkpoint to neat-checkpoint-6

 ****** Running generation 7 ****** 

Population's average fitness: 51258.68900 stdev: 74956.57089
Best fitness: 188715.74500 - size: (8, 27) - species 2 - id 1042
Average adjusted fitness: 0.413
Mean genetic distance 2.191, standard deviation 1.024
Population of 20 members in 2 species:
   ID   age  size  fitness  adj fit  stag
  ====  ===  ====  =======  =======  ====
     1    7    10  142664.7    0.399   -76
     2    7    10  188715.7    0.426   -74
Total extinctions: 0
Generation time: 535.325 sec (572.568 average)
Saving checkpoint to neat-checkpoint-7

 ****** Running generation 8 ****** 

Population's average fitness: 57943.75780 stdev: 82324.81806
Best fitness: 195513.93400 - size: (9, 29) - species 2 - id 112
Average adjusted fitness: 0.497
Mean genetic distance 2.279, standard deviation 0.928
Population of 20 members in 2 species:
   ID   age  size  fitness  adj fit  stag
  ====  ===  ====  =======  =======  ====
     1    8     9  142664.7    0.424   -75
     2    8    11  195513.9    0.569   -73
Total extinctions: 0
Generation time: 563.640 sec (571.576 average)
Saving checkpoint to neat-checkpoint-8

 ****** Running generation 9 ****** 

Population's average fitness: 36117.79345 stdev: 99223.69043
Best fitness: 195513.93400 - size: (9, 29) - species 2 - id 112
Average adjusted fitness: 0.593
Mean genetic distance 2.344, standard deviation 0.895
Population of 20 members in 2 species:
   ID   age  size  fitness  adj fit  stag
  ====  ===  ====  =======  =======  ====
     1    9    10  142664.7    0.606   -74
     2    9    10  195513.9    0.580   -72
Total extinctions: 0
Generation time: 524.799 sec (566.898 average)
Saving checkpoint to neat-checkpoint-9

 ****** Running generation 10 ****** 

Population's average fitness: 57669.51065 stdev: 82191.02332
Best fitness: 195513.93400 - size: (9, 29) - species 2 - id 112
Average adjusted fitness: 0.460
Mean genetic distance 2.341, standard deviation 0.800
Population of 20 members in 2 species:
   ID   age  size  fitness  adj fit  stag
  ====  ===  ====  =======  =======  ====
     1   10     9  142664.7    0.421   -73
     2   10    11  195513.9    0.499   -71
Total extinctions: 0
Generation time: 551.472 sec (559.917 average)
Saving checkpoint to neat-checkpoint-10

 ****** Running generation 11 ****** 

Population's average fitness: 59087.16450 stdev: 74793.47952
Best fitness: 195513.93400 - size: (9, 29) - species 2 - id 112
Average adjusted fitness: 0.450
Mean genetic distance 2.259, standard deviation 0.939
Population of 20 members in 2 species:
   ID   age  size  fitness  adj fit  stag
  ====  ===  ====  =======  =======  ====
     1   11    10  142664.7    0.429   -72
     2   11    10  195513.9    0.472   -70
Total extinctions: 0
Generation time: 550.697 sec (551.686 average)
Saving checkpoint to neat-checkpoint-11

 ****** Running generation 12 ****** 

Population's average fitness: 53985.45915 stdev: 88891.45737
Best fitness: 195513.93400 - size: (9, 29) - species 2 - id 112
Average adjusted fitness: 0.468
Mean genetic distance 2.246, standard deviation 0.994
Population of 20 members in 2 species:
   ID   age  size  fitness  adj fit  stag
  ====  ===  ====  =======  =======  ====
     1   12     9  142664.7    0.420   -71
     2   12    11  195513.9    0.516   -69
Total extinctions: 0
Generation time: 552.498 sec (548.927 average)
Saving checkpoint to neat-checkpoint-12

 ****** Running generation 13 ****** 

Population's average fitness: 56290.73735 stdev: 105370.93225
Best fitness: 195513.93400 - size: (9, 29) - species 2 - id 112
Average adjusted fitness: 0.697
Mean genetic distance 2.290, standard deviation 0.957
Population of 20 members in 2 species:
   ID   age  size  fitness  adj fit  stag
  ====  ===  ====  =======  =======  ====
     1   13    10  142664.7    0.726   -70
     2   13    10  195513.9    0.668   -68
Total extinctions: 0
Generation time: 544.621 sec (547.765 average)
Saving checkpoint to neat-checkpoint-13

 ****** Running generation 14 ****** 

Population's average fitness: 49202.13245 stdev: 84485.75643
Best fitness: 195513.93400 - size: (9, 29) - species 2 - id 112
Average adjusted fitness: 0.457
Mean genetic distance 2.263, standard deviation 0.986
Population of 20 members in 2 species:
   ID   age  size  fitness  adj fit  stag
  ====  ===  ====  =======  =======  ====
     1   14     9  142664.7    0.441   -69
     2   14    11  195513.9    0.473   -67
Total extinctions: 0
Generation time: 558.057 sec (548.700 average)
Saving checkpoint to neat-checkpoint-14

 ****** Running generation 15 ****** 

Population's average fitness: 54355.23245 stdev: 81384.67200
Best fitness: 195513.93400 - size: (9, 29) - species 2 - id 112
Average adjusted fitness: 0.450
Mean genetic distance 2.257, standard deviation 0.946
Population of 20 members in 2 species:
   ID   age  size  fitness  adj fit  stag
  ====  ===  ====  =======  =======  ====
     1   15     8  142664.7    0.402   -68
     2   15    12  195513.9    0.498   -66
Total extinctions: 0
Generation time: 575.790 sec (550.085 average)
Saving checkpoint to neat-checkpoint-15

 ****** Running generation 16 ****** 

Population's average fitness: 54370.67340 stdev: 79075.19601
Best fitness: 195513.93400 - size: (9, 29) - species 2 - id 112
Average adjusted fitness: 0.450
Mean genetic distance 2.197, standard deviation 1.030
Population of 20 members in 2 species:
   ID   age  size  fitness  adj fit  stag
  ====  ===  ====  =======  =======  ====
     1   16     9  142664.7    0.451   -67
     2   16    11  195513.9    0.449   -65
Total extinctions: 0
Generation time: 548.688 sec (550.559 average)
Saving checkpoint to neat-checkpoint-16

 ****** Running generation 17 ****** 

Population's average fitness: 43479.58300 stdev: 83380.85219
Best fitness: 195513.93400 - size: (9, 29) - species 2 - id 112
Average adjusted fitness: 0.425
Mean genetic distance 2.235, standard deviation 1.011
Population of 20 members in 2 species:
   ID   age  size  fitness  adj fit  stag
  ====  ===  ====  =======  =======  ====
     1   17    10  142664.7    0.392   -66
     2   17    10  195513.9    0.457   -64
Total extinctions: 0
Generation time: 547.534 sec (551.779 average)
Saving checkpoint to neat-checkpoint-17

 ****** Running generation 18 ****** 

Population's average fitness: 68534.76045 stdev: 85248.96893
Best fitness: 233016.07900 - size: (8, 31) - species 2 - id 247
Average adjusted fitness: 0.416
Mean genetic distance 2.226, standard deviation 0.995
Population of 20 members in 2 species:
   ID   age  size  fitness  adj fit  stag
  ====  ===  ====  =======  =======  ====
     1   18     9  142664.7    0.392   -65
     2   18    11  233016.1    0.440     0
Total extinctions: 0
Generation time: 562.460 sec (551.661 average)
Saving checkpoint to neat-checkpoint-18

 ****** Running generation 19 ****** 

Population's average fitness: 65999.54355 stdev: 81711.48160
Best fitness: 233016.07900 - size: (8, 31) - species 2 - id 247
Average adjusted fitness: 0.414
Mean genetic distance 2.292, standard deviation 1.007
Population of 20 members in 2 species:
   ID   age  size  fitness  adj fit  stag
  ====  ===  ====  =======  =======  ====
     1   19    10  142664.7    0.409   -64
     2   19    10  233016.1    0.419     1
Total extinctions: 0
Generation time: 542.270 sec (553.409 average)
Saving checkpoint to neat-checkpoint-19

 ****** Running generation 20 ****** 

Population's average fitness: 53686.20335 stdev: 93154.47349
Best fitness: 233016.07900 - size: (8, 31) - species 2 - id 247
Average adjusted fitness: 0.518
Mean genetic distance 2.428, standard deviation 0.977
Population of 20 members in 2 species:
   ID   age  size  fitness  adj fit  stag
  ====  ===  ====  =======  =======  ====
     1   20     9  142664.7    0.475   -63
     2   20    11  233016.1    0.560     2
Total extinctions: 0
Generation time: 554.339 sec (553.695 average)
Saving checkpoint to neat-checkpoint-20

 ****** Running generation 21 ****** 

Population's average fitness: 58358.76690 stdev: 88348.45713
Best fitness: 233016.07900 - size: (8, 31) - species 2 - id 247
Average adjusted fitness: 0.358
Mean genetic distance 2.331, standard deviation 1.000
Population of 20 members in 2 species:
   ID   age  size  fitness  adj fit  stag
  ====  ===  ====  =======  =======  ====
     1   21     8  142664.7    0.272   -62
     2   21    12  233016.1    0.445     3
Total extinctions: 0
Generation time: 551.893 sec (553.815 average)
Saving checkpoint to neat-checkpoint-21

 ****** Running generation 22 ****** 

Population's average fitness: 68595.69635 stdev: 85998.08010
Best fitness: 233016.07900 - size: (8, 31) - species 2 - id 247
Average adjusted fitness: 0.438
Mean genetic distance 2.373, standard deviation 0.942
Population of 20 members in 2 species:
   ID   age  size  fitness  adj fit  stag
  ====  ===  ====  =======  =======  ====
     1   22     9  142664.7    0.379   -61
     2   22    11  233016.1    0.497     4
Total extinctions: 0
Generation time: 555.921 sec (554.157 average)
Saving checkpoint to neat-checkpoint-22

 ****** Running generation 23 ****** 

Population's average fitness: 52393.19875 stdev: 85324.59602
Best fitness: 233016.07900 - size: (8, 31) - species 2 - id 247
Average adjusted fitness: 0.362
Mean genetic distance 2.315, standard deviation 1.034
Population of 20 members in 2 species:
   ID   age  size  fitness  adj fit  stag
  ====  ===  ====  =======  =======  ====
     1   23    10  142664.7    0.334   -60
     2   23    10  233016.1    0.391     5
Total extinctions: 0
Generation time: 546.347 sec (554.330 average)
Saving checkpoint to neat-checkpoint-23

 ****** Running generation 24 ****** 

Population's average fitness: 61072.61910 stdev: 108510.41341
Best fitness: 233016.07900 - size: (8, 31) - species 2 - id 247
Average adjusted fitness: 0.678
Mean genetic distance 2.442, standard deviation 0.875
Population of 20 members in 2 species:
   ID   age  size  fitness  adj fit  stag
  ====  ===  ====  =======  =======  ====
     1   24    11  142664.7    0.687   -59
     2   24     9  233016.1    0.668     6
Total extinctions: 0
Generation time: 529.129 sec (551.437 average)
Saving checkpoint to neat-checkpoint-24

 ****** Running generation 25 ****** 

Population's average fitness: 81830.11860 stdev: 86964.49109
Best fitness: 233016.07900 - size: (8, 31) - species 2 - id 247
Average adjusted fitness: 0.440
Mean genetic distance 2.368, standard deviation 0.867
Population of 20 members in 2 species:
   ID   age  size  fitness  adj fit  stag
  ====  ===  ====  =======  =======  ====
     1   25     9  176356.5    0.318   -58
     2   25    11  233016.1    0.561     7
Total extinctions: 0
Generation time: 565.737 sec (550.432 average)
Saving checkpoint to neat-checkpoint-25

 ****** Running generation 26 ****** 

Population's average fitness: 65846.41550 stdev: 100020.73296
Best fitness: 233016.07900 - size: (8, 31) - species 2 - id 247
Average adjusted fitness: 0.548
Mean genetic distance 2.396, standard deviation 0.851
Population of 20 members in 2 species:
   ID   age  size  fitness  adj fit  stag
  ====  ===  ====  =======  =======  ====
     1   26    10  176356.5    0.502   -57
     2   26    10  233016.1    0.594     8
Total extinctions: 0
Generation time: 531.866 sec (548.749 average)
Saving checkpoint to neat-checkpoint-26

 ****** Running generation 27 ****** 

Population's average fitness: 80216.63280 stdev: 89833.75066
Best fitness: 233016.07900 - size: (8, 31) - species 2 - id 247
Average adjusted fitness: 0.533
Mean genetic distance 2.309, standard deviation 0.943
Population of 20 members in 2 species:
   ID   age  size  fitness  adj fit  stag
  ====  ===  ====  =======  =======  ====
     1   27     9  176356.5    0.504   -56
     2   27    11  233016.1    0.562     9
Total extinctions: 0
Generation time: 540.649 sec (548.061 average)
Saving checkpoint to neat-checkpoint-27

 ****** Running generation 28 ****** 

Population's average fitness: 49597.26670 stdev: 92146.22652
Best fitness: 233016.07900 - size: (8, 31) - species 2 - id 247
Average adjusted fitness: 0.313
Mean genetic distance 2.336, standard deviation 0.954
Population of 20 members in 2 species:
   ID   age  size  fitness  adj fit  stag
  ====  ===  ====  =======  =======  ====
     1   28    10  176356.5    0.293   -55
     2   28    10  233016.1    0.333    10
Total extinctions: 0
Generation time: 487.290 sec (540.544 average)
Env #:0 Genome_id # :937 Fitness :-136667.58 Final Amt :2703.98 Days :236 Avg Daily Profit :0.133 %
Env #:0 Genome_id # :3 Fitness :-47090.12 Final Amt :1395.31 Days :236 Avg Daily Profit :-0.136 %
Env #:0 Genome_id # :365 Fitness :117980.03 Final Amt :2341.22 Days :236 Avg Daily Profit :0.082 %
Env #:0 Genome_id # :33 Fitness :123652.69 Final Amt :1875.96 Days :236 Avg Daily Profit :-0.012 %
Env #:0 Genome_id # :51 Fitness :1126.21 Final Amt :2107.71 Days :236 Avg Daily Profit :0.042 %
Env #:0 Genome_id # :70 Fitness :-69748.76 Final Amt :1044.38 Days :236 Avg Daily Profit :-0.266 %
Env #:0 Genome_id # :33 Fitness :123652.69 Final Amt :1875.96 Days :236 Avg Daily Profit :-0.012 %
Env #:0 Genome_id # :93 Fitness :-6656.46 Final Amt :1791.58 Days :236 Avg Daily Profit :-0.025 %
Env #:0 Genome_id # :100 Fitness :-419.28 Final Amt :2177.11 Days :236 Avg Daily Profit :0.055 %
Env #:0 Genome_id # :121 Fitness :-14863.1 Final Amt :1641.43 Days :236 Avg Daily Profit :-0.057 %
Env #:0 Genome_id # :130 Fitness :-1876.58 Final Amt :1954.92 Days :236 Avg Daily Profit :-0.008 %
Env #:0 Genome_id # :1072 Fitness :142664.67 Final Amt :2353.43 Days :236 Avg Daily Profit :0.086 %
Env #:0 Genome_id # :136 Fitness :180942.01 Final Amt :2082.32 Days :236 Avg Daily Profit :0.039 %
Env #:0 Genome_id # :1042 Fitness :188715.74 Final Amt :3939.4 Days :236 Avg Daily Profit :0.302 %
Env #:0 Genome_id # :192 Fitness :-73932.54 Final Amt :2687.5 Days :236 Avg Daily Profit :0.145 %
Env #:0 Genome_id # :201 Fitness :22699.85 Final Amt :1812.52 Days :236 Avg Daily Profit :-0.024 %
Env #:0 Genome_id # :221 Fitness :-60962.43 Final Amt :2304.11 Days :236 Avg Daily Profit :0.082 %
Env #:0 Genome_id # :231 Fitness :-8337.53 Final Amt :2352.95 Days :236 Avg Daily Profit :0.089 %
Env #:0 Genome_id # :251 Fitness :-2253.87 Final Amt :1955.9 Days :236 Avg Daily Profit :-0.009 %
Env #:0 Genome_id # :1072 Fitness :142664.67 Final Amt :2353.43 Days :236 Avg Daily Profit :0.086 %
Env #:0 Genome_id # :276 Fitness :23427.26 Final Amt :2512.74 Days :236 Avg Daily Profit :0.114 %
Env #:0 Genome_id # :290 Fitness :2684.8 Final Amt :1784.73 Days :236 Avg Daily Profit :-0.027 %
Env #:0 Genome_id # :295 Fitness :828.27 Final Amt :1965.37 Days :236 Avg Daily Profit :-0.007 %
Env #:0 Genome_id # :1072 Fitness :142664.67 Final Amt :2353.43 Days :236 Avg Daily Profit :0.086 %
Env #:0 Genome_id # :247 Fitness :233016.08 Final Amt :4603.88 Days :236 Avg Daily Profit :0.373 %
Env #:0 Genome_id # :247 Fitness :233016.08 Final Amt :4603.88 Days :236 Avg Daily Profit :0.373 %
Env #:0 Genome_id # :354 Fitness :-1294.56 Final Amt :1828.98 Days :236 Avg Daily Profit :-0.021 %
Env #:0 Genome_id # :366 Fitness :96964.85 Final Amt :2349.51 Days :236 Avg Daily Profit :0.085 %
Env #:0 Genome_id # :386 Fitness :2401.48 Final Amt :1894.63 Days :236 Avg Daily Profit :0.001 %
Env #:0 Genome_id # :393 Fitness :0.0 Final Amt :2000.0 Days :236 Avg Daily Profit :0.0 %
Env #:0 Genome_id # :245 Fitness :71748.42 Final Amt :4146.52 Days :236 Avg Daily Profit :0.329 %
Env #:0 Genome_id # :365 Fitness :117980.03 Final Amt :2341.22 Days :236 Avg Daily Profit :0.082 %
Env #:0 Genome_id # :20 Fitness :40571.55 Final Amt :1756.88 Days :236 Avg Daily Profit :-0.043 %
Env #:0 Genome_id # :42 Fitness :-5669.58 Final Amt :2110.31 Days :236 Avg Daily Profit :0.034 %
Env #:0 Genome_id # :48 Fitness :11695.2 Final Amt :2040.58 Days :236 Avg Daily Profit :0.011 %
Env #:0 Genome_id # :1072 Fitness :142664.67 Final Amt :2353.43 Days :236 Avg Daily Profit :0.086 %
Env #:0 Genome_id # :1042 Fitness :188715.74 Final Amt :3939.4 Days :236 Avg Daily Profit :0.302 %
Env #:0 Genome_id # :81 Fitness :161701.26 Final Amt :6422.21 Days :236 Avg Daily Profit :0.511 %
Env #:0 Genome_id # :109 Fitness :-77792.12 Final Amt :1526.76 Days :236 Avg Daily Profit :-0.091 %
Env #:0 Genome_id # :116 Fitness :0.0 Final Amt :2000.0 Days :236 Avg Daily Profit :0.0 %
Env #:0 Genome_id # :33 Fitness :123652.69 Final Amt :1875.96 Days :236 Avg Daily Profit :-0.012 %
Env #:0 Genome_id # :147 Fitness :24610.11 Final Amt :2385.34 Days :236 Avg Daily Profit :0.097 %
Env #:0 Genome_id # :168 Fitness :79387.29 Final Amt :3757.75 Days :236 Avg Daily Profit :0.278 %
Env #:0 Genome_id # :180 Fitness :-51800.49 Final Amt :1790.39 Days :236 Avg Daily Profit :-0.025 %
Env #:0 Genome_id # :187 Fitness :-29993.57 Final Amt :2121.62 Days :236 Avg Daily Profit :0.045 %
Env #:0 Genome_id # :207 Fitness :108600.99 Final Amt :2399.38 Days :236 Avg Daily Profit :0.108 %
Env #:0 Genome_id # :220 Fitness :-48804.08 Final Amt :1932.12 Days :236 Avg Daily Profit :0.004 %
Env #:0 Genome_id # :237 Fitness :57357.64 Final Amt :1905.18 Days :236 Avg Daily Profit :0.001 %
Env #:0 Genome_id # :243 Fitness :126070.1 Final Amt :2159.59 Days :236 Avg Daily Profit :0.048 %
Env #:0 Genome_id # :262 Fitness :93205.31 Final Amt :1912.88 Days :236 Avg Daily Profit :0.009 %
Env #:0 Genome_id # :270 Fitness :115999.21 Final Amt :2031.83 Days :236 Avg Daily Profit :0.02 %
Env #:0 Genome_id # :291 Fitness :13523.08 Final Amt :2042.46 Days :236 Avg Daily Profit :0.028 %
Env #:0 Genome_id # :298 Fitness :-37832.87 Final Amt :1950.1 Days :236 Avg Daily Profit :0.009 %
Env #:0 Genome_id # :322 Fitness :-24030.57 Final Amt :2103.39 Days :236 Avg Daily Profit :0.042 %
Env #:0 Genome_id # :335 Fitness :32541.81 Final Amt :2175.66 Days :236 Avg Daily Profit :0.058 %
Env #:0 Genome_id # :243 Fitness :126070.1 Final Amt :2159.59 Days :236 Avg Daily Profit :0.048 %
Env #:0 Genome_id # :361 Fitness :-17362.74 Final Amt :1927.53 Days :236 Avg Daily Profit :0.008 %
Env #:0 Genome_id # :172 Fitness :132052.31 Final Amt :1873.83 Days :236 Avg Daily Profit :-0.009 %
Env #:0 Genome_id # :391 Fitness :-33766.49 Final Amt :1937.71 Days :236 Avg Daily Profit :0.008 %
Env #:0 Genome_id # :405 Fitness :-7187.95 Final Amt :1822.56 Days :236 Avg Daily Profit :-0.016 %
Env #:0 Genome_id # :263 Fitness :-46666.15 Final Amt :1807.53 Days :236 Avg Daily Profit :-0.027 %
Env #:0 Genome_id # :7 Fitness :129194.21 Final Amt :6234.37 Days :236 Avg Daily Profit :0.499 %
Env #:0 Genome_id # :24 Fitness :-11598.1 Final Amt :1731.49 Days :236 Avg Daily Profit :-0.038 %
Env #:0 Genome_id # :365 Fitness :117980.03 Final Amt :2341.22 Days :236 Avg Daily Profit :0.082 %
Env #:0 Genome_id # :45 Fitness :11271.4 Final Amt :2177.87 Days :236 Avg Daily Profit :0.052 %
Env #:0 Genome_id # :59 Fitness :-10538.07 Final Amt :2007.32 Days :236 Avg Daily Profit :0.016 %
Env #:0 Genome_id # :82 Fitness :55671.14 Final Amt :3032.81 Days :236 Avg Daily Profit :0.197 %
Env #:0 Genome_id # :95 Fitness :-11442.0 Final Amt :1794.95 Days :236 Avg Daily Profit :-0.024 %
Env #:0 Genome_id # :718 Fitness :118588.48 Final Amt :2053.76 Days :236 Avg Daily Profit :0.022 %
Env #:0 Genome_id # :120 Fitness :-28715.85 Final Amt :1491.6 Days :236 Avg Daily Profit :-0.105 %
Env #:0 Genome_id # :128 Fitness :14855.87 Final Amt :1919.06 Days :236 Avg Daily Profit :0.004 %
Env #:0 Genome_id # :718 Fitness :118588.48 Final Amt :2053.76 Days :236 Avg Daily Profit :0.022 %
Env #:0 Genome_id # :159 Fitness :-11419.38 Final Amt :1693.73 Days :236 Avg Daily Profit :-0.046 %
Env #:0 Genome_id # :718 Fitness :118588.48 Final Amt :2053.76 Days :236 Avg Daily Profit :0.022 %
Env #:0 Genome_id # :185 Fitness :-10902.91 Final Amt :1676.82 Days :236 Avg Daily Profit :-0.049 %
Env #:0 Genome_id # :33 Fitness :123652.69 Final Amt :1875.96 Days :236 Avg Daily Profit :-0.012 %
Env #:0 Genome_id # :136 Fitness :180942.01 Final Amt :2082.32 Days :236 Avg Daily Profit :0.039 %
Env #:0 Genome_id # :228 Fitness :-1945.25 Final Amt :1961.01 Days :236 Avg Daily Profit :-0.008 %
Env #:0 Genome_id # :172 Fitness :132052.31 Final Amt :1873.83 Days :236 Avg Daily Profit :-0.009 %
Env #:0 Genome_id # :260 Fitness :-9137.33 Final Amt :1762.98 Days :236 Avg Daily Profit :-0.032 %
Env #:0 Genome_id # :243 Fitness :126070.1 Final Amt :2159.59 Days :236 Avg Daily Profit :0.048 %
Env #:0 Genome_id # :287 Fitness :-4618.04 Final Amt :2372.04 Days :236 Avg Daily Profit :0.089 %
Env #:0 Genome_id # :297 Fitness :23071.66 Final Amt :1696.89 Days :236 Avg Daily Profit :-0.049 %
Env #:0 Genome_id # :1042 Fitness :188715.74 Final Amt :3939.4 Days :236 Avg Daily Profit :0.302 %
Env #:0 Genome_id # :327 Fitness :101413.96 Final Amt :2075.25 Days :236 Avg Daily Profit :0.035 %
Env #:0 Genome_id # :342 Fitness :15517.68 Final Amt :1580.39 Days :236 Avg Daily Profit :-0.08 %
Env #:0 Genome_id # :360 Fitness :62751.99 Final Amt :3506.59 Days :236 Avg Daily Profit :0.255 %
Env #:0 Genome_id # :371 Fitness :46383.25 Final Amt :1727.25 Days :236 Avg Daily Profit :-0.041 %
Env #:0 Genome_id # :390 Fitness :-16680.43 Final Amt :2103.46 Days :236 Avg Daily Profit :0.043 %
Env #:0 Genome_id # :404 Fitness :156793.84 Final Amt :4365.95 Days :236 Avg Daily Profit :0.353 %
Env #:0 Genome_id # :914 Fitness :-31712.37 Final Amt :1621.57 Days :236 Avg Daily Profit :-0.079 %
Env #:0 Genome_id # :718 Fitness :118588.48 Final Amt :2053.76 Days :236 Avg Daily Profit :0.022 %
Env #:0 Genome_id # :15 Fitness :75086.27 Final Amt :1905.41 Days :236 Avg Daily Profit :0.005 %
Env #:0 Genome_id # :35 Fitness :-2018.1 Final Amt :2461.88 Days :236 Avg Daily Profit :0.108 %
Env #:0 Genome_id # :55 Fitness :-14239.36 Final Amt :1789.39 Days :236 Avg Daily Profit :-0.025 %
Env #:0 Genome_id # :57 Fitness :25096.49 Final Amt :1966.34 Days :236 Avg Daily Profit :0.015 %
Env #:0 Genome_id # :72 Fitness :28733.8 Final Amt :2184.12 Days :236 Avg Daily Profit :0.058 %
Env #:0 Genome_id # :97 Fitness :-45831.37 Final Amt :1658.38 Days :236 Avg Daily Profit :-0.057 %
Env #:0 Genome_id # :56 Fitness :163859.65 Final Amt :6198.18 Days :236 Avg Daily Profit :0.496 %
Env #:0 Genome_id # :112 Fitness :195513.93 Final Amt :5874.22 Days :236 Avg Daily Profit :0.475 %
Env #:0 Genome_id # :138 Fitness :-1425.48 Final Amt :2012.17 Days :236 Avg Daily Profit :0.003 %
Env #:0 Genome_id # :33 Fitness :123652.69 Final Amt :1875.96 Days :236 Avg Daily Profit :-0.012 %
Env #:0 Genome_id # :162 Fitness :-36482.55 Final Amt :1913.54 Days :236 Avg Daily Profit :0.007 %
Env #:0 Genome_id # :178 Fitness :-42609.63 Final Amt :1874.19 Days :236 Avg Daily Profit :-0.005 %
Env #:0 Genome_id # :33 Fitness :123652.69 Final Amt :1875.96 Days :236 Avg Daily Profit :-0.012 %
Env #:0 Genome_id # :206 Fitness :-7211.76 Final Amt :2047.32 Days :236 Avg Daily Profit :0.016 %
Env #:0 Genome_id # :211 Fitness :-6869.93 Final Amt :1466.11 Days :236 Avg Daily Profit :-0.116 %
Env #:0 Genome_id # :233 Fitness :24161.51 Final Amt :2591.69 Days :236 Avg Daily Profit :0.124 %
Env #:0 Genome_id # :1042 Fitness :188715.74 Final Amt :3939.4 Days :236 Avg Daily Profit :0.302 %
Env #:0 Genome_id # :1042 Fitness :188715.74 Final Amt :3939.4 Days :236 Avg Daily Profit :0.302 %
Env #:0 Genome_id # :274 Fitness :-65921.46 Final Amt :1038.09 Days :236 Avg Daily Profit :-0.255 %
Env #:0 Genome_id # :1042 Fitness :188715.74 Final Amt :3939.4 Days :236 Avg Daily Profit :0.302 %
Env #:0 Genome_id # :303 Fitness :64238.78 Final Amt :2962.38 Days :236 Avg Daily Profit :0.187 %
Env #:0 Genome_id # :317 Fitness :-10242.37 Final Amt :1787.23 Days :236 Avg Daily Profit :-0.025 %
Env #:0 Genome_id # :323 Fitness :50800.81 Final Amt :2048.5 Days :236 Avg Daily Profit :0.032 %
Env #:0 Genome_id # :345 Fitness :66220.69 Final Amt :2981.0 Days :236 Avg Daily Profit :0.189 %
Env #:0 Genome_id # :356 Fitness :-22031.88 Final Amt :1628.9 Days :236 Avg Daily Profit :-0.078 %
Env #:0 Genome_id # :339 Fitness :176356.55 Final Amt :1776.47 Days :236 Avg Daily Profit :-0.033 %
Env #:0 Genome_id # :388 Fitness :-421.74 Final Amt :2286.05 Days :236 Avg Daily Profit :0.077 %
Env #:0 Genome_id # :403 Fitness :12306.98 Final Amt :1828.72 Days :236 Avg Daily Profit :-0.024 %
Env #:0 Genome_id # :871 Fitness :55289.63 Final Amt :4394.75 Days :236 Avg Daily Profit :0.353 %
Env #:0 Genome_id # :10 Fitness :64331.98 Final Amt :3262.28 Days :236 Avg Daily Profit :0.223 %
Env #:0 Genome_id # :9 Fitness :152131.09 Final Amt :4780.25 Days :236 Avg Daily Profit :0.398 %
Env #:0 Genome_id # :31 Fitness :104821.99 Final Amt :1957.54 Days :236 Avg Daily Profit :0.012 %
Env #:0 Genome_id # :718 Fitness :118588.48 Final Amt :2053.76 Days :236 Avg Daily Profit :0.022 %
Env #:0 Genome_id # :69 Fitness :-42982.23 Final Amt :1876.18 Days :236 Avg Daily Profit :-0.006 %
Env #:0 Genome_id # :84 Fitness :33310.82 Final Amt :1848.93 Days :236 Avg Daily Profit :-0.013 %
Env #:0 Genome_id # :96 Fitness :132539.88 Final Amt :4926.81 Days :236 Avg Daily Profit :0.403 %
Env #:0 Genome_id # :1042 Fitness :188715.74 Final Amt :3939.4 Days :236 Avg Daily Profit :0.302 %
Env #:0 Genome_id # :1042 Fitness :188715.74 Final Amt :3939.4 Days :236 Avg Daily Profit :0.302 %
Env #:0 Genome_id # :112 Fitness :195513.93 Final Amt :5874.22 Days :236 Avg Daily Profit :0.475 %
Env #:0 Genome_id # :146 Fitness :0.0 Final Amt :2000.0 Days :236 Avg Daily Profit :0.0 %
Env #:0 Genome_id # :1072 Fitness :142664.67 Final Amt :2353.43 Days :236 Avg Daily Profit :0.086 %
Env #:0 Genome_id # :175 Fitness :138695.83 Final Amt :5049.36 Days :236 Avg Daily Profit :0.407 %
Env #:0 Genome_id # :184 Fitness :11591.37 Final Amt :1923.85 Days :236 Avg Daily Profit :-0.001 %
Env #:0 Genome_id # :1072 Fitness :142664.67 Final Amt :2353.43 Days :236 Avg Daily Profit :0.086 %
Env #:0 Genome_id # :216 Fitness :-3736.33 Final Amt :1974.67 Days :236 Avg Daily Profit :-0.004 %
Env #:0 Genome_id # :172 Fitness :132052.31 Final Amt :1873.83 Days :236 Avg Daily Profit :-0.009 %
Env #:0 Genome_id # :246 Fitness :-6170.3 Final Amt :1798.35 Days :236 Avg Daily Profit :-0.019 %
Env #:0 Genome_id # :254 Fitness :115845.85 Final Amt :2134.43 Days :236 Avg Daily Profit :0.046 %
Env #:0 Genome_id # :247 Fitness :233016.08 Final Amt :4603.88 Days :236 Avg Daily Profit :0.373 %
Env #:0 Genome_id # :284 Fitness :0.0 Final Amt :2000.0 Days :236 Avg Daily Profit :0.0 %
Env #:0 Genome_id # :1072 Fitness :142664.67 Final Amt :2353.43 Days :236 Avg Daily Profit :0.086 %
Env #:0 Genome_id # :312 Fitness :1585.15 Final Amt :2343.15 Days :236 Avg Daily Profit :0.09 %
Env #:0 Genome_id # :326 Fitness :38794.04 Final Amt :1727.7 Days :236 Avg Daily Profit :-0.041 %
Env #:0 Genome_id # :349 Fitness :21889.49 Final Amt :1768.43 Days :236 Avg Daily Profit :-0.031 %
Env #:0 Genome_id # :1072 Fitness :142664.67 Final Amt :2353.43 Days :236 Avg Daily Profit :0.086 %
Env #:0 Genome_id # :370 Fitness :22435.92 Final Amt :2245.5 Days :236 Avg Daily Profit :0.07 %
Env #:0 Genome_id # :1072 Fitness :142664.67 Final Amt :2353.43 Days :236 Avg Daily Profit :0.086 %
Env #:0 Genome_id # :247 Fitness :233016.08 Final Amt :4603.88 Days :236 Avg Daily Profit :0.373 %
Env #:0 Genome_id # :829 Fitness :93232.22 Final Amt :4174.24 Days :236 Avg Daily Profit :0.329 %
Env #:0 Genome_id # :1 Fitness :48826.22 Final Amt :2828.12 Days :236 Avg Daily Profit :0.16 %
Env #:0 Genome_id # :17 Fitness :-49168.18 Final Amt :2015.52 Days :236 Avg Daily Profit :0.029 %
Env #:0 Genome_id # :29 Fitness :-100670.72 Final Amt :2457.87 Days :236 Avg Daily Profit :0.11 %
Env #:0 Genome_id # :47 Fitness :-4155.2 Final Amt :1420.58 Days :236 Avg Daily Profit :-0.132 %
Env #:0 Genome_id # :56 Fitness :163859.65 Final Amt :6198.18 Days :236 Avg Daily Profit :0.496 %
Env #:0 Genome_id # :9 Fitness :152131.09 Final Amt :4780.25 Days :236 Avg Daily Profit :0.398 %
Env #:0 Genome_id # :88 Fitness :4194.19 Final Amt :1823.78 Days :236 Avg Daily Profit :-0.03 %
Env #:0 Genome_id # :103 Fitness :-16524.61 Final Amt :1529.93 Days :236 Avg Daily Profit :-0.106 %
Env #:0 Genome_id # :117 Fitness :44172.55 Final Amt :1707.3 Days :236 Avg Daily Profit :-0.05 %
Env #:0 Genome_id # :139 Fitness :-59859.98 Final Amt :1344.15 Days :236 Avg Daily Profit :-0.152 %
Env #:0 Genome_id # :152 Fitness :79385.41 Final Amt :2642.32 Days :236 Avg Daily Profit :0.142 %
Env #:0 Genome_id # :167 Fitness :-18317.96 Final Amt :1666.95 Days :236 Avg Daily Profit :-0.052 %
Env #:0 Genome_id # :169 Fitness :51502.59 Final Amt :1952.09 Days :236 Avg Daily Profit :0.011 %
Env #:0 Genome_id # :1042 Fitness :188715.74 Final Amt :3939.4 Days :236 Avg Daily Profit :0.302 %
Env #:0 Genome_id # :203 Fitness :21445.15 Final Amt :2551.85 Days :236 Avg Daily Profit :0.125 %
Env #:0 Genome_id # :223 Fitness :44756.95 Final Amt :1427.26 Days :236 Avg Daily Profit :-0.122 %
Env #:0 Genome_id # :226 Fitness :20376.39 Final Amt :1701.16 Days :236 Avg Daily Profit :-0.048 %
Env #:0 Genome_id # :250 Fitness :-48565.1 Final Amt :1369.88 Days :236 Avg Daily Profit :-0.142 %
Env #:0 Genome_id # :264 Fitness :-52224.91 Final Amt :2007.65 Days :236 Avg Daily Profit :0.024 %
Env #:0 Genome_id # :272 Fitness :-7550.21 Final Amt :1653.4 Days :236 Avg Daily Profit :-0.07 %
Env #:0 Genome_id # :172 Fitness :132052.31 Final Amt :1873.83 Days :236 Avg Daily Profit :-0.009 %
Env #:0 Genome_id # :304 Fitness :-65809.01 Final Amt :2152.64 Days :236 Avg Daily Profit :0.052 %
Env #:0 Genome_id # :112 Fitness :195513.93 Final Amt :5874.22 Days :236 Avg Daily Profit :0.475 %
Env #:0 Genome_id # :112 Fitness :195513.93 Final Amt :5874.22 Days :236 Avg Daily Profit :0.475 %
Env #:0 Genome_id # :347 Fitness :21401.5 Final Amt :1912.63 Days :236 Avg Daily Profit :0.007 %
Env #:0 Genome_id # :172 Fitness :132052.31 Final Amt :1873.83 Days :236 Avg Daily Profit :-0.009 %
Env #:0 Genome_id # :377 Fitness :-94420.99 Final Amt :1845.35 Days :236 Avg Daily Profit :-0.016 %
Env #:0 Genome_id # :387 Fitness :8722.06 Final Amt :1775.39 Days :236 Avg Daily Profit :-0.026 %
Env #:0 Genome_id # :394 Fitness :-29501.6 Final Amt :1839.39 Days :236 Avg Daily Profit :-0.021 %
Env #:0 Genome_id # :785 Fitness :85317.67 Final Amt :3836.32 Days :236 Avg Daily Profit :0.288 %
Env #:0 Genome_id # :9 Fitness :152131.09 Final Amt :4780.25 Days :236 Avg Daily Profit :0.398 %
Env #:0 Genome_id # :18 Fitness :111562.22 Final Amt :1985.21 Days :236 Avg Daily Profit :0.014 %
Env #:0 Genome_id # :41 Fitness :5334.47 Final Amt :1966.4 Days :236 Avg Daily Profit :0.002 %
Env #:0 Genome_id # :49 Fitness :-95764.99 Final Amt :2045.12 Days :236 Avg Daily Profit :0.02 %
Env #:0 Genome_id # :65 Fitness :-78636.05 Final Amt :964.28 Days :236 Avg Daily Profit :-0.29 %
Env #:0 Genome_id # :75 Fitness :42503.17 Final Amt :1810.82 Days :236 Avg Daily Profit :-0.021 %
Env #:0 Genome_id # :98 Fitness :-2040.8 Final Amt :1711.43 Days :236 Avg Daily Profit :-0.047 %
Env #:0 Genome_id # :102 Fitness :22575.08 Final Amt :2313.24 Days :236 Avg Daily Profit :0.082 %
Env #:0 Genome_id # :718 Fitness :118588.48 Final Amt :2053.76 Days :236 Avg Daily Profit :0.022 %
Env #:0 Genome_id # :137 Fitness :-41803.7 Final Amt :1745.2 Days :236 Avg Daily Profit :-0.042 %
Env #:0 Genome_id # :142 Fitness :41753.6 Final Amt :1936.89 Days :236 Avg Daily Profit :0.006 %
Env #:0 Genome_id # :155 Fitness :35316.47 Final Amt :1933.72 Days :236 Avg Daily Profit :0.007 %
Env #:0 Genome_id # :181 Fitness :113294.03 Final Amt :2717.61 Days :236 Avg Daily Profit :0.16 %
Env #:0 Genome_id # :194 Fitness :13226.52 Final Amt :1957.07 Days :236 Avg Daily Profit :0.011 %
Env #:0 Genome_id # :172 Fitness :132052.31 Final Amt :1873.83 Days :236 Avg Daily Profit :-0.009 %
Env #:0 Genome_id # :219 Fitness :25887.66 Final Amt :1634.49 Days :236 Avg Daily Profit :-0.065 %
Env #:0 Genome_id # :238 Fitness :-6421.19 Final Amt :1902.44 Days :236 Avg Daily Profit :-0.021 %
Env #:0 Genome_id # :1072 Fitness :142664.67 Final Amt :2353.43 Days :236 Avg Daily Profit :0.086 %
Env #:0 Genome_id # :247 Fitness :233016.08 Final Amt :4603.88 Days :236 Avg Daily Profit :0.373 %
Env #:0 Genome_id # :273 Fitness :569.55 Final Amt :2487.89 Days :236 Avg Daily Profit :0.112 %
Env #:0 Genome_id # :293 Fitness :2286.38 Final Amt :2483.01 Days :236 Avg Daily Profit :0.111 %
Env #:0 Genome_id # :308 Fitness :30743.75 Final Amt :1762.26 Days :236 Avg Daily Profit :-0.028 %
Env #:0 Genome_id # :243 Fitness :126070.1 Final Amt :2159.59 Days :236 Avg Daily Profit :0.048 %
Env #:0 Genome_id # :330 Fitness :-300146.89 Final Amt :1384.08 Days :236 Avg Daily Profit :-0.145 %
Env #:0 Genome_id # :1042 Fitness :188715.74 Final Amt :3939.4 Days :236 Avg Daily Profit :0.302 %
Env #:0 Genome_id # :112 Fitness :195513.93 Final Amt :5874.22 Days :236 Avg Daily Profit :0.475 %
Env #:0 Genome_id # :373 Fitness :33793.67 Final Amt :2278.11 Days :236 Avg Daily Profit :0.073 %
Env #:0 Genome_id # :384 Fitness :-14792.19 Final Amt :1771.09 Days :236 Avg Daily Profit :-0.027 %
Env #:0 Genome_id # :1072 Fitness :142664.67 Final Amt :2353.43 Days :236 Avg Daily Profit :0.086 %
Env #:0 Genome_id # :942 Fitness :126643.04 Final Amt :5618.83 Days :236 Avg Daily Profit :0.454 %
Env #:0 Genome_id # :8 Fitness :-28691.18 Final Amt :1722.6 Days :236 Avg Daily Profit :-0.04 %
Env #:0 Genome_id # :1042 Fitness :188715.74 Final Amt :3939.4 Days :236 Avg Daily Profit :0.302 %
Env #:0 Genome_id # :1042 Fitness :188715.74 Final Amt :3939.4 Days :236 Avg Daily Profit :0.302 %
Env #:0 Genome_id # :50 Fitness :16059.36 Final Amt :2421.61 Days :236 Avg Daily Profit :0.086 %
Env #:0 Genome_id # :33 Fitness :123652.69 Final Amt :1875.96 Days :236 Avg Daily Profit :-0.012 %
Env #:0 Genome_id # :79 Fitness :-9215.41 Final Amt :2220.22 Days :236 Avg Daily Profit :0.057 %
Env #:0 Genome_id # :1042 Fitness :188715.74 Final Amt :3939.4 Days :236 Avg Daily Profit :0.302 %
Env #:0 Genome_id # :81 Fitness :161701.26 Final Amt :6422.21 Days :236 Avg Daily Profit :0.511 %
Env #:0 Genome_id # :123 Fitness :137123.32 Final Amt :5101.27 Days :236 Avg Daily Profit :0.413 %
Env #:0 Genome_id # :134 Fitness :74201.47 Final Amt :2962.78 Days :236 Avg Daily Profit :0.186 %
Env #:0 Genome_id # :144 Fitness :14852.77 Final Amt :1769.87 Days :236 Avg Daily Profit :-0.032 %
Env #:0 Genome_id # :164 Fitness :-40381.64 Final Amt :1819.64 Days :236 Avg Daily Profit :-0.019 %
Env #:0 Genome_id # :182 Fitness :16162.48 Final Amt :2038.6 Days :236 Avg Daily Profit :0.022 %
Env #:0 Genome_id # :193 Fitness :-16776.71 Final Amt :1915.0 Days :236 Avg Daily Profit :0.003 %
Env #:0 Genome_id # :205 Fitness :-63478.03 Final Amt :2067.42 Days :236 Avg Daily Profit :0.025 %
Env #:0 Genome_id # :214 Fitness :-13696.16 Final Amt :1661.59 Days :236 Avg Daily Profit :-0.054 %
Env #:0 Genome_id # :33 Fitness :123652.69 Final Amt :1875.96 Days :236 Avg Daily Profit :-0.012 %
Env #:0 Genome_id # :112 Fitness :195513.93 Final Amt :5874.22 Days :236 Avg Daily Profit :0.475 %
Env #:0 Genome_id # :255 Fitness :-194.69 Final Amt :1999.8 Days :236 Avg Daily Profit :-0.0 %
Env #:0 Genome_id # :1072 Fitness :142664.67 Final Amt :2353.43 Days :236 Avg Daily Profit :0.086 %
Env #:0 Genome_id # :286 Fitness :-29908.81 Final Amt :1954.58 Days :236 Avg Daily Profit :0.013 %
Env #:0 Genome_id # :305 Fitness :154121.85 Final Amt :5917.94 Days :236 Avg Daily Profit :0.471 %
Env #:0 Genome_id # :311 Fitness :-44718.08 Final Amt :1241.25 Days :236 Avg Daily Profit :-0.186 %
Env #:0 Genome_id # :328 Fitness :17843.49 Final Amt :2384.56 Days :236 Avg Daily Profit :0.078 %
Env #:0 Genome_id # :172 Fitness :132052.31 Final Amt :1873.83 Days :236 Avg Daily Profit :-0.009 %
Env #:0 Genome_id # :358 Fitness :158960.65 Final Amt :4880.69 Days :236 Avg Daily Profit :0.403 %
Env #:0 Genome_id # :368 Fitness :6425.19 Final Amt :2099.09 Days :236 Avg Daily Profit :0.021 %
Env #:0 Genome_id # :339 Fitness :176356.55 Final Amt :1776.47 Days :236 Avg Daily Profit :-0.033 %
Env #:0 Genome_id # :378 Fitness :213291.71 Final Amt :3443.97 Days :236 Avg Daily Profit :0.251 %
Env #:0 Genome_id # :99 Fitness :122708.48 Final Amt :4605.84 Days :236 Avg Daily Profit :0.369 %
Env #:0 Genome_id # :12 Fitness :-40494.55 Final Amt :1311.69 Days :236 Avg Daily Profit :-0.159 %
Env #:0 Genome_id # :26 Fitness :-77941.05 Final Amt :2068.93 Days :236 Avg Daily Profit :0.033 %
Env #:0 Genome_id # :38 Fitness :50059.8 Final Amt :1663.73 Days :236 Avg Daily Profit :-0.057 %
Env #:0 Genome_id # :33 Fitness :123652.69 Final Amt :1875.96 Days :236 Avg Daily Profit :-0.012 %
Env #:0 Genome_id # :9 Fitness :152131.09 Final Amt :4780.25 Days :236 Avg Daily Profit :0.398 %
Env #:0 Genome_id # :71 Fitness :15014.53 Final Amt :2133.53 Days :236 Avg Daily Profit :0.032 %
Env #:0 Genome_id # :1072 Fitness :142664.67 Final Amt :2353.43 Days :236 Avg Daily Profit :0.086 %
Env #:0 Genome_id # :105 Fitness :20520.95 Final Amt :1246.47 Days :236 Avg Daily Profit :-0.183 %
Env #:0 Genome_id # :124 Fitness :-96917.76 Final Amt :1214.71 Days :236 Avg Daily Profit :-0.201 %
Env #:0 Genome_id # :132 Fitness :-21632.59 Final Amt :2191.04 Days :236 Avg Daily Profit :0.059 %
Env #:0 Genome_id # :153 Fitness :-15350.94 Final Amt :2287.3 Days :236 Avg Daily Profit :0.077 %
Env #:0 Genome_id # :165 Fitness :-70541.68 Final Amt :1775.67 Days :236 Avg Daily Profit :-0.036 %
Env #:0 Genome_id # :173 Fitness :-576.06 Final Amt :1827.46 Days :236 Avg Daily Profit :-0.018 %
Env #:0 Genome_id # :172 Fitness :132052.31 Final Amt :1873.83 Days :236 Avg Daily Profit :-0.009 %
Env #:0 Genome_id # :204 Fitness :107663.12 Final Amt :1456.79 Days :236 Avg Daily Profit :-0.113 %
Env #:0 Genome_id # :215 Fitness :28814.05 Final Amt :1700.78 Days :236 Avg Daily Profit :-0.048 %
Env #:0 Genome_id # :112 Fitness :195513.93 Final Amt :5874.22 Days :236 Avg Daily Profit :0.475 %
Env #:0 Genome_id # :244 Fitness :14915.26 Final Amt :1604.28 Days :236 Avg Daily Profit :-0.074 %
Env #:0 Genome_id # :265 Fitness :9650.09 Final Amt :2038.41 Days :236 Avg Daily Profit :0.028 %
Env #:0 Genome_id # :267 Fitness :-12609.94 Final Amt :1453.3 Days :236 Avg Daily Profit :-0.126 %
Env #:0 Genome_id # :243 Fitness :126070.1 Final Amt :2159.59 Days :236 Avg Daily Profit :0.048 %
Env #:0 Genome_id # :247 Fitness :233016.08 Final Amt :4603.88 Days :236 Avg Daily Profit :0.373 %
Env #:0 Genome_id # :310 Fitness :20009.3 Final Amt :2107.89 Days :236 Avg Daily Profit :0.046 %
Env #:0 Genome_id # :1072 Fitness :142664.67 Final Amt :2353.43 Days :236 Avg Daily Profit :0.086 %
Env #:0 Genome_id # :340 Fitness :4202.32 Final Amt :1615.49 Days :236 Avg Daily Profit :-0.074 %
Env #:0 Genome_id # :351 Fitness :41614.29 Final Amt :1674.88 Days :236 Avg Daily Profit :-0.052 %
Env #:0 Genome_id # :350 Fitness :192519.58 Final Amt :1790.87 Days :236 Avg Daily Profit :-0.023 %
Env #:0 Genome_id # :247 Fitness :233016.08 Final Amt :4603.88 Days :236 Avg Daily Profit :0.373 %
Env #:0 Genome_id # :396 Fitness :87053.4 Final Amt :1622.9 Days :236 Avg Daily Profit :-0.078 %
Env #:0 Genome_id # :718 Fitness :118588.48 Final Amt :2053.76 Days :236 Avg Daily Profit :0.022 %
Env #:0 Genome_id # :13 Fitness :27817.95 Final Amt :2208.11 Days :236 Avg Daily Profit :0.057 %
Env #:0 Genome_id # :22 Fitness :-34889.17 Final Amt :1770.93 Days :236 Avg Daily Profit :-0.04 %
Env #:0 Genome_id # :34 Fitness :-28918.24 Final Amt :1918.9 Days :236 Avg Daily Profit :0.004 %
Env #:0 Genome_id # :43 Fitness :-16252.95 Final Amt :1682.66 Days :236 Avg Daily Profit :-0.048 %
Env #:0 Genome_id # :58 Fitness :3461.72 Final Amt :2049.74 Days :236 Avg Daily Profit :0.03 %
Env #:0 Genome_id # :74 Fitness :54941.56 Final Amt :2399.78 Days :236 Avg Daily Profit :0.1 %
Env #:0 Genome_id # :85 Fitness :0.0 Final Amt :2000.0 Days :236 Avg Daily Profit :0.0 %
Env #:0 Genome_id # :1072 Fitness :142664.67 Final Amt :2353.43 Days :236 Avg Daily Profit :0.086 %
Env #:0 Genome_id # :118 Fitness :-35164.86 Final Amt :1261.1 Days :236 Avg Daily Profit :-0.179 %
Env #:0 Genome_id # :1042 Fitness :188715.74 Final Amt :3939.4 Days :236 Avg Daily Profit :0.302 %
Env #:0 Genome_id # :112 Fitness :195513.93 Final Amt :5874.22 Days :236 Avg Daily Profit :0.475 %
Env #:0 Genome_id # :1042 Fitness :188715.74 Final Amt :3939.4 Days :236 Avg Daily Profit :0.302 %
Env #:0 Genome_id # :177 Fitness :-259693.53 Final Amt :2284.15 Days :236 Avg Daily Profit :0.08 %
Env #:0 Genome_id # :186 Fitness :3103.43 Final Amt :1756.26 Days :236 Avg Daily Profit :-0.036 %
Env #:0 Genome_id # :198 Fitness :-5571.33 Final Amt :1881.96 Days :236 Avg Daily Profit :-0.025 %
Env #:0 Genome_id # :33 Fitness :123652.69 Final Amt :1875.96 Days :236 Avg Daily Profit :-0.012 %
Env #:0 Genome_id # :1042 Fitness :188715.74 Final Amt :3939.4 Days :236 Avg Daily Profit :0.302 %
Env #:0 Genome_id # :136 Fitness :180942.01 Final Amt :2082.32 Days :236 Avg Daily Profit :0.039 %
Env #:0 Genome_id # :256 Fitness :-26478.47 Final Amt :2203.07 Days :236 Avg Daily Profit :0.062 %
Env #:0 Genome_id # :280 Fitness :54615.36 Final Amt :1856.49 Days :236 Avg Daily Profit :-0.01 %
Env #:0 Genome_id # :288 Fitness :11984.35 Final Amt :3734.54 Days :236 Avg Daily Profit :0.274 %
Env #:0 Genome_id # :112 Fitness :195513.93 Final Amt :5874.22 Days :236 Avg Daily Profit :0.475 %
Env #:0 Genome_id # :313 Fitness :-51424.84 Final Amt :2065.39 Days :236 Avg Daily Profit :0.036 %
Env #:0 Genome_id # :331 Fitness :22923.95 Final Amt :2433.23 Days :236 Avg Daily Profit :0.086 %
Env #:0 Genome_id # :1072 Fitness :142664.67 Final Amt :2353.43 Days :236 Avg Daily Profit :0.086 %
Env #:0 Genome_id # :353 Fitness :10812.11 Final Amt :1880.49 Days :236 Avg Daily Profit :-0.003 %
Env #:0 Genome_id # :112 Fitness :195513.93 Final Amt :5874.22 Days :236 Avg Daily Profit :0.475 %
Env #:0 Genome_id # :385 Fitness :-33726.38 Final Amt :1509.11 Days :236 Avg Daily Profit :-0.116 %
Env #:0 Genome_id # :339 Fitness :176356.55 Final Amt :1776.47 Days :236 Avg Daily Profit :-0.033 %
Env #:0 Genome_id # :365 Fitness :117980.03 Final Amt :2341.22 Days :236 Avg Daily Profit :0.082 %
Env #:0 Genome_id # :11 Fitness :109018.86 Final Amt :4715.63 Days :236 Avg Daily Profit :0.38 %
Env #:0 Genome_id # :23 Fitness :-10703.06 Final Amt :1762.32 Days :236 Avg Daily Profit :-0.031 %
Env #:0 Genome_id # :718 Fitness :118588.48 Final Amt :2053.76 Days :236 Avg Daily Profit :0.022 %
Env #:0 Genome_id # :9 Fitness :152131.09 Final Amt :4780.25 Days :236 Avg Daily Profit :0.398 %
Env #:0 Genome_id # :61 Fitness :-9519.47 Final Amt :1670.69 Days :236 Avg Daily Profit :-0.052 %
Env #:0 Genome_id # :718 Fitness :118588.48 Final Amt :2053.76 Days :236 Avg Daily Profit :0.022 %
Env #:0 Genome_id # :89 Fitness :-24940.91 Final Amt :2092.22 Days :236 Avg Daily Profit :0.041 %
Env #:0 Genome_id # :112 Fitness :195513.93 Final Amt :5874.22 Days :236 Avg Daily Profit :0.475 %
Env #:0 Genome_id # :56 Fitness :163859.65 Final Amt :6198.18 Days :236 Avg Daily Profit :0.496 %
Env #:0 Genome_id # :56 Fitness :163859.65 Final Amt :6198.18 Days :236 Avg Daily Profit :0.496 %
Env #:0 Genome_id # :148 Fitness :-53634.45 Final Amt :2241.18 Days :236 Avg Daily Profit :0.072 %
Env #:0 Genome_id # :157 Fitness :-9479.12 Final Amt :2204.83 Days :236 Avg Daily Profit :0.056 %
Env #:0 Genome_id # :170 Fitness :32504.45 Final Amt :1856.87 Days :236 Avg Daily Profit :-0.022 %
Env #:0 Genome_id # :190 Fitness :-18957.04 Final Amt :2244.48 Days :236 Avg Daily Profit :0.069 %
Env #:0 Genome_id # :209 Fitness :30199.18 Final Amt :2713.25 Days :236 Avg Daily Profit :0.136 %
Env #:0 Genome_id # :212 Fitness :-758.13 Final Amt :1980.56 Days :236 Avg Daily Profit :-0.004 %
Env #:0 Genome_id # :1072 Fitness :142664.67 Final Amt :2353.43 Days :236 Avg Daily Profit :0.086 %
Env #:0 Genome_id # :245 Fitness :25291.44 Final Amt :2259.78 Days :236 Avg Daily Profit :0.074 %
Env #:0 Genome_id # :253 Fitness :15767.42 Final Amt :2041.72 Days :236 Avg Daily Profit :0.03 %
Env #:0 Genome_id # :268 Fitness :18497.02 Final Amt :2591.57 Days :236 Avg Daily Profit :0.114 %
Env #:0 Genome_id # :283 Fitness :-6626.26 Final Amt :1831.4 Days :236 Avg Daily Profit :-0.027 %
Env #:0 Genome_id # :172 Fitness :132052.31 Final Amt :1873.83 Days :236 Avg Daily Profit :-0.009 %
Env #:0 Genome_id # :316 Fitness :-19064.81 Final Amt :2157.3 Days :236 Avg Daily Profit :0.053 %
Env #:0 Genome_id # :333 Fitness :-33554.08 Final Amt :1387.52 Days :236 Avg Daily Profit :-0.14 %
Env #:0 Genome_id # :339 Fitness :176356.55 Final Amt :1776.47 Days :236 Avg Daily Profit :-0.033 %
Env #:0 Genome_id # :247 Fitness :233016.08 Final Amt :4603.88 Days :236 Avg Daily Profit :0.373 %
Env #:0 Genome_id # :369 Fitness :79338.15 Final Amt :1841.86 Days :236 Avg Daily Profit :-0.017 %
Env #:0 Genome_id # :382 Fitness :-34736.51 Final Amt :2034.2 Days :236 Avg Daily Profit :0.025 %
Env #:0 Genome_id # :402 Fitness :101077.28 Final Amt :3632.36 Days :236 Avg Daily Profit :0.271 %
Env #:0 Genome_id # :594 Fitness :54519.36 Final Amt :2772.8 Days :236 Avg Daily Profit :0.149 %
Env #:0 Genome_id # :4 Fitness :22987.64 Final Amt :2527.47 Days :236 Avg Daily Profit :0.104 %
Env #:0 Genome_id # :1072 Fitness :142664.67 Final Amt :2353.43 Days :236 Avg Daily Profit :0.086 %
Env #:0 Genome_id # :9 Fitness :152131.09 Final Amt :4780.25 Days :236 Avg Daily Profit :0.398 %
Env #:0 Genome_id # :44 Fitness :-18217.5 Final Amt :1652.38 Days :236 Avg Daily Profit :-0.065 %
Env #:0 Genome_id # :62 Fitness :35437.96 Final Amt :1918.22 Days :236 Avg Daily Profit :0.004 %
Env #:0 Genome_id # :76 Fitness :-8974.8 Final Amt :2064.68 Days :236 Avg Daily Profit :0.018 %
Env #:0 Genome_id # :33 Fitness :123652.69 Final Amt :1875.96 Days :236 Avg Daily Profit :-0.012 %
Env #:0 Genome_id # :107 Fitness :22987.86 Final Amt :2688.81 Days :236 Avg Daily Profit :0.137 %
Env #:0 Genome_id # :33 Fitness :123652.69 Final Amt :1875.96 Days :236 Avg Daily Profit :-0.012 %
Env #:0 Genome_id # :135 Fitness :-20010.62 Final Amt :2247.79 Days :236 Avg Daily Profit :0.07 %
Env #:0 Genome_id # :154 Fitness :67899.08 Final Amt :2046.97 Days :236 Avg Daily Profit :0.03 %
Env #:0 Genome_id # :718 Fitness :118588.48 Final Amt :2053.76 Days :236 Avg Daily Profit :0.022 %
Env #:0 Genome_id # :179 Fitness :-32029.28 Final Amt :1927.58 Days :236 Avg Daily Profit :0.006 %
Env #:0 Genome_id # :196 Fitness :117652.74 Final Amt :3071.75 Days :236 Avg Daily Profit :0.197 %
Env #:0 Genome_id # :199 Fitness :-31610.2 Final Amt :2010.93 Days :236 Avg Daily Profit :0.024 %
Env #:0 Genome_id # :224 Fitness :43140.68 Final Amt :1983.81 Days :236 Avg Daily Profit :0.017 %
Env #:0 Genome_id # :236 Fitness :1429.64 Final Amt :2344.58 Days :236 Avg Daily Profit :0.088 %
Env #:0 Genome_id # :248 Fitness :1509.36 Final Amt :1357.68 Days :236 Avg Daily Profit :-0.15 %
Env #:0 Genome_id # :259 Fitness :1592.36 Final Amt :2067.86 Days :236 Avg Daily Profit :0.037 %
Env #:0 Genome_id # :279 Fitness :28691.48 Final Amt :2871.74 Days :236 Avg Daily Profit :0.173 %
Env #:0 Genome_id # :292 Fitness :165372.64 Final Amt :2660.33 Days :236 Avg Daily Profit :0.144 %
Env #:0 Genome_id # :1042 Fitness :188715.74 Final Amt :3939.4 Days :236 Avg Daily Profit :0.302 %
Env #:0 Genome_id # :315 Fitness :21416.18 Final Amt :1347.56 Days :236 Avg Daily Profit :-0.146 %
Env #:0 Genome_id # :324 Fitness :22039.76 Final Amt :2112.58 Days :236 Avg Daily Profit :0.044 %
Env #:0 Genome_id # :341 Fitness :-16991.7 Final Amt :2261.06 Days :236 Avg Daily Profit :0.071 %
Env #:0 Genome_id # :363 Fitness :36237.33 Final Amt :2373.86 Days :236 Avg Daily Profit :0.087 %
Env #:0 Genome_id # :374 Fitness :82824.67 Final Amt :3288.18 Days :236 Avg Daily Profit :0.231 %
Env #:0 Genome_id # :378 Fitness :213291.71 Final Amt :3443.97 Days :236 Avg Daily Profit :0.251 %
Env #:0 Genome_id # :112 Fitness :195513.93 Final Amt :5874.22 Days :236 Avg Daily Profit :0.475 %
Env #:0 Genome_id # :1042 Fitness :188715.74 Final Amt :3939.4 Days :236 Avg Daily Profit :0.302 %
Env #:0 Genome_id # :99 Fitness :122708.48 Final Amt :4605.84 Days :236 Avg Daily Profit :0.369 %
Env #:0 Genome_id # :21 Fitness :26301.9 Final Amt :1844.11 Days :236 Avg Daily Profit :-0.017 %
Env #:0 Genome_id # :32 Fitness :9329.62 Final Amt :2155.87 Days :236 Avg Daily Profit :0.052 %
Env #:0 Genome_id # :1072 Fitness :142664.67 Final Amt :2353.43 Days :236 Avg Daily Profit :0.086 %
Env #:0 Genome_id # :66 Fitness :-152348.79 Final Amt :1019.61 Days :236 Avg Daily Profit :-0.281 %
Env #:0 Genome_id # :56 Fitness :163859.65 Final Amt :6198.18 Days :236 Avg Daily Profit :0.496 %
Env #:0 Genome_id # :91 Fitness :20574.25 Final Amt :2220.66 Days :236 Avg Daily Profit :0.067 %
Env #:0 Genome_id # :99 Fitness :35514.02 Final Amt :1801.29 Days :236 Avg Daily Profit :-0.023 %
Env #:0 Genome_id # :125 Fitness :-23524.72 Final Amt :1848.03 Days :236 Avg Daily Profit :-0.012 %
Env #:0 Genome_id # :129 Fitness :70761.45 Final Amt :2027.83 Days :236 Avg Daily Profit :0.023 %
Env #:0 Genome_id # :151 Fitness :63114.79 Final Amt :2988.96 Days :236 Avg Daily Profit :0.196 %
Env #:0 Genome_id # :156 Fitness :-20590.95 Final Amt :1811.77 Days :236 Avg Daily Profit :-0.039 %
Env #:0 Genome_id # :1072 Fitness :142664.67 Final Amt :2353.43 Days :236 Avg Daily Profit :0.086 %
Env #:0 Genome_id # :191 Fitness :-31276.76 Final Amt :2073.41 Days :236 Avg Daily Profit :0.037 %
Env #:0 Genome_id # :208 Fitness :-9322.56 Final Amt :1894.85 Days :236 Avg Daily Profit :-0.022 %
Env #:0 Genome_id # :172 Fitness :132052.31 Final Amt :1873.83 Days :236 Avg Daily Profit :-0.009 %
Env #:0 Genome_id # :234 Fitness :-55917.6 Final Amt :1822.82 Days :236 Avg Daily Profit :-0.018 %
Env #:0 Genome_id # :249 Fitness :-36365.1 Final Amt :1650.26 Days :236 Avg Daily Profit :-0.061 %
Env #:0 Genome_id # :263 Fitness :23920.36 Final Amt :2098.64 Days :236 Avg Daily Profit :0.043 %
Env #:0 Genome_id # :269 Fitness :811.16 Final Amt :1784.09 Days :236 Avg Daily Profit :-0.037 %
Env #:0 Genome_id # :1072 Fitness :142664.67 Final Amt :2353.43 Days :236 Avg Daily Profit :0.086 %
Env #:0 Genome_id # :301 Fitness :-35040.03 Final Amt :1847.92 Days :236 Avg Daily Profit :-0.011 %
Env #:0 Genome_id # :321 Fitness :-21088.78 Final Amt :2146.52 Days :236 Avg Daily Profit :0.051 %
Env #:0 Genome_id # :334 Fitness :106599.34 Final Amt :4322.29 Days :236 Avg Daily Profit :0.339 %
Env #:0 Genome_id # :112 Fitness :195513.93 Final Amt :5874.22 Days :236 Avg Daily Profit :0.475 %
Env #:0 Genome_id # :355 Fitness :-22451.96 Final Amt :1450.03 Days :236 Avg Daily Profit :-0.124 %
Env #:0 Genome_id # :1072 Fitness :142664.67 Final Amt :2353.43 Days :236 Avg Daily Profit :0.086 %
Env #:0 Genome_id # :112 Fitness :195513.93 Final Amt :5874.22 Days :236 Avg Daily Profit :0.475 %
Env #:0 Genome_id # :401 Fitness :-35163.21 Final Amt :1644.34 Days :236 Avg Daily Profit :-0.066 %
Env #:0 Genome_id # :242 Fitness :-72934.07 Final Amt :1334.58 Days :236 Avg Daily Profit :-0.165 %
Env #:0 Genome_id # :5 Fitness :-32187.64 Final Amt :1419.37 Days :236 Avg Daily Profit :-0.126 %
Env #:0 Genome_id # :19 Fitness :-93435.63 Final Amt :1782.87 Days :236 Avg Daily Profit :-0.025 %
Env #:0 Genome_id # :7 Fitness :129194.21 Final Amt :6234.37 Days :236 Avg Daily Profit :0.499 %
Env #:0 Genome_id # :46 Fitness :-10730.59 Final Amt :1647.88 Days :236 Avg Daily Profit :-0.076 %
Env #:0 Genome_id # :718 Fitness :118588.48 Final Amt :2053.76 Days :236 Avg Daily Profit :0.022 %
Env #:0 Genome_id # :78 Fitness :19314.05 Final Amt :2173.81 Days :236 Avg Daily Profit :0.055 %
Env #:0 Genome_id # :90 Fitness :72509.72 Final Amt :1656.64 Days :236 Avg Daily Profit :-0.061 %
Env #:0 Genome_id # :108 Fitness :-12645.29 Final Amt :1734.89 Days :236 Avg Daily Profit :-0.038 %
Env #:0 Genome_id # :114 Fitness :6425.19 Final Amt :2099.09 Days :236 Avg Daily Profit :0.021 %
Env #:0 Genome_id # :718 Fitness :118588.48 Final Amt :2053.76 Days :236 Avg Daily Profit :0.022 %
Env #:0 Genome_id # :149 Fitness :-17228.76 Final Amt :2196.13 Days :236 Avg Daily Profit :0.059 %
Env #:0 Genome_id # :163 Fitness :12177.97 Final Amt :2544.58 Days :236 Avg Daily Profit :0.118 %
Env #:0 Genome_id # :174 Fitness :31092.6 Final Amt :1497.24 Days :236 Avg Daily Profit :-0.093 %
Env #:0 Genome_id # :183 Fitness :91650.99 Final Amt :1794.51 Days :236 Avg Daily Profit :-0.025 %
Env #:0 Genome_id # :112 Fitness :195513.93 Final Amt :5874.22 Days :236 Avg Daily Profit :0.475 %
Env #:0 Genome_id # :1042 Fitness :188715.74 Final Amt :3939.4 Days :236 Avg Daily Profit :0.302 %
Env #:0 Genome_id # :227 Fitness :21590.94 Final Amt :2307.61 Days :236 Avg Daily Profit :0.069 %
Env #:0 Genome_id # :33 Fitness :123652.69 Final Amt :1875.96 Days :236 Avg Daily Profit :-0.012 %
Env #:0 Genome_id # :257 Fitness :-15665.9 Final Amt :1635.25 Days :236 Avg Daily Profit :-0.063 %
Env #:0 Genome_id # :172 Fitness :132052.31 Final Amt :1873.83 Days :236 Avg Daily Profit :-0.009 %
Env #:0 Genome_id # :289 Fitness :-32223.41 Final Amt :1984.18 Days :236 Avg Daily Profit :0.019 %
Env #:0 Genome_id # :307 Fitness :28719.13 Final Amt :2557.08 Days :236 Avg Daily Profit :0.113 %
Env #:0 Genome_id # :172 Fitness :132052.31 Final Amt :1873.83 Days :236 Avg Daily Profit :-0.009 %
Env #:0 Genome_id # :1042 Fitness :188715.74 Final Amt :3939.4 Days :236 Avg Daily Profit :0.302 %
Env #:0 Genome_id # :343 Fitness :-28816.0 Final Amt :1234.54 Days :236 Avg Daily Profit :-0.195 %
Env #:0 Genome_id # :357 Fitness :179562.46 Final Amt :1101.58 Days :236 Avg Daily Profit :-0.229 %
Env #:0 Genome_id # :365 Fitness :-30589.43 Final Amt :1413.49 Days :236 Avg Daily Profit :-0.125 %
Env #:0 Genome_id # :383 Fitness :-13424.58 Final Amt :1723.41 Days :236 Avg Daily Profit :-0.035 %
Env #:0 Genome_id # :395 Fitness :-13042.23 Final Amt :2320.06 Days :236 Avg Daily Profit :0.082 %
Env #:0 Genome_id # :31 Fitness :-14584.58 Final Amt :1656.97 Days :236 Avg Daily Profit :-0.062 %
Env #:0 Genome_id # :1072 Fitness :142664.67 Final Amt :2353.43 Days :236 Avg Daily Profit :0.086 %
Env #:0 Genome_id # :718 Fitness :118588.48 Final Amt :2053.76 Days :236 Avg Daily Profit :0.022 %
Env #:0 Genome_id # :30 Fitness :-37215.25 Final Amt :2057.1 Days :236 Avg Daily Profit :0.032 %
Env #:0 Genome_id # :53 Fitness :-24211.72 Final Amt :1839.83 Days :236 Avg Daily Profit :-0.013 %
Env #:0 Genome_id # :60 Fitness :60120.12 Final Amt :1754.82 Days :236 Avg Daily Profit :-0.034 %
Env #:0 Genome_id # :81 Fitness :161701.26 Final Amt :6422.21 Days :236 Avg Daily Profit :0.511 %
Env #:0 Genome_id # :56 Fitness :163859.65 Final Amt :6198.18 Days :236 Avg Daily Profit :0.496 %
Env #:0 Genome_id # :106 Fitness :106875.29 Final Amt :4250.16 Days :236 Avg Daily Profit :0.347 %
Env #:0 Genome_id # :113 Fitness :0.0 Final Amt :2000.0 Days :236 Avg Daily Profit :0.0 %
Env #:0 Genome_id # :1072 Fitness :142664.67 Final Amt :2353.43 Days :236 Avg Daily Profit :0.086 %
Env #:0 Genome_id # :145 Fitness :41358.29 Final Amt :1913.3 Days :236 Avg Daily Profit :0.003 %
Env #:0 Genome_id # :166 Fitness :176698.39 Final Amt :4477.28 Days :236 Avg Daily Profit :0.356 %
Env #:0 Genome_id # :136 Fitness :180942.01 Final Amt :2082.32 Days :236 Avg Daily Profit :0.039 %
Env #:0 Genome_id # :188 Fitness :-19313.85 Final Amt :1482.16 Days :236 Avg Daily Profit :-0.111 %
Env #:0 Genome_id # :202 Fitness :2261.91 Final Amt :1471.44 Days :236 Avg Daily Profit :-0.111 %
Env #:0 Genome_id # :222 Fitness :-16613.55 Final Amt :1691.68 Days :236 Avg Daily Profit :-0.06 %
Env #:0 Genome_id # :225 Fitness :-2992.41 Final Amt :1826.53 Days :236 Avg Daily Profit :-0.015 %
Env #:0 Genome_id # :241 Fitness :-609.52 Final Amt :1479.95 Days :236 Avg Daily Profit :-0.107 %
Env #:0 Genome_id # :266 Fitness :62619.68 Final Amt :1879.12 Days :236 Avg Daily Profit :-0.008 %
Env #:0 Genome_id # :278 Fitness :67272.16 Final Amt :2987.2 Days :236 Avg Daily Profit :0.189 %
Env #:0 Genome_id # :282 Fitness :-42886.94 Final Amt :2401.41 Days :236 Avg Daily Profit :0.092 %
Env #:0 Genome_id # :306 Fitness :63983.93 Final Amt :3317.04 Days :236 Avg Daily Profit :0.234 %
Env #:0 Genome_id # :247 Fitness :233016.08 Final Amt :4603.88 Days :236 Avg Daily Profit :0.373 %
Env #:0 Genome_id # :329 Fitness :39622.71 Final Amt :1870.64 Days :236 Avg Daily Profit :-0.007 %
Env #:0 Genome_id # :348 Fitness :158023.14 Final Amt :4235.29 Days :236 Avg Daily Profit :0.346 %
Env #:0 Genome_id # :352 Fitness :-36100.04 Final Amt :2040.7 Days :236 Avg Daily Profit :0.03 %
Env #:0 Genome_id # :376 Fitness :-57347.57 Final Amt :1217.07 Days :236 Avg Daily Profit :-0.19 %
Env #:0 Genome_id # :389 Fitness :61092.07 Final Amt :1580.19 Days :236 Avg Daily Profit :-0.078 %
Env #:0 Genome_id # :406 Fitness :33290.22 Final Amt :1705.24 Days :236 Avg Daily Profit :-0.048 %
Env #:0 Genome_id # :335 Fitness :16603.54 Final Amt :2051.99 Days :236 Avg Daily Profit :0.022 %
Env #:0 Genome_id # :6 Fitness :-28095.75 Final Amt :2043.7 Days :236 Avg Daily Profit :0.031 %
Env #:0 Genome_id # :28 Fitness :-31535.85 Final Amt :1715.91 Days :236 Avg Daily Profit :-0.061 %
Env #:0 Genome_id # :1072 Fitness :142664.67 Final Amt :2353.43 Days :236 Avg Daily Profit :0.086 %
Env #:0 Genome_id # :1042 Fitness :188715.74 Final Amt :3939.4 Days :236 Avg Daily Profit :0.302 %
Env #:0 Genome_id # :67 Fitness :-8974.28 Final Amt :1795.11 Days :236 Avg Daily Profit :-0.023 %
Env #:0 Genome_id # :73 Fitness :-35583.94 Final Amt :2076.47 Days :236 Avg Daily Profit :0.036 %
Env #:0 Genome_id # :92 Fitness :-15580.31 Final Amt :1914.98 Days :236 Avg Daily Profit :-0.014 %
Env #:0 Genome_id # :33 Fitness :123652.69 Final Amt :1875.96 Days :236 Avg Daily Profit :-0.012 %
Env #:0 Genome_id # :122 Fitness :-195115.44 Final Amt :699.22 Days :236 Avg Daily Profit :-0.43 %
Env #:0 Genome_id # :136 Fitness :180942.01 Final Amt :2082.32 Days :236 Avg Daily Profit :0.039 %
Env #:0 Genome_id # :136 Fitness :180942.01 Final Amt :2082.32 Days :236 Avg Daily Profit :0.039 %
Env #:0 Genome_id # :158 Fitness :-69166.88 Final Amt :1675.92 Days :236 Avg Daily Profit :-0.05 %
Env #:0 Genome_id # :171 Fitness :5908.19 Final Amt :1869.52 Days :236 Avg Daily Profit :-0.018 %
Env #:0 Genome_id # :1072 Fitness :142664.67 Final Amt :2353.43 Days :236 Avg Daily Profit :0.086 %
Env #:0 Genome_id # :136 Fitness :180942.01 Final Amt :2082.32 Days :236 Avg Daily Profit :0.039 %
Env #:0 Genome_id # :217 Fitness :107439.72 Final Amt :2520.3 Days :236 Avg Daily Profit :0.123 %
Env #:0 Genome_id # :232 Fitness :-24335.93 Final Amt :1868.11 Days :236 Avg Daily Profit :-0.003 %
Env #:0 Genome_id # :242 Fitness :28038.83 Final Amt :2904.8 Days :236 Avg Daily Profit :0.176 %
Env #:0 Genome_id # :258 Fitness :89910.95 Final Amt :1972.3 Days :236 Avg Daily Profit :0.016 %
Env #:0 Genome_id # :277 Fitness :20342.18 Final Amt :1218.84 Days :236 Avg Daily Profit :-0.192 %
Env #:0 Genome_id # :294 Fitness :101568.13 Final Amt :3736.56 Days :236 Avg Daily Profit :0.279 %
Env #:0 Genome_id # :300 Fitness :127649.06 Final Amt :1583.24 Days :236 Avg Daily Profit :-0.077 %
Env #:0 Genome_id # :309 Fitness :64306.53 Final Amt :1880.61 Days :236 Avg Daily Profit :-0.009 %
Env #:0 Genome_id # :332 Fitness :33912.46 Final Amt :2183.87 Days :236 Avg Daily Profit :0.059 %
Env #:0 Genome_id # :337 Fitness :-31047.9 Final Amt :2142.21 Days :236 Avg Daily Profit :0.05 %
Env #:0 Genome_id # :362 Fitness :23252.57 Final Amt :1918.99 Days :236 Avg Daily Profit :0.004 %
Env #:0 Genome_id # :367 Fitness :35591.79 Final Amt :1925.71 Days :236 Avg Daily Profit :0.007 %
Env #:0 Genome_id # :380 Fitness :-14647.42 Final Amt :1805.15 Days :236 Avg Daily Profit :-0.035 %
Env #:0 Genome_id # :397 Fitness :105393.05 Final Amt :2000.12 Days :236 Avg Daily Profit :0.017 %
Env #:0 Genome_id # :927 Fitness :73698.13 Final Amt :3491.57 Days :236 Avg Daily Profit :0.251 %
Env #:0 Genome_id # :2 Fitness :-25978.38 Final Amt :1673.42 Days :236 Avg Daily Profit :-0.059 %
Env #:0 Genome_id # :16 Fitness :42956.45 Final Amt :2529.19 Days :236 Avg Daily Profit :0.12 %
Env #:0 Genome_id # :40 Fitness :-17350.06 Final Amt :973.56 Days :236 Avg Daily Profit :-0.285 %
Env #:0 Genome_id # :56 Fitness :163859.65 Final Amt :6198.18 Days :236 Avg Daily Profit :0.496 %
Env #:0 Genome_id # :68 Fitness :-1026.59 Final Amt :2392.31 Days :236 Avg Daily Profit :0.096 %
Env #:0 Genome_id # :83 Fitness :74297.57 Final Amt :1739.38 Days :236 Avg Daily Profit :-0.041 %
Env #:0 Genome_id # :86 Fitness :-9044.43 Final Amt :1597.35 Days :236 Avg Daily Profit :-0.072 %
Env #:0 Genome_id # :111 Fitness :33763.52 Final Amt :2078.49 Days :236 Avg Daily Profit :0.035 %
Env #:0 Genome_id # :126 Fitness :28379.16 Final Amt :2194.27 Days :236 Avg Daily Profit :0.063 %
Env #:0 Genome_id # :131 Fitness :25252.45 Final Amt :1767.62 Days :236 Avg Daily Profit :-0.036 %
Env #:0 Genome_id # :1042 Fitness :188715.74 Final Amt :3939.4 Days :236 Avg Daily Profit :0.302 %
Env #:0 Genome_id # :161 Fitness :84145.19 Final Amt :2536.26 Days :236 Avg Daily Profit :0.12 %
Env #:0 Genome_id # :176 Fitness :41233.72 Final Amt :1962.65 Days :236 Avg Daily Profit :0.013 %
Env #:0 Genome_id # :195 Fitness :-21102.33 Final Amt :2101.44 Days :236 Avg Daily Profit :0.042 %
Env #:0 Genome_id # :210 Fitness :-31733.77 Final Amt :1868.37 Days :236 Avg Daily Profit :-0.008 %
Env #:0 Genome_id # :218 Fitness :-5663.59 Final Amt :1732.54 Days :236 Avg Daily Profit :-0.043 %
Env #:0 Genome_id # :235 Fitness :10847.89 Final Amt :1547.36 Days :236 Avg Daily Profit :-0.089 %
Env #:0 Genome_id # :252 Fitness :47092.95 Final Amt :2337.15 Days :236 Avg Daily Profit :0.088 %
Env #:0 Genome_id # :261 Fitness :-6852.68 Final Amt :1783.4 Days :236 Avg Daily Profit :-0.027 %
Env #:0 Genome_id # :271 Fitness :-138761.53 Final Amt :1987.28 Days :236 Avg Daily Profit :0.01 %
Env #:0 Genome_id # :112 Fitness :195513.93 Final Amt :5874.22 Days :236 Avg Daily Profit :0.475 %
Env #:0 Genome_id # :302 Fitness :5482.51 Final Amt :1884.71 Days :236 Avg Daily Profit :-0.007 %
Env #:0 Genome_id # :318 Fitness :19598.88 Final Amt :1621.55 Days :236 Avg Daily Profit :-0.068 %
Env #:0 Genome_id # :336 Fitness :78419.98 Final Amt :1956.48 Days :236 Avg Daily Profit :0.015 %
Env #:0 Genome_id # :338 Fitness :34605.21 Final Amt :1719.13 Days :236 Avg Daily Profit :-0.044 %
Env #:0 Genome_id # :364 Fitness :-28594.87 Final Amt :1987.97 Days :236 Avg Daily Profit :0.021 %
Env #:0 Genome_id # :378 Fitness :213291.71 Final Amt :3443.97 Days :236 Avg Daily Profit :0.251 %
Env #:0 Genome_id # :381 Fitness :47059.88 Final Amt :3147.71 Days :236 Avg Daily Profit :0.206 %
Env #:0 Genome_id # :398 Fitness :1127.2 Final Amt :1482.73 Days :236 Avg Daily Profit :-0.108 %
Env #:0 Genome_id # :941 Fitness :38327.29 Final Amt :2666.08 Days :236 Avg Daily Profit :0.131 %
Env #:0 Genome_id # :942 Fitness :126643.04 Final Amt :5618.83 Days :236 Avg Daily Profit :0.454 %
Env #:0 Genome_id # :25 Fitness :18141.57 Final Amt :1089.24 Days :236 Avg Daily Profit :-0.237 %
Env #:0 Genome_id # :39 Fitness :19789.76 Final Amt :2144.65 Days :236 Avg Daily Profit :0.044 %
Env #:0 Genome_id # :7 Fitness :129194.21 Final Amt :6234.37 Days :236 Avg Daily Profit :0.499 %
Env #:0 Genome_id # :64 Fitness :-12284.41 Final Amt :1791.62 Days :236 Avg Daily Profit :-0.025 %
Env #:0 Genome_id # :1072 Fitness :142664.67 Final Amt :2353.43 Days :236 Avg Daily Profit :0.086 %
Env #:0 Genome_id # :87 Fitness :1324.57 Final Amt :1755.54 Days :236 Avg Daily Profit :-0.034 %
Env #:0 Genome_id # :104 Fitness :-66070.84 Final Amt :1953.3 Days :236 Avg Daily Profit :0.015 %
Env #:0 Genome_id # :119 Fitness :-6848.41 Final Amt :1737.2 Days :236 Avg Daily Profit :-0.035 %
Env #:0 Genome_id # :127 Fitness :23586.53 Final Amt :2252.75 Days :236 Avg Daily Profit :0.068 %
Env #:0 Genome_id # :143 Fitness :34692.22 Final Amt :1755.28 Days :236 Avg Daily Profit :-0.034 %
Env #:0 Genome_id # :160 Fitness :18286.5 Final Amt :2062.88 Days :236 Avg Daily Profit :0.02 %
Env #:0 Genome_id # :33 Fitness :123652.69 Final Amt :1875.96 Days :236 Avg Daily Profit :-0.012 %
Env #:0 Genome_id # :112 Fitness :195513.93 Final Amt :5874.22 Days :236 Avg Daily Profit :0.475 %
Env #:0 Genome_id # :197 Fitness :0.0 Final Amt :2000.0 Days :236 Avg Daily Profit :0.0 %
Env #:0 Genome_id # :1072 Fitness :142664.67 Final Amt :2353.43 Days :236 Avg Daily Profit :0.086 %
Env #:0 Genome_id # :230 Fitness :-70353.74 Final Amt :1734.12 Days :236 Avg Daily Profit :-0.038 %
Env #:0 Genome_id # :239 Fitness :-15044.58 Final Amt :1782.01 Days :236 Avg Daily Profit :-0.027 %
Env #:0 Genome_id # :243 Fitness :126070.1 Final Amt :2159.59 Days :236 Avg Daily Profit :0.048 %
Env #:0 Genome_id # :1042 Fitness :188715.74 Final Amt :3939.4 Days :236 Avg Daily Profit :0.302 %
Env #:0 Genome_id # :285 Fitness :-10985.11 Final Amt :1633.67 Days :236 Avg Daily Profit :-0.077 %
Env #:0 Genome_id # :243 Fitness :126070.1 Final Amt :2159.59 Days :236 Avg Daily Profit :0.048 %
Env #:0 Genome_id # :314 Fitness :1157.97 Final Amt :1654.94 Days :236 Avg Daily Profit :-0.07 %
Env #:0 Genome_id # :243 Fitness :126070.1 Final Amt :2159.59 Days :236 Avg Daily Profit :0.048 %
Env #:0 Genome_id # :346 Fitness :-23638.16 Final Amt :1939.0 Days :236 Avg Daily Profit :0.009 %
Env #:0 Genome_id # :359 Fitness :-140550.16 Final Amt :887.29 Days :236 Avg Daily Profit :-0.334 %
Env #:0 Genome_id # :247 Fitness :233016.08 Final Amt :4603.88 Days :236 Avg Daily Profit :0.373 %
Env #:0 Genome_id # :379 Fitness :-25898.35 Final Amt :1839.79 Days :236 Avg Daily Profit :-0.014 %
Env #:0 Genome_id # :172 Fitness :132052.31 Final Amt :1873.83 Days :236 Avg Daily Profit :-0.009 %
Env #:0 Genome_id # :1072 Fitness :142664.67 Final Amt :2353.43 Days :236 Avg Daily Profit :0.086 %
Env #:0 Genome_id # :1042 Fitness :188715.74 Final Amt :3939.4 Days :236 Avg Daily Profit :0.302 %
Env #:0 Genome_id # :7 Fitness :129194.21 Final Amt :6234.37 Days :236 Avg Daily Profit :0.499 %
Env #:0 Genome_id # :37 Fitness :124421.69 Final Amt :4636.15 Days :236 Avg Daily Profit :0.372 %
Env #:0 Genome_id # :52 Fitness :-3457.21 Final Amt :2226.61 Days :236 Avg Daily Profit :0.065 %
Env #:0 Genome_id # :1042 Fitness :188715.74 Final Amt :3939.4 Days :236 Avg Daily Profit :0.302 %
Env #:0 Genome_id # :77 Fitness :-16288.53 Final Amt :1963.66 Days :236 Avg Daily Profit :0.015 %
Env #:0 Genome_id # :94 Fitness :10384.96 Final Amt :2294.45 Days :236 Avg Daily Profit :0.079 %
Env #:0 Genome_id # :110 Fitness :-4605.85 Final Amt :1785.06 Days :236 Avg Daily Profit :-0.026 %
Env #:0 Genome_id # :115 Fitness :-25589.39 Final Amt :1910.56 Days :236 Avg Daily Profit :0.005 %
Env #:0 Genome_id # :140 Fitness :-4253.63 Final Amt :1808.59 Days :236 Avg Daily Profit :-0.025 %
Env #:0 Genome_id # :141 Fitness :-38918.58 Final Amt :2017.23 Days :236 Avg Daily Profit :0.025 %
Env #:0 Genome_id # :112 Fitness :195513.93 Final Amt :5874.22 Days :236 Avg Daily Profit :0.475 %
Env #:0 Genome_id # :112 Fitness :195513.93 Final Amt :5874.22 Days :236 Avg Daily Profit :0.475 %
Env #:0 Genome_id # :189 Fitness :5531.94 Final Amt :1553.84 Days :236 Avg Daily Profit :-0.09 %
Env #:0 Genome_id # :1042 Fitness :188715.74 Final Amt :3939.4 Days :236 Avg Daily Profit :0.302 %
Env #:0 Genome_id # :112 Fitness :195513.93 Final Amt :5874.22 Days :236 Avg Daily Profit :0.475 %
Env #:0 Genome_id # :229 Fitness :-59410.04 Final Amt :1818.35 Days :236 Avg Daily Profit :-0.017 %
Env #:0 Genome_id # :247 Fitness :233016.08 Final Amt :4603.88 Days :236 Avg Daily Profit :0.373 %
Env #:0 Genome_id # :112 Fitness :195513.93 Final Amt :5874.22 Days :236 Avg Daily Profit :0.475 %
Env #:0 Genome_id # :275 Fitness :-49691.0 Final Amt :3163.67 Days :236 Avg Daily Profit :0.213 %
Env #:0 Genome_id # :247 Fitness :233016.08 Final Amt :4603.88 Days :236 Avg Daily Profit :0.373 %
Env #:0 Genome_id # :299 Fitness :32842.74 Final Amt :1659.05 Days :236 Avg Daily Profit :-0.059 %
Env #:0 Genome_id # :320 Fitness :-11551.88 Final Amt :1688.76 Days :236 Avg Daily Profit :-0.049 %
Env #:0 Genome_id # :325 Fitness :-7791.8 Final Amt :1437.42 Days :236 Avg Daily Profit :-0.122 %
Env #:0 Genome_id # :350 Fitness :192519.58 Final Amt :1790.87 Days :236 Avg Daily Profit :-0.023 %
Env #:0 Genome_id # :350 Fitness :192519.58 Final Amt :1790.87 Days :236 Avg Daily Profit :-0.023 %
Env #:0 Genome_id # :375 Fitness :31906.25 Final Amt :2842.98 Days :236 Avg Daily Profit :0.168 %
Env #:0 Genome_id # :392 Fitness :-32131.32 Final Amt :2039.78 Days :236 Avg Daily Profit :0.031 %
Env #:0 Genome_id # :399 Fitness :8595.62 Final Amt :1541.57 Days :236 Avg Daily Profit :-0.091 %
Env #:0 Genome_id # :929 Fitness :76934.92 Final Amt :3233.86 Days :236 Avg Daily Profit :0.218 %
Env #:0 Genome_id # :14 Fitness :-81918.02 Final Amt :1437.69 Days :236 Avg Daily Profit :-0.118 %
Env #:0 Genome_id # :27 Fitness :-44584.21 Final Amt :994.4 Days :236 Avg Daily Profit :-0.27 %
Env #:0 Genome_id # :36 Fitness :-74998.28 Final Amt :1960.37 Days :236 Avg Daily Profit :0.011 %
Env #:0 Genome_id # :54 Fitness :97170.99 Final Amt :4781.31 Days :236 Avg Daily Profit :0.39 %
Env #:0 Genome_id # :63 Fitness :-37496.45 Final Amt :2010.57 Days :236 Avg Daily Profit :0.023 %
Env #:0 Genome_id # :80 Fitness :97784.87 Final Amt :3849.78 Days :236 Avg Daily Profit :0.296 %
Env #:0 Genome_id # :718 Fitness :118588.48 Final Amt :2053.76 Days :236 Avg Daily Profit :0.022 %
Env #:0 Genome_id # :101 Fitness :0.0 Final Amt :2000.0 Days :236 Avg Daily Profit :0.0 %
Env #:0 Genome_id # :1072 Fitness :142664.67 Final Amt :2353.43 Days :236 Avg Daily Profit :0.086 %
Env #:0 Genome_id # :133 Fitness :-18342.13 Final Amt :2310.01 Days :236 Avg Daily Profit :0.08 %
Env #:0 Genome_id # :150 Fitness :-10867.77 Final Amt :1695.34 Days :236 Avg Daily Profit :-0.046 %
Env #:0 Genome_id # :33 Fitness :123652.69 Final Amt :1875.96 Days :236 Avg Daily Profit :-0.012 %
Env #:0 Genome_id # :172 Fitness :132052.31 Final Amt :1873.83 Days :236 Avg Daily Profit :-0.009 %
Env #:0 Genome_id # :136 Fitness :180942.01 Final Amt :2082.32 Days :236 Avg Daily Profit :0.039 %
Env #:0 Genome_id # :200 Fitness :-20379.23 Final Amt :1504.56 Days :236 Avg Daily Profit :-0.114 %
Env #:0 Genome_id # :213 Fitness :30937.25 Final Amt :1729.9 Days :236 Avg Daily Profit :-0.041 %
Env #:0 Genome_id # :136 Fitness :180942.01 Final Amt :2082.32 Days :236 Avg Daily Profit :0.039 %
Env #:0 Genome_id # :240 Fitness :40228.32 Final Amt :2247.86 Days :236 Avg Daily Profit :0.069 %
Env #:0 Genome_id # :172 Fitness :132052.31 Final Amt :1873.83 Days :236 Avg Daily Profit :-0.009 %
Env #:0 Genome_id # :112 Fitness :195513.93 Final Amt :5874.22 Days :236 Avg Daily Profit :0.475 %
Env #:0 Genome_id # :281 Fitness :-21028.29 Final Amt :1456.35 Days :236 Avg Daily Profit :-0.121 %
Env #:0 Genome_id # :296 Fitness :-39118.68 Final Amt :2122.17 Days :236 Avg Daily Profit :0.047 %
Env #:0 Genome_id # :319 Fitness :83878.47 Final Amt :2991.06 Days :236 Avg Daily Profit :0.194 %
Env #:0 Genome_id # :172 Fitness :132052.31 Final Amt :1873.83 Days :236 Avg Daily Profit :-0.009 %
Env #:0 Genome_id # :344 Fitness :28327.15 Final Amt :2525.03 Days :236 Avg Daily Profit :0.101 %
Env #:0 Genome_id # :339 Fitness :176356.55 Final Amt :1776.47 Days :236 Avg Daily Profit :-0.033 %
Env #:0 Genome_id # :372 Fitness :65612.08 Final Amt :1166.32 Days :236 Avg Daily Profit :-0.205 %
Env #:0 Genome_id # :172 Fitness :132052.31 Final Amt :1873.83 Days :236 Avg Daily Profit :-0.009 %
Env #:0 Genome_id # :400 Fitness :37883.77 Final Amt :1855.63 Days :236 Avg Daily Profit :-0.012 %
Saving checkpoint to neat-checkpoint-28

 ****** Running generation 29 ****** 

Population's average fitness: 77576.08080 stdev: 85185.89728
Best fitness: 233016.07900 - size: (8, 31) - species 2 - id 247
Average adjusted fitness: 0.420
Mean genetic distance 2.322, standard deviation 0.950
Population of 20 members in 2 species:
   ID   age  size  fitness  adj fit  stag
  ====  ===  ====  =======  =======  ====
     1   29     9  176356.5    0.359   -54
     2   29    11  233016.1    0.482    11
Total extinctions: 0
Generation time: 401.513 sec (526.468 average)
Saving checkpoint to neat-checkpoint-29
Key: 247
Fitness: 233016.0790000011
Nodes:
	0 DefaultNodeGene(key=0, bias=-1.4722335628899796, response=0.9983608022267044, activation=relu, aggregation=mean)
	1 DefaultNodeGene(key=1, bias=-0.5013447025919756, response=1.2386247287407985, activation=relu, aggregation=median)
	2 DefaultNodeGene(key=2, bias=-0.43754732926287754, response=0.8615914685290981, activation=relu, aggregation=product)
	227 DefaultNodeGene(key=227, bias=1.6432214394953415, response=0.9629031643039528, activation=sigmoid, aggregation=max)
	24 DefaultNodeGene(key=24, bias=1.675462842273104, response=0.7835013924438103, activation=relu, aggregation=median)
	363 DefaultNodeGene(key=363, bias=0.817664765750184, response=0.9987106328879307, activation=relu, aggregation=mean)
	63 DefaultNodeGene(key=63, bias=-0.3822237912533022, response=0.9273929438116508, activation=relu, aggregation=mean)
	887 DefaultNodeGene(key=887, bias=0.495930104519302, response=0.9996569734461949, activation=relu, aggregation=sum)
Connections:
	DefaultConnectionGene(key=(-34, 2), weight=-0.4876640118112887, enabled=True)
	DefaultConnectionGene(key=(-33, 1), weight=0.9989840161629673, enabled=True)
	DefaultConnectionGene(key=(-33, 2), weight=-0.7139507963659003, enabled=False)
	DefaultConnectionGene(key=(-32, 2), weight=1.3959363556658233, enabled=True)
	DefaultConnectionGene(key=(-31, 0), weight=-0.5069456150082986, enabled=False)
	DefaultConnectionGene(key=(-31, 2), weight=-2.749292146117526, enabled=False)
	DefaultConnectionGene(key=(-30, 2), weight=-2.364367399611068, enabled=False)
	DefaultConnectionGene(key=(-28, 227), weight=-0.567704658969254, enabled=True)
	DefaultConnectionGene(key=(-27, 2), weight=0.6521032776334863, enabled=True)
	DefaultConnectionGene(key=(-26, 0), weight=0.14889596321907173, enabled=True)
	DefaultConnectionGene(key=(-26, 1), weight=1.1401020062497145, enabled=True)
	DefaultConnectionGene(key=(-26, 2), weight=0.30050520793466096, enabled=True)
	DefaultConnectionGene(key=(-26, 63), weight=1.3985895664307824, enabled=True)
	DefaultConnectionGene(key=(-25, 2), weight=2.5333583097928947, enabled=True)
	DefaultConnectionGene(key=(-24, 0), weight=0.651111503029769, enabled=False)
	DefaultConnectionGene(key=(-24, 1), weight=-1.7325606351854015, enabled=False)
	DefaultConnectionGene(key=(-23, 0), weight=-0.49767404158886064, enabled=False)
	DefaultConnectionGene(key=(-23, 2), weight=0.25121107976484114, enabled=False)
	DefaultConnectionGene(key=(-22, 1), weight=-1.928701445007773, enabled=False)
	DefaultConnectionGene(key=(-22, 2), weight=-0.38480774889475045, enabled=True)
	DefaultConnectionGene(key=(-22, 887), weight=1.0876721946613288, enabled=True)
	DefaultConnectionGene(key=(-21, 0), weight=-0.4505394447572409, enabled=False)
	DefaultConnectionGene(key=(-20, 1), weight=0.34290182249082224, enabled=True)
	DefaultConnectionGene(key=(-19, 0), weight=-0.24255019421087212, enabled=False)
	DefaultConnectionGene(key=(-19, 2), weight=1.2267145501249825, enabled=False)
	DefaultConnectionGene(key=(-18, 0), weight=0.7940412179791227, enabled=True)
	DefaultConnectionGene(key=(-18, 1), weight=0.6470408052387795, enabled=True)
	DefaultConnectionGene(key=(-17, 2), weight=0.24559380008760923, enabled=False)
	DefaultConnectionGene(key=(-16, 0), weight=-0.010640492871029195, enabled=False)
	DefaultConnectionGene(key=(-16, 1), weight=-0.4273062853665991, enabled=True)
	DefaultConnectionGene(key=(-15, 0), weight=-0.49541297953312513, enabled=False)
	DefaultConnectionGene(key=(-15, 2), weight=2.8728763178776426, enabled=False)
	DefaultConnectionGene(key=(-14, 1), weight=-0.9426473699670113, enabled=False)
	DefaultConnectionGene(key=(-14, 2), weight=0.9539344550998302, enabled=False)
	DefaultConnectionGene(key=(-13, 0), weight=3.6711914266389507, enabled=True)
	DefaultConnectionGene(key=(-13, 1), weight=0.33721509940631234, enabled=False)
	DefaultConnectionGene(key=(-13, 2), weight=-0.07703170023394465, enabled=False)
	DefaultConnectionGene(key=(-12, 1), weight=3.641379854327757, enabled=True)
	DefaultConnectionGene(key=(-12, 2), weight=1.1394251679232827, enabled=False)
	DefaultConnectionGene(key=(-11, 1), weight=-1.1648206647751278, enabled=False)
	DefaultConnectionGene(key=(-11, 24), weight=-1.4434936908099263, enabled=False)
	DefaultConnectionGene(key=(-10, 63), weight=1.8022289322926615, enabled=False)
	DefaultConnectionGene(key=(-8, 1), weight=0.6286115575926078, enabled=True)
	DefaultConnectionGene(key=(-7, 0), weight=0.9014618318413601, enabled=False)
	DefaultConnectionGene(key=(-7, 2), weight=-2.4590523349090914, enabled=True)
	DefaultConnectionGene(key=(-6, 2), weight=1.385523189738782, enabled=True)
	DefaultConnectionGene(key=(-4, 1), weight=-0.5309812709859297, enabled=False)
	DefaultConnectionGene(key=(-4, 24), weight=-0.8489984808919522, enabled=True)
	DefaultConnectionGene(key=(-4, 363), weight=0.23330107527889796, enabled=True)
	DefaultConnectionGene(key=(-3, 0), weight=-0.5043371841710398, enabled=True)
	DefaultConnectionGene(key=(-3, 1), weight=-0.7790932313613343, enabled=False)
	DefaultConnectionGene(key=(-3, 2), weight=-0.43139942123092345, enabled=False)
	DefaultConnectionGene(key=(-2, 2), weight=0.09812545626018648, enabled=False)
	DefaultConnectionGene(key=(-1, 0), weight=1.0036609844322077, enabled=True)
	DefaultConnectionGene(key=(-1, 2), weight=0.4631406764173144, enabled=True)
	DefaultConnectionGene(key=(1, 1), weight=2.32118435661622, enabled=False)
	DefaultConnectionGene(key=(24, 0), weight=-0.07873017880134714, enabled=True)
	DefaultConnectionGene(key=(24, 1), weight=-0.2320766133333284, enabled=True)
	DefaultConnectionGene(key=(24, 887), weight=-0.32846999119497977, enabled=True)
	DefaultConnectionGene(key=(63, 1), weight=-1.8000403097466597, enabled=True)
	DefaultConnectionGene(key=(363, 1), weight=3.4145495143247024, enabled=False)
	DefaultConnectionGene(key=(887, 1), weight=-2.2377591088470368, enabled=True)
