nohup: ignoring input

 ****** Running generation 0 ****** 

Population's average fitness: 115559.11590 stdev: 75183.72337
Best fitness: 193576.22200 - size: (9, 30) - species 2 - id 99
Average adjusted fitness: 0.680
Mean genetic distance 2.276, standard deviation 0.972
Population of 20 members in 2 species:
   ID   age  size  fitness  adj fit  stag
  ====  ===  ====  =======  =======  ====
     1    0     7  144631.2    0.543   -83
     2    0    13  193576.2    0.817   -81
Total extinctions: 0
Generation time: 2457.002 sec
Saving checkpoint to neat-checkpoint-0

 ****** Running generation 1 ****** 

Population's average fitness: 59126.85835 stdev: 89844.69066
Best fitness: 198155.89900 - size: (9, 30) - species 2 - id 12
Average adjusted fitness: 0.583
Mean genetic distance 2.233, standard deviation 1.001
Population of 20 members in 2 species:
   ID   age  size  fitness  adj fit  stag
  ====  ===  ====  =======  =======  ====
     1    1     9  144631.2    0.597   -82
     2    1    11  198155.9    0.570   -80
Total extinctions: 0
Generation time: 2432.547 sec (2444.774 average)
Saving checkpoint to neat-checkpoint-1

 ****** Running generation 2 ****** 

Population's average fitness: 64708.15185 stdev: 76356.40667
Best fitness: 198155.89900 - size: (9, 30) - species 2 - id 12
Average adjusted fitness: 0.386
Mean genetic distance 2.296, standard deviation 1.080
Population of 20 members in 2 species:
   ID   age  size  fitness  adj fit  stag
  ====  ===  ====  =======  =======  ====
     1    2     8  144631.2    0.320   -81
     2    2    12  198155.9    0.452   -79
Total extinctions: 0
Generation time: 2543.427 sec (2477.659 average)
Saving checkpoint to neat-checkpoint-2

 ****** Running generation 3 ****** 

Population's average fitness: 61858.34395 stdev: 82604.49561
Best fitness: 213892.36400 - size: (8, 26) - species 2 - id 34
Average adjusted fitness: 0.383
Mean genetic distance 2.336, standard deviation 0.998
Population of 20 members in 2 species:
   ID   age  size  fitness  adj fit  stag
  ====  ===  ====  =======  =======  ====
     1    3     9  144631.2    0.375   -80
     2    3    11  213892.4    0.391     0
Total extinctions: 0
Generation time: 2457.275 sec (2472.563 average)
Saving checkpoint to neat-checkpoint-3

 ****** Running generation 4 ****** 

Population's average fitness: 66828.77800 stdev: 79888.06446
Best fitness: 213892.36400 - size: (8, 26) - species 2 - id 34
Average adjusted fitness: 0.467
Mean genetic distance 2.366, standard deviation 0.968
Population of 20 members in 2 species:
   ID   age  size  fitness  adj fit  stag
  ====  ===  ====  =======  =======  ====
     1    4     8  144631.2    0.418   -79
     2    4    12  213892.4    0.516     1
Total extinctions: 0
Generation time: 2425.843 sec (2463.219 average)
Saving checkpoint to neat-checkpoint-4

 ****** Running generation 5 ****** 

Population's average fitness: 69265.26075 stdev: 80259.31872
Best fitness: 213892.36400 - size: (8, 26) - species 2 - id 34
Average adjusted fitness: 0.335
Mean genetic distance 2.287, standard deviation 1.089
Population of 20 members in 2 species:
   ID   age  size  fitness  adj fit  stag
  ====  ===  ====  =======  =======  ====
     1    5     9  144631.2    0.282   -78
     2    5    11  213892.4    0.388     2
Total extinctions: 0
Generation time: 2396.050 sec (2452.024 average)
Saving checkpoint to neat-checkpoint-5

 ****** Running generation 6 ****** 

Population's average fitness: 73849.65450 stdev: 76091.11844
Best fitness: 213892.36400 - size: (8, 26) - species 2 - id 34
Average adjusted fitness: 0.440
Mean genetic distance 2.303, standard deviation 1.038
Population of 20 members in 2 species:
   ID   age  size  fitness  adj fit  stag
  ====  ===  ====  =======  =======  ====
     1    6     8  144631.2    0.368   -77
     2    6    12  213892.4    0.512     3
Total extinctions: 0
Generation time: 2445.944 sec (2451.155 average)
Saving checkpoint to neat-checkpoint-6

 ****** Running generation 7 ****** 

Population's average fitness: 88276.77650 stdev: 81214.14822
Best fitness: 213892.36400 - size: (8, 26) - species 2 - id 34
Average adjusted fitness: 0.459
Mean genetic distance 2.397, standard deviation 0.946
Population of 19 members in 2 species:
   ID   age  size  fitness  adj fit  stag
  ====  ===  ====  =======  =======  ====
     1    7     6  144631.2    0.318   -76
     2    7    13  213892.4    0.599     4
Total extinctions: 0
Generation time: 2438.664 sec (2449.594 average)
Saving checkpoint to neat-checkpoint-7

 ****** Running generation 8 ****** 

Population's average fitness: 67548.77437 stdev: 79576.56810
Best fitness: 213892.36400 - size: (8, 26) - species 2 - id 34
Average adjusted fitness: 0.381
Mean genetic distance 2.354, standard deviation 1.010
Population of 20 members in 2 species:
   ID   age  size  fitness  adj fit  stag
  ====  ===  ====  =======  =======  ====
     1    8     8  144631.2    0.370   -75
     2    8    12  213892.4    0.393     5
Total extinctions: 0
Generation time: 2436.307 sec (2448.118 average)
Saving checkpoint to neat-checkpoint-8

 ****** Running generation 9 ****** 

Population's average fitness: 64316.99360 stdev: 86224.24870
Best fitness: 213892.36400 - size: (8, 26) - species 2 - id 34
Average adjusted fitness: 0.468
Mean genetic distance 2.362, standard deviation 0.948
Population of 20 members in 2 species:
   ID   age  size  fitness  adj fit  stag
  ====  ===  ====  =======  =======  ====
     1    9     9  144631.2    0.416   -74
     2    9    11  213892.4    0.519     6
Total extinctions: 0
Generation time: 2441.433 sec (2447.449 average)
Saving checkpoint to neat-checkpoint-9

 ****** Running generation 10 ****** 

Population's average fitness: 68934.41485 stdev: 88736.42155
Best fitness: 213892.36400 - size: (8, 26) - species 2 - id 34
Average adjusted fitness: 0.465
Mean genetic distance 2.336, standard deviation 1.060
Population of 20 members in 2 species:
   ID   age  size  fitness  adj fit  stag
  ====  ===  ====  =======  =======  ====
     1   10     8  144631.2    0.381   -73
     2   10    12  213892.4    0.550     7
Total extinctions: 0
Generation time: 2441.601 sec (2445.909 average)
Saving checkpoint to neat-checkpoint-10

 ****** Running generation 11 ****** 

Population's average fitness: 60218.66830 stdev: 93813.73013
Best fitness: 213892.36400 - size: (8, 26) - species 2 - id 34
Average adjusted fitness: 0.578
Mean genetic distance 2.208, standard deviation 1.122
Population of 20 members in 2 species:
   ID   age  size  fitness  adj fit  stag
  ====  ===  ====  =======  =======  ====
     1   11     9  144631.2    0.516   -72
     2   11    11  213892.4    0.640     8
Total extinctions: 0
Generation time: 2553.176 sec (2457.972 average)
Saving checkpoint to neat-checkpoint-11

 ****** Running generation 12 ****** 

Population's average fitness: 76485.18770 stdev: 88588.89982
Best fitness: 213892.36400 - size: (8, 26) - species 2 - id 34
Average adjusted fitness: 0.536
Mean genetic distance 2.172, standard deviation 1.194
Population of 20 members in 2 species:
   ID   age  size  fitness  adj fit  stag
  ====  ===  ====  =======  =======  ====
     1   12     8  144631.2    0.446   -71
     2   12    12  213892.4    0.626     9
Total extinctions: 0
Generation time: 2487.057 sec (2452.335 average)
Saving checkpoint to neat-checkpoint-12

 ****** Running generation 13 ****** 

Population's average fitness: 58162.95000 stdev: 93219.74757
Best fitness: 213892.36400 - size: (8, 26) - species 2 - id 34
Average adjusted fitness: 0.537
Mean genetic distance 2.167, standard deviation 1.193
Population of 20 members in 2 species:
   ID   age  size  fitness  adj fit  stag
  ====  ===  ====  =======  =======  ====
     1   13     9  144631.2    0.467   -70
     2   13    11  213892.4    0.608    10
Total extinctions: 0
Generation time: 2451.403 sec (2451.748 average)
Saving checkpoint to neat-checkpoint-13

 ****** Running generation 14 ****** 

Population's average fitness: 67153.73290 stdev: 81852.82595
Best fitness: 213892.36400 - size: (8, 26) - species 2 - id 34
Average adjusted fitness: 0.389
Mean genetic distance 2.207, standard deviation 1.183
Population of 20 members in 2 species:Env #:0 Genome_id # :929 Fitness :176892.78 Final Amt :7522.04 Days :236 Avg Daily Profit :0.571 %
Env #:0 Genome_id # :99 Fitness :193576.22 Final Amt :8365.02 Days :236 Avg Daily Profit :0.618 %
Env #:0 Genome_id # :245 Fitness :106097.85 Final Amt :5108.47 Days :236 Avg Daily Profit :0.414 %
Env #:0 Genome_id # :937 Fitness :-100797.82 Final Amt :3808.13 Days :236 Avg Daily Profit :0.285 %
Env #:0 Genome_id # :914 Fitness :49032.26 Final Amt :2766.34 Days :236 Avg Daily Profit :0.152 %
Env #:0 Genome_id # :31 Fitness :85236.34 Final Amt :3848.34 Days :236 Avg Daily Profit :0.281 %
Env #:0 Genome_id # :4 Fitness :-9823.44 Final Amt :1727.68 Days :236 Avg Daily Profit :-0.057 %
Env #:0 Genome_id # :99 Fitness :193576.22 Final Amt :8365.02 Days :236 Avg Daily Profit :0.618 %
Env #:0 Genome_id # :1042 Fitness :191573.97 Final Amt :6754.24 Days :236 Avg Daily Profit :0.528 %
Env #:0 Genome_id # :942 Fitness :181711.87 Final Amt :8387.72 Days :236 Avg Daily Profit :0.62 %
Env #:0 Genome_id # :11 Fitness :-11914.51 Final Amt :1776.49 Days :236 Avg Daily Profit :-0.032 %
Env #:0 Genome_id # :12 Fitness :198155.9 Final Amt :8840.9 Days :236 Avg Daily Profit :0.643 %
Env #:0 Genome_id # :18 Fitness :3332.74 Final Amt :2132.3 Days :236 Avg Daily Profit :0.045 %
Env #:0 Genome_id # :19 Fitness :71708.6 Final Amt :3139.6 Days :236 Avg Daily Profit :0.199 %
Env #:0 Genome_id # :23 Fitness :-6279.25 Final Amt :2006.14 Days :236 Avg Daily Profit :0.02 %
Env #:0 Genome_id # :24 Fitness :4794.21 Final Amt :2021.81 Days :236 Avg Daily Profit :0.021 %
Env #:0 Genome_id # :1 Fitness :103316.15 Final Amt :4078.21 Days :236 Avg Daily Profit :0.306 %
Env #:0 Genome_id # :29 Fitness :33277.67 Final Amt :2386.24 Days :236 Avg Daily Profit :0.087 %
Env #:0 Genome_id # :35 Fitness :-33123.1 Final Amt :1777.84 Days :236 Avg Daily Profit :-0.032 %
Env #:0 Genome_id # :36 Fitness :7610.47 Final Amt :1693.85 Days :236 Avg Daily Profit :-0.048 %
Env #:0 Genome_id # :1 Fitness :103316.15 Final Amt :4078.21 Days :236 Avg Daily Profit :0.306 %
Env #:0 Genome_id # :43 Fitness :19560.47 Final Amt :1953.57 Days :236 Avg Daily Profit :0.011 %
Env #:0 Genome_id # :51 Fitness :18243.03 Final Amt :2207.57 Days :236 Avg Daily Profit :0.061 %
Env #:0 Genome_id # :52 Fitness :-45322.25 Final Amt :1570.92 Days :236 Avg Daily Profit :-0.088 %
Env #:0 Genome_id # :1 Fitness :103316.15 Final Amt :4078.21 Days :236 Avg Daily Profit :0.306 %
Env #:0 Genome_id # :57 Fitness :-6968.67 Final Amt :1840.96 Days :236 Avg Daily Profit :-0.027 %
Env #:0 Genome_id # :63 Fitness :-2688.1 Final Amt :1845.64 Days :236 Avg Daily Profit :-0.015 %
Env #:0 Genome_id # :64 Fitness :5027.77 Final Amt :2370.17 Days :236 Avg Daily Profit :0.087 %
Env #:0 Genome_id # :1072 Fitness :144631.22 Final Amt :2536.46 Days :236 Avg Daily Profit :0.114 %
Env #:0 Genome_id # :718 Fitness :121333.16 Final Amt :2207.3 Days :236 Avg Daily Profit :0.053 %
Env #:0 Genome_id # :79 Fitness :36301.24 Final Amt :2557.37 Days :236 Avg Daily Profit :0.124 %
Env #:0 Genome_id # :80 Fitness :59481.21 Final Amt :4034.66 Days :236 Avg Daily Profit :0.311 %
Env #:0 Genome_id # :76 Fitness :104952.92 Final Amt :2527.07 Days :236 Avg Daily Profit :0.116 %
Env #:0 Genome_id # :85 Fitness :618.8 Final Amt :1882.13 Days :236 Avg Daily Profit :-0.005 %
Env #:0 Genome_id # :93 Fitness :10930.15 Final Amt :2063.48 Days :236 Avg Daily Profit :0.027 %
Env #:0 Genome_id # :94 Fitness :192202.77 Final Amt :8558.14 Days :236 Avg Daily Profit :0.63 %
Env #:0 Genome_id # :76 Fitness :104952.92 Final Amt :2527.07 Days :236 Avg Daily Profit :0.116 %
Env #:0 Genome_id # :99 Fitness :193576.22 Final Amt :8365.02 Days :236 Avg Daily Profit :0.618 %
Env #:0 Genome_id # :12 Fitness :198155.9 Final Amt :8840.9 Days :236 Avg Daily Profit :0.643 %
Env #:0 Genome_id # :103 Fitness :-23879.94 Final Amt :2522.64 Days :236 Avg Daily Profit :0.118 %
Env #:0 Genome_id # :110 Fitness :-1420.61 Final Amt :1904.55 Days :236 Avg Daily Profit :-0.0 %
Env #:0 Genome_id # :111 Fitness :121998.38 Final Amt :6338.85 Days :236 Avg Daily Profit :0.505 %
Env #:0 Genome_id # :116 Fitness :34956.28 Final Amt :2216.78 Days :236 Avg Daily Profit :0.052 %
Env #:0 Genome_id # :117 Fitness :10680.35 Final Amt :2047.49 Days :236 Avg Daily Profit :0.029 %
Env #:0 Genome_id # :121 Fitness :-1287.15 Final Amt :1900.21 Days :236 Avg Daily Profit :-0.001 %
Env #:0 Genome_id # :122 Fitness :12986.09 Final Amt :2196.62 Days :236 Avg Daily Profit :0.057 %
Env #:0 Genome_id # :1072 Fitness :144631.22 Final Amt :2536.46 Days :236 Avg Daily Profit :0.114 %
Env #:0 Genome_id # :718 Fitness :121333.16 Final Amt :2207.3 Days :236 Avg Daily Profit :0.053 %
Env #:0 Genome_id # :132 Fitness :14317.58 Final Amt :2089.56 Days :236 Avg Daily Profit :0.039 %
Env #:0 Genome_id # :34 Fitness :213892.36 Final Amt :11078.49 Days :236 Avg Daily Profit :0.739 %
Env #:0 Genome_id # :137 Fitness :-48441.49 Final Amt :1294.0 Days :236 Avg Daily Profit :-0.171 %
Env #:0 Genome_id # :138 Fitness :13679.79 Final Amt :2143.82 Days :236 Avg Daily Profit :0.048 %
Env #:0 Genome_id # :144 Fitness :10479.93 Final Amt :2316.69 Days :236 Avg Daily Profit :0.073 %
Env #:0 Genome_id # :145 Fitness :-16027.06 Final Amt :1739.62 Days :236 Avg Daily Profit :-0.043 %
Env #:0 Genome_id # :34 Fitness :213892.36 Final Amt :11078.49 Days :236 Avg Daily Profit :0.739 %
Env #:0 Genome_id # :126 Fitness :201836.42 Final Amt :9084.77 Days :236 Avg Daily Profit :0.655 %
Env #:0 Genome_id # :151 Fitness :33646.72 Final Amt :2161.41 Days :236 Avg Daily Profit :0.052 %
Env #:0 Genome_id # :152 Fitness :5585.46 Final Amt :2023.02 Days :236 Avg Daily Profit :0.026 %
Env #:0 Genome_id # :158 Fitness :52621.49 Final Amt :2723.53 Days :236 Avg Daily Profit :0.138 %
Env #:0 Genome_id # :159 Fitness :6188.38 Final Amt :2057.34 Days :236 Avg Daily Profit :0.033 %
Env #:0 Genome_id # :163 Fitness :173156.2 Final Amt :7139.34 Days :236 Avg Daily Profit :0.551 %
Env #:0 Genome_id # :164 Fitness :105967.71 Final Amt :4197.04 Days :236 Avg Daily Profit :0.327 %
Env #:0 Genome_id # :76 Fitness :104952.92 Final Amt :2527.07 Days :236 Avg Daily Profit :0.116 %
Env #:0 Genome_id # :169 Fitness :27266.35 Final Amt :2387.93 Days :236 Avg Daily Profit :0.089 %
Env #:0 Genome_id # :126 Fitness :201836.42 Final Amt :9084.77 Days :236 Avg Daily Profit :0.655 %
Env #:0 Genome_id # :174 Fitness :61446.0 Final Amt :3094.5 Days :236 Avg Daily Profit :0.202 %
Env #:0 Genome_id # :179 Fitness :-6179.31 Final Amt :2074.96 Days :236 Avg Daily Profit :0.036 %
Env #:0 Genome_id # :180 Fitness :-10787.81 Final Amt :1769.58 Days :236 Avg Daily Profit :-0.032 %
Env #:0 Genome_id # :184 Fitness :-4716.02 Final Amt :2312.02 Days :236 Avg Daily Profit :0.074 %
Env #:0 Genome_id # :185 Fitness :-29938.73 Final Amt :1591.52 Days :236 Avg Daily Profit :-0.082 %
Env #:0 Genome_id # :182 Fitness :203873.77 Final Amt :9427.57 Days :236 Avg Daily Profit :0.67 %
Env #:0 Genome_id # :146 Fitness :203442.02 Final Amt :9189.42 Days :236 Avg Daily Profit :0.659 %
Env #:0 Genome_id # :195 Fitness :4903.28 Final Amt :6506.87 Days :236 Avg Daily Profit :0.512 %
Env #:0 Genome_id # :196 Fitness :-2127.69 Final Amt :1896.4 Days :236 Avg Daily Profit :-0.002 %
Env #:0 Genome_id # :200 Fitness :-119041.48 Final Amt :1265.61 Days :236 Avg Daily Profit :-0.185 %
Env #:0 Genome_id # :201 Fitness :95646.75 Final Amt :2444.21 Days :236 Avg Daily Profit :0.102 %
Env #:0 Genome_id # :146 Fitness :203442.02 Final Amt :9189.42 Days :236 Avg Daily Profit :0.659 %
Env #:0 Genome_id # :202 Fitness :43385.82 Final Amt :4345.57 Days :236 Avg Daily Profit :0.345 %
Env #:0 Genome_id # :207 Fitness :93106.83 Final Amt :4256.16 Days :236 Avg Daily Profit :0.333 %
Env #:0 Genome_id # :208 Fitness :-31986.16 Final Amt :1507.1 Days :236 Avg Daily Profit :-0.113 %
Env #:0 Genome_id # :212 Fitness :0.0 Final Amt :2000.0 Days :236 Avg Daily Profit :0.0 %
Env #:0 Genome_id # :213 Fitness :0.0 Final Amt :2000.0 Days :236 Avg Daily Profit :0.0 %
Env #:0 Genome_id # :216 Fitness :37552.11 Final Amt :2668.77 Days :236 Avg Daily Profit :0.14 %
Env #:0 Genome_id # :34 Fitness :213892.36 Final Amt :11078.49 Days :236 Avg Daily Profit :0.739 %Env #:0 Genome_id # :941 Fitness :145775.26 Final Amt :6457.89 Days :236 Avg Daily Profit :0.508 %
Env #:0 Genome_id # :263 Fitness :9823.83 Final Amt :2637.78 Days :236 Avg Daily Profit :0.127 %
Env #:0 Genome_id # :1042 Fitness :191573.97 Final Amt :6754.24 Days :236 Avg Daily Profit :0.528 %
Env #:0 Genome_id # :594 Fitness :176008.25 Final Amt :7372.76 Days :236 Avg Daily Profit :0.566 %
Env #:0 Genome_id # :1072 Fitness :144631.22 Final Amt :2536.46 Days :236 Avg Daily Profit :0.114 %
Env #:0 Genome_id # :718 Fitness :121333.16 Final Amt :2207.3 Days :236 Avg Daily Profit :0.053 %
Env #:0 Genome_id # :9 Fitness :101183.11 Final Amt :5079.77 Days :236 Avg Daily Profit :0.41 %
Env #:0 Genome_id # :10 Fitness :-19254.02 Final Amt :1905.37 Days :236 Avg Daily Profit :-0.0 %
Env #:0 Genome_id # :1 Fitness :103316.15 Final Amt :4078.21 Days :236 Avg Daily Profit :0.306 %
Env #:0 Genome_id # :15 Fitness :17123.35 Final Amt :1937.69 Days :236 Avg Daily Profit :0.007 %
Env #:0 Genome_id # :21 Fitness :122865.98 Final Amt :4976.02 Days :236 Avg Daily Profit :0.403 %
Env #:0 Genome_id # :22 Fitness :-1403.27 Final Amt :1866.37 Days :236 Avg Daily Profit :-0.01 %
Env #:0 Genome_id # :27 Fitness :139439.04 Final Amt :5473.57 Days :236 Avg Daily Profit :0.441 %
Env #:0 Genome_id # :28 Fitness :657.65 Final Amt :1944.67 Days :236 Avg Daily Profit :0.008 %
Env #:0 Genome_id # :30 Fitness :-11805.66 Final Amt :1844.68 Days :236 Avg Daily Profit :-0.033 %
Env #:0 Genome_id # :31 Fitness :50528.36 Final Amt :2129.05 Days :236 Avg Daily Profit :0.047 %
Env #:0 Genome_id # :12 Fitness :198155.9 Final Amt :8840.9 Days :236 Avg Daily Profit :0.643 %
Env #:0 Genome_id # :99 Fitness :193576.22 Final Amt :8365.02 Days :236 Avg Daily Profit :0.618 %
Env #:0 Genome_id # :39 Fitness :816.08 Final Amt :1927.37 Days :236 Avg Daily Profit :0.005 %
Env #:0 Genome_id # :40 Fitness :-22036.24 Final Amt :1991.82 Days :236 Avg Daily Profit :0.017 %
Env #:0 Genome_id # :44 Fitness :-3691.8 Final Amt :1905.48 Days :236 Avg Daily Profit :-0.004 %
Env #:0 Genome_id # :45 Fitness :92840.84 Final Amt :3931.01 Days :236 Avg Daily Profit :0.3 %
Env #:0 Genome_id # :48 Fitness :-64612.93 Final Amt :1184.27 Days :236 Avg Daily Profit :-0.211 %
Env #:0 Genome_id # :34 Fitness :213892.36 Final Amt :11078.49 Days :236 Avg Daily Profit :0.739 %
Env #:0 Genome_id # :55 Fitness :112470.88 Final Amt :4779.94 Days :236 Avg Daily Profit :0.385 %
Env #:0 Genome_id # :56 Fitness :5653.4 Final Amt :1891.84 Days :236 Avg Daily Profit :-0.003 %
Env #:0 Genome_id # :58 Fitness :1345.08 Final Amt :2016.4 Days :236 Avg Daily Profit :0.003 %
Env #:0 Genome_id # :59 Fitness :41219.44 Final Amt :1789.1 Days :236 Avg Daily Profit :-0.031 %
Env #:0 Genome_id # :34 Fitness :213892.36 Final Amt :11078.49 Days :236 Avg Daily Profit :0.739 %
Env #:0 Genome_id # :12 Fitness :198155.9 Final Amt :8840.9 Days :236 Avg Daily Profit :0.643 %
Env #:0 Genome_id # :67 Fitness :1650.15 Final Amt :1904.5 Days :236 Avg Daily Profit :-0.004 %
Env #:0 Genome_id # :68 Fitness :14998.84 Final Amt :1900.3 Days :236 Avg Daily Profit :-0.001 %
Env #:0 Genome_id # :74 Fitness :0.0 Final Amt :2000.0 Days :236 Avg Daily Profit :0.0 %
Env #:0 Genome_id # :75 Fitness :-2055.55 Final Amt :1925.6 Days :236 Avg Daily Profit :-0.011 %
Env #:0 Genome_id # :76 Fitness :104952.92 Final Amt :2527.07 Days :236 Avg Daily Profit :0.116 %
Env #:0 Genome_id # :34 Fitness :213892.36 Final Amt :11078.49 Days :236 Avg Daily Profit :0.739 %
Env #:0 Genome_id # :81 Fitness :66130.96 Final Amt :4604.21 Days :236 Avg Daily Profit :0.37 %
Env #:0 Genome_id # :82 Fitness :9123.2 Final Amt :1968.29 Days :236 Avg Daily Profit :0.014 %
Env #:0 Genome_id # :86 Fitness :-29478.04 Final Amt :1752.44 Days :236 Avg Daily Profit :-0.042 %
Env #:0 Genome_id # :87 Fitness :18578.27 Final Amt :1866.15 Days :236 Avg Daily Profit :-0.015 %
Env #:0 Genome_id # :99 Fitness :193576.22 Final Amt :8365.02 Days :236 Avg Daily Profit :0.618 %
Env #:0 Genome_id # :90 Fitness :118256.76 Final Amt :2416.64 Days :236 Avg Daily Profit :0.095 %
Env #:0 Genome_id # :1072 Fitness :144631.22 Final Amt :2536.46 Days :236 Avg Daily Profit :0.114 %
Env #:0 Genome_id # :718 Fitness :121333.16 Final Amt :2207.3 Days :236 Avg Daily Profit :0.053 %
Env #:0 Genome_id # :106 Fitness :-12860.86 Final Amt :1682.54 Days :236 Avg Daily Profit :-0.061 %
Env #:0 Genome_id # :107 Fitness :7343.65 Final Amt :1888.09 Days :236 Avg Daily Profit :-0.004 %
Env #:0 Genome_id # :76 Fitness :104952.92 Final Amt :2527.07 Days :236 Avg Daily Profit :0.116 %
Env #:0 Genome_id # :113 Fitness :-1350.98 Final Amt :1979.29 Days :236 Avg Daily Profit :-0.004 %
Env #:0 Genome_id # :34 Fitness :213892.36 Final Amt :11078.49 Days :236 Avg Daily Profit :0.739 %
Env #:0 Genome_id # :12 Fitness :198155.9 Final Amt :8840.9 Days :236 Avg Daily Profit :0.643 %
Env #:0 Genome_id # :123 Fitness :-72692.68 Final Amt :1475.68 Days :236 Avg Daily Profit :-0.118 %
Env #:0 Genome_id # :124 Fitness :27923.3 Final Amt :2203.86 Days :236 Avg Daily Profit :0.059 %
Env #:0 Genome_id # :130 Fitness :-12510.59 Final Amt :2089.96 Days :236 Avg Daily Profit :0.027 %
Env #:0 Genome_id # :131 Fitness :-7669.72 Final Amt :1991.71 Days :236 Avg Daily Profit :0.01 %
Env #:0 Genome_id # :126 Fitness :201836.42 Final Amt :9084.77 Days :236 Avg Daily Profit :0.655 %
Env #:0 Genome_id # :12 Fitness :198155.9 Final Amt :8840.9 Days :236 Avg Daily Profit :0.643 %
Env #:0 Genome_id # :139 Fitness :112287.4 Final Amt :2238.0 Days :236 Avg Daily Profit :0.067 %
Env #:0 Genome_id # :140 Fitness :2540.21 Final Amt :1914.47 Days :236 Avg Daily Profit :0.001 %
Env #:0 Genome_id # :142 Fitness :21726.21 Final Amt :2385.15 Days :236 Avg Daily Profit :0.085 %
Env #:0 Genome_id # :143 Fitness :32644.98 Final Amt :2333.56 Days :236 Avg Daily Profit :0.084 %
Env #:0 Genome_id # :147 Fitness :9103.07 Final Amt :1892.17 Days :236 Avg Daily Profit :-0.005 %
Env #:0 Genome_id # :148 Fitness :-18602.66 Final Amt :1874.24 Days :236 Avg Daily Profit :-0.01 %
Env #:0 Genome_id # :76 Fitness :104952.92 Final Amt :2527.07 Days :236 Avg Daily Profit :0.116 %
Env #:0 Genome_id # :155 Fitness :61438.48 Final Amt :2831.51 Days :236 Avg Daily Profit :0.162 %
Env #:0 Genome_id # :146 Fitness :203442.02 Final Amt :9189.42 Days :236 Avg Daily Profit :0.659 %
Env #:0 Genome_id # :126 Fitness :201836.42 Final Amt :9084.77 Days :236 Avg Daily Profit :0.655 %
Env #:0 Genome_id # :165 Fitness :-1247.7 Final Amt :1930.11 Days :236 Avg Daily Profit :0.003 %
Env #:0 Genome_id # :166 Fitness :-22087.14 Final Amt :2207.25 Days :236 Avg Daily Profit :0.058 %
Env #:0 Genome_id # :172 Fitness :-133225.0 Final Amt :1397.01 Days :236 Avg Daily Profit :-0.134 %
Env #:0 Genome_id # :173 Fitness :-34870.66 Final Amt :1922.81 Days :236 Avg Daily Profit :0.003 %
Env #:0 Genome_id # :177 Fitness :16085.22 Final Amt :4100.67 Days :236 Avg Daily Profit :0.322 %
Env #:0 Genome_id # :178 Fitness :4297.9 Final Amt :1922.39 Days :236 Avg Daily Profit :0.004 %
Env #:0 Genome_id # :1072 Fitness :144631.22 Final Amt :2536.46 Days :236 Avg Daily Profit :0.114 %
Env #:0 Genome_id # :718 Fitness :121333.16 Final Amt :2207.3 Days :236 Avg Daily Profit :0.053 %
Env #:0 Genome_id # :189 Fitness :194886.35 Final Amt :8725.04 Days :236 Avg Daily Profit :0.638 %
Env #:0 Genome_id # :190 Fitness :12539.69 Final Amt :1993.5 Days :236 Avg Daily Profit :0.015 %
Env #:0 Genome_id # :1072 Fitness :144631.22 Final Amt :2536.46 Days :236 Avg Daily Profit :0.114 %
Env #:0 Genome_id # :718 Fitness :121333.16 Final Amt :2207.3 Days :236 Avg Daily Profit :0.053 %
Env #:0 Genome_id # :205 Fitness :-24523.66 Final Amt :2687.31 Days :236 Avg Daily Profit :0.142 %
Env #:0 Genome_id # :206 Fitness :212984.88 Final Amt :10457.72 Days :236 Avg Daily Profit :0.715 %
Env #:0 Genome_id # :76 Fitness :104952.92 Final Amt :2527.07 Days :236 Avg Daily Profit :0.116 %
Env #:0 Genome_id # :211 Fitness :-44236.53 Final Amt :1626.12 Days :236 Avg Daily Profit :-0.071 %
Env #:0 Genome_id # :206 Fitness :212984.88 Final Amt :10457.72 Days :236 Avg Daily Profit :0.715 %
Env #:0 Genome_id # :182 Fitness :203873.77 Final Amt :9427.57 Days :236 Avg Daily Profit :0.67 %Env #:0 Genome_id # :242 Fitness :-7009.25 Final Amt :2176.67 Days :236 Avg Daily Profit :0.049 %
Env #:0 Genome_id # :942 Fitness :181711.87 Final Amt :8387.72 Days :236 Avg Daily Profit :0.62 %
Env #:0 Genome_id # :718 Fitness :121333.16 Final Amt :2207.3 Days :236 Avg Daily Profit :0.053 %
Env #:0 Genome_id # :335 Fitness :125658.25 Final Amt :4894.09 Days :236 Avg Daily Profit :0.394 %
Env #:0 Genome_id # :927 Fitness :178204.93 Final Amt :8070.57 Days :236 Avg Daily Profit :0.604 %
Env #:0 Genome_id # :829 Fitness :163454.68 Final Amt :7292.17 Days :236 Avg Daily Profit :0.56 %
Env #:0 Genome_id # :2 Fitness :-15396.82 Final Amt :1701.05 Days :236 Avg Daily Profit :-0.053 %
Env #:0 Genome_id # :3 Fitness :16321.41 Final Amt :2280.76 Days :236 Avg Daily Profit :0.075 %
Env #:0 Genome_id # :5 Fitness :13512.65 Final Amt :2038.74 Days :236 Avg Daily Profit :0.026 %
Env #:0 Genome_id # :6 Fitness :-17951.09 Final Amt :1782.72 Days :236 Avg Daily Profit :-0.029 %
Env #:0 Genome_id # :1072 Fitness :144631.22 Final Amt :2536.46 Days :236 Avg Daily Profit :0.114 %
Env #:0 Genome_id # :718 Fitness :121333.16 Final Amt :2207.3 Days :236 Avg Daily Profit :0.053 %
Env #:0 Genome_id # :99 Fitness :193576.22 Final Amt :8365.02 Days :236 Avg Daily Profit :0.618 %
Env #:0 Genome_id # :1042 Fitness :191573.97 Final Amt :6754.24 Days :236 Avg Daily Profit :0.528 %
Env #:0 Genome_id # :1072 Fitness :144631.22 Final Amt :2536.46 Days :236 Avg Daily Profit :0.114 %
Env #:0 Genome_id # :718 Fitness :121333.16 Final Amt :2207.3 Days :236 Avg Daily Profit :0.053 %
Env #:0 Genome_id # :37 Fitness :-26501.44 Final Amt :1815.42 Days :236 Avg Daily Profit :-0.024 %
Env #:0 Genome_id # :38 Fitness :6708.48 Final Amt :1914.53 Days :236 Avg Daily Profit :0.002 %
Env #:0 Genome_id # :1072 Fitness :144631.22 Final Amt :2536.46 Days :236 Avg Daily Profit :0.114 %
Env #:0 Genome_id # :718 Fitness :121333.16 Final Amt :2207.3 Days :236 Avg Daily Profit :0.053 %
Env #:0 Genome_id # :49 Fitness :-16192.34 Final Amt :1594.82 Days :236 Avg Daily Profit :-0.078 %
Env #:0 Genome_id # :50 Fitness :3401.21 Final Amt :2066.36 Days :236 Avg Daily Profit :0.016 %
Env #:0 Genome_id # :53 Fitness :72951.37 Final Amt :3278.67 Days :236 Avg Daily Profit :0.221 %
Env #:0 Genome_id # :54 Fitness :113495.72 Final Amt :5032.22 Days :236 Avg Daily Profit :0.408 %
Env #:0 Genome_id # :60 Fitness :36953.22 Final Amt :2023.5 Days :236 Avg Daily Profit :0.026 %
Env #:0 Genome_id # :61 Fitness :0.0 Final Amt :2000.0 Days :236 Avg Daily Profit :0.0 %
Env #:0 Genome_id # :99 Fitness :193576.22 Final Amt :8365.02 Days :236 Avg Daily Profit :0.618 %
Env #:0 Genome_id # :62 Fitness :-5347.2 Final Amt :1774.31 Days :236 Avg Daily Profit :-0.031 %
Env #:0 Genome_id # :69 Fitness :157883.14 Final Amt :6339.0 Days :236 Avg Daily Profit :0.502 %
Env #:0 Genome_id # :70 Fitness :166258.9 Final Amt :7842.51 Days :236 Avg Daily Profit :0.593 %
Env #:0 Genome_id # :72 Fitness :24066.21 Final Amt :2352.64 Days :236 Avg Daily Profit :0.076 %
Env #:0 Genome_id # :73 Fitness :27013.07 Final Amt :2025.32 Days :236 Avg Daily Profit :0.026 %
Env #:0 Genome_id # :12 Fitness :198155.9 Final Amt :8840.9 Days :236 Avg Daily Profit :0.643 %
Env #:0 Genome_id # :99 Fitness :193576.22 Final Amt :8365.02 Days :236 Avg Daily Profit :0.618 %
Env #:0 Genome_id # :83 Fitness :177127.3 Final Amt :7483.34 Days :236 Avg Daily Profit :0.573 %
Env #:0 Genome_id # :84 Fitness :38576.93 Final Amt :2112.45 Days :236 Avg Daily Profit :0.034 %
Env #:0 Genome_id # :88 Fitness :-30796.96 Final Amt :1835.85 Days :236 Avg Daily Profit :-0.019 %
Env #:0 Genome_id # :89 Fitness :46166.13 Final Amt :2792.23 Days :236 Avg Daily Profit :0.16 %
Env #:0 Genome_id # :91 Fitness :659.04 Final Amt :1928.17 Days :236 Avg Daily Profit :0.006 %
Env #:0 Genome_id # :92 Fitness :-1547.92 Final Amt :1897.88 Days :236 Avg Daily Profit :-0.002 %
Env #:0 Genome_id # :95 Fitness :154667.43 Final Amt :7112.87 Days :236 Avg Daily Profit :0.552 %
Env #:0 Genome_id # :96 Fitness :170620.77 Final Amt :7616.95 Days :236 Avg Daily Profit :0.581 %
Env #:0 Genome_id # :100 Fitness :41913.72 Final Amt :2412.99 Days :236 Avg Daily Profit :0.093 %
Env #:0 Genome_id # :101 Fitness :-5023.84 Final Amt :1931.73 Days :236 Avg Daily Profit :0.005 %
Env #:0 Genome_id # :108 Fitness :94027.32 Final Amt :3427.78 Days :236 Avg Daily Profit :0.241 %
Env #:0 Genome_id # :109 Fitness :-185.56 Final Amt :1944.84 Days :236 Avg Daily Profit :0.006 %
Env #:0 Genome_id # :1072 Fitness :144631.22 Final Amt :2536.46 Days :236 Avg Daily Profit :0.114 %
Env #:0 Genome_id # :718 Fitness :121333.16 Final Amt :2207.3 Days :236 Avg Daily Profit :0.053 %
Env #:0 Genome_id # :119 Fitness :-1869.55 Final Amt :1467.36 Days :236 Avg Daily Profit :-0.111 %
Env #:0 Genome_id # :120 Fitness :16829.64 Final Amt :2481.38 Days :236 Avg Daily Profit :0.105 %
Env #:0 Genome_id # :76 Fitness :104952.92 Final Amt :2527.07 Days :236 Avg Daily Profit :0.116 %
Env #:0 Genome_id # :127 Fitness :-7667.17 Final Amt :1790.54 Days :236 Avg Daily Profit :-0.028 %
Env #:0 Genome_id # :135 Fitness :15166.96 Final Amt :1927.35 Days :236 Avg Daily Profit :0.005 %
Env #:0 Genome_id # :136 Fitness :-61610.72 Final Amt :1970.55 Days :236 Avg Daily Profit :0.009 %
Env #:0 Genome_id # :76 Fitness :104952.92 Final Amt :2527.07 Days :236 Avg Daily Profit :0.116 %
Env #:0 Genome_id # :141 Fitness :-161273.03 Final Amt :2013.48 Days :236 Avg Daily Profit :0.009 %
Env #:0 Genome_id # :134 Fitness :199251.57 Final Amt :10396.66 Days :236 Avg Daily Profit :0.712 %
Env #:0 Genome_id # :146 Fitness :203442.02 Final Amt :9189.42 Days :236 Avg Daily Profit :0.659 %
Env #:0 Genome_id # :153 Fitness :58840.69 Final Amt :2061.07 Days :236 Avg Daily Profit :0.025 %
Env #:0 Genome_id # :154 Fitness :983.28 Final Amt :1906.86 Days :236 Avg Daily Profit :0.0 %
Env #:0 Genome_id # :156 Fitness :-46431.17 Final Amt :1741.55 Days :236 Avg Daily Profit :-0.042 %
Env #:0 Genome_id # :157 Fitness :-29059.45 Final Amt :1747.34 Days :236 Avg Daily Profit :-0.04 %
Env #:0 Genome_id # :160 Fitness :4287.89 Final Amt :1976.15 Days :236 Avg Daily Profit :0.013 %
Env #:0 Genome_id # :34 Fitness :213892.36 Final Amt :11078.49 Days :236 Avg Daily Profit :0.739 %
Env #:0 Genome_id # :1072 Fitness :144631.22 Final Amt :2536.46 Days :236 Avg Daily Profit :0.114 %
Env #:0 Genome_id # :718 Fitness :121333.16 Final Amt :2207.3 Days :236 Avg Daily Profit :0.053 %
Env #:0 Genome_id # :175 Fitness :33677.29 Final Amt :4363.89 Days :236 Avg Daily Profit :0.347 %
Env #:0 Genome_id # :176 Fitness :13441.93 Final Amt :2116.55 Days :236 Avg Daily Profit :0.047 %
Env #:0 Genome_id # :76 Fitness :104952.92 Final Amt :2527.07 Days :236 Avg Daily Profit :0.116 %
Env #:0 Genome_id # :183 Fitness :2805.08 Final Amt :2180.63 Days :236 Avg Daily Profit :0.051 %
Env #:0 Genome_id # :188 Fitness :22579.54 Final Amt :2000.9 Days :236 Avg Daily Profit :0.022 %
Env #:0 Genome_id # :34 Fitness :213892.36 Final Amt :11078.49 Days :236 Avg Daily Profit :0.739 %
Env #:0 Genome_id # :193 Fitness :85061.83 Final Amt :4395.05 Days :236 Avg Daily Profit :0.351 %
Env #:0 Genome_id # :194 Fitness :15876.43 Final Amt :1917.84 Days :236 Avg Daily Profit :-0.001 %
Env #:0 Genome_id # :198 Fitness :11776.99 Final Amt :1999.95 Days :236 Avg Daily Profit :0.02 %
Env #:0 Genome_id # :199 Fitness :-6810.35 Final Amt :1714.18 Days :236 Avg Daily Profit :-0.046 %
Env #:0 Genome_id # :203 Fitness :-3582.75 Final Amt :2038.63 Days :236 Avg Daily Profit :0.023 %
Env #:0 Genome_id # :204 Fitness :30743.72 Final Amt :1947.82 Days :236 Avg Daily Profit :0.009 %
Env #:0 Genome_id # :209 Fitness :12840.76 Final Amt :2340.87 Days :236 Avg Daily Profit :0.084 %
Env #:0 Genome_id # :210 Fitness :-30621.27 Final Amt :1914.69 Days :236 Avg Daily Profit :-0.003 %
Env #:0 Genome_id # :214 Fitness :-65783.92 Final Amt :1577.26 Days :236 Avg Daily Profit :-0.081 %
Env #:0 Genome_id # :215 Fitness :8128.91 Final Amt :1820.7 Days :236 Avg Daily Profit :-0.021 %
Env #:0 Genome_id # :219 Fitness :23521.05 Final Amt :1926.18 Days :236 Avg Daily Profit :0.005 %
Env #:0 Genome_id # :220 Fitness :104987.89 Final Amt :4480.13 Days :236 Avg Daily Profit :0.359 %Env #:0 Genome_id # :871 Fitness :112661.27 Final Amt :6601.67 Days :236 Avg Daily Profit :0.52 %
Env #:0 Genome_id # :365 Fitness :93422.88 Final Amt :2663.3 Days :236 Avg Daily Profit :0.126 %
Env #:0 Genome_id # :1072 Fitness :144631.22 Final Amt :2536.46 Days :236 Avg Daily Profit :0.114 %
Env #:0 Genome_id # :785 Fitness :163894.39 Final Amt :7078.16 Days :236 Avg Daily Profit :0.547 %
Env #:0 Genome_id # :365 Fitness :93422.88 Final Amt :2663.3 Days :236 Avg Daily Profit :0.126 %
Env #:0 Genome_id # :1 Fitness :103316.15 Final Amt :4078.21 Days :236 Avg Daily Profit :0.306 %
Env #:0 Genome_id # :7 Fitness :20275.82 Final Amt :2167.65 Days :236 Avg Daily Profit :0.052 %
Env #:0 Genome_id # :8 Fitness :4908.93 Final Amt :1998.05 Days :236 Avg Daily Profit :0.018 %
Env #:0 Genome_id # :13 Fitness :5399.77 Final Amt :2182.78 Days :236 Avg Daily Profit :0.055 %
Env #:0 Genome_id # :14 Fitness :-132446.01 Final Amt :1330.39 Days :236 Avg Daily Profit :-0.156 %
Env #:0 Genome_id # :16 Fitness :-21574.46 Final Amt :1450.88 Days :236 Avg Daily Profit :-0.121 %
Env #:0 Genome_id # :17 Fitness :-1437.88 Final Amt :1671.96 Days :236 Avg Daily Profit :-0.061 %
Env #:0 Genome_id # :20 Fitness :0.0 Final Amt :2000.0 Days :236 Avg Daily Profit :0.0 %
Env #:0 Genome_id # :12 Fitness :198155.9 Final Amt :8840.9 Days :236 Avg Daily Profit :0.643 %
Env #:0 Genome_id # :25 Fitness :5095.42 Final Amt :1861.46 Days :236 Avg Daily Profit :-0.01 %
Env #:0 Genome_id # :26 Fitness :7254.29 Final Amt :1914.38 Days :236 Avg Daily Profit :0.002 %
Env #:0 Genome_id # :32 Fitness :11719.8 Final Amt :1959.99 Days :236 Avg Daily Profit :0.014 %
Env #:0 Genome_id # :33 Fitness :23798.19 Final Amt :2239.3 Days :236 Avg Daily Profit :0.068 %
Env #:0 Genome_id # :1042 Fitness :191573.97 Final Amt :6754.24 Days :236 Avg Daily Profit :0.528 %
Env #:0 Genome_id # :34 Fitness :213892.36 Final Amt :11078.49 Days :236 Avg Daily Profit :0.739 %
Env #:0 Genome_id # :41 Fitness :23897.44 Final Amt :2765.76 Days :236 Avg Daily Profit :0.147 %
Env #:0 Genome_id # :42 Fitness :5797.85 Final Amt :1894.41 Days :236 Avg Daily Profit :-0.005 %
Env #:0 Genome_id # :46 Fitness :30203.07 Final Amt :2057.19 Days :236 Avg Daily Profit :0.032 %
Env #:0 Genome_id # :47 Fitness :22669.89 Final Amt :2275.79 Days :236 Avg Daily Profit :0.069 %
Env #:0 Genome_id # :12 Fitness :198155.9 Final Amt :8840.9 Days :236 Avg Daily Profit :0.643 %
Env #:0 Genome_id # :99 Fitness :193576.22 Final Amt :8365.02 Days :236 Avg Daily Profit :0.618 %
Env #:0 Genome_id # :1072 Fitness :144631.22 Final Amt :2536.46 Days :236 Avg Daily Profit :0.114 %
Env #:0 Genome_id # :718 Fitness :121333.16 Final Amt :2207.3 Days :236 Avg Daily Profit :0.053 %
Env #:0 Genome_id # :65 Fitness :2295.9 Final Amt :1920.49 Days :236 Avg Daily Profit :0.002 %
Env #:0 Genome_id # :66 Fitness :-2228.25 Final Amt :1815.79 Days :236 Avg Daily Profit :-0.021 %
Env #:0 Genome_id # :1 Fitness :103316.15 Final Amt :4078.21 Days :236 Avg Daily Profit :0.306 %
Env #:0 Genome_id # :71 Fitness :-39471.83 Final Amt :1823.52 Days :236 Avg Daily Profit :-0.024 %
Env #:0 Genome_id # :77 Fitness :2633.27 Final Amt :1912.77 Days :236 Avg Daily Profit :0.002 %
Env #:0 Genome_id # :78 Fitness :-1790.85 Final Amt :1906.17 Days :236 Avg Daily Profit :-0.001 %
Env #:0 Genome_id # :1072 Fitness :144631.22 Final Amt :2536.46 Days :236 Avg Daily Profit :0.114 %
Env #:0 Genome_id # :718 Fitness :121333.16 Final Amt :2207.3 Days :236 Avg Daily Profit :0.053 %
Env #:0 Genome_id # :34 Fitness :213892.36 Final Amt :11078.49 Days :236 Avg Daily Profit :0.739 %
Env #:0 Genome_id # :12 Fitness :198155.9 Final Amt :8840.9 Days :236 Avg Daily Profit :0.643 %
Env #:0 Genome_id # :97 Fitness :87944.46 Final Amt :3587.0 Days :236 Avg Daily Profit :0.265 %
Env #:0 Genome_id # :98 Fitness :50172.09 Final Amt :2551.65 Days :236 Avg Daily Profit :0.118 %
Env #:0 Genome_id # :102 Fitness :-24279.76 Final Amt :1634.44 Days :236 Avg Daily Profit :-0.08 %
Env #:0 Genome_id # :34 Fitness :213892.36 Final Amt :11078.49 Days :236 Avg Daily Profit :0.739 %
Env #:0 Genome_id # :104 Fitness :98827.4 Final Amt :4354.99 Days :236 Avg Daily Profit :0.347 %
Env #:0 Genome_id # :105 Fitness :-18855.11 Final Amt :1690.84 Days :236 Avg Daily Profit :-0.057 %
Env #:0 Genome_id # :112 Fitness :29280.14 Final Amt :6016.95 Days :236 Avg Daily Profit :0.48 %
Env #:0 Genome_id # :114 Fitness :-10591.29 Final Amt :1794.13 Days :236 Avg Daily Profit :-0.042 %
Env #:0 Genome_id # :115 Fitness :-31421.73 Final Amt :1758.35 Days :236 Avg Daily Profit :-0.037 %
Env #:0 Genome_id # :99 Fitness :193576.22 Final Amt :8365.02 Days :236 Avg Daily Profit :0.618 %
Env #:0 Genome_id # :118 Fitness :12280.9 Final Amt :1925.09 Days :236 Avg Daily Profit :0.003 %
Env #:0 Genome_id # :125 Fitness :111518.5 Final Amt :4886.65 Days :236 Avg Daily Profit :0.395 %
Env #:0 Genome_id # :126 Fitness :201836.42 Final Amt :9084.77 Days :236 Avg Daily Profit :0.655 %
Env #:0 Genome_id # :128 Fitness :8278.07 Final Amt :1962.47 Days :236 Avg Daily Profit :0.013 %
Env #:0 Genome_id # :129 Fitness :24531.32 Final Amt :1929.23 Days :236 Avg Daily Profit :0.006 %
Env #:0 Genome_id # :133 Fitness :141733.11 Final Amt :5598.92 Days :236 Avg Daily Profit :0.449 %
Env #:0 Genome_id # :134 Fitness :199251.57 Final Amt :10396.66 Days :236 Avg Daily Profit :0.712 %
Env #:0 Genome_id # :1072 Fitness :144631.22 Final Amt :2536.46 Days :236 Avg Daily Profit :0.114 %
Env #:0 Genome_id # :718 Fitness :121333.16 Final Amt :2207.3 Days :236 Avg Daily Profit :0.053 %
Env #:0 Genome_id # :149 Fitness :1281.26 Final Amt :1859.98 Days :236 Avg Daily Profit :-0.015 %
Env #:0 Genome_id # :150 Fitness :36644.85 Final Amt :2128.72 Days :236 Avg Daily Profit :0.044 %
Env #:0 Genome_id # :1072 Fitness :144631.22 Final Amt :2536.46 Days :236 Avg Daily Profit :0.114 %
Env #:0 Genome_id # :718 Fitness :121333.16 Final Amt :2207.3 Days :236 Avg Daily Profit :0.053 %
Env #:0 Genome_id # :161 Fitness :-88139.54 Final Amt :2928.08 Days :236 Avg Daily Profit :0.18 %
Env #:0 Genome_id # :162 Fitness :168502.94 Final Amt :6922.5 Days :236 Avg Daily Profit :0.539 %
Env #:0 Genome_id # :167 Fitness :72657.39 Final Amt :2787.34 Days :236 Avg Daily Profit :0.159 %
Env #:0 Genome_id # :168 Fitness :81760.19 Final Amt :3430.18 Days :236 Avg Daily Profit :0.244 %
Env #:0 Genome_id # :170 Fitness :8036.63 Final Amt :2139.42 Days :236 Avg Daily Profit :0.05 %
Env #:0 Genome_id # :171 Fitness :-7849.44 Final Amt :1662.33 Days :236 Avg Daily Profit :-0.069 %
Env #:0 Genome_id # :34 Fitness :213892.36 Final Amt :11078.49 Days :236 Avg Daily Profit :0.739 %
Env #:0 Genome_id # :146 Fitness :203442.02 Final Amt :9189.42 Days :236 Avg Daily Profit :0.659 %
Env #:0 Genome_id # :181 Fitness :-2041.97 Final Amt :1901.03 Days :236 Avg Daily Profit :-0.002 %
Env #:0 Genome_id # :182 Fitness :203873.77 Final Amt :9427.57 Days :236 Avg Daily Profit :0.67 %
Env #:0 Genome_id # :186 Fitness :30826.66 Final Amt :2447.94 Days :236 Avg Daily Profit :0.096 %
Env #:0 Genome_id # :187 Fitness :-13305.05 Final Amt :1701.32 Days :236 Avg Daily Profit :-0.052 %
Env #:0 Genome_id # :191 Fitness :23408.46 Final Amt :1961.45 Days :236 Avg Daily Profit :0.011 %
Env #:0 Genome_id # :192 Fitness :8149.38 Final Amt :1887.65 Days :236 Avg Daily Profit :-0.005 %
Env #:0 Genome_id # :76 Fitness :104952.92 Final Amt :2527.07 Days :236 Avg Daily Profit :0.116 %
Env #:0 Genome_id # :197 Fitness :-12000.79 Final Amt :1827.88 Days :236 Avg Daily Profit :-0.016 %
Env #:0 Genome_id # :34 Fitness :213892.36 Final Amt :11078.49 Days :236 Avg Daily Profit :0.739 %
Env #:0 Genome_id # :182 Fitness :203873.77 Final Amt :9427.57 Days :236 Avg Daily Profit :0.67 %
Env #:0 Genome_id # :1072 Fitness :144631.22 Final Amt :2536.46 Days :236 Avg Daily Profit :0.114 %
Env #:0 Genome_id # :718 Fitness :121333.16 Final Amt :2207.3 Days :236 Avg Daily Profit :0.053 %
Env #:0 Genome_id # :217 Fitness :10122.72 Final Amt :1918.17 Days :236 Avg Daily Profit :0.003 %
Env #:0 Genome_id # :218 Fitness :-13882.34 Final Amt :6276.87 Days :236 Avg Daily Profit :0.5 %
Env #:0 Genome_id # :1072 Fitness :144631.22 Final Amt :2536.46 Days :236 Avg Daily Profit :0.114 %
   ID   age  size  fitness  adj fit  stag
  ====  ===  ====  =======  =======  ====
     1   14     8  144631.2    0.296   -69
     2   14    12  213892.4    0.482    11
Total extinctions: 0
Generation time: 2447.764 sec (2453.940 average)
Saving checkpoint to neat-checkpoint-14

 ****** Running generation 15 ****** 

Population's average fitness: 63202.23655 stdev: 94529.04980
Best fitness: 213892.36400 - size: (8, 26) - species 2 - id 34
Average adjusted fitness: 0.537
Mean genetic distance 2.168, standard deviation 1.177
Population of 20 members in 2 species:
   ID   age  size  fitness  adj fit  stag
  ====  ===  ====  =======  =======  ====
     1   15     9  144631.2    0.485   -68
     2   15    11  213892.4    0.589    12
Total extinctions: 0
Generation time: 2502.416 sec (2464.576 average)
Saving checkpoint to neat-checkpoint-15

 ****** Running generation 16 ****** 

Population's average fitness: 64891.85695 stdev: 94736.79173
Best fitness: 213892.36400 - size: (8, 26) - species 2 - id 34
Average adjusted fitness: 0.526
Mean genetic distance 2.190, standard deviation 1.137
Population of 20 members in 2 species:
   ID   age  size  fitness  adj fit  stag
  ====  ===  ====  =======  =======  ====
     1   16     8  144631.2    0.439   -67
     2   16    12  213892.4    0.614    13
Total extinctions: 0
Generation time: 2474.125 sec (2467.395 average)
Saving checkpoint to neat-checkpoint-16

 ****** Running generation 17 ****** 

Population's average fitness: 72101.02535 stdev: 72795.68593
Best fitness: 213892.36400 - size: (8, 26) - species 2 - id 34
Average adjusted fitness: 0.350
Mean genetic distance 2.187, standard deviation 1.165
Population of 20 members in 2 species:
   ID   age  size  fitness  adj fit  stag
  ====  ===  ====  =======  =======  ====
     1   17     9  144631.2    0.344   -66
     2   17    11  213892.4    0.357    14
Total extinctions: 0
Generation time: 2472.838 sec (2470.812 average)
Saving checkpoint to neat-checkpoint-17

 ****** Running generation 18 ****** 

Population's average fitness: 66931.05030 stdev: 75355.93958
Best fitness: 213892.36400 - size: (8, 26) - species 2 - id 34
Average adjusted fitness: 0.325
Mean genetic distance 2.218, standard deviation 1.150
Population of 20 members in 2 species:
   ID   age  size  fitness  adj fit  stag
  ====  ===  ====  =======  =======  ====
     1   18     8  144631.2    0.218   -65
     2   18    12  213892.4    0.432    15
Total extinctions: 0
Generation time: 2390.308 sec (2466.212 average)
Saving checkpoint to neat-checkpoint-18

 ****** Running generation 19 ****** 

Population's average fitness: 77817.66710 stdev: 84604.85685
Best fitness: 213892.36400 - size: (8, 26) - species 2 - id 34
Average adjusted fitness: 0.471
Mean genetic distance 2.183, standard deviation 1.161
Population of 20 members in 2 species:
   ID   age  size  fitness  adj fit  stag
  ====  ===  ====  =======  =======  ====
     1   19     9  149371.8    0.446   -64
     2   19    11  213892.4    0.495    16
Total extinctions: 0
Generation time: 2468.299 sec (2468.899 average)
Saving checkpoint to neat-checkpoint-19

 ****** Running generation 20 ****** 

Population's average fitness: 79223.72700 stdev: 101067.15564
Best fitness: 213892.36400 - size: (8, 26) - species 2 - id 34
Average adjusted fitness: 0.575
Mean genetic distance 2.169, standard deviation 1.179
Population of 20 members in 2 species:
   ID   age  size  fitness  adj fit  stag
  ====  ===  ====  =======  =======  ====
     1   20     8  149371.8    0.495   -63
     2   20    12  213892.4    0.655    17
Total extinctions: 0
Generation time: 2503.546 sec (2475.093 average)
Saving checkpoint to neat-checkpoint-20

 ****** Running generation 21 ****** 

Population's average fitness: 61520.15435 stdev: 81109.55822
Best fitness: 213892.36400 - size: (8, 26) - species 2 - id 34
Average adjusted fitness: 0.328
Mean genetic distance 2.230, standard deviation 1.101
Population of 20 members in 2 species:
   ID   age  size  fitness  adj fit  stag
  ====  ===  ====  =======  =======  ====
     1   21     9  149371.8    0.290   -62
     2   21    11  213892.4    0.367    18
Total extinctions: 0
Generation time: 2435.053 sec (2463.281 average)
Saving checkpoint to neat-checkpoint-21

 ****** Running generation 22 ****** 

Population's average fitness: 68290.46635 stdev: 82186.28762
Best fitness: 213892.36400 - size: (8, 26) - species 2 - id 34
Average adjusted fitness: 0.402
Mean genetic distance 2.259, standard deviation 1.095
Population of 20 members in 2 species:
   ID   age  size  fitness  adj fit  stag
  ====  ===  ====  =======  =======  ====
     1   22    10  149371.8    0.364   -61
     2   22    10  213892.4    0.440    19
Total extinctions: 0
Generation time: 2496.905 sec (2464.266 average)
Saving checkpoint to neat-checkpoint-22

 ****** Running generation 23 ****** 

Population's average fitness: 88724.20785 stdev: 83800.41517
Best fitness: 213892.36400 - size: (8, 26) - species 2 - id 34
Average adjusted fitness: 0.473
Mean genetic distance 2.222, standard deviation 1.145
Population of 20 members in 2 species:
   ID   age  size  fitness  adj fit  stag
  ====  ===  ====  =======  =======  ====
     1   23     8  149371.8    0.304   -60
     2   23    12  213892.4    0.642    20
Total extinctions: 0
Generation time: 2457.362 sec (2464.861 average)
Saving checkpoint to neat-checkpoint-23

 ****** Running generation 24 ****** 

Population's average fitness: 92479.74860 stdev: 86898.67997
Best fitness: 215827.43900 - size: (9, 30) - species 2 - id 330
Average adjusted fitness: 0.559
Mean genetic distance 2.247, standard deviation 1.117
Population of 20 members in 2 species:
   ID   age  size  fitness  adj fit  stag
  ====  ===  ====  =======  =======  ====
     1   24     9  149371.8    0.499   -59
     2   24    11  215827.4    0.618     0
Total extinctions: 0
Generation time: 2463.568 sec (2466.442 average)
Saving checkpoint to neat-checkpoint-24

 ****** Running generation 25 ****** 

Population's average fitness: 78195.72795 stdev: 80378.87257
Best fitness: 215827.43900 - size: (9, 30) - species 2 - id 330
Average adjusted fitness: 0.382
Mean genetic distance 2.230, standard deviation 1.183
Population of 20 members in 2 species:
   ID   age  size  fitness  adj fit  stag
  ====  ===  ====  =======  =======  ====
     1   25     8  149371.8    0.280   -58
     2   25    12  215827.4    0.483     1
Total extinctions: 0
Generation time: 2485.258 sec (2464.726 average)
Saving checkpoint to neat-checkpoint-25

 ****** Running generation 26 ****** 

Population's average fitness: 72626.31725 stdev: 94086.98162
Best fitness: 215827.43900 - size: (9, 30) - species 2 - id 330
Average adjusted fitness: 0.491
Mean genetic distance 2.292, standard deviation 1.068
Population of 20 members in 2 species:
   ID   age  size  fitness  adj fit  stag
  ====  ===  ====  =======  =======  ====
     1   26     9  149371.8    0.486   -57
     2   26    11  215827.4    0.497     2
Total extinctions: 0
Generation time: 2481.254 sec (2465.439 average)
Saving checkpoint to neat-checkpoint-26

 ****** Running generation 27 ****** 

Population's average fitness: 78028.87825 stdev: 89528.31642
Best fitness: 215827.43900 - size: (9, 30) - species 2 - id 330
Average adjusted fitness: 0.418
Mean genetic distance 2.248, standard deviation 1.124
Population of 20 members in 2 species:
   ID   age  size  fitness  adj fit  stag
  ====  ===  ====  =======  =======  ====
     1   27     8  149371.8    0.309   -56
     2   27    12  215827.4    0.526     3
Total extinctions: 0
Generation time: 2365.091 sec (2454.664 average)
Saving checkpoint to neat-checkpoint-27

 ****** Running generation 28 ****** 

Population's average fitness: 54129.08125 stdev: 87586.08440
Best fitness: 215827.43900 - size: (9, 30) - species 2 - id 330
Average adjusted fitness: 0.429
Mean genetic distance 2.274, standard deviation 1.105
Population of 20 members in 2 species:
   ID   age  size  fitness  adj fit  stag
  ====  ===  ====  =======  =======  ====
     1   28     9  149371.8    0.452   -55
     2   28    11  215827.4    0.406     4
Total extinctions: 0
Generation time: 2252.546 sec (2440.888 average)
Env #:0 Genome_id # :76 Fitness :104952.92 Final Amt :2527.07 Days :236 Avg Daily Profit :0.116 %
Env #:0 Genome_id # :225 Fitness :39146.44 Final Amt :2580.15 Days :236 Avg Daily Profit :0.124 %
Env #:0 Genome_id # :34 Fitness :213892.36 Final Amt :11078.49 Days :236 Avg Daily Profit :0.739 %
Env #:0 Genome_id # :206 Fitness :212984.88 Final Amt :10457.72 Days :236 Avg Daily Profit :0.715 %
Env #:0 Genome_id # :235 Fitness :21928.65 Final Amt :1986.46 Days :236 Avg Daily Profit :0.006 %
Env #:0 Genome_id # :236 Fitness :16214.27 Final Amt :2128.59 Days :236 Avg Daily Profit :0.043 %
Env #:0 Genome_id # :240 Fitness :-1813.13 Final Amt :2099.08 Days :236 Avg Daily Profit :0.04 %
Env #:0 Genome_id # :241 Fitness :5430.5 Final Amt :2140.4 Days :236 Avg Daily Profit :0.044 %
Env #:0 Genome_id # :245 Fitness :73207.44 Final Amt :2288.81 Days :236 Avg Daily Profit :0.072 %
Env #:0 Genome_id # :246 Fitness :45906.09 Final Amt :4320.1 Days :236 Avg Daily Profit :0.344 %
Env #:0 Genome_id # :1072 Fitness :144631.22 Final Amt :2536.46 Days :236 Avg Daily Profit :0.114 %
Env #:0 Genome_id # :718 Fitness :121333.16 Final Amt :2207.3 Days :236 Avg Daily Profit :0.053 %
Env #:0 Genome_id # :259 Fitness :57955.37 Final Amt :3067.12 Days :236 Avg Daily Profit :0.2 %
Env #:0 Genome_id # :260 Fitness :-15580.02 Final Amt :1943.8 Days :236 Avg Daily Profit :0.006 %
Env #:0 Genome_id # :265 Fitness :22874.01 Final Amt :1948.71 Days :236 Avg Daily Profit :0.01 %
Env #:0 Genome_id # :266 Fitness :-45637.13 Final Amt :1804.49 Days :236 Avg Daily Profit :-0.032 %
Env #:0 Genome_id # :270 Fitness :116252.1 Final Amt :1658.21 Days :236 Avg Daily Profit :-0.063 %
Env #:0 Genome_id # :271 Fitness :27100.71 Final Amt :2211.61 Days :236 Avg Daily Profit :0.061 %
Env #:0 Genome_id # :272 Fitness :0.0 Final Amt :2000.0 Days :236 Avg Daily Profit :0.0 %
Env #:0 Genome_id # :34 Fitness :213892.36 Final Amt :11078.49 Days :236 Avg Daily Profit :0.739 %
Env #:0 Genome_id # :277 Fitness :196210.58 Final Amt :9546.18 Days :236 Avg Daily Profit :0.675 %
Env #:0 Genome_id # :278 Fitness :155444.97 Final Amt :6249.84 Days :236 Avg Daily Profit :0.498 %
Env #:0 Genome_id # :282 Fitness :-4446.04 Final Amt :1824.94 Days :236 Avg Daily Profit :-0.02 %
Env #:0 Genome_id # :283 Fitness :-15552.11 Final Amt :1815.91 Days :236 Avg Daily Profit :-0.023 %
Env #:0 Genome_id # :274 Fitness :208642.16 Final Amt :9526.55 Days :236 Avg Daily Profit :0.674 %
Env #:0 Genome_id # :286 Fitness :-4156.84 Final Amt :1843.15 Days :236 Avg Daily Profit :-0.015 %
Env #:0 Genome_id # :291 Fitness :-3352.62 Final Amt :1903.3 Days :236 Avg Daily Profit :-0.001 %
Env #:0 Genome_id # :292 Fitness :48222.72 Final Amt :3783.28 Days :236 Avg Daily Profit :0.285 %
Env #:0 Genome_id # :298 Fitness :-31124.78 Final Amt :2275.24 Days :236 Avg Daily Profit :0.07 %
Env #:0 Genome_id # :299 Fitness :-3754.16 Final Amt :1824.99 Days :236 Avg Daily Profit :-0.019 %
Env #:0 Genome_id # :303 Fitness :11354.25 Final Amt :2144.37 Days :236 Avg Daily Profit :0.05 %
Env #:0 Genome_id # :304 Fitness :16198.86 Final Amt :2183.66 Days :236 Avg Daily Profit :0.057 %
Env #:0 Genome_id # :305 Fitness :-733.8 Final Amt :1889.52 Days :236 Avg Daily Profit :-0.004 %
Env #:0 Genome_id # :306 Fitness :2336.9 Final Amt :1900.33 Days :236 Avg Daily Profit :-0.001 %
Env #:0 Genome_id # :310 Fitness :977.29 Final Amt :1948.82 Days :236 Avg Daily Profit :0.011 %
Env #:0 Genome_id # :311 Fitness :-23675.9 Final Amt :1751.43 Days :236 Avg Daily Profit :-0.036 %
Env #:0 Genome_id # :34 Fitness :213892.36 Final Amt :11078.49 Days :236 Avg Daily Profit :0.739 %
Env #:0 Genome_id # :206 Fitness :212984.88 Final Amt :10457.72 Days :236 Avg Daily Profit :0.715 %
Env #:0 Genome_id # :718 Fitness :121333.16 Final Amt :2207.3 Days :236 Avg Daily Profit :0.053 %
Env #:0 Genome_id # :323 Fitness :137856.27 Final Amt :2719.08 Days :236 Avg Daily Profit :0.144 %
Env #:0 Genome_id # :331 Fitness :13364.51 Final Amt :6314.18 Days :236 Avg Daily Profit :0.499 %
Env #:0 Genome_id # :332 Fitness :157588.0 Final Amt :6637.62 Days :236 Avg Daily Profit :0.522 %
Env #:0 Genome_id # :254 Fitness :149371.82 Final Amt :2548.32 Days :236 Avg Daily Profit :0.112 %
Env #:0 Genome_id # :1072 Fitness :144631.22 Final Amt :2536.46 Days :236 Avg Daily Profit :0.114 %
Env #:0 Genome_id # :34 Fitness :213892.36 Final Amt :11078.49 Days :236 Avg Daily Profit :0.739 %
Env #:0 Genome_id # :206 Fitness :212984.88 Final Amt :10457.72 Days :236 Avg Daily Profit :0.715 %
Env #:0 Genome_id # :323 Fitness :137856.27 Final Amt :2719.08 Days :236 Avg Daily Profit :0.144 %
Env #:0 Genome_id # :351 Fitness :-18775.78 Final Amt :2068.95 Days :236 Avg Daily Profit :0.031 %
Env #:0 Genome_id # :359 Fitness :64248.84 Final Amt :3007.17 Days :236 Avg Daily Profit :0.188 %
Env #:0 Genome_id # :360 Fitness :104515.66 Final Amt :4740.14 Days :236 Avg Daily Profit :0.382 %
Env #:0 Genome_id # :254 Fitness :149371.82 Final Amt :2548.32 Days :236 Avg Daily Profit :0.112 %
Env #:0 Genome_id # :1072 Fitness :144631.22 Final Amt :2536.46 Days :236 Avg Daily Profit :0.114 %
Env #:0 Genome_id # :371 Fitness :13097.88 Final Amt :1920.31 Days :236 Avg Daily Profit :0.003 %
Env #:0 Genome_id # :372 Fitness :5716.75 Final Amt :4608.68 Days :236 Avg Daily Profit :0.371 %
Env #:0 Genome_id # :377 Fitness :97119.82 Final Amt :3851.57 Days :236 Avg Daily Profit :0.301 %
Env #:0 Genome_id # :378 Fitness :-2744.13 Final Amt :1896.87 Days :236 Avg Daily Profit :-0.006 %
Env #:0 Genome_id # :382 Fitness :-20570.95 Final Amt :1743.62 Days :236 Avg Daily Profit :-0.045 %
Env #:0 Genome_id # :383 Fitness :23917.96 Final Amt :2075.6 Days :236 Avg Daily Profit :0.029 %
Env #:0 Genome_id # :387 Fitness :-5110.62 Final Amt :1707.03 Days :236 Avg Daily Profit :-0.049 %
Env #:0 Genome_id # :388 Fitness :2845.7 Final Amt :1909.49 Days :236 Avg Daily Profit :0.001 %
Env #:0 Genome_id # :323 Fitness :137856.27 Final Amt :2719.08 Days :236 Avg Daily Profit :0.144 %
Env #:0 Genome_id # :393 Fitness :21356.54 Final Amt :2110.97 Days :236 Avg Daily Profit :0.043 %
Env #:0 Genome_id # :399 Fitness :3943.19 Final Amt :1904.23 Days :236 Avg Daily Profit :-0.0 %
Env #:0 Genome_id # :400 Fitness :29841.06 Final Amt :2681.05 Days :236 Avg Daily Profit :0.138 %

Env #:0 Genome_id # :718 Fitness :121333.16 Final Amt :2207.3 Days :236 Avg Daily Profit :0.053 %
Env #:0 Genome_id # :182 Fitness :203873.77 Final Amt :9427.57 Days :236 Avg Daily Profit :0.67 %
Env #:0 Genome_id # :230 Fitness :8958.83 Final Amt :1921.93 Days :236 Avg Daily Profit :0.003 %
Env #:0 Genome_id # :237 Fitness :-4825.11 Final Amt :1913.39 Days :236 Avg Daily Profit :0.002 %
Env #:0 Genome_id # :238 Fitness :-1608.57 Final Amt :1888.56 Days :236 Avg Daily Profit :-0.004 %
Env #:0 Genome_id # :242 Fitness :-7340.5 Final Amt :1836.62 Days :236 Avg Daily Profit :-0.017 %
Env #:0 Genome_id # :243 Fitness :-2742.34 Final Amt :1967.34 Days :236 Avg Daily Profit :-0.007 %
Env #:0 Genome_id # :244 Fitness :3579.58 Final Amt :2061.4 Days :236 Avg Daily Profit :0.013 %
Env #:0 Genome_id # :34 Fitness :213892.36 Final Amt :11078.49 Days :236 Avg Daily Profit :0.739 %
Env #:0 Genome_id # :249 Fitness :7131.33 Final Amt :1931.57 Days :236 Avg Daily Profit :0.004 %
Env #:0 Genome_id # :250 Fitness :86589.1 Final Amt :3209.45 Days :236 Avg Daily Profit :0.21 %
Env #:0 Genome_id # :254 Fitness :149371.82 Final Amt :2548.32 Days :236 Avg Daily Profit :0.112 %
Env #:0 Genome_id # :255 Fitness :8732.74 Final Amt :1882.0 Days :236 Avg Daily Profit :-0.006 %
Env #:0 Genome_id # :261 Fitness :5393.82 Final Amt :2098.69 Days :236 Avg Daily Profit :0.021 %
Env #:0 Genome_id # :262 Fitness :56502.07 Final Amt :1951.01 Days :236 Avg Daily Profit :0.01 %
Env #:0 Genome_id # :263 Fitness :99833.93 Final Amt :4476.03 Days :236 Avg Daily Profit :0.359 %
Env #:0 Genome_id # :264 Fitness :203969.39 Final Amt :9165.1 Days :236 Avg Daily Profit :0.657 %
Env #:0 Genome_id # :268 Fitness :-71437.78 Final Amt :1603.34 Days :236 Avg Daily Profit :-0.078 %
Env #:0 Genome_id # :269 Fitness :-32373.43 Final Amt :1775.34 Days :236 Avg Daily Profit :-0.034 %
Env #:0 Genome_id # :275 Fitness :6370.64 Final Amt :1953.45 Days :236 Avg Daily Profit :0.01 %
Env #:0 Genome_id # :276 Fitness :17837.31 Final Amt :1902.16 Days :236 Avg Daily Profit :-0.001 %
Env #:0 Genome_id # :718 Fitness :121333.16 Final Amt :2207.3 Days :236 Avg Daily Profit :0.053 %
Env #:0 Genome_id # :281 Fitness :-6777.21 Final Amt :1904.93 Days :236 Avg Daily Profit :-0.002 %
Env #:0 Genome_id # :289 Fitness :4603.51 Final Amt :1906.22 Days :236 Avg Daily Profit :-0.0 %
Env #:0 Genome_id # :290 Fitness :103418.24 Final Amt :4030.67 Days :236 Avg Daily Profit :0.311 %
Env #:0 Genome_id # :254 Fitness :149371.82 Final Amt :2548.32 Days :236 Avg Daily Profit :0.112 %
Env #:0 Genome_id # :1072 Fitness :144631.22 Final Amt :2536.46 Days :236 Avg Daily Profit :0.114 %
Env #:0 Genome_id # :301 Fitness :154125.01 Final Amt :7250.87 Days :236 Avg Daily Profit :0.56 %
Env #:0 Genome_id # :302 Fitness :39812.8 Final Amt :2897.48 Days :236 Avg Daily Profit :0.169 %
Env #:0 Genome_id # :307 Fitness :-7131.39 Final Amt :2586.23 Days :236 Avg Daily Profit :0.124 %
Env #:0 Genome_id # :308 Fitness :-7789.55 Final Amt :1734.52 Days :236 Avg Daily Profit :-0.042 %
Env #:0 Genome_id # :312 Fitness :39432.12 Final Amt :2152.32 Days :236 Avg Daily Profit :0.05 %
Env #:0 Genome_id # :313 Fitness :-16883.11 Final Amt :1680.52 Days :236 Avg Daily Profit :-0.062 %
Env #:0 Genome_id # :317 Fitness :81322.98 Final Amt :4365.42 Days :236 Avg Daily Profit :0.348 %
Env #:0 Genome_id # :318 Fitness :174424.06 Final Amt :7549.33 Days :236 Avg Daily Profit :0.577 %
Env #:0 Genome_id # :254 Fitness :149371.82 Final Amt :2548.32 Days :236 Avg Daily Profit :0.112 %
Env #:0 Genome_id # :1072 Fitness :144631.22 Final Amt :2536.46 Days :236 Avg Daily Profit :0.114 %
Env #:0 Genome_id # :274 Fitness :208642.16 Final Amt :9526.55 Days :236 Avg Daily Profit :0.674 %
Env #:0 Genome_id # :328 Fitness :-3421.03 Final Amt :1831.64 Days :236 Avg Daily Profit :-0.015 %
Env #:0 Genome_id # :335 Fitness :140437.79 Final Amt :5088.76 Days :236 Avg Daily Profit :0.417 %
Env #:0 Genome_id # :336 Fitness :94777.07 Final Amt :4812.18 Days :236 Avg Daily Profit :0.385 %
Env #:0 Genome_id # :340 Fitness :-3071.37 Final Amt :1898.44 Days :236 Avg Daily Profit :-0.01 %
Env #:0 Genome_id # :341 Fitness :-10572.48 Final Amt :1743.53 Days :236 Avg Daily Profit :-0.05 %
Env #:0 Genome_id # :343 Fitness :100293.8 Final Amt :4531.12 Days :236 Avg Daily Profit :0.361 %
Env #:0 Genome_id # :344 Fitness :1376.38 Final Amt :2275.89 Days :236 Avg Daily Profit :0.074 %
Env #:0 Genome_id # :347 Fitness :9334.01 Final Amt :1816.26 Days :236 Avg Daily Profit :-0.02 %
Env #:0 Genome_id # :348 Fitness :82455.03 Final Amt :3723.81 Days :236 Avg Daily Profit :0.274 %
Env #:0 Genome_id # :354 Fitness :-7733.88 Final Amt :1849.45 Days :236 Avg Daily Profit :-0.014 %
Env #:0 Genome_id # :355 Fitness :129376.11 Final Amt :2484.68 Days :236 Avg Daily Profit :0.103 %
Env #:0 Genome_id # :206 Fitness :212984.88 Final Amt :10457.72 Days :236 Avg Daily Profit :0.715 %
Env #:0 Genome_id # :356 Fitness :202220.23 Final Amt :9059.21 Days :236 Avg Daily Profit :0.653 %
Env #:0 Genome_id # :363 Fitness :-9732.66 Final Amt :2350.38 Days :236 Avg Daily Profit :0.088 %
Env #:0 Genome_id # :364 Fitness :-24819.21 Final Amt :2739.1 Days :236 Avg Daily Profit :0.152 %
Env #:0 Genome_id # :368 Fitness :-25261.11 Final Amt :2036.48 Days :236 Avg Daily Profit :0.012 %
Env #:0 Genome_id # :369 Fitness :5656.14 Final Amt :1911.36 Days :236 Avg Daily Profit :0.001 %
Env #:0 Genome_id # :373 Fitness :192832.4 Final Amt :8878.12 Days :236 Avg Daily Profit :0.644 %
Env #:0 Genome_id # :374 Fitness :-14317.37 Final Amt :1922.68 Days :236 Avg Daily Profit :0.001 %
Env #:0 Genome_id # :323 Fitness :137856.27 Final Amt :2719.08 Days :236 Avg Daily Profit :0.144 %
Env #:0 Genome_id # :379 Fitness :4641.42 Final Amt :1632.03 Days :236 Avg Daily Profit :-0.066 %
Env #:0 Genome_id # :385 Fitness :43874.83 Final Amt :5249.04 Days :236 Avg Daily Profit :0.419 %
Env #:0 Genome_id # :386 Fitness :-65062.69 Final Amt :2223.51 Days :236 Avg Daily Profit :0.066 %
Env #:0 Genome_id # :254 Fitness :149371.82 Final Amt :2548.32 Days :236 Avg Daily Profit :0.112 %
Env #:0 Genome_id # :1072 Fitness :144631.22 Final Amt :2536.46 Days :236 Avg Daily Profit :0.114 %
Env #:0 Genome_id # :401 Fitness :44635.42 Final Amt :2883.8 Days :236 Avg Daily Profit :0.168 %
Env #:0 Genome_id # :402 Fitness :212851.33 Final Amt :9897.77 Days :236 Avg Daily Profit :0.691 %

Env #:0 Genome_id # :221 Fitness :-106574.67 Final Amt :2288.03 Days :236 Avg Daily Profit :0.077 %
Env #:0 Genome_id # :222 Fitness :16371.29 Final Amt :2198.95 Days :236 Avg Daily Profit :0.059 %
Env #:0 Genome_id # :226 Fitness :52332.28 Final Amt :2265.41 Days :236 Avg Daily Profit :0.068 %
Env #:0 Genome_id # :227 Fitness :27924.26 Final Amt :1892.6 Days :236 Avg Daily Profit :-0.007 %
Env #:0 Genome_id # :231 Fitness :2145.0 Final Amt :2101.99 Days :236 Avg Daily Profit :0.04 %
Env #:0 Genome_id # :232 Fitness :24861.3 Final Amt :2333.66 Days :236 Avg Daily Profit :0.082 %
Env #:0 Genome_id # :76 Fitness :104952.92 Final Amt :2527.07 Days :236 Avg Daily Profit :0.116 %
Env #:0 Genome_id # :239 Fitness :0.0 Final Amt :2000.0 Days :236 Avg Daily Profit :0.0 %
Env #:0 Genome_id # :206 Fitness :212984.88 Final Amt :10457.72 Days :236 Avg Daily Profit :0.715 %
Env #:0 Genome_id # :182 Fitness :203873.77 Final Amt :9427.57 Days :236 Avg Daily Profit :0.67 %
Env #:0 Genome_id # :251 Fitness :-4924.83 Final Amt :1899.35 Days :236 Avg Daily Profit :-0.005 %
Env #:0 Genome_id # :252 Fitness :60488.28 Final Amt :1926.03 Days :236 Avg Daily Profit :0.001 %
Env #:0 Genome_id # :256 Fitness :-11640.47 Final Amt :1708.65 Days :236 Avg Daily Profit :-0.049 %
Env #:0 Genome_id # :257 Fitness :17482.36 Final Amt :1539.46 Days :236 Avg Daily Profit :-0.097 %
Env #:0 Genome_id # :34 Fitness :213892.36 Final Amt :11078.49 Days :236 Avg Daily Profit :0.739 %
Env #:0 Genome_id # :206 Fitness :212984.88 Final Amt :10457.72 Days :236 Avg Daily Profit :0.715 %
Env #:0 Genome_id # :254 Fitness :149371.82 Final Amt :2548.32 Days :236 Avg Daily Profit :0.112 %
Env #:0 Genome_id # :1072 Fitness :144631.22 Final Amt :2536.46 Days :236 Avg Daily Profit :0.114 %
Env #:0 Genome_id # :273 Fitness :3623.94 Final Amt :1910.59 Days :236 Avg Daily Profit :0.002 %
Env #:0 Genome_id # :274 Fitness :208642.16 Final Amt :9526.55 Days :236 Avg Daily Profit :0.674 %
Env #:0 Genome_id # :279 Fitness :17710.34 Final Amt :6878.0 Days :236 Avg Daily Profit :0.535 %
Env #:0 Genome_id # :280 Fitness :-108944.2 Final Amt :1490.89 Days :236 Avg Daily Profit :-0.105 %
Env #:0 Genome_id # :284 Fitness :3162.08 Final Amt :2018.17 Days :236 Avg Daily Profit :0.018 %
Env #:0 Genome_id # :285 Fitness :15436.61 Final Amt :2120.89 Days :236 Avg Daily Profit :0.044 %
Env #:0 Genome_id # :287 Fitness :29448.77 Final Amt :1874.07 Days :236 Avg Daily Profit :-0.01 %
Env #:0 Genome_id # :288 Fitness :12609.29 Final Amt :2047.39 Days :236 Avg Daily Profit :0.033 %
Env #:0 Genome_id # :293 Fitness :1347.89 Final Amt :1906.87 Days :236 Avg Daily Profit :-0.0 %
Env #:0 Genome_id # :294 Fitness :-4416.82 Final Amt :1942.75 Days :236 Avg Daily Profit :0.009 %
Env #:0 Genome_id # :296 Fitness :-14372.73 Final Amt :1760.51 Days :236 Avg Daily Profit :-0.032 %
Env #:0 Genome_id # :297 Fitness :43666.74 Final Amt :2471.8 Days :236 Avg Daily Profit :0.108 %
Env #:0 Genome_id # :206 Fitness :212984.88 Final Amt :10457.72 Days :236 Avg Daily Profit :0.715 %
Env #:0 Genome_id # :274 Fitness :208642.16 Final Amt :9526.55 Days :236 Avg Daily Profit :0.674 %
Env #:0 Genome_id # :718 Fitness :121333.16 Final Amt :2207.3 Days :236 Avg Daily Profit :0.053 %
Env #:0 Genome_id # :309 Fitness :80373.48 Final Amt :2751.76 Days :236 Avg Daily Profit :0.143 %
Env #:0 Genome_id # :314 Fitness :-12151.53 Final Amt :1865.05 Days :236 Avg Daily Profit :-0.015 %
Env #:0 Genome_id # :315 Fitness :2611.79 Final Amt :1801.29 Days :236 Avg Daily Profit :-0.027 %
Env #:0 Genome_id # :319 Fitness :11614.53 Final Amt :1632.48 Days :236 Avg Daily Profit :-0.072 %
Env #:0 Genome_id # :320 Fitness :188641.77 Final Amt :10236.62 Days :236 Avg Daily Profit :0.706 %
Env #:0 Genome_id # :324 Fitness :-3240.89 Final Amt :1947.85 Days :236 Avg Daily Profit :0.009 %
Env #:0 Genome_id # :325 Fitness :21025.31 Final Amt :1727.24 Days :236 Avg Daily Profit :-0.047 %
Env #:0 Genome_id # :329 Fitness :-71408.36 Final Amt :1359.21 Days :236 Avg Daily Profit :-0.148 %
Env #:0 Genome_id # :330 Fitness :215827.44 Final Amt :10086.52 Days :236 Avg Daily Profit :0.699 %
Env #:0 Genome_id # :323 Fitness :137856.27 Final Amt :2719.08 Days :236 Avg Daily Profit :0.144 %
Env #:0 Genome_id # :337 Fitness :39134.04 Final Amt :1481.92 Days :236 Avg Daily Profit :-0.108 %
Env #:0 Genome_id # :345 Fitness :-334.02 Final Amt :1907.56 Days :236 Avg Daily Profit :0.0 %
Env #:0 Genome_id # :346 Fitness :141613.33 Final Amt :6797.56 Days :236 Avg Daily Profit :0.535 %
Env #:0 Genome_id # :254 Fitness :149371.82 Final Amt :2548.32 Days :236 Avg Daily Profit :0.112 %
Env #:0 Genome_id # :1072 Fitness :144631.22 Final Amt :2536.46 Days :236 Avg Daily Profit :0.114 %
Env #:0 Genome_id # :357 Fitness :-66157.64 Final Amt :2444.15 Days :236 Avg Daily Profit :0.093 %
Env #:0 Genome_id # :358 Fitness :21875.94 Final Amt :1683.5 Days :236 Avg Daily Profit :-0.059 %
Env #:0 Genome_id # :323 Fitness :137856.27 Final Amt :2719.08 Days :236 Avg Daily Profit :0.144 %
Env #:0 Genome_id # :365 Fitness :356.32 Final Amt :1897.34 Days :236 Avg Daily Profit :-0.007 %
Env #:0 Genome_id # :370 Fitness :-2667.46 Final Amt :1853.66 Days :236 Avg Daily Profit :-0.011 %
Env #:0 Genome_id # :330 Fitness :215827.44 Final Amt :10086.52 Days :236 Avg Daily Profit :0.699 %
Env #:0 Genome_id # :375 Fitness :-304.46 Final Amt :1906.76 Days :236 Avg Daily Profit :0.0 %
Env #:0 Genome_id # :376 Fitness :182365.43 Final Amt :7713.57 Days :236 Avg Daily Profit :0.586 %
Env #:0 Genome_id # :380 Fitness :14433.38 Final Amt :2095.22 Days :236 Avg Daily Profit :0.041 %
Env #:0 Genome_id # :381 Fitness :41213.68 Final Amt :2091.23 Days :236 Avg Daily Profit :0.037 %
Env #:0 Genome_id # :330 Fitness :215827.44 Final Amt :10086.52 Days :236 Avg Daily Profit :0.699 %
Env #:0 Genome_id # :34 Fitness :213892.36 Final Amt :11078.49 Days :236 Avg Daily Profit :0.739 %
Env #:0 Genome_id # :391 Fitness :-44616.94 Final Amt :1836.05 Days :236 Avg Daily Profit :-0.019 %
Env #:0 Genome_id # :392 Fitness :-19778.49 Final Amt :2283.17 Days :236 Avg Daily Profit :0.077 %
Env #:0 Genome_id # :396 Fitness :-602.73 Final Amt :1850.27 Days :236 Avg Daily Profit :-0.014 %
Env #:0 Genome_id # :397 Fitness :-13352.46 Final Amt :1853.91 Days :236 Avg Daily Profit :-0.015 %
Env #:0 Genome_id # :34 Fitness :213892.36 Final Amt :11078.49 Days :236 Avg Daily Profit :0.739 %
Env #:0 Genome_id # :206 Fitness :212984.88 Final Amt :10457.72 Days :236 Avg Daily Profit :0.715 %
Env #:0 Genome_id # :405 Fitness :63510.73 Final Amt :1942.93 Days :236 Avg Daily Profit :0.004 %
Env #:0 Genome_id # :406 Fitness :-7385.78 Final Amt :1865.55 Days :236 Avg Daily Profit :-0.008 %

Env #:0 Genome_id # :223 Fitness :161434.9 Final Amt :7147.83 Days :236 Avg Daily Profit :0.552 %
Env #:0 Genome_id # :224 Fitness :164527.42 Final Amt :8035.22 Days :236 Avg Daily Profit :0.602 %
Env #:0 Genome_id # :228 Fitness :15591.8 Final Amt :2100.74 Days :236 Avg Daily Profit :0.04 %
Env #:0 Genome_id # :229 Fitness :56838.27 Final Amt :2152.18 Days :236 Avg Daily Profit :0.05 %
Env #:0 Genome_id # :233 Fitness :44195.93 Final Amt :2099.75 Days :236 Avg Daily Profit :0.042 %
Env #:0 Genome_id # :234 Fitness :136648.84 Final Amt :7213.89 Days :236 Avg Daily Profit :0.557 %
Env #:0 Genome_id # :1072 Fitness :144631.22 Final Amt :2536.46 Days :236 Avg Daily Profit :0.114 %
Env #:0 Genome_id # :718 Fitness :121333.16 Final Amt :2207.3 Days :236 Avg Daily Profit :0.053 %
Env #:0 Genome_id # :247 Fitness :70908.49 Final Amt :4460.37 Days :236 Avg Daily Profit :0.354 %
Env #:0 Genome_id # :248 Fitness :532.69 Final Amt :2162.18 Days :236 Avg Daily Profit :0.054 %
Env #:0 Genome_id # :76 Fitness :104952.92 Final Amt :2527.07 Days :236 Avg Daily Profit :0.116 %
Env #:0 Genome_id # :253 Fitness :26121.58 Final Amt :2055.06 Days :236 Avg Daily Profit :0.031 %
Env #:0 Genome_id # :182 Fitness :203873.77 Final Amt :9427.57 Days :236 Avg Daily Profit :0.67 %
Env #:0 Genome_id # :258 Fitness :-20694.45 Final Amt :1840.9 Days :236 Avg Daily Profit :-0.02 %
Env #:0 Genome_id # :718 Fitness :121333.16 Final Amt :2207.3 Days :236 Avg Daily Profit :0.053 %
Env #:0 Genome_id # :267 Fitness :1854.37 Final Amt :2179.65 Days :236 Avg Daily Profit :0.055 %
Env #:0 Genome_id # :206 Fitness :212984.88 Final Amt :10457.72 Days :236 Avg Daily Profit :0.715 %
Env #:0 Genome_id # :264 Fitness :203969.39 Final Amt :9165.1 Days :236 Avg Daily Profit :0.657 %
Env #:0 Genome_id # :254 Fitness :149371.82 Final Amt :2548.32 Days :236 Avg Daily Profit :0.112 %
Env #:0 Genome_id # :1072 Fitness :144631.22 Final Amt :2536.46 Days :236 Avg Daily Profit :0.114 %
Env #:0 Genome_id # :34 Fitness :213892.36 Final Amt :11078.49 Days :236 Avg Daily Profit :0.739 %
Env #:0 Genome_id # :206 Fitness :212984.88 Final Amt :10457.72 Days :236 Avg Daily Profit :0.715 %
Env #:0 Genome_id # :718 Fitness :121333.16 Final Amt :2207.3 Days :236 Avg Daily Profit :0.053 %
Env #:0 Genome_id # :295 Fitness :40215.53 Final Amt :1786.76 Days :236 Avg Daily Profit :-0.025 %
Env #:0 Genome_id # :300 Fitness :72150.02 Final Amt :1937.5 Days :236 Avg Daily Profit :-0.002 %
Env #:0 Genome_id # :34 Fitness :213892.36 Final Amt :11078.49 Days :236 Avg Daily Profit :0.739 %
Env #:0 Genome_id # :254 Fitness :149371.82 Final Amt :2548.32 Days :236 Avg Daily Profit :0.112 %
Env #:0 Genome_id # :1072 Fitness :144631.22 Final Amt :2536.46 Days :236 Avg Daily Profit :0.114 %
Env #:0 Genome_id # :274 Fitness :208642.16 Final Amt :9526.55 Days :236 Avg Daily Profit :0.674 %
Env #:0 Genome_id # :316 Fitness :27964.21 Final Amt :2387.77 Days :236 Avg Daily Profit :0.096 %
Env #:0 Genome_id # :321 Fitness :19443.13 Final Amt :1698.18 Days :236 Avg Daily Profit :-0.049 %
Env #:0 Genome_id # :322 Fitness :149533.72 Final Amt :3346.46 Days :236 Avg Daily Profit :0.229 %
Env #:0 Genome_id # :326 Fitness :0.0 Final Amt :2000.0 Days :236 Avg Daily Profit :0.0 %
Env #:0 Genome_id # :327 Fitness :3702.66 Final Amt :1509.69 Days :236 Avg Daily Profit :-0.105 %
Env #:0 Genome_id # :34 Fitness :213892.36 Final Amt :11078.49 Days :236 Avg Daily Profit :0.739 %
Env #:0 Genome_id # :206 Fitness :212984.88 Final Amt :10457.72 Days :236 Avg Daily Profit :0.715 %
Env #:0 Genome_id # :333 Fitness :32933.75 Final Amt :1860.28 Days :236 Avg Daily Profit :-0.011 %
Env #:0 Genome_id # :334 Fitness :59296.84 Final Amt :3286.19 Days :236 Avg Daily Profit :0.222 %
Env #:0 Genome_id # :338 Fitness :725.44 Final Amt :1903.57 Days :236 Avg Daily Profit :-0.001 %
Env #:0 Genome_id # :339 Fitness :17968.39 Final Amt :2271.92 Days :236 Avg Daily Profit :0.072 %
Env #:0 Genome_id # :342 Fitness :262.75 Final Amt :1867.5 Days :236 Avg Daily Profit :-0.01 %
Env #:0 Genome_id # :330 Fitness :215827.44 Final Amt :10086.52 Days :236 Avg Daily Profit :0.699 %
Env #:0 Genome_id # :349 Fitness :112234.86 Final Amt :5490.87 Days :236 Avg Daily Profit :0.444 %
Env #:0 Genome_id # :350 Fitness :-2069.6 Final Amt :1928.66 Days :236 Avg Daily Profit :0.005 %
Env #:0 Genome_id # :352 Fitness :-912.63 Final Amt :2015.58 Days :236 Avg Daily Profit :0.023 %
Env #:0 Genome_id # :353 Fitness :32235.87 Final Amt :2271.76 Days :236 Avg Daily Profit :0.073 %
Env #:0 Genome_id # :330 Fitness :215827.44 Final Amt :10086.52 Days :236 Avg Daily Profit :0.699 %
Env #:0 Genome_id # :34 Fitness :213892.36 Final Amt :11078.49 Days :236 Avg Daily Profit :0.739 %
Env #:0 Genome_id # :361 Fitness :5298.56 Final Amt :1917.66 Days :236 Avg Daily Profit :0.002 %
Env #:0 Genome_id # :362 Fitness :-53677.06 Final Amt :1927.68 Days :236 Avg Daily Profit :0.004 %
Env #:0 Genome_id # :366 Fitness :34351.93 Final Amt :2400.85 Days :236 Avg Daily Profit :0.095 %
Env #:0 Genome_id # :367 Fitne
Saving checkpoint to neat-checkpoint-28

 ****** Running generation 29 ****** 

Population's average fitness: 78719.69930 stdev: 89350.02087
Best fitness: 215827.43900 - size: (9, 30) - species 2 - id 330
Average adjusted fitness: 0.408
Mean genetic distance 2.262, standard deviation 1.085
Population of 20 members in 2 species:
   ID   age  size  fitness  adj fit  stag
  ====  ===  ====  =======  =======  ====
     1   29     8  149371.8    0.279   -54
     2   29    12  215827.4    0.536     5
Total extinctions: 0
Generation time: 1861.862 sec (2380.244 average)
Saving checkpoint to neat-checkpoint-29
Key: 330
Fitness: 215827.438999999
Nodes:
	0 DefaultNodeGene(key=0, bias=0.7728962618859077, response=1.0510578171916756, activation=relu, aggregation=mean)
	1 DefaultNodeGene(key=1, bias=0.85995718700061, response=1.1946008438413296, activation=relu, aggregation=maxabs)
	2 DefaultNodeGene(key=2, bias=-1.7039207904346079, response=1.1110080286824162, activation=relu, aggregation=mean)
	227 DefaultNodeGene(key=227, bias=3.7394610515745415, response=0.7318372974586637, activation=relu, aggregation=max)
	531 DefaultNodeGene(key=531, bias=0.9276903621887672, response=0.9267720665037709, activation=relu, aggregation=maxabs)
	24 DefaultNodeGene(key=24, bias=0.5810777821664624, response=0.8258238431255808, activation=relu, aggregation=min)
	42 DefaultNodeGene(key=42, bias=0.05675771186006702, response=0.42653635170143434, activation=sigmoid, aggregation=maxabs)
	363 DefaultNodeGene(key=363, bias=-0.43776698489405064, response=1.3638255813987108, activation=relu, aggregation=mean)
	956 DefaultNodeGene(key=956, bias=0.8888193677506115, response=1.1566710171784906, activation=relu, aggregation=max)
Connections:
	DefaultConnectionGene(key=(-34, 2), weight=-0.7997183619155728, enabled=False)
	DefaultConnectionGene(key=(-34, 227), weight=-0.5181296915504868, enabled=False)
	DefaultConnectionGene(key=(-33, 1), weight=0.795625266302691, enabled=True)
	DefaultConnectionGene(key=(-33, 2), weight=0.17321225155012604, enabled=False)
	DefaultConnectionGene(key=(-32, 2), weight=1.4660671886582128, enabled=True)
	DefaultConnectionGene(key=(-31, 0), weight=0.38633490226812, enabled=False)
	DefaultConnectionGene(key=(-31, 2), weight=-0.7104494857358448, enabled=False)
	DefaultConnectionGene(key=(-30, 2), weight=2.068675507278963, enabled=False)
	DefaultConnectionGene(key=(-28, 0), weight=0.6444186333290695, enabled=True)
	DefaultConnectionGene(key=(-28, 227), weight=1.4060506752852824, enabled=True)
	DefaultConnectionGene(key=(-28, 531), weight=-2.017766019118982, enabled=True)
	DefaultConnectionGene(key=(-27, 2), weight=-2.272677583329039, enabled=True)
	DefaultConnectionGene(key=(-26, 0), weight=-2.3061791415498307, enabled=False)
	DefaultConnectionGene(key=(-26, 1), weight=0.38389067109648944, enabled=True)
	DefaultConnectionGene(key=(-26, 2), weight=-0.5607783032450175, enabled=True)
	DefaultConnectionGene(key=(-25, 2), weight=2.8624407961761085, enabled=True)
	DefaultConnectionGene(key=(-24, 0), weight=1.602918341445437, enabled=True)
	DefaultConnectionGene(key=(-24, 1), weight=0.777713705407946, enabled=False)
	DefaultConnectionGene(key=(-23, 0), weight=-0.33868611855292097, enabled=False)
	DefaultConnectionGene(key=(-23, 2), weight=2.56642496720451, enabled=False)
	DefaultConnectionGene(key=(-23, 956), weight=2.243339269247702, enabled=True)
	DefaultConnectionGene(key=(-22, 1), weight=0.6840714159233771, enabled=False)
	DefaultConnectionGene(key=(-22, 2), weight=-1.7281668425570662, enabled=False)
	DefaultConnectionGene(key=(-21, 0), weight=-1.601013033346474, enabled=True)
	DefaultConnectionGene(key=(-20, 1), weight=0.9684339713482547, enabled=True)
	DefaultConnectionGene(key=(-19, 0), weight=1.01492603642435, enabled=True)
	DefaultConnectionGene(key=(-18, 0), weight=-0.6419214099629401, enabled=True)
	DefaultConnectionGene(key=(-18, 1), weight=-1.5087601977584826, enabled=False)
	DefaultConnectionGene(key=(-18, 42), weight=1.9169816299874372, enabled=True)
	DefaultConnectionGene(key=(-17, 2), weight=2.1230544139026337, enabled=False)
	DefaultConnectionGene(key=(-16, 0), weight=-1.6593356810003774, enabled=True)
	DefaultConnectionGene(key=(-16, 1), weight=-1.7634459379968273, enabled=False)
	DefaultConnectionGene(key=(-15, 0), weight=2.132757126265771, enabled=False)
	DefaultConnectionGene(key=(-15, 2), weight=4.447463963397616, enabled=True)
	DefaultConnectionGene(key=(-14, 1), weight=-1.0878309608607202, enabled=True)
	DefaultConnectionGene(key=(-14, 2), weight=0.8022873103716543, enabled=False)
	DefaultConnectionGene(key=(-13, 1), weight=-0.18645898225316893, enabled=False)
	DefaultConnectionGene(key=(-13, 2), weight=-0.25653907864050246, enabled=False)
	DefaultConnectionGene(key=(-12, 1), weight=2.577292868568436, enabled=True)
	DefaultConnectionGene(key=(-12, 2), weight=2.353656373853903, enabled=False)
	DefaultConnectionGene(key=(-11, 1), weight=-1.2964354007289272, enabled=True)
	DefaultConnectionGene(key=(-11, 24), weight=0.698933587155024, enabled=False)
	DefaultConnectionGene(key=(-8, 1), weight=2.3769721350859636, enabled=False)
	DefaultConnectionGene(key=(-7, 0), weight=0.07001618620080885, enabled=False)
	DefaultConnectionGene(key=(-7, 2), weight=-0.006273881349496441, enabled=True)
	DefaultConnectionGene(key=(-7, 42), weight=1.2015109723323496, enabled=False)
	DefaultConnectionGene(key=(-6, 2), weight=2.0948694518635844, enabled=False)
	DefaultConnectionGene(key=(-4, 1), weight=0.5174910884567768, enabled=False)
	DefaultConnectionGene(key=(-4, 24), weight=-1.2302979186207705, enabled=False)
	DefaultConnectionGene(key=(-4, 363), weight=1.3894938733151738, enabled=False)
	DefaultConnectionGene(key=(-3, 0), weight=-1.7323323412717948, enabled=True)
	DefaultConnectionGene(key=(-3, 1), weight=0.3591942465737338, enabled=False)
	DefaultConnectionGene(key=(-3, 2), weight=2.499617182068766, enabled=False)
	DefaultConnectionGene(key=(-2, 2), weight=1.9994653119431955, enabled=True)
	DefaultConnectionGene(key=(-1, 0), weight=-1.3307405830311383, enabled=False)
	DefaultConnectionGene(key=(-1, 2), weight=-2.7029959260863894, enabled=True)
	DefaultConnectionGene(key=(-1, 956), weight=1.0, enabled=True)
	DefaultConnectionGene(key=(1, 1), weight=0.15377632221057488, enabled=False)
	DefaultConnectionGene(key=(24, 0), weight=1.7552804016160644, enabled=True)
	DefaultConnectionGene(key=(24, 1), weight=0.9216671508166717, enabled=True)
	DefaultConnectionGene(key=(42, 0), weight=-2.579525581457155, enabled=True)
	DefaultConnectionGene(key=(227, 0), weight=-1.5604469117327593, enabled=False)
	DefaultConnectionGene(key=(363, 1), weight=3.150790693819756, enabled=False)
	DefaultConnectionGene(key=(531, 0), weight=-0.8815094221967945, enabled=False)
	DefaultConnectionGene(key=(956, 0), weight=-0.6080148019866384, enabled=True)
