Reporter!

 ****** Running generation 0 ****** 

Population's average fitness: 48526.41725 stdev: 59370.26990
Best fitness: 155779.31800 - size: (8, 27) - species 2 - id 1042
Average adjusted fitness: 0.597
Mean genetic distance 2.235, standard deviation 0.817
Population of 20 members in 2 species:
   ID   age  size  fitness  adj fit  stag
  ====  ===  ====  =======  =======  ====
     1    0     8  145140.3    0.635   -83
     2    0    12  155779.3    0.559   -81
Total extinctions: 0
Generation time: 561.643 sec

 ****** Running generation 1 ****** 

Population's average fitness: 43578.32050 stdev: 67398.65018
Best fitness: 155779.31800 - size: (8, 27) - species 2 - id 1042
Average adjusted fitness: 0.532
Mean genetic distance 2.230, standard deviation 0.922
Population of 20 members in 2 species:
   ID   age  size  fitness  adj fit  stag
  ====  ===  ====  =======  =======  ====
     1    1    10  145140.3    0.617   -82
     2    1    10  155779.3    0.447   -80
Total extinctions: 0
Generation time: 425.042 sec (493.343 average)

 ****** Running generation 2 ****** 

Population's average fitness: 42049.92560 stdev: 70422.56321
Best fitness: 155779.31800 - size: (8, 27) - species 2 - id 1042
Average adjusted fitness: 0.412
Mean genetic distance 2.278, standard deviation 0.945
Population of 20 members in 2 species:
   ID   age  size  fitness  adj fit  stag
  ====  ===  ====  =======  =======  ====
     1    2    11  145140.3    0.414   -81
     2    2     9  155779.3    0.409   -79
Total extinctions: 0
Generation time: 359.721 sec (448.802 average)

 ****** Running generation 3 ****** 

Population's average fitness: 53298.62590 stdev: 71722.86261
Best fitness: 155779.31800 - size: (8, 27) - species 2 - id 1042
Average adjusted fitness: 0.556
Mean genetic distance 2.255, standard deviation 0.982
Population of 20 members in 2 species:
   ID   age  size  fitness  adj fit  stag
  ====  ===  ====  =======  =======  ====
     1    3    10  145140.3    0.449   -80
     2    3    10  155779.3    0.663   -78
Total extinctions: 0
Generation time: 495.894 sec (460.575 average)

 ****** Running generation 4 ****** 

Population's average fitness: 43812.60700 stdev: 70919.08666
Best fitness: 155779.31800 - size: (8, 27) - species 2 - id 1042
Average adjusted fitness: 0.527
Mean genetic distance 2.258, standard deviation 0.967
Population of 20 members in 2 species:
   ID   age  size  fitness  adj fit  stag
  ====  ===  ====  =======  =======  ====
     1    4    11  145140.3    0.543   -79
     2    4     9  155779.3    0.512   -77
Total extinctions: 0
Generation time: 667.227 sec (501.906 average)

 ****** Running generation 5 ****** 

Population's average fitness: 44556.74600 stdev: 64423.42641
Best fitness: 155779.31800 - size: (8, 27) - species 2 - id 1042
Average adjusted fitness: 0.383
Mean genetic distance 2.298, standard deviation 0.913
Population of 20 members in 2 species:
   ID   age  size  fitness  adj fit  stag
  ====  ===  ====  =======  =======  ====
     1    5    10  145140.3    0.354   -78
     2    5    10  155779.3    0.412   -76
Total extinctions: 0
Generation time: 649.594 sec (526.520 average)

 ****** Running generation 6 ****** 

Population's average fitness: 39406.58575 stdev: 79836.91465
Best fitness: 155779.31800 - size: (8, 27) - species 2 - id 1042
Average adjusted fitness: 0.568
Mean genetic distance 2.231, standard deviation 0.982
Population of 20 members in 2 species:
   ID   age  size  fitness  adj fit  stag
  ====  ===  ====  =======  =======  ====
     1    6    11  145140.3    0.579   -77
     2    6     9  155779.3    0.556   -75
Total extinctions: 0
Generation time: 651.885 sec (544.430 average)

 ****** Running generation 7 ****** 

Population's average fitness: 44996.86060 stdev: 90541.49635
Best fitness: 158921.86800 - size: (9, 32) - species 1 - id 85
Average adjusted fitness: 0.592
Mean genetic distance 2.345, standard deviation 0.946
Population of 20 members in 2 species:
   ID   age  size  fitness  adj fit  stag
  ====  ===  ====  =======  =======  ====
     1    7    10  158921.9    0.582   -76
     2    7    10  155779.3    0.602   -74
Total extinctions: 0
Generation time: 735.500 sec (568.313 average)

 ****** Running generation 8 ****** 

Population's average fitness: 57100.47015 stdev: 79341.24449
Best fitness: 183694.53400 - size: (6, 26) - species 1 - id 107
Average adjusted fitness: 0.506
Mean genetic distance 2.296, standard deviation 1.023
Population of 20 members in 2 species:
   ID   age  size  fitness  adj fit  stag
  ====  ===  ====  =======  =======  ====
     1    8    11  183694.5    0.565   -75
     2    8     9  155779.3    0.448   -73
Total extinctions: 0
Generation time: 703.545 sec (583.339 average)

 ****** Running generation 9 ****** 

Population's average fitness: 75562.41125 stdev: 65567.56657
Best fitness: 183694.53400 - size: (6, 26) - species 1 - id 107
Average adjusted fitness: 0.549
Mean genetic distance 2.325, standard deviation 0.987
Population of 20 members in 2 species:
   ID   age  size  fitness  adj fit  stag
  ====  ===  ====  =======  =======  ====
     1    9    10  183694.5    0.574   -74
     2    9    10  155779.3    0.524   -72
Total extinctions: 0
Generation time: 703.699 sec (595.375 average)

 ****** Running generation 10 ****** 

Population's average fitness: 64174.90635 stdev: 77411.43604
Best fitness: 183694.53400 - size: (6, 26) - species 1 - id 107
Average adjusted fitness: 0.560
Mean genetic distance 2.263, standard deviation 1.030
Population of 20 members in 2 species:
   ID   age  size  fitness  adj fit  stag
  ====  ===  ====  =======  =======  ====
     1   10     9  183694.5    0.535   -73
     2   10    11  155779.3    0.586   -71
Total extinctions: 0
Generation time: 673.906 sec (606.601 average)

 ****** Running generation 11 ****** 

Population's average fitness: 59814.72130 stdev: 79404.71438
Best fitness: 208967.82700 - size: (9, 34) - species 1 - id 154
Average adjusted fitness: 0.419
Mean genetic distance 2.301, standard deviation 1.086
Population of 20 members in 2 species:
   ID   age  size  fitness  adj fit  stag
  ====  ===  ====  =======  =======  ====
     1   11    11  208967.8    0.537   -72
     2   11     9  155779.3    0.301   -70
Total extinctions: 0
Generation time: 622.525 sec (626.350 average)

 ****** Running generation 12 ****** 

Population's average fitness: 65703.65785 stdev: 75294.20183
Best fitness: 208967.82700 - size: (9, 34) - species 1 - id 154
Average adjusted fitness: 0.446
Mean genetic distance 2.297, standard deviation 1.094
Population of 20 members in 2 species:
   ID   age  size  fitness  adj fit  stag
  ====  ===  ====  =======  =======  ====
     1   12    10  208967.8    0.452   -71
     2   12    10  155779.3    0.440   -69
Total extinctions: 0
Generation time: 574.454 sec (647.823 average)

 ****** Running generation 13 ****** 

Population's average fitness: 81488.87590 stdev: 75841.45861
Best fitness: 219955.70700 - size: (8, 36) - species 2 - id 174
Average adjusted fitness: 0.448
Mean genetic distance 2.263, standard deviation 1.021
Population of 20 members in 2 species:
   ID   age  size  fitness  adj fit  stag
  ====  ===  ====  =======  =======  ====
     1   13    11  208967.8    0.464   -70
     2   13     9  219955.7    0.432     0
Total extinctions: 0
Generation time: 592.216 sec (657.455 average)

 ****** Running generation 14 ****** 

Population's average fitness: 60064.35450 stdev: 94376.69575
Best fitness: 219955.70700 - size: (8, 36) - species 2 - id 174
Average adjusted fitness: 0.456
Mean genetic distance 2.176, standard deviation 1.068
Population of 20 members in 2 species:
   ID   age  size  fitness  adj fit  stag
  ====  ===  ====  =======  =======  ====
     1   14    10  208967.8    0.437   -69
     2   14    10  219955.7    0.474     1
Total extinctions: 0
Generation time: 580.188 sec (648.751 average)

 ****** Running generation 15 ****** 

Population's average fitness: 73504.22885 stdev: 78506.91929
Best fitness: 219955.70700 - size: (8, 36) - species 2 - id 174
Average adjusted fitness: 0.426
Mean genetic distance 2.088, standard deviation 1.196
Population of 20 members in 2 species:
   ID   age  size  fitness  adj fit  stag
  ====  ===  ====  =======  =======  ====
     1   15     9  208967.8    0.406   -68
     2   15    11  219955.7    0.446     2
Total extinctions: 0
Generation time: 584.608 sec (642.253 average)

 ****** Running generation 16 ****** 

Population's average fitness: 85689.47535 stdev: 85836.86944
Best fitness: 219955.70700 - size: (8, 36) - species 2 - id 174
Average adjusted fitness: 0.554
Mean genetic distance 2.153, standard deviation 1.147
Population of 20 members in 2 species:
   ID   age  size  fitness  adj fit  stag
  ====  ===  ====  =======  =======  ====
     1   16    10  208967.8    0.608   -67
     2   16    10  219955.7    0.500     3
Total extinctions: 0
Generation time: 560.108 sec (633.075 average)

 ****** Running generation 17 ****** 

Population's average fitness: 54152.88105 stdev: 105346.95587
Best fitness: 219955.70700 - size: (8, 36) - species 2 - id 174
Average adjusted fitness: 0.523
Mean genetic distance 2.129, standard deviation 1.095
Population of 20 members in 2 species:
   ID   age  size  fitness  adj fit  stag
  ====  ===  ====  =======  =======  ====
     1   17     9  208967.8    0.504   -66
     2   17    11  219955.7    0.541     4
Total extinctions: 0
Generation time: 583.150 sec (617.840 average)

 ****** Running generation 18 ****** 

Population's average fitness: 44126.05100 stdev: 111723.87000
Best fitness: 219955.70700 - size: (8, 36) - species 2 - id 174
Average adjusted fitness: 0.559
Mean genetic distance 2.118, standard deviation 1.127
Population of 20 members in 2 species:
   ID   age  size  fitness  adj fit  stag
  ====  ===  ====  =======  =======  ====
     1   18    10  208967.8    0.609   -65
     2   18    10  219955.7    0.510     5
Total extinctions: 0
Generation time: 561.030 sec (603.588 average)

 ****** Running generation 19 ****** 

Population's average fitness: 72496.94965 stdev: 91784.38980
Best fitness: 219955.70700 - size: (8, 36) - species 2 - id 174
Average adjusted fitness: 0.461
Mean genetic distance 2.115, standard deviation 1.136
Population of 20 members in 2 species:
   ID   age  size  fitness  adj fit  stag
  ====  ===  ====  =======  =======  ====
     1   19    11  208967.8    0.497   -64
     2   19     9  219955.7    0.426     6
Total extinctions: 0
Generation time: 558.760 sec (589.095 average)

 ****** Running generation 20 ****** 

Population's average fitness: 60450.07095 stdev: 90460.80813
Best fitness: 219955.70700 - size: (8, 36) - species 2 - id 174
Average adjusted fitness: 0.449
Mean genetic distance 2.140, standard deviation 1.115
Population of 20 members in 2 species:
   ID   age  size  fitness  adj fit  stag
  ====  ===  ====  =======  =======  ====
     1   20    10  208967.8    0.415   -63
     2   20    10  219955.7    0.483     7
Total extinctions: 0
Generation time: 597.172 sec (581.421 average)

 ****** Running generation 21 ****** 

Population's average fitness: 63652.66860 stdev: 95910.98302
Best fitness: 219955.70700 - size: (8, 36) - species 2 - id 174
Average adjusted fitness: 0.480
Mean genetic distance 2.071, standard deviation 1.165
Population of 20 members in 2 species:
   ID   age  size  fitness  adj fit  stag
  ====  ===  ====  =======  =======  ====
     1   21     9  208967.8    0.464   -62
     2   21    11  219955.7    0.497     8
Total extinctions: 0
Generation time: 564.574 sec (575.626 average)

 ****** Running generation 22 ****** 

Population's average fitness: 74544.48455 stdev: 92815.00377
Best fitness: 219955.70700 - size: (8, 36) - species 2 - id 174
Average adjusted fitness: 0.458
Mean genetic distance 2.087, standard deviation 1.155
Population of 20 members in 2 species:
   ID   age  size  fitness  adj fit  stag
  ====  ===  ====  =======  =======  ====
     1   22    10  208967.8    0.447   -61
     2   22    10  219955.7    0.468     9
Total extinctions: 0
Generation time: 559.684 sec (574.149 average)

 ****** Running generation 23 ****** 

Population's average fitness: 64590.10110 stdev: 94218.03750
Best fitness: 219955.70700 - size: (8, 36) - species 2 - id 174
Average adjusted fitness: 0.426
Mean genetic distance 2.104, standard deviation 1.134
Population of 20 members in 2 species:
   ID   age  size  fitness  adj fit  stag
  ====  ===  ====  =======  =======  ====
     1   23    11  208967.8    0.432   -60
     2   23     9  219955.7    0.420    10
Total extinctions: 0
Generation time: 572.092 sec (572.137 average)

 ****** Running generation 24 ****** 

Population's average fitness: 100733.13570 stdev: 101400.77358
Best fitness: 223539.59300 - size: (9, 28) - species 2 - id 336
Average adjusted fitness: 0.561
Mean genetic distance 2.138, standard deviation 1.082
Population of 20 members in 2 species:
   ID   age  size  fitness  adj fit  stag
  ====  ===  ====  =======  =======  ====
     1   24    10  208967.8    0.523   -59
     2   24    10  223539.6    0.599     0
Total extinctions: 0
Generation time: 590.767 sec (573.194 average)

 ****** Running generation 25 ****** 

Population's average fitness: 53540.48755 stdev: 107833.01070
Best fitness: 223539.59300 - size: (9, 28) - species 2 - id 336
Average adjusted fitness: 0.436
Mean genetic distance 2.105, standard deviation 1.114
Population of 20 members in 2 species:
   ID   age  size  fitness  adj fit  stag
  ====  ===  ====  =======  =======  ====
     1   25    11  208967.8    0.446   -58
     2   25     9  223539.6    0.425     1
Total extinctions: 0
Generation time: 579.525 sec (572.686 average)

 ****** Running generation 26 ****** 

Population's average fitness: 100505.14865 stdev: 86524.59245
Best fitness: 223539.59300 - size: (9, 28) - species 2 - id 336
Average adjusted fitness: 0.531
Mean genetic distance 2.107, standard deviation 1.115
Population of 20 members in 2 species:
   ID   age  size  fitness  adj fit  stag
  ====  ===  ====  =======  =======  ====
     1   26    10  208967.8    0.512   -57
     2   26    10  223539.6    0.550     2
Total extinctions: 0
Generation time: 579.516 sec (574.627 average)

 ****** Running generation 27 ****** 

Population's average fitness: 85857.12600 stdev: 96414.12785
Best fitness: 223583.61300 - size: (8, 31) - species 2 - id 376
Average adjusted fitness: 0.462
Mean genetic distance 2.081, standard deviation 1.143
Population of 20 members in 2 species:
   ID   age  size  fitness  adj fit  stag
  ====  ===  ====  =======  =======  ====
     1   27     9  208967.8    0.449   -56
     2   27    11  223583.6    0.475     0
Total extinctions: 0
Generation time: 577.164 sec (574.028 average)

 ****** Running generation 28 ****** 

Population's average fitness: 80008.64050 stdev: 99440.45571
Best fitness: 223583.61300 - size: (8, 31) - species 2 - id 376
Average adjusted fitness: 0.616
Mean genetic distance 2.116, standard deviation 1.111
Population of 20 members in 2 species:
   ID   age  size  fitness  adj fit  stag
  ====  ===  ====  =======  =======  ====
     1   28    10  208967.8    0.669   -55
     2   28    10  223583.6    0.562     1
Total extinctions: 0
Generation time: 588.278 sec (576.753 average)

 ****** Running generation 29 ****** 

Population's average fitness: 73852.70750 stdev: 110573.15269
Best fitness: 223583.61300 - size: (8, 31) - species 2 - id 376
Average adjusted fitness: 0.557
Mean genetic distance 2.126, standard deviation 1.130
Population of 20 members in 2 species:
   ID   age  size  fitness  adj fit  stag
  ====  ===  ====  =======  =======  ====
     1   29    11  208967.8    0.598   -54
     2   29     9  223583.6    0.515     2
Total extinctions: 0
Generation time: 616.537 sec (582.531 average)
Reporter!
Reporter!
