Training Logger!
Env #:0 Genome_id # :914 Fitness :-5185.99 Final Amt :1825.99 Days :236 Avg Daily Profit :-0.02 %
Env #:0 Genome_id # :31 Fitness :71449.51 Final Amt :3263.97 Days :236 Avg Daily Profit :0.225 %
Env #:0 Genome_id # :245 Fitness :59763.71 Final Amt :3704.15 Days :236 Avg Daily Profit :0.28 %
Env #:0 Genome_id # :927 Fitness :42459.85 Final Amt :2858.45 Days :236 Avg Daily Profit :0.164 %
Env #:0 Genome_id # :594 Fitness :33492.14 Final Amt :2298.45 Days :236 Avg Daily Profit :0.078 %
Env #:0 Genome_id # :242 Fitness :5439.26 Final Amt :2377.82 Days :236 Avg Daily Profit :0.091 %
Env #:0 Genome_id # :335 Fitness :957.06 Final Amt :1809.57 Days :236 Avg Daily Profit :-0.026 %
Env #:0 Genome_id # :829 Fitness :35930.39 Final Amt :2719.12 Days :236 Avg Daily Profit :0.144 %
Env #:0 Genome_id # :1042 Fitness :155779.32 Final Amt :2517.63 Days :236 Avg Daily Profit :0.115 %
Env #:0 Genome_id # :263 Fitness :-5207.08 Final Amt :2427.14 Days :236 Avg Daily Profit :0.101 %
Env #:0 Genome_id # :937 Fitness :-100683.43 Final Amt :3458.08 Days :236 Avg Daily Profit :0.246 %
Env #:0 Genome_id # :365 Fitness :135923.94 Final Amt :3070.88 Days :236 Avg Daily Profit :0.202 %
Env #:0 Genome_id # :718 Fitness :145140.29 Final Amt :2547.41 Days :236 Avg Daily Profit :0.117 %
Env #:0 Genome_id # :785 Fitness :15055.68 Final Amt :2220.15 Days :236 Avg Daily Profit :0.063 %
Env #:0 Genome_id # :1072 Fitness :125807.79 Final Amt :2219.23 Days :236 Avg Daily Profit :0.061 %
Env #:0 Genome_id # :942 Fitness :82688.45 Final Amt :3892.96 Days :236 Avg Daily Profit :0.299 %
Env #:0 Genome_id # :871 Fitness :32097.36 Final Amt :3971.98 Days :236 Avg Daily Profit :0.309 %
Env #:0 Genome_id # :941 Fitness :59269.6 Final Amt :3142.95 Days :236 Avg Daily Profit :0.204 %
Env #:0 Genome_id # :929 Fitness :38201.07 Final Amt :2339.51 Days :236 Avg Daily Profit :0.082 %
Env #:0 Genome_id # :99 Fitness :42149.42 Final Amt :2358.29 Days :236 Avg Daily Profit :0.088 %
Env #:0 Genome_id # :2 Fitness :0.0 Final Amt :2000.0 Days :236 Avg Daily Profit :0.0 %
Env #:0 Genome_id # :4 Fitness :0.0 Final Amt :2000.0 Days :236 Avg Daily Profit :0.0 %
Env #:0 Genome_id # :7 Fitness :-476.17 Final Amt :1992.32 Days :236 Avg Daily Profit :-0.002 %
Env #:0 Genome_id # :718 Fitness :145140.29 Final Amt :2547.41 Days :236 Avg Daily Profit :0.117 %
Env #:0 Genome_id # :365 Fitness :135923.94 Final Amt :3070.88 Days :236 Avg Daily Profit :0.202 %
Env #:0 Genome_id # :245 Fitness :59763.71 Final Amt :3704.15 Days :236 Avg Daily Profit :0.28 %
Env #:0 Genome_id # :9 Fitness :-23804.37 Final Amt :2128.83 Days :236 Avg Daily Profit :0.04 %
Env #:0 Genome_id # :3 Fitness :-31769.55 Final Amt :1598.86 Days :236 Avg Daily Profit :-0.079 %
Env #:0 Genome_id # :1 Fitness :109360.66 Final Amt :2446.56 Days :236 Avg Daily Profit :0.104 %
Env #:0 Genome_id # :12 Fitness :52825.94 Final Amt :3277.03 Days :236 Avg Daily Profit :0.228 %
Env #:0 Genome_id # :8 Fitness :-6725.65 Final Amt :2167.77 Days :236 Avg Daily Profit :0.054 %
Env #:0 Genome_id # :1072 Fitness :125807.79 Final Amt :2219.23 Days :236 Avg Daily Profit :0.061 %
Env #:0 Genome_id # :5 Fitness :53866.1 Final Amt :2379.69 Days :236 Avg Daily Profit :0.092 %
Env #:0 Genome_id # :1042 Fitness :155779.32 Final Amt :2517.63 Days :236 Avg Daily Profit :0.115 %
Env #:0 Genome_id # :14 Fitness :2946.24 Final Amt :2475.73 Days :236 Avg Daily Profit :0.102 %
Env #:0 Genome_id # :6 Fitness :114857.48 Final Amt :1990.6 Days :236 Avg Daily Profit :0.014 %
Env #:0 Genome_id # :11 Fitness :-75537.37 Final Amt :1349.18 Days :236 Avg Daily Profit :-0.154 %
Env #:0 Genome_id # :942 Fitness :82688.45 Final Amt :3892.96 Days :236 Avg Daily Profit :0.299 %
Env #:0 Genome_id # :13 Fitness :-4919.58 Final Amt :2251.11 Days :236 Avg Daily Profit :0.062 %
Env #:0 Genome_id # :10 Fitness :-24160.81 Final Amt :1709.9 Days :236 Avg Daily Profit :-0.049 %
Env #:0 Genome_id # :17 Fitness :3083.97 Final Amt :2034.18 Days :236 Avg Daily Profit :0.007 %
Env #:0 Genome_id # :19 Fitness :-794.4 Final Amt :1985.46 Days :236 Avg Daily Profit :-0.003 %
Env #:0 Genome_id # :15 Fitness :-29560.48 Final Amt :1629.21 Days :236 Avg Daily Profit :-0.073 %
Env #:0 Genome_id # :22 Fitness :-22407.98 Final Amt :1568.28 Days :236 Avg Daily Profit :-0.088 %
Env #:0 Genome_id # :21 Fitness :-35835.05 Final Amt :1755.23 Days :236 Avg Daily Profit :-0.043 %
Env #:0 Genome_id # :28 Fitness :23795.74 Final Amt :2537.74 Days :236 Avg Daily Profit :0.119 %
Env #:0 Genome_id # :365 Fitness :135923.94 Final Amt :3070.88 Days :236 Avg Daily Profit :0.202 %
Env #:0 Genome_id # :18 Fitness :2485.25 Final Amt :1886.61 Days :236 Avg Daily Profit :-0.015 %
Env #:0 Genome_id # :16 Fitness :-31562.72 Final Amt :1660.12 Days :236 Avg Daily Profit :-0.062 %
Env #:0 Genome_id # :718 Fitness :145140.29 Final Amt :2547.41 Days :236 Avg Daily Profit :0.117 %
Env #:0 Genome_id # :942 Fitness :82688.45 Final Amt :3892.96 Days :236 Avg Daily Profit :0.299 %
Env #:0 Genome_id # :1042 Fitness :155779.32 Final Amt :2517.63 Days :236 Avg Daily Profit :0.115 %
Env #:0 Genome_id # :20 Fitness :111488.73 Final Amt :2521.09 Days :236 Avg Daily Profit :0.115 %
Env #:0 Genome_id # :1072 Fitness :125807.79 Final Amt :2219.23 Days :236 Avg Daily Profit :0.061 %
Env #:0 Genome_id # :6 Fitness :114857.48 Final Amt :1990.6 Days :236 Avg Daily Profit :0.014 %
Env #:0 Genome_id # :23 Fitness :-37488.61 Final Amt :1623.49 Days :236 Avg Daily Profit :-0.074 %
Env #:0 Genome_id # :25 Fitness :-35652.65 Final Amt :1419.2 Days :236 Avg Daily Profit :-0.13 %
Env #:0 Genome_id # :27 Fitness :110126.55 Final Amt :4232.51 Days :236 Avg Daily Profit :0.333 %
Env #:0 Genome_id # :24 Fitness :51215.88 Final Amt :2410.56 Days :236 Avg Daily Profit :0.096 %
Env #:0 Genome_id # :26 Fitness :-28092.99 Final Amt :1721.78 Days :236 Avg Daily Profit :-0.049 %
Env #:0 Genome_id # :33 Fitness :-22.88 Final Amt :2000.4 Days :236 Avg Daily Profit :0.0 %
Env #:0 Genome_id # :1072 Fitness :125807.79 Final Amt :2219.23 Days :236 Avg Daily Profit :0.061 %
Env #:0 Genome_id # :29 Fitness :-19249.03 Final Amt :1744.89 Days :236 Avg Daily Profit :-0.054 %
Env #:0 Genome_id # :34 Fitness :33768.21 Final Amt :3543.91 Days :236 Avg Daily Profit :0.26 %
Env #:0 Genome_id # :6 Fitness :114857.48 Final Amt :1990.6 Days :236 Avg Daily Profit :0.014 %
Env #:0 Genome_id # :41 Fitness :-17548.02 Final Amt :1641.77 Days :236 Avg Daily Profit :-0.066 %
Env #:0 Genome_id # :37 Fitness :67303.48 Final Amt :2277.11 Days :236 Avg Daily Profit :0.069 %
Env #:0 Genome_id # :718 Fitness :145140.29 Final Amt :2547.41 Days :236 Avg Daily Profit :0.117 %
Env #:0 Genome_id # :36 Fitness :52663.79 Final Amt :2239.71 Days :236 Avg Daily Profit :0.065 %
Env #:0 Genome_id # :35 Fitness :-28283.97 Final Amt :1855.22 Days :236 Avg Daily Profit :-0.016 %
Env #:0 Genome_id # :1042 Fitness :155779.32 Final Amt :2517.63 Days :236 Avg Daily Profit :0.115 %
Env #:0 Genome_id # :27 Fitness :110126.55 Final Amt :4232.51 Days :236 Avg Daily Profit :0.333 %
Env #:0 Genome_id # :39 Fitness :-1576.33 Final Amt :1686.41 Days :236 Avg Daily Profit :-0.056 %
Env #:0 Genome_id # :30 Fitness :36807.85 Final Amt :2847.01 Days :236 Avg Daily Profit :0.17 %
Env #:0 Genome_id # :365 Fitness :135923.94 Final Amt :3070.88 Days :236 Avg Daily Profit :0.202 %
Env #:0 Genome_id # :32 Fitness :-69641.25 Final Amt :1526.48 Days :236 Avg Daily Profit :-0.098 %
Env #:0 Genome_id # :38 Fitness :106469.63 Final Amt :2594.03 Days :236 Avg Daily Profit :0.127 %
Env #:0 Genome_id # :40 Fitness :147370.63 Final Amt :1966.9 Days :236 Avg Daily Profit :0.007 %
Env #:0 Genome_id # :31 Fitness :-65446.53 Final Amt :1459.1 Days :236 Avg Daily Profit :-0.117 %
Env #:0 Genome_id # :42 Fitness :35721.57 Final Amt :2216.45 Days :236 Avg Daily Profit :0.065 %
Env #:0 Genome_id # :44 Fitness :-1486.9 Final Amt :1960.39 Days :236 Avg Daily Profit :-0.008 %
Env #:0 Genome_id # :47 Fitness :0.0 Final Amt :2000.0 Days :236 Avg Daily Profit :0.0 %
Env #:0 Genome_id # :365 Fitness :135923.94 Final Amt :3070.88 Days :236 Avg Daily Profit :0.202 %
Env #:0 Genome_id # :48 Fitness :41093.78 Final Amt :2506.07 Days :236 Avg Daily Profit :0.116 %
Env #:0 Genome_id # :52 Fitness :-19027.58 Final Amt :1646.29 Days :236 Avg Daily Profit :-0.067 %
Env #:0 Genome_id # :45 Fitness :-25098.33 Final Amt :1640.42 Days :236 Avg Daily Profit :-0.065 %
Env #:0 Genome_id # :55 Fitness :30876.94 Final Amt :2185.84 Days :236 Avg Daily Profit :0.046 %
Env #:0 Genome_id # :1042 Fitness :155779.32 Final Amt :2517.63 Days :236 Avg Daily Profit :0.115 %
Env #:0 Genome_id # :1072 Fitness :125807.79 Final Amt :2219.23 Days :236 Avg Daily Profit :0.061 %
Env #:0 Genome_id # :40 Fitness :147370.63 Final Amt :1966.9 Days :236 Avg Daily Profit :0.007 %
Env #:0 Genome_id # :51 Fitness :32960.01 Final Amt :2396.45 Days :236 Avg Daily Profit :0.087 %
Env #:0 Genome_id # :49 Fitness :90851.46 Final Amt :2415.42 Days :236 Avg Daily Profit :0.095 %
Env #:0 Genome_id # :43 Fitness :43330.56 Final Amt :2291.21 Days :236 Avg Daily Profit :0.075 %
Env #:0 Genome_id # :54 Fitness :-47317.44 Final Amt :1740.62 Days :236 Avg Daily Profit :-0.048 %
Env #:0 Genome_id # :718 Fitness :145140.29 Final Amt :2547.41 Days :236 Avg Daily Profit :0.117 %
Env #:0 Genome_id # :46 Fitness :-81102.73 Final Amt :2373.78 Days :236 Avg Daily Profit :0.083 %
Env #:0 Genome_id # :6 Fitness :114857.48 Final Amt :1990.6 Days :236 Avg Daily Profit :0.014 %
Env #:0 Genome_id # :56 Fitness :14327.92 Final Amt :1837.92 Days :236 Avg Daily Profit :-0.025 %
Env #:0 Genome_id # :50 Fitness :-23129.26 Final Amt :1685.32 Days :236 Avg Daily Profit :-0.06 %
Env #:0 Genome_id # :53 Fitness :-4905.71 Final Amt :1389.58 Days :236 Avg Daily Profit :-0.139 %
Env #:0 Genome_id # :57 Fitness :0.0 Final Amt :2000.0 Days :236 Avg Daily Profit :0.0 %
Env #:0 Genome_id # :61 Fitness :0.0 Final Amt :2000.0 Days :236 Avg Daily Profit :0.0 %
Env #:0 Genome_id # :60 Fitness :1.0 Final Amt :2000.0 Days :236 Avg Daily Profit :0.0 %
Env #:0 Genome_id # :58 Fitness :15414.8 Final Amt :2309.28 Days :236 Avg Daily Profit :0.065 %
Env #:0 Genome_id # :63 Fitness :-1760.02 Final Amt :2079.82 Days :236 Avg Daily Profit :0.027 %
Env #:0 Genome_id # :1072 Fitness :125807.79 Final Amt :2219.23 Days :236 Avg Daily Profit :0.061 %
Env #:0 Genome_id # :62 Fitness :-23694.14 Final Amt :1664.59 Days :236 Avg Daily Profit :-0.064 %
Env #:0 Genome_id # :40 Fitness :147370.63 Final Amt :1966.9 Days :236 Avg Daily Profit :0.007 %
Env #:0 Genome_id # :69 Fitness :33311.88 Final Amt :1624.42 Days :236 Avg Daily Profit :-0.074 %
Env #:0 Genome_id # :65 Fitness :45174.42 Final Amt :1675.27 Days :236 Avg Daily Profit :-0.063 %
Env #:0 Genome_id # :718 Fitness :145140.29 Final Amt :2547.41 Days :236 Avg Daily Profit :0.117 %
Env #:0 Genome_id # :365 Fitness :135923.94 Final Amt :3070.88 Days :236 Avg Daily Profit :0.202 %
Env #:0 Genome_id # :1042 Fitness :155779.32 Final Amt :2517.63 Days :236 Avg Daily Profit :0.115 %
Env #:0 Genome_id # :59 Fitness :-11556.99 Final Amt :1474.01 Days :236 Avg Daily Profit :-0.119 %
Env #:0 Genome_id # :66 Fitness :10756.1 Final Amt :2396.76 Days :236 Avg Daily Profit :0.094 %
Env #:0 Genome_id # :64 Fitness :53182.05 Final Amt :2215.97 Days :236 Avg Daily Profit :0.056 %
Env #:0 Genome_id # :68 Fitness :-8373.36 Final Amt :2911.35 Days :236 Avg Daily Profit :0.177 %
Env #:0 Genome_id # :6 Fitness :114857.48 Final Amt :1990.6 Days :236 Avg Daily Profit :0.014 %
Env #:0 Genome_id # :67 Fitness :-23072.31 Final Amt :1759.56 Days :236 Avg Daily Profit :-0.037 %
Env #:0 Genome_id # :70 Fitness :-23127.95 Final Amt :1723.57 Days :236 Avg Daily Profit :-0.047 %
Env #:0 Genome_id # :76 Fitness :0.0 Final Amt :2000.0 Days :236 Avg Daily Profit :0.0 %
Env #:0 Genome_id # :77 Fitness :43784.79 Final Amt :2532.63 Days :236 Avg Daily Profit :0.12 %
Env #:0 Genome_id # :84 Fitness :-36996.19 Final Amt :1624.54 Days :236 Avg Daily Profit :-0.07 %
Env #:0 Genome_id # :72 Fitness :-29664.16 Final Amt :1786.89 Days :236 Avg Daily Profit :-0.034 %
Env #:0 Genome_id # :79 Fitness :-2851.71 Final Amt :1878.47 Days :236 Avg Daily Profit :-0.011 %
Env #:0 Genome_id # :40 Fitness :147370.63 Final Amt :1966.9 Days :236 Avg Daily Profit :0.007 %
Env #:0 Genome_id # :1042 Fitness :155779.32 Final Amt :2517.63 Days :236 Avg Daily Profit :0.115 %
Env #:0 Genome_id # :75 Fitness :82361.44 Final Amt :2400.73 Days :236 Avg Daily Profit :0.093 %
Env #:0 Genome_id # :73 Fitness :63076.46 Final Amt :2371.07 Days :236 Avg Daily Profit :0.087 %
Env #:0 Genome_id # :718 Fitness :145140.29 Final Amt :2547.41 Days :236 Avg Daily Profit :0.117 %
Env #:0 Genome_id # :80 Fitness :-47274.21 Final Amt :2607.38 Days :236 Avg Daily Profit :0.132 %
Env #:0 Genome_id # :365 Fitness :135923.94 Final Amt :3070.88 Days :236 Avg Daily Profit :0.202 %
Env #:0 Genome_id # :6 Fitness :114857.48 Final Amt :1990.6 Days :236 Avg Daily Profit :0.014 %
Env #:0 Genome_id # :71 Fitness :-113532.34 Final Amt :1647.56 Days :236 Avg Daily Profit :-0.073 %
Env #:0 Genome_id # :1072 Fitness :125807.79 Final Amt :2219.23 Days :236 Avg Daily Profit :0.061 %
Env #:0 Genome_id # :81 Fitness :-19179.63 Final Amt :1744.0 Days :236 Avg Daily Profit :-0.045 %
Env #:0 Genome_id # :82 Fitness :-16306.87 Final Amt :1669.59 Days :236 Avg Daily Profit :-0.06 %
Env #:0 Genome_id # :83 Fitness :-37548.51 Final Amt :1654.15 Days :236 Avg Daily Profit :-0.065 %
Env #:0 Genome_id # :74 Fitness :-27986.46 Final Amt :1773.76 Days :236 Avg Daily Profit :-0.033 %
Env #:0 Genome_id # :78 Fitness :105369.66 Final Amt :2230.77 Days :236 Avg Daily Profit :0.06 %
Env #:0 Genome_id # :91 Fitness :8578.69 Final Amt :2212.97 Days :236 Avg Daily Profit :0.045 %
Env #:0 Genome_id # :90 Fitness :22411.9 Final Amt :2363.5 Days :236 Avg Daily Profit :0.093 %
Env #:0 Genome_id # :87 Fitness :-30820.08 Final Amt :1652.84 Days :236 Avg Daily Profit :-0.062 %
Env #:0 Genome_id # :97 Fitness :19411.58 Final Amt :1898.53 Days :236 Avg Daily Profit :-0.009 %
Env #:0 Genome_id # :98 Fitness :-20365.32 Final Amt :1651.28 Days :236 Avg Daily Profit :-0.067 %
Env #:0 Genome_id # :40 Fitness :147370.63 Final Amt :1966.9 Days :236 Avg Daily Profit :0.007 %
Env #:0 Genome_id # :88 Fitness :-76000.3 Final Amt :1814.27 Days :236 Avg Daily Profit :-0.032 %
Env #:0 Genome_id # :95 Fitness :106543.57 Final Amt :1970.1 Days :236 Avg Daily Profit :0.014 %
Env #:0 Genome_id # :365 Fitness :135923.94 Final Amt :3070.88 Days :236 Avg Daily Profit :0.202 %
Env #:0 Genome_id # :94 Fitness :-13061.53 Final Amt :1930.66 Days :236 Avg Daily Profit :-0.005 %
Env #:0 Genome_id # :85 Fitness :158921.87 Final Amt :2003.99 Days :236 Avg Daily Profit :0.019 %
Env #:0 Genome_id # :1042 Fitness :155779.32 Final Amt :2517.63 Days :236 Avg Daily Profit :0.115 %
Env #:0 Genome_id # :86 Fitness :-119564.91 Final Amt :1840.66 Days :236 Avg Daily Profit :-0.027 %
Env #:0 Genome_id # :89 Fitness :-57134.69 Final Amt :1507.29 Days :236 Avg Daily Profit :-0.102 %
Env #:0 Genome_id # :1072 Fitness :125807.79 Final Amt :2219.23 Days :236 Avg Daily Profit :0.061 %
Env #:0 Genome_id # :718 Fitness :145140.29 Final Amt :2547.41 Days :236 Avg Daily Profit :0.117 %
Env #:0 Genome_id # :92 Fitness :153152.93 Final Amt :2350.76 Days :236 Avg Daily Profit :0.088 %
Env #:0 Genome_id # :6 Fitness :114857.48 Final Amt :1990.6 Days :236 Avg Daily Profit :0.014 %
Env #:0 Genome_id # :93 Fitness :-15594.08 Final Amt :1613.84 Days :236 Avg Daily Profit :-0.077 %
Env #:0 Genome_id # :96 Fitness :-61421.86 Final Amt :1437.04 Days :236 Avg Daily Profit :-0.124 %
Env #:0 Genome_id # :111 Fitness :-1574.53 Final Amt :1981.21 Days :236 Avg Daily Profit :-0.004 %
Env #:0 Genome_id # :110 Fitness :-1360.8 Final Amt :2069.07 Days :236 Avg Daily Profit :0.021 %
Env #:0 Genome_id # :40 Fitness :147370.63 Final Amt :1966.9 Days :236 Avg Daily Profit :0.007 %
Env #:0 Genome_id # :99 Fitness :113020.02 Final Amt :1879.96 Days :236 Avg Daily Profit :-0.006 %
Env #:0 Genome_id # :109 Fitness :19505.46 Final Amt :2225.2 Days :236 Avg Daily Profit :0.066 %
Env #:0 Genome_id # :101 Fitness :48042.59 Final Amt :2854.34 Days :236 Avg Daily Profit :0.169 %
Env #:0 Genome_id # :1042 Fitness :155779.32 Final Amt :2517.63 Days :236 Avg Daily Profit :0.115 %
Env #:0 Genome_id # :103 Fitness :-20705.57 Final Amt :1640.03 Days :236 Avg Daily Profit :-0.066 %
Env #:0 Genome_id # :108 Fitness :-23672.12 Final Amt :1729.67 Days :236 Avg Daily Profit :-0.043 %
Env #:0 Genome_id # :102 Fitness :-72775.83 Final Amt :1448.81 Days :236 Avg Daily Profit :-0.123 %
Env #:0 Genome_id # :104 Fitness :5589.86 Final Amt :2145.58 Days :236 Avg Daily Profit :0.046 %
Env #:0 Genome_id # :85 Fitness :158921.87 Final Amt :2003.99 Days :236 Avg Daily Profit :0.019 %
Env #:0 Genome_id # :6 Fitness :114857.48 Final Amt :1990.6 Days :236 Avg Daily Profit :0.014 %
Env #:0 Genome_id # :107 Fitness :183694.53 Final Amt :3579.47 Days :236 Avg Daily Profit :0.268 %
Env #:0 Genome_id # :718 Fitness :145140.29 Final Amt :2547.41 Days :236 Avg Daily Profit :0.117 %
Env #:0 Genome_id # :92 Fitness :153152.93 Final Amt :2350.76 Days :236 Avg Daily Profit :0.088 %
Env #:0 Genome_id # :106 Fitness :57439.72 Final Amt :2434.64 Days :236 Avg Daily Profit :0.101 %
Env #:0 Genome_id # :100 Fitness :-30788.91 Final Amt :1714.65 Days :236 Avg Daily Profit :-0.048 %
Env #:0 Genome_id # :105 Fitness :-38977.64 Final Amt :1618.44 Days :236 Avg Daily Profit :-0.073 %
Env #:0 Genome_id # :112 Fitness :29350.13 Final Amt :2341.62 Days :236 Avg Daily Profit :0.083 %
Env #:0 Genome_id # :123 Fitness :68945.86 Final Amt :2202.81 Days :236 Avg Daily Profit :0.06 %
Env #:0 Genome_id # :120 Fitness :37432.41 Final Amt :2241.94 Days :236 Avg Daily Profit :0.067 %
Env #:0 Genome_id # :118 Fitness :90681.01 Final Amt :2681.14 Days :236 Avg Daily Profit :0.14 %
Env #:0 Genome_id # :6 Fitness :114857.48 Final Amt :1990.6 Days :236 Avg Daily Profit :0.014 %
Env #:0 Genome_id # :107 Fitness :183694.53 Final Amt :3579.47 Days :236 Avg Daily Profit :0.268 %
Env #:0 Genome_id # :116 Fitness :67875.32 Final Amt :2977.35 Days :236 Avg Daily Profit :0.182 %
Env #:0 Genome_id # :40 Fitness :147370.63 Final Amt :1966.9 Days :236 Avg Daily Profit :0.007 %
Env #:0 Genome_id # :1042 Fitness :155779.32 Final Amt :2517.63 Days :236 Avg Daily Profit :0.115 %
Env #:0 Genome_id # :121 Fitness :51514.34 Final Amt :2470.77 Days :236 Avg Daily Profit :0.11 %
Env #:0 Genome_id # :85 Fitness :158921.87 Final Amt :2003.99 Days :236 Avg Daily Profit :0.019 %
Env #:0 Genome_id # :92 Fitness :153152.93 Final Amt :2350.76 Days :236 Avg Daily Profit :0.088 %
Env #:0 Genome_id # :119 Fitness :58776.38 Final Amt :2253.94 Days :236 Avg Daily Profit :0.07 %
Env #:0 Genome_id # :124 Fitness :108286.42 Final Amt :2273.93 Days :236 Avg Daily Profit :0.072 %
Env #:0 Genome_id # :113 Fitness :73523.15 Final Amt :2291.02 Days :236 Avg Daily Profit :0.072 %
Env #:0 Genome_id # :122 Fitness :43850.82 Final Amt :2285.19 Days :236 Avg Daily Profit :0.074 %
Env #:0 Genome_id # :115 Fitness :-57580.82 Final Amt :1576.84 Days :236 Avg Daily Profit :-0.087 %
Env #:0 Genome_id # :125 Fitness :74330.73 Final Amt :2451.19 Days :236 Avg Daily Profit :0.103 %
Env #:0 Genome_id # :117 Fitness :51682.93 Final Amt :2167.15 Days :236 Avg Daily Profit :0.05 %
Env #:0 Genome_id # :114 Fitness :-23634.71 Final Amt :1746.06 Days :236 Avg Daily Profit :-0.04 %
Env #:0 Genome_id # :126 Fitness :-48212.39 Final Amt :1578.11 Days :236 Avg Daily Profit :-0.083 %
Env #:0 Genome_id # :137 Fitness :2553.08 Final Amt :2051.95 Days :236 Avg Daily Profit :0.011 %
Env #:0 Genome_id # :1042 Fitness :155779.32 Final Amt :2517.63 Days :236 Avg Daily Profit :0.115 %
Env #:0 Genome_id # :133 Fitness :46119.22 Final Amt :2314.44 Days :236 Avg Daily Profit :0.079 %
Env #:0 Genome_id # :107 Fitness :183694.53 Final Amt :3579.47 Days :236 Avg Daily Profit :0.268 %
Env #:0 Genome_id # :92 Fitness :153152.93 Final Amt :2350.76 Days :236 Avg Daily Profit :0.088 %
Env #:0 Genome_id # :138 Fitness :28092.89 Final Amt :2164.04 Days :236 Avg Daily Profit :0.053 %
Env #:0 Genome_id # :140 Fitness :-88148.08 Final Amt :1980.21 Days :236 Avg Daily Profit :0.011 %
Env #:0 Genome_id # :127 Fitness :34942.32 Final Amt :2207.6 Days :236 Avg Daily Profit :0.057 %
Env #:0 Genome_id # :128 Fitness :71238.0 Final Amt :1883.79 Days :236 Avg Daily Profit :-0.011 %
Env #:0 Genome_id # :136 Fitness :21261.23 Final Amt :2025.85 Days :236 Avg Daily Profit :0.019 %
Env #:0 Genome_id # :129 Fitness :-33713.72 Final Amt :1456.76 Days :236 Avg Daily Profit :-0.124 %
Env #:0 Genome_id # :85 Fitness :158921.87 Final Amt :2003.99 Days :236 Avg Daily Profit :0.019 %
Env #:0 Genome_id # :40 Fitness :147370.63 Final Amt :1966.9 Days :236 Avg Daily Profit :0.007 %
Env #:0 Genome_id # :139 Fitness :-67248.53 Final Amt :1398.71 Days :236 Avg Daily Profit :-0.139 %
Env #:0 Genome_id # :134 Fitness :42123.57 Final Amt :2258.99 Days :236 Avg Daily Profit :0.069 %
Env #:0 Genome_id # :135 Fitness :137570.13 Final Amt :3370.96 Days :236 Avg Daily Profit :0.241 %
Env #:0 Genome_id # :130 Fitness :87713.95 Final Amt :2180.39 Days :236 Avg Daily Profit :0.055 %
Env #:0 Genome_id # :132 Fitness :-7816.26 Final Amt :1723.59 Days :236 Avg Daily Profit :-0.048 %
Env #:0 Genome_id # :6 Fitness :114857.48 Final Amt :1990.6 Days :236 Avg Daily Profit :0.014 %
Env #:0 Genome_id # :131 Fitness :95033.58 Final Amt :2420.27 Days :236 Avg Daily Profit :0.095 %
Env #:0 Genome_id # :143 Fitness :975.93 Final Amt :2014.68 Days :236 Avg Daily Profit :0.003 %
Env #:0 Genome_id # :152 Fitness :46266.86 Final Amt :2505.46 Days :236 Avg Daily Profit :0.103 %
Env #:0 Genome_id # :149 Fitness :36457.4 Final Amt :2601.66 Days :236 Avg Daily Profit :0.129 %
Env #:0 Genome_id # :148 Fitness :51994.05 Final Amt :2279.7 Days :236 Avg Daily Profit :0.075 %
Env #:0 Genome_id # :147 Fitness :30790.67 Final Amt :2071.34 Days :236 Avg Daily Profit :0.032 %
Env #:0 Genome_id # :40 Fitness :147370.63 Final Amt :1966.9 Days :236 Avg Daily Profit :0.007 %
Env #:0 Genome_id # :151 Fitness :4004.89 Final Amt :2194.49 Days :236 Avg Daily Profit :0.059 %
Env #:0 Genome_id # :107 Fitness :183694.53 Final Amt :3579.47 Days :236 Avg Daily Profit :0.268 %
Env #:0 Genome_id # :153 Fitness :12206.63 Final Amt :3120.02 Days :236 Avg Daily Profit :0.21 %
Env #:0 Genome_id # :1042 Fitness :155779.32 Final Amt :2517.63 Days :236 Avg Daily Profit :0.115 %
Env #:0 Genome_id # :150 Fitness :29021.81 Final Amt :3140.62 Days :236 Avg Daily Profit :0.21 %
Env #:0 Genome_id # :85 Fitness :158921.87 Final Amt :2003.99 Days :236 Avg Daily Profit :0.019 %
Env #:0 Genome_id # :145 Fitness :-18239.5 Final Amt :1688.83 Days :236 Avg Daily Profit :-0.058 %
Env #:0 Genome_id # :92 Fitness :153152.93 Final Amt :2350.76 Days :236 Avg Daily Profit :0.088 %
Env #:0 Genome_id # :142 Fitness :-23518.13 Final Amt :2522.05 Days :236 Avg Daily Profit :0.114 %
Env #:0 Genome_id # :154 Fitness :208967.83 Final Amt :3309.96 Days :236 Avg Daily Profit :0.234 %
Env #:0 Genome_id # :6 Fitness :114857.48 Final Amt :1990.6 Days :236 Avg Daily Profit :0.014 %
Env #:0 Genome_id # :146 Fitness :-32850.08 Final Amt :1610.59 Days :236 Avg Daily Profit :-0.077 %
Env #:0 Genome_id # :141 Fitness :-20755.85 Final Amt :1671.53 Days :236 Avg Daily Profit :-0.058 %
Env #:0 Genome_id # :144 Fitness :-42804.84 Final Amt :1583.01 Days :236 Avg Daily Profit :-0.083 %
Env #:0 Genome_id # :159 Fitness :-132.92 Final Amt :1997.08 Days :236 Avg Daily Profit :-0.001 %
Env #:0 Genome_id # :158 Fitness :10314.57 Final Amt :2152.25 Days :236 Avg Daily Profit :0.032 %
Env #:0 Genome_id # :164 Fitness :8409.19 Final Amt :2197.89 Days :236 Avg Daily Profit :0.045 %
Env #:0 Genome_id # :167 Fitness :39186.57 Final Amt :2156.82 Days :236 Avg Daily Profit :0.051 %
Env #:0 Genome_id # :162 Fitness :73799.88 Final Amt :2517.28 Days :236 Avg Daily Profit :0.117 %
Env #:0 Genome_id # :107 Fitness :183694.53 Final Amt :3579.47 Days :236 Avg Daily Profit :0.268 %
Env #:0 Genome_id # :1042 Fitness :155779.32 Final Amt :2517.63 Days :236 Avg Daily Profit :0.115 %
Env #:0 Genome_id # :160 Fitness :87399.61 Final Amt :3276.39 Days :236 Avg Daily Profit :0.227 %
Env #:0 Genome_id # :85 Fitness :158921.87 Final Amt :2003.99 Days :236 Avg Daily Profit :0.019 %
Env #:0 Genome_id # :168 Fitness :20929.0 Final Amt :2155.97 Days :236 Avg Daily Profit :0.046 %
Env #:0 Genome_id # :40 Fitness :147370.63 Final Amt :1966.9 Days :236 Avg Daily Profit :0.007 %
Env #:0 Genome_id # :154 Fitness :208967.83 Final Amt :3309.96 Days :236 Avg Daily Profit :0.234 %
Env #:0 Genome_id # :166 Fitness :-22557.02 Final Amt :2307.45 Days :236 Avg Daily Profit :0.08 %
Env #:0 Genome_id # :163 Fitness :62885.0 Final Amt :2168.73 Days :236 Avg Daily Profit :0.044 %
Env #:0 Genome_id # :6 Fitness :114857.48 Final Amt :1990.6 Days :236 Avg Daily Profit :0.014 %
Env #:0 Genome_id # :161 Fitness :54359.1 Final Amt :2640.84 Days :236 Avg Daily Profit :0.14 %
Env #:0 Genome_id # :156 Fitness :-19203.83 Final Amt :1680.22 Days :236 Avg Daily Profit :-0.058 %
Env #:0 Genome_id # :155 Fitness :107489.52 Final Amt :2298.19 Days :236 Avg Daily Profit :0.071 %
Env #:0 Genome_id # :165 Fitness :-49896.15 Final Amt :1585.52 Days :236 Avg Daily Profit :-0.081 %
Env #:0 Genome_id # :157 Fitness :-28501.0 Final Amt :1739.1 Days :236 Avg Daily Profit :-0.042 %
Env #:0 Genome_id # :171 Fitness :-29296.73 Final Amt :1781.81 Days :236 Avg Daily Profit :-0.037 %
Env #:0 Genome_id # :175 Fitness :-9633.44 Final Amt :1593.27 Days :236 Avg Daily Profit :-0.082 %
Env #:0 Genome_id # :179 Fitness :2531.51 Final Amt :1858.2 Days :236 Avg Daily Profit :-0.022 %
Env #:0 Genome_id # :174 Fitness :219955.71 Final Amt :2013.55 Days :236 Avg Daily Profit :0.019 %
Env #:0 Genome_id # :107 Fitness :183694.53 Final Amt :3579.47 Days :236 Avg Daily Profit :0.268 %
Env #:0 Genome_id # :40 Fitness :147370.63 Final Amt :1966.9 Days :236 Avg Daily Profit :0.007 %
Env #:0 Genome_id # :178 Fitness :85809.86 Final Amt :2210.34 Days :236 Avg Daily Profit :0.062 %
Env #:0 Genome_id # :182 Fitness :-3198.17 Final Amt :1925.0 Days :236 Avg Daily Profit :-0.004 %
Env #:0 Genome_id # :173 Fitness :87439.8 Final Amt :2178.69 Days :236 Avg Daily Profit :0.047 %
Env #:0 Genome_id # :181 Fitness :55967.31 Final Amt :2161.8 Days :236 Avg Daily Profit :0.047 %
Env #:0 Genome_id # :169 Fitness :37531.24 Final Amt :1755.82 Days :236 Avg Daily Profit :-0.043 %
Env #:0 Genome_id # :177 Fitness :32953.21 Final Amt :2049.57 Days :236 Avg Daily Profit :0.026 %
Env #:0 Genome_id # :85 Fitness :158921.87 Final Amt :2003.99 Days :236 Avg Daily Profit :0.019 %
Env #:0 Genome_id # :180 Fitness :65109.86 Final Amt :3125.3 Days :236 Avg Daily Profit :0.214 %
Env #:0 Genome_id # :6 Fitness :114857.48 Final Amt :1990.6 Days :236 Avg Daily Profit :0.014 %
Env #:0 Genome_id # :154 Fitness :208967.83 Final Amt :3309.96 Days :236 Avg Daily Profit :0.234 %
Env #:0 Genome_id # :170 Fitness :82048.15 Final Amt :1894.86 Days :236 Avg Daily Profit :-0.008 %
Env #:0 Genome_id # :1042 Fitness :155779.32 Final Amt :2517.63 Days :236 Avg Daily Profit :0.115 %
Env #:0 Genome_id # :172 Fitness :-30969.2 Final Amt :1677.13 Days :236 Avg Daily Profit :-0.058 %
Env #:0 Genome_id # :176 Fitness :63936.75 Final Amt :2530.6 Days :236 Avg Daily Profit :0.116 %
Env #:0 Genome_id # :189 Fitness :-14197.14 Final Amt :1677.66 Days :236 Avg Daily Profit :-0.069 %
Env #:0 Genome_id # :190 Fitness :-52720.59 Final Amt :1769.5 Days :236 Avg Daily Profit :-0.04 %
Env #:0 Genome_id # :183 Fitness :-53982.66 Final Amt :1341.41 Days :236 Avg Daily Profit :-0.155 %
Env #:0 Genome_id # :184 Fitness :72820.04 Final Amt :2468.47 Days :236 Avg Daily Profit :0.108 %
Env #:0 Genome_id # :186 Fitness :-157.86 Final Amt :3491.2 Days :236 Avg Daily Profit :0.255 %
Env #:0 Genome_id # :188 Fitness :-72762.85 Final Amt :1694.06 Days :236 Avg Daily Profit :-0.051 %
Env #:0 Genome_id # :187 Fitness :8459.67 Final Amt :1826.57 Days :236 Avg Daily Profit :-0.028 %
Env #:0 Genome_id # :107 Fitness :183694.53 Final Amt :3579.47 Days :236 Avg Daily Profit :0.268 %
Env #:0 Genome_id # :174 Fitness :219955.71 Final Amt :2013.55 Days :236 Avg Daily Profit :0.019 %
Env #:0 Genome_id # :40 Fitness :147370.63 Final Amt :1966.9 Days :236 Avg Daily Profit :0.007 %
Env #:0 Genome_id # :193 Fitness :32100.1 Final Amt :1572.37 Days :236 Avg Daily Profit :-0.083 %
Env #:0 Genome_id # :85 Fitness :158921.87 Final Amt :2003.99 Days :236 Avg Daily Profit :0.019 %
Env #:0 Genome_id # :154 Fitness :208967.83 Final Amt :3309.96 Days :236 Avg Daily Profit :0.234 %
Env #:0 Genome_id # :1042 Fitness :155779.32 Final Amt :2517.63 Days :236 Avg Daily Profit :0.115 %
Env #:0 Genome_id # :192 Fitness :48950.6 Final Amt :2103.12 Days :236 Avg Daily Profit :0.037 %
Env #:0 Genome_id # :191 Fitness :-11675.17 Final Amt :1672.19 Days :236 Avg Daily Profit :-0.064 %
Env #:0 Genome_id # :195 Fitness :-5141.41 Final Amt :1636.08 Days :236 Avg Daily Profit :-0.073 %
Env #:0 Genome_id # :185 Fitness :168008.15 Final Amt :1919.37 Days :236 Avg Daily Profit :0.001 %
Env #:0 Genome_id # :196 Fitness :52726.82 Final Amt :2275.11 Days :236 Avg Daily Profit :0.069 %
Env #:0 Genome_id # :194 Fitness :-45830.5 Final Amt :1321.6 Days :236 Avg Daily Profit :-0.161 %
Env #:0 Genome_id # :199 Fitness :2559.17 Final Amt :2112.15 Days :236 Avg Daily Profit :0.031 %
Env #:0 Genome_id # :201 Fitness :-35172.39 Final Amt :1599.25 Days :236 Avg Daily Profit :-0.081 %
Env #:0 Genome_id # :208 Fitness :26977.01 Final Amt :2740.61 Days :236 Avg Daily Profit :0.152 %
Env #:0 Genome_id # :202 Fitness :-34003.23 Final Amt :1624.18 Days :236 Avg Daily Profit :-0.075 %
Env #:0 Genome_id # :198 Fitness :25929.26 Final Amt :2491.84 Days :236 Avg Daily Profit :0.113 %
Env #:0 Genome_id # :209 Fitness :59951.98 Final Amt :2792.78 Days :236 Avg Daily Profit :0.154 %
Env #:0 Genome_id # :203 Fitness :37438.21 Final Amt :2288.7 Days :236 Avg Daily Profit :0.077 %
Env #:0 Genome_id # :185 Fitness :168008.15 Final Amt :1919.37 Days :236 Avg Daily Profit :0.001 %
Env #:0 Genome_id # :206 Fitness :37217.08 Final Amt :2438.46 Days :236 Avg Daily Profit :0.096 %
Env #:0 Genome_id # :40 Fitness :147370.63 Final Amt :1966.9 Days :236 Avg Daily Profit :0.007 %
Env #:0 Genome_id # :107 Fitness :183694.53 Final Amt :3579.47 Days :236 Avg Daily Profit :0.268 %
Env #:0 Genome_id # :204 Fitness :89425.89 Final Amt :2030.97 Days :236 Avg Daily Profit :0.026 %
Env #:0 Genome_id # :174 Fitness :219955.71 Final Amt :2013.55 Days :236 Avg Daily Profit :0.019 %
Env #:0 Genome_id # :154 Fitness :208967.83 Final Amt :3309.96 Days :236 Avg Daily Profit :0.234 %
Env #:0 Genome_id # :1042 Fitness :155779.32 Final Amt :2517.63 Days :236 Avg Daily Profit :0.115 %
Env #:0 Genome_id # :207 Fitness :63900.46 Final Amt :1734.33 Days :236 Avg Daily Profit :-0.048 %
Env #:0 Genome_id # :197 Fitness :78837.85 Final Amt :2184.76 Days :236 Avg Daily Profit :0.054 %
Env #:0 Genome_id # :210 Fitness :10315.59 Final Amt :1917.63 Days :236 Avg Daily Profit :-0.007 %
Env #:0 Genome_id # :200 Fitness :46639.98 Final Amt :2401.78 Days :236 Avg Daily Profit :0.098 %
Env #:0 Genome_id # :205 Fitness :-23708.43 Final Amt :1761.49 Days :236 Avg Daily Profit :-0.036 %
Env #:0 Genome_id # :214 Fitness :483.61 Final Amt :1981.89 Days :236 Avg Daily Profit :-0.003 %
Env #:0 Genome_id # :220 Fitness :-13218.23 Final Amt :1955.78 Days :236 Avg Daily Profit :0.002 %
Env #:0 Genome_id # :217 Fitness :81975.34 Final Amt :2175.24 Days :236 Avg Daily Profit :0.055 %
Env #:0 Genome_id # :221 Fitness :-53927.54 Final Amt :1659.74 Days :236 Avg Daily Profit :-0.064 %
Env #:0 Genome_id # :212 Fitness :19024.33 Final Amt :2245.02 Days :236 Avg Daily Profit :0.068 %
Env #:0 Genome_id # :224 Fitness :65832.28 Final Amt :2621.24 Days :236 Avg Daily Profit :0.132 %
Env #:0 Genome_id # :213 Fitness :54208.65 Final Amt :2565.52 Days :236 Avg Daily Profit :0.118 %
Env #:0 Genome_id # :107 Fitness :183694.53 Final Amt :3579.47 Days :236 Avg Daily Profit :0.268 %
Env #:0 Genome_id # :219 Fitness :133176.42 Final Amt :2924.57 Days :236 Avg Daily Profit :0.179 %
Env #:0 Genome_id # :174 Fitness :219955.71 Final Amt :2013.55 Days :236 Avg Daily Profit :0.019 %
Env #:0 Genome_id # :154 Fitness :208967.83 Final Amt :3309.96 Days :236 Avg Daily Profit :0.234 %
Env #:0 Genome_id # :215 Fitness :197726.51 Final Amt :3025.31 Days :236 Avg Daily Profit :0.196 %
Env #:0 Genome_id # :40 Fitness :147370.63 Final Amt :1966.9 Days :236 Avg Daily Profit :0.007 %
Env #:0 Genome_id # :211 Fitness :59153.07 Final Amt :2254.44 Days :236 Avg Daily Profit :0.071 %
Env #:0 Genome_id # :185 Fitness :168008.15 Final Amt :1919.37 Days :236 Avg Daily Profit :0.001 %
Env #:0 Genome_id # :1042 Fitness :155779.32 Final Amt :2517.63 Days :236 Avg Daily Profit :0.115 %
Env #:0 Genome_id # :223 Fitness :86269.89 Final Amt :3109.95 Days :236 Avg Daily Profit :0.202 %
Env #:0 Genome_id # :216 Fitness :39500.26 Final Amt :2271.06 Days :236 Avg Daily Profit :0.07 %
Env #:0 Genome_id # :218 Fitness :37482.88 Final Amt :2196.14 Days :236 Avg Daily Profit :0.054 %
Env #:0 Genome_id # :222 Fitness :-77674.12 Final Amt :1447.22 Days :236 Avg Daily Profit :-0.122 %
Env #:0 Genome_id # :228 Fitness :-22913.89 Final Amt :2147.89 Days :236 Avg Daily Profit :0.05 %
Env #:0 Genome_id # :233 Fitness :-32930.1 Final Amt :1642.83 Days :236 Avg Daily Profit :-0.064 %
Env #:0 Genome_id # :229 Fitness :28788.93 Final Amt :2615.38 Days :236 Avg Daily Profit :0.131 %
Env #:0 Genome_id # :174 Fitness :219955.71 Final Amt :2013.55 Days :236 Avg Daily Profit :0.019 %
Env #:0 Genome_id # :225 Fitness :75006.64 Final Amt :3146.14 Days :236 Avg Daily Profit :0.213 %
Env #:0 Genome_id # :215 Fitness :197726.51 Final Amt :3025.31 Days :236 Avg Daily Profit :0.196 %
Env #:0 Genome_id # :107 Fitness :183694.53 Final Amt :3579.47 Days :236 Avg Daily Profit :0.268 %
Env #:0 Genome_id # :235 Fitness :77533.98 Final Amt :3764.77 Days :236 Avg Daily Profit :0.286 %
Env #:0 Genome_id # :40 Fitness :147370.63 Final Amt :1966.9 Days :236 Avg Daily Profit :0.007 %
Env #:0 Genome_id # :154 Fitness :208967.83 Final Amt :3309.96 Days :236 Avg Daily Profit :0.234 %
Env #:0 Genome_id # :1042 Fitness :155779.32 Final Amt :2517.63 Days :236 Avg Daily Profit :0.115 %
Env #:0 Genome_id # :226 Fitness :-25957.08 Final Amt :1861.9 Days :236 Avg Daily Profit :-0.015 %
Env #:0 Genome_id # :236 Fitness :121392.56 Final Amt :2512.74 Days :236 Avg Daily Profit :0.111 %
Env #:0 Genome_id # :231 Fitness :-32567.72 Final Amt :1630.3 Days :236 Avg Daily Profit :-0.075 %
Env #:0 Genome_id # :232 Fitness :-127364.22 Final Amt :1480.84 Days :236 Avg Daily Profit :-0.109 %
Env #:0 Genome_id # :227 Fitness :-75019.82 Final Amt :1937.38 Days :236 Avg Daily Profit :-0.002 %
Env #:0 Genome_id # :238 Fitness :-35852.42 Final Amt :2104.5 Days :236 Avg Daily Profit :0.03 %
Env #:0 Genome_id # :230 Fitness :-60865.26 Final Amt :1621.66 Days :236 Avg Daily Profit :-0.075 %
Env #:0 Genome_id # :237 Fitness :107707.95 Final Amt :2666.45 Days :236 Avg Daily Profit :0.141 %
Env #:0 Genome_id # :234 Fitness :-27396.44 Final Amt :1713.25 Days :236 Avg Daily Profit :-0.049 %
Env #:0 Genome_id # :249 Fitness :21850.32 Final Amt :2409.13 Days :236 Avg Daily Profit :0.084 %
Env #:0 Genome_id # :239 Fitness :-19505.33 Final Amt :1608.69 Days :236 Avg Daily Profit :-0.074 %
Env #:0 Genome_id # :240 Fitness :8281.97 Final Amt :2121.21 Days :236 Avg Daily Profit :0.036 %
Env #:0 Genome_id # :1042 Fitness :155779.32 Final Amt :2517.63 Days :236 Avg Daily Profit :0.115 %
Env #:0 Genome_id # :248 Fitness :-17293.81 Final Amt :1852.89 Days :236 Avg Daily Profit :-0.021 %
Env #:0 Genome_id # :107 Fitness :183694.53 Final Amt :3579.47 Days :236 Avg Daily Profit :0.268 %
Env #:0 Genome_id # :250 Fitness :13335.02 Final Amt :2110.72 Days :236 Avg Daily Profit :0.038 %
Env #:0 Genome_id # :243 Fitness :-42649.31 Final Amt :1704.14 Days :236 Avg Daily Profit :-0.056 %
Env #:0 Genome_id # :252 Fitness :-124407.38 Final Amt :1813.74 Days :236 Avg Daily Profit :-0.032 %
Env #:0 Genome_id # :154 Fitness :208967.83 Final Amt :3309.96 Days :236 Avg Daily Profit :0.234 %
Env #:0 Genome_id # :215 Fitness :197726.51 Final Amt :3025.31 Days :236 Avg Daily Profit :0.196 %
Env #:0 Genome_id # :40 Fitness :147370.63 Final Amt :1966.9 Days :236 Avg Daily Profit :0.007 %
Env #:0 Genome_id # :247 Fitness :-174488.89 Final Amt :1568.97 Days :236 Avg Daily Profit :-0.086 %
Env #:0 Genome_id # :174 Fitness :219955.71 Final Amt :2013.55 Days :236 Avg Daily Profit :0.019 %
Env #:0 Genome_id # :241 Fitness :36459.5 Final Amt :1799.72 Days :236 Avg Daily Profit :-0.032 %
Env #:0 Genome_id # :251 Fitness :-56268.04 Final Amt :1495.1 Days :236 Avg Daily Profit :-0.111 %
Env #:0 Genome_id # :245 Fitness :-23791.27 Final Amt :1687.96 Days :236 Avg Daily Profit :-0.057 %
Env #:0 Genome_id # :244 Fitness :-48381.88 Final Amt :1834.35 Days :236 Avg Daily Profit :-0.023 %
Env #:0 Genome_id # :246 Fitness :129407.83 Final Amt :2505.94 Days :236 Avg Daily Profit :0.115 %
Env #:0 Genome_id # :242 Fitness :66477.74 Final Amt :2313.52 Days :236 Avg Daily Profit :0.081 %
Env #:0 Genome_id # :263 Fitness :51332.15 Final Amt :2323.14 Days :236 Avg Daily Profit :0.08 %
Env #:0 Genome_id # :261 Fitness :132990.62 Final Amt :2201.81 Days :236 Avg Daily Profit :0.059 %
Env #:0 Genome_id # :266 Fitness :-25117.29 Final Amt :1712.51 Days :236 Avg Daily Profit :-0.047 %
Env #:0 Genome_id # :259 Fitness :-23495.08 Final Amt :1610.02 Days :236 Avg Daily Profit :-0.075 %
Env #:0 Genome_id # :253 Fitness :15721.1 Final Amt :1944.51 Days :236 Avg Daily Profit :0.005 %
Env #:0 Genome_id # :265 Fitness :20089.95 Final Amt :1839.25 Days :236 Avg Daily Profit :-0.02 %
Env #:0 Genome_id # :215 Fitness :197726.51 Final Amt :3025.31 Days :236 Avg Daily Profit :0.196 %
Env #:0 Genome_id # :255 Fitness :34891.22 Final Amt :2282.74 Days :236 Avg Daily Profit :0.078 %
Env #:0 Genome_id # :40 Fitness :147370.63 Final Amt :1966.9 Days :236 Avg Daily Profit :0.007 %
Env #:0 Genome_id # :258 Fitness :86721.86 Final Amt :3095.12 Days :236 Avg Daily Profit :0.207 %
Env #:0 Genome_id # :107 Fitness :183694.53 Final Amt :3579.47 Days :236 Avg Daily Profit :0.268 %
Env #:0 Genome_id # :174 Fitness :219955.71 Final Amt :2013.55 Days :236 Avg Daily Profit :0.019 %
Env #:0 Genome_id # :254 Fitness :11679.68 Final Amt :1616.33 Days :236 Avg Daily Profit :-0.075 %
Env #:0 Genome_id # :256 Fitness :-53845.33 Final Amt :1691.05 Days :236 Avg Daily Profit :-0.057 %
Env #:0 Genome_id # :1042 Fitness :155779.32 Final Amt :2517.63 Days :236 Avg Daily Profit :0.115 %
Env #:0 Genome_id # :154 Fitness :208967.83 Final Amt :3309.96 Days :236 Avg Daily Profit :0.234 %
Env #:0 Genome_id # :257 Fitness :161002.79 Final Amt :2164.52 Days :236 Avg Daily Profit :0.051 %
Env #:0 Genome_id # :262 Fitness :-49454.29 Final Amt :1658.42 Days :236 Avg Daily Profit :-0.068 %
Env #:0 Genome_id # :260 Fitness :-6168.76 Final Amt :1760.34 Days :236 Avg Daily Profit :-0.044 %
Env #:0 Genome_id # :264 Fitness :-19904.15 Final Amt :1948.27 Days :236 Avg Daily Profit :0.004 %
Env #:0 Genome_id # :277 Fitness :21543.24 Final Amt :2085.67 Days :236 Avg Daily Profit :0.034 %
Env #:0 Genome_id # :270 Fitness :78577.18 Final Amt :2578.78 Days :236 Avg Daily Profit :0.122 %
Env #:0 Genome_id # :154 Fitness :208967.83 Final Amt :3309.96 Days :236 Avg Daily Profit :0.234 %
Env #:0 Genome_id # :272 Fitness :-11867.47 Final Amt :1823.8 Days :236 Avg Daily Profit :-0.026 %
Env #:0 Genome_id # :269 Fitness :-41400.05 Final Amt :1531.77 Days :236 Avg Daily Profit :-0.096 %
Env #:0 Genome_id # :215 Fitness :197726.51 Final Amt :3025.31 Days :236 Avg Daily Profit :0.196 %
Env #:0 Genome_id # :107 Fitness :183694.53 Final Amt :3579.47 Days :236 Avg Daily Profit :0.268 %
Env #:0 Genome_id # :174 Fitness :219955.71 Final Amt :2013.55 Days :236 Avg Daily Profit :0.019 %
Env #:0 Genome_id # :271 Fitness :-67572.33 Final Amt :1531.83 Days :236 Avg Daily Profit :-0.098 %
Env #:0 Genome_id # :268 Fitness :-53445.62 Final Amt :1589.52 Days :236 Avg Daily Profit :-0.08 %
Env #:0 Genome_id # :40 Fitness :147370.63 Final Amt :1966.9 Days :236 Avg Daily Profit :0.007 %
Env #:0 Genome_id # :278 Fitness :46171.26 Final Amt :1988.33 Days :236 Avg Daily Profit :0.008 %
Env #:0 Genome_id # :273 Fitness :4733.59 Final Amt :2593.3 Days :236 Avg Daily Profit :0.12 %
Env #:0 Genome_id # :1042 Fitness :155779.32 Final Amt :2517.63 Days :236 Avg Daily Profit :0.115 %
Env #:0 Genome_id # :279 Fitness :69364.7 Final Amt :2218.61 Days :236 Avg Daily Profit :0.056 %
Env #:0 Genome_id # :267 Fitness :28449.83 Final Amt :2201.02 Days :236 Avg Daily Profit :0.058 %
Env #:0 Genome_id # :274 Fitness :40359.35 Final Amt :2255.74 Days :236 Avg Daily Profit :0.068 %
Env #:0 Genome_id # :275 Fitness :-20534.54 Final Amt :1684.64 Days :236 Avg Daily Profit :-0.059 %
Env #:0 Genome_id # :280 Fitness :-7578.34 Final Amt :1720.83 Days :236 Avg Daily Profit :-0.049 %
Env #:0 Genome_id # :276 Fitness :8706.08 Final Amt :1848.93 Days :236 Avg Daily Profit :-0.018 %
Env #:0 Genome_id # :287 Fitness :36643.17 Final Amt :2358.4 Days :236 Avg Daily Profit :0.082 %
Env #:0 Genome_id # :282 Fitness :-25408.89 Final Amt :1540.0 Days :236 Avg Daily Profit :-0.092 %
Env #:0 Genome_id # :283 Fitness :79544.33 Final Amt :2908.2 Days :236 Avg Daily Profit :0.175 %
Env #:0 Genome_id # :284 Fitness :23398.8 Final Amt :2045.04 Days :236 Avg Daily Profit :0.021 %
Env #:0 Genome_id # :215 Fitness :197726.51 Final Amt :3025.31 Days :236 Avg Daily Profit :0.196 %
Env #:0 Genome_id # :107 Fitness :183694.53 Final Amt :3579.47 Days :236 Avg Daily Profit :0.268 %
Env #:0 Genome_id # :292 Fitness :-80846.66 Final Amt :1712.47 Days :236 Avg Daily Profit :-0.052 %
Env #:0 Genome_id # :286 Fitness :15504.39 Final Amt :1940.93 Days :236 Avg Daily Profit :0.003 %
Env #:0 Genome_id # :289 Fitness :103876.82 Final Amt :3771.4 Days :236 Avg Daily Profit :0.289 %
Env #:0 Genome_id # :40 Fitness :147370.63 Final Amt :1966.9 Days :236 Avg Daily Profit :0.007 %
Env #:0 Genome_id # :174 Fitness :219955.71 Final Amt :2013.55 Days :236 Avg Daily Profit :0.019 %
Env #:0 Genome_id # :1042 Fitness :155779.32 Final Amt :2517.63 Days :236 Avg Daily Profit :0.115 %
Env #:0 Genome_id # :281 Fitness :-76692.97 Final Amt :1726.2 Days :236 Avg Daily Profit :-0.048 %
Env #:0 Genome_id # :285 Fitness :-55417.61 Final Amt :1311.05 Days :236 Avg Daily Profit :-0.17 %
Env #:0 Genome_id # :154 Fitness :208967.83 Final Amt :3309.96 Days :236 Avg Daily Profit :0.234 %
Env #:0 Genome_id # :294 Fitness :74809.79 Final Amt :2298.15 Days :236 Avg Daily Profit :0.077 %
Env #:0 Genome_id # :291 Fitness :95497.03 Final Amt :2740.66 Days :236 Avg Daily Profit :0.148 %
Env #:0 Genome_id # :290 Fitness :-22462.08 Final Amt :1761.9 Days :236 Avg Daily Profit :-0.041 %
Env #:0 Genome_id # :293 Fitness :-46249.8 Final Amt :1592.44 Days :236 Avg Daily Profit :-0.079 %
Env #:0 Genome_id # :288 Fitness :37362.53 Final Amt :2163.56 Days :236 Avg Daily Profit :0.053 %
Env #:0 Genome_id # :296 Fitness :0.0 Final Amt :2000.0 Days :236 Avg Daily Profit :0.0 %
Env #:0 Genome_id # :295 Fitness :-31967.8 Final Amt :1645.54 Days :236 Avg Daily Profit :-0.072 %
Env #:0 Genome_id # :107 Fitness :183694.53 Final Amt :3579.47 Days :236 Avg Daily Profit :0.268 %
Env #:0 Genome_id # :304 Fitness :-41826.77 Final Amt :1691.5 Days :236 Avg Daily Profit :-0.053 %
Env #:0 Genome_id # :299 Fitness :68435.81 Final Amt :3396.44 Days :236 Avg Daily Profit :0.244 %
Env #:0 Genome_id # :305 Fitness :183702.8 Final Amt :1860.78 Days :236 Avg Daily Profit :-0.013 %
Env #:0 Genome_id # :298 Fitness :-28782.63 Final Amt :1645.05 Days :236 Avg Daily Profit :-0.069 %
Env #:0 Genome_id # :154 Fitness :208967.83 Final Amt :3309.96 Days :236 Avg Daily Profit :0.234 %
Env #:0 Genome_id # :297 Fitness :51090.77 Final Amt :2437.63 Days :236 Avg Daily Profit :0.106 %
Env #:0 Genome_id # :174 Fitness :219955.71 Final Amt :2013.55 Days :236 Avg Daily Profit :0.019 %
Env #:0 Genome_id # :40 Fitness :147370.63 Final Amt :1966.9 Days :236 Avg Daily Profit :0.007 %
Env #:0 Genome_id # :308 Fitness :31766.87 Final Amt :2361.23 Days :236 Avg Daily Profit :0.091 %
Env #:0 Genome_id # :215 Fitness :197726.51 Final Amt :3025.31 Days :236 Avg Daily Profit :0.196 %
Env #:0 Genome_id # :302 Fitness :18644.77 Final Amt :1422.22 Days :236 Avg Daily Profit :-0.127 %
Env #:0 Genome_id # :307 Fitness :135816.42 Final Amt :2576.06 Days :236 Avg Daily Profit :0.121 %
Env #:0 Genome_id # :1042 Fitness :155779.32 Final Amt :2517.63 Days :236 Avg Daily Profit :0.115 %
Env #:0 Genome_id # :300 Fitness :-6857.12 Final Amt :1318.58 Days :236 Avg Daily Profit :-0.163 %
Env #:0 Genome_id # :303 Fitness :71170.49 Final Amt :3040.58 Days :236 Avg Daily Profit :0.198 %
Env #:0 Genome_id # :306 Fitness :-25093.39 Final Amt :2091.52 Days :236 Avg Daily Profit :0.036 %
Env #:0 Genome_id # :301 Fitness :-48705.05 Final Amt :1577.36 Days :236 Avg Daily Profit :-0.084 %
Env #:0 Genome_id # :321 Fitness :104216.64 Final Amt :2447.37 Days :236 Avg Daily Profit :0.104 %
Env #:0 Genome_id # :320 Fitness :-50768.43 Final Amt :1637.23 Days :236 Avg Daily Profit :-0.07 %
Env #:0 Genome_id # :315 Fitness :5897.63 Final Amt :1768.42 Days :236 Avg Daily Profit :-0.032 %
Env #:0 Genome_id # :318 Fitness :-41358.54 Final Amt :1721.01 Days :236 Avg Daily Profit :-0.045 %
Env #:0 Genome_id # :309 Fitness :22683.7 Final Amt :2296.89 Days :236 Avg Daily Profit :0.078 %
Env #:0 Genome_id # :312 Fitness :21435.95 Final Amt :2014.72 Days :236 Avg Daily Profit :0.021 %
Env #:0 Genome_id # :107 Fitness :183694.53 Final Amt :3579.47 Days :236 Avg Daily Profit :0.268 %
Env #:0 Genome_id # :174 Fitness :219955.71 Final Amt :2013.55 Days :236 Avg Daily Profit :0.019 %
Env #:0 Genome_id # :322 Fitness :-36547.03 Final Amt :1691.78 Days :236 Avg Daily Profit :-0.053 %
Env #:0 Genome_id # :215 Fitness :197726.51 Final Amt :3025.31 Days :236 Avg Daily Profit :0.196 %
Env #:0 Genome_id # :317 Fitness :39017.02 Final Amt :2275.05 Days :236 Avg Daily Profit :0.068 %
Env #:0 Genome_id # :311 Fitness :49714.62 Final Amt :2197.22 Days :236 Avg Daily Profit :0.059 %
Env #:0 Genome_id # :310 Fitness :-43543.75 Final Amt :1509.69 Days :236 Avg Daily Profit :-0.101 %
Env #:0 Genome_id # :319 Fitness :91889.41 Final Amt :3058.21 Days :236 Avg Daily Profit :0.191 %
Env #:0 Genome_id # :154 Fitness :208967.83 Final Amt :3309.96 Days :236 Avg Daily Profit :0.234 %
Env #:0 Genome_id # :305 Fitness :183702.8 Final Amt :1860.78 Days :236 Avg Daily Profit :-0.013 %
Env #:0 Genome_id # :1042 Fitness :155779.32 Final Amt :2517.63 Days :236 Avg Daily Profit :0.115 %
Env #:0 Genome_id # :313 Fitness :-40500.1 Final Amt :2096.68 Days :236 Avg Daily Profit :0.034 %
Env #:0 Genome_id # :316 Fitness :-37052.92 Final Amt :1691.02 Days :236 Avg Daily Profit :-0.054 %
Env #:0 Genome_id # :314 Fitness :56891.13 Final Amt :2196.84 Days :236 Avg Daily Profit :0.056 %
Env #:0 Genome_id # :331 Fitness :-3100.94 Final Amt :1756.52 Days :236 Avg Daily Profit :-0.039 %
Env #:0 Genome_id # :324 Fitness :-23005.43 Final Amt :1580.16 Days :236 Avg Daily Profit :-0.082 %
Env #:0 Genome_id # :323 Fitness :23797.21 Final Amt :2174.64 Days :236 Avg Daily Profit :0.056 %
Env #:0 Genome_id # :336 Fitness :223539.59 Final Amt :2679.72 Days :236 Avg Daily Profit :0.143 %
Env #:0 Genome_id # :107 Fitness :183694.53 Final Amt :3579.47 Days :236 Avg Daily Profit :0.268 %
Env #:0 Genome_id # :154 Fitness :208967.83 Final Amt :3309.96 Days :236 Avg Daily Profit :0.234 %
Env #:0 Genome_id # :174 Fitness :219955.71 Final Amt :2013.55 Days :236 Avg Daily Profit :0.019 %
Env #:0 Genome_id # :305 Fitness :183702.8 Final Amt :1860.78 Days :236 Avg Daily Profit :-0.013 %
Env #:0 Genome_id # :1042 Fitness :155779.32 Final Amt :2517.63 Days :236 Avg Daily Profit :0.115 %
Env #:0 Genome_id # :335 Fitness :139132.51 Final Amt :2241.01 Days :236 Avg Daily Profit :0.063 %
Env #:0 Genome_id # :329 Fitness :195975.01 Final Amt :3941.64 Days :236 Avg Daily Profit :0.308 %
Env #:0 Genome_id # :334 Fitness :-45953.02 Final Amt :1511.09 Days :236 Avg Daily Profit :-0.108 %
Env #:0 Genome_id # :332 Fitness :174639.68 Final Amt :1893.46 Days :236 Avg Daily Profit :-0.005 %
Env #:0 Genome_id # :328 Fitness :170625.01 Final Amt :3212.62 Days :236 Avg Daily Profit :0.222 %
Env #:0 Genome_id # :215 Fitness :197726.51 Final Amt :3025.31 Days :236 Avg Daily Profit :0.196 %
Env #:0 Genome_id # :326 Fitness :-53945.29 Final Amt :1559.51 Days :236 Avg Daily Profit :-0.088 %
Env #:0 Genome_id # :325 Fitness :-30230.71 Final Amt :2718.16 Days :236 Avg Daily Profit :0.145 %
Env #:0 Genome_id # :330 Fitness :91203.14 Final Amt :2530.93 Days :236 Avg Daily Profit :0.117 %
Env #:0 Genome_id # :327 Fitness :39661.31 Final Amt :2282.49 Days :236 Avg Daily Profit :0.072 %
Env #:0 Genome_id # :333 Fitness :-37502.03 Final Amt :1653.54 Days :236 Avg Daily Profit :-0.066 %
Env #:0 Genome_id # :338 Fitness :-337.32 Final Amt :1965.6 Days :236 Avg Daily Profit :-0.006 %
Env #:0 Genome_id # :345 Fitness :-15841.45 Final Amt :1913.89 Days :236 Avg Daily Profit :-0.006 %
Env #:0 Genome_id # :337 Fitness :10365.6 Final Amt :1870.05 Days :236 Avg Daily Profit :-0.015 %
Env #:0 Genome_id # :346 Fitness :-23502.93 Final Amt :1631.42 Days :236 Avg Daily Profit :-0.068 %
Env #:0 Genome_id # :341 Fitness :19883.9 Final Amt :2213.67 Days :236 Avg Daily Profit :0.061 %
Env #:0 Genome_id # :344 Fitness :-47832.1 Final Amt :1614.92 Days :236 Avg Daily Profit :-0.075 %
Env #:0 Genome_id # :174 Fitness :219955.71 Final Amt :2013.55 Days :236 Avg Daily Profit :0.019 %
Env #:0 Genome_id # :336 Fitness :223539.59 Final Amt :2679.72 Days :236 Avg Daily Profit :0.143 %
Env #:0 Genome_id # :305 Fitness :183702.8 Final Amt :1860.78 Days :236 Avg Daily Profit :-0.013 %
Env #:0 Genome_id # :154 Fitness :208967.83 Final Amt :3309.96 Days :236 Avg Daily Profit :0.234 %
Env #:0 Genome_id # :348 Fitness :-11513.04 Final Amt :1623.09 Days :236 Avg Daily Profit :-0.073 %
Env #:0 Genome_id # :343 Fitness :-77619.29 Final Amt :1334.95 Days :236 Avg Daily Profit :-0.161 %
Env #:0 Genome_id # :349 Fitness :36965.13 Final Amt :2639.21 Days :236 Avg Daily Profit :0.129 %
Env #:0 Genome_id # :350 Fitness :-7286.05 Final Amt :2098.21 Days :236 Avg Daily Profit :0.038 %
Env #:0 Genome_id # :342 Fitness :-67359.14 Final Amt :1999.29 Days :236 Avg Daily Profit :0.011 %
Env #:0 Genome_id # :340 Fitness :125789.52 Final Amt :1929.6 Days :236 Avg Daily Profit :0.0 %
Env #:0 Genome_id # :339 Fitness :-47598.16 Final Amt :1589.76 Days :236 Avg Daily Profit :-0.082 %
Env #:0 Genome_id # :215 Fitness :197726.51 Final Amt :3025.31 Days :236 Avg Daily Profit :0.196 %
Env #:0 Genome_id # :329 Fitness :195975.01 Final Amt :3941.64 Days :236 Avg Daily Profit :0.308 %
Env #:0 Genome_id # :347 Fitness :-53172.36 Final Amt :1459.06 Days :236 Avg Daily Profit :-0.119 %
Env #:0 Genome_id # :354 Fitness :-21999.7 Final Amt :1595.86 Days :236 Avg Daily Profit :-0.078 %
Env #:0 Genome_id # :351 Fitness :26734.09 Final Amt :1925.74 Days :236 Avg Daily Profit :0.005 %
Env #:0 Genome_id # :336 Fitness :223539.59 Final Amt :2679.72 Days :236 Avg Daily Profit :0.143 %
Env #:0 Genome_id # :357 Fitness :31677.68 Final Amt :1975.14 Days :236 Avg Daily Profit :0.017 %
Env #:0 Genome_id # :356 Fitness :-7035.48 Final Amt :1632.93 Days :236 Avg Daily Profit :-0.071 %
Env #:0 Genome_id # :329 Fitness :195975.01 Final Amt :3941.64 Days :236 Avg Daily Profit :0.308 %
Env #:0 Genome_id # :355 Fitness :59165.93 Final Amt :2246.21 Days :236 Avg Daily Profit :0.07 %
Env #:0 Genome_id # :154 Fitness :208967.83 Final Amt :3309.96 Days :236 Avg Daily Profit :0.234 %
Env #:0 Genome_id # :305 Fitness :183702.8 Final Amt :1860.78 Days :236 Avg Daily Profit :-0.013 %
Env #:0 Genome_id # :174 Fitness :219955.71 Final Amt :2013.55 Days :236 Avg Daily Profit :0.019 %
Env #:0 Genome_id # :352 Fitness :78423.18 Final Amt :2382.17 Days :236 Avg Daily Profit :0.092 %
Env #:0 Genome_id # :215 Fitness :197726.51 Final Amt :3025.31 Days :236 Avg Daily Profit :0.196 %
Env #:0 Genome_id # :353 Fitness :138235.25 Final Amt :2347.07 Days :236 Avg Daily Profit :0.087 %
Env #:0 Genome_id # :363 Fitness :143578.76 Final Amt :2745.98 Days :236 Avg Daily Profit :0.15 %
Env #:0 Genome_id # :364 Fitness :-37631.62 Final Amt :1846.69 Days :236 Avg Daily Profit :-0.017 %
Env #:0 Genome_id # :360 Fitness :104795.47 Final Amt :2283.09 Days :236 Avg Daily Profit :0.075 %
Env #:0 Genome_id # :362 Fitness :-27419.73 Final Amt :1896.11 Days :236 Avg Daily Profit :-0.005 %
Env #:0 Genome_id # :361 Fitness :45053.17 Final Amt :1957.46 Days :236 Avg Daily Profit :-0.001 %
Env #:0 Genome_id # :358 Fitness :148455.92 Final Amt :2687.89 Days :236 Avg Daily Profit :0.144 %
Env #:0 Genome_id # :359 Fitness :98202.6 Final Amt :2283.38 Days :236 Avg Daily Profit :0.075 %
Env #:0 Genome_id # :372 Fitness :32459.67 Final Amt :2416.58 Days :236 Avg Daily Profit :0.086 %
Env #:0 Genome_id # :368 Fitness :13563.55 Final Amt :2345.93 Days :236 Avg Daily Profit :0.088 %
Env #:0 Genome_id # :374 Fitness :-22981.62 Final Amt :1631.56 Days :236 Avg Daily Profit :-0.071 %
Env #:0 Genome_id # :371 Fitness :17152.15 Final Amt :2417.64 Days :236 Avg Daily Profit :0.1 %
Env #:0 Genome_id # :375 Fitness :-31183.55 Final Amt :1653.2 Days :236 Avg Daily Profit :-0.064 %
Env #:0 Genome_id # :377 Fitness :90299.06 Final Amt :2966.12 Days :236 Avg Daily Profit :0.187 %
Env #:0 Genome_id # :336 Fitness :223539.59 Final Amt :2679.72 Days :236 Avg Daily Profit :0.143 %
Env #:0 Genome_id # :373 Fitness :4199.22 Final Amt :1629.12 Days :236 Avg Daily Profit :-0.07 %
Env #:0 Genome_id # :367 Fitness :60760.21 Final Amt :2362.18 Days :236 Avg Daily Profit :0.091 %
Env #:0 Genome_id # :305 Fitness :183702.8 Final Amt :1860.78 Days :236 Avg Daily Profit :-0.013 %
Env #:0 Genome_id # :329 Fitness :195975.01 Final Amt :3941.64 Days :236 Avg Daily Profit :0.308 %
Env #:0 Genome_id # :215 Fitness :197726.51 Final Amt :3025.31 Days :236 Avg Daily Profit :0.196 %
Env #:0 Genome_id # :376 Fitness :223583.61 Final Amt :1996.78 Days :236 Avg Daily Profit :0.014 %
Env #:0 Genome_id # :154 Fitness :208967.83 Final Amt :3309.96 Days :236 Avg Daily Profit :0.234 %
Env #:0 Genome_id # :174 Fitness :219955.71 Final Amt :2013.55 Days :236 Avg Daily Profit :0.019 %
Env #:0 Genome_id # :369 Fitness :107847.17 Final Amt :2271.41 Days :236 Avg Daily Profit :0.071 %
Env #:0 Genome_id # :370 Fitness :10493.28 Final Amt :2149.22 Days :236 Avg Daily Profit :0.045 %
Env #:0 Genome_id # :365 Fitness :40726.21 Final Amt :2226.4 Days :236 Avg Daily Profit :0.063 %
Env #:0 Genome_id # :366 Fitness :-27362.61 Final Amt :1747.24 Days :236 Avg Daily Profit :-0.041 %
Env #:0 Genome_id # :378 Fitness :-32281.28 Final Amt :1680.11 Days :236 Avg Daily Profit :-0.057 %
Env #:0 Genome_id # :392 Fitness :3981.29 Final Amt :2145.17 Days :236 Avg Daily Profit :0.033 %
Env #:0 Genome_id # :384 Fitness :34807.66 Final Amt :2398.96 Days :236 Avg Daily Profit :0.094 %
Env #:0 Genome_id # :388 Fitness :52651.39 Final Amt :2222.56 Days :236 Avg Daily Profit :0.062 %
Env #:0 Genome_id # :382 Fitness :53533.97 Final Amt :2517.91 Days :236 Avg Daily Profit :0.111 %
Env #:0 Genome_id # :381 Fitness :-20287.52 Final Amt :1627.92 Days :236 Avg Daily Profit :-0.069 %
Env #:0 Genome_id # :379 Fitness :96259.51 Final Amt :2323.32 Days :236 Avg Daily Profit :0.082 %
Env #:0 Genome_id # :174 Fitness :219955.71 Final Amt :2013.55 Days :236 Avg Daily Profit :0.019 %
Env #:0 Genome_id # :215 Fitness :197726.51 Final Amt :3025.31 Days :236 Avg Daily Profit :0.196 %
Env #:0 Genome_id # :336 Fitness :223539.59 Final Amt :2679.72 Days :236 Avg Daily Profit :0.143 %
Env #:0 Genome_id # :390 Fitness :-144943.94 Final Amt :2118.69 Days :236 Avg Daily Profit :0.044 %
Env #:0 Genome_id # :389 Fitness :37633.15 Final Amt :3170.84 Days :236 Avg Daily Profit :0.216 %
Env #:0 Genome_id # :329 Fitness :195975.01 Final Amt :3941.64 Days :236 Avg Daily Profit :0.308 %
Env #:0 Genome_id # :376 Fitness :223583.61 Final Amt :1996.78 Days :236 Avg Daily Profit :0.014 %
Env #:0 Genome_id # :383 Fitness :56187.74 Final Amt :2680.19 Days :236 Avg Daily Profit :0.144 %
Env #:0 Genome_id # :154 Fitness :208967.83 Final Amt :3309.96 Days :236 Avg Daily Profit :0.234 %
Env #:0 Genome_id # :380 Fitness :91316.43 Final Amt :2367.46 Days :236 Avg Daily Profit :0.09 %
Env #:0 Genome_id # :386 Fitness :-3365.08 Final Amt :1898.26 Days :236 Avg Daily Profit :-0.006 %
Env #:0 Genome_id # :385 Fitness :-20553.08 Final Amt :1684.58 Days :236 Avg Daily Profit :-0.058 %
Env #:0 Genome_id # :387 Fitness :69462.49 Final Amt :2400.9 Days :236 Avg Daily Profit :0.092 %
Env #:0 Genome_id # :391 Fitness :23740.54 Final Amt :2033.2 Days :236 Avg Daily Profit :0.023 %
Env #:0 Genome_id # :402 Fitness :-3512.24 Final Amt :2010.53 Days :236 Avg Daily Profit :0.005 %
Env #:0 Genome_id # :396 Fitness :-12275.57 Final Amt :1560.99 Days :236 Avg Daily Profit :-0.092 %
Env #:0 Genome_id # :397 Fitness :4159.4 Final Amt :1856.03 Days :236 Avg Daily Profit :-0.02 %
Env #:0 Genome_id # :403 Fitness :66889.91 Final Amt :2374.95 Days :236 Avg Daily Profit :0.091 %
Env #:0 Genome_id # :394 Fitness :91820.14 Final Amt :1568.45 Days :236 Avg Daily Profit :-0.084 %
Env #:0 Genome_id # :336 Fitness :223539.59 Final Amt :2679.72 Days :236 Avg Daily Profit :0.143 %
Env #:0 Genome_id # :393 Fitness :-114067.72 Final Amt :1887.15 Days :236 Avg Daily Profit :-0.011 %
Env #:0 Genome_id # :215 Fitness :197726.51 Final Amt :3025.31 Days :236 Avg Daily Profit :0.196 %
Env #:0 Genome_id # :376 Fitness :223583.61 Final Amt :1996.78 Days :236 Avg Daily Profit :0.014 %
Env #:0 Genome_id # :395 Fitness :71954.17 Final Amt :2563.04 Days :236 Avg Daily Profit :0.125 %
Env #:0 Genome_id # :154 Fitness :208967.83 Final Amt :3309.96 Days :236 Avg Daily Profit :0.234 %
Env #:0 Genome_id # :398 Fitness :31527.57 Final Amt :1758.77 Days :236 Avg Daily Profit :-0.037 %
Env #:0 Genome_id # :405 Fitness :-85353.46 Final Amt :1523.45 Days :236 Avg Daily Profit :-0.105 %
Env #:0 Genome_id # :329 Fitness :195975.01 Final Amt :3941.64 Days :236 Avg Daily Profit :0.308 %
Env #:0 Genome_id # :399 Fitness :201589.83 Final Amt :2521.76 Days :236 Avg Daily Profit :0.112 %
Env #:0 Genome_id # :404 Fitness :-21709.74 Final Amt :1648.27 Days :236 Avg Daily Profit :-0.066 %
Env #:0 Genome_id # :174 Fitness :219955.71 Final Amt :2013.55 Days :236 Avg Daily Profit :0.019 %
Env #:0 Genome_id # :400 Fitness :25500.7 Final Amt :2215.18 Days :236 Avg Daily Profit :0.06 %
Env #:0 Genome_id # :401 Fitness :3484.83 Final Amt :1851.62 Days :236 Avg Daily Profit :-0.021 %
Env #:0 Genome_id # :406 Fitness :-52701.93 Final Amt :1526.94 Days :236 Avg Daily Profit :-0.098 %
