Training Logger!
Env #:0 Genome_id # :242 Fitness :13245.07 Final Amt :4094.65 Days :236 Avg Daily Profit :0.32 %
Env #:0 Genome_id # :245 Fitness :14314.82 Final Amt :4411.74 Days :236 Avg Daily Profit :0.362 %
Env #:0 Genome_id # :31 Fitness :21933.9 Final Amt :5064.87 Days :236 Avg Daily Profit :0.403 %
Env #:0 Genome_id # :941 Fitness :17844.53 Final Amt :3494.31 Days :236 Avg Daily Profit :0.246 %
Env #:0 Genome_id # :1042 Fitness :23439.23 Final Amt :4039.75 Days :236 Avg Daily Profit :0.309 %
Env #:0 Genome_id # :263 Fitness :13093.84 Final Amt :2981.05 Days :236 Avg Daily Profit :0.181 %
Env #:0 Genome_id # :914 Fitness :13696.52 Final Amt :3533.19 Days :236 Avg Daily Profit :0.257 %
Env #:0 Genome_id # :365 Fitness :18591.37 Final Amt :3729.02 Days :236 Avg Daily Profit :0.285 %
Env #:0 Genome_id # :335 Fitness :24006.4 Final Amt :5449.2 Days :236 Avg Daily Profit :0.439 %
Env #:0 Genome_id # :929 Fitness :26679.52 Final Amt :5081.25 Days :236 Avg Daily Profit :0.403 %
Env #:0 Genome_id # :937 Fitness :14550.71 Final Amt :5029.02 Days :236 Avg Daily Profit :0.411 %
Env #:0 Genome_id # :594 Fitness :26312.44 Final Amt :5867.39 Days :236 Avg Daily Profit :0.466 %
Env #:0 Genome_id # :927 Fitness :26932.87 Final Amt :5576.33 Days :236 Avg Daily Profit :0.444 %
Env #:0 Genome_id # :942 Fitness :27672.4 Final Amt :6329.05 Days :236 Avg Daily Profit :0.501 %
Env #:0 Genome_id # :99 Fitness :27663.34 Final Amt :6087.47 Days :236 Avg Daily Profit :0.483 %
Env #:0 Genome_id # :785 Fitness :27566.47 Final Amt :6268.09 Days :236 Avg Daily Profit :0.494 %
Env #:0 Genome_id # :871 Fitness :15946.44 Final Amt :5868.14 Days :236 Avg Daily Profit :0.476 %
Env #:0 Genome_id # :1072 Fitness :22045.08 Final Amt :3849.77 Days :236 Avg Daily Profit :0.29 %
Env #:0 Genome_id # :718 Fitness :21988.26 Final Amt :3570.97 Days :236 Avg Daily Profit :0.269 %
Env #:0 Genome_id # :829 Fitness :27581.24 Final Amt :5802.76 Days :236 Avg Daily Profit :0.462 %
Env #:0 Genome_id # :4 Fitness :-3469.78 Final Amt :2234.25 Days :236 Avg Daily Profit :0.05 %
Env #:0 Genome_id # :5 Fitness :-112.62 Final Amt :1430.77 Days :236 Avg Daily Profit :-0.132 %
Env #:0 Genome_id # :14 Fitness :-855.91 Final Amt :1694.06 Days :236 Avg Daily Profit :-0.062 %
Env #:0 Genome_id # :3 Fitness :5458.26 Final Amt :2978.59 Days :236 Avg Daily Profit :0.198 %
Env #:0 Genome_id # :13 Fitness :-2540.39 Final Amt :1617.93 Days :236 Avg Daily Profit :-0.082 %
Env #:0 Genome_id # :12 Fitness :-2075.9 Final Amt :1455.24 Days :236 Avg Daily Profit :-0.123 %
Env #:0 Genome_id # :1072 Fitness :22045.08 Final Amt :3849.77 Days :236 Avg Daily Profit :0.29 %
Env #:0 Genome_id # :8 Fitness :17273.8 Final Amt :5795.96 Days :236 Avg Daily Profit :0.475 %
Env #:0 Genome_id # :31 Fitness :21933.9 Final Amt :5064.87 Days :236 Avg Daily Profit :0.403 %
Env #:0 Genome_id # :2 Fitness :3393.09 Final Amt :2446.02 Days :236 Avg Daily Profit :0.087 %
Env #:0 Genome_id # :1 Fitness :21041.58 Final Amt :3487.91 Days :236 Avg Daily Profit :0.253 %
Env #:0 Genome_id # :942 Fitness :27672.4 Final Amt :6329.05 Days :236 Avg Daily Profit :0.501 %
Env #:0 Genome_id # :99 Fitness :27663.34 Final Amt :6087.47 Days :236 Avg Daily Profit :0.483 %
Env #:0 Genome_id # :718 Fitness :21988.26 Final Amt :3570.97 Days :236 Avg Daily Profit :0.269 %
Env #:0 Genome_id # :6 Fitness :-1998.73 Final Amt :2117.56 Days :236 Avg Daily Profit :0.036 %
Env #:0 Genome_id # :829 Fitness :27581.24 Final Amt :5802.76 Days :236 Avg Daily Profit :0.462 %
Env #:0 Genome_id # :10 Fitness :-15313.3 Final Amt :1526.24 Days :236 Avg Daily Profit :-0.108 %
Env #:0 Genome_id # :11 Fitness :-4321.62 Final Amt :2708.74 Days :236 Avg Daily Profit :0.155 %
Env #:0 Genome_id # :9 Fitness :-11953.52 Final Amt :1579.22 Days :236 Avg Daily Profit :-0.094 %
Env #:0 Genome_id # :7 Fitness :-21032.28 Final Amt :1431.55 Days :236 Avg Daily Profit :-0.137 %
Env #:0 Genome_id # :15 Fitness :0.0 Final Amt :2000.0 Days :236 Avg Daily Profit :0.0 %
Env #:0 Genome_id # :18 Fitness :0.0 Final Amt :2000.0 Days :236 Avg Daily Profit :0.0 %
Env #:0 Genome_id # :22 Fitness :-1390.59 Final Amt :1625.71 Days :236 Avg Daily Profit :-0.08 %
Env #:0 Genome_id # :21 Fitness :5558.65 Final Amt :2531.78 Days :236 Avg Daily Profit :0.125 %
Env #:0 Genome_id # :28 Fitness :2470.45 Final Amt :2180.29 Days :236 Avg Daily Profit :0.069 %
Env #:0 Genome_id # :24 Fitness :-2402.48 Final Amt :1596.33 Days :236 Avg Daily Profit :-0.089 %
Env #:0 Genome_id # :27 Fitness :-1476.88 Final Amt :1590.17 Days :236 Avg Daily Profit :-0.089 %
Env #:0 Genome_id # :20 Fitness :-1549.13 Final Amt :1740.08 Days :236 Avg Daily Profit :-0.052 %
Env #:0 Genome_id # :17 Fitness :9358.28 Final Amt :2399.32 Days :236 Avg Daily Profit :0.1 %
Env #:0 Genome_id # :16 Fitness :7990.11 Final Amt :2296.84 Days :236 Avg Daily Profit :0.085 %
Env #:0 Genome_id # :25 Fitness :4109.37 Final Amt :2345.02 Days :236 Avg Daily Profit :0.093 %
Env #:0 Genome_id # :31 Fitness :21933.9 Final Amt :5064.87 Days :236 Avg Daily Profit :0.403 %
Env #:0 Genome_id # :1072 Fitness :22045.08 Final Amt :3849.77 Days :236 Avg Daily Profit :0.29 %
Env #:0 Genome_id # :829 Fitness :27581.24 Final Amt :5802.76 Days :236 Avg Daily Profit :0.462 %
Env #:0 Genome_id # :99 Fitness :27663.34 Final Amt :6087.47 Days :236 Avg Daily Profit :0.483 %
Env #:0 Genome_id # :942 Fitness :27672.4 Final Amt :6329.05 Days :236 Avg Daily Profit :0.501 %
Env #:0 Genome_id # :718 Fitness :21988.26 Final Amt :3570.97 Days :236 Avg Daily Profit :0.269 %
Env #:0 Genome_id # :19 Fitness :10233.19 Final Amt :2556.12 Days :236 Avg Daily Profit :0.13 %
Env #:0 Genome_id # :26 Fitness :23785.7 Final Amt :5270.54 Days :236 Avg Daily Profit :0.422 %
Env #:0 Genome_id # :23 Fitness :-10024.43 Final Amt :1275.89 Days :236 Avg Daily Profit :-0.171 %
Env #:0 Genome_id # :31 Fitness :3530.48 Final Amt :2077.69 Days :236 Avg Daily Profit :0.019 %
Env #:0 Genome_id # :42 Fitness :-479.57 Final Amt :2218.32 Days :236 Avg Daily Profit :0.051 %
Env #:0 Genome_id # :30 Fitness :-16.43 Final Amt :2367.83 Days :236 Avg Daily Profit :0.081 %
Env #:0 Genome_id # :35 Fitness :3769.85 Final Amt :2574.02 Days :236 Avg Daily Profit :0.136 %
Env #:0 Genome_id # :39 Fitness :18340.93 Final Amt :6149.72 Days :236 Avg Daily Profit :0.498 %
Env #:0 Genome_id # :33 Fitness :6784.48 Final Amt :2305.75 Days :236 Avg Daily Profit :0.067 %
Env #:0 Genome_id # :40 Fitness :-816.39 Final Amt :1726.21 Days :236 Avg Daily Profit :-0.054 %
Env #:0 Genome_id # :37 Fitness :9520.63 Final Amt :3045.15 Days :236 Avg Daily Profit :0.204 %
Env #:0 Genome_id # :99 Fitness :27663.34 Final Amt :6087.47 Days :236 Avg Daily Profit :0.483 %
Env #:0 Genome_id # :32 Fitness :609.95 Final Amt :2305.78 Days :236 Avg Daily Profit :0.088 %
Env #:0 Genome_id # :34 Fitness :14311.81 Final Amt :2433.09 Days :236 Avg Daily Profit :0.105 %
Env #:0 Genome_id # :829 Fitness :27581.24 Final Amt :5802.76 Days :236 Avg Daily Profit :0.462 %
Env #:0 Genome_id # :29 Fitness :-9743.09 Final Amt :1747.5 Days :236 Avg Daily Profit :-0.053 %
Env #:0 Genome_id # :1072 Fitness :22045.08 Final Amt :3849.77 Days :236 Avg Daily Profit :0.29 %
Env #:0 Genome_id # :41 Fitness :-7143.61 Final Amt :2663.55 Days :236 Avg Daily Profit :0.145 %
Env #:0 Genome_id # :942 Fitness :27672.4 Final Amt :6329.05 Days :236 Avg Daily Profit :0.501 %
Env #:0 Genome_id # :38 Fitness :28406.67 Final Amt :4598.62 Days :236 Avg Daily Profit :0.374 %
Env #:0 Genome_id # :36 Fitness :15064.45 Final Amt :3352.08 Days :236 Avg Daily Profit :0.229 %
Env #:0 Genome_id # :718 Fitness :21988.26 Final Amt :3570.97 Days :236 Avg Daily Profit :0.269 %
Env #:0 Genome_id # :51 Fitness :0.0 Final Amt :2000.0 Days :236 Avg Daily Profit :0.0 %
Env #:0 Genome_id # :45 Fitness :11984.14 Final Amt :3515.43 Days :236 Avg Daily Profit :0.267 %
Env #:0 Genome_id # :47 Fitness :7878.17 Final Amt :2943.12 Days :236 Avg Daily Profit :0.192 %
Env #:0 Genome_id # :50 Fitness :18684.3 Final Amt :5105.21 Days :236 Avg Daily Profit :0.409 %
Env #:0 Genome_id # :44 Fitness :20325.53 Final Amt :5280.62 Days :236 Avg Daily Profit :0.425 %
Env #:0 Genome_id # :34 Fitness :14311.81 Final Amt :2433.09 Days :236 Avg Daily Profit :0.105 %
Env #:0 Genome_id # :1072 Fitness :22045.08 Final Amt :3849.77 Days :236 Avg Daily Profit :0.29 %
Env #:0 Genome_id # :38 Fitness :28406.67 Final Amt :4598.62 Days :236 Avg Daily Profit :0.374 %
Env #:0 Genome_id # :48 Fitness :18165.26 Final Amt :4658.51 Days :236 Avg Daily Profit :0.384 %
Env #:0 Genome_id # :718 Fitness :21988.26 Final Amt :3570.97 Days :236 Avg Daily Profit :0.269 %
Env #:0 Genome_id # :54 Fitness :-2300.51 Final Amt :2964.05 Days :236 Avg Daily Profit :0.195 %
Env #:0 Genome_id # :99 Fitness :27663.34 Final Amt :6087.47 Days :236 Avg Daily Profit :0.483 %
Env #:0 Genome_id # :942 Fitness :27672.4 Final Amt :6329.05 Days :236 Avg Daily Profit :0.501 %
Env #:0 Genome_id # :56 Fitness :26625.32 Final Amt :6011.15 Days :236 Avg Daily Profit :0.48 %
Env #:0 Genome_id # :55 Fitness :9084.66 Final Amt :1676.87 Days :236 Avg Daily Profit :-0.067 %
Env #:0 Genome_id # :46 Fitness :-22743.37 Final Amt :1578.36 Days :236 Avg Daily Profit :-0.095 %
Env #:0 Genome_id # :49 Fitness :26310.87 Final Amt :4825.58 Days :236 Avg Daily Profit :0.385 %
Env #:0 Genome_id # :43 Fitness :23512.61 Final Amt :2543.92 Days :236 Avg Daily Profit :0.126 %
Env #:0 Genome_id # :52 Fitness :3367.11 Final Amt :1632.53 Days :236 Avg Daily Profit :-0.081 %
Env #:0 Genome_id # :53 Fitness :-21973.61 Final Amt :1416.25 Days :236 Avg Daily Profit :-0.143 %
Env #:0 Genome_id # :63 Fitness :840.44 Final Amt :2011.37 Days :236 Avg Daily Profit :0.002 %
Env #:0 Genome_id # :62 Fitness :-2688.28 Final Amt :1889.94 Days :236 Avg Daily Profit :-0.019 %
Env #:0 Genome_id # :66 Fitness :4813.8 Final Amt :2354.04 Days :236 Avg Daily Profit :0.095 %
Env #:0 Genome_id # :67 Fitness :-2670.09 Final Amt :1514.22 Days :236 Avg Daily Profit :-0.101 %
Env #:0 Genome_id # :68 Fitness :10995.92 Final Amt :2416.5 Days :236 Avg Daily Profit :0.09 %
Env #:0 Genome_id # :64 Fitness :18763.07 Final Amt :2889.57 Days :236 Avg Daily Profit :0.185 %
Env #:0 Genome_id # :57 Fitness :12403.16 Final Amt :2518.95 Days :236 Avg Daily Profit :0.124 %
Env #:0 Genome_id # :61 Fitness :4024.01 Final Amt :2067.12 Days :236 Avg Daily Profit :0.027 %
Env #:0 Genome_id # :70 Fitness :21021.05 Final Amt :4425.0 Days :236 Avg Daily Profit :0.347 %
Env #:0 Genome_id # :43 Fitness :23512.61 Final Amt :2543.92 Days :236 Avg Daily Profit :0.126 %
Env #:0 Genome_id # :59 Fitness :18873.17 Final Amt :2674.37 Days :236 Avg Daily Profit :0.137 %
Env #:0 Genome_id # :58 Fitness :27264.78 Final Amt :2790.22 Days :236 Avg Daily Profit :0.164 %
Env #:0 Genome_id # :718 Fitness :21988.26 Final Amt :3570.97 Days :236 Avg Daily Profit :0.269 %
Env #:0 Genome_id # :38 Fitness :28406.67 Final Amt :4598.62 Days :236 Avg Daily Profit :0.374 %
Env #:0 Genome_id # :1072 Fitness :22045.08 Final Amt :3849.77 Days :236 Avg Daily Profit :0.29 %
Env #:0 Genome_id # :65 Fitness :8766.37 Final Amt :4198.24 Days :236 Avg Daily Profit :0.328 %
Env #:0 Genome_id # :99 Fitness :27663.34 Final Amt :6087.47 Days :236 Avg Daily Profit :0.483 %
Env #:0 Genome_id # :942 Fitness :27672.4 Final Amt :6329.05 Days :236 Avg Daily Profit :0.501 %
Env #:0 Genome_id # :60 Fitness :3988.7 Final Amt :2589.87 Days :236 Avg Daily Profit :0.137 %
Env #:0 Genome_id # :69 Fitness :35845.13 Final Amt :1590.09 Days :236 Avg Daily Profit :-0.073 %
Env #:0 Genome_id # :84 Fitness :-2646.72 Final Amt :1570.52 Days :236 Avg Daily Profit :-0.095 %
Env #:0 Genome_id # :75 Fitness :475.17 Final Amt :1517.97 Days :236 Avg Daily Profit :-0.109 %
Env #:0 Genome_id # :78 Fitness :12900.87 Final Amt :3558.74 Days :236 Avg Daily Profit :0.256 %
Env #:0 Genome_id # :77 Fitness :3374.1 Final Amt :2473.14 Days :236 Avg Daily Profit :0.116 %
Env #:0 Genome_id # :71 Fitness :-5574.17 Final Amt :1395.52 Days :236 Avg Daily Profit :-0.146 %
Env #:0 Genome_id # :82 Fitness :6729.79 Final Amt :1956.91 Days :236 Avg Daily Profit :-0.0 %
Env #:0 Genome_id # :81 Fitness :2698.98 Final Amt :1925.08 Days :236 Avg Daily Profit :0.0 %
Env #:0 Genome_id # :80 Fitness :14022.53 Final Amt :3573.16 Days :236 Avg Daily Profit :0.268 %
Env #:0 Genome_id # :942 Fitness :27672.4 Final Amt :6329.05 Days :236 Avg Daily Profit :0.501 %
Env #:0 Genome_id # :1072 Fitness :22045.08 Final Amt :3849.77 Days :236 Avg Daily Profit :0.29 %
Env #:0 Genome_id # :74 Fitness :12663.52 Final Amt :1231.6 Days :236 Avg Daily Profit :-0.186 %
Env #:0 Genome_id # :73 Fitness :21577.27 Final Amt :2014.99 Days :236 Avg Daily Profit :0.023 %
Env #:0 Genome_id # :79 Fitness :-6753.84 Final Amt :1771.5 Days :236 Avg Daily Profit :-0.043 %
Env #:0 Genome_id # :38 Fitness :28406.67 Final Amt :4598.62 Days :236 Avg Daily Profit :0.374 %
Env #:0 Genome_id # :76 Fitness :25975.02 Final Amt :2605.47 Days :236 Avg Daily Profit :0.139 %
Env #:0 Genome_id # :58 Fitness :27264.78 Final Amt :2790.22 Days :236 Avg Daily Profit :0.164 %
Env #:0 Genome_id # :83 Fitness :-12687.41 Final Amt :1523.15 Days :236 Avg Daily Profit :-0.109 %
Env #:0 Genome_id # :43 Fitness :23512.61 Final Amt :2543.92 Days :236 Avg Daily Profit :0.126 %
Env #:0 Genome_id # :72 Fitness :23764.99 Final Amt :2544.61 Days :236 Avg Daily Profit :0.128 %
Env #:0 Genome_id # :69 Fitness :35845.13 Final Amt :1590.09 Days :236 Avg Daily Profit :-0.073 %
Env #:0 Genome_id # :96 Fitness :457.74 Final Amt :1757.58 Days :236 Avg Daily Profit :-0.053 %
Env #:0 Genome_id # :89 Fitness :-1554.43 Final Amt :2292.91 Days :236 Avg Daily Profit :0.061 %
Env #:0 Genome_id # :98 Fitness :-1865.42 Final Amt :1618.39 Days :236 Avg Daily Profit :-0.083 %
Env #:0 Genome_id # :92 Fitness :3938.47 Final Amt :2555.75 Days :236 Avg Daily Profit :0.133 %
Env #:0 Genome_id # :90 Fitness :497.73 Final Amt :2299.25 Days :236 Avg Daily Profit :0.08 %
Env #:0 Genome_id # :942 Fitness :27672.4 Final Amt :6329.05 Days :236 Avg Daily Profit :0.501 %
Env #:0 Genome_id # :88 Fitness :16822.66 Final Amt :2506.89 Days :236 Avg Daily Profit :0.12 %
Env #:0 Genome_id # :58 Fitness :27264.78 Final Amt :2790.22 Days :236 Avg Daily Profit :0.164 %
Env #:0 Genome_id # :91 Fitness :15370.06 Final Amt :2580.03 Days :236 Avg Daily Profit :0.129 %
Env #:0 Genome_id # :87 Fitness :24415.1 Final Amt :2503.36 Days :236 Avg Daily Profit :0.121 %
Env #:0 Genome_id # :94 Fitness :9680.91 Final Amt :2909.15 Days :236 Avg Daily Profit :0.19 %
Env #:0 Genome_id # :76 Fitness :25975.02 Final Amt :2605.47 Days :236 Avg Daily Profit :0.139 %
Env #:0 Genome_id # :93 Fitness :24909.06 Final Amt :4578.47 Days :236 Avg Daily Profit :0.362 %
Env #:0 Genome_id # :95 Fitness :52.96 Final Amt :1601.77 Days :236 Avg Daily Profit :-0.09 %
Env #:0 Genome_id # :85 Fitness :5703.82 Final Amt :2336.55 Days :236 Avg Daily Profit :0.091 %
Env #:0 Genome_id # :38 Fitness :28406.67 Final Amt :4598.62 Days :236 Avg Daily Profit :0.374 %
Env #:0 Genome_id # :97 Fitness :-5296.98 Final Amt :1374.41 Days :236 Avg Daily Profit :-0.151 %
Env #:0 Genome_id # :86 Fitness :18167.73 Final Amt :2289.58 Days :236 Avg Daily Profit :0.084 %
Env #:0 Genome_id # :72 Fitness :23764.99 Final Amt :2544.61 Days :236 Avg Daily Profit :0.128 %
Env #:0 Genome_id # :69 Fitness :35845.13 Final Amt :1590.09 Days :236 Avg Daily Profit :-0.073 %
Env #:0 Genome_id # :112 Fitness :-2271.71 Final Amt :1599.66 Days :236 Avg Daily Profit :-0.088 %
Env #:0 Genome_id # :105 Fitness :-1532.87 Final Amt :1630.55 Days :236 Avg Daily Profit :-0.078 %
Env #:0 Genome_id # :99 Fitness :-2368.44 Final Amt :1613.1 Days :236 Avg Daily Profit :-0.084 %
Env #:0 Genome_id # :101 Fitness :-1656.27 Final Amt :1433.76 Days :236 Avg Daily Profit :-0.129 %
Env #:0 Genome_id # :108 Fitness :2612.84 Final Amt :2251.48 Days :236 Avg Daily Profit :0.076 %
Env #:0 Genome_id # :107 Fitness :13134.0 Final Amt :4149.68 Days :236 Avg Daily Profit :0.332 %
Env #:0 Genome_id # :942 Fitness :27672.4 Final Amt :6329.05 Days :236 Avg Daily Profit :0.501 %
Env #:0 Genome_id # :76 Fitness :25975.02 Final Amt :2605.47 Days :236 Avg Daily Profit :0.139 %
Env #:0 Genome_id # :111 Fitness :392.29 Final Amt :1257.93 Days :236 Avg Daily Profit :-0.184 %
Env #:0 Genome_id # :102 Fitness :9626.51 Final Amt :2115.08 Days :236 Avg Daily Profit :0.048 %
Env #:0 Genome_id # :38 Fitness :28406.67 Final Amt :4598.62 Days :236 Avg Daily Profit :0.374 %
Env #:0 Genome_id # :58 Fitness :27264.78 Final Amt :2790.22 Days :236 Avg Daily Profit :0.164 %
Env #:0 Genome_id # :87 Fitness :24415.1 Final Amt :2503.36 Days :236 Avg Daily Profit :0.121 %
Env #:0 Genome_id # :104 Fitness :14702.99 Final Amt :2347.72 Days :236 Avg Daily Profit :0.091 %
Env #:0 Genome_id # :109 Fitness :19586.8 Final Amt :2553.27 Days :236 Avg Daily Profit :0.127 %
Env #:0 Genome_id # :103 Fitness :19482.21 Final Amt :2386.85 Days :236 Avg Daily Profit :0.098 %
Env #:0 Genome_id # :100 Fitness :32007.99 Final Amt :2676.06 Days :236 Avg Daily Profit :0.149 %
Env #:0 Genome_id # :106 Fitness :-40251.95 Final Amt :1402.92 Days :236 Avg Daily Profit :-0.143 %
Env #:0 Genome_id # :69 Fitness :35845.13 Final Amt :1590.09 Days :236 Avg Daily Profit :-0.073 %
Env #:0 Genome_id # :110 Fitness :-8895.51 Final Amt :1696.42 Days :236 Avg Daily Profit :-0.068 %
Env #:0 Genome_id # :118 Fitness :0.0 Final Amt :2000.0 Days :236 Avg Daily Profit :0.0 %
Env #:0 Genome_id # :121 Fitness :2707.18 Final Amt :2236.38 Days :236 Avg Daily Profit :0.078 %
Env #:0 Genome_id # :124 Fitness :-1822.41 Final Amt :1624.7 Days :236 Avg Daily Profit :-0.081 %
Env #:0 Genome_id # :122 Fitness :-4618.61 Final Amt :1167.9 Days :236 Avg Daily Profit :-0.217 %
Env #:0 Genome_id # :115 Fitness :6177.52 Final Amt :3087.81 Days :236 Avg Daily Profit :0.21 %
Env #:0 Genome_id # :116 Fitness :11888.9 Final Amt :2735.83 Days :236 Avg Daily Profit :0.14 %
Env #:0 Genome_id # :58 Fitness :27264.78 Final Amt :2790.22 Days :236 Avg Daily Profit :0.164 %
Env #:0 Genome_id # :76 Fitness :25975.02 Final Amt :2605.47 Days :236 Avg Daily Profit :0.139 %
Env #:0 Genome_id # :942 Fitness :27672.4 Final Amt :6329.05 Days :236 Avg Daily Profit :0.501 %
Env #:0 Genome_id # :38 Fitness :28406.67 Final Amt :4598.62 Days :236 Avg Daily Profit :0.374 %
Env #:0 Genome_id # :114 Fitness :-4801.34 Final Amt :2454.97 Days :236 Avg Daily Profit :0.093 %
Env #:0 Genome_id # :119 Fitness :14021.01 Final Amt :3144.09 Days :236 Avg Daily Profit :0.217 %
Env #:0 Genome_id # :100 Fitness :32007.99 Final Amt :2676.06 Days :236 Avg Daily Profit :0.149 %
Env #:0 Genome_id # :113 Fitness :20516.77 Final Amt :2330.83 Days :236 Avg Daily Profit :0.088 %
Env #:0 Genome_id # :69 Fitness :35845.13 Final Amt :1590.09 Days :236 Avg Daily Profit :-0.073 %
Env #:0 Genome_id # :120 Fitness :22746.78 Final Amt :2501.35 Days :236 Avg Daily Profit :0.12 %
Env #:0 Genome_id # :126 Fitness :-6954.68 Final Amt :1678.03 Days :236 Avg Daily Profit :-0.055 %
Env #:0 Genome_id # :117 Fitness :-20412.69 Final Amt :1509.1 Days :236 Avg Daily Profit :-0.113 %
Env #:0 Genome_id # :125 Fitness :-12360.2 Final Amt :1722.72 Days :236 Avg Daily Profit :-0.057 %
Env #:0 Genome_id # :123 Fitness :20568.56 Final Amt :2565.38 Days :236 Avg Daily Profit :0.13 %
Env #:0 Genome_id # :136 Fitness :-1782.73 Final Amt :1623.72 Days :236 Avg Daily Profit :-0.081 %
Env #:0 Genome_id # :134 Fitness :1269.17 Final Amt :1760.49 Days :236 Avg Daily Profit :-0.047 %
Env #:0 Genome_id # :139 Fitness :2228.74 Final Amt :2804.88 Days :236 Avg Daily Profit :0.17 %
Env #:0 Genome_id # :140 Fitness :15185.52 Final Amt :5483.51 Days :236 Avg Daily Profit :0.445 %
Env #:0 Genome_id # :942 Fitness :27672.4 Final Amt :6329.05 Days :236 Avg Daily Profit :0.501 %
Env #:0 Genome_id # :58 Fitness :27264.78 Final Amt :2790.22 Days :236 Avg Daily Profit :0.164 %
Env #:0 Genome_id # :138 Fitness :-4063.16 Final Amt :2370.78 Days :236 Avg Daily Profit :0.093 %
Env #:0 Genome_id # :76 Fitness :25975.02 Final Amt :2605.47 Days :236 Avg Daily Profit :0.139 %
Env #:0 Genome_id # :128 Fitness :14181.8 Final Amt :2377.32 Days :236 Avg Daily Profit :0.098 %
Env #:0 Genome_id # :38 Fitness :28406.67 Final Amt :4598.62 Days :236 Avg Daily Profit :0.374 %
Env #:0 Genome_id # :127 Fitness :-213.42 Final Amt :2604.96 Days :236 Avg Daily Profit :0.122 %
Env #:0 Genome_id # :69 Fitness :35845.13 Final Amt :1590.09 Days :236 Avg Daily Profit :-0.073 %
Env #:0 Genome_id # :132 Fitness :26856.16 Final Amt :2670.09 Days :236 Avg Daily Profit :0.148 %
Env #:0 Genome_id # :130 Fitness :11866.39 Final Amt :2122.44 Days :236 Avg Daily Profit :0.048 %
Env #:0 Genome_id # :129 Fitness :13785.01 Final Amt :2248.08 Days :236 Avg Daily Profit :0.068 %
Env #:0 Genome_id # :137 Fitness :23608.22 Final Amt :1683.41 Days :236 Avg Daily Profit :-0.066 %
Env #:0 Genome_id # :131 Fitness :16002.38 Final Amt :2233.62 Days :236 Avg Daily Profit :0.069 %
Env #:0 Genome_id # :100 Fitness :32007.99 Final Amt :2676.06 Days :236 Avg Daily Profit :0.149 %
Env #:0 Genome_id # :135 Fitness :-8234.41 Final Amt :3126.38 Days :236 Avg Daily Profit :0.218 %
Env #:0 Genome_id # :133 Fitness :15851.4 Final Amt :2501.29 Days :236 Avg Daily Profit :0.119 %
Env #:0 Genome_id # :148 Fitness :4272.38 Final Amt :2120.52 Days :236 Avg Daily Profit :0.035 %
Env #:0 Genome_id # :145 Fitness :3944.03 Final Amt :2567.79 Days :236 Avg Daily Profit :0.134 %
Env #:0 Genome_id # :150 Fitness :-1456.52 Final Amt :1641.76 Days :236 Avg Daily Profit :-0.076 %
Env #:0 Genome_id # :149 Fitness :-1547.82 Final Amt :1562.07 Days :236 Avg Daily Profit :-0.096 %
Env #:0 Genome_id # :153 Fitness :4290.16 Final Amt :1696.29 Days :236 Avg Daily Profit :-0.061 %
Env #:0 Genome_id # :942 Fitness :27672.4 Final Amt :6329.05 Days :236 Avg Daily Profit :0.501 %
Env #:0 Genome_id # :146 Fitness :15489.59 Final Amt :2492.27 Days :236 Avg Daily Profit :0.118 %
Env #:0 Genome_id # :142 Fitness :19959.69 Final Amt :1922.35 Days :236 Avg Daily Profit :-0.001 %
Env #:0 Genome_id # :154 Fitness :-10448.95 Final Amt :1531.21 Days :236 Avg Daily Profit :-0.106 %
Env #:0 Genome_id # :144 Fitness :-10034.02 Final Amt :1862.39 Days :236 Avg Daily Profit :-0.022 %
Env #:0 Genome_id # :152 Fitness :8080.08 Final Amt :2683.97 Days :236 Avg Daily Profit :0.153 %
Env #:0 Genome_id # :38 Fitness :28406.67 Final Amt :4598.62 Days :236 Avg Daily Profit :0.374 %
Env #:0 Genome_id # :151 Fitness :-13130.67 Final Amt :1476.43 Days :236 Avg Daily Profit :-0.122 %
Env #:0 Genome_id # :58 Fitness :27264.78 Final Amt :2790.22 Days :236 Avg Daily Profit :0.164 %
Env #:0 Genome_id # :147 Fitness :18380.81 Final Amt :2328.08 Days :236 Avg Daily Profit :0.087 %
Env #:0 Genome_id # :100 Fitness :32007.99 Final Amt :2676.06 Days :236 Avg Daily Profit :0.149 %
Env #:0 Genome_id # :132 Fitness :26856.16 Final Amt :2670.09 Days :236 Avg Daily Profit :0.148 %
Env #:0 Genome_id # :143 Fitness :29468.19 Final Amt :2625.49 Days :236 Avg Daily Profit :0.14 %
Env #:0 Genome_id # :141 Fitness :10538.13 Final Amt :2144.55 Days :236 Avg Daily Profit :0.054 %
Env #:0 Genome_id # :69 Fitness :35845.13 Final Amt :1590.09 Days :236 Avg Daily Profit :-0.073 %
Env #:0 Genome_id # :162 Fitness :128.75 Final Amt :1984.62 Days :236 Avg Daily Profit :-0.003 %
Env #:0 Genome_id # :156 Fitness :2968.73 Final Amt :2258.08 Days :236 Avg Daily Profit :0.053 %
Env #:0 Genome_id # :166 Fitness :-1109.99 Final Amt :1205.86 Days :236 Avg Daily Profit :-0.207 %
Env #:0 Genome_id # :167 Fitness :4304.46 Final Amt :2597.22 Days :236 Avg Daily Profit :0.14 %
Env #:0 Genome_id # :159 Fitness :3752.08 Final Amt :2574.12 Days :236 Avg Daily Profit :0.136 %
Env #:0 Genome_id # :161 Fitness :-3201.08 Final Amt :2011.57 Days :236 Avg Daily Profit :0.007 %
Env #:0 Genome_id # :160 Fitness :7630.27 Final Amt :2487.98 Days :236 Avg Daily Profit :0.118 %
Env #:0 Genome_id # :165 Fitness :26029.29 Final Amt :5381.09 Days :236 Avg Daily Profit :0.433 %
Env #:0 Genome_id # :58 Fitness :27264.78 Final Amt :2790.22 Days :236 Avg Daily Profit :0.164 %
Env #:0 Genome_id # :164 Fitness :-7627.15 Final Amt :2296.57 Days :236 Avg Daily Profit :0.083 %
Env #:0 Genome_id # :143 Fitness :29468.19 Final Amt :2625.49 Days :236 Avg Daily Profit :0.14 %
Env #:0 Genome_id # :942 Fitness :27672.4 Final Amt :6329.05 Days :236 Avg Daily Profit :0.501 %
Env #:0 Genome_id # :38 Fitness :28406.67 Final Amt :4598.62 Days :236 Avg Daily Profit :0.374 %
Env #:0 Genome_id # :100 Fitness :32007.99 Final Amt :2676.06 Days :236 Avg Daily Profit :0.149 %
Env #:0 Genome_id # :155 Fitness :37938.57 Final Amt :2199.76 Days :236 Avg Daily Profit :0.063 %
Env #:0 Genome_id # :158 Fitness :19655.72 Final Amt :3059.74 Days :236 Avg Daily Profit :0.208 %
Env #:0 Genome_id # :168 Fitness :-12032.93 Final Amt :1521.22 Days :236 Avg Daily Profit :-0.11 %
Env #:0 Genome_id # :163 Fitness :28481.3 Final Amt :2588.93 Days :236 Avg Daily Profit :0.134 %
Env #:0 Genome_id # :69 Fitness :35845.13 Final Amt :1590.09 Days :236 Avg Daily Profit :-0.073 %
Env #:0 Genome_id # :157 Fitness :-8365.72 Final Amt :2778.56 Days :236 Avg Daily Profit :0.165 %
Env #:0 Genome_id # :169 Fitness :5261.85 Final Amt :2058.22 Days :236 Avg Daily Profit :0.014 %
Env #:0 Genome_id # :173 Fitness :1156.71 Final Amt :2635.53 Days :236 Avg Daily Profit :0.149 %
Env #:0 Genome_id # :172 Fitness :16248.03 Final Amt :4242.28 Days :236 Avg Daily Profit :0.339 %
Env #:0 Genome_id # :175 Fitness :23943.5 Final Amt :2956.33 Days :236 Avg Daily Profit :0.187 %
Env #:0 Genome_id # :942 Fitness :27672.4 Final Amt :6329.05 Days :236 Avg Daily Profit :0.501 %
Env #:0 Genome_id # :170 Fitness :24286.44 Final Amt :2423.52 Days :236 Avg Daily Profit :0.1 %
Env #:0 Genome_id # :171 Fitness :23497.47 Final Amt :1949.53 Days :236 Avg Daily Profit :-0.002 %
Env #:0 Genome_id # :178 Fitness :3759.67 Final Amt :2242.86 Days :236 Avg Daily Profit :0.07 %
Env #:0 Genome_id # :179 Fitness :22201.91 Final Amt :2442.32 Days :236 Avg Daily Profit :0.111 %
Env #:0 Genome_id # :182 Fitness :26887.05 Final Amt :2512.59 Days :236 Avg Daily Profit :0.121 %
Env #:0 Genome_id # :181 Fitness :3395.65 Final Amt :2289.81 Days :236 Avg Daily Profit :0.064 %
Env #:0 Genome_id # :100 Fitness :32007.99 Final Amt :2676.06 Days :236 Avg Daily Profit :0.149 %
Env #:0 Genome_id # :177 Fitness :25368.94 Final Amt :1822.24 Days :236 Avg Daily Profit :-0.036 %
Env #:0 Genome_id # :38 Fitness :28406.67 Final Amt :4598.62 Days :236 Avg Daily Profit :0.374 %
Env #:0 Genome_id # :155 Fitness :37938.57 Final Amt :2199.76 Days :236 Avg Daily Profit :0.063 %
Env #:0 Genome_id # :174 Fitness :-12997.48 Final Amt :1493.75 Days :236 Avg Daily Profit :-0.118 %
Env #:0 Genome_id # :176 Fitness :-18888.34 Final Amt :1675.28 Days :236 Avg Daily Profit :-0.07 %
Env #:0 Genome_id # :69 Fitness :35845.13 Final Amt :1590.09 Days :236 Avg Daily Profit :-0.073 %
Env #:0 Genome_id # :180 Fitness :33543.27 Final Amt :2581.36 Days :236 Avg Daily Profit :0.133 %
Env #:0 Genome_id # :143 Fitness :29468.19 Final Amt :2625.49 Days :236 Avg Daily Profit :0.14 %
Env #:0 Genome_id # :191 Fitness :0.0 Final Amt :2000.0 Days :236 Avg Daily Profit :0.0 %
Env #:0 Genome_id # :194 Fitness :6439.63 Final Amt :2686.59 Days :236 Avg Daily Profit :0.154 %
Env #:0 Genome_id # :187 Fitness :2532.91 Final Amt :2252.51 Days :236 Avg Daily Profit :0.076 %
Env #:0 Genome_id # :183 Fitness :-7169.22 Final Amt :1708.13 Days :236 Avg Daily Profit :-0.059 %
Env #:0 Genome_id # :942 Fitness :27672.4 Final Amt :6329.05 Days :236 Avg Daily Profit :0.501 %
Env #:0 Genome_id # :185 Fitness :-10360.22 Final Amt :2277.86 Days :236 Avg Daily Profit :0.08 %
Env #:0 Genome_id # :188 Fitness :3101.2 Final Amt :2055.8 Days :236 Avg Daily Profit :0.03 %
Env #:0 Genome_id # :186 Fitness :28637.23 Final Amt :6471.89 Days :236 Avg Daily Profit :0.509 %
Env #:0 Genome_id # :38 Fitness :28406.67 Final Amt :4598.62 Days :236 Avg Daily Profit :0.374 %
Env #:0 Genome_id # :189 Fitness :-3896.24 Final Amt :2410.35 Days :236 Avg Daily Profit :0.104 %
Env #:0 Genome_id # :190 Fitness :32548.79 Final Amt :2596.4 Days :236 Avg Daily Profit :0.136 %
Env #:0 Genome_id # :196 Fitness :24286.45 Final Amt :2483.92 Days :236 Avg Daily Profit :0.117 %
Env #:0 Genome_id # :184 Fitness :-22772.76 Final Amt :1971.96 Days :236 Avg Daily Profit :0.018 %
Env #:0 Genome_id # :155 Fitness :37938.57 Final Amt :2199.76 Days :236 Avg Daily Profit :0.063 %
Env #:0 Genome_id # :100 Fitness :32007.99 Final Amt :2676.06 Days :236 Avg Daily Profit :0.149 %
Env #:0 Genome_id # :69 Fitness :35845.13 Final Amt :1590.09 Days :236 Avg Daily Profit :-0.073 %
Env #:0 Genome_id # :192 Fitness :18676.07 Final Amt :2887.0 Days :236 Avg Daily Profit :0.183 %
Env #:0 Genome_id # :180 Fitness :33543.27 Final Amt :2581.36 Days :236 Avg Daily Profit :0.133 %
Env #:0 Genome_id # :193 Fitness :9410.31 Final Amt :2111.99 Days :236 Avg Daily Profit :0.048 %
Env #:0 Genome_id # :195 Fitness :-19139.95 Final Amt :1515.31 Days :236 Avg Daily Profit :-0.113 %
Env #:0 Genome_id # :198 Fitness :0.0 Final Amt :2000.0 Days :236 Avg Daily Profit :0.0 %
Env #:0 Genome_id # :203 Fitness :101.56 Final Amt :1654.06 Days :236 Avg Daily Profit :-0.075 %
Env #:0 Genome_id # :205 Fitness :-8220.05 Final Amt :1606.47 Days :236 Avg Daily Profit :-0.085 %
Env #:0 Genome_id # :201 Fitness :-2117.37 Final Amt :1601.99 Days :236 Avg Daily Profit :-0.087 %
Env #:0 Genome_id # :206 Fitness :10883.25 Final Amt :2573.83 Days :236 Avg Daily Profit :0.116 %
Env #:0 Genome_id # :200 Fitness :8439.76 Final Amt :3154.08 Days :236 Avg Daily Profit :0.207 %
Env #:0 Genome_id # :38 Fitness :28406.67 Final Amt :4598.62 Days :236 Avg Daily Profit :0.374 %
Env #:0 Genome_id # :186 Fitness :28637.23 Final Amt :6471.89 Days :236 Avg Daily Profit :0.509 %
Env #:0 Genome_id # :197 Fitness :27431.06 Final Amt :2008.39 Days :236 Avg Daily Profit :0.026 %
Env #:0 Genome_id # :190 Fitness :32548.79 Final Amt :2596.4 Days :236 Avg Daily Profit :0.136 %
Env #:0 Genome_id # :202 Fitness :11748.14 Final Amt :2626.1 Days :236 Avg Daily Profit :0.115 %
Env #:0 Genome_id # :207 Fitness :6496.5 Final Amt :1953.34 Days :236 Avg Daily Profit :0.007 %
Env #:0 Genome_id # :199 Fitness :-12595.81 Final Amt :1528.17 Days :236 Avg Daily Profit :-0.107 %
Env #:0 Genome_id # :69 Fitness :35845.13 Final Amt :1590.09 Days :236 Avg Daily Profit :-0.073 %
Env #:0 Genome_id # :208 Fitness :-32321.43 Final Amt :1534.41 Days :236 Avg Daily Profit :-0.104 %
Env #:0 Genome_id # :209 Fitness :-22073.12 Final Amt :1403.45 Days :236 Avg Daily Profit :-0.145 %
Env #:0 Genome_id # :155 Fitness :37938.57 Final Amt :2199.76 Days :236 Avg Daily Profit :0.063 %
Env #:0 Genome_id # :210 Fitness :11718.82 Final Amt :2220.94 Days :236 Avg Daily Profit :0.069 %
Env #:0 Genome_id # :180 Fitness :33543.27 Final Amt :2581.36 Days :236 Avg Daily Profit :0.133 %
Env #:0 Genome_id # :204 Fitness :22155.89 Final Amt :2433.56 Days :236 Avg Daily Profit :0.107 %
Env #:0 Genome_id # :214 Fitness :-1283.8 Final Amt :1967.55 Days :236 Avg Daily Profit :-0.007 %
Env #:0 Genome_id # :220 Fitness :1661.46 Final Amt :1868.83 Days :236 Avg Daily Profit :-0.024 %
Env #:0 Genome_id # :224 Fitness :5841.85 Final Amt :1948.43 Days :236 Avg Daily Profit :-0.004 %
Env #:0 Genome_id # :218 Fitness :2638.44 Final Amt :2274.0 Days :236 Avg Daily Profit :0.081 %
Env #:0 Genome_id # :215 Fitness :-1246.59 Final Amt :1658.28 Days :236 Avg Daily Profit :-0.074 %
Env #:0 Genome_id # :223 Fitness :3175.76 Final Amt :2283.22 Days :236 Avg Daily Profit :0.084 %
Env #:0 Genome_id # :221 Fitness :2439.11 Final Amt :2277.02 Days :236 Avg Daily Profit :0.081 %
Env #:0 Genome_id # :211 Fitness :14984.02 Final Amt :3592.55 Days :236 Avg Daily Profit :0.263 %
Env #:0 Genome_id # :38 Fitness :28406.67 Final Amt :4598.62 Days :236 Avg Daily Profit :0.374 %
Env #:0 Genome_id # :180 Fitness :33543.27 Final Amt :2581.36 Days :236 Avg Daily Profit :0.133 %
Env #:0 Genome_id # :213 Fitness :-10544.14 Final Amt :2426.44 Days :236 Avg Daily Profit :0.087 %
Env #:0 Genome_id # :186 Fitness :28637.23 Final Amt :6471.89 Days :236 Avg Daily Profit :0.509 %
Env #:0 Genome_id # :155 Fitness :37938.57 Final Amt :2199.76 Days :236 Avg Daily Profit :0.063 %
Env #:0 Genome_id # :190 Fitness :32548.79 Final Amt :2596.4 Days :236 Avg Daily Profit :0.136 %
Env #:0 Genome_id # :219 Fitness :26641.42 Final Amt :2546.74 Days :236 Avg Daily Profit :0.129 %
Env #:0 Genome_id # :217 Fitness :661.25 Final Amt :1949.3 Days :236 Avg Daily Profit :-0.009 %
Env #:0 Genome_id # :222 Fitness :-3081.52 Final Amt :2373.9 Days :236 Avg Daily Profit :0.096 %
Env #:0 Genome_id # :212 Fitness :-17316.82 Final Amt :1479.96 Days :236 Avg Daily Profit :-0.118 %
Env #:0 Genome_id # :69 Fitness :35845.13 Final Amt :1590.09 Days :236 Avg Daily Profit :-0.073 %
Env #:0 Genome_id # :216 Fitness :-9047.66 Final Amt :1728.96 Days :236 Avg Daily Profit :-0.057 %
Env #:0 Genome_id # :231 Fitness :7916.07 Final Amt :2653.77 Days :236 Avg Daily Profit :0.126 %
Env #:0 Genome_id # :226 Fitness :5803.09 Final Amt :2990.86 Days :236 Avg Daily Profit :0.204 %
Env #:0 Genome_id # :227 Fitness :10920.01 Final Amt :3477.32 Days :236 Avg Daily Profit :0.258 %
Env #:0 Genome_id # :229 Fitness :2614.6 Final Amt :2299.11 Days :236 Avg Daily Profit :0.085 %
Env #:0 Genome_id # :230 Fitness :974.8 Final Amt :1597.18 Days :236 Avg Daily Profit :-0.084 %
Env #:0 Genome_id # :233 Fitness :7325.78 Final Amt :2123.42 Days :236 Avg Daily Profit :0.031 %
Env #:0 Genome_id # :238 Fitness :9242.65 Final Amt :2090.28 Days :236 Avg Daily Profit :0.041 %
Env #:0 Genome_id # :236 Fitness :14924.12 Final Amt :3507.96 Days :236 Avg Daily Profit :0.259 %
Env #:0 Genome_id # :190 Fitness :32548.79 Final Amt :2596.4 Days :236 Avg Daily Profit :0.136 %
Env #:0 Genome_id # :69 Fitness :35845.13 Final Amt :1590.09 Days :236 Avg Daily Profit :-0.073 %
Env #:0 Genome_id # :225 Fitness :1477.67 Final Amt :2352.75 Days :236 Avg Daily Profit :0.1 %
Env #:0 Genome_id # :186 Fitness :28637.23 Final Amt :6471.89 Days :236 Avg Daily Profit :0.509 %
Env #:0 Genome_id # :38 Fitness :28406.67 Final Amt :4598.62 Days :236 Avg Daily Profit :0.374 %
Env #:0 Genome_id # :228 Fitness :-21396.22 Final Amt :1505.94 Days :236 Avg Daily Profit :-0.114 %
Env #:0 Genome_id # :237 Fitness :8873.26 Final Amt :2513.62 Days :236 Avg Daily Profit :0.119 %
Env #:0 Genome_id # :234 Fitness :-37679.83 Final Amt :1742.52 Days :236 Avg Daily Profit :-0.052 %
Env #:0 Genome_id # :155 Fitness :37938.57 Final Amt :2199.76 Days :236 Avg Daily Profit :0.063 %
Env #:0 Genome_id # :235 Fitness :-21786.72 Final Amt :1614.26 Days :236 Avg Daily Profit :-0.085 %
Env #:0 Genome_id # :180 Fitness :33543.27 Final Amt :2581.36 Days :236 Avg Daily Profit :0.133 %
Env #:0 Genome_id # :232 Fitness :-24917.07 Final Amt :1424.07 Days :236 Avg Daily Profit :-0.139 %
Env #:0 Genome_id # :252 Fitness :0.0 Final Amt :2000.0 Days :236 Avg Daily Profit :0.0 %
Env #:0 Genome_id # :250 Fitness :1393.06 Final Amt :1930.6 Days :236 Avg Daily Profit :-0.003 %
Env #:0 Genome_id # :244 Fitness :-3501.75 Final Amt :1725.25 Days :236 Avg Daily Profit :-0.054 %
Env #:0 Genome_id # :241 Fitness :3556.66 Final Amt :2222.12 Days :236 Avg Daily Profit :0.071 %
Env #:0 Genome_id # :240 Fitness :-365.45 Final Amt :1609.17 Days :236 Avg Daily Profit :-0.086 %
Env #:0 Genome_id # :249 Fitness :-2942.75 Final Amt :1898.4 Days :236 Avg Daily Profit :-0.003 %
Env #:0 Genome_id # :245 Fitness :16341.39 Final Amt :3185.06 Days :236 Avg Daily Profit :0.213 %
Env #:0 Genome_id # :242 Fitness :14665.99 Final Amt :2344.92 Days :236 Avg Daily Profit :0.079 %
Env #:0 Genome_id # :186 Fitness :28637.23 Final Amt :6471.89 Days :236 Avg Daily Profit :0.509 %
Env #:0 Genome_id # :239 Fitness :-1520.81 Final Amt :3088.67 Days :236 Avg Daily Profit :0.214 %
Env #:0 Genome_id # :190 Fitness :32548.79 Final Amt :2596.4 Days :236 Avg Daily Profit :0.136 %
Env #:0 Genome_id # :246 Fitness :-8450.65 Final Amt :1508.95 Days :236 Avg Daily Profit :-0.113 %
Env #:0 Genome_id # :38 Fitness :28406.67 Final Amt :4598.62 Days :236 Avg Daily Profit :0.374 %
Env #:0 Genome_id # :69 Fitness :35845.13 Final Amt :1590.09 Days :236 Avg Daily Profit :-0.073 %
Env #:0 Genome_id # :248 Fitness :16011.13 Final Amt :2242.77 Days :236 Avg Daily Profit :0.071 %
Env #:0 Genome_id # :155 Fitness :37938.57 Final Amt :2199.76 Days :236 Avg Daily Profit :0.063 %
Env #:0 Genome_id # :180 Fitness :33543.27 Final Amt :2581.36 Days :236 Avg Daily Profit :0.133 %
Env #:0 Genome_id # :251 Fitness :16387.05 Final Amt :2337.65 Days :236 Avg Daily Profit :0.089 %
Env #:0 Genome_id # :243 Fitness :-4670.96 Final Amt :1389.46 Days :236 Avg Daily Profit :-0.15 %
Env #:0 Genome_id # :247 Fitness :-24049.07 Final Amt :1639.51 Days :236 Avg Daily Profit :-0.078 %
Env #:0 Genome_id # :260 Fitness :631.99 Final Amt :2026.76 Days :236 Avg Daily Profit :0.006 %
Env #:0 Genome_id # :253 Fitness :-1096.03 Final Amt :1905.78 Days :236 Avg Daily Profit :-0.02 %
Env #:0 Genome_id # :257 Fitness :-2844.78 Final Amt :1415.9 Days :236 Avg Daily Profit :-0.137 %
Env #:0 Genome_id # :254 Fitness :3300.88 Final Amt :1579.23 Days :236 Avg Daily Profit :-0.093 %
Env #:0 Genome_id # :265 Fitness :-2314.1 Final Amt :1610.76 Days :236 Avg Daily Profit :-0.084 %
Env #:0 Genome_id # :261 Fitness :-1427.89 Final Amt :1666.46 Days :236 Avg Daily Profit :-0.07 %
Env #:0 Genome_id # :256 Fitness :1076.34 Final Amt :1697.14 Days :236 Avg Daily Profit :-0.054 %
Env #:0 Genome_id # :262 Fitness :13665.4 Final Amt :2528.99 Days :236 Avg Daily Profit :0.125 %
Env #:0 Genome_id # :186 Fitness :28637.23 Final Amt :6471.89 Days :236 Avg Daily Profit :0.509 %
Env #:0 Genome_id # :190 Fitness :32548.79 Final Amt :2596.4 Days :236 Avg Daily Profit :0.136 %
Env #:0 Genome_id # :38 Fitness :28406.67 Final Amt :4598.62 Days :236 Avg Daily Profit :0.374 %
Env #:0 Genome_id # :264 Fitness :-2187.71 Final Amt :1771.28 Days :236 Avg Daily Profit :-0.034 %
Env #:0 Genome_id # :255 Fitness :16216.71 Final Amt :2383.89 Days :236 Avg Daily Profit :0.08 %
Env #:0 Genome_id # :258 Fitness :-3901.88 Final Amt :1885.32 Days :236 Avg Daily Profit :-0.019 %
Env #:0 Genome_id # :259 Fitness :18082.96 Final Amt :6385.7 Days :236 Avg Daily Profit :0.507 %
Env #:0 Genome_id # :266 Fitness :23648.27 Final Amt :2522.76 Days :236 Avg Daily Profit :0.124 %
Env #:0 Genome_id # :263 Fitness :-12166.32 Final Amt :1641.56 Days :236 Avg Daily Profit :-0.08 %
Env #:0 Genome_id # :69 Fitness :35845.13 Final Amt :1590.09 Days :236 Avg Daily Profit :-0.073 %
Env #:0 Genome_id # :180 Fitness :33543.27 Final Amt :2581.36 Days :236 Avg Daily Profit :0.133 %
Env #:0 Genome_id # :155 Fitness :37938.57 Final Amt :2199.76 Days :236 Avg Daily Profit :0.063 %
Env #:0 Genome_id # :270 Fitness :4282.23 Final Amt :2868.79 Days :236 Avg Daily Profit :0.181 %
Env #:0 Genome_id # :268 Fitness :14261.67 Final Amt :3222.43 Days :236 Avg Daily Profit :0.209 %
Env #:0 Genome_id # :273 Fitness :25385.65 Final Amt :5444.07 Days :236 Avg Daily Profit :0.431 %
Env #:0 Genome_id # :276 Fitness :11440.35 Final Amt :3360.29 Days :236 Avg Daily Profit :0.243 %
Env #:0 Genome_id # :267 Fitness :7905.26 Final Amt :914.1 Days :236 Avg Daily Profit :-0.315 %
Env #:0 Genome_id # :186 Fitness :28637.23 Final Amt :6471.89 Days :236 Avg Daily Profit :0.509 %
Env #:0 Genome_id # :190 Fitness :32548.79 Final Amt :2596.4 Days :236 Avg Daily Profit :0.136 %
Env #:0 Genome_id # :278 Fitness :2632.4 Final Amt :2862.12 Days :236 Avg Daily Profit :0.174 %
Env #:0 Genome_id # :280 Fitness :22490.4 Final Amt :2413.15 Days :236 Avg Daily Profit :0.105 %
Env #:0 Genome_id # :69 Fitness :35845.13 Final Amt :1590.09 Days :236 Avg Daily Profit :-0.073 %
Env #:0 Genome_id # :38 Fitness :28406.67 Final Amt :4598.62 Days :236 Avg Daily Profit :0.374 %
Env #:0 Genome_id # :277 Fitness :-12150.12 Final Amt :1637.29 Days :236 Avg Daily Profit :-0.081 %
Env #:0 Genome_id # :269 Fitness :26772.46 Final Amt :3443.53 Days :236 Avg Daily Profit :0.243 %
Env #:0 Genome_id # :180 Fitness :33543.27 Final Amt :2581.36 Days :236 Avg Daily Profit :0.133 %
Env #:0 Genome_id # :274 Fitness :25786.53 Final Amt :2649.36 Days :236 Avg Daily Profit :0.145 %
Env #:0 Genome_id # :279 Fitness :-24238.04 Final Amt :1437.68 Days :236 Avg Daily Profit :-0.137 %
Env #:0 Genome_id # :155 Fitness :37938.57 Final Amt :2199.76 Days :236 Avg Daily Profit :0.063 %
Env #:0 Genome_id # :275 Fitness :-26437.91 Final Amt :1429.78 Days :236 Avg Daily Profit :-0.135 %
Env #:0 Genome_id # :271 Fitness :-21505.95 Final Amt :1526.61 Days :236 Avg Daily Profit :-0.111 %
Env #:0 Genome_id # :272 Fitness :-20970.79 Final Amt :1546.15 Days :236 Avg Daily Profit :-0.104 %
Env #:0 Genome_id # :291 Fitness :0.0 Final Amt :2000.0 Days :236 Avg Daily Profit :0.0 %
Env #:0 Genome_id # :283 Fitness :-2252.48 Final Amt :1602.96 Days :236 Avg Daily Profit :-0.087 %
Env #:0 Genome_id # :286 Fitness :-1181.99 Final Amt :1685.98 Days :236 Avg Daily Profit :-0.065 %
Env #:0 Genome_id # :289 Fitness :14364.02 Final Amt :4441.63 Days :236 Avg Daily Profit :0.358 %
Env #:0 Genome_id # :293 Fitness :11216.82 Final Amt :3195.59 Days :236 Avg Daily Profit :0.223 %
Env #:0 Genome_id # :186 Fitness :28637.23 Final Amt :6471.89 Days :236 Avg Daily Profit :0.509 %
Env #:0 Genome_id # :292 Fitness :22846.65 Final Amt :2718.76 Days :236 Avg Daily Profit :0.157 %
Env #:0 Genome_id # :284 Fitness :2901.99 Final Amt :1887.63 Days :236 Avg Daily Profit :-0.008 %
Env #:0 Genome_id # :287 Fitness :6832.15 Final Amt :2965.49 Days :236 Avg Daily Profit :0.18 %
Env #:0 Genome_id # :190 Fitness :32548.79 Final Amt :2596.4 Days :236 Avg Daily Profit :0.136 %
Env #:0 Genome_id # :38 Fitness :28406.67 Final Amt :4598.62 Days :236 Avg Daily Profit :0.374 %
Env #:0 Genome_id # :294 Fitness :-9646.62 Final Amt :2977.43 Days :236 Avg Daily Profit :0.195 %
Env #:0 Genome_id # :290 Fitness :35569.99 Final Amt :2470.82 Days :236 Avg Daily Profit :0.114 %
Env #:0 Genome_id # :281 Fitness :19539.83 Final Amt :2464.24 Days :236 Avg Daily Profit :0.112 %
Env #:0 Genome_id # :69 Fitness :35845.13 Final Amt :1590.09 Days :236 Avg Daily Profit :-0.073 %
Env #:0 Genome_id # :155 Fitness :37938.57 Final Amt :2199.76 Days :236 Avg Daily Profit :0.063 %
Env #:0 Genome_id # :285 Fitness :-15113.74 Final Amt :1476.45 Days :236 Avg Daily Profit :-0.123 %
Env #:0 Genome_id # :282 Fitness :-24121.98 Final Amt :1477.87 Days :236 Avg Daily Profit :-0.123 %
Env #:0 Genome_id # :288 Fitness :36715.99 Final Amt :2627.09 Days :236 Avg Daily Profit :0.141 %
Env #:0 Genome_id # :180 Fitness :33543.27 Final Amt :2581.36 Days :236 Avg Daily Profit :0.133 %
Env #:0 Genome_id # :306 Fitness :0.0 Final Amt :2000.0 Days :236 Avg Daily Profit :0.0 %
Env #:0 Genome_id # :305 Fitness :2687.6 Final Amt :2162.34 Days :236 Avg Daily Profit :0.05 %
Env #:0 Genome_id # :301 Fitness :1619.82 Final Amt :1564.43 Days :236 Avg Daily Profit :-0.097 %
Env #:0 Genome_id # :186 Fitness :28637.23 Final Amt :6471.89 Days :236 Avg Daily Profit :0.509 %
Env #:0 Genome_id # :296 Fitness :-2834.76 Final Amt :3205.85 Days :236 Avg Daily Profit :0.224 %
Env #:0 Genome_id # :297 Fitness :13497.81 Final Amt :3159.99 Days :236 Avg Daily Profit :0.211 %
Env #:0 Genome_id # :298 Fitness :18829.77 Final Amt :2004.03 Days :236 Avg Daily Profit :0.017 %
Env #:0 Genome_id # :308 Fitness :-1872.18 Final Amt :2026.97 Days :236 Avg Daily Profit :0.008 %
Env #:0 Genome_id # :299 Fitness :-14999.45 Final Amt :1999.89 Days :236 Avg Daily Profit :0.022 %
Env #:0 Genome_id # :303 Fitness :32579.53 Final Amt :2512.47 Days :236 Avg Daily Profit :0.121 %
Env #:0 Genome_id # :288 Fitness :36715.99 Final Amt :2627.09 Days :236 Avg Daily Profit :0.141 %
Env #:0 Genome_id # :300 Fitness :8695.77 Final Amt :1901.2 Days :236 Avg Daily Profit :0.002 %
Env #:0 Genome_id # :69 Fitness :35845.13 Final Amt :1590.09 Days :236 Avg Daily Profit :-0.073 %
Env #:0 Genome_id # :307 Fitness :-29239.5 Final Amt :1641.18 Days :236 Avg Daily Profit :-0.077 %
Env #:0 Genome_id # :155 Fitness :37938.57 Final Amt :2199.76 Days :236 Avg Daily Profit :0.063 %
Env #:0 Genome_id # :180 Fitness :33543.27 Final Amt :2581.36 Days :236 Avg Daily Profit :0.133 %
Env #:0 Genome_id # :290 Fitness :35569.99 Final Amt :2470.82 Days :236 Avg Daily Profit :0.114 %
Env #:0 Genome_id # :304 Fitness :-19251.03 Final Amt :2190.24 Days :236 Avg Daily Profit :0.062 %
Env #:0 Genome_id # :302 Fitness :22653.25 Final Amt :2822.33 Days :236 Avg Daily Profit :0.171 %
Env #:0 Genome_id # :295 Fitness :-24974.01 Final Amt :1644.6 Days :236 Avg Daily Profit :-0.079 %
Env #:0 Genome_id # :310 Fitness :9178.88 Final Amt :2156.23 Days :236 Avg Daily Profit :0.033 %
Env #:0 Genome_id # :312 Fitness :-1421.2 Final Amt :1976.54 Days :236 Avg Daily Profit :0.001 %
Env #:0 Genome_id # :316 Fitness :3363.28 Final Amt :2288.64 Days :236 Avg Daily Profit :0.084 %
Env #:0 Genome_id # :318 Fitness :-2040.15 Final Amt :1640.88 Days :236 Avg Daily Profit :-0.076 %
Env #:0 Genome_id # :320 Fitness :4923.87 Final Amt :2767.06 Days :236 Avg Daily Profit :0.14 %
Env #:0 Genome_id # :313 Fitness :42.96 Final Amt :1563.14 Days :236 Avg Daily Profit :-0.097 %
Env #:0 Genome_id # :321 Fitness :-1615.78 Final Amt :1610.05 Days :236 Avg Daily Profit :-0.084 %
Env #:0 Genome_id # :322 Fitness :6704.02 Final Amt :2316.24 Days :236 Avg Daily Profit :0.073 %
Env #:0 Genome_id # :311 Fitness :-8173.31 Final Amt :1707.79 Days :236 Avg Daily Profit :-0.052 %
Env #:0 Genome_id # :309 Fitness :-14721.67 Final Amt :1591.11 Days :236 Avg Daily Profit :-0.089 %
Env #:0 Genome_id # :186 Fitness :28637.23 Final Amt :6471.89 Days :236 Avg Daily Profit :0.509 %
Env #:0 Genome_id # :319 Fitness :-38525.88 Final Amt :1731.33 Days :236 Avg Daily Profit :-0.054 %
Env #:0 Genome_id # :288 Fitness :36715.99 Final Amt :2627.09 Days :236 Avg Daily Profit :0.141 %
Env #:0 Genome_id # :315 Fitness :32505.16 Final Amt :2538.05 Days :236 Avg Daily Profit :0.126 %
Env #:0 Genome_id # :290 Fitness :35569.99 Final Amt :2470.82 Days :236 Avg Daily Profit :0.114 %
Env #:0 Genome_id # :69 Fitness :35845.13 Final Amt :1590.09 Days :236 Avg Daily Profit :-0.073 %
Env #:0 Genome_id # :155 Fitness :37938.57 Final Amt :2199.76 Days :236 Avg Daily Profit :0.063 %
Env #:0 Genome_id # :317 Fitness :10854.02 Final Amt :2527.52 Days :236 Avg Daily Profit :0.123 %
Env #:0 Genome_id # :314 Fitness :28734.22 Final Amt :2627.7 Days :236 Avg Daily Profit :0.14 %
Env #:0 Genome_id # :180 Fitness :33543.27 Final Amt :2581.36 Days :236 Avg Daily Profit :0.133 %
Env #:0 Genome_id # :335 Fitness :0.0 Final Amt :2000.0 Days :236 Avg Daily Profit :0.0 %
Env #:0 Genome_id # :327 Fitness :720.81 Final Amt :2276.3 Days :236 Avg Daily Profit :0.058 %
Env #:0 Genome_id # :323 Fitness :5901.6 Final Amt :2474.07 Days :236 Avg Daily Profit :0.117 %
Env #:0 Genome_id # :332 Fitness :67.95 Final Amt :2107.85 Days :236 Avg Daily Profit :0.025 %
Env #:0 Genome_id # :326 Fitness :1577.47 Final Amt :1991.74 Days :236 Avg Daily Profit :0.01 %
Env #:0 Genome_id # :334 Fitness :-5207.03 Final Amt :2299.42 Days :236 Avg Daily Profit :0.072 %
Env #:0 Genome_id # :328 Fitness :17175.94 Final Amt :2453.0 Days :236 Avg Daily Profit :0.105 %
Env #:0 Genome_id # :325 Fitness :13633.21 Final Amt :2584.64 Days :236 Avg Daily Profit :0.126 %
Env #:0 Genome_id # :288 Fitness :36715.99 Final Amt :2627.09 Days :236 Avg Daily Profit :0.141 %
Env #:0 Genome_id # :333 Fitness :21605.91 Final Amt :2464.12 Days :236 Avg Daily Profit :0.114 %
Env #:0 Genome_id # :329 Fitness :20984.5 Final Amt :6100.19 Days :236 Avg Daily Profit :0.493 %
Env #:0 Genome_id # :314 Fitness :28734.22 Final Amt :2627.7 Days :236 Avg Daily Profit :0.14 %
Env #:0 Genome_id # :155 Fitness :37938.57 Final Amt :2199.76 Days :236 Avg Daily Profit :0.063 %
Env #:0 Genome_id # :336 Fitness :25436.54 Final Amt :2641.67 Days :236 Avg Daily Profit :0.144 %
Env #:0 Genome_id # :290 Fitness :35569.99 Final Amt :2470.82 Days :236 Avg Daily Profit :0.114 %
Env #:0 Genome_id # :331 Fitness :-22182.83 Final Amt :1589.57 Days :236 Avg Daily Profit :-0.092 %
Env #:0 Genome_id # :324 Fitness :-10775.53 Final Amt :3057.78 Days :236 Avg Daily Profit :0.21 %
Env #:0 Genome_id # :69 Fitness :35845.13 Final Amt :1590.09 Days :236 Avg Daily Profit :-0.073 %
Env #:0 Genome_id # :330 Fitness :13450.12 Final Amt :2616.49 Days :236 Avg Daily Profit :0.139 %
Env #:0 Genome_id # :180 Fitness :33543.27 Final Amt :2581.36 Days :236 Avg Daily Profit :0.133 %
Env #:0 Genome_id # :341 Fitness :3376.14 Final Amt :2068.21 Days :236 Avg Daily Profit :0.015 %
Env #:0 Genome_id # :340 Fitness :4033.27 Final Amt :2015.29 Days :236 Avg Daily Profit :0.004 %
Env #:0 Genome_id # :344 Fitness :5450.7 Final Amt :2049.67 Days :236 Avg Daily Profit :0.011 %
Env #:0 Genome_id # :348 Fitness :3117.12 Final Amt :2314.4 Days :236 Avg Daily Profit :0.088 %
Env #:0 Genome_id # :343 Fitness :3518.54 Final Amt :2586.7 Days :236 Avg Daily Profit :0.138 %
Env #:0 Genome_id # :347 Fitness :18097.85 Final Amt :2495.31 Days :236 Avg Daily Profit :0.122 %
Env #:0 Genome_id # :337 Fitness :1639.8 Final Amt :1733.41 Days :236 Avg Daily Profit :-0.055 %
Env #:0 Genome_id # :339 Fitness :-12062.63 Final Amt :1387.94 Days :236 Avg Daily Profit :-0.151 %
Env #:0 Genome_id # :346 Fitness :-8697.3 Final Amt :2032.5 Days :236 Avg Daily Profit :0.021 %
Env #:0 Genome_id # :314 Fitness :28734.22 Final Amt :2627.7 Days :236 Avg Daily Profit :0.14 %
Env #:0 Genome_id # :338 Fitness :-15019.29 Final Amt :2273.45 Days :236 Avg Daily Profit :0.077 %
Env #:0 Genome_id # :288 Fitness :36715.99 Final Amt :2627.09 Days :236 Avg Daily Profit :0.141 %
Env #:0 Genome_id # :290 Fitness :35569.99 Final Amt :2470.82 Days :236 Avg Daily Profit :0.114 %
Env #:0 Genome_id # :69 Fitness :35845.13 Final Amt :1590.09 Days :236 Avg Daily Profit :-0.073 %
Env #:0 Genome_id # :345 Fitness :-27535.07 Final Amt :1525.55 Days :236 Avg Daily Profit :-0.109 %
Env #:0 Genome_id # :180 Fitness :33543.27 Final Amt :2581.36 Days :236 Avg Daily Profit :0.133 %
Env #:0 Genome_id # :342 Fitness :11137.91 Final Amt :2752.76 Days :236 Avg Daily Profit :0.163 %
Env #:0 Genome_id # :350 Fitness :27297.19 Final Amt :2542.21 Days :236 Avg Daily Profit :0.127 %
Env #:0 Genome_id # :155 Fitness :37938.57 Final Amt :2199.76 Days :236 Avg Daily Profit :0.063 %
Env #:0 Genome_id # :349 Fitness :26938.01 Final Amt :2506.22 Days :236 Avg Daily Profit :0.121 %
Env #:0 Genome_id # :355 Fitness :0.0 Final Amt :2000.0 Days :236 Avg Daily Profit :0.0 %
Env #:0 Genome_id # :356 Fitness :3196.55 Final Amt :1888.61 Days :236 Avg Daily Profit :-0.013 %
Env #:0 Genome_id # :351 Fitness :-2409.47 Final Amt :1478.73 Days :236 Avg Daily Profit :-0.117 %
Env #:0 Genome_id # :358 Fitness :-8572.37 Final Amt :1341.69 Days :236 Avg Daily Profit :-0.162 %
Env #:0 Genome_id # :354 Fitness :1800.21 Final Amt :2211.86 Days :236 Avg Daily Profit :0.074 %
Env #:0 Genome_id # :364 Fitness :9603.94 Final Amt :3072.45 Days :236 Avg Daily Profit :0.205 %
Env #:0 Genome_id # :290 Fitness :35569.99 Final Amt :2470.82 Days :236 Avg Daily Profit :0.114 %
Env #:0 Genome_id # :360 Fitness :9426.18 Final Amt :2817.33 Days :236 Avg Daily Profit :0.169 %
Env #:0 Genome_id # :362 Fitness :13881.67 Final Amt :2235.55 Days :236 Avg Daily Profit :0.066 %
Env #:0 Genome_id # :352 Fitness :-1136.98 Final Amt :1634.62 Days :236 Avg Daily Profit :-0.077 %
Env #:0 Genome_id # :353 Fitness :-1749.14 Final Amt :1615.9 Days :236 Avg Daily Profit :-0.084 %
Env #:0 Genome_id # :363 Fitness :-21520.21 Final Amt :1734.94 Days :236 Avg Daily Profit :-0.052 %
Env #:0 Genome_id # :359 Fitness :20044.2 Final Amt :2460.97 Days :236 Avg Daily Profit :0.114 %
Env #:0 Genome_id # :361 Fitness :-2950.14 Final Amt :3504.24 Days :236 Avg Daily Profit :0.26 %
Env #:0 Genome_id # :288 Fitness :36715.99 Final Amt :2627.09 Days :236 Avg Daily Profit :0.141 %
Env #:0 Genome_id # :314 Fitness :28734.22 Final Amt :2627.7 Days :236 Avg Daily Profit :0.14 %
Env #:0 Genome_id # :180 Fitness :33543.27 Final Amt :2581.36 Days :236 Avg Daily Profit :0.133 %
Env #:0 Genome_id # :69 Fitness :35845.13 Final Amt :1590.09 Days :236 Avg Daily Profit :-0.073 %
Env #:0 Genome_id # :357 Fitness :15469.85 Final Amt :2659.98 Days :236 Avg Daily Profit :0.149 %
Env #:0 Genome_id # :155 Fitness :37938.57 Final Amt :2199.76 Days :236 Avg Daily Profit :0.063 %
Env #:0 Genome_id # :372 Fitness :-918.82 Final Amt :1826.04 Days :236 Avg Daily Profit :-0.038 %
Env #:0 Genome_id # :374 Fitness :0.0 Final Amt :2000.0 Days :236 Avg Daily Profit :0.0 %
Env #:0 Genome_id # :367 Fitness :6331.85 Final Amt :2417.35 Days :236 Avg Daily Profit :0.082 %
Env #:0 Genome_id # :365 Fitness :3104.66 Final Amt :1924.27 Days :236 Avg Daily Profit :-0.011 %
Env #:0 Genome_id # :366 Fitness :2791.32 Final Amt :1781.09 Days :236 Avg Daily Profit :-0.029 %
Env #:0 Genome_id # :377 Fitness :7959.35 Final Amt :3361.69 Days :236 Avg Daily Profit :0.249 %
Env #:0 Genome_id # :370 Fitness :8700.76 Final Amt :2115.76 Days :236 Avg Daily Profit :0.043 %
Env #:0 Genome_id # :378 Fitness :35105.54 Final Amt :2674.45 Days :236 Avg Daily Profit :0.148 %
Env #:0 Genome_id # :373 Fitness :-29168.64 Final Amt :1534.5 Days :236 Avg Daily Profit :-0.106 %
Env #:0 Genome_id # :375 Fitness :-26174.04 Final Amt :1610.16 Days :236 Avg Daily Profit :-0.089 %
Env #:0 Genome_id # :314 Fitness :28734.22 Final Amt :2627.7 Days :236 Avg Daily Profit :0.14 %
Env #:0 Genome_id # :371 Fitness :-36801.71 Final Amt :1486.88 Days :236 Avg Daily Profit :-0.122 %
Env #:0 Genome_id # :376 Fitness :12966.34 Final Amt :2261.02 Days :236 Avg Daily Profit :0.074 %
Env #:0 Genome_id # :69 Fitness :35845.13 Final Amt :1590.09 Days :236 Avg Daily Profit :-0.073 %
Env #:0 Genome_id # :288 Fitness :36715.99 Final Amt :2627.09 Days :236 Avg Daily Profit :0.141 %
Env #:0 Genome_id # :368 Fitness :42903.1 Final Amt :2668.39 Days :236 Avg Daily Profit :0.146 %
Env #:0 Genome_id # :155 Fitness :37938.57 Final Amt :2199.76 Days :236 Avg Daily Profit :0.063 %
Env #:0 Genome_id # :290 Fitness :35569.99 Final Amt :2470.82 Days :236 Avg Daily Profit :0.114 %
Env #:0 Genome_id # :180 Fitness :33543.27 Final Amt :2581.36 Days :236 Avg Daily Profit :0.133 %
Env #:0 Genome_id # :369 Fitness :-29617.66 Final Amt :1599.0 Days :236 Avg Daily Profit :-0.092 %
Env #:0 Genome_id # :385 Fitness :-293.18 Final Amt :1969.2 Days :236 Avg Daily Profit :-0.006 %
Env #:0 Genome_id # :381 Fitness :832.85 Final Amt :2171.0 Days :236 Avg Daily Profit :0.038 %
Env #:0 Genome_id # :388 Fitness :19268.47 Final Amt :3300.84 Days :236 Avg Daily Profit :0.231 %
Env #:0 Genome_id # :384 Fitness :2704.84 Final Amt :2281.81 Days :236 Avg Daily Profit :0.082 %
Env #:0 Genome_id # :392 Fitness :-4192.7 Final Amt :1628.74 Days :236 Avg Daily Profit :-0.08 %
Env #:0 Genome_id # :380 Fitness :-18027.14 Final Amt :1536.79 Days :236 Avg Daily Profit :-0.104 %
Env #:0 Genome_id # :386 Fitness :-9487.41 Final Amt :1837.41 Days :236 Avg Daily Profit :-0.031 %
Env #:0 Genome_id # :387 Fitness :17781.37 Final Amt :2886.07 Days :236 Avg Daily Profit :0.182 %
Env #:0 Genome_id # :290 Fitness :35569.99 Final Amt :2470.82 Days :236 Avg Daily Profit :0.114 %
Env #:0 Genome_id # :69 Fitness :35845.13 Final Amt :1590.09 Days :236 Avg Daily Profit :-0.073 %
Env #:0 Genome_id # :391 Fitness :32179.94 Final Amt :2555.56 Days :236 Avg Daily Profit :0.128 %
Env #:0 Genome_id # :389 Fitness :-4715.54 Final Amt :2372.91 Days :236 Avg Daily Profit :0.09 %
Env #:0 Genome_id # :382 Fitness :10283.12 Final Amt :2471.24 Days :236 Avg Daily Profit :0.115 %
Env #:0 Genome_id # :378 Fitness :35105.54 Final Amt :2674.45 Days :236 Avg Daily Profit :0.148 %
Env #:0 Genome_id # :155 Fitness :37938.57 Final Amt :2199.76 Days :236 Avg Daily Profit :0.063 %
Env #:0 Genome_id # :383 Fitness :21355.24 Final Amt :2379.77 Days :236 Avg Daily Profit :0.096 %
Env #:0 Genome_id # :288 Fitness :36715.99 Final Amt :2627.09 Days :236 Avg Daily Profit :0.141 %
Env #:0 Genome_id # :368 Fitness :42903.1 Final Amt :2668.39 Days :236 Avg Daily Profit :0.146 %
Env #:0 Genome_id # :379 Fitness :22556.74 Final Amt :2356.1 Days :236 Avg Daily Profit :0.093 %
Env #:0 Genome_id # :390 Fitness :22459.84 Final Amt :2479.56 Days :236 Avg Daily Profit :0.114 %
Env #:0 Genome_id # :405 Fitness :2141.04 Final Amt :1987.38 Days :236 Avg Daily Profit :-0.003 %
Env #:0 Genome_id # :395 Fitness :603.9 Final Amt :1933.49 Days :236 Avg Daily Profit :-0.013 %
Env #:0 Genome_id # :404 Fitness :385.18 Final Amt :1979.38 Days :236 Avg Daily Profit :-0.001 %
Env #:0 Genome_id # :397 Fitness :-1455.09 Final Amt :1643.25 Days :236 Avg Daily Profit :-0.076 %
Env #:0 Genome_id # :399 Fitness :-1943.16 Final Amt :1624.64 Days :236 Avg Daily Profit :-0.08 %
Env #:0 Genome_id # :402 Fitness :-2884.85 Final Amt :1634.46 Days :236 Avg Daily Profit :-0.078 %
Env #:0 Genome_id # :401 Fitness :-2679.98 Final Amt :1596.97 Days :236 Avg Daily Profit :-0.088 %
Env #:0 Genome_id # :396 Fitness :10239.68 Final Amt :2601.6 Days :236 Avg Daily Profit :0.137 %
Env #:0 Genome_id # :393 Fitness :19793.0 Final Amt :2584.68 Days :236 Avg Daily Profit :0.13 %
Env #:0 Genome_id # :398 Fitness :17718.5 Final Amt :2357.25 Days :236 Avg Daily Profit :0.096 %
Env #:0 Genome_id # :378 Fitness :35105.54 Final Amt :2674.45 Days :236 Avg Daily Profit :0.148 %
Env #:0 Genome_id # :400 Fitness :-13793.31 Final Amt :1532.2 Days :236 Avg Daily Profit :-0.107 %
Env #:0 Genome_id # :290 Fitness :35569.99 Final Amt :2470.82 Days :236 Avg Daily Profit :0.114 %
Env #:0 Genome_id # :155 Fitness :37938.57 Final Amt :2199.76 Days :236 Avg Daily Profit :0.063 %
Env #:0 Genome_id # :69 Fitness :35845.13 Final Amt :1590.09 Days :236 Avg Daily Profit :-0.073 %
Env #:0 Genome_id # :403 Fitness :3184.31 Final Amt :1562.02 Days :236 Avg Daily Profit :-0.095 %
Env #:0 Genome_id # :368 Fitness :42903.1 Final Amt :2668.39 Days :236 Avg Daily Profit :0.146 %
Env #:0 Genome_id # :394 Fitness :-38911.03 Final Amt :1582.65 Days :236 Avg Daily Profit :-0.094 %
Env #:0 Genome_id # :288 Fitness :36715.99 Final Amt :2627.09 Days :236 Avg Daily Profit :0.141 %
Env #:0 Genome_id # :406 Fitness :24878.32 Final Amt :2528.46 Days :236 Avg Daily Profit :0.123 %
Env #:0 Genome_id # :414 Fitness :-7.91 Final Amt :1997.92 Days :236 Avg Daily Profit :-0.0 %
Env #:0 Genome_id # :420 Fitness :2511.46 Final Amt :2113.5 Days :236 Avg Daily Profit :0.024 %
Env #:0 Genome_id # :419 Fitness :1113.08 Final Amt :1914.78 Days :236 Avg Daily Profit :-0.018 %
Env #:0 Genome_id # :416 Fitness :-1609.83 Final Amt :1627.66 Days :236 Avg Daily Profit :-0.08 %
Env #:0 Genome_id # :410 Fitness :8015.45 Final Amt :2266.97 Days :236 Avg Daily Profit :0.078 %
Env #:0 Genome_id # :415 Fitness :22711.08 Final Amt :4408.99 Days :236 Avg Daily Profit :0.338 %
Env #:0 Genome_id # :407 Fitness :26724.59 Final Amt :2663.6 Days :236 Avg Daily Profit :0.146 %
Env #:0 Genome_id # :409 Fitness :26987.74 Final Amt :2474.39 Days :236 Avg Daily Profit :0.116 %
Env #:0 Genome_id # :408 Fitness :-26201.53 Final Amt :1581.76 Days :236 Avg Daily Profit :-0.094 %
Env #:0 Genome_id # :378 Fitness :35105.54 Final Amt :2674.45 Days :236 Avg Daily Profit :0.148 %
Env #:0 Genome_id # :413 Fitness :30137.39 Final Amt :2478.4 Days :236 Avg Daily Profit :0.114 %
Env #:0 Genome_id # :411 Fitness :42294.44 Final Amt :2650.64 Days :236 Avg Daily Profit :0.142 %
Env #:0 Genome_id # :368 Fitness :42903.1 Final Amt :2668.39 Days :236 Avg Daily Profit :0.146 %
Env #:0 Genome_id # :155 Fitness :37938.57 Final Amt :2199.76 Days :236 Avg Daily Profit :0.063 %
Env #:0 Genome_id # :290 Fitness :35569.99 Final Amt :2470.82 Days :236 Avg Daily Profit :0.114 %
Env #:0 Genome_id # :418 Fitness :-14147.83 Final Amt :1633.45 Days :236 Avg Daily Profit :-0.081 %
Env #:0 Genome_id # :417 Fitness :-18258.13 Final Amt :1524.09 Days :236 Avg Daily Profit :-0.111 %
Env #:0 Genome_id # :69 Fitness :35845.13 Final Amt :1590.09 Days :236 Avg Daily Profit :-0.073 %
Env #:0 Genome_id # :412 Fitness :-14088.82 Final Amt :1530.18 Days :236 Avg Daily Profit :-0.109 %
Env #:0 Genome_id # :288 Fitness :36715.99 Final Amt :2627.09 Days :236 Avg Daily Profit :0.141 %
Env #:0 Genome_id # :422 Fitness :366.44 Final Amt :2113.57 Days :236 Avg Daily Profit :0.024 %
Env #:0 Genome_id # :433 Fitness :-14880.13 Final Amt :1438.8 Days :236 Avg Daily Profit :-0.132 %
Env #:0 Genome_id # :431 Fitness :13723.61 Final Amt :4146.8 Days :236 Avg Daily Profit :0.325 %
Env #:0 Genome_id # :423 Fitness :3230.49 Final Amt :2105.42 Days :236 Avg Daily Profit :0.032 %
Env #:0 Genome_id # :432 Fitness :25291.17 Final Amt :5043.05 Days :236 Avg Daily Profit :0.403 %
Env #:0 Genome_id # :430 Fitness :-8556.8 Final Amt :1531.71 Days :236 Avg Daily Profit :-0.106 %
Env #:0 Genome_id # :425 Fitness :39268.85 Final Amt :2421.7 Days :236 Avg Daily Profit :0.104 %
Env #:0 Genome_id # :426 Fitness :34478.04 Final Amt :2463.13 Days :236 Avg Daily Profit :0.111 %
Env #:0 Genome_id # :155 Fitness :37938.57 Final Amt :2199.76 Days :236 Avg Daily Profit :0.063 %
Env #:0 Genome_id # :290 Fitness :35569.99 Final Amt :2470.82 Days :236 Avg Daily Profit :0.114 %
Env #:0 Genome_id # :427 Fitness :-985.11 Final Amt :2532.2 Days :236 Avg Daily Profit :0.128 %
Env #:0 Genome_id # :288 Fitness :36715.99 Final Amt :2627.09 Days :236 Avg Daily Profit :0.141 %
Env #:0 Genome_id # :424 Fitness :-13916.08 Final Amt :1660.58 Days :236 Avg Daily Profit :-0.074 %
Env #:0 Genome_id # :434 Fitness :17835.57 Final Amt :1547.9 Days :236 Avg Daily Profit :-0.104 %
Env #:0 Genome_id # :411 Fitness :42294.44 Final Amt :2650.64 Days :236 Avg Daily Profit :0.142 %
Env #:0 Genome_id # :428 Fitness :16533.39 Final Amt :2454.58 Days :236 Avg Daily Profit :0.109 %
Env #:0 Genome_id # :429 Fitness :-36773.79 Final Amt :1488.98 Days :236 Avg Daily Profit :-0.119 %
Env #:0 Genome_id # :368 Fitness :42903.1 Final Amt :2668.39 Days :236 Avg Daily Profit :0.146 %
Env #:0 Genome_id # :69 Fitness :35845.13 Final Amt :1590.09 Days :236 Avg Daily Profit :-0.073 %
Env #:0 Genome_id # :421 Fitness :26504.34 Final Amt :2583.77 Days :236 Avg Daily Profit :0.13 %
Env #:0 Genome_id # :435 Fitness :3553.51 Final Amt :2070.31 Days :236 Avg Daily Profit :0.015 %
Env #:0 Genome_id # :447 Fitness :-2054.82 Final Amt :1733.08 Days :236 Avg Daily Profit :-0.057 %
Env #:0 Genome_id # :446 Fitness :1586.58 Final Amt :2109.36 Days :236 Avg Daily Profit :0.025 %
Env #:0 Genome_id # :437 Fitness :6057.3 Final Amt :1879.46 Days :236 Avg Daily Profit :-0.022 %
Env #:0 Genome_id # :441 Fitness :-1874.66 Final Amt :1622.86 Days :236 Avg Daily Profit :-0.082 %
Env #:0 Genome_id # :443 Fitness :987.96 Final Amt :1517.04 Days :236 Avg Daily Profit :-0.112 %
Env #:0 Genome_id # :445 Fitness :3390.19 Final Amt :2244.42 Days :236 Avg Daily Profit :0.075 %
Env #:0 Genome_id # :440 Fitness :7877.57 Final Amt :2640.54 Days :236 Avg Daily Profit :0.149 %
Env #:0 Genome_id # :438 Fitness :1599.12 Final Amt :1885.2 Days :236 Avg Daily Profit :-0.02 %
Env #:0 Genome_id # :442 Fitness :-24174.48 Final Amt :1524.16 Days :236 Avg Daily Profit :-0.109 %
Env #:0 Genome_id # :69 Fitness :35845.13 Final Amt :1590.09 Days :236 Avg Daily Profit :-0.073 %
Env #:0 Genome_id # :436 Fitness :24364.77 Final Amt :2380.23 Days :236 Avg Daily Profit :0.099 %
Env #:0 Genome_id # :411 Fitness :42294.44 Final Amt :2650.64 Days :236 Avg Daily Profit :0.142 %
Env #:0 Genome_id # :288 Fitness :36715.99 Final Amt :2627.09 Days :236 Avg Daily Profit :0.141 %
Env #:0 Genome_id # :448 Fitness :-40741.01 Final Amt :1755.97 Days :236 Avg Daily Profit :-0.05 %
Env #:0 Genome_id # :439 Fitness :20514.62 Final Amt :2706.15 Days :236 Avg Daily Profit :0.152 %
Env #:0 Genome_id # :155 Fitness :37938.57 Final Amt :2199.76 Days :236 Avg Daily Profit :0.063 %
Env #:0 Genome_id # :425 Fitness :39268.85 Final Amt :2421.7 Days :236 Avg Daily Profit :0.104 %
Env #:0 Genome_id # :444 Fitness :-7133.78 Final Amt :1618.43 Days :236 Avg Daily Profit :-0.085 %
Env #:0 Genome_id # :368 Fitness :42903.1 Final Amt :2668.39 Days :236 Avg Daily Profit :0.146 %
Env #:0 Genome_id # :458 Fitness :-254.43 Final Amt :2171.44 Days :236 Avg Daily Profit :0.036 %
Env #:0 Genome_id # :454 Fitness :3007.03 Final Amt :2127.54 Days :236 Avg Daily Profit :0.036 %
Env #:0 Genome_id # :460 Fitness :-6060.41 Final Amt :1975.54 Days :236 Avg Daily Profit :0.003 %
Env #:0 Genome_id # :452 Fitness :8900.77 Final Amt :2259.82 Days :236 Avg Daily Profit :0.078 %
Env #:0 Genome_id # :451 Fitness :12625.69 Final Amt :2372.73 Days :236 Avg Daily Profit :0.099 %
Env #:0 Genome_id # :450 Fitness :11258.99 Final Amt :3154.06 Days :236 Avg Daily Profit :0.217 %
Env #:0 Genome_id # :461 Fitness :15940.14 Final Amt :4955.86 Days :236 Avg Daily Profit :0.407 %
Env #:0 Genome_id # :449 Fitness :38280.78 Final Amt :2576.91 Days :236 Avg Daily Profit :0.133 %
Env #:0 Genome_id # :462 Fitness :-22040.38 Final Amt :1545.29 Days :236 Avg Daily Profit :-0.104 %
Env #:0 Genome_id # :455 Fitness :24196.47 Final Amt :2386.89 Days :236 Avg Daily Profit :0.099 %
Env #:0 Genome_id # :453 Fitness :-6187.27 Final Amt :2049.45 Days :236 Avg Daily Profit :0.019 %
Env #:0 Genome_id # :456 Fitness :-17460.33 Final Amt :1588.5 Days :236 Avg Daily Profit :-0.093 %
Env #:0 Genome_id # :69 Fitness :35845.13 Final Amt :1590.09 Days :236 Avg Daily Profit :-0.073 %
Env #:0 Genome_id # :425 Fitness :39268.85 Final Amt :2421.7 Days :236 Avg Daily Profit :0.104 %
Env #:0 Genome_id # :457 Fitness :-2935.92 Final Amt :1652.76 Days :236 Avg Daily Profit :-0.076 %
Env #:0 Genome_id # :459 Fitness :2832.95 Final Amt :1916.87 Days :236 Avg Daily Profit :-0.004 %
Env #:0 Genome_id # :411 Fitness :42294.44 Final Amt :2650.64 Days :236 Avg Daily Profit :0.142 %
Env #:0 Genome_id # :155 Fitness :37938.57 Final Amt :2199.76 Days :236 Avg Daily Profit :0.063 %
Env #:0 Genome_id # :368 Fitness :42903.1 Final Amt :2668.39 Days :236 Avg Daily Profit :0.146 %
Env #:0 Genome_id # :288 Fitness :36715.99 Final Amt :2627.09 Days :236 Avg Daily Profit :0.141 %
