nohup: ignoring input

 ****** Running generation 0 ****** 

Population's average fitness: 21255.22205 stdev: 5437.03070
Best fitness: 27672.39900 - size: (9, 34) - species 2 - id 942
Average adjusted fitness: 0.510
Mean genetic distance 2.234, standard deviation 0.978
Population of 20 members in 2 species:
   ID   age  size  fitness  adj fit  stag
  ====  ===  ====  =======  =======  ====
     1    0     7  22045.1    0.385   -83
     2    0    13  27672.4    0.635   -81
Total extinctions: 0
Generation time: 446.773 sec
Saving checkpoint to neat-checkpoint-0

 ****** Running generation 1 ****** 

Population's average fitness: 6618.84515 stdev: 15024.19247
Best fitness: 27672.39900 - size: (9, 34) - species 2 - id 942
Average adjusted fitness: 0.599
Mean genetic distance 2.230, standard deviation 0.964
Population of 20 members in 2 species:
   ID   age  size  fitness  adj fit  stag
  ====  ===  ====  =======  =======  ====
     1    1     9  22045.1    0.703   -82
     2    1    11  27672.4    0.495   -80
Total extinctions: 0
Generation time: 452.840 sec (449.806 average)
Saving checkpoint to neat-checkpoint-1

 ****** Running generation 2 ****** 

Population's average fitness: 9777.32310 stdev: 11872.13690
Best fitness: 27672.39900 - size: (9, 34) - species 2 - id 942
Average adjusted fitness: 0.526
Mean genetic distance 2.214, standard deviation 0.931
Population of 19 members in 2 species:
   ID   age  size  fitness  adj fit  stag
  ====  ===  ====  =======  =======  ====
     1    2     9  22045.1    0.537   -81
     2    2    10  27672.4    0.516   -79
Total extinctions: 0
Generation time: 433.731 sec (444.448 average)
Saving checkpoint to neat-checkpoint-2

 ****** Running generation 3 ****** 

Population's average fitness: 11004.76258 stdev: 12238.62437
Best fitness: 28406.67100 - size: (10, 35) - species 2 - id 38
Average adjusted fitness: 0.539
Mean genetic distance 2.199, standard deviation 1.005
Population of 20 members in 2 species:
   ID   age  size  fitness  adj fit  stag
  ====  ===  ====  =======  =======  ====
     1    3     8  22045.1    0.440   -80
     2    3    12  28406.7    0.638   -78
Total extinctions: 0
Generation time: 417.895 sec (437.810 average)
Saving checkpoint to neat-checkpoint-3

 ****** Running generation 4 ****** 

Population's average fitness: 13050.40235 stdev: 14928.43499
Best fitness: 28406.67100 - size: (10, 35) - species 2 - id 38
Average adjusted fitness: 0.698
Mean genetic distance 2.184, standard deviation 1.104
Population of 20 members in 2 species:
   ID   age  size  fitness  adj fit  stag
  ====  ===  ====  =======  =======  ====
     1    4     9  23512.6    0.687   -79
     2    4    11  28406.7    0.708   -77
Total extinctions: 0
Generation time: 451.432 sec (440.534 average)
Saving checkpoint to neat-checkpoint-4

 ****** Running generation 5 ****** 

Population's average fitness: 15676.47975 stdev: 11281.71869
Best fitness: 35845.12800 - size: (10, 30) - species 2 - id 69
Average adjusted fitness: 0.474
Mean genetic distance 2.387, standard deviation 0.978
Population of 20 members in 2 species:
   ID   age  size  fitness  adj fit  stag
  ====  ===  ====  =======  =======  ====
     1    5    10  27264.8    0.449   -78
     2    5    10  35845.1    0.499   -76
Total extinctions: 0
Generation time: 446.573 sec (441.541 average)
Saving checkpoint to neat-checkpoint-5

 ****** Running generation 6 ****** 

Population's average fitness: 13063.33870 stdev: 13718.75331
Best fitness: 35845.12800 - size: (10, 30) - species 2 - id 69
Average adjusted fitness: 0.531
Mean genetic distance 2.454, standard deviation 0.839
Population of 20 members in 2 species:
   ID   age  size  fitness  adj fit  stag
  ====  ===  ====  =======  =======  ====
     1    6    11  27264.8    0.581   -77
     2    6     9  35845.1    0.480   -75
Total extinctions: 0
Generation time: 453.065 sec (443.187 average)
Saving checkpoint to neat-checkpoint-6

 ****** Running generation 7 ****** 

Population's average fitness: 14011.42075 stdev: 12561.97724
Best fitness: 35845.12800 - size: (10, 30) - species 2 - id 69
Average adjusted fitness: 0.468
Mean genetic distance 2.323, standard deviation 0.958
Population of 20 members in 2 species:
   ID   age  size  fitness  adj fit  stag
  ====  ===  ====  =======  =======  ====
     1    7    10  27264.8    0.483   -76
     2    7    10  35845.1    0.452   -74
Total extinctions: 0
Generation time: 451.090 sec (444.175 average)
Saving checkpoint to neat-checkpoint-7

 ****** Running generation 8 ****** 

Population's average fitness: 11207.39890 stdev: 17819.76301
Best fitness: 35845.12800 - size: (10, 30) - species 2 - id 69
Average adjusted fitness: 0.676
Mean genetic distance 2.193, standard deviation 0.974
Population of 20 members in 2 species:
   ID   age  size  fitness  adj fit  stag
  ====  ===  ====  =======  =======  ====
     1    8    11  32008.0    0.723   -75
     2    8     9  35845.1    0.629   -73
Total extinctions: 0
Generation time: 456.015 sec (445.490 average)
Saving checkpoint to neat-checkpoint-8

 ****** Running generation 9 ****** 

Population's average fitness: 11241.43920 stdev: 16098.33226
Best fitness: 35845.12800 - size: (10, 30) - species 2 - id 69
Average adjusted fitness: 0.561
Mean genetic distance 2.218, standard deviation 0.982
Population of 20 members in 2 species:
   ID   age  size  fitness  adj fit  stag
  ====  ===  ====  =======  =======  ====
     1    9    10  32008.0    0.582   -74
     2    9    10  35845.1    0.539   -72
Total extinctions: 0
Generation time: 451.319 sec (446.073 average)
Saving checkpoint to neat-checkpoint-9

 ****** Running generation 10 ****** 

Population's average fitness: 15185.65325 stdev: 12904.83572
Best fitness: 35845.12800 - size: (10, 30) - species 2 - id 69
Average adjusted fitness: 0.531
Mean genetic distance 2.249, standard deviation 0.962
Population of 20 members in 2 species:
   ID   age  size  fitness  adj fit  stag
  ====  ===  ====  =======  =======  ====
     1   10    11  32008.0    0.603   -73
     2   10     9  35845.1    0.459   -71
Total extinctions: 0
Generation time: 460.919 sec (447.488 average)
Saving checkpoint to neat-checkpoint-10

 ****** Running generation 11 ****** 

Population's average fitness: 12792.91030 stdev: 15055.61100
Best fitness: 35845.12800 - size: (10, 30) - species 2 - id 69
Average adjusted fitness: 0.522
Mean genetic distance 2.241, standard deviation 0.950
Population of 20 members in 2 species:
   ID   age  size  fitness  adj fit  stag
  ====  ===  ====  =======  =======  ====
     1   11    12  32008.0    0.599   -72
     2   11     8  35845.1    0.444   -70
Total extinctions: 0
Generation time: 456.187 sec (447.823 average)
Saving checkpoint to neat-checkpoint-11

 ****** Running generation 12 ****** 

Population's average fitness: 13960.87330 stdev: 16269.88917
Best fitness: 37938.56600 - size: (8, 35) - species 1 - id 155
Average adjusted fitness: 0.516
Mean genetic distance 2.123, standard deviation 0.952
Population of 20 members in 2 species:
   ID   age  size  fitness  adj fit  stag
  ====  ===  ====  =======  =======  ====
     1   12    11  37938.6    0.537   -71
     2   12     9  35845.1    0.495   -69
Total extinctions: 0
Generation time: 451.448 sec (449.594 average)
Saving checkpoint to neat-checkpoint-12

 ****** Running generation 13 ****** 

Population's average fitness: 18450.18035 stdev: 15693.67615
Best fitness: 37938.56600 - size: (8, 35) - species 1 - id 155
Average adjusted fitness: 0.654
Mean genetic distance 2.190, standard deviation 0.926
Population of 20 members in 2 species:
   ID   age  size  fitness  adj fit  stag
  ====  ===  ====  =======  =======  ====
     1   13    10  37938.6    0.684   -70
     2   13    10  35845.1    0.624   -68
Total extinctions: 0
Generation time: 457.954 sec (453.600 average)
Saving checkpoint to neat-checkpoint-13

 ****** Running generation 14 ****** 

Population's average fitness: 12885.41135 stdev: 18906.27107
Best fitness: 37938.56600 - size: (8, 35) - species 1 - id 155
Average adjusted fitness: 0.587
Mean genetic distance 2.109, standard deviation 0.987
Population of 20 members in 2 species:
   ID   age  size  fitness  adj fit  stag
  ====  ===  ====  =======  =======  ====
     1   14    11  37938.6    0.665   -69
     2   14     9  35845.1    0.510   -67
Total extinctions: 0
Generation time: 455.458 sec (454.003 average)
Saving checkpoint to neat-checkpoint-14

 ****** Running generation 15 ****** 

Population's average fitness: 10928.34285 stdev: 19570.93413
Best fitness: 37938.56600 - size: (8, 35) - species 1 - id 155
Average adjusted fitness: 0.620
Mean genetic distance 2.185, standard deviation 0.948
Population of 20 members in 2 species:
   ID   age  size  fitness  adj fit  stag
  ====  ===  ====  =======  =======  ====
     1   15    10  37938.6    0.580   -68
     2   15    10  35845.1    0.659   -66
Total extinctions: 0
Generation time: 457.383 sec (455.084 average)
Saving checkpoint to neat-checkpoint-15

 ****** Running generation 16 ****** 

Population's average fitness: 10622.12265 stdev: 16999.17535
Best fitness: 37938.56600 - size: (8, 35) - species 1 - id 155
Average adjusted fitness: 0.506
Mean genetic distance 2.178, standard deviation 0.975
Population of 20 members in 2 species:
   ID   age  size  fitness  adj fit  stag
  ====  ===  ====  =======  =======  ====
     1   16    11  37938.6    0.573   -67
     2   16     9  35845.1    0.438   -65
Total extinctions: 0
Generation time: 448.694 sec (454.647 average)
Saving checkpoint to neat-checkpoint-16

 ****** Running generation 17 ****** 

Population's average fitness: 8060.59250 stdev: 21066.03153
Best fitness: 37938.56600 - size: (8, 35) - species 1 - id 155
Average adjusted fitness: 0.608
Mean genetic distance 2.106, standard deviation 0.990
Population of 20 members in 2 species:
   ID   age  size  fitness  adj fit  stag
  ====  ===  ====  =======  =======  ====
     1   17    10  37938.6    0.580   -66
     2   17    10  35845.1    0.635   -64
Total extinctions: 0
Generation time: 455.242 sec (455.062 average)
Saving checkpoint to neat-checkpoint-17

 ****** Running generation 18 ****** 

Population's average fitness: 10988.67490 stdev: 17084.15236
Best fitness: 37938.56600 - size: (8, 35) - species 1 - id 155
Average adjusted fitness: 0.565
Mean genetic distance 2.170, standard deviation 0.993
Population of 20 members in 2 species:
   ID   age  size  fitness  adj fit  stag
  ====  ===  ====  =======  =======  ====
     1   18     9  37938.6    0.553   -65
     2   18    11  35845.1    0.577   -63
Total extinctions: 0
Generation time: 450.244 sec (454.485 average)
Saving checkpoint to neat-checkpoint-18

 ****** Running generation 19 ****** 

Population's average fitness: 12380.17490 stdev: 15817.03079
Best fitness: 37938.56600 - size: (8, 35) - species 1 - id 155
Average adjusted fitness: 0.492
Mean genetic distance 2.127, standard deviation 0.983
Population of 20 members in 2 species:
   ID   age  size  fitness  adj fit  stag
  ====  ===  ====  =======  =======  ====
     1   19    10  37938.6    0.516   -64
     2   19    10  35845.1    0.468   -62
Total extinctions: 0
Generation time: 444.238 sec (453.777 average)
Saving checkpoint to neat-checkpoint-19

 ****** Running generation 20 ****** 

Population's average fitness: 11628.68940 stdev: 21356.06621
Best fitness: 37938.56600 - size: (8, 35) - species 1 - id 155
Average adjusted fitness: 0.591
Mean genetic distance 2.063, standard deviation 1.041
Population of 20 members in 2 species:
   ID   age  size  fitness  adj fit  stag
  ====  ===  ====  =======  =======  ====
     1   20     9  37938.6    0.572   -63
     2   20    11  35845.1    0.611   -61
Total extinctions: 0
Generation time: 460.397 sec (453.725 average)
Saving checkpoint to neat-checkpoint-20

 ****** Running generation 21 ****** 

Population's average fitness: 14729.51390 stdev: 18722.67187
Best fitness: 37938.56600 - size: (8, 35) - species 1 - id 155
Average adjusted fitness: 0.633
Mean genetic distance 2.098, standard deviation 1.026
Population of 20 members in 2 species:
   ID   age  size  fitness  adj fit  stag
  ====  ===  ====  =======  =======  ====
     1   21    10  37938.6    0.708   -62
     2   21    10  36716.0    0.559   -60
Total extinctions: 0
Generation time: 454.258 sec (453.532 average)
Saving checkpoint to neat-checkpoint-21

 ****** Running generation 22 ****** 

Population's average fitness: 10782.14040 stdev: 21494.45645
Best fitness: 37938.56600 - size: (8, 35) - species 1 - id 155
Average adjusted fitness: 0.596
Mean genetic distance 2.039, standard deviation 1.041
Population of 20 members in 2 species:
   ID   age  size  fitness  adj fit  stag
  ====  ===  ====  =======  =======  ====
     1   22    11  37938.6    0.606   -61
     2   22     9  36716.0    0.586   -59
Total extinctions: 0
Generation time: 455.855 sec (453.972 average)
Saving checkpoint to neat-checkpoint-22

 ****** Running generation 23 ****** 

Population's average fitness: 11902.92950 stdev: 20482.32674
Best fitness: 37938.56600 - size: (8, 35) - species 1 - id 155
Average adjusted fitness: 0.661
Mean genetic distance 2.069, standard deviation 1.031
Population of 20 members in 2 species:
   ID   age  size  fitness  adj fit  stag
  ====  ===  ====  =======  =======  ====
     1   23    10  37938.6    0.650   -60
     2   23    10  36716.0    0.671   -58
Total extinctions: 0
Generation time: 451.161 sec (453.293 average)
Saving checkpoint to neat-checkpoint-23

 ****** Running generation 24 ****** 

Population's average fitness: 14536.79120 stdev: 17249.70497
Best fitness: 37938.56600 - size: (8, 35) - species 1 - id 155
Average adjusted fitness: 0.611
Mean genetic distance 2.170, standard deviation 0.981
Population of 20 members in 2 species:
   ID   age  size  fitness  adj fit  stag
  ====  ===  ====  =======  =======  ====
     1   24     9  37938.6    0.602   -59
     2   24    11  36716.0    0.619   -57
Total extinctions: 0
Generation time: 450.851 sec (452.832 average)
Saving checkpoint to neat-checkpoint-24

 ****** Running generation 25 ****** 

Population's average fitness: 12481.97015 stdev: 19211.66289
Best fitness: 37938.56600 - size: (8, 35) - species 1 - id 155
Average adjusted fitness: 0.616
Mean genetic distance 2.204, standard deviation 0.981
Population of 20 members in 2 species:
   ID   age  size  fitness  adj fit  stag
  ====  ===  ====  =======  =======  ====
     1   25    10  37938.6    0.669   -58
     2   25    10  36716.0    0.564   -56
Total extinctions: 0
Generation time: 447.567 sec (451.851 average)
Saving checkpoint to neat-checkpoint-25

 ****** Running generation 26 ****** 

Population's average fitness: 12171.57305 stdev: 17188.88985
Best fitness: 37938.56600 - size: (8, 35) - species 1 - id 155
Average adjusted fitness: 0.567
Mean genetic distance 2.023, standard deviation 1.023
Population of 20 members in 2 species:
   ID   age  size  fitness  adj fit  stag
  ====  ===  ====  =======  =======  ====
     1   26    11  37938.6    0.575   -57
     2   26     9  36716.0    0.558   -55
Total extinctions: 0
Generation time: 448.000 sec (451.781 average)
Saving checkpoint to neat-checkpoint-26

 ****** Running generation 27 ****** 

Population's average fitness: 10276.46165 stdev: 24881.99462
Best fitness: 42903.09900 - size: (11, 34) - species 2 - id 368
Average adjusted fitness: 0.596
Mean genetic distance 2.090, standard deviation 1.049
Population of 20 members in 2 species:
   ID   age  size  fitness  adj fit  stag
  ====  ===  ====  =======  =======  ====
     1   27    10  37938.6    0.542   -56
     2   27    10  42903.1    0.651   -54
Total extinctions: 0
Generation time: 446.734 sec (450.930 average)
Saving checkpoint to neat-checkpoint-27

 ****** Running generation 28 ****** 

Population's average fitness: 16839.23780 stdev: 18028.18759
Best fitness: 42903.09900 - size: (11, 34) - species 2 - id 368
Average adjusted fitness: 0.572
Mean genetic distance 2.198, standard deviation 0.993
Population of 20 members in 2 species:
   ID   age  size  fitness  adj fit  stag
  ====  ===  ====  =======  =======  ====
     1   28     9  37938.6    0.539   -55
     2   28    11  42903.1    0.606   -53
Total extinctions: 0
Generation time: 452.769 sec (451.183 average)
Saving checkpoint to neat-checkpoint-28

 ****** Running generation 29 ****** 

Population's average fitness: 12067.74190 stdev: 20818.75519